#----------------------------------------
# JasperGold Version Info
# tool      : JasperGold 2016.09
# platform  : Linux 3.10.0-957.21.3.el7.x86_64
# version   : 2016.09p002 64 bits
# build date: 2016.11.28 18:08:41 PST
#----------------------------------------
# started Wed Apr 08 16:46:16 PDT 2020
# hostname  : rsg20.stanford.edu
# pid       : 4918
# arguments : '-label' 'session_0' '-console' 'rsg20.stanford.edu:39644' '-style' 'windows' '-use_native_tcl' '-proj' '/rsgs/pool0/Saranyu/aqed/memory_core_clean3/genesis_verif_step15/jgproject/sessionLogs/session_0' '-init' '-hidden' '/rsgs/pool0/Saranyu/aqed/memory_core_clean3/genesis_verif_step15/jgproject/.tmp/.initCmds.tcl' 'jasper.tcl'

Any disclosure about the Cadence Design Systems software or its use
model to any third party violates the written Non-Disclosure Agreement
between Cadence Design Systems, Inc. and the customer.

THIS SOFTWARE CONTAINS CONFIDENTIAL INFORMATION AND TRADE SECRETS OF
CADENCE DESIGN SYSTEMS, INC. USE, DISCLOSURE, OR REPRODUCTION IS
PROHIBITED WITHOUT THE PRIOR EXPRESS WRITTEN PERMISSION OF CADENCE
DESIGN SYSTEMS, INC.

Copyright (C) 2000-2016 Cadence Design Systems, Inc. All Rights
Reserved.  Unpublished -- rights reserved under the copyright laws of
the United States.

This product includes software developed by others and redistributed
according to license agreement. See doc/third_party_readme.txt for
further details.

RESTRICTED RIGHTS LEGEND

Use, duplication, or disclosure by the Government is subject to
restrictions as set forth in subparagraph (c) (1) (ii) of the Rights in
Technical Data and Computer Software clause at DFARS 252.227-7013 or
subparagraphs (c) (1) and (2) of Commercial Computer Software -- Restricted
Rights at 48 CFR 52.227-19, as applicable.


                          Cadence Design Systems, Inc. 
                          2655 Seely Avenue
                          San Jose, CA 95134
                          Phone: 408.943.1234

For technical assistance visit http://support.cadence.com.

JasperGold Apps Analysis Session - /rsgs/pool0/Saranyu/aqed/memory_core_clean3/genesis_verif_step15/jgproject/sessionLogs/session_0

INFO: successfully checked out licenses "jasper_interactive" and "jasper_fpv".
INFO: reading configuration file "/rsghome/saranyuc/.config/jasper/jaspergold.conf".
INFO (IPL003): This JasperGold instance uses a new interpreter implementation for Tcl evaluation.
    Launch JasperGold using the "-use_jtcl" command-line switch to restore it to the old implementation.
% 
% analyze -sv09 -f memory_core.flist mem_core_top_1.sv
[-- (VERI-1482)] Analyzing Verilog file /hd/cad/cadence/JASPERGOLD16.09.002.lnx86/lib/verilog/packages/std/std.sv into library std
[-- (VERI-1482)] Analyzing Verilog file ./doublebuffer_control_unq1.sv
[-- (VERI-1482)] Analyzing Verilog file ./fifo_control_unq1.sv
[-- (VERI-1482)] Analyzing Verilog file ./linebuffer_control_unq1.sv
[-- (VERI-1482)] Analyzing Verilog file ./memory_core.sv
[-- (VERI-1482)] Analyzing Verilog file ./mem_unq1.v
[-- (VERI-1482)] Analyzing Verilog file ./sram_control_unq1.sv
[-- (VERI-1482)] Analyzing Verilog file ./sram_stub_unq1.v
[-- (VERI-1482)] Analyzing Verilog file ./aqed.v
[-- (VERI-1482)] Analyzing Verilog file ./mem_core_top_1.sv
[-- (VERI-1482)] Analyzing Verilog file ./concat_rtl.v
[-- (VERI-1482)] Analyzing Verilog file mem_core_top_1.sv
[WARN (VERI-1206)] mem_core_top_1.sv(204): overwriting previous definition of module mem_core_top
[INFO (VERI-2142)] mem_core_top_1.sv(204): previous definition of module mem_core_top is here
% elaborate -disable_auto_bbox -top mem_core_top
INFO (ISW003): Top module name is "mem_core_top".
[WARN (VERI-1927)] mem_core_top_1.sv(139): port original_rsc_dat remains unconnected for this instance
[INFO (VERI-1018)] mem_core_top_1.sv(7): compiling module mem_core_top
[INFO (VERI-1018)] ./memory_core.sv(64): compiling module memory_core
[INFO (VERI-1018)] ./linebuffer_control_unq1.sv(55): compiling module linebuffer_control_unq1
[WARN (VERI-1209)] ./linebuffer_control_unq1.sv(89): expression size 32 truncated to fit in target size 1
[WARN (VERI-1209)] ./linebuffer_control_unq1.sv(122): expression size 32 truncated to fit in target size 16
[WARN (VERI-1330)] ./memory_core.sv(434): actual bit length 16 differs from formal bit length 13 for port depth
[INFO (VERI-1018)] ./fifo_control_unq1.sv(55): compiling module fifo_control_unq1
[WARN (VERI-1209)] ./fifo_control_unq1.sv(303): expression size 32 truncated to fit in target size 10
[WARN (VERI-1209)] ./fifo_control_unq1.sv(309): expression size 32 truncated to fit in target size 10
[WARN (VERI-1209)] ./fifo_control_unq1.sv(322): expression size 32 truncated to fit in target size 10
[WARN (VERI-1209)] ./fifo_control_unq1.sv(335): expression size 32 truncated to fit in target size 10
[WARN (VERI-1209)] ./fifo_control_unq1.sv(336): expression size 32 truncated to fit in target size 10
[WARN (VERI-1330)] ./memory_core.sv(459): actual bit length 16 differs from formal bit length 13 for port depth
[INFO (VERI-1018)] ./sram_control_unq1.sv(56): compiling module sram_control_unq1
[INFO (VERI-1018)] ./doublebuffer_control_unq1.sv(58): compiling module doublebuffer_control_unq1
[WARN (VERI-1209)] ./doublebuffer_control_unq1.sv(174): expression size 32 truncated to fit in target size 1
[WARN (VERI-1167)] ./doublebuffer_control_unq1.sv(180): if-condition does not match any sensitivity list edge
[WARN (VERI-1221)] ./doublebuffer_control_unq1.sv(184): data_out should be on the sensitivity list
[WARN (VERI-1466)] ./doublebuffer_control_unq1.sv(184): assignment under multiple single edges is not supported for synthesis
[WARN (VERI-1209)] ./doublebuffer_control_unq1.sv(202): expression size 32 truncated to fit in target size 16
[WARN (VERI-1209)] ./doublebuffer_control_unq1.sv(264): expression size 16 truncated to fit in target size 9
[WARN (VERI-1209)] ./doublebuffer_control_unq1.sv(265): expression size 16 truncated to fit in target size 9
[WARN (VERI-1209)] ./doublebuffer_control_unq1.sv(274): expression size 32 truncated to fit in target size 16
[WARN (VERI-1209)] ./doublebuffer_control_unq1.sv(307): expression size 32 truncated to fit in target size 1
[WARN (VERI-1209)] ./doublebuffer_control_unq1.sv(429): expression size 32 truncated to fit in target size 16
[INFO (VERI-1018)] ./mem_unq1.v(56): compiling module mem_unq1
[INFO (VERI-1018)] ./sram_stub_unq1.v(54): compiling module sram_stub_unq1
[INFO (VERI-1018)] ./concat_rtl.v(437): compiling module aqed_top
[INFO (VERI-1018)] ./concat_rtl.v(87): compiling module aqed_top_core
[INFO (VERI-1018)] ./concat_rtl.v(21): compiling module ccs_in_v1:(rscid=32'sb01,width=32'sb010000)
[INFO (VERI-1018)] ./concat_rtl.v(21): compiling module ccs_in_v1:(rscid=32'sb010,width=32'sb01)
[INFO (VERI-1018)] ./concat_rtl.v(21): compiling module ccs_in_v1:(rscid=32'sb011,width=32'sb01)
[INFO (VERI-1018)] ./concat_rtl.v(21): compiling module ccs_in_v1:(rscid=32'sb0100,width=32'sb01)
[INFO (VERI-1018)] ./concat_rtl.v(21): compiling module ccs_in_v1:(rscid=32'sb0101,width=32'sb010000)
[INFO (VERI-1018)] ./concat_rtl.v(21): compiling module ccs_in_v1:(rscid=32'sb0110,width=32'sb01)
[INFO (VERI-1018)] ./concat_rtl.v(21): compiling module ccs_in_v1:(rscid=32'sb0111,width=32'sb01)
[INFO (VERI-1018)] ./concat_rtl.v(54): compiling module ccs_out_v1:(rscid=32'sb01000,width=32'sb010000)
[INFO (VERI-1018)] ./concat_rtl.v(54): compiling module ccs_out_v1:(rscid=32'sb01001,width=32'sb01)
[INFO (VERI-1018)] ./concat_rtl.v(54): compiling module ccs_out_v1:(rscid=32'sb01010,width=32'sb01)
[INFO (VERI-1018)] ./concat_rtl.v(54): compiling module ccs_out_v1:(rscid=32'sb01011,width=32'sb01)
[INFO (VERI-1018)] ./concat_rtl.v(54): compiling module ccs_out_v1:(rscid=32'sb01100,width=32'sb01)
[INFO (VERI-1018)] ./concat_rtl.v(54): compiling module ccs_out_v1:(rscid=32'sb01101,width=32'sb01)
[WARN (VERI-9028)] mem_core_top_1.sv(139): missing/open ports on instance aqed of module aqed_top
[WARN (VERI-1209)] mem_core_top_1.sv(149): expression size 32 truncated to fit in target size 17
[WARN (VERI-1209)] mem_core_top_1.sv(150): expression size 32 truncated to fit in target size 17
[INFO (VERI-8000)] mem_core_top_1.sv(167): Creating net aqed.seq_pointer
[INFO (VERI-8000)] mem_core_top_1.sv(171): Creating net aqed.insert_cond
[INFO (VERI-8000)] mem_core_top_1.sv(175): Creating net aqed.delete_cond
[WARN (VERI-1209)] mem_core_top_1.sv(190): expression size 32 truncated to fit in target size 16
[WARN (VERI-1209)] mem_core_top_1.sv(192): expression size 32 truncated to fit in target size 16
[WARN (VDB-1002)] ./memory_core.sv(240): net gclk does not have a driver
[WARN (VDB-1002)] mem_core_top_1.sv(10): net stencil_width[15] does not have a driver
[WARN (VDB-1002)] mem_core_top_1.sv(11): net arbitrary_addr does not have a driver
[WARN (VDB-1002)] mem_core_top_1.sv(12): net starting_addr[15] does not have a driver
[WARN (VDB-1002)] mem_core_top_1.sv(13): net iter_cnt[31] does not have a driver
[WARN (VDB-1002)] mem_core_top_1.sv(15): net rate_matched does not have a driver
[WARN (VDB-1002)] mem_core_top_1.sv(16): net stride_0[15] does not have a driver
[WARN (VDB-1002)] mem_core_top_1.sv(17): net stride_1[15] does not have a driver
[WARN (VDB-1002)] mem_core_top_1.sv(18): net stride_2[15] does not have a driver
[WARN (VDB-1002)] mem_core_top_1.sv(19): net stride_3[15] does not have a driver
[WARN (VDB-1002)] mem_core_top_1.sv(20): net stride_4[15] does not have a driver
[WARN (VDB-1002)] mem_core_top_1.sv(21): net stride_5[15] does not have a driver
[WARN (VDB-1002)] mem_core_top_1.sv(22): net range_0[31] does not have a driver
[WARN (VDB-1002)] mem_core_top_1.sv(23): net range_1[31] does not have a driver
[WARN (VDB-1002)] mem_core_top_1.sv(24): net range_2[31] does not have a driver
[WARN (VDB-1002)] mem_core_top_1.sv(25): net range_3[31] does not have a driver
[WARN (VDB-1002)] mem_core_top_1.sv(26): net range_4[31] does not have a driver
[WARN (VDB-1002)] mem_core_top_1.sv(27): net range_5[31] does not have a driver
[WARN (VDB-1002)] mem_core_top_1.sv(28): net circular_en does not have a driver
[WARN (VDB-1002)] mem_core_top_1.sv(29): net almost_count[3] does not have a driver
[WARN (VDB-1002)] mem_core_top_1.sv(30): net enable_chain does not have a driver
[WARN (VDB-1002)] mem_core_top_1.sv(31): net mode[1] does not have a driver
[WARN (VDB-1002)] mem_core_top_1.sv(32): net tile_en does not have a driver
[WARN (VDB-1002)] mem_core_top_1.sv(33): net chain_idx[3] does not have a driver
[WARN (VDB-1002)] mem_core_top_1.sv(34): net depth[15] does not have a driver
[WARN (VDB-1002)] mem_core_top_1.sv(43): net clk_en does not have a driver
[WARN (VDB-1002)] mem_core_top_1.sv(44): net flush does not have a driver
[WARN (VDB-1002)] mem_core_top_1.sv(46): net addr_in[15] does not have a driver
[WARN (VDB-1002)] mem_core_top_1.sv(47): net ren_in does not have a driver
[WARN (VDB-1002)] mem_core_top_1.sv(52): net chain_in[15] does not have a driver
[WARN (VDB-1002)] mem_core_top_1.sv(55): net chain_wen_in does not have a driver
[WARN (VDB-1002)] mem_core_top_1.sv(57): net switch_db does not have a driver
[WARN (VDB-1002)] mem_core_top_1.sv(64): net config_addr[31] does not have a driver
[WARN (VDB-1002)] mem_core_top_1.sv(65): net config_data[31] does not have a driver
[WARN (VDB-1002)] mem_core_top_1.sv(66): net config_read does not have a driver
[WARN (VDB-1002)] mem_core_top_1.sv(67): net config_write does not have a driver
[WARN (VDB-1002)] mem_core_top_1.sv(68): net config_en_sram[3] does not have a driver
[WARN (VDB-1013)] mem_core_top_1.sv(139): input port original_rsc_dat is not connected on this instance
[INFO] Beginning multiple driver analysis
[INFO] Finished multiple driver analysis
[INFO] Module Name mem_core_top
WARNING (WNL021): mem_core_top_1.sv(167): external reference "aqed.seq_pointer" remains unresolved and will be treated as a free net.
WARNING (WNL021): mem_core_top_1.sv(171): external reference "aqed.insert_cond" remains unresolved and will be treated as a free net.
WARNING (WNL021): mem_core_top_1.sv(175): external reference "aqed.delete_cond" remains unresolved and will be treated as a free net.
mem_core_top
[<embedded>] % clock clk
[<embedded>] % reset -expression reset
INFO (IPM031): Clearing proof results of all properties.
INFO (IRS006): Current reset condition is "reset".
[<embedded>] % set_engine_mode {Bm B}
[<embedded>] % prove -bg -property {<embedded>::mem_core_top.assert_qed_match}
INFO (IPF031): Settings used for this proof:
    time_limit                    = 86400s
    per_property_time_limit       = 1s * 10 ^ scan
    engine_mode                   = Bm B 
    proofgrid_per_engine_max_jobs = 1
    max engine jobs               = Bm B, total 2
    proofgrid_mode                = local
    proofgrid_restarts            = 10
INFO (IPF036): Starting proof on task: "<embedded>", 1 properties to prove with 0 already proven/unreachable
background (thread 0)
[<embedded>] % 
INFO (IRS029): Starting reset analysis: phase 1 of 4.
INFO (IRS030): Running reset analysis phase 2 of 4.
INFO (IRS031): Running reset analysis phase 3 of 4.
INFO (IRS020): Starting the reset analysis simulation with a limit of 100 iterations (phase 4 of 4).
INFO (IRS024): Reset iterations 0 to 4 analyzed.
INFO (IRS018): Reset analysis simulation executed for 3 iterations. Assigned values for 746 of 17181 design flops, 0 of 0 design latches, 13 of 13 internal elements.
WARNING (WPF042): A single property remains, and one of the engines "Ht", "Hts", "B", or "Bm" is already running. Ignoring "B".
Using multistage preprocessing
Starting reduce
Finished reduce in 0.134s
Performing Proof Simplification...
0.0.Bm: clocks: 2, declared: 1, disabling: 0, posedge: 2, negedge: 0, noedge: 0, bothedge: 0
0.0.Bm: Proof Simplification Iteration 1	[0.00 s]
0.0.Bm: Proof Simplification Iteration 2	[0.04 s]
0.0.Bm: Proof Simplification Iteration 3	[0.07 s]
Proof Simplification completed in 0.19 s
About to start centralized ProofGrid in its own thread with a limit of 10000 pending notifications and a limit of 10 traces.
=============================== ProofGrid start ===============================
ProofGrid usable level: 1
ProofGrid is starting event handling
0.0.Bm: Proofgrid shell started at 5080@rsg20.stanford.edu(local) jg_4918_rsg20.stanford.edu_1
0.0.Bm: clocks: 1, declared: 1, disabling: 0, posedge: 1, negedge: 0, noedge: 0, bothedge: 0
0.0.Bm: Trace Attempt  1	[0.10 s]
0.0.Bm: Trace Attempt  2	[0.17 s]
0.0.Bm: Trace Attempt  3	[0.28 s]
0.0.Bm: Trace Attempt  4	[0.49 s]
0.0.Bm: Trace Attempt  5	[0.70 s]
[<embedded>] % prove -bg -all
INFO (IPF031): Settings used for this proof:
    time_limit                    = 86400s
    per_property_time_limit       = 1s * 10 ^ scan
    engine_mode                   = Bm B 
    proofgrid_per_engine_max_jobs = 1
    max engine jobs               = Bm B, total 2
    proofgrid_mode                = local
    proofgrid_restarts            = 10
background (thread 1)
INFO (IPF036): Starting proof on task: "<embedded>", 9 properties to prove with 0 already proven/unreachable
Initiating shutdown of proof (@ 11.27 s)
0.0.Bm: Next scan (0) will use per property time limit: 1s * 10 ^ 0 = 1s
0.0.Bm: Trace Attempt 10	[4.07 s]
0.0.Bm: Interrupted. [11.34 s]
0.0.Bm: Exited with Success (@ 11.35 s)
ProofGrid usable level: 0
ProofGrid usable level: 0
All pending notifications were processed.
Using multistage preprocessing
Starting reduce
INFO (IPM007): "prove" command stopped.
Finished reduce in 0.127s
Performing Proof Simplification...
1.0.Bm: clocks: 2, declared: 1, disabling: 0, posedge: 2, negedge: 0, noedge: 0, bothedge: 0
1.0.Bm: Proof Simplification Iteration 1	[0.00 s]
1.0.Bm: Proof Simplification Iteration 2	[0.04 s]
1.0.Bm: Proof Simplification Iteration 3	[0.07 s]
Proof Simplification completed in 0.19 s
About to start centralized ProofGrid in its own thread with a limit of 10000 pending notifications and a limit of 10 traces.
=============================== ProofGrid start ===============================
ProofGrid usable level: 9
ProofGrid is starting event handling
1.0.B: Proofgrid shell started at 5106@rsg20.stanford.edu(local) jg_4918_rsg20.stanford.edu_2
1.0.Bm: Proofgrid shell started at 5105@rsg20.stanford.edu(local) jg_4918_rsg20.stanford.edu_2
1.0.B: clocks: 1, declared: 1, disabling: 0, posedge: 1, negedge: 0, noedge: 0, bothedge: 0
1.0.Bm: clocks: 1, declared: 1, disabling: 0, posedge: 1, negedge: 0, noedge: 0, bothedge: 0
1.0.B: Next scan (0) will use per property time limit: 1s * 10 ^ 0 = 1s
1.0.B: Starting proof for property "mem_core_top.assert_response_bound"	[0.00 s].
1.0.B: Trace Attempt  1	[0.01 s]
1.0.B: Trace Attempt  2	[0.01 s]
1.0.B: Trace Attempt  3	[0.02 s]
1.0.B: Trace Attempt  4	[0.02 s]
1.0.B: Trace Attempt  5	[0.02 s]
1.0.Bm: Trace Attempt  1	[0.13 s]
1.0.Bm: A trace with 1 cycles was found. [0.15 s]
INFO (IPF047): 1.0.Bm: The cover property "mem_core_top.cover_seq_10" was covered in 1 cycles in 0.26 s.
1.0.Bm: A trace with 1 cycles was found. [0.16 s]
INFO (IPF047): 1.0.Bm: The cover property "mem_core_top.cover_insert" was covered in 1 cycles in 0.31 s.
1.0.Bm: A trace with 1 cycles was found. [0.19 s]
INFO (IPF047): 1.0.Bm: The cover property "mem_core_top.cover_delete" was covered in 1 cycles in 0.34 s.
1.0.Bm: Trace Attempt  2	[0.26 s]
1.0.Bm: A trace with 2 cycles was found. [0.31 s]
INFO (IPF047): 1.0.Bm: The cover property "mem_core_top.resource_constrain_2:precondition1" was covered in 2 cycles in 0.38 s.
1.0.Bm: Trace Attempt  3	[0.42 s]
1.0.Bm: A trace with 3 cycles was found. [0.56 s]
INFO (IPF047): 1.0.Bm: The cover property "mem_core_top.resource_constrain_1:precondition1" was covered in 3 cycles in 0.59 s.
1.0.Bm: Trace Attempt  4	[0.66 s]
1.0.Bm: A trace with 4 cycles was found. [0.80 s]
INFO (IPF047): 1.0.Bm: The cover property "mem_core_top.assert_qed_match:precondition1" was covered in 4 cycles in 0.84 s.
1.0.Bm: Trace Attempt  5	[0.92 s]
ProofGrid usable level: 3
1.0.B: Trace Attempt 14	[0.57 s]
1.0.B: Per property time limit expired (1.00 s) [1.00 s]
1.0.B: Stopped processing property "mem_core_top.assert_response_bound"	[1.00 s].
1.0.B: Starting proof for property "mem_core_top.assert_response_bound:precondition1"	[0.00 s].
1.0.B: Trace Attempt  1	[0.01 s]
1.0.B: Trace Attempt  2	[0.01 s]
1.0.B: Trace Attempt  3	[0.01 s]
1.0.B: Trace Attempt  4	[0.01 s]
1.0.B: Trace Attempt  5	[0.01 s]
1.0.B: Trace Attempt  6	[0.01 s]
1.0.B: A trace with 6 cycles was found. [0.02 s]
INFO (IPF047): 1.0.B: The cover property "mem_core_top.assert_response_bound:precondition1" was covered in 6 cycles in 0.10 s.
1.0.B: Stopped processing property "mem_core_top.assert_response_bound:precondition1"	[0.11 s].
1.0.B: Starting proof for property "mem_core_top.assert_qed_match"	[0.00 s].
1.0.B: Trace Attempt  1	[0.04 s]
1.0.B: Trace Attempt  2	[0.10 s]
1.0.B: Trace Attempt  3	[0.19 s]
1.0.B: Trace Attempt  4	[0.35 s]
1.0.B: Trace Attempt  5	[0.51 s]
ProofGrid usable level: 2
1.0.B: Trace Attempt  7	[0.90 s]
1.0.B: Per property time limit expired (1.00 s) [1.07 s]
Initiating shutdown of proof (@ 2.16 s)
1.0.B: Stopped processing property "mem_core_top.assert_qed_match"	[1.01 s].
1.0.B: All properties either determined or skipped. [2.16 s]
1.0.B: Exited with Success (@ 2.17 s)
1.0.Bm: Next scan (0) will use per property time limit: 1s * 10 ^ 0 = 1s
1.0.Bm: Trace Attempt  8	[1.59 s]
1.0.Bm: Interrupted. [2.19 s]
1.0.Bm: Exited with Success (@ 2.22 s)
ProofGrid usable level: 0
ProofGrid usable level: 0
All pending notifications were processed.
INFO (IPM007): "prove" command stopped.

==============================================================
SUMMARY
==============================================================
	Properties Considered : 9
	      assertions      : 2
	       - proven       : 0 (0%)
	       - marked_proven: 0 (0%)
	       - cex          : 0 (0%)
	       - ar_cex       : 0 (0%)
	       - undetermined : 2 (100%)
	       - unprocessed  : 0 (0%)
	       - error        : 0 (0%)
	      covers          : 7
	       - unreachable  : 0 (0%)
	       - covered      : 7 (100%)
	       - ar_covered   : 0 (0%)
	       - undetermined : 0 (0%)
	       - unprocessed  : 0 (0%)
	       - error        : 0 (0%)
[<embedded>] % set_engine_mode {Hp Ht Bm J Q3 U L R B K AB D I AD M N AM G C AG G2 C2 Hps Hts Tri}
[<embedded>] % prove -bg -all
INFO (IPF031): Settings used for this proof:
    time_limit                    = 86400s
    per_property_time_limit       = 1s * 10 ^ scan
    engine_mode                   = Hp Ht Bm J Q3 U L R B K AB D I AD M N AM G C AG G2 C2 Hps Hts Tri 
    proofgrid_per_engine_max_jobs = 1
    max engine jobs               = Hp Ht Bm J Q3 U L R B K AB D I AD M N AM G C AG G2 C2 Hps Hts Tri, total 25
    proofgrid_mode                = local
    proofgrid_restarts            = 10
background (thread 2)
INFO (IPF036): Starting proof on task: "<embedded>", 2 properties to prove with 7 already proven/unreachable
Using multistage preprocessing
Starting reduce
Finished reduce in 0.128s
Performing Proof Simplification...
2.0.Hp: clocks: 2, declared: 1, disabling: 0, posedge: 2, negedge: 0, noedge: 0, bothedge: 0
2.0.Hp: Proof Simplification Iteration 1	[0.00 s]
2.0.Hp: Proof Simplification Iteration 2	[0.04 s]
2.0.Hp: Proof Simplification Iteration 3	[0.07 s]
Proof Simplification completed in 0.19 s
About to start centralized ProofGrid in its own thread with a limit of 10000 pending notifications and a limit of 10 traces.
=============================== ProofGrid start ===============================
ProofGrid usable level: 4294967295
ProofGrid is starting event handling
2.0.C2: Proofgrid shell started at 5191@rsg20.stanford.edu(local) jg_4918_rsg20.stanford.edu_3
2.0.J: Proofgrid shell started at 5173@rsg20.stanford.edu(local) jg_4918_rsg20.stanford.edu_3
2.0.Ht: Proofgrid shell started at 5171@rsg20.stanford.edu(local) jg_4918_rsg20.stanford.edu_3
2.0.R: Proofgrid shell started at 5177@rsg20.stanford.edu(local) jg_4918_rsg20.stanford.edu_3
2.0.Bm: Proofgrid shell started at 5172@rsg20.stanford.edu(local) jg_4918_rsg20.stanford.edu_3
2.0.Ht: clocks: 1, declared: 1, disabling: 0, posedge: 1, negedge: 0, noedge: 0, bothedge: 0
2.0.J: clocks: 1, declared: 1, disabling: 0, posedge: 1, negedge: 0, noedge: 0, bothedge: 0
2.0.D: Proofgrid shell started at 5181@rsg20.stanford.edu(local) jg_4918_rsg20.stanford.edu_3
2.0.AM: Proofgrid shell started at 5186@rsg20.stanford.edu(local) jg_4918_rsg20.stanford.edu_3
2.0.C2: clocks: 1, declared: 1, disabling: 0, posedge: 1, negedge: 0, noedge: 0, bothedge: 0
2.0.Hps: Proofgrid shell started at 5192@rsg20.stanford.edu(local) jg_4918_rsg20.stanford.edu_3
2.0.K: Proofgrid shell started at 5179@rsg20.stanford.edu(local) jg_4918_rsg20.stanford.edu_3
2.0.R: clocks: 1, declared: 1, disabling: 0, posedge: 1, negedge: 0, noedge: 0, bothedge: 0
2.0.B: Proofgrid shell started at 5178@rsg20.stanford.edu(local) jg_4918_rsg20.stanford.edu_3
2.0.Hts: Proofgrid shell started at 5193@rsg20.stanford.edu(local) jg_4918_rsg20.stanford.edu_3
2.0.AG: Proofgrid shell started at 5189@rsg20.stanford.edu(local) jg_4918_rsg20.stanford.edu_3
2.0.C: Proofgrid shell started at 5188@rsg20.stanford.edu(local) jg_4918_rsg20.stanford.edu_3
2.0.D: clocks: 1, declared: 1, disabling: 0, posedge: 1, negedge: 0, noedge: 0, bothedge: 0
2.0.Bm: clocks: 1, declared: 1, disabling: 0, posedge: 1, negedge: 0, noedge: 0, bothedge: 0
2.0.AM: clocks: 1, declared: 1, disabling: 0, posedge: 1, negedge: 0, noedge: 0, bothedge: 0
2.0.B: clocks: 1, declared: 1, disabling: 0, posedge: 1, negedge: 0, noedge: 0, bothedge: 0
2.0.M: Proofgrid shell started at 5184@rsg20.stanford.edu(local) jg_4918_rsg20.stanford.edu_3
2.0.Hts: clocks: 1, declared: 1, disabling: 0, posedge: 1, negedge: 0, noedge: 0, bothedge: 0
2.0.N: Proofgrid shell started at 5185@rsg20.stanford.edu(local) jg_4918_rsg20.stanford.edu_3
2.0.Hps: clocks: 1, declared: 1, disabling: 0, posedge: 1, negedge: 0, noedge: 0, bothedge: 0
2.0.AG: clocks: 1, declared: 1, disabling: 0, posedge: 1, negedge: 0, noedge: 0, bothedge: 0
2.0.K: clocks: 1, declared: 1, disabling: 0, posedge: 1, negedge: 0, noedge: 0, bothedge: 0
2.0.C: clocks: 1, declared: 1, disabling: 0, posedge: 1, negedge: 0, noedge: 0, bothedge: 0
2.0.U: Proofgrid shell started at 5175@rsg20.stanford.edu(local) jg_4918_rsg20.stanford.edu_3
2.0.L: Proofgrid shell started at 5176@rsg20.stanford.edu(local) jg_4918_rsg20.stanford.edu_3
2.0.AD: Proofgrid shell started at 5183@rsg20.stanford.edu(local) jg_4918_rsg20.stanford.edu_3
2.0.M: clocks: 1, declared: 1, disabling: 0, posedge: 1, negedge: 0, noedge: 0, bothedge: 0
2.0.AB: Proofgrid shell started at 5180@rsg20.stanford.edu(local) jg_4918_rsg20.stanford.edu_3
2.0.I: Proofgrid shell started at 5182@rsg20.stanford.edu(local) jg_4918_rsg20.stanford.edu_3
2.0.G: Proofgrid shell started at 5187@rsg20.stanford.edu(local) jg_4918_rsg20.stanford.edu_3
2.0.G2: Proofgrid shell started at 5190@rsg20.stanford.edu(local) jg_4918_rsg20.stanford.edu_3
2.0.Hp: Proofgrid shell started at 5170@rsg20.stanford.edu(local) jg_4918_rsg20.stanford.edu_3
2.0.Tri: Proofgrid shell started at 5194@rsg20.stanford.edu(local) jg_4918_rsg20.stanford.edu_3
2.0.Q3: Proofgrid shell started at 5174@rsg20.stanford.edu(local) jg_4918_rsg20.stanford.edu_3
2.0.N: clocks: 1, declared: 1, disabling: 0, posedge: 1, negedge: 0, noedge: 0, bothedge: 0
2.0.U: clocks: 1, declared: 1, disabling: 0, posedge: 1, negedge: 0, noedge: 0, bothedge: 0
2.0.L: clocks: 1, declared: 1, disabling: 0, posedge: 1, negedge: 0, noedge: 0, bothedge: 0
2.0.AD: clocks: 1, declared: 1, disabling: 0, posedge: 1, negedge: 0, noedge: 0, bothedge: 0
2.0.AB: clocks: 1, declared: 1, disabling: 0, posedge: 1, negedge: 0, noedge: 0, bothedge: 0
2.0.I: clocks: 1, declared: 1, disabling: 0, posedge: 1, negedge: 0, noedge: 0, bothedge: 0
2.0.Q3: clocks: 1, declared: 1, disabling: 0, posedge: 1, negedge: 0, noedge: 0, bothedge: 0
2.0.Hp: clocks: 1, declared: 1, disabling: 0, posedge: 1, negedge: 0, noedge: 0, bothedge: 0
2.0.Tri: clocks: 1, declared: 1, disabling: 0, posedge: 1, negedge: 0, noedge: 0, bothedge: 0
2.0.G2: clocks: 1, declared: 1, disabling: 0, posedge: 1, negedge: 0, noedge: 0, bothedge: 0
2.0.G: clocks: 1, declared: 1, disabling: 0, posedge: 1, negedge: 0, noedge: 0, bothedge: 0
2.0.K: Next scan (0) will use per property time limit: 1s * 10 ^ 0 = 1s
2.0.K: Starting proof for property "mem_core_top.assert_response_bound"	[0.00 s].
2.0.C2: Next scan (0) will use per property time limit: 1s * 10 ^ 0 = 1s
2.0.C2: Starting proof for property "mem_core_top.assert_response_bound"	[0.00 s].
2.0.AM: Next scan (0) will use per property time limit: 1s * 10 ^ 0 = 1s
2.0.AM: Starting proof for property "mem_core_top.assert_response_bound"	[0.00 s].
2.0.B: Next scan (0) will use per property time limit: 1s * 10 ^ 0 = 1s
2.0.B: Starting proof for property "mem_core_top.assert_response_bound"	[0.00 s].
2.0.C: Next scan (0) will use per property time limit: 1s * 10 ^ 0 = 1s
2.0.C: Starting proof for property "mem_core_top.assert_response_bound"	[0.00 s].
2.0.K: Trace Attempt  1	[0.01 s]
2.0.Hts: Next scan (0) will use per property time limit: 1s * 10 ^ 0 = 1s
2.0.Hts: Starting proof for property "mem_core_top.assert_response_bound"	[0.00 s].
2.0.D: Next scan (0) will use per property time limit: 1s * 10 ^ 0 = 1s
2.0.D: Starting proof for property "mem_core_top.assert_response_bound"	[0.00 s].
2.0.AG: Next scan (0) will use per property time limit: 1s * 10 ^ 0 = 1s
2.0.AG: Starting proof for property "mem_core_top.assert_response_bound"	[0.00 s].
2.0.M: Next scan (0) will use per property time limit: 1s * 10 ^ 0 = 1s
2.0.M: Starting proof for property "mem_core_top.assert_response_bound"	[0.00 s].
2.0.Hts: Trace Attempt  1	[0.01 s]
2.0.Hts: Trace Attempt  2	[0.01 s]
2.0.K: Trace Attempt  1	[0.02 s]
2.0.Hts: Trace Attempt  3	[0.01 s]
2.0.K: Trace Attempt  2	[0.02 s]
2.0.Hts: Trace Attempt  4	[0.01 s]
2.0.Hts: Trace Attempt  5	[0.01 s]
2.0.K: Trace Attempt  3	[0.02 s]
2.0.Hps: Next scan (0) will use per property time limit: 1s * 10 ^ 0 = 1s
2.0.Hps: Starting proof for property "mem_core_top.assert_response_bound"	[0.00 s].
2.0.L: Using trace diversification with seed 1 (0.05)
2.0.L: Using LRU state removal heuristic
2.0.K: Trace Attempt  3	[0.02 s]
2.0.D: Trace Attempt  1	[0.01 s]
2.0.AM: Trace Attempt  1	[0.02 s]
2.0.AG: Trace Attempt  1	[0.01 s]
2.0.C2: Trace Attempt  3	[0.02 s]
2.0.D: Trace Attempt  2	[0.01 s]
2.0.Hps: Trace Attempt  1	[0.01 s]
2.0.B: Trace Attempt  1	[0.02 s]
2.0.Q3: Seed 7, 50%
2.0.Q3: Restart 0, Seed 7, 50.0%
2.0.Q3: Trace Attempt  1	[0.06 s]
2.0.C: Trace Attempt  3	[0.02 s]
2.0.N: Next scan (0) will use per property time limit: 1s * 10 ^ 0 = 1s
2.0.N: Starting proof for property "mem_core_top.assert_response_bound"	[0.00 s].
2.0.Hps: Trace Attempt  2	[0.01 s]
2.0.I: Next scan (0) will use per property time limit: 1s * 10 ^ 0 = 1s
2.0.I: Starting proof for property "mem_core_top.assert_response_bound"	[0.00 s].
2.0.AD: Next scan (0) will use per property time limit: 1s * 10 ^ 0 = 1s
2.0.AD: Starting proof for property "mem_core_top.assert_response_bound"	[0.00 s].
2.0.B: Trace Attempt  2	[0.03 s]
2.0.Q3: Cycle 1, State Sig: 6349a280
2.0.Q3: Trace Attempt  2	[0.06 s]
2.0.D: Trace Attempt  3	[0.02 s]
2.0.AB: Next scan (0) will use per property time limit: 1s * 10 ^ 0 = 1s
2.0.AB: Starting proof for property "mem_core_top.assert_response_bound"	[0.00 s].
2.0.K: Trace Attempt  1	[0.04 s]
2.0.K: Trace Attempt  2	[0.04 s]
2.0.M: Trace Attempt  1	[0.02 s]
2.0.K: Trace Attempt  3	[0.04 s]
2.0.G: Next scan (0) will use per property time limit: 1s * 10 ^ 0 = 1s
2.0.G: Starting proof for property "mem_core_top.assert_response_bound"	[0.00 s].
2.0.B: Trace Attempt  3	[0.03 s]
2.0.Q3: Cycle 2, State Sig: 25cd296e
2.0.M: Trace Attempt  2	[0.02 s]
2.0.Q3: Trace Attempt  3	[0.07 s]
2.0.G2: Next scan (0) will use per property time limit: 1s * 10 ^ 0 = 1s
2.0.G2: Starting proof for property "mem_core_top.assert_response_bound"	[0.00 s].
2.0.K: Trace Attempt  4	[0.04 s]
2.0.Hps: Trace Attempt  3	[0.02 s]
2.0.AM: Trace Attempt  1	[0.03 s]
2.0.K: Trace Attempt  5	[0.04 s]
2.0.AM: Trace Attempt  2	[0.03 s]
2.0.Q3: Trace Attempt  4	[0.07 s]
2.0.B: Trace Attempt  4	[0.04 s]
2.0.AM: Trace Attempt  3	[0.04 s]
2.0.M: Trace Attempt  3	[0.03 s]
2.0.Q3: Cycle 4, State Sig: 19ff8c84
2.0.Q3: Trace Attempt  5	[0.07 s]
2.0.I: Trace Attempt  4	[0.01 s]
2.0.K: Trace Attempt  5	[0.05 s]
2.0.B: Trace Attempt  5	[0.04 s]
2.0.AG: Partitioning 4 assumptions over 50 inputs...
2.0.AD: Trace Attempt  1	[0.02 s]
2.0.AB: Trace Attempt  1	[0.02 s]
2.0.D: Trace Attempt  5	[0.04 s]
2.0.I: Trace Attempt  2	[0.03 s]
2.0.C2: Partitioning 4 assumptions over 34 inputs...
2.0.N: Trace Attempt  5	[0.03 s]
2.0.I: Trace Attempt  3	[0.03 s]
2.0.U: Seed 1
2.0.Q3: Cycle 8, State Sig: 67923926
2.0.AD: Trace Attempt  1	[0.03 s]
2.0.AB: Trace Attempt  1	[0.03 s]
2.0.AD: Trace Attempt  2	[0.03 s]
2.0.Bm: Trace Attempt  1	[0.12 s]
2.0.K: Trace Attempt  1	[0.07 s]
2.0.AB: Trace Attempt  2	[0.03 s]
2.0.AB: Trace Attempt  3	[0.03 s]
2.0.K: Trace Attempt  2	[0.07 s]
2.0.C: Partitioning 4 assumptions over 34 inputs...
2.0.K: Trace Attempt  3	[0.07 s]
2.0.I: Trace Attempt  5	[0.04 s]
2.0.AM: Trace Attempt  1	[0.06 s]
2.0.AB: Trace Attempt  1	[0.04 s]
2.0.AM: Trace Attempt  2	[0.06 s]
2.0.AB: Trace Attempt  2	[0.04 s]
2.0.K: Trace Attempt  4	[0.07 s]
2.0.K: Trace Attempt  5	[0.07 s]
2.0.AD: Trace Attempt  3	[0.04 s]
2.0.AM: Trace Attempt  3	[0.07 s]
2.0.AB: Trace Attempt  3	[0.04 s]
2.0.C2: Trace Attempt  5	[0.07 s]
2.0.AD: Trace Attempt  1	[0.04 s]
2.0.AM: Trace Attempt  4	[0.07 s]
2.0.AB: Trace Attempt  4	[0.04 s]
2.0.AD: Trace Attempt  2	[0.04 s]
2.0.AM: Trace Attempt  5	[0.07 s]
2.0.AB: Trace Attempt  5	[0.04 s]
2.0.AD: Trace Attempt  3	[0.04 s]
2.0.AD: Trace Attempt  4	[0.05 s]
2.0.AD: Trace Attempt  5	[0.05 s]
2.0.Tri: Next scan (0) will use per property time limit: 1s * 10 ^ 0 = 1s
2.0.Tri: Starting proof for property "mem_core_top.assert_response_bound"	[0.00 s].
2.0.Tri: Trace Attempt  1	[0.00 s]
2.0.L: Trace Attempt  1	[0.14 s]
2.0.Q3: Cycle 16, State Sig: 65c92968
2.0.K: Trace Attempt  1	[0.11 s]
2.0.K: Trace Attempt  2	[0.11 s]
2.0.I: Trace Attempt  2	[0.08 s]
2.0.K: Trace Attempt  3	[0.12 s]
2.0.N: Trace Attempt  3	[0.09 s]
2.0.K: Trace Attempt  4	[0.12 s]
2.0.I: Trace Attempt  3	[0.09 s]
2.0.K: Trace Attempt  5	[0.13 s]
2.0.Ht: Trace Attempt  1	[0.19 s]
2.0.Ht: Trace Attempt  2	[0.19 s]
2.0.Ht: Trace Attempt  3	[0.19 s]
2.0.M: Trace Attempt  4	[0.12 s]
2.0.Ht: Trace Attempt  4	[0.21 s]
2.0.I: Trace Attempt  5	[0.12 s]
2.0.Hps: Trace Attempt  4	[0.13 s]
2.0.N: Trace Attempt  5	[0.12 s]
2.0.Hps: Trace Attempt  5	[0.14 s]
2.0.M: Trace Attempt  5	[0.15 s]
2.0.Ht: Trace Attempt  5	[0.23 s]
2.0.Bm: Trace Attempt  2	[0.24 s]
2.0.I: Trace Attempt  2	[0.17 s]
2.0.Q3: Cycle 32, State Sig: 3b971dc9
2.0.I: Trace Attempt  3	[0.18 s]
2.0.L: Trace Attempt  2	[0.26 s]
2.0.I: Trace Attempt  5	[0.19 s]
2.0.K: Trace Attempt  1	[0.23 s]
2.0.K: Trace Attempt  2	[0.23 s]
2.0.K: Trace Attempt  3	[0.24 s]
2.0.K: Trace Attempt  4	[0.24 s]
2.0.K: Trace Attempt  5	[0.25 s]
2.0.AB: Trace Attempt  1	[0.21 s]
2.0.AD: Trace Attempt  2	[0.22 s]
2.0.AB: Trace Attempt  2	[0.21 s]
2.0.AB: Trace Attempt  3	[0.22 s]
2.0.AB: Trace Attempt  4	[0.22 s]
2.0.N: Trace Attempt  3	[0.22 s]
2.0.AB: Trace Attempt  5	[0.22 s]
2.0.AG: Iteration  1	[0.02 s]
2.0.AD: Trace Attempt  3	[0.23 s]
2.0.AG: Iteration  2	[0.02 s]
2.0.AG: Iteration  3	[0.02 s]
2.0.AG: Trace Attempt  1	[0.26 s]
2.0.Tri:    0.05" ---- Launching main thread ----
2.0.AG: Trace Attempt  2	[0.26 s]
2.0.AG: Trace Attempt  3	[0.26 s]
2.0.AG: Trace Attempt  4	[0.26 s]
2.0.AG: Trace Attempt  5	[0.26 s]
2.0.AD: Trace Attempt  5	[0.25 s]
2.0.AM: Trace Attempt  3	[0.28 s]
2.0.R:    0.07" ---- Attempting simultaneous proof of 2 remaining properties ----
2.0.Tri:    0.10" ---- Launching abstraction thread ----
2.0.Tri:    0.11" ---- Launching multi-phase simplification thread ----
2.0.J: Trace Attempt  1	[0.40 s]
2.0.AM: Trace Attempt  5	[0.33 s]
2.0.J: Trace Attempt  1	[0.40 s]
2.0.J: Trace Attempt  2	[0.40 s]
2.0.J: Trace Attempt  1	[0.40 s]
2.0.J: Trace Attempt  3	[0.40 s]
2.0.J: Trace Attempt  1	[0.40 s]
2.0.J: Trace Attempt  4	[0.41 s]
2.0.J: Trace Attempt  1	[0.41 s]
2.0.N: Trace Attempt  5	[0.32 s]
2.0.J: Trace Attempt  1	[0.41 s]
2.0.J: Trace Attempt  1	[0.42 s]
2.0.J: Trace Attempt  1	[0.43 s]
2.0.J: Trace Attempt  1	[0.44 s]
2.0.Tri: Trace Attempt  2	[0.29 s]
2.0.I: Trace Attempt  2	[0.36 s]
2.0.Tri: Trace Attempt  3	[0.30 s]
2.0.J: Trace Attempt  1	[0.46 s]
2.0.Tri: Trace Attempt  4	[0.31 s]
2.0.I: Trace Attempt  3	[0.37 s]
2.0.Bm: Trace Attempt  3	[0.46 s]
2.0.Tri: Trace Attempt  5	[0.31 s]
2.0.Hp: Trace Attempt  1	[0.45 s]
2.0.J: Trace Attempt  1	[0.48 s]
2.0.I: Trace Attempt  5	[0.40 s]
2.0.L: Trace Attempt  1	[0.49 s]
2.0.J: Trace Attempt  1	[0.52 s]
2.0.G: Partitioning 4 assumptions over 1 inputs...
2.0.Q3: Cycle 64, State Sig: 9cfa4fc0
2.0.J: Trace Attempt  1	[0.58 s]
2.0.G2: Partitioning 4 assumptions over 1 inputs...
2.0.Tri:    0.34" Simplification phase 1 complete
2.0.L: Trace Attempt  2	[0.64 s]
2.0.J: Trace Attempt  1	[0.67 s]
2.0.U: Trace Attempt  1	[0.67 s]
2.0.Hp: Trace Attempt  2	[0.67 s]
2.0.J: Trace Attempt  1	[0.80 s]
2.0.Tri:    0.52" Simplification phase 2 complete
2.0.C: Partitioning 4 assumptions over 1 inputs...
2.0.C2: Partitioning 4 assumptions over 1 inputs...
2.0.Bm: Trace Attempt  4	[0.83 s]
2.0.L: Trace Attempt  3	[0.90 s]
2.0.J: Trace Attempt  1	[0.93 s]
2.0.AG: Partitioning 4 assumptions over 16 inputs...
2.0.Hp: Trace Attempt  3	[0.95 s]
2.0.U: Trace Attempt  2	[1.00 s]
2.0.J: Trace Attempt  1	[1.05 s]
2.0.K: Trace Attempt 14	[0.95 s]
2.0.K: Per property time limit expired (0.99 s) [0.99 s]
2.0.K: Stopped processing property "mem_core_top.assert_response_bound"	[0.99 s].
2.0.K: Starting proof for property "mem_core_top.assert_qed_match"	[0.00 s].
2.0.Hts: Stopped processing property "mem_core_top.assert_response_bound"	[0.98 s].
2.0.Hts: Starting proof for property "mem_core_top.assert_qed_match"	[0.00 s].
2.0.Hps: Stopped processing property "mem_core_top.assert_response_bound"	[0.97 s].
2.0.Hps: Starting proof for property "mem_core_top.assert_qed_match"	[0.00 s].
2.0.C: Stopped processing property "mem_core_top.assert_response_bound"	[0.98 s].
2.0.C: Starting proof for property "mem_core_top.assert_qed_match"	[0.00 s].
2.0.C2: Stopped processing property "mem_core_top.assert_response_bound"	[0.99 s].
2.0.C2: Starting proof for property "mem_core_top.assert_qed_match"	[0.00 s].
2.0.AG: Stopped processing property "mem_core_top.assert_response_bound"	[0.98 s].
2.0.AG: Starting proof for property "mem_core_top.assert_qed_match"	[0.00 s].
2.0.G2: Stopped processing property "mem_core_top.assert_response_bound"	[0.95 s].
2.0.M: Stopped processing property "mem_core_top.assert_response_bound"	[0.98 s].
2.0.M: Starting proof for property "mem_core_top.assert_qed_match"	[0.00 s].
2.0.G2: Starting proof for property "mem_core_top.assert_qed_match"	[0.00 s].
2.0.AM: Stopped processing property "mem_core_top.assert_response_bound"	[0.99 s].
2.0.AM: Starting proof for property "mem_core_top.assert_qed_match"	[0.00 s].
2.0.N: Stopped processing property "mem_core_top.assert_response_bound"	[0.96 s].
2.0.N: Starting proof for property "mem_core_top.assert_qed_match"	[0.00 s].
2.0.AD: Stopped processing property "mem_core_top.assert_response_bound"	[0.96 s].
2.0.AD: Starting proof for property "mem_core_top.assert_qed_match"	[0.00 s].
2.0.AB: Stopped processing property "mem_core_top.assert_response_bound"	[0.95 s].
2.0.AB: Starting proof for property "mem_core_top.assert_qed_match"	[0.00 s].
2.0.G: Stopped processing property "mem_core_top.assert_response_bound"	[0.95 s].
2.0.G: Starting proof for property "mem_core_top.assert_qed_match"	[0.00 s].
2.0.B: Stopped processing property "mem_core_top.assert_response_bound"	[0.99 s].
2.0.B: Starting proof for property "mem_core_top.assert_qed_match"	[0.00 s].
2.0.D: Stopped processing property "mem_core_top.assert_response_bound"	[0.98 s].
2.0.D: Starting proof for property "mem_core_top.assert_qed_match"	[0.00 s].
2.0.I: Stopped processing property "mem_core_top.assert_response_bound"	[0.96 s].
2.0.I: Starting proof for property "mem_core_top.assert_qed_match"	[0.00 s].
2.0.K: Trace Attempt  1	[0.03 s]
2.0.AD: Trace Attempt  1	[0.03 s]
2.0.AG: Trace Attempt  1	[0.03 s]
2.0.C2: Trace Attempt  1	[0.03 s]
2.0.N: Trace Attempt  1	[0.03 s]
2.0.AM: Trace Attempt  1	[0.04 s]
2.0.AB: Trace Attempt  1	[0.04 s]
2.0.C: Trace Attempt  1	[0.04 s]
2.0.K: Trace Attempt  1	[0.04 s]
2.0.K: Trace Attempt  2	[0.04 s]
2.0.K: Trace Attempt  3	[0.04 s]
2.0.AD: Trace Attempt  1	[0.04 s]
2.0.I: Trace Attempt  1	[0.04 s]
2.0.AD: Trace Attempt  2	[0.04 s]
2.0.N: Trace Attempt  1	[0.04 s]
2.0.C2: Partitioning 0 assumptions over 0 inputs...
2.0.C2: Iteration  1	[0.04 s]
2.0.C2: Iteration  2	[0.04 s]
2.0.AM: Trace Attempt  1	[0.05 s]
2.0.AM: Trace Attempt  2	[0.05 s]
2.0.AB: Trace Attempt  1	[0.05 s]
2.0.AD: Trace Attempt  3	[0.05 s]
2.0.AB: Trace Attempt  2	[0.05 s]
2.0.C: Partitioning 0 assumptions over 0 inputs...
2.0.AB: Trace Attempt  3	[0.05 s]
2.0.C: Iteration  1	[0.05 s]
2.0.C: Iteration  2	[0.05 s]
2.0.AM: Trace Attempt  3	[0.05 s]
2.0.I: Trace Attempt  1	[0.05 s]
2.0.AD: Trace Attempt  1	[0.06 s]
2.0.AD: Trace Attempt  2	[0.06 s]
2.0.AB: Trace Attempt  1	[0.06 s]
2.0.AB: Trace Attempt  2	[0.06 s]
2.0.AD: Trace Attempt  3	[0.06 s]
2.0.AB: Trace Attempt  3	[0.06 s]
2.0.AM: Trace Attempt  1	[0.07 s]
2.0.AM: Trace Attempt  2	[0.07 s]
2.0.AD: Trace Attempt  4	[0.07 s]
2.0.AM: Trace Attempt  3	[0.07 s]
2.0.AB: Trace Attempt  4	[0.07 s]
2.0.AM: Trace Attempt  4	[0.08 s]
2.0.M: Trace Attempt  1	[0.09 s]
2.0.D: Trace Attempt  1	[0.09 s]
2.0.AG: Partitioning 4 assumptions over 50 inputs...
2.0.B: Trace Attempt  1	[0.10 s]
2.0.J: Trace Attempt  1	[1.18 s]
2.0.Tri: Trace Attempt 14	[0.84 s]
2.0.Tri: Per property time limit expired (0.96 s) [1.05 s]
2.0.Tri: Stopped processing property "mem_core_top.assert_response_bound"	[1.05 s].
2.0.Tri: Starting proof for property "mem_core_top.assert_qed_match"	[0.00 s].
2.0.Tri: Trace Attempt  1	[0.00 s]
2.0.Tri:    0.92" Simplification phase 3 complete
   0.92" ---- Completed simplification thread ----
   0.92" ---- Restarting main thread on simplified netlist ----
2.0.I: Trace Attempt  2	[0.16 s]
2.0.Hts: Trace Attempt  1	[0.17 s]
2.0.Hts: Trace Attempt  2	[0.17 s]
2.0.Hts: Trace Attempt  3	[0.17 s]
2.0.R: Trace Attempt  1	[1.23 s]
2.0.R: Trace Attempt  2	[1.23 s]
2.0.Tri:    0.95" ---- Restarting abstraction thread on simplified netlist ----
2.0.R: Trace Attempt  3	[1.23 s]
2.0.Hts: Trace Attempt  4	[0.19 s]
2.0.R:    0.96" ---- Attempting simultaneous proof of 2 remaining properties ----
2.0.U: Trace Attempt  3	[1.22 s]
2.0.M: Trace Attempt  2	[0.19 s]
2.0.Bm: Trace Attempt  5	[1.24 s]
2.0.Hts: Trace Attempt  5	[0.21 s]
2.0.I: Trace Attempt  2	[0.22 s]
2.0.I: Trace Attempt  3	[0.22 s]
2.0.I: Trace Attempt  4	[0.22 s]
2.0.D: Trace Attempt  2	[0.23 s]
2.0.K: Trace Attempt  3	[0.24 s]
2.0.L: Trace Attempt  1	[1.27 s]
2.0.B: Trace Attempt  2	[0.24 s]
2.0.Tri:    1.02" ---- Launching main thread ----
2.0.J: Trace Attempt  1	[1.31 s]
2.0.C2: Trace Attempt  3	[0.26 s]
2.0.N: Trace Attempt  3	[0.27 s]
2.0.C: Trace Attempt  3	[0.27 s]
2.0.K: Trace Attempt  1	[0.29 s]
2.0.K: Trace Attempt  2	[0.29 s]
2.0.K: Trace Attempt  3	[0.29 s]
2.0.K: Trace Attempt  4	[0.29 s]
2.0.AG: Iteration  1	[0.04 s]
2.0.AG: Iteration  2	[0.04 s]
2.0.C2: Partitioning 1 assumptions over 1 inputs...
2.0.C2: Iteration  1	[0.33 s]
2.0.C2: Iteration  2	[0.33 s]
2.0.AG: Iteration  3	[0.04 s]
2.0.U: Trace Attempt  4	[1.36 s]
2.0.C: Partitioning 1 assumptions over 1 inputs...
2.0.C: Iteration  1	[0.34 s]
2.0.C: Iteration  2	[0.34 s]
2.0.Hps: Trace Attempt  1	[0.36 s]
2.0.J: Trace Attempt  1	[1.43 s]
2.0.AB: Trace Attempt  5	[0.38 s]
2.0.AG: Trace Attempt  1	[0.39 s]
2.0.AG: Trace Attempt  2	[0.39 s]
2.0.AG: Trace Attempt  3	[0.39 s]
2.0.AG: Trace Attempt  4	[0.40 s]
2.0.AD: Trace Attempt  5	[0.41 s]
2.0.Tri:    1.18" ---- Launching abstraction thread ----
2.0.M: Trace Attempt  3	[0.42 s]
2.0.AM: Trace Attempt  5	[0.43 s]
2.0.B: Trace Attempt  3	[0.43 s]
2.0.Tri:    1.20" ---- Launching multi-phase simplification thread ----
2.0.U: Trace Attempt  5	[1.50 s]
2.0.J: Trace Attempt  1	[1.55 s]
2.0.Hp: Trace Attempt  4	[1.53 s]
2.0.Hps: Trace Attempt  2	[0.55 s]
2.0.K: Trace Attempt  4	[0.57 s]
2.0.C2: Trace Attempt  4	[0.57 s]
2.0.Q3: Cycle 128, State Sig: a98d47f7
2.0.J: Trace Attempt  1	[1.67 s]
2.0.I: Trace Attempt  4	[0.64 s]
2.0.N: Trace Attempt  4	[0.64 s]
2.0.C: Trace Attempt  4	[0.65 s]
2.0.Tri: Trace Attempt  2	[0.58 s]
2.0.Tri: Trace Attempt  3	[0.58 s]
2.0.J: Trace Attempt  1	[1.81 s]
2.0.AG: Trace Attempt  5	[0.76 s]
2.0.D: Trace Attempt  3	[0.76 s]
2.0.Hps: Trace Attempt  3	[0.81 s]
2.0.B: Trace Attempt  4	[0.81 s]
2.0.C2: Partitioning 1 assumptions over 1 inputs...
2.0.K: Trace Attempt  1	[0.87 s]
2.0.K: Trace Attempt  2	[0.87 s]
2.0.K: Trace Attempt  3	[0.87 s]
2.0.K: Trace Attempt  4	[0.88 s]
2.0.K: Trace Attempt  5	[0.88 s]
2.0.J: Trace Attempt  1	[1.94 s]
2.0.L: Trace Attempt  2	[1.94 s]
2.0.R: Trace Attempt  1	[2.04 s]
2.0.R: Trace Attempt  2	[2.04 s]
2.0.Hts: Trace Attempt  8	[0.46 s]
2.0.Hts: Per property time limit expired (1.00 s) [1.00 s]
2.0.Hts: Stopped processing property "mem_core_top.assert_qed_match"	[1.00 s].
2.0.Hts: Next scan (1) will use per property time limit: 1s * 10 ^ 1 = 10s
2.0.Hts: Starting proof for property "mem_core_top.assert_response_bound"	[0.00 s].
2.0.Hts: Trace Attempt  1	[0.01 s]
2.0.R: Trace Attempt  3	[2.05 s]
2.0.Hts: Trace Attempt  2	[0.01 s]
2.0.Hts: Trace Attempt  3	[0.01 s]
2.0.AD: Stopped processing property "mem_core_top.assert_qed_match"	[1.00 s].
2.0.AD: Next scan (1) will use per property time limit: 1s * 10 ^ 1 = 10s
2.0.AD: Starting proof for property "mem_core_top.assert_response_bound"	[0.00 s].
2.0.Hts: Trace Attempt  4	[0.01 s]
2.0.Hts: Trace Attempt  5	[0.01 s]
2.0.Tri: Trace Attempt  4	[0.86 s]
2.0.Tri: Stopped processing property "mem_core_top.assert_qed_match"	[0.86 s].
2.0.N: Per property time limit expired (1.00 s) [1.01 s]
2.0.N: Stopped processing property "mem_core_top.assert_qed_match"	[1.01 s].
2.0.Tri: Next scan (1) will use per property time limit: 1s * 10 ^ 1 = 10s
2.0.Tri: Starting proof for property "mem_core_top.assert_response_bound"	[0.00 s].
2.0.Tri: Trace Attempt  1	[0.00 s]
2.0.N: Next scan (1) will use per property time limit: 1s * 10 ^ 1 = 10s
2.0.N: Starting proof for property "mem_core_top.assert_response_bound"	[0.00 s].
2.0.Hps: Per property time limit expired (1.00 s) [1.02 s]
2.0.Hps: Stopped processing property "mem_core_top.assert_qed_match"	[1.02 s].
2.0.Hps: Next scan (1) will use per property time limit: 1s * 10 ^ 1 = 10s
2.0.Hps: Starting proof for property "mem_core_top.assert_response_bound"	[0.00 s].
2.0.AG: Stopped processing property "mem_core_top.assert_qed_match"	[1.02 s].
2.0.AG: Next scan (1) will use per property time limit: 1s * 10 ^ 1 = 10s
2.0.AG: Starting proof for property "mem_core_top.assert_response_bound"	[0.00 s].
2.0.AM: Stopped processing property "mem_core_top.assert_qed_match"	[1.02 s].
2.0.AM: Next scan (1) will use per property time limit: 1s * 10 ^ 1 = 10s
2.0.AM: Starting proof for property "mem_core_top.assert_response_bound"	[0.00 s].
2.0.C: Partitioning 1 assumptions over 1 inputs...
2.0.AD: Trace Attempt  1	[0.02 s]
2.0.C: Per property time limit expired (1.00 s) [1.03 s]
2.0.C: Stopped processing property "mem_core_top.assert_qed_match"	[1.03 s].
2.0.C: Next scan (1) will use per property time limit: 1s * 10 ^ 1 = 10s
2.0.C: Starting proof for property "mem_core_top.assert_response_bound"	[0.00 s].
2.0.R:    1.79" ---- Attempting simultaneous proof of 2 remaining properties ----
2.0.J: Trace Attempt  1	[2.08 s]
2.0.AD: Trace Attempt  1	[0.03 s]
2.0.AD: Trace Attempt  2	[0.03 s]
2.0.AB: Stopped processing property "mem_core_top.assert_qed_match"	[1.04 s].
2.0.AB: Next scan (1) will use per property time limit: 1s * 10 ^ 1 = 10s
2.0.AB: Starting proof for property "mem_core_top.assert_response_bound"	[0.00 s].
2.0.AD: Trace Attempt  3	[0.03 s]
2.0.AM: Trace Attempt  1	[0.02 s]
2.0.AG: Trace Attempt  1	[0.02 s]
2.0.I: Per property time limit expired (1.00 s) [1.03 s]
2.0.I: Stopped processing property "mem_core_top.assert_qed_match"	[1.04 s].
2.0.I: Next scan (1) will use per property time limit: 1s * 10 ^ 1 = 10s
2.0.I: Starting proof for property "mem_core_top.assert_response_bound"	[0.00 s].
2.0.D: Stopped processing property "mem_core_top.assert_qed_match"	[1.04 s].
2.0.D: Next scan (1) will use per property time limit: 1s * 10 ^ 1 = 10s
2.0.D: Starting proof for property "mem_core_top.assert_response_bound"	[0.00 s].
2.0.AD: Trace Attempt  1	[0.04 s]
2.0.AD: Trace Attempt  2	[0.04 s]
2.0.AD: Trace Attempt  3	[0.04 s]
2.0.AD: Trace Attempt  4	[0.04 s]
2.0.AD: Trace Attempt  5	[0.04 s]
2.0.AM: Trace Attempt  1	[0.03 s]
2.0.AM: Trace Attempt  2	[0.03 s]
2.0.AM: Trace Attempt  3	[0.03 s]
2.0.AB: Trace Attempt  1	[0.02 s]
2.0.M: Stopped processing property "mem_core_top.assert_qed_match"	[1.06 s].
2.0.M: Next scan (1) will use per property time limit: 1s * 10 ^ 1 = 10s
2.0.M: Starting proof for property "mem_core_top.assert_response_bound"	[0.00 s].
2.0.AB: Trace Attempt  1	[0.03 s]
2.0.AB: Trace Attempt  2	[0.03 s]
2.0.AB: Trace Attempt  3	[0.03 s]
2.0.AB: Trace Attempt  1	[0.03 s]
2.0.AB: Trace Attempt  2	[0.03 s]
2.0.AM: Trace Attempt  1	[0.05 s]
2.0.AM: Trace Attempt  2	[0.05 s]
2.0.AB: Trace Attempt  3	[0.03 s]
2.0.AM: Trace Attempt  3	[0.05 s]
2.0.AM: Trace Attempt  4	[0.05 s]
2.0.AM: Trace Attempt  5	[0.05 s]
2.0.AB: Trace Attempt  4	[0.04 s]
2.0.AB: Trace Attempt  5	[0.04 s]
2.0.AG: Partitioning 4 assumptions over 50 inputs...
2.0.M: Trace Attempt  1	[0.02 s]
2.0.M: Trace Attempt  2	[0.02 s]
2.0.N: Trace Attempt  3	[0.07 s]
2.0.Hps: Trace Attempt  1	[0.06 s]
2.0.Hps: Trace Attempt  2	[0.07 s]
2.0.M: Trace Attempt  3	[0.03 s]
2.0.Hps: Trace Attempt  3	[0.07 s]
2.0.C2: Per property time limit expired (1.00 s) [1.10 s]
2.0.C2: Stopped processing property "mem_core_top.assert_qed_match"	[1.10 s].
2.0.C2: Next scan (1) will use per property time limit: 1s * 10 ^ 1 = 10s
2.0.C2: Starting proof for property "mem_core_top.assert_response_bound"	[0.00 s].
2.0.Tri:    1.88" ---- Launching main thread ----
2.0.K: Per property time limit expired (1.00 s) [1.11 s]
2.0.K: Stopped processing property "mem_core_top.assert_qed_match"	[1.12 s].
2.0.K: Next scan (1) will use per property time limit: 1s * 10 ^ 1 = 10s
2.0.K: Starting proof for property "mem_core_top.assert_response_bound"	[0.00 s].
2.0.B: Stopped processing property "mem_core_top.assert_qed_match"	[1.12 s].
2.0.B: Next scan (1) will use per property time limit: 1s * 10 ^ 1 = 10s
2.0.B: Starting proof for property "mem_core_top.assert_response_bound"	[0.00 s].
2.0.J: Trace Attempt  1	[2.19 s]
2.0.B: Trace Attempt  1	[0.02 s]
2.0.B: Trace Attempt  2	[0.02 s]
2.0.I: Trace Attempt  2	[0.10 s]
2.0.N: Trace Attempt  5	[0.13 s]
2.0.B: Trace Attempt  3	[0.03 s]
2.0.B: Trace Attempt  4	[0.03 s]
2.0.I: Trace Attempt  3	[0.12 s]
2.0.B: Trace Attempt  5	[0.04 s]
2.0.Tri:    1.93" ---- Launching abstraction thread ----
2.0.Tri:    1.94" ---- Launching multi-phase simplification thread ----
2.0.M: Trace Attempt  4	[0.12 s]
2.0.K: Trace Attempt  1	[0.07 s]
2.0.I: Trace Attempt  5	[0.15 s]
2.0.K: Trace Attempt  2	[0.08 s]
2.0.K: Trace Attempt  3	[0.08 s]
2.0.Hps: Trace Attempt  4	[0.18 s]
2.0.K: Trace Attempt  4	[0.09 s]
2.0.M: Trace Attempt  5	[0.14 s]
2.0.K: Trace Attempt  5	[0.09 s]
2.0.Hps: Trace Attempt  5	[0.19 s]
2.0.AB: Trace Attempt  1	[0.19 s]
2.0.AB: Trace Attempt  2	[0.19 s]
2.0.AB: Trace Attempt  3	[0.19 s]
2.0.AB: Trace Attempt  4	[0.19 s]
2.0.AB: Trace Attempt  5	[0.20 s]
2.0.AD: Trace Attempt  2	[0.23 s]
2.0.AD: Trace Attempt  3	[0.24 s]
2.0.J: Trace Attempt  1	[2.32 s]
2.0.AD: Trace Attempt  5	[0.27 s]
2.0.AG: Iteration  1	[0.03 s]
2.0.AG: Iteration  2	[0.03 s]
2.0.AM: Trace Attempt  3	[0.27 s]
2.0.AG: Iteration  3	[0.03 s]
2.0.AG: Trace Attempt  1	[0.28 s]
2.0.AG: Trace Attempt  2	[0.28 s]
2.0.AG: Trace Attempt  3	[0.28 s]
2.0.AG: Trace Attempt  4	[0.29 s]
2.0.AG: Trace Attempt  5	[0.29 s]
2.0.Hp: Trace Attempt  5	[2.34 s]
2.0.AM: Trace Attempt  5	[0.34 s]
2.0.J: Trace Attempt  1	[2.44 s]
2.0.Tri:    2.23" Simplification phase 1 complete
2.0.J: Trace Attempt  1	[2.57 s]
2.0.C: Partitioning 4 assumptions over 1 inputs...
2.0.J: Trace Attempt  1	[2.70 s]
2.0.Tri:    2.42" Simplification phase 2 complete
2.0.C2: Partitioning 4 assumptions over 1 inputs...
2.0.J: Trace Attempt  1	[2.82 s]
2.0.R: Trace Attempt  1	[2.87 s]
2.0.R: Trace Attempt  2	[2.87 s]
2.0.R: Trace Attempt  3	[2.89 s]
2.0.R: Trace Attempt  4	[2.93 s]
2.0.R: Trace Attempt  5	[2.93 s]
2.0.J: Trace Attempt  1	[2.95 s]
2.0.R:    2.72" ---- Attempting simultaneous proof of 2 remaining properties ----
2.0.AG: Partitioning 4 assumptions over 16 inputs...
2.0.J: Trace Attempt  1	[3.07 s]
2.0.L: Trace Attempt  3	[3.06 s]
2.0.Tri:    2.80" Simplification phase 3 complete
   2.80" ---- Completed simplification thread ----
2.0.Tri:    2.81" ---- Restarting main thread on simplified netlist ----
2.0.Tri:    2.84" ---- Restarting abstraction thread on simplified netlist ----
2.0.J: Trace Attempt  1	[3.20 s]
2.0.J: Trace Attempt  1	[3.32 s]
2.0.J: Trace Attempt  1	[3.44 s]
2.0.J: Trace Attempt  1	[3.56 s]
2.0.J: Trace Attempt  1	[3.68 s]
2.0.R: Trace Attempt  1	[3.80 s]
2.0.R: Trace Attempt  2	[3.80 s]
2.0.Q3: Trace Attempt 200	[3.56 s]
2.0.Q3: A sanity trace with 200 cycles was found. [3.56 s]
2.0.Q3: Restart 1, Seed 3d6ac7505b4d6a6c, 50.0%
2.0.Q3: Trace Attempt  1	[3.79 s]
2.0.Q3: Trace Attempt  2	[3.79 s]
2.0.R: Trace Attempt  3	[3.83 s]
2.0.R: Trace Attempt  4	[3.93 s]
2.0.J: Trace Attempt  1	[3.81 s]
2.0.J: Trace Attempt  1	[3.94 s]
2.0.Q3: Trace Attempt  3	[3.80 s]
2.0.Q3: Trace Attempt  4	[3.80 s]
2.0.Q3: Trace Attempt  5	[3.80 s]
2.0.J: Trace Attempt  1	[4.06 s]
2.0.R: Trace Attempt  5	[4.07 s]
2.0.R:    3.85" ---- Attempting simultaneous proof of 2 remaining properties ----
2.0.J: Trace Attempt  1	[4.19 s]
2.0.L: Trace Attempt  4	[4.19 s]
2.0.J: Trace Attempt  1	[4.32 s]
2.0.J: Trace Attempt  1	[4.44 s]
2.0.J: Trace Attempt  1	[4.57 s]
2.0.J: Trace Attempt  1	[4.69 s]
2.0.J: Trace Attempt  1	[4.82 s]
2.0.R: Trace Attempt  1	[4.92 s]
2.0.R: Trace Attempt  2	[4.93 s]
2.0.J: Trace Attempt  1	[4.94 s]
2.0.R: Trace Attempt  3	[4.95 s]
2.0.R: Trace Attempt  4	[5.06 s]
2.0.J: Trace Attempt  1	[5.07 s]
2.0.J: Trace Attempt  1	[5.20 s]
2.0.J: Trace Attempt  1	[5.32 s]
2.0.L: Trace Attempt  1	[5.38 s]
2.0.J: Trace Attempt  1	[5.45 s]
2.0.J: Trace Attempt  1	[5.57 s]
2.0.U: Trace Attempt 25	[5.57 s]
2.0.J: Trace Attempt  1	[5.70 s]
2.0.R: Trace Attempt  5	[5.78 s]
2.0.J: Trace Attempt  1	[5.83 s]
2.0.L: Trace Attempt  2	[5.80 s]
2.0.J: Trace Attempt  1	[5.95 s]
2.0.J: Trace Attempt  1	[6.08 s]
2.0.J: Trace Attempt  1	[6.21 s]
2.0.J: Trace Attempt  1	[6.33 s]
2.0.AG: Iteration  1	[0.47 s]
2.0.Hps: Trace Attempt 15	[4.30 s]
2.0.R:    6.10" ---- Attempting simultaneous proof of 2 remaining properties ----
2.0.Ht: Trace Attempt 10	[6.41 s]
2.0.AM: Trace Attempt 12	[4.37 s]
2.0.AB: Trace Attempt 15	[4.36 s]
2.0.J: Trace Attempt  1	[6.46 s]
2.0.L: Trace Attempt  3	[6.53 s]
2.0.J: Trace Attempt  1	[6.59 s]
2.0.J: Trace Attempt  1	[6.72 s]
2.0.J: Trace Attempt  1	[6.85 s]
2.0.AD: Trace Attempt 15	[4.91 s]
2.0.J: Trace Attempt  1	[6.98 s]
2.0.M: Trace Attempt 10	[4.88 s]
2.0.J: Trace Attempt  1	[7.11 s]
2.0.C2: Iteration  1	[0.09 s]
2.0.J: Trace Attempt  1	[7.24 s]
2.0.R: Trace Attempt  1	[7.27 s]
2.0.R: Trace Attempt  2	[7.27 s]
2.0.R: Trace Attempt  3	[7.30 s]
2.0.C: Iteration  1	[0.09 s]
2.0.L: Trace Attempt  4	[7.29 s]
2.0.J: Trace Attempt  1	[7.38 s]
2.0.R: Trace Attempt  4	[7.44 s]
2.0.Q3: Restart 2, Seed 8039ff370aefafd0, 50.0%
2.0.Q3: Trace Attempt  1	[7.42 s]
2.0.Q3: Trace Attempt  2	[7.42 s]
2.0.Q3: Trace Attempt  3	[7.43 s]
2.0.Q3: Trace Attempt  4	[7.43 s]
2.0.Q3: Trace Attempt  5	[7.44 s]
2.0.J: Trace Attempt  1	[7.51 s]
2.0.J: Trace Attempt  1	[7.64 s]
2.0.B: Trace Attempt 17	[5.54 s]
2.0.J: Trace Attempt  1	[7.77 s]
2.0.J: Trace Attempt  1	[7.91 s]
2.0.K: Trace Attempt 17	[5.83 s]
2.0.J: Trace Attempt  1	[8.04 s]
2.0.AG: Iteration  2	[0.47 s]
2.0.J: Trace Attempt  1	[8.18 s]
2.0.L: Trace Attempt  1	[8.20 s]
2.0.J: Trace Attempt  1	[8.31 s]
2.0.AG: Iteration  3	[0.47 s]
2.0.J: Trace Attempt  1	[8.44 s]
2.0.Tri: Trace Attempt 18	[6.38 s]
2.0.AG: Iteration  4	[0.47 s]
2.0.J: Trace Attempt  1	[8.57 s]
2.0.AG: Iteration  5	[0.47 s]
2.0.R: Trace Attempt  5	[8.64 s]
2.0.L: Trace Attempt  2	[8.62 s]
2.0.J: Trace Attempt  1	[8.70 s]
2.0.Hts: Trace Attempt 17	[6.68 s]
2.0.AG: Iteration  6	[0.47 s]
2.0.J: Trace Attempt  1	[8.84 s]
2.0.J: Trace Attempt  1	[8.97 s]
2.0.J: Trace Attempt  1	[9.10 s]
2.0.J: Trace Attempt  1	[9.23 s]
2.0.L: Trace Attempt  3	[9.32 s]
2.0.J: Trace Attempt  1	[9.36 s]
2.0.J: Trace Attempt  1	[9.49 s]
2.0.C2: Iteration  2	[0.09 s]
2.0.J: Trace Attempt  1	[9.63 s]
2.0.J: Trace Attempt  1	[9.76 s]
2.0.C: Iteration  2	[0.09 s]
2.0.C2: Iteration  3	[0.09 s]
2.0.U: Trace Attempt 41	[9.77 s]
2.0.J: Trace Attempt  1	[9.90 s]
2.0.C2: Iteration  4	[0.09 s]
2.0.L: Trace Attempt  4	[9.95 s]
2.0.J: Trace Attempt  1	[10.03 s]
2.0.C: Iteration  3	[0.09 s]
2.0.J: Trace Attempt  1	[10.15 s]
2.0.C: Iteration  4	[0.09 s]
2.0.J: Trace Attempt  1	[10.28 s]
2.0.J: Trace Attempt  1	[10.41 s]
2.0.J: Trace Attempt  1	[10.54 s]
2.0.L: Trace Attempt  5	[10.61 s]
2.0.N: Trace Attempt 11	[8.56 s]
2.0.J: Trace Attempt  1	[10.67 s]
2.0.J: Trace Attempt  1	[10.79 s]
2.0.J: Trace Attempt  1	[10.92 s]
2.0.AB: Trace Attempt  1	[8.94 s]
2.0.AB: Trace Attempt  2	[8.94 s]
2.0.AB: Trace Attempt  3	[8.95 s]
2.0.AB: Trace Attempt  4	[8.95 s]
2.0.AB: Trace Attempt  5	[8.95 s]
2.0.Q3: Restart 3, Seed 8b5c65424248d36f, 50.0%
2.0.Q3: Trace Attempt  1	[11.01 s]
2.0.Q3: Trace Attempt  2	[11.01 s]
2.0.Q3: Trace Attempt  3	[11.01 s]
2.0.J: Trace Attempt  1	[11.05 s]
2.0.Q3: Trace Attempt  4	[11.02 s]
2.0.Q3: Trace Attempt  5	[11.02 s]
2.0.J: Trace Attempt  1	[11.18 s]
2.0.Hps: Trace Attempt 17	[9.14 s]
2.0.M: Trace Attempt 12	[9.11 s]
2.0.J: Trace Attempt  1	[11.31 s]
2.0.J: Trace Attempt  1	[11.44 s]
2.0.J: Trace Attempt  1	[11.56 s]
2.0.Bm: Trace Attempt 10	[11.57 s]
2.0.J: Trace Attempt  1	[11.69 s]
2.0.J: Trace Attempt  1	[11.82 s]
2.0.J: Trace Attempt  1	[11.98 s]
2.0.Hts: Per property time limit expired (10.00 s) [10.00 s]
2.0.Hts: Stopped processing property "mem_core_top.assert_response_bound"	[10.00 s].
2.0.Hts: Starting proof for property "mem_core_top.assert_qed_match"	[0.00 s].
2.0.Hps: Stopped processing property "mem_core_top.assert_response_bound"	[9.98 s].
2.0.Hps: Starting proof for property "mem_core_top.assert_qed_match"	[0.00 s].
2.0.AB: Stopped processing property "mem_core_top.assert_response_bound"	[9.96 s].
2.0.AB: Starting proof for property "mem_core_top.assert_qed_match"	[0.00 s].
2.0.K: Stopped processing property "mem_core_top.assert_response_bound"	[9.89 s].
2.0.K: Starting proof for property "mem_core_top.assert_qed_match"	[0.00 s].
2.0.AM: Stopped processing property "mem_core_top.assert_response_bound"	[9.98 s].
2.0.AM: Starting proof for property "mem_core_top.assert_qed_match"	[0.00 s].
2.0.B: Stopped processing property "mem_core_top.assert_response_bound"	[9.88 s].
2.0.B: Starting proof for property "mem_core_top.assert_qed_match"	[0.00 s].
2.0.AD: Stopped processing property "mem_core_top.assert_response_bound"	[10.00 s].
2.0.AD: Starting proof for property "mem_core_top.assert_qed_match"	[0.00 s].
2.0.N: Stopped processing property "mem_core_top.assert_response_bound"	[9.99 s].
2.0.N: Starting proof for property "mem_core_top.assert_qed_match"	[0.00 s].
2.0.M: Stopped processing property "mem_core_top.assert_response_bound"	[9.95 s].
2.0.M: Starting proof for property "mem_core_top.assert_qed_match"	[0.00 s].
2.0.AG: Stopped processing property "mem_core_top.assert_response_bound"	[9.99 s].
2.0.AG: Starting proof for property "mem_core_top.assert_qed_match"	[0.00 s].
2.0.Tri: Per property time limit expired (10.00 s) [10.00 s]
2.0.Tri: Stopped processing property "mem_core_top.assert_response_bound"	[10.00 s].
2.0.Tri: Starting proof for property "mem_core_top.assert_qed_match"	[0.00 s].
2.0.Tri: Trace Attempt  1	[0.00 s]
2.0.I: Stopped processing property "mem_core_top.assert_response_bound"	[9.98 s].
2.0.I: Starting proof for property "mem_core_top.assert_qed_match"	[0.00 s].
2.0.AB: Trace Attempt  1	[0.03 s]
2.0.AM: Trace Attempt  1	[0.03 s]
2.0.AG: Trace Attempt  1	[0.02 s]
2.0.AB: Trace Attempt  1	[0.03 s]
2.0.C2: Stopped processing property "mem_core_top.assert_response_bound"	[9.93 s].
2.0.AB: Trace Attempt  2	[0.03 s]
2.0.C2: Starting proof for property "mem_core_top.assert_qed_match"	[0.00 s].
2.0.AB: Trace Attempt  3	[0.03 s]
2.0.AB: Trace Attempt  1	[0.04 s]
2.0.AB: Trace Attempt  2	[0.04 s]
2.0.AD: Trace Attempt  1	[0.04 s]
2.0.AB: Trace Attempt  3	[0.04 s]
2.0.AM: Trace Attempt  1	[0.04 s]
2.0.C: Stopped processing property "mem_core_top.assert_response_bound"	[10.01 s].
2.0.C: Starting proof for property "mem_core_top.assert_qed_match"	[0.00 s].
2.0.AM: Trace Attempt  2	[0.04 s]
2.0.AM: Trace Attempt  3	[0.04 s]
2.0.AB: Trace Attempt  4	[0.05 s]
2.0.AD: Trace Attempt  1	[0.05 s]
2.0.AD: Trace Attempt  2	[0.05 s]
2.0.M: Trace Attempt  1	[0.05 s]
2.0.AD: Trace Attempt  3	[0.06 s]
2.0.AM: Trace Attempt  1	[0.06 s]
2.0.AM: Trace Attempt  2	[0.06 s]
2.0.AM: Trace Attempt  3	[0.06 s]
2.0.AD: Trace Attempt  1	[0.07 s]
2.0.AD: Trace Attempt  2	[0.07 s]
2.0.AD: Trace Attempt  3	[0.07 s]
2.0.AM: Trace Attempt  4	[0.07 s]
2.0.AD: Trace Attempt  4	[0.07 s]
2.0.Tri:   11.85" ---- Launching main thread ----
2.0.AG: Partitioning 4 assumptions over 50 inputs...
2.0.J: Trace Attempt  1	[12.14 s]
2.0.M: Trace Attempt  2	[0.12 s]
2.0.B: Trace Attempt  1	[0.13 s]
2.0.Hts: Trace Attempt  1	[0.18 s]
2.0.Hts: Trace Attempt  2	[0.18 s]
2.0.Hts: Trace Attempt  3	[0.18 s]
2.0.Hts: Trace Attempt  4	[0.20 s]
2.0.J: Trace Attempt  1	[12.26 s]
2.0.Hts: Trace Attempt  5	[0.24 s]
2.0.Tri:   12.02" ---- Launching abstraction thread ----
2.0.Tri:   12.05" ---- Launching multi-phase simplification thread ----
2.0.B: Trace Attempt  2	[0.28 s]
2.0.AG: Iteration  1	[0.03 s]
2.0.C2: Trace Attempt  5	[0.28 s]
2.0.AG: Iteration  2	[0.03 s]
2.0.J: Trace Attempt  1	[12.37 s]
2.0.AG: Iteration  3	[0.03 s]
2.0.AM: Trace Attempt  5	[0.33 s]
2.0.AB: Trace Attempt  5	[0.35 s]
2.0.C: Trace Attempt  5	[0.31 s]
2.0.I: Trace Attempt  5	[0.34 s]
2.0.Hps: Trace Attempt  1	[0.37 s]
2.0.K: Trace Attempt  5	[0.37 s]
2.0.M: Trace Attempt  3	[0.38 s]
2.0.AD: Trace Attempt  5	[0.39 s]
2.0.AG: Trace Attempt  1	[0.41 s]
2.0.AG: Trace Attempt  2	[0.41 s]
2.0.AG: Trace Attempt  3	[0.41 s]
2.0.AG: Trace Attempt  4	[0.42 s]
2.0.N: Trace Attempt  5	[0.44 s]
2.0.J: Trace Attempt  1	[12.51 s]
2.0.B: Trace Attempt  3	[0.49 s]
2.0.Hps: Trace Attempt  2	[0.57 s]
2.0.J: Trace Attempt  1	[12.64 s]
2.0.J: Trace Attempt  1	[12.77 s]
2.0.Hps: Trace Attempt  3	[0.82 s]
2.0.AG: Trace Attempt  5	[0.81 s]
2.0.J: Trace Attempt  1	[12.90 s]
2.0.B: Trace Attempt  4	[0.86 s]
2.0.R: Trace Attempt  7	[13.01 s]
2.0.J: Trace Attempt  1	[13.04 s]
2.0.M: Trace Attempt  4	[0.99 s]
2.0.J: Trace Attempt  1	[13.18 s]
2.0.Hps: Trace Attempt  4	[1.15 s]
2.0.B: Trace Attempt  5	[1.24 s]
2.0.J: Trace Attempt  1	[13.31 s]
2.0.J: Trace Attempt  1	[13.45 s]
2.0.D: Stopped processing property "mem_core_top.assert_response_bound"	[11.42 s].
2.0.D: Starting proof for property "mem_core_top.assert_qed_match"	[0.00 s].
2.0.Hps: Trace Attempt  5	[1.51 s]
2.0.J: Trace Attempt  1	[13.58 s]
2.0.K: Trace Attempt  1	[1.57 s]
2.0.K: Trace Attempt  2	[1.57 s]
2.0.K: Trace Attempt  3	[1.58 s]
2.0.K: Trace Attempt  4	[1.59 s]
2.0.K: Trace Attempt  5	[1.59 s]
2.0.J: Trace Attempt  1	[13.72 s]
2.0.D: Trace Attempt  3	[0.28 s]
2.0.J: Trace Attempt  1	[13.87 s]
2.0.U: Trace Attempt 54	[13.93 s]
2.0.R:   13.69" ---- Attempting simultaneous proof of 2 remaining properties ----
2.0.J: Trace Attempt  1	[14.00 s]
2.0.J: Trace Attempt  1	[14.14 s]
2.0.J: Trace Attempt  1	[14.28 s]
2.0.Q3: Restart 4, Seed 26cc4a3045a595e0, 50.0%
2.0.Q3: Trace Attempt  1	[14.29 s]
2.0.Q3: Trace Attempt  2	[14.29 s]
2.0.Q3: Trace Attempt  3	[14.29 s]
2.0.Q3: Trace Attempt  4	[14.29 s]
2.0.Q3: Trace Attempt  5	[14.30 s]
2.0.J: Trace Attempt  1	[14.41 s]
2.0.J: Trace Attempt  1	[14.55 s]
2.0.J: Trace Attempt  1	[14.68 s]
2.0.D: Trace Attempt  4	[1.17 s]
2.0.J: Trace Attempt  1	[14.83 s]
2.0.R: Trace Attempt  1	[14.85 s]
2.0.R: Trace Attempt  2	[14.85 s]
2.0.R: Trace Attempt  3	[14.87 s]
2.0.J: Trace Attempt  1	[14.96 s]
2.0.R: Trace Attempt  4	[14.97 s]
2.0.Tri: Trace Attempt  5	[3.01 s]
2.0.J: Trace Attempt  1	[15.10 s]
2.0.J: Trace Attempt  1	[15.24 s]
2.0.J: Trace Attempt  1	[15.38 s]
2.0.J: Trace Attempt  1	[15.52 s]
2.0.K: Trace Attempt  1	[3.54 s]
2.0.K: Trace Attempt  2	[3.56 s]
2.0.K: Trace Attempt  3	[3.60 s]
2.0.J: Trace Attempt  1	[15.66 s]
2.0.K: Trace Attempt  4	[3.69 s]
2.0.N: Trace Attempt  3	[3.70 s]
2.0.G: Stopped processing property "mem_core_top.assert_qed_match"	[14.72 s].
2.0.G: Next scan (1) will use per property time limit: 1s * 10 ^ 1 = 10s
2.0.G: Starting proof for property "mem_core_top.assert_qed_match"	[0.00 s].
2.0.J: Trace Attempt  1	[15.80 s]
2.0.R: Trace Attempt  5	[15.81 s]
2.0.K: Trace Attempt  5	[3.78 s]
2.0.N: Trace Attempt  4	[3.79 s]
2.0.J: Trace Attempt  1	[15.95 s]
2.0.I: Trace Attempt  2	[4.01 s]
2.0.J: Trace Attempt  1	[16.09 s]
2.0.D: Trace Attempt  5	[2.63 s]
2.0.J: Trace Attempt  1	[16.23 s]
2.0.I: Trace Attempt  3	[4.19 s]
2.0.J: Trace Attempt  1	[16.37 s]
2.0.J: Trace Attempt  1	[16.51 s]
2.0.I: Trace Attempt  4	[4.46 s]
2.0.G2: Stopped processing property "mem_core_top.assert_qed_match"	[15.51 s].
2.0.G2: Next scan (1) will use per property time limit: 1s * 10 ^ 1 = 10s
2.0.G2: Starting proof for property "mem_core_top.assert_qed_match"	[0.00 s].
2.0.J: Trace Attempt  1	[16.64 s]
2.0.J: Trace Attempt  1	[16.78 s]
2.0.J: Trace Attempt  1	[16.92 s]
2.0.J: Trace Attempt  1	[17.06 s]
2.0.J: Trace Attempt  1	[17.21 s]
2.0.J: Trace Attempt  1	[17.36 s]
2.0.J: Trace Attempt  1	[17.50 s]
2.0.Q3: Restart 5, Seed e28d9e7b0b4ce4f, 50.0%
2.0.Q3: Trace Attempt  1	[17.56 s]
2.0.Q3: Trace Attempt  2	[17.56 s]
2.0.Q3: Trace Attempt  3	[17.56 s]
2.0.Q3: Trace Attempt  4	[17.57 s]
2.0.Q3: Trace Attempt  5	[17.57 s]
2.0.J: Trace Attempt  1	[17.65 s]
2.0.J: Trace Attempt  1	[17.80 s]
2.0.J: Trace Attempt  1	[17.93 s]
2.0.U: Trace Attempt 65	[17.95 s]
2.0.J: Trace Attempt  1	[18.07 s]
2.0.J: Trace Attempt  1	[18.21 s]
2.0.J: Trace Attempt  1	[18.36 s]
2.0.J: Trace Attempt  1	[18.50 s]
2.0.J: Trace Attempt  1	[18.64 s]
2.0.J: Trace Attempt  1	[18.79 s]
2.0.J: Trace Attempt  1	[18.93 s]
2.0.J: Trace Attempt  1	[19.07 s]
2.0.L: Trace Attempt  9	[19.13 s]
2.0.J: Trace Attempt  1	[19.21 s]
2.0.Hts: Trace Attempt 10	[7.25 s]
2.0.J: Trace Attempt  1	[19.35 s]
2.0.J: Trace Attempt  1	[19.49 s]
2.0.J: Trace Attempt  1	[19.64 s]
2.0.J: Trace Attempt  1	[19.79 s]
2.0.AB: Trace Attempt  7	[7.77 s]
2.0.Tri: Trace Attempt 10	[7.83 s]
2.0.AM: Trace Attempt  7	[7.85 s]
2.0.J: Trace Attempt  1	[19.93 s]
2.0.C2: Trace Attempt  8	[7.90 s]
2.0.AD: Trace Attempt  7	[7.93 s]
2.0.J: Trace Attempt  1	[20.07 s]
2.0.J: Trace Attempt  1	[20.21 s]
2.0.J: Trace Attempt  1	[20.36 s]
2.0.B: Trace Attempt 10	[8.34 s]
2.0.J: Trace Attempt  1	[20.50 s]
2.0.J: Trace Attempt  1	[20.64 s]
2.0.AG: Trace Attempt  7	[8.62 s]
2.0.C: Trace Attempt  8	[8.63 s]
2.0.J: Trace Attempt  1	[20.77 s]
2.0.Q3: Restart 6, Seed df925f4ea33cfd8e, 50.0%
2.0.Q3: Trace Attempt  1	[20.82 s]
2.0.Q3: Trace Attempt  2	[20.82 s]
2.0.Q3: Trace Attempt  3	[20.82 s]
2.0.Q3: Trace Attempt  4	[20.82 s]
2.0.Q3: Trace Attempt  5	[20.83 s]
2.0.J: Trace Attempt  1	[20.92 s]
2.0.J: Trace Attempt  1	[21.06 s]
2.0.J: Trace Attempt  1	[21.21 s]
2.0.J: Trace Attempt  1	[21.35 s]
2.0.J: Trace Attempt  1	[21.50 s]
2.0.J: Trace Attempt  1	[21.64 s]
2.0.J: Trace Attempt  1	[21.78 s]
2.0.J: Trace Attempt  1	[21.93 s]
2.0.U: Trace Attempt 75	[21.98 s]
2.0.Hts: Per property time limit expired (10.00 s) [10.00 s]
2.0.Hts: Stopped processing property "mem_core_top.assert_qed_match"	[10.00 s].
2.0.Hts: Next scan (2) will use per property time limit: 1s * 10 ^ 2 = 100s
2.0.Hts: Starting proof for property "mem_core_top.assert_response_bound"	[0.00 s].
2.0.Hts: Trace Attempt  1	[0.02 s]
2.0.Hts: Trace Attempt  2	[0.02 s]
2.0.Hts: Trace Attempt  3	[0.02 s]
2.0.Hts: Trace Attempt  4	[0.02 s]
2.0.Hts: Trace Attempt  5	[0.02 s]
2.0.J: Trace Attempt  1	[22.07 s]
2.0.AG: Stopped processing property "mem_core_top.assert_qed_match"	[10.03 s].
2.0.AG: Next scan (2) will use per property time limit: 1s * 10 ^ 2 = 100s
2.0.AG: Starting proof for property "mem_core_top.assert_response_bound"	[0.00 s].
2.0.AB: Stopped processing property "mem_core_top.assert_qed_match"	[10.04 s].
2.0.AB: Next scan (2) will use per property time limit: 1s * 10 ^ 2 = 100s
2.0.AB: Starting proof for property "mem_core_top.assert_response_bound"	[0.00 s].
2.0.AD: Stopped processing property "mem_core_top.assert_qed_match"	[10.04 s].
2.0.AD: Next scan (2) will use per property time limit: 1s * 10 ^ 2 = 100s
2.0.AD: Starting proof for property "mem_core_top.assert_response_bound"	[0.00 s].
2.0.AM: Stopped processing property "mem_core_top.assert_qed_match"	[10.04 s].
2.0.AM: Next scan (2) will use per property time limit: 1s * 10 ^ 2 = 100s
2.0.AM: Starting proof for property "mem_core_top.assert_response_bound"	[0.00 s].
2.0.Hps: Per property time limit expired (10.00 s) [10.06 s]
2.0.Hps: Stopped processing property "mem_core_top.assert_qed_match"	[10.06 s].
2.0.Hps: Next scan (2) will use per property time limit: 1s * 10 ^ 2 = 100s
2.0.Hps: Starting proof for property "mem_core_top.assert_response_bound"	[0.00 s].
2.0.Tri: Per property time limit expired (10.00 s) [10.04 s]
2.0.Tri: Stopped processing property "mem_core_top.assert_qed_match"	[10.04 s].
2.0.Tri: Next scan (2) will use per property time limit: 1s * 10 ^ 2 = 100s
2.0.Tri: Starting proof for property "mem_core_top.assert_response_bound"	[0.00 s].
2.0.Tri: Trace Attempt  1	[0.00 s]
2.0.AG: Trace Attempt  1	[0.02 s]
2.0.AB: Trace Attempt  1	[0.02 s]
2.0.AD: Trace Attempt  1	[0.02 s]
2.0.AM: Trace Attempt  1	[0.02 s]
2.0.AB: Trace Attempt  1	[0.03 s]
2.0.AB: Trace Attempt  2	[0.03 s]
2.0.AB: Trace Attempt  3	[0.03 s]
2.0.AB: Trace Attempt  1	[0.03 s]
2.0.AB: Trace Attempt  2	[0.03 s]
2.0.AD: Trace Attempt  1	[0.03 s]
2.0.AB: Trace Attempt  3	[0.04 s]
2.0.AD: Trace Attempt  2	[0.03 s]
2.0.AM: Trace Attempt  1	[0.03 s]
2.0.AM: Trace Attempt  2	[0.03 s]
2.0.AB: Trace Attempt  4	[0.04 s]
2.0.AB: Trace Attempt  5	[0.04 s]
2.0.AM: Trace Attempt  3	[0.04 s]
2.0.AD: Trace Attempt  3	[0.04 s]
2.0.AD: Trace Attempt  1	[0.04 s]
2.0.AD: Trace Attempt  2	[0.04 s]
2.0.AD: Trace Attempt  3	[0.04 s]
2.0.AD: Trace Attempt  4	[0.05 s]
2.0.AD: Trace Attempt  5	[0.05 s]
2.0.AM: Trace Attempt  1	[0.06 s]
2.0.AM: Trace Attempt  2	[0.06 s]
2.0.AM: Trace Attempt  3	[0.06 s]
2.0.AG: Partitioning 4 assumptions over 50 inputs...
2.0.AM: Trace Attempt  4	[0.06 s]
2.0.AM: Trace Attempt  5	[0.06 s]
2.0.M: Stopped processing property "mem_core_top.assert_qed_match"	[10.10 s].
2.0.M: Next scan (2) will use per property time limit: 1s * 10 ^ 2 = 100s
2.0.M: Starting proof for property "mem_core_top.assert_response_bound"	[0.00 s].
2.0.D: Stopped processing property "mem_core_top.assert_qed_match"	[8.65 s].
2.0.D: Next scan (2) will use per property time limit: 1s * 10 ^ 2 = 100s
2.0.D: Starting proof for property "mem_core_top.assert_response_bound"	[0.00 s].
2.0.M: Trace Attempt  1	[0.02 s]
2.0.M: Trace Attempt  2	[0.02 s]
2.0.I: Stopped processing property "mem_core_top.assert_qed_match"	[10.11 s].
2.0.I: Next scan (2) will use per property time limit: 1s * 10 ^ 2 = 100s
2.0.I: Starting proof for property "mem_core_top.assert_response_bound"	[0.00 s].
2.0.C: Stopped processing property "mem_core_top.assert_qed_match"	[10.09 s].
2.0.C: Next scan (2) will use per property time limit: 1s * 10 ^ 2 = 100s
2.0.C: Starting proof for property "mem_core_top.assert_response_bound"	[0.00 s].
2.0.M: Trace Attempt  3	[0.03 s]
2.0.C2: Stopped processing property "mem_core_top.assert_qed_match"	[10.10 s].
2.0.C2: Next scan (2) will use per property time limit: 1s * 10 ^ 2 = 100s
2.0.C2: Starting proof for property "mem_core_top.assert_response_bound"	[0.00 s].
2.0.Hps: Trace Attempt  1	[0.10 s]
2.0.Hps: Trace Attempt  2	[0.11 s]
2.0.N: Stopped processing property "mem_core_top.assert_qed_match"	[10.16 s].
2.0.N: Next scan (2) will use per property time limit: 1s * 10 ^ 2 = 100s
2.0.N: Starting proof for property "mem_core_top.assert_response_bound"	[0.00 s].
2.0.Hps: Trace Attempt  3	[0.11 s]
2.0.J: Trace Attempt  1	[22.23 s]
2.0.Tri:   21.94" ---- Launching main thread ----
2.0.K: Stopped processing property "mem_core_top.assert_qed_match"	[10.18 s].
2.0.K: Next scan (2) will use per property time limit: 1s * 10 ^ 2 = 100s
2.0.K: Starting proof for property "mem_core_top.assert_response_bound"	[0.00 s].
2.0.I: Trace Attempt  2	[0.07 s]
2.0.I: Trace Attempt  3	[0.08 s]
2.0.B: Stopped processing property "mem_core_top.assert_qed_match"	[10.22 s].
2.0.B: Next scan (2) will use per property time limit: 1s * 10 ^ 2 = 100s
2.0.B: Starting proof for property "mem_core_top.assert_response_bound"	[0.00 s].
2.0.B: Trace Attempt  1	[0.01 s]
2.0.I: Trace Attempt  5	[0.10 s]
2.0.M: Trace Attempt  4	[0.13 s]
2.0.B: Trace Attempt  2	[0.01 s]
2.0.Tri:   22.00" ---- Launching abstraction thread ----
2.0.B: Trace Attempt  3	[0.01 s]
2.0.B: Trace Attempt  4	[0.02 s]
2.0.Tri:   22.01" ---- Launching multi-phase simplification thread ----
2.0.B: Trace Attempt  5	[0.02 s]
2.0.AB: Trace Attempt  1	[0.21 s]
2.0.AB: Trace Attempt  2	[0.21 s]
2.0.AB: Trace Attempt  3	[0.21 s]
2.0.AB: Trace Attempt  4	[0.22 s]
2.0.AB: Trace Attempt  5	[0.22 s]
2.0.M: Trace Attempt  5	[0.15 s]
2.0.AD: Trace Attempt  2	[0.24 s]
2.0.K: Trace Attempt  1	[0.10 s]
2.0.N: Trace Attempt  3	[0.12 s]
2.0.K: Trace Attempt  2	[0.11 s]
2.0.Hps: Trace Attempt  4	[0.23 s]
2.0.K: Trace Attempt  3	[0.11 s]
2.0.AD: Trace Attempt  3	[0.25 s]
2.0.K: Trace Attempt  4	[0.11 s]
2.0.Hps: Trace Attempt  5	[0.24 s]
2.0.K: Trace Attempt  5	[0.12 s]
2.0.AG: Iteration  1	[0.04 s]
2.0.J: Trace Attempt  1	[22.35 s]
2.0.AG: Iteration  2	[0.04 s]
2.0.AG: Iteration  3	[0.04 s]
2.0.AG: Trace Attempt  1	[0.28 s]
2.0.AG: Trace Attempt  2	[0.28 s]
2.0.AG: Trace Attempt  3	[0.28 s]
2.0.AD: Trace Attempt  5	[0.28 s]
2.0.AG: Trace Attempt  4	[0.28 s]
2.0.AG: Trace Attempt  5	[0.28 s]
2.0.AM: Trace Attempt  3	[0.28 s]
2.0.AM: Trace Attempt  5	[0.34 s]
2.0.N: Trace Attempt  5	[0.22 s]
2.0.J: Trace Attempt  1	[22.48 s]
2.0.Tri:   22.26" Simplification phase 1 complete
2.0.J: Trace Attempt  1	[22.62 s]
2.0.Tri:   22.43" Simplification phase 2 complete
2.0.J: Trace Attempt  1	[22.75 s]
2.0.C: Partitioning 4 assumptions over 1 inputs...
2.0.C2: Partitioning 4 assumptions over 1 inputs...
2.0.J: Trace Attempt  1	[22.88 s]
2.0.J: Trace Attempt  1	[23.00 s]
2.0.AG: Partitioning 4 assumptions over 16 inputs...
2.0.Tri:   22.77" Simplification phase 3 complete
  22.77" ---- Completed simplification thread ----
2.0.Tri:   22.77" ---- Restarting main thread on simplified netlist ----
2.0.Tri:   22.80" ---- Restarting abstraction thread on simplified netlist ----
2.0.J: Trace Attempt  1	[23.13 s]
2.0.J: Trace Attempt  1	[23.25 s]
2.0.J: Trace Attempt  1	[23.38 s]
2.0.J: Trace Attempt  1	[23.51 s]
2.0.J: Trace Attempt  1	[23.64 s]
2.0.J: Trace Attempt  1	[23.77 s]
2.0.J: Trace Attempt  1	[23.90 s]
2.0.J: Trace Attempt  1	[24.03 s]
2.0.J: Trace Attempt  1	[24.16 s]
2.0.Q3: Restart 7, Seed ad1bcd2c5db7334b, 50.0%
2.0.Q3: Trace Attempt  1	[24.20 s]
2.0.Q3: Trace Attempt  2	[24.20 s]
2.0.Q3: Trace Attempt  3	[24.21 s]
2.0.Q3: Trace Attempt  4	[24.21 s]
2.0.Q3: Trace Attempt  5	[24.21 s]
2.0.J: Trace Attempt  1	[24.29 s]
2.0.J: Trace Attempt  1	[24.41 s]
2.0.J: Trace Attempt  1	[24.54 s]
2.0.J: Trace Attempt  1	[24.66 s]
2.0.J: Trace Attempt  1	[24.80 s]
2.0.J: Trace Attempt  1	[24.93 s]
2.0.J: Trace Attempt  1	[25.06 s]
2.0.J: Trace Attempt  1	[25.18 s]
2.0.J: Trace Attempt  1	[25.30 s]
2.0.R: Trace Attempt  6	[25.35 s]
2.0.J: Trace Attempt  1	[25.43 s]
2.0.J: Trace Attempt  1	[25.55 s]
2.0.J: Trace Attempt  1	[25.67 s]
2.0.J: Trace Attempt  1	[25.80 s]
2.0.J: Trace Attempt  1	[25.93 s]
2.0.J: Trace Attempt  1	[26.06 s]
2.0.J: Trace Attempt  1	[26.19 s]
2.0.J: Trace Attempt  1	[26.32 s]
2.0.J: Trace Attempt  1	[26.45 s]
2.0.U: Trace Attempt 85	[26.43 s]
2.0.M: Trace Attempt 10	[4.32 s]
2.0.AG: Iteration  1	[0.46 s]
2.0.J: Trace Attempt  1	[26.57 s]
2.0.AB: Trace Attempt 15	[4.59 s]
2.0.J: Trace Attempt  1	[26.71 s]
2.0.J: Trace Attempt  1	[26.84 s]
2.0.J: Trace Attempt  1	[26.97 s]
2.0.AM: Trace Attempt 13	[4.94 s]
2.0.J: Trace Attempt  1	[27.11 s]
2.0.Hps: Trace Attempt 15	[5.09 s]
2.0.J: Trace Attempt  1	[27.24 s]
2.0.AD: Trace Attempt 15	[5.19 s]
2.0.C2: Iteration  1	[0.10 s]
2.0.C: Iteration  1	[0.10 s]
2.0.J: Trace Attempt  1	[27.36 s]
2.0.B: Trace Attempt 17	[5.19 s]
2.0.J: Trace Attempt  1	[27.49 s]
2.0.Q3: Restart 8, Seed 809a06ee30b14492, 50.0%
2.0.Q3: Trace Attempt  1	[27.55 s]
2.0.Q3: Trace Attempt  2	[27.55 s]
2.0.Q3: Trace Attempt  3	[27.55 s]
2.0.Q3: Trace Attempt  4	[27.56 s]
2.0.Q3: Trace Attempt  5	[27.56 s]
2.0.J: Trace Attempt  1	[27.62 s]
2.0.J: Trace Attempt  1	[27.74 s]
2.0.J: Trace Attempt  1	[27.87 s]
2.0.J: Trace Attempt  1	[27.99 s]
2.0.J: Trace Attempt  1	[28.11 s]
2.0.J: Trace Attempt  1	[28.24 s]
2.0.J: Trace Attempt  1	[28.36 s]
2.0.K: Trace Attempt 17	[6.22 s]
2.0.J: Trace Attempt  1	[28.49 s]
2.0.AG: Iteration  2	[0.46 s]
2.0.J: Trace Attempt  1	[28.62 s]
2.0.AG: Iteration  3	[0.46 s]
2.0.J: Trace Attempt  1	[28.76 s]
2.0.AG: Iteration  4	[0.46 s]
2.0.Hts: Trace Attempt 17	[6.85 s]
2.0.J: Trace Attempt  1	[28.91 s]
2.0.AG: Iteration  5	[0.46 s]
2.0.J: Trace Attempt  1	[29.06 s]
2.0.AG: Iteration  6	[0.46 s]
2.0.J: Trace Attempt  1	[29.18 s]
2.0.J: Trace Attempt  1	[29.31 s]
2.0.J: Trace Attempt  1	[29.45 s]
2.0.J: Trace Attempt  1	[29.58 s]
2.0.C2: Iteration  2	[0.10 s]
2.0.J: Trace Attempt  1	[29.73 s]
2.0.C: Iteration  2	[0.10 s]
2.0.J: Trace Attempt  1	[29.86 s]
2.0.C2: Iteration  3	[0.10 s]
2.0.J: Trace Attempt  1	[29.99 s]
2.0.C: Iteration  3	[0.10 s]
2.0.J: Trace Attempt  1	[30.13 s]
2.0.C2: Iteration  4	[0.10 s]
2.0.C: Iteration  4	[0.10 s]
2.0.J: Trace Attempt  1	[30.26 s]
2.0.J: Trace Attempt  1	[30.40 s]
2.0.J: Trace Attempt  1	[30.53 s]
2.0.U: Trace Attempt 94	[30.57 s]
2.0.J: Trace Attempt  1	[30.66 s]
2.0.J: Trace Attempt  1	[30.79 s]
2.0.N: Trace Attempt 11	[8.69 s]
2.0.J: Trace Attempt  1	[30.92 s]
2.0.J: Trace Attempt  1	[31.05 s]
2.0.Ht: Trace Attempt 11	[31.05 s]
2.0.Q3: Restart 9, Seed fa0a0831c7a90d1a, 50.0%
2.0.Q3: Trace Attempt  1	[31.03 s]
2.0.Q3: Trace Attempt  2	[31.03 s]
2.0.Q3: Trace Attempt  3	[31.04 s]
2.0.Q3: Trace Attempt  4	[31.04 s]
2.0.Q3: Trace Attempt  5	[31.05 s]
2.0.J: Trace Attempt  1	[31.17 s]
2.0.J: Trace Attempt  1	[31.31 s]
2.0.J: Trace Attempt  1	[31.44 s]
2.0.AB: Trace Attempt  1	[9.45 s]
2.0.AB: Trace Attempt  2	[9.45 s]
2.0.AB: Trace Attempt  3	[9.45 s]
2.0.AB: Trace Attempt  4	[9.46 s]
2.0.AB: Trace Attempt  5	[9.46 s]
2.0.J: Trace Attempt  1	[31.57 s]
2.0.J: Trace Attempt  1	[31.70 s]
2.0.AD: Trace Attempt  2	[9.73 s]
2.0.J: Trace Attempt  1	[31.83 s]
2.0.AD: Trace Attempt  3	[9.74 s]
2.0.AD: Trace Attempt  5	[9.78 s]
2.0.J: Trace Attempt  1	[31.96 s]
2.0.L: Trace Attempt 10	[32.04 s]
2.0.J: Trace Attempt  1	[32.09 s]
2.0.J: Trace Attempt  1	[32.21 s]
2.0.Hps: Trace Attempt 17	[10.19 s]
2.0.J: Trace Attempt  1	[32.34 s]
2.0.J: Trace Attempt  1	[32.47 s]
2.0.J: Trace Attempt  1	[32.60 s]
2.0.AM: Trace Attempt 15	[10.56 s]
2.0.J: Trace Attempt  1	[32.73 s]
2.0.J: Trace Attempt  1	[32.85 s]
2.0.AG: Iteration  7	[0.46 s]
2.0.J: Trace Attempt  1	[32.99 s]
2.0.J: Trace Attempt  1	[33.13 s]
2.0.AG: Iteration  8	[0.46 s]
2.0.J: Trace Attempt  1	[33.27 s]
2.0.J: Trace Attempt  1	[33.41 s]
2.0.R: Trace Attempt  7	[33.41 s]
2.0.J: Trace Attempt  1	[33.54 s]
2.0.J: Trace Attempt  1	[33.67 s]
2.0.J: Trace Attempt  1	[33.83 s]
2.0.J: Trace Attempt  1	[33.98 s]
2.0.J: Trace Attempt  1	[34.12 s]
2.0.J: Trace Attempt  1	[34.27 s]
2.0.Tri: Trace Attempt 19	[12.29 s]
2.0.J: Trace Attempt  1	[34.42 s]
2.0.U: Trace Attempt  1	[34.51 s]
2.0.J: Trace Attempt  1	[34.56 s]
2.0.J: Trace Attempt  1	[34.70 s]
2.0.Q3: Restart 10, Seed a519386cbb21da3c, 50.0%
2.0.Q3: Trace Attempt  1	[34.75 s]
2.0.Q3: Trace Attempt  2	[34.75 s]
2.0.Q3: Trace Attempt  3	[34.76 s]
2.0.Q3: Trace Attempt  4	[34.76 s]
2.0.Q3: Trace Attempt  5	[34.77 s]
2.0.J: Trace Attempt  1	[34.85 s]
2.0.U: Trace Attempt  2	[34.85 s]
2.0.C2: Iteration  5	[0.10 s]
2.0.J: Trace Attempt  1	[34.99 s]
2.0.C: Iteration  5	[0.10 s]
2.0.C2: Iteration  6	[0.10 s]
2.0.J: Trace Attempt  1	[35.14 s]
2.0.G: Stopped processing property "mem_core_top.assert_qed_match"	[19.46 s].
2.0.G: Next scan (2) will use per property time limit: 1s * 10 ^ 2 = 100s
2.0.G: Starting proof for property "mem_core_top.assert_response_bound"	[0.00 s].
2.0.J: Trace Attempt  1	[35.27 s]
2.0.U: Trace Attempt  3	[35.29 s]
2.0.C2: Iteration  7	[0.10 s]
2.0.J: Trace Attempt  1	[35.39 s]
2.0.C: Iteration  6	[0.10 s]
2.0.B: Trace Attempt 19	[13.14 s]
2.0.J: Trace Attempt  1	[35.53 s]
2.0.U: Trace Attempt  4	[35.51 s]
2.0.C2: Iteration  8	[0.10 s]
2.0.J: Trace Attempt  1	[35.66 s]
2.0.G: Partitioning 4 assumptions over 1 inputs...
2.0.C: Iteration  7	[0.10 s]
2.0.U: Trace Attempt  5	[35.72 s]
2.0.J: Trace Attempt  1	[35.78 s]
2.0.AB: Trace Attempt 15	[13.75 s]
2.0.J: Trace Attempt  1	[35.90 s]
2.0.C: Iteration  8	[0.10 s]
2.0.J: Trace Attempt  1	[36.04 s]
2.0.N: Trace Attempt 13	[13.82 s]
2.0.J: Trace Attempt  1	[36.18 s]
2.0.G2: Stopped processing property "mem_core_top.assert_qed_match"	[19.74 s].
2.0.G2: Next scan (2) will use per property time limit: 1s * 10 ^ 2 = 100s
2.0.G2: Starting proof for property "mem_core_top.assert_response_bound"	[0.00 s].
2.0.J: Trace Attempt  1	[36.31 s]
2.0.J: Trace Attempt  1	[36.44 s]
2.0.J: Trace Attempt  1	[36.58 s]
2.0.J: Trace Attempt  1	[36.71 s]
2.0.G2: Partitioning 4 assumptions over 1 inputs...
2.0.J: Trace Attempt  1	[36.86 s]
2.0.J: Trace Attempt  1	[36.98 s]
2.0.D: Trace Attempt 14	[14.86 s]
2.0.J: Trace Attempt  1	[37.12 s]
2.0.J: Trace Attempt  1	[37.26 s]
2.0.J: Trace Attempt  1	[37.40 s]
2.0.Bm: Trace Attempt 11	[37.41 s]
2.0.J: Trace Attempt  1	[37.53 s]
2.0.K: Trace Attempt 19	[15.31 s]
2.0.J: Trace Attempt  1	[37.66 s]
2.0.J: Trace Attempt  1	[37.80 s]
2.0.J: Trace Attempt  1	[37.93 s]
2.0.J: Trace Attempt  1	[38.07 s]
2.0.J: Trace Attempt  1	[38.23 s]
2.0.J: Trace Attempt  1	[38.36 s]
2.0.Q3: Restart 11, Seed ff44f3af13d329b4, 50.0%
2.0.Q3: Trace Attempt  1	[38.42 s]
2.0.Q3: Trace Attempt  2	[38.42 s]
2.0.Q3: Trace Attempt  3	[38.43 s]
2.0.Q3: Trace Attempt  4	[38.43 s]
2.0.Q3: Trace Attempt  5	[38.44 s]
2.0.J: Trace Attempt  1	[38.50 s]
2.0.J: Trace Attempt  1	[38.63 s]
2.0.R: Trace Attempt  9	[38.76 s]
2.0.J: Trace Attempt  1	[38.77 s]
2.0.J: Trace Attempt  1	[38.90 s]
2.0.Hts: Trace Attempt 19	[16.94 s]
2.0.J: Trace Attempt  1	[39.04 s]
2.0.J: Trace Attempt  1	[39.17 s]
2.0.AG: Iteration  9	[0.46 s]
2.0.J: Trace Attempt  1	[39.31 s]
2.0.J: Trace Attempt  1	[39.45 s]
2.0.J: Trace Attempt  1	[39.58 s]
2.0.AG: Iteration 10	[0.46 s]
2.0.AG: Trace Attempt  8	[17.61 s]
2.0.J: Trace Attempt  1	[39.72 s]
2.0.U: Trace Attempt 25	[39.82 s]
2.0.J: Trace Attempt  1	[39.86 s]
2.0.J: Trace Attempt  1	[39.99 s]
2.0.J: Trace Attempt  1	[40.13 s]
2.0.J: Trace Attempt  1	[40.26 s]
2.0.J: Trace Attempt  1	[40.39 s]
2.0.N: Trace Attempt 14	[18.27 s]
2.0.J: Trace Attempt  1	[40.53 s]
2.0.J: Trace Attempt  1	[40.67 s]
2.0.J: Trace Attempt  1	[40.80 s]
2.0.G: Iteration  1	[0.00 s]
2.0.J: Trace Attempt  1	[40.94 s]
2.0.J: Trace Attempt  1	[41.07 s]
2.0.Hps: Trace Attempt 18	[19.00 s]
2.0.J: Trace Attempt  1	[41.21 s]
2.0.J: Trace Attempt  1	[41.34 s]
2.0.G2: Iteration  1	[0.00 s]
2.0.J: Trace Attempt  1	[41.48 s]
2.0.AM: Trace Attempt 16	[19.41 s]
2.0.J: Trace Attempt  1	[41.61 s]
2.0.J: Trace Attempt  1	[41.75 s]
2.0.J: Trace Attempt  1	[41.89 s]
2.0.B: Trace Attempt 20	[19.63 s]
2.0.J: Trace Attempt  1	[42.03 s]
2.0.J: Trace Attempt  1	[42.16 s]
2.0.Q3: Restart 12, Seed ce91d6ad72ca8e89, 50.0%
2.0.Q3: Trace Attempt  1	[42.16 s]
2.0.Q3: Trace Attempt  2	[42.16 s]
2.0.Q3: Trace Attempt  3	[42.17 s]
2.0.Q3: Trace Attempt  4	[42.17 s]
2.0.Q3: Trace Attempt  5	[42.17 s]
2.0.J: Trace Attempt  1	[42.30 s]
2.0.J: Trace Attempt  1	[42.43 s]
2.0.J: Trace Attempt  1	[42.57 s]
2.0.J: Trace Attempt  1	[42.70 s]
2.0.J: Trace Attempt  1	[42.84 s]
2.0.J: Trace Attempt  1	[42.97 s]
2.0.R: Trace Attempt 10	[43.03 s]
2.0.J: Trace Attempt  1	[43.10 s]
2.0.J: Trace Attempt  1	[43.24 s]
2.0.J: Trace Attempt  1	[43.37 s]
2.0.C2: Iteration  9	[0.10 s]
2.0.J: Trace Attempt  1	[43.50 s]
2.0.G: Iteration  2	[0.00 s]
2.0.J: Trace Attempt  1	[43.64 s]
2.0.G2: Iteration  2	[0.00 s]
2.0.G: Iteration  3	[0.00 s]
2.0.J: Trace Attempt  1	[43.78 s]
2.0.U: Trace Attempt 40	[43.84 s]
2.0.G2: Iteration  3	[0.00 s]
2.0.G: Iteration  4	[0.00 s]
2.0.J: Trace Attempt  1	[43.91 s]
2.0.C2: Iteration 10	[0.10 s]
2.0.G2: Iteration  4	[0.00 s]
2.0.J: Trace Attempt  1	[44.04 s]
2.0.AG: Trace Attempt 15	[21.99 s]
2.0.C: Iteration  9	[0.10 s]
2.0.Tri: Trace Attempt 20	[22.06 s]
2.0.J: Trace Attempt  1	[44.18 s]
2.0.J: Trace Attempt  1	[44.31 s]
2.0.J: Trace Attempt  1	[44.45 s]
2.0.J: Trace Attempt  1	[44.58 s]
2.0.C: Iteration 10	[0.10 s]
2.0.J: Trace Attempt  1	[44.71 s]
2.0.J: Trace Attempt  1	[44.84 s]
2.0.J: Trace Attempt  1	[44.97 s]
2.0.J: Trace Attempt  1	[45.10 s]
2.0.J: Trace Attempt  1	[45.24 s]
2.0.K: Trace Attempt 20	[23.10 s]
2.0.J: Trace Attempt  1	[45.37 s]
2.0.J: Trace Attempt  1	[45.50 s]
2.0.Q3: Restart 13, Seed 67641ffd851c5bd6, 50.0%
2.0.Q3: Trace Attempt  1	[45.53 s]
2.0.Q3: Trace Attempt  2	[45.53 s]
2.0.Q3: Trace Attempt  3	[45.54 s]
2.0.Q3: Trace Attempt  4	[45.54 s]
2.0.Q3: Trace Attempt  5	[45.55 s]
2.0.J: Trace Attempt  1	[45.64 s]
2.0.J: Trace Attempt  1	[45.77 s]
2.0.J: Trace Attempt  1	[45.90 s]
2.0.J: Trace Attempt  1	[46.03 s]
2.0.J: Trace Attempt  1	[46.16 s]
2.0.J: Trace Attempt  1	[46.30 s]
2.0.J: Trace Attempt  1	[46.43 s]
2.0.J: Trace Attempt  1	[46.56 s]
2.0.Hps: Trace Attempt 19	[24.53 s]
2.0.J: Trace Attempt  1	[46.69 s]
2.0.J: Trace Attempt  1	[46.82 s]
2.0.R:   46.58" ---- Attempting simultaneous proof of 2 remaining properties ----
2.0.J: Trace Attempt  1	[46.96 s]
2.0.M: Trace Attempt 13	[24.86 s]
2.0.J: Trace Attempt  1	[47.10 s]
2.0.J: Trace Attempt  1	[47.23 s]
2.0.J: Trace Attempt  1	[47.37 s]
2.0.AB: Trace Attempt 17	[25.37 s]
2.0.J: Trace Attempt  1	[47.50 s]
2.0.J: Trace Attempt  1	[47.63 s]
2.0.J: Trace Attempt  1	[47.76 s]
2.0.J: Trace Attempt  1	[47.89 s]
2.0.R: Trace Attempt  1	[47.94 s]
2.0.R: Trace Attempt  2	[47.94 s]
2.0.R: Trace Attempt  3	[47.98 s]
2.0.J: Trace Attempt  1	[48.02 s]
2.0.U: Trace Attempt 53	[48.05 s]
2.0.R: Trace Attempt  4	[48.13 s]
2.0.J: Trace Attempt  1	[48.16 s]
2.0.N: Trace Attempt 15	[26.07 s]
2.0.J: Trace Attempt  1	[48.29 s]
2.0.J: Trace Attempt  1	[48.43 s]
2.0.J: Trace Attempt  1	[48.56 s]
2.0.J: Trace Attempt  1	[48.69 s]
2.0.AG: Partitioning 4 assumptions over 1 inputs...
2.0.J: Trace Attempt  1	[48.83 s]
2.0.J: Trace Attempt  1	[48.96 s]
2.0.J: Trace Attempt  1	[49.10 s]
2.0.Q3: Restart 14, Seed 11e1398a95ac4fbb, 50.0%
2.0.Q3: Trace Attempt  1	[49.16 s]
2.0.Q3: Trace Attempt  2	[49.16 s]
2.0.Q3: Trace Attempt  3	[49.17 s]
2.0.Q3: Trace Attempt  4	[49.17 s]
2.0.Q3: Trace Attempt  5	[49.18 s]
2.0.G2: Iteration  5	[0.00 s]
2.0.J: Trace Attempt  1	[49.23 s]
2.0.R: Trace Attempt  5	[49.23 s]
2.0.J: Trace Attempt  1	[49.37 s]
2.0.J: Trace Attempt  1	[49.50 s]
2.0.G: Iteration  5	[0.00 s]
2.0.J: Trace Attempt  1	[49.63 s]
2.0.J: Trace Attempt  1	[49.77 s]
2.0.J: Trace Attempt  1	[49.91 s]
2.0.J: Trace Attempt  1	[50.05 s]
2.0.J: Trace Attempt  1	[50.19 s]
2.0.J: Trace Attempt  1	[50.31 s]
2.0.J: Trace Attempt  1	[50.45 s]
2.0.J: Trace Attempt  1	[50.60 s]
2.0.J: Trace Attempt  1	[50.75 s]
2.0.J: Trace Attempt  1	[50.88 s]
2.0.J: Trace Attempt  1	[51.00 s]
2.0.J: Trace Attempt  1	[51.13 s]
2.0.J: Trace Attempt  1	[51.26 s]
2.0.B: Trace Attempt 21	[29.06 s]
2.0.J: Trace Attempt  1	[51.40 s]
2.0.J: Trace Attempt  1	[51.55 s]
2.0.J: Trace Attempt  1	[51.69 s]
2.0.J: Trace Attempt  1	[51.82 s]
2.0.J: Trace Attempt  1	[51.95 s]
2.0.J: Trace Attempt  1	[52.08 s]
2.0.U: Trace Attempt 64	[52.09 s]
2.0.J: Trace Attempt  1	[52.20 s]
2.0.J: Trace Attempt  1	[52.33 s]
2.0.J: Trace Attempt  1	[52.46 s]
2.0.J: Trace Attempt  1	[52.59 s]
2.0.AG: Iteration  1	[26.43 s]
2.0.J: Trace Attempt  1	[52.72 s]
2.0.J: Trace Attempt  1	[52.85 s]
2.0.J: Trace Attempt  1	[52.98 s]
2.0.Q3: Restart 15, Seed 6d10126a45396f7b, 50.0%
2.0.Q3: Trace Attempt  1	[52.95 s]
2.0.Q3: Trace Attempt  2	[52.95 s]
2.0.Q3: Trace Attempt  3	[52.95 s]
2.0.Q3: Trace Attempt  4	[52.96 s]
2.0.M: Trace Attempt 14	[30.84 s]
2.0.Q3: Trace Attempt  5	[52.96 s]
2.0.Hts: Trace Attempt 20	[30.98 s]
2.0.J: Trace Attempt  1	[53.10 s]
2.0.J: Trace Attempt  1	[53.24 s]
2.0.J: Trace Attempt  1	[53.38 s]
2.0.J: Trace Attempt  1	[53.51 s]
2.0.J: Trace Attempt  1	[53.63 s]
2.0.J: Trace Attempt  1	[53.75 s]
2.0.J: Trace Attempt  1	[53.89 s]
2.0.K: Trace Attempt 21	[31.72 s]
2.0.J: Trace Attempt  1	[54.02 s]
2.0.J: Trace Attempt  1	[54.15 s]
2.0.AG: Iteration  2	[26.43 s]
2.0.J: Trace Attempt  1	[54.27 s]
2.0.J: Trace Attempt  1	[54.41 s]
2.0.AG: Iteration  3	[26.43 s]
2.0.J: Trace Attempt  1	[54.54 s]
2.0.AG: Iteration  4	[26.43 s]
2.0.AG: Iteration  5	[26.43 s]
2.0.J: Trace Attempt  1	[54.68 s]
2.0.J: Trace Attempt  1	[54.81 s]
2.0.J: Trace Attempt  1	[54.95 s]
2.0.J: Trace Attempt  1	[55.09 s]
2.0.J: Trace Attempt  1	[55.22 s]
2.0.J: Trace Attempt  1	[55.35 s]
2.0.J: Trace Attempt  1	[55.50 s]
2.0.J: Trace Attempt  1	[55.63 s]
2.0.J: Trace Attempt  1	[55.80 s]
2.0.J: Trace Attempt  1	[55.96 s]
2.0.J: Trace Attempt  1	[56.10 s]
2.0.J: Trace Attempt  1	[56.23 s]
2.0.J: Trace Attempt  1	[56.37 s]
2.0.J: Trace Attempt  1	[56.51 s]
2.0.U: Trace Attempt 75	[56.53 s]
2.0.J: Trace Attempt  1	[56.64 s]
2.0.Q3: Restart 16, Seed ce87a9ee7f2ec02a, 50.0%
2.0.Q3: Trace Attempt  1	[56.74 s]
2.0.J: Trace Attempt  1	[56.77 s]
2.0.Q3: Trace Attempt  2	[56.74 s]
2.0.Q3: Trace Attempt  3	[56.74 s]
2.0.Q3: Trace Attempt  4	[56.75 s]
2.0.Q3: Trace Attempt  5	[56.75 s]
2.0.J: Trace Attempt  1	[56.91 s]
2.0.J: Trace Attempt  1	[57.04 s]
2.0.J: Trace Attempt  1	[57.18 s]
2.0.J: Trace Attempt  1	[57.31 s]
2.0.J: Trace Attempt  1	[57.45 s]
2.0.AG: Iteration  6	[26.43 s]
2.0.J: Trace Attempt  1	[57.59 s]
2.0.J: Trace Attempt  1	[57.73 s]
2.0.AG: Iteration  7	[26.43 s]
2.0.J: Trace Attempt  1	[57.86 s]
2.0.AG: Iteration  8	[26.43 s]
2.0.J: Trace Attempt  1	[57.99 s]
2.0.J: Trace Attempt  1	[58.13 s]
2.0.J: Trace Attempt  1	[58.26 s]
2.0.J: Trace Attempt  1	[58.38 s]
2.0.J: Trace Attempt  1	[58.52 s]
2.0.N: Trace Attempt 16	[36.44 s]
2.0.J: Trace Attempt  1	[58.66 s]
2.0.J: Trace Attempt  1	[58.81 s]
2.0.C2: Iteration 11	[0.10 s]
2.0.J: Trace Attempt  1	[58.95 s]
2.0.R: Trace Attempt  6	[58.95 s]
2.0.J: Trace Attempt  1	[59.09 s]
2.0.J: Trace Attempt  1	[59.23 s]
2.0.J: Trace Attempt  1	[59.37 s]
2.0.J: Trace Attempt  1	[59.51 s]
2.0.C2: Iteration 12	[0.10 s]
2.0.J: Trace Attempt  1	[59.65 s]
2.0.J: Trace Attempt  1	[59.78 s]
2.0.Hps: Trace Attempt 20	[37.75 s]
2.0.J: Trace Attempt  1	[59.92 s]
2.0.J: Trace Attempt  1	[60.06 s]
2.0.G2: Iteration  6	[0.00 s]
Initiating shutdown of proof (@ 60.19 s)
2.0.Hts: Stopped processing property "mem_core_top.assert_response_bound"	[38.15 s].
2.0.Hts: All properties either determined or skipped. [59.52 s]
2.0.Hps: Stopped processing property "mem_core_top.assert_response_bound"	[38.09 s].
2.0.Hps: All properties either determined or skipped. [59.91 s]
2.0.Q3: Trace Attempt 191	[60.16 s]
2.0.Q3: Interrupted. [59.33 s]
2.0.Ht: Interrupted (multi)
2.0.Ht: Interrupted. [59.84 s]
2.0.J: Interrupted (multi)
2.0.J: Trace Attempt 180	[60.20 s]
2.0.J: Interrupted. [59.67 s]
2.0.Hts: Exited with Success (@ 60.20 s)
2.0.K: Stopped processing property "mem_core_top.assert_response_bound"	[37.97 s].
2.0.K: All properties either determined or skipped. [59.73 s]
2.0.B: Stopped processing property "mem_core_top.assert_response_bound"	[37.93 s].
2.0.J: Exited with Success (@ 60.20 s)
2.0.Hp: Interrupted (multi)
2.0.Hp: Trace Attempt  6	[2.87 s]
2.0.Hp: Interrupted. [59.90 s]
2.0.Ht: Exited with Success (@ 60.20 s)
2.0.AM: Stopped processing property "mem_core_top.assert_response_bound"	[38.11 s].
2.0.AM: All properties either determined or skipped. [59.21 s]
2.0.Q3: Exited with Success (@ 60.21 s)
2.0.D: Stopped processing property "mem_core_top.assert_response_bound"	[38.03 s].
2.0.D: All properties either determined or skipped. [58.88 s]
2.0.M: Stopped processing property "mem_core_top.assert_response_bound"	[38.05 s].
2.0.M: All properties either determined or skipped. [59.81 s]
2.0.Hps: Exited with Success (@ 60.21 s)
2.0.AB: Stopped processing property "mem_core_top.assert_response_bound"	[38.12 s].
2.0.AB: All properties either determined or skipped. [59.80 s]
2.0.B: All properties either determined or skipped. [59.90 s]
2.0.N: Stopped processing property "mem_core_top.assert_response_bound"	[37.99 s].
2.0.N: All properties either determined or skipped. [59.64 s]
2.0.K: Exited with Success (@ 60.21 s)
2.0.Hp: Exited with Success (@ 60.22 s)
2.0.B: Exited with Success (@ 60.22 s)
2.0.AB: Exited with Success (@ 60.22 s)
2.0.N: Exited with Success (@ 60.22 s)
2.0.AD: Stopped processing property "mem_core_top.assert_response_bound"	[38.13 s].
2.0.AD: Trace Attempt 12	[11.80 s]
2.0.AD: All properties either determined or skipped. [59.68 s]
2.0.M: Exited with Success (@ 60.22 s)
2.0.AM: Exited with Success (@ 60.23 s)
2.0.D: Exited with Success (@ 60.23 s)
2.0.AD: Exited with Success (@ 60.23 s)
2.0.G: Stopped processing property "mem_core_top.assert_response_bound"	[24.99 s].
2.0.G: All properties either determined or skipped. [59.85 s]
2.0.AG: Stopped processing property "mem_core_top.assert_response_bound"	[38.14 s].
2.0.AG: All properties either determined or skipped. [59.54 s]
2.0.G: Exited with Success (@ 60.24 s)
2.0.AG: Exited with Success (@ 60.24 s)
2.0.Tri: Stopped processing property "mem_core_top.assert_response_bound"	[38.14 s].
2.0.Tri: All properties either determined or skipped. [0.09 s]
2.0.Tri: Exited with Success (@ 60.26 s)
2.0.C: Iteration 11	[0.10 s]
2.0.C: Stopped processing property "mem_core_top.assert_response_bound"	[38.11 s].
2.0.C: Trace Attempt  8	[0.03 s]
2.0.C: All properties either determined or skipped. [59.74 s]
2.0.C: Exited with Success (@ 60.30 s)
2.0.L: Interrupted. [59.60 s]
2.0.Bm: Next scan (0) will use per property time limit: 1s * 10 ^ 0 = 1s
2.0.Bm: Interrupted. [59.78 s]
2.0.Bm: Exited with Success (@ 60.34 s)
2.0.L: Exited with Success (@ 60.35 s)
2.0.R: All properties either determined or skipped. [0.10 s]
2.0.R: Exited with Success (@ 60.37 s)
2.0.I: Stopped processing property "mem_core_top.assert_response_bound"	[38.19 s].
2.0.I: Trace Attempt 12	[2.36 s]
2.0.I: All properties either determined or skipped. [59.50 s]
2.0.I: Exited with Success (@ 60.39 s)
2.0.C2: Iteration 13	[0.10 s]
2.0.C2: Stopped processing property "mem_core_top.assert_response_bound"	[38.24 s].
2.0.C2: Trace Attempt  8	[0.03 s]
2.0.C2: All properties either determined or skipped. [59.94 s]
2.0.C2: Exited with Success (@ 60.44 s)
2.0.G2: Iteration  7	[0.00 s]
2.0.G2: Stopped processing property "mem_core_top.assert_response_bound"	[24.29 s].
2.0.G2: All properties either determined or skipped. [60.24 s]
2.0.G2: Exited with Success (@ 60.61 s)
2.0.U: Next scan (0) will use per property time limit: 1s * 10 ^ 0 = 1s
2.0.U: Trace Attempt 83	[60.08 s]
2.0.U: Interrupted. [60.06 s]
2.0.U: Exited with Success (@ 60.67 s)
ProofGrid usable level: 0
ProofGrid usable level: 0
All pending notifications were processed.
INFO (IPM007): "prove" command stopped.

==============================================================
SUMMARY
==============================================================
	Properties Considered : 9
	      assertions      : 2
	       - proven       : 0 (0%)
	       - marked_proven: 0 (0%)
	       - cex          : 0 (0%)
	       - ar_cex       : 0 (0%)
	       - undetermined : 2 (100%)
	       - unprocessed  : 0 (0%)
	       - error        : 0 (0%)
	      covers          : 7
	       - unreachable  : 0 (0%)
	       - covered      : 7 (100%)
	       - ar_covered   : 0 (0%)
	       - undetermined : 0 (0%)
	       - unprocessed  : 0 (0%)
	       - error        : 0 (0%)
INFO: delete ampa start in Shell
INFO: delete ampa end in Shell
INFO: Waiting for proof threads to stop...
INFO: Proof threads stopped.
