2020-04-08 16:27:59.871392 (31447) main____ INFO    ----------------------------------------
2020-04-08 16:27:59.871600 (31447) main____ INFO    JasperGold version info
2020-04-08 16:27:59.871631 (31447) main____ INFO      tool      : JasperGold 2016.09
2020-04-08 16:27:59.871654 (31447) main____ INFO      version   : 2016.09p002 64 bits
2020-04-08 16:27:59.871670 (31447) main____ INFO      build date: 2016.11.28 18:08:37 PST
2020-04-08 16:27:59.871682 (31447) main____ INFO    ----------------------------------------
2020-04-08 16:27:59.871693 (31447) main____ INFO    Runtime info:
2020-04-08 16:27:59.871707 (31447) main____ INFO      platform  : Linux 3.10.0-957.21.3.el7.x86_64 x86_64
2020-04-08 16:27:59.871725 (31447) main____ INFO      hostname  : rsg20.stanford.edu
2020-04-08 16:27:59.871737 (31447) main____ INFO      pid       : 31447
2020-04-08 16:27:59.871750 (31447) main____ INFO      arguments : '-style' 'windows' '-tcl' 'jasper.tcl'
2020-04-08 16:27:59.871761 (31447) main____ INFO    ----------------------------------------
2020-04-08 16:27:59.874995 (31447) lic__man INFO    Claim 'main' for <ui>.
2020-04-08 16:27:59.880503 (31447) lic_core INFO    (1) checking out 'jasper_interactive' ...
2020-04-08 16:27:59.904906 (31447) lic_core INFO    ... (1) checkout succeeded
2020-04-08 16:27:59.905025 (31447) lic__man INFO    Claim 'fpv' for <ui>.
2020-04-08 16:27:59.905079 (31447) lic_core INFO    (2) checking out 'jasper_fpv' ...
2020-04-08 16:27:59.923726 (31447) lic_core INFO    ... (2) checkout succeeded
2020-04-08 16:28:01.041836 (31447) lic__man INFO    Claim 'fpv' for <ui>.
2020-04-08 16:28:01.091000 (31447) lic__man INFO    Unclaim 'fpv' for <ui>.
2020-04-08 16:28:01.091033 (31447) lic__man INFO    Claim 'fpv' for <ui>.
2020-04-08 16:28:01.108013 (31447) session_ INFO    Starting analysis session with session id 'session_0' ...
2020-04-08 16:28:01.110239 (31447) session_ INFO    Analysis session with session id 'session_0' started (pid: 31462)
2020-04-08 16:28:06.351295 (31447) session_ INFO    Analysis session 'session_0' connected to the console (host: 172.24.74.47:35286)
2020-04-08 16:28:09.793100 (31447) lic__man INFO    Unclaim everything for 'session_0*'.
2020-04-08 16:28:10.576281 (31447) lic__man INFO    Claim 'fpv' for 'session_0'.
2020-04-08 16:28:15.124035 (31447) lic__man INFO    Unclaim everything for 'session_0/prove-0'.
2020-04-08 16:28:22.088602 (31447) main____ INFO    About to exit: requested from GUI
2020-04-08 16:28:22.268250 (31447) main____ INFO    Exiting.
