==============================================================
File generated on Sat Apr 11 12:37:15 PDT 2020
Vivado(TM) HLS - High-Level Synthesis from C, C++ and SystemC v2018.3 (64-bit)
SW Build 2405991 on Thu Dec  6 23:36:41 MST 2018
IP Build 2404404 on Fri Dec  7 01:43:56 MST 2018
Copyright 1986-2018 Xilinx, Inc. All Rights Reserved.
==============================================================
INFO: [SYN 201-201] Setting up clock 'default' with a period of 50ns.
INFO: [HLS 200-10] Setting target device to 'xa7a12tcsg325-1q'
INFO: [SYN 201-201] Setting up clock 'default' with a period of 50ns.
INFO: [SCHED 204-61] Option 'relax_ii_for_timing' is enabled, will increase II to preserve clock frequency constraints.
INFO: [HLS 200-10] Analyzing design file 'buf4bug3.cpp' ... 
WARNING: [HLS 200-40] In file included from buf4bug3.cpp:1:
buf4bug3.cpp:301:23: warning: in-class initialization of non-static data member is a C++11 extension [-Wc++11-extensions]
ap_uint<8> orig_val[2]={0}; ap_uint<8> dup_val[2]={0}; ap_uint<8> key[32]; ap_uint<16> orig_in=0xFFFF; ap_uint<8> orig_out[2]={0}; ap_uint<8> dup_out[2]={0}; ap_uint<1> orig_issued=0; ap_uint<1> dup_issued=0; ap_uint<16> dup_in=0xFFFF; ap_uint<16> in_count=0; ap_uint<16> out_count=0; ap_uint<1> orig_done=0; ap_uint<1> dup_done=0; ap_uint<8> output[128]; ap_uint<1> qed_done; ap_uint<1> qed_check; ap_uint<2> orig_idx; ap_uint<2> dup_idx;};
                      ^
buf4bug3.cpp:301:50: warning: in-class initialization of non-static data member is a C++11 extension [-Wc++11-extensions]
ap_uint<8> orig_val[2]={0}; ap_uint<8> dup_val[2]={0}; ap_uint<8> key[32]; ap_uint<16> orig_in=0xFFFF; ap_uint<8> orig_out[2]={0}; ap_uint<8> dup_out[2]={0}; ap_uint<1> orig_issued=0; ap_uint<1> dup_issued=0; ap_uint<16> dup_in=0xFFFF; ap_uint<16> in_count=0; ap_uint<16> out_count=0; ap_uint<1> orig_done=0; ap_uint<1> dup_done=0; ap_uint<8> output[128]; ap_uint<1> qed_done; ap_uint<1> qed_check; ap_uint<2> orig_idx; ap_uint<2> dup_idx;};
                                                 ^
buf4bug3.cpp:301:95: warning: in-class initialization of non-static data member is a C++11 extension [-Wc++11-extensions]
ap_uint<8> orig_val[2]={0}; ap_uint<8> dup_val[2]={0}; ap_uint<8> key[32]; ap_uint<16> orig_in=0xFFFF; ap_uint<8> orig_out[2]={0}; ap_uint<8> dup_out[2]={0}; ap_uint<1> orig_issued=0; ap_uint<1> dup_issued=0; ap_uint<16> dup_in=0xFFFF; ap_uint<16> in_count=0; ap_uint<16> out_count=0; ap_uint<1> orig_done=0; ap_uint<1> dup_done=0; ap_uint<8> output[128]; ap_uint<1> qed_done; ap_uint<1> qed_check; ap_uint<2> orig_idx; ap_uint<2> dup_idx;};
                                                                                              ^
buf4bug3.cpp:301:126: warning: in-class initialization of non-static data member is a C++11 extension [-Wc++11-extensions]
ap_uint<8> orig_val[2]={0}; ap_uint<8> dup_val[2]={0}; ap_uint<8> key[32]; ap_uint<16> orig_in=0xFFFF; ap_uint<8> orig_out[2]={0}; ap_uint<8> dup_out[2]={0}; ap_uint<1> orig_issued=0; ap_uint<1> dup_issued=0; ap_uint<16> dup_in=0xFFFF; ap_uint<16> in_count=0; ap_uint<16> out_count=0; ap_uint<1> orig_done=0; ap_uint<1> dup_done=0; ap_uint<8> output[128]; ap_uint<1> qed_done; ap_uint<1> qed_check; ap_uint<2> orig_idx; ap_uint<2> dup_idx;};
                                                                                                                             ^
buf4bug3.cpp:301:153: warning: in-class initialization of non-static data member is a C++11 extension [-Wc++11-extensions]
ap_uint<8> orig_val[2]={0}; ap_uint<8> dup_val[2]={0}; ap_uint<8> key[32]; ap_uint<16> orig_in=0xFFFF; ap_uint<8> orig_out[2]={0}; ap_uint<8> dup_out[2]={0}; ap_uint<1> orig_issued=0; ap_uint<1> dup_issued=0; ap_uint<16> dup_in=0xFFFF; ap_uint<16> in_count=0; ap_uint<16> out_count=0; ap_uint<1> orig_done=0; ap_uint<1> dup_done=0; ap_uint<8> output[128]; ap_uint<1> qed_done; ap_uint<1> qed_check; ap_uint<2> orig_idx; ap_uint<2> dup_idx;};
                                                                                                                                                        ^
buf4bug3.cpp:301:181: warning: in-class initialization of non-static data member is a C++11 extension [-Wc++11-extensions]
ap_uint<8> orig_val[2]={0}; ap_uint<8> dup_val[2]={0}; ap_uint<8> key[32]; ap_uint<16> orig_in=0xFFFF; ap_uint<8> orig_out[2]={0}; ap_uint<8> dup_out[2]={0}; ap_uint<1> orig_issued=0; ap_uint<1> dup_issued=0; ap_uint<16> dup_in=0xFFFF; ap_uint<16> in_count=0; ap_uint<16> out_count=0; ap_uint<1> orig_done=0; ap_uint<1> dup_done=0; ap_uint<8> output[128]; ap_uint<1> qed_done; ap_uint<1> qed_check; ap_uint<2> orig_idx; ap_uint<2> dup_idx;};
                                                                                                                                                                                    ^
buf4bug3.cpp:301:206: warning: in-class initialization of non-static data member is a C++11 extension [-Wc++11-extensions]
ap_uint<8> orig_val[2]={0}; ap_uint<8> dup_val[2]={0}; ap_uint<8> key[32]; ap_uint<16> orig_in=0xFFFF; ap_uint<8> orig_out[2]={0}; ap_uint<8> dup_out[2]={0}; ap_uint<1> orig_issued=0; ap_uint<1> dup_issued=0; ap_uint<16> dup_in=0xFFFF; ap_uint<16> in_count=0; ap_uint<16> out_count=0; ap_uint<1> orig_done=0; ap_uint<1> dup_done=0; ap_uint<8> output[128]; ap_uint<1> qed_done; ap_uint<1> qed_check; ap_uint<2> orig_idx; ap_uint<2> dup_idx;};
                                                                                                                                                                                                             ^
buf4bug3.cpp:301:228: warning: in-class initialization of non-static data member is a C++11 extension [-Wc++11-extensions]
ap_uint<8> orig_val[2]={0}; ap_uint<8> dup_val[2]={0}; ap_uint<8> key[32]; ap_uint<16> orig_in=0xFFFF; ap_uint<8> orig_out[2]={0}; ap_uint<8> dup_out[2]={0}; ap_uint<1> orig_issued=0; ap_uint<1> dup_issued=0; ap_uint<16> dup_in=0xFFFF; ap_uint<16> in_count=0; ap_uint<16> out_count=0; ap_uint<1> orig_done=0; ap_uint<1> dup_done=0; ap_uint<8> output[128]; ap_uint<1> qed_done; ap_uint<1> qed_check; ap_uint<2> orig_idx; ap_uint<2> dup_idx;};
                                                                                                                                                                                                                                   ^
buf4bug3.cpp:301:257: warning: in-class initialization of non-static data member is a C++11 extension [-Wc++11-extensions]
ap_uint<8> orig_val[2]={0}; ap_uint<8> dup_val[2]={0}; ap_uint<8> key[32]; ap_uint<16> orig_in=0xFFFF; ap_uint<8> orig_out[2]={0}; ap_uint<8> dup_out[2]={0}; ap_uint<1> orig_issued=0; ap_uint<1> dup_issued=0; ap_uint<16> dup_in=0xFFFF; ap_uint<16> in_count=0; ap_uint<16> out_count=0; ap_uint<1> orig_done=0; ap_uint<1> dup_done=0; ap_uint<8> output[128]; ap_uint<1> qed_done; ap_uint<1> qed_check; ap_uint<2> orig_idx; ap_uint<2> dup_idx;};
                                                                                                                                                                                                                                                                ^
buf4bug3.cpp:301:282: warning: in-class initialization of non-static data member is a C++11 extension [-Wc++11-extensions]
ap_uint<8> orig_val[2]={0}; ap_uint<8> dup_val[2]={0}; ap_uint<8> key[32]; ap_uint<16> orig_in=0xFFFF; ap_uint<8> orig_out[2]={0}; ap_uint<8> dup_out[2]={0}; ap_uint<1> orig_issued=0; ap_uint<1> dup_issued=0; ap_uint<16> dup_in=0xFFFF; ap_uint<16> in_count=0; ap_uint<16> out_count=0; ap_uint<1> orig_done=0; ap_uint<1> dup_done=0; ap_uint<8> output[128]; ap_uint<1> qed_done; ap_uint<1> qed_check; ap_uint<2> orig_idx; ap_uint<2> dup_idx;};
                                                                                                                                                                                                                                                                                         ^
buf4bug3.cpp:301:306: warning: in-class initialization of non-static data member is a C++11 extension [-Wc++11-extensions]
ap_uint<8> orig_val[2]={0}; ap_uint<8> dup_val[2]={0}; ap_uint<8> key[32]; ap_uint<16> orig_in=0xFFFF; ap_uint<8> orig_out[2]={0}; ap_uint<8> dup_out[2]={0}; ap_uint<1> orig_issued=0; ap_uint<1> dup_issued=0; ap_uint<16> dup_in=0xFFFF; ap_uint<16> in_count=0; ap_uint<16> out_count=0; ap_uint<1> orig_done=0; ap_uint<1> dup_done=0; ap_uint<8> output[128]; ap_uint<1> qed_done; ap_uint<1> qed_check; ap_uint<2> orig_idx; ap_uint<2> dup_idx;};
                                                                                                                                                                                                                                                                                                                 ^
buf4bug3.cpp:301:329: warning: in-class initialization of non-static data member is a C++11 extension [-Wc++11-extensions]
ap_uint<8> orig_val[2]={0}; ap_uint<8> dup_val[2]={0}; ap_uint<8> key[32]; ap_uint<16> orig_in=0xFFFF; ap_uint<8> orig_out[2]={0}; ap_uint<8> dup_out[2]={0}; ap_uint<1> orig_issued=0; ap_uint<1> dup_issued=0; ap_uint<16> dup_in=0xFFFF; ap_uint<16> in_count=0; ap_uint<16> out_count=0; ap_uint<1> orig_done=0; ap_uint<1> dup_done=0; ap_uint<8> output[128]; ap_uint<1> qed_done; ap_uint<1> qed_check; ap_uint<2> orig_idx; ap_uint<2> dup_idx;};
                                                                                                                                                                                                                                                                                                                                        ^
buf4bug3.cpp:348:202: warning: '&&' within '||' [-Wlogical-op-parentheses]
      ap_uint<1> issue_dup = (dup) && (dup_idx<=num) && (!state.dup_issued) && ((state.orig_issued && (*(bmc_in + dup_idx*2) == state.orig_val[0])) && (*(bmc_in + 1 + dup_idx*2) == state.orig_val[1])) && (key_sum == 0) || ((issue_orig == 1) && (*(bmc_in + orig_idx*2) == *(bmc_in + dup_idx*2)) && (*(bmc_in + 1 + orig_idx*2) == *(bmc_in + 1 + dup_idx*2)));
                             ~~~~~~~~~~~~~~~~~~~~~~~~~~~~~~~~~~~~~~~~~~~~~~~~~~~~~~~~~~~~~~~~~~~~~~~~~~~~~~~~~~~~~~~~~~~~~~~~~~~~~~~~~~~~~~~~~~~~~~~~~~~~~~~~~~~~~~~~~~~~~~~~~~~~~~~~~~~~~~~~~~~~~~~~~~~~^~~~~~~~~~~~~~~~~ ~~
buf4bug3.cpp:348:202: note: place parentheses around the '&&' expression to silence this warning
      ap_uint<1> issue_dup = (dup) && (dup_idx<=num) && (!state.dup_issued) && ((state.orig_issued && (*(bmc_in + dup_idx*2) == state.orig_val[0])) && (*(bmc_in + 1 + dup_idx*2) == state.orig_val[1])) && (key_sum == 0) || ((issue_orig == 1) && (*(bmc_in + orig_idx*2) == *(bmc_in + dup_idx*2)) && (*(bmc_in + 1 + orig_idx*2) == *(bmc_in + 1 + dup_idx*2)));
                                                                                                                                                                                                         ^
                             (                                                                                                                                                                                            )
13 warnings generated.
INFO: [HLS 200-111] Finished Linking Time (s): cpu = 00:00:13 ; elapsed = 00:00:16 . Memory (MB): peak = 535.258 ; gain = 0.113 ; free physical = 116362 ; free virtual = 125142
INFO: [HLS 200-111] Finished Checking Pragmas Time (s): cpu = 00:00:13 ; elapsed = 00:00:16 . Memory (MB): peak = 535.258 ; gain = 0.113 ; free physical = 116363 ; free virtual = 125143
INFO: [HLS 200-10] Starting code transformations ...
INFO: [HLS 200-489] Unrolling loop 'unroll_loop' (buf4bug3.cpp:279) in function 'workload' completely with a factor of 1.
INFO: [HLS 200-111] Finished Standard Transforms Time (s): cpu = 00:00:14 ; elapsed = 00:00:17 . Memory (MB): peak = 535.445 ; gain = 0.301 ; free physical = 116353 ; free virtual = 125134
INFO: [HLS 200-10] Checking synthesizability ...
INFO: [XFORM 203-602] Inlining function 'aes_addRoundKey_cpy' into 'aes256_encrypt_ecb' (buf4bug3.cpp:217) automatically.
INFO: [XFORM 203-602] Inlining function 'aes_addRoundKey' into 'aes256_encrypt_ecb' (buf4bug3.cpp:229) automatically.
INFO: [XFORM 203-602] Inlining function 'aes_tiling' into 'workload' (buf4bug3.cpp:281) automatically.
INFO: [HLS 200-111] Finished Checking Synthesizability Time (s): cpu = 00:00:15 ; elapsed = 00:00:17 . Memory (MB): peak = 535.445 ; gain = 0.301 ; free physical = 116347 ; free virtual = 125128
INFO: [XFORM 203-1101] Packing variable 'o1' (buf4bug3.cpp:439) into a 24-bit variable.
INFO: [XFORM 203-1101] Packing variable 'o2' (buf4bug3.cpp:441) into a 3-bit variable.
INFO: [XFORM 203-1101] Packing variable 'agg.result' (buf4bug3.cpp:431) into a 20-bit variable.
INFO: [XFORM 203-502] Unrolling all sub-loops inside loop 'Loop-2' (buf4bug3.cpp:255) in function 'workload' for pipelining.
INFO: [XFORM 203-502] Unrolling small iteration loop 'reshape1' (buf4bug3.cpp:271) in function 'workload' automatically.
INFO: [XFORM 203-502] Unrolling small iteration loop 'reshape2' (buf4bug3.cpp:283) in function 'workload' automatically.
INFO: [XFORM 203-502] Unrolling small iteration loop 'Loop-1' (buf4bug3.cpp:234) in function 'aes_tiling' automatically.
INFO: [HLS 200-489] Unrolling loop 'Loop-1' (buf4bug3.cpp:250) in function 'workload' completely with a factor of 32.
INFO: [HLS 200-489] Unrolling loop 'Loop-2.1' (buf4bug3.cpp:257) in function 'workload' completely with a factor of 0.
INFO: [HLS 200-489] Unrolling loop 'reshape1' (buf4bug3.cpp:271) in function 'workload' completely with a factor of 1.
INFO: [HLS 200-489] Unrolling loop 'reshape2' (buf4bug3.cpp:283) in function 'workload' completely with a factor of 1.
INFO: [HLS 200-489] Unrolling loop 'Loop-1' (buf4bug3.cpp:343) in function 'aqed_in' completely with a factor of 32.
INFO: [HLS 200-489] Unrolling loop 'Loop-2' (buf4bug3.cpp:362) in function 'aqed_in' completely with a factor of 32.
INFO: [HLS 200-489] Unrolling loop 'Loop-1' (buf4bug3.cpp:234) in function 'aes_tiling' completely with a factor of 1.
INFO: [XFORM 203-101] Partitioning array 'local_key' (buf4bug3.cpp:246) in dimension 1 completely.
INFO: [XFORM 203-101] Partitioning array 'buf' (buf4bug3.cpp:267) in dimension 1 completely.
INFO: [XFORM 203-602] Inlining function 'aes_addRoundKey_cpy' into 'aes256_encrypt_ecb' (buf4bug3.cpp:217) automatically.
INFO: [XFORM 203-602] Inlining function 'aes_addRoundKey' into 'aes256_encrypt_ecb' (buf4bug3.cpp:229) automatically.
INFO: [XFORM 203-602] Inlining function 'aes_tiling' into 'workload' (buf4bug3.cpp:281) automatically.
WARNING: [XFORM 203-561] Updating loop upper bound from 2 to 1 for loop 'major_loop' in function 'workload'.
WARNING: [XFORM 203-561] Updating loop lower bound from 0 to 1 for loop 'major_loop' in function 'workload'.
INFO: [XFORM 203-102] Automatically partitioning small array 'state.orig_val.V' completely based on array size.
INFO: [XFORM 203-102] Automatically partitioning small array 'state.orig_out.V' completely based on array size.
INFO: [XFORM 203-102] Automatically partitioning small array 'state.dup_val.V' completely based on array size.
INFO: [XFORM 203-102] Automatically partitioning small array 'buf[0]' (buf4bug3.cpp:267) completely based on array size.
INFO: [XFORM 203-101] Partitioning array 'state.orig_val.V' in dimension 1 completely.
INFO: [XFORM 203-101] Partitioning array 'state.orig_out.V' in dimension 1 completely.
INFO: [XFORM 203-101] Partitioning array 'state.dup_val.V' in dimension 1 completely.
INFO: [XFORM 203-101] Partitioning array 'buf[0]' (buf4bug3.cpp:267) in dimension 1 completely.
INFO: [XFORM 203-401] Performing if-conversion on hyperblock from (buf4bug3.cpp:408:31) to (buf4bug3.cpp:411:9) in function 'aqed_out'... converting 3 basic blocks.
INFO: [XFORM 203-401] Performing if-conversion on hyperblock from (buf4bug3.cpp:332:24) to (buf4bug3.cpp:357:11) in function 'aqed_in'... converting 11 basic blocks.
INFO: [XFORM 203-401] Performing if-conversion on hyperblock from (buf4bug3.cpp:137:26) to (buf4bug3.cpp:139:2) in function 'aes256_encrypt_ecb'... converting 4 basic blocks.
INFO: [XFORM 203-401] Performing if-conversion on hyperblock from (buf4bug3.cpp:126:27) to (buf4bug3.cpp:128:2) in function 'aes256_encrypt_ecb'... converting 4 basic blocks.
INFO: [XFORM 203-11] Balancing expressions in function 'aqed_in' (buf4bug3.cpp:332)...10 expression(s) balanced.
INFO: [HLS 200-111] Finished Pre-synthesis Time (s): cpu = 00:00:15 ; elapsed = 00:00:19 . Memory (MB): peak = 663.410 ; gain = 128.266 ; free physical = 116321 ; free virtual = 125103
INFO: [HLS 200-111] Finished Architecture Synthesis Time (s): cpu = 00:00:16 ; elapsed = 00:00:19 . Memory (MB): peak = 663.410 ; gain = 128.266 ; free physical = 116287 ; free virtual = 125070
INFO: [HLS 200-10] Starting hardware synthesis ...
INFO: [HLS 200-10] Synthesizing 'aqed_top' ...
INFO: [HLS 200-10] ----------------------------------------------------------------
INFO: [HLS 200-42] -- Implementing module 'aqed_in' 
INFO: [HLS 200-10] ----------------------------------------------------------------
INFO: [SCHED 204-11] Starting scheduling ...
INFO: [SCHED 204-11] Finished scheduling.
INFO: [HLS 200-111]  Elapsed time: 19.17 seconds; current allocated memory: 122.471 MB.
INFO: [BIND 205-100] Starting micro-architecture generation ...
INFO: [BIND 205-101] Performing variable lifetime analysis.
INFO: [BIND 205-101] Exploring resource sharing.
INFO: [BIND 205-101] Binding ...
INFO: [BIND 205-100] Finished micro-architecture generation.
INFO: [HLS 200-111]  Elapsed time: 0.27 seconds; current allocated memory: 122.871 MB.
INFO: [HLS 200-10] ----------------------------------------------------------------
INFO: [HLS 200-42] -- Implementing module 'aes256_encrypt_ecb' 
INFO: [HLS 200-10] ----------------------------------------------------------------
INFO: [SCHED 204-11] Starting scheduling ...
INFO: [SCHED 204-61] Pipelining loop 'ecb1'.
INFO: [SCHED 204-61] Pipelining result : Target II = 1, Final II = 1, Depth = 2.
INFO: [SCHED 204-61] Pipelining loop 'cpkey'.
INFO: [SCHED 204-61] Pipelining result : Target II = 1, Final II = 1, Depth = 2.
INFO: [SCHED 204-61] Pipelining loop 'addkey'.
INFO: [SCHED 204-61] Pipelining result : Target II = 1, Final II = 1, Depth = 2.
INFO: [SCHED 204-11] Finished scheduling.
INFO: [HLS 200-111]  Elapsed time: 0.8 seconds; current allocated memory: 123.199 MB.
INFO: [BIND 205-100] Starting micro-architecture generation ...
INFO: [BIND 205-101] Performing variable lifetime analysis.
INFO: [BIND 205-101] Exploring resource sharing.
INFO: [BIND 205-101] Binding ...
INFO: [BIND 205-100] Finished micro-architecture generation.
INFO: [HLS 200-111]  Elapsed time: 0.45 seconds; current allocated memory: 123.500 MB.
INFO: [HLS 200-10] ----------------------------------------------------------------
INFO: [HLS 200-42] -- Implementing module 'workload' 
INFO: [HLS 200-10] ----------------------------------------------------------------
INFO: [SCHED 204-11] Starting scheduling ...
INFO: [SCHED 204-11] Finished scheduling.
INFO: [HLS 200-111]  Elapsed time: 0.53 seconds; current allocated memory: 123.695 MB.
INFO: [HLS 200-434] Only 0 loops out of a total 3 loops have been pipelined in this design.
INFO: [BIND 205-100] Starting micro-architecture generation ...
INFO: [BIND 205-101]==============================================================
File generated on Wed Apr 15 19:35:12 PDT 2020
Vivado(TM) HLS - High-Level Synthesis from C, C++ and SystemC v2018.3 (64-bit)
SW Build 2405991 on Thu Dec  6 23:36:41 MST 2018
IP Build 2404404 on Fri Dec  7 01:43:56 MST 2018
Copyright 1986-2018 Xilinx, Inc. All Rights Reserved.
==============================================================
INFO: [SYN 201-201] Setting up clock 'default' with a period of 50ns.
INFO: [HLS 200-10] Setting target device to 'xa7a12tcsg325-1q'
INFO: [SCHED 204-61] Option 'relax_ii_for_timing' is enabled, will increase II to preserve clock frequency constraints.
INFO: [HLS 200-10] Analyzing design file 'buf4bug3.cpp' ... 
WARNING: [HLS 200-40] In file included from buf4bug3.cpp:1:
buf4bug3.cpp:301:23: warning: in-class initialization of non-static data member is a C++11 extension [-Wc++11-extensions]
ap_uint<8> orig_val[2]={0}; ap_uint<8> dup_val[2]={0}; ap_uint<8> key[32]; ap_uint<16> orig_in=0xFFFF; ap_uint<8> orig_out[2]={0}; ap_uint<8> dup_out[2]={0}; ap_uint<1> orig_issued=0; ap_uint<1> dup_issued=0; ap_uint<16> dup_in=0xFFFF; ap_uint<16> in_count=0; ap_uint<16> out_count=0; ap_uint<1> orig_done=0; ap_uint<1> dup_done=0; ap_uint<8> output[128]; ap_uint<1> qed_done; ap_uint<1> qed_check; ap_uint<2> orig_idx; ap_uint<2> dup_idx;};
                      ^
buf4bug3.cpp:301:50: warning: in-class initialization of non-static data member is a C++11 extension [-Wc++11-extensions]
ap_uint<8> orig_val[2]={0}; ap_uint<8> dup_val[2]={0}; ap_uint<8> key[32]; ap_uint<16> orig_in=0xFFFF; ap_uint<8> orig_out[2]={0}; ap_uint<8> dup_out[2]={0}; ap_uint<1> orig_issued=0; ap_uint<1> dup_issued=0; ap_uint<16> dup_in=0xFFFF; ap_uint<16> in_count=0; ap_uint<16> out_count=0; ap_uint<1> orig_done=0; ap_uint<1> dup_done=0; ap_uint<8> output[128]; ap_uint<1> qed_done; ap_uint<1> qed_check; ap_uint<2> orig_idx; ap_uint<2> dup_idx;};
                                                 ^
buf4bug3.cpp:301:95: warning: in-class initialization of non-static data member is a C++11 extension [-Wc++11-extensions]
ap_uint<8> orig_val[2]={0}; ap_uint<8> dup_val[2]={0}; ap_uint<8> key[32]; ap_uint<16> orig_in=0xFFFF; ap_uint<8> orig_out[2]={0}; ap_uint<8> dup_out[2]={0}; ap_uint<1> orig_issued=0; ap_uint<1> dup_issued=0; ap_uint<16> dup_in=0xFFFF; ap_uint<16> in_count=0; ap_uint<16> out_count=0; ap_uint<1> orig_done=0; ap_uint<1> dup_done=0; ap_uint<8> output[128]; ap_uint<1> qed_done; ap_uint<1> qed_check; ap_uint<2> orig_idx; ap_uint<2> dup_idx;};
                                                                                              ^
buf4bug3.cpp:301:126: warning: in-class initialization of non-static data member is a C++11 extension [-Wc++11-extensions]
ap_uint<8> orig_val[2]={0}; ap_uint<8> dup_val[2]={0}; ap_uint<8> key[32]; ap_uint<16> orig_in=0xFFFF; ap_uint<8> orig_out[2]={0}; ap_uint<8> dup_out[2]={0}; ap_uint<1> orig_issued=0; ap_uint<1> dup_issued=0; ap_uint<16> dup_in=0xFFFF; ap_uint<16> in_count=0; ap_uint<16> out_count=0; ap_uint<1> orig_done=0; ap_uint<1> dup_done=0; ap_uint<8> output[128]; ap_uint<1> qed_done; ap_uint<1> qed_check; ap_uint<2> orig_idx; ap_uint<2> dup_idx;};
                                                                                                                             ^
buf4bug3.cpp:301:153: warning: in-class initialization of non-static data member is a C++11 extension [-Wc++11-extensions]
ap_uint<8> orig_val[2]={0}; ap_uint<8> dup_val[2]={0}; ap_uint<8> key[32]; ap_uint<16> orig_in=0xFFFF; ap_uint<8> orig_out[2]={0}; ap_uint<8> dup_out[2]={0}; ap_uint<1> orig_issued=0; ap_uint<1> dup_issued=0; ap_uint<16> dup_in=0xFFFF; ap_uint<16> in_count=0; ap_uint<16> out_count=0; ap_uint<1> orig_done=0; ap_uint<1> dup_done=0; ap_uint<8> output[128]; ap_uint<1> qed_done; ap_uint<1> qed_check; ap_uint<2> orig_idx; ap_uint<2> dup_idx;};
                                                                                                                                                        ^
buf4bug3.cpp:301:181: warning: in-class initialization of non-static data member is a C++11 extension [-Wc++11-extensions]
ap_uint<8> orig_val[2]={0}; ap_uint<8> dup_val[2]={0}; ap_uint<8> key[32]; ap_uint<16> orig_in=0xFFFF; ap_uint<8> orig_out[2]={0}; ap_uint<8> dup_out[2]={0}; ap_uint<1> orig_issued=0; ap_uint<1> dup_issued=0; ap_uint<16> dup_in=0xFFFF; ap_uint<16> in_count=0; ap_uint<16> out_count=0; ap_uint<1> orig_done=0; ap_uint<1> dup_done=0; ap_uint<8> output[128]; ap_uint<1> qed_done; ap_uint<1> qed_check; ap_uint<2> orig_idx; ap_uint<2> dup_idx;};
                                                                                                                                                                                    ^
buf4bug3.cpp:301:206: warning: in-class initialization of non-static data member is a C++11 extension [-Wc++11-extensions]
ap_uint<8> orig_val[2]={0}; ap_uint<8> dup_val[2]={0}; ap_uint<8> key[32]; ap_uint<16> orig_in=0xFFFF; ap_uint<8> orig_out[2]={0}; ap_uint<8> dup_out[2]={0}; ap_uint<1> orig_issued=0; ap_uint<1> dup_issued=0; ap_uint<16> dup_in=0xFFFF; ap_uint<16> in_count=0; ap_uint<16> out_count=0; ap_uint<1> orig_done=0; ap_uint<1> dup_done=0; ap_uint<8> output[128]; ap_uint<1> qed_done; ap_uint<1> qed_check; ap_uint<2> orig_idx; ap_uint<2> dup_idx;};
                                                                                                                                                                                                             ^
buf4bug3.cpp:301:228: warning: in-class initialization of non-static data member is a C++11 extension [-Wc++11-extensions]
ap_uint<8> orig_val[2]={0}; ap_uint<8> dup_val[2]={0}; ap_uint<8> key[32]; ap_uint<16> orig_in=0xFFFF; ap_uint<8> orig_out[2]={0}; ap_uint<8> dup_out[2]={0}; ap_uint<1> orig_issued=0; ap_uint<1> dup_issued=0; ap_uint<16> dup_in=0xFFFF; ap_uint<16> in_count=0; ap_uint<16> out_count=0; ap_uint<1> orig_done=0; ap_uint<1> dup_done=0; ap_uint<8> output[128]; ap_uint<1> qed_done; ap_uint<1> qed_check; ap_uint<2> orig_idx; ap_uint<2> dup_idx;};
                                                                                                                                                                                                                                   ^
buf4bug3.cpp:301:257: warning: in-class initialization of non-static data member is a C++11 extension [-Wc++11-extensions]
ap_uint<8> orig_val[2]={0}; ap_uint<8> dup_val[2]={0}; ap_uint<8> key[32]; ap_uint<16> orig_in=0xFFFF; ap_uint<8> orig_out[2]={0}; ap_uint<8> dup_out[2]={0}; ap_uint<1> orig_issued=0; ap_uint<1> dup_issued=0; ap_uint<16> dup_in=0xFFFF; ap_uint<16> in_count=0; ap_uint<16> out_count=0; ap_uint<1> orig_done=0; ap_uint<1> dup_done=0; ap_uint<8> output[128]; ap_uint<1> qed_done; ap_uint<1> qed_check; ap_uint<2> orig_idx; ap_uint<2> dup_idx;};
                                                                                                                                                                                                                                                                ^
buf4bug3.cpp:301:282: warning: in-class initialization of non-static data member is a C++11 extension [-Wc++11-extensions]
ap_uint<8> orig_val[2]={0}; ap_uint<8> dup_val[2]={0}; ap_uint<8> key[32]; ap_uint<16> orig_in=0xFFFF; ap_uint<8> orig_out[2]={0}; ap_uint<8> dup_out[2]={0}; ap_uint<1> orig_issued=0; ap_uint<1> dup_issued=0; ap_uint<16> dup_in=0xFFFF; ap_uint<16> in_count=0; ap_uint<16> out_count=0; ap_uint<1> orig_done=0; ap_uint<1> dup_done=0; ap_uint<8> output[128]; ap_uint<1> qed_done; ap_uint<1> qed_check; ap_uint<2> orig_idx; ap_uint<2> dup_idx;};
                                                                                                                                                                                                                                                                                         ^
buf4bug3.cpp:301:306: warning: in-class initialization of non-static data member is a C++11 extension [-Wc++11-extensions]
ap_uint<8> orig_val[2]={0}; ap_uint<8> dup_val[2]={0}; ap_uint<8> key[32]; ap_uint<16> orig_in=0xFFFF; ap_uint<8> orig_out[2]={0}; ap_uint<8> dup_out[2]={0}; ap_uint<1> orig_issued=0; ap_uint<1> dup_issued=0; ap_uint<16> dup_in=0xFFFF; ap_uint<16> in_count=0; ap_uint<16> out_count=0; ap_uint<1> orig_done=0; ap_uint<1> dup_done=0; ap_uint<8> output[128]; ap_uint<1> qed_done; ap_uint<1> qed_check; ap_uint<2> orig_idx; ap_uint<2> dup_idx;};
                                                                                                                                                                                                                                                                                                                 ^
buf4bug3.cpp:301:329: warning: in-class initialization of non-static data member is a C++11 extension [-Wc++11-extensions]
ap_uint<8> orig_val[2]={0}; ap_uint<8> dup_val[2]={0}; ap_uint<8> key[32]; ap_uint<16> orig_in=0xFFFF; ap_uint<8> orig_out[2]={0}; ap_uint<8> dup_out[2]={0}; ap_uint<1> orig_issued=0; ap_uint<1> dup_issued=0; ap_uint<16> dup_in=0xFFFF; ap_uint<16> in_count=0; ap_uint<16> out_count=0; ap_uint<1> orig_done=0; ap_uint<1> dup_done=0; ap_uint<8> output[128]; ap_uint<1> qed_done; ap_uint<1> qed_check; ap_uint<2> orig_idx; ap_uint<2> dup_idx;};
                                                                                                                                                                                                                                                                                                                                        ^
12 warnings generated.
INFO: [HLS 200-111] Finished Linking Time (s): cpu = 00:00:15 ; elapsed = 00:00:17 . Memory (MB): peak = 535.254 ; gain = 0.109 ; free physical = 87146 ; free virtual = 92384
INFO: [HLS 200-111] Finished Checking Pragmas Time (s): cpu = 00:00:15 ; elapsed = 00:00:17 . Memory (MB): peak = 535.254 ; gain = 0.109 ; free physical = 87146 ; free virtual = 92384
INFO: [HLS 200-10] Starting code transformations ...
INFO: [HLS 200-489] Unrolling loop 'unroll_loop' (buf4bug3.cpp:279) in function 'workload' completely with a factor of 1.
INFO: [HLS 200-111] Finished Standard Transforms Time (s): cpu = 00:00:16 ; elapsed = 00:00:18 . Memory (MB): peak = 535.430 ; gain = 0.285 ; free physical = 87133 ; free virtual = 92372
INFO: [HLS 200-10] Checking synthesizability ...
INFO: [XFORM 203-602] Inlining function 'aes_addRoundKey_cpy' into 'aes256_encrypt_ecb' (buf4bug3.cpp:217) automatically.
INFO: [XFORM 203-602] Inlining function 'aes_subBytes' into 'aes256_encrypt_ecb' (buf4bug3.cpp:226) automatically.
INFO: [XFORM 203-602] Inlining function 'aes_addRoundKey' into 'aes256_encrypt_ecb' (buf4bug3.cpp:229) automatically.
INFO: [XFORM 203-602] Inlining function 'aes_tiling' into 'workload' (buf4bug3.cpp:281) automatically.
INFO: [HLS 200-111] Finished Checking Synthesizability Time (s): cpu = 00:00:16 ; elapsed = 00:00:19 . Memory (MB): peak = 535.430 ; gain = 0.285 ; free physical = 87128 ; free virtual = 92368
INFO: [XFORM 203-1101] Packing variable 'o1' (buf4bug3.cpp:439) into a 24-bit variable.
INFO: [XFORM 203-1101] Packing variable 'o2' (buf4bug3.cpp:441) into a 3-bit variable.
INFO: [XFORM 203-1101] Packing variable 'agg.result' (buf4bug3.cpp:431) into a 20-bit variable.
INFO: [XFORM 203-502] Unrolling all sub-loops inside loop 'Loop-2' (buf4bug3.cpp:255) in function 'workload' for pipelining.
INFO: [XFORM 203-502] Unrolling small iteration loop 'reshape1' (buf4bug3.cpp:271) in function 'workload' automatically.
INFO: [XFORM 203-502] Unrolling small iteration loop 'reshape2' (buf4bug3.cpp:283) in function 'workload' automatically.
INFO: [XFORM 203-502] Unrolling small iteration loop 'Loop-1' (buf4bug3.cpp:234) in function 'aes_tiling' automatically.
INFO: [HLS 200-489] Unrolling loop 'Loop-1' (buf4bug3.cpp:250) in function 'workload' completely with a factor of 32.
INFO: [HLS 200-489] Unrolling loop 'Loop-2.1' (buf4bug3.cpp:257) in function 'workload' completely with a factor of 0.
INFO: [HLS 200-489] Unrolling loop 'reshape1' (buf4bug3.cpp:271) in function 'workload' completely with a factor of 1.
INFO: [HLS 200-489] Unrolling loop 'reshape2' (buf4bug3.cpp:283) in function 'workload' completely with a factor of 1.
INFO: [HLS 200-489] Unrolling loop 'Loop-1' (buf4bug3.cpp:234) in function 'aes_tiling' completely with a factor of 1.
INFO: [HLS 200-489] Unrolling loop 'Loop-1' (buf4bug3.cpp:343) in function 'aqed_in' completely with a factor of 32.
INFO: [HLS 200-489] Unrolling loop 'Loop-2' (buf4bug3.cpp:362) in function 'aqed_in' completely with a factor of 32.
INFO: [XFORM 203-101] Partitioning array 'local_key' (buf4bug3.cpp:246) in dimension 1 completely.
INFO: [XFORM 203-101] Partitioning array 'buf' (buf4bug3.cpp:267) in dimension 1 completely.
INFO: [XFORM 203-602] Inlining function 'aes_addRoundKey_cpy' into 'aes256_encrypt_ecb' (buf4bug3.cpp:217) automatically.
INFO: [XFORM 203-602] Inlining function 'aes_subBytes' into 'aes256_encrypt_ecb' (buf4bug3.cpp:226) automatically.
INFO: [XFORM 203-602] Inlining function 'aes_addRoundKey' into 'aes256_encrypt_ecb' (buf4bug3.cpp:229) automatically.
INFO: [XFORM 203-602] Inlining function 'aes_tiling' into 'workload' (buf4bug3.cpp:281) automatically.
WARNING: [XFORM 203-561] Updating loop upper bound from 2 to 1 for loop 'major_loop' in function 'workload'.
WARNING: [XFORM 203-561] Updating loop lower bound from 0 to 1 for loop 'major_loop' in function 'workload'.
INFO: [XFORM 203-102] Automatically partitioning small array 'state.orig_val.V' completely based on array size.
INFO: [XFORM 203-102] Automatically partitioning small array 'state.orig_out.V' completely based on array size.
INFO: [XFORM 203-102] Automatically partitioning small array 'state.dup_val.V' completely based on array size.
INFO: [XFORM 203-102] Automatically partitioning small array 'buf[0]' (buf4bug3.cpp:267) completely based on array size.
INFO: [XFORM 203-101] Partitioning array 'state.orig_val.V' in dimension 1 completely.
INFO: [XFORM 203-101] Partitioning array 'state.orig_out.V' in dimension 1 completely.
INFO: [XFORM 203-101] Partitioning array 'state.dup_val.V' in dimension 1 completely.
INFO: [XFORM 203-101] Partitioning array 'buf[0]' (buf4bug3.cpp:267) in dimension 1 completely.
INFO: [XFORM 203-401] Performing if-conversion on hyperblock from (buf4bug3.cpp:408:31) to (buf4bug3.cpp:411:9) in function 'aqed_out'... converting 3 basic blocks.
INFO: [XFORM 203-401] Performing if-conversion on hyperblock to (buf4bug3.cpp:357:11) in function 'aqed_in'... converting 11 basic blocks.
INFO: [XFORM 203-401] Performing if-conversion on hyperblock from (buf4bug3.cpp:137:26) to (buf4bug3.cpp:139:2) in function 'aes256_encrypt_ecb'... converting 4 basic blocks.
INFO: [XFORM 203-401] Performing if-conversion on hyperblock from (buf4bug3.cpp:115:24) to (buf4bug3.cpp:117:2) in function 'aes256_encrypt_ecb'... converting 4 basic blocks.
INFO: [XFORM 203-401] Performing if-conversion on hyperblock from (buf4bug3.cpp:126:27) to (buf4bug3.cpp:128:2) in function 'aes256_encrypt_ecb'... converting 4 basic blocks.
INFO: [XFORM 203-11] Balancing expressions in function 'aqed_in' (buf4bug3.cpp:332)...7 expression(s) balanced.
INFO: [HLS 200-111] Finished Pre-synthesis Time (s): cpu = 00:00:17 ; elapsed = 00:00:20 . Memory (MB): peak = 663.148 ; gain = 128.004 ; free physical = 87091 ; free virtual = 92331
INFO: [HLS 200-111] Finished Architecture Synthesis Time (s): cpu = 00:00:17 ; elapsed = 00:00:20 . Memory (MB): peak = 663.148 ; gain = 128.004 ; free physical = 87059 ; free virtual = 92299
INFO: [HLS 200-10] Starting hardware synthesis ...
INFO: [HLS 200-10] Synthesizing 'aqed_top' ...
INFO: [HLS 200-10] ----------------------------------------------------------------
INFO: [HLS 200-42] -- Implementing module 'aqed_in' 
INFO: [HLS 200-10] ----------------------------------------------------------------
INFO: [SCHED 204-11] Starting scheduling ...
INFO: [SCHED 204-11] Finished scheduling.
INFO: [HLS 200-111]  Elapsed time: 20.71 seconds; current allocated memory: 121.611 MB.
INFO: [BIND 205-100] Starting micro-architecture generation ...
INFO: [BIND 205-101] Performing variable lifetime analysis.
INFO: [BIND 205-101] Exploring resource sharing.
INFO: [BIND 205-101] Binding ...
INFO: [BIND 205-100] Finished micro-architecture generation.
INFO: [HLS 200-111]  Elapsed time: 0.31 seconds; current allocated memory: 122.042 MB.
INFO: [HLS 200-10] ----------------------------------------------------------------
INFO: [HLS 200-42] -- Implementing module 'aes256_encrypt_ecb' 
INFO: [HLS 200-10] ----------------------------------------------------------------
INFO: [SCHED 204-11] Starting scheduling ...
INFO: [SCHED 204-61] Pipelining loop 'ecb1'.
INFO: [SCHED 204-61] Pipelining result : Target II = 1, Final II = 1, Depth = 2.
INFO: [SCHED 204-61] Pipelining loop 'cpkey'.
INFO: [SCHED 204-61] Pipelining result : Target II = 1, Final II = 1, Depth = 2.
INFO: [SCHED 204-61] Pipelining loop 'sub'.
INFO: [SCHED 204-61] Pipelining result : Target II = 1, Final II = 1, Depth = 2.
INFO: [SCHED 204-61] Pipelining loop 'addkey'.
INFO: [SCHED 204-61] Pipelining result : Target II = 1, Final II = 1, Depth = 2.
INFO: [SCHED 204-11] Finished scheduling.
INFO: [HLS 200-111]  Elapsed time: 0.95 seconds; current allocated memory: 122.422 MB.
INFO: [BIND 205-100] Starting micro-architecture generation ...
INFO: [BIND 205-101] Performing variable lifetime analysis.
INFO: [BIND 205-101] Exploring resource sharing.
INFO: [BIND 205-101] Binding ...
INFO: [BIND 205-100] Finished micro-architecture generation.
INFO: [HLS 200-111]  Elapsed time: 0.35 seconds; current allocated memory: 122.802 MB.
INFO: [HLS 200-10] ----------------------------------------------------------------
==============================================================
File generated on Wed Apr 15 19:58:43 PDT 2020
Vivado(TM) HLS - High-Level Synthesis from C, C++ and SystemC v2018.3 (64-bit)
SW Build 2405991 on Thu Dec  6 23:36:41 MST 2018
IP Build 2404404 on Fri Dec  7 01:43:56 MST 2018
Copyright 1986-2018 Xilinx, Inc. All Rights Reserved.
==============================================================
INFO: [SYN 201-201] Setting up clock 'default' with a period of 50ns.
INFO: [HLS 200-10] Setting target device to 'xa7a12tcsg325-1q'
INFO: [SCHED 204-61] Option 'relax_ii_for_timing' is enabled, will increase II to preserve clock frequency constraints.
INFO: [HLS 200-10] Analyzing design file 'buf4bug3.cpp' ... 
WARNING: [HLS 200-40] In file included from buf4bug3.cpp:1:
buf4bug3.cpp:301:23: warning: in-class initialization of non-static data member is a C++11 extension [-Wc++11-extensions]
ap_uint<8> orig_val[2]={0}; ap_uint<8> dup_val[2]={0}; ap_uint<8> key[32]; ap_uint<16> orig_in=0xFFFF; ap_uint<8> orig_out[2]={0}; ap_uint<8> dup_out[2]={0}; ap_uint<1> orig_issued=0; ap_uint<1> dup_issued=0; ap_uint<16> dup_in=0xFFFF; ap_uint<16> in_count=0; ap_uint<16> out_count=0; ap_uint<1> orig_done=0; ap_uint<1> dup_done=0; ap_uint<8> output[128]; ap_uint<1> qed_done; ap_uint<1> qed_check; ap_uint<2> orig_idx; ap_uint<2> dup_idx;};
                      ^
buf4bug3.cpp:301:50: warning: in-class initialization of non-static data member is a C++11 extension [-Wc++11-extensions]
ap_uint<8> orig_val[2]={0}; ap_uint<8> dup_val[2]={0}; ap_uint<8> key[32]; ap_uint<16> orig_in=0xFFFF; ap_uint<8> orig_out[2]={0}; ap_uint<8> dup_out[2]={0}; ap_uint<1> orig_issued=0; ap_uint<1> dup_issued=0; ap_uint<16> dup_in=0xFFFF; ap_uint<16> in_count=0; ap_uint<16> out_count=0; ap_uint<1> orig_done=0; ap_uint<1> dup_done=0; ap_uint<8> output[128]; ap_uint<1> qed_done; ap_uint<1> qed_check; ap_uint<2> orig_idx; ap_uint<2> dup_idx;};
                                                 ^
buf4bug3.cpp:301:95: warning: in-class initialization of non-static data member is a C++11 extension [-Wc++11-extensions]
ap_uint<8> orig_val[2]={0}; ap_uint<8> dup_val[2]={0}; ap_uint<8> key[32]; ap_uint<16> orig_in=0xFFFF; ap_uint<8> orig_out[2]={0}; ap_uint<8> dup_out[2]={0}; ap_uint<1> orig_issued=0; ap_uint<1> dup_issued=0; ap_uint<16> dup_in=0xFFFF; ap_uint<16> in_count=0; ap_uint<16> out_count=0; ap_uint<1> orig_done=0; ap_uint<1> dup_done=0; ap_uint<8> output[128]; ap_uint<1> qed_done; ap_uint<1> qed_check; ap_uint<2> orig_idx; ap_uint<2> dup_idx;};
                                                                                              ^
buf4bug3.cpp:301:126: warning: in-class initialization of non-static data member is a C++11 extension [-Wc++11-extensions]
ap_uint<8> orig_val[2]={0}; ap_uint<8> dup_val[2]={0}; ap_uint<8> key[32]; ap_uint<16> orig_in=0xFFFF; ap_uint<8> orig_out[2]={0}; ap_uint<8> dup_out[2]={0}; ap_uint<1> orig_issued=0; ap_uint<1> dup_issued=0; ap_uint<16> dup_in=0xFFFF; ap_uint<16> in_count=0; ap_uint<16> out_count=0; ap_uint<1> orig_done=0; ap_uint<1> dup_done=0; ap_uint<8> output[128]; ap_uint<1> qed_done; ap_uint<1> qed_check; ap_uint<2> orig_idx; ap_uint<2> dup_idx;};
                                                                                                                             ^
buf4bug3.cpp:301:153: warning: in-class initialization of non-static data member is a C++11 extension [-Wc++11-extensions]
ap_uint<8> orig_val[2]={0}; ap_uint<8> dup_val[2]={0}; ap_uint<8> key[32]; ap_uint<16> orig_in=0xFFFF; ap_uint<8> orig_out[2]={0}; ap_uint<8> dup_out[2]={0}; ap_uint<1> orig_issued=0; ap_uint<1> dup_issued=0; ap_uint<16> dup_in=0xFFFF; ap_uint<16> in_count=0; ap_uint<16> out_count=0; ap_uint<1> orig_done=0; ap_uint<1> dup_done=0; ap_uint<8> output[128]; ap_uint<1> qed_done; ap_uint<1> qed_check; ap_uint<2> orig_idx; ap_uint<2> dup_idx;};
                                                                                                                                                        ^
buf4bug3.cpp:301:181: warning: in-class initialization of non-static data member is a C++11 extension [-Wc++11-extensions]
ap_uint<8> orig_val[2]={0}; ap_uint<8> dup_val[2]={0}; ap_uint<8> key[32]; ap_uint<16> orig_in=0xFFFF; ap_uint<8> orig_out[2]={0}; ap_uint<8> dup_out[2]={0}; ap_uint<1> orig_issued=0; ap_uint<1> dup_issued=0; ap_uint<16> dup_in=0xFFFF; ap_uint<16> in_count=0; ap_uint<16> out_count=0; ap_uint<1> orig_done=0; ap_uint<1> dup_done=0; ap_uint<8> output[128]; ap_uint<1> qed_done; ap_uint<1> qed_check; ap_uint<2> orig_idx; ap_uint<2> dup_idx;};
                                                                                                                                                                                    ^
buf4bug3.cpp:301:206: warning: in-class initialization of non-static data member is a C++11 extension [-Wc++11-extensions]
ap_uint<8> orig_val[2]={0}; ap_uint<8> dup_val[2]={0}; ap_uint<8> key[32]; ap_uint<16> orig_in=0xFFFF; ap_uint<8> orig_out[2]={0}; ap_uint<8> dup_out[2]={0}; ap_uint<1> orig_issued=0; ap_uint<1> dup_issued=0; ap_uint<16> dup_in=0xFFFF; ap_uint<16> in_count=0; ap_uint<16> out_count=0; ap_uint<1> orig_done=0; ap_uint<1> dup_done=0; ap_uint<8> output[128]; ap_uint<1> qed_done; ap_uint<1> qed_check; ap_uint<2> orig_idx; ap_uint<2> dup_idx;};
                                                                                                                                                                                                             ^
buf4bug3.cpp:301:228: warning: in-class initialization of non-static data member is a C++11 extension [-Wc++11-extensions]
ap_uint<8> orig_val[2]={0}; ap_uint<8> dup_val[2]={0}; ap_uint<8> key[32]; ap_uint<16> orig_in=0xFFFF; ap_uint<8> orig_out[2]={0}; ap_uint<8> dup_out[2]={0}; ap_uint<1> orig_issued=0; ap_uint<1> dup_issued=0; ap_uint<16> dup_in=0xFFFF; ap_uint<16> in_count=0; ap_uint<16> out_count=0; ap_uint<1> orig_done=0; ap_uint<1> dup_done=0; ap_uint<8> output[128]; ap_uint<1> qed_done; ap_uint<1> qed_check; ap_uint<2> orig_idx; ap_uint<2> dup_idx;};
                                                                                                                                                                                                                                   ^
buf4bug3.cpp:301:257: warning: in-class initialization of non-static data member is a C++11 extension [-Wc++11-extensions]
ap_uint<8> orig_val[2]={0}; ap_uint<8> dup_val[2]={0}; ap_uint<8> key[32]; ap_uint<16> orig_in=0xFFFF; ap_uint<8> orig_out[2]={0}; ap_uint<8> dup_out[2]={0}; ap_uint<1> orig_issued=0; ap_uint<1> dup_issued=0; ap_uint<16> dup_in=0xFFFF; ap_uint<16> in_count=0; ap_uint<16> out_count=0; ap_uint<1> orig_done=0; ap_uint<1> dup_done=0; ap_uint<8> output[128]; ap_uint<1> qed_done; ap_uint<1> qed_check; ap_uint<2> orig_idx; ap_uint<2> dup_idx;};
                                                                                                                                                                                                                                                                ^
buf4bug3.cpp:301:282: warning: in-class initialization of non-static data member is a C++11 extension [-Wc++11-extensions]
ap_uint<8> orig_val[2]={0}; ap_uint<8> dup_val[2]={0}; ap_uint<8> key[32]; ap_uint<16> orig_in=0xFFFF; ap_uint<8> orig_out[2]={0}; ap_uint<8> dup_out[2]={0}; ap_uint<1> orig_issued=0; ap_uint<1> dup_issued=0; ap_uint<16> dup_in=0xFFFF; ap_uint<16> in_count=0; ap_uint<16> out_count=0; ap_uint<1> orig_done=0; ap_uint<1> dup_done=0; ap_uint<8> output[128]; ap_uint<1> qed_done; ap_uint<1> qed_check; ap_uint<2> orig_idx; ap_uint<2> dup_idx;};
                                                                                                                                                                                                                                                                                         ^
buf4bug3.cpp:301:306: warning: in-class initialization of non-static data member is a C++11 extension [-Wc++11-extensions]
ap_uint<8> orig_val[2]={0}; ap_uint<8> dup_val[2]={0}; ap_uint<8> key[32]; ap_uint<16> orig_in=0xFFFF; ap_uint<8> orig_out[2]={0}; ap_uint<8> dup_out[2]={0}; ap_uint<1> orig_issued=0; ap_uint<1> dup_issued=0; ap_uint<16> dup_in=0xFFFF; ap_uint<16> in_count=0; ap_uint<16> out_count=0; ap_uint<1> orig_done=0; ap_uint<1> dup_done=0; ap_uint<8> output[128]; ap_uint<1> qed_done; ap_uint<1> qed_check; ap_uint<2> orig_idx; ap_uint<2> dup_idx;};
                                                                                                                                                                                                                                                                                                                 ^
buf4bug3.cpp:301:329: warning: in-class initialization of non-static data member is a C++11 extension [-Wc++11-extensions]
ap_uint<8> orig_val[2]={0}; ap_uint<8> dup_val[2]={0}; ap_uint<8> key[32]; ap_uint<16> orig_in=0xFFFF; ap_uint<8> orig_out[2]={0}; ap_uint<8> dup_out[2]={0}; ap_uint<1> orig_issued=0; ap_uint<1> dup_issued=0; ap_uint<16> dup_in=0xFFFF; ap_uint<16> in_count=0; ap_uint<16> out_count=0; ap_uint<1> orig_done=0; ap_uint<1> dup_done=0; ap_uint<8> output[128]; ap_uint<1> qed_done; ap_uint<1> qed_check; ap_uint<2> orig_idx; ap_uint<2> dup_idx;};
                                                                                                                                                                                                                                                                                                                                        ^
12 warnings generated.
INFO: [HLS 200-111] Finished Linking Time (s): cpu = 00:00:16 ; elapsed = 00:00:18 . Memory (MB): peak = 535.250 ; gain = 0.109 ; free physical = 76677 ; free virtual = 81917
INFO: [HLS 200-111] Finished Checking Pragmas Time (s): cpu = 00:00:16 ; elapsed = 00:00:18 . Memory (MB): peak = 535.250 ; gain = 0.109 ; free physical = 76677 ; free virtual = 81917
INFO: [HLS 200-10] Starting code transformations ...
INFO: [HLS 200-489] Unrolling loop 'unroll_loop' (buf4bug3.cpp:279) in function 'workload' completely with a factor of 1.
INFO: [HLS 200-111] Finished Standard Transforms Time (s): cpu = 00:00:17 ; elapsed = 00:00:19 . Memory (MB): peak = 535.426 ; gain = 0.285 ; free physical = 76659 ; free virtual = 81901
INFO: [HLS 200-10] Checking synthesizability ...
INFO: [XFORM 203-602] Inlining function 'aes_addRoundKey_cpy' into 'aes256_encrypt_ecb' (buf4bug3.cpp:217) automatically.
INFO: [XFORM 203-602] Inlining function 'aes_subBytes' into 'aes256_encrypt_ecb' (buf4bug3.cpp:226) automatically.
INFO: [XFORM 203-602] Inlining function 'aes_addRoundKey' into 'aes256_encrypt_ecb' (buf4bug3.cpp:229) automatically.
INFO: [XFORM 203-602] Inlining function 'aes_tiling' into 'workload' (buf4bug3.cpp:281) automatically.
INFO: [HLS 200-111] Finished Checking Synthesizability Time (s): cpu = 00:00:17 ; elapsed = 00:00:20 . Memory (MB): peak = 535.426 ; gain = 0.285 ; free physical = 76653 ; free virtual = 81895
INFO: [XFORM 203-1101] Packing variable 'o1' (buf4bug3.cpp:439) into a 24-bit variable.
INFO: [XFORM 203-1101] Packing variable 'o2' (buf4bug3.cpp:441) into a 3-bit variable.
INFO: [XFORM 203-1101] Packing variable 'agg.result' (buf4bug3.cpp:431) into a 20-bit variable.
INFO: [XFORM 203-502] Unrolling all sub-loops inside loop 'Loop-2' (buf4bug3.cpp:255) in function 'workload' for pipelining.
INFO: [XFORM 203-502] Unrolling small iteration loop 'reshape1' (buf4bug3.cpp:271) in function 'workload' automatically.
INFO: [XFORM 203-502] Unrolling small iteration loop 'reshape2' (buf4bug3.cpp:283) in function 'workload' automatically.
INFO: [XFORM 203-502] Unrolling small iteration loop 'Loop-1' (buf4bug3.cpp:234) in function 'aes_tiling' automatically.
INFO: [HLS 200-489] Unrolling loop 'Loop-1' (buf4bug3.cpp:250) in function 'workload' completely with a factor of 32.
INFO: [HLS 200-489] Unrolling loop 'Loop-2.1' (buf4bug3.cpp:257) in function 'workload' completely with a factor of 0.
INFO: [HLS 200-489] Unrolling loop 'reshape1' (buf4bug3.cpp:271) in function 'workload' completely with a factor of 1.
INFO: [HLS 200-489] Unrolling loop 'reshape2' (buf4bug3.cpp:283) in function 'workload' completely with a factor of 1.
INFO: [HLS 200-489] Unrolling loop 'Loop-1' (buf4bug3.cpp:234) in function 'aes_tiling' completely with a factor of 1.
INFO: [HLS 200-489] Unrolling loop 'Loop-1' (buf4bug3.cpp:343) in function 'aqed_in' completely with a factor of 32.
INFO: [HLS 200-489] Unrolling loop 'Loop-2' (buf4bug3.cpp:362) in function 'aqed_in' completely with a factor of 32.
INFO: [XFORM 203-101] Partitioning array 'local_key' (buf4bug3.cpp:246) in dimension 1 completely.
INFO: [XFORM 203-101] Partitioning array 'buf' (buf4bug3.cpp:267) in dimension 1 completely.
INFO: [XFORM 203-602] Inlining function 'aes_addRoundKey_cpy' into 'aes256_encrypt_ecb' (buf4bug3.cpp:217) automatically.
INFO: [XFORM 203-602] Inlining function 'aes_subBytes' into 'aes256_encrypt_ecb' (buf4bug3.cpp:226) automatically.
INFO: [XFORM 203-602] Inlining function 'aes_addRoundKey' into 'aes256_encrypt_ecb' (buf4bug3.cpp:229) automatically.
INFO: [XFORM 203-602] Inlining function 'aes_tiling' into 'workload' (buf4bug3.cpp:281) automatically.
WARNING: [XFORM 203-561] Updating loop upper bound from 2 to 1 for loop 'major_loop' in function 'workload'.
WARNING: [XFORM 203-561] Updating loop lower bound from 0 to 1 for loop 'major_loop' in function 'workload'.
INFO: [XFORM 203-102] Automatically partitioning small array 'state.orig_val.V' completely based on array size.
INFO: [XFORM 203-102] Automatically partitioning small array 'state.orig_out.V' completely based on array size.
INFO: [XFORM 203-102] Automatically partitioning small array 'state.dup_val.V' completely based on array size.
INFO: [XFORM 203-102] Automatically partitioning small array 'buf[0]' (buf4bug3.cpp:267) completely based on array size.
INFO: [XFORM 203-101] Partitioning array 'state.orig_val.V' in dimension 1 completely.
INFO: [XFORM 203-101] Partitioning array 'state.orig_out.V' in dimension 1 completely.
INFO: [XFORM 203-101] Partitioning array 'state.dup_val.V' in dimension 1 completely.
INFO: [XFORM 203-101] Partitioning array 'buf[0]' (buf4bug3.cpp:267) in dimension 1 completely.
INFO: [XFORM 203-401] Performing if-conversion on hyperblock from (buf4bug3.cpp:408:31) to (buf4bug3.cpp:411:9) in function 'aqed_out'... converting 3 basic blocks.
INFO: [XFORM 203-401] Performing if-conversion on hyperblock to (buf4bug3.cpp:357:11) in function 'aqed_in'... converting 11 basic blocks.
INFO: [XFORM 203-401] Performing if-conversion on hyperblock from (buf4bug3.cpp:137:26) to (buf4bug3.cpp:139:2) in function 'aes256_encrypt_ecb'... converting 4 basic blocks.
INFO: [XFORM 203-401] Performing if-conversion on hyperblock from (buf4bug3.cpp:115:24) to (buf4bug3.cpp:117:2) in function 'aes256_encrypt_ecb'... converting 4 basic blocks.
INFO: [XFORM 203-401] Performing if-conversion on hyperblock from (buf4bug3.cpp:126:27) to (buf4bug3.cpp:128:2) in function 'aes256_encrypt_ecb'... converting 4 basic blocks.
INFO: [XFORM 203-11] Balancing expressions in function 'aqed_in' (buf4bug3.cpp:332)...7 expression(s) balanced.
INFO: [HLS 200-111] Finished Pre-synthesis Time (s): cpu = 00:00:18 ; elapsed = 00:00:22 . Memory (MB): peak = 663.145 ; gain = 128.004 ; free physical = 76573 ; free virtual = 81814
INFO: [HLS 200-111] Finished Architecture Synthesis Time (s): cpu = 00:00:18 ; elapsed = 00:00:22 . Memory (MB): peak = 663.145 ; gain = 128.004 ; free physical = 76536 ; free virtual = 81779
INFO: [HLS 200-10] Starting hardware synthesis ...
INFO: [HLS 200-10] Synthesizing 'aqed_top' ...
INFO: [HLS 200-10] ----------------------------------------------------------------
INFO: [HLS 200-42] -- Implementing module 'aqed_in' 
INFO: [HLS 200-10] ----------------------------------------------------------------
INFO: [SCHED 204-11] Starting scheduling ...
INFO: [SCHED 204-11] Finished scheduling.
INFO: [HLS 200-111]  Elapsed time: 22.15 seconds; current allocated memory: 121.498 MB.
INFO: [BIND 205-100] Starting micro-architecture generation ...
INFO: [BIND 205-101] Performing variable lifetime analysis.
INFO: [BIND 205-101] Exploring resource sharing.
INFO: [BIND 205-101] Binding ...
INFO: [BIND 205-100] Finished micro-architecture generation.
INFO: [HLS 200-111]  Elapsed time: 0.59 seconds; current allocated memory: 121.903 MB.
INFO: [HLS 200-10] ----------------------------------------------------------------
INFO: [HLS 200-42] -- Implementing module 'aes256_encrypt_ecb' 
INFO: [HLS 200-10] ----------------------------------------------------------------
INFO: [SCHED 204-11] Starting scheduling ...
INFO: [SCHED 204-61] Pipelining loop 'ecb1'.
INFO: [SCHED 204-61] Pipelining result : Target II = 1, Final II = 1, Depth = 2.
INFO: [SCHED 204-61] Pipelining loop 'cpkey'.
INFO: [SCHED 204-61] Pipelining result : Target II = 1, Final II = 1, Depth = 2.
INFO: [SCHED 204-61] Pipelining loop 'sub'.
INFO: [SCHED 204-61] Pipelining result : Target II = 1, Final II = 1, Depth = 2.
INFO: [SCHED 204-61] Pipelining loop 'addkey'.
INFO: [SCHED 204-61] Pipelining result : Target II = 1, Final II = 1, Depth = 2.
INFO: [SCHED 204-11] Finished scheduling.
INFO: [HLS 200-111]  Elapsed time: 0.95 seconds; current allocated memory: 122.298 MB.
INFO: [BIND 205-100] Starting micro-architecture generation ...
INFO: [BIND 205-101] Performing variable lifetime analysis.
INFO: [BIND 205-101] Exploring resource sharing.
INFO: [BIND 205-101] Binding ...
INFO: [BIND 205-100] Finished micro-architecture generation.
INFO: [HLS 200-111]  Elapsed time: 0.25 seconds; current allocated memory: 122.679 MB.
INFO: [HLS 200-10] ----------------------------------------------------------------
==============================================================
File generated on Wed Apr 15 21:16:52 PDT 2020
Vivado(TM) HLS - High-Level Synthesis from C, C++ and SystemC v2018.3 (64-bit)
SW Build 2405991 on Thu Dec  6 23:36:41 MST 2018
IP Build 2404404 on Fri Dec  7 01:43:56 MST 2018
Copyright 1986-2018 Xilinx, Inc. All Rights Reserved.
==============================================================
INFO: [SYN 201-201] Setting up clock 'default' with a period of 50ns.
INFO: [HLS 200-10] Setting target device to 'xa7a12tcsg325-1q'
INFO: [SCHED 204-61] Option 'relax_ii_for_timing' is enabled, will increase II to preserve clock frequency constraints.
INFO: [HLS 200-10] Analyzing design file 'buf4bug3.cpp' ... 
WARNING: [HLS 200-40] In file included from buf4bug3.cpp:1:
buf4bug3.cpp:301:23: warning: in-class initialization of non-static data member is a C++11 extension [-Wc++11-extensions]
ap_uint<8> orig_val[2]={0}; ap_uint<8> dup_val[2]={0}; ap_uint<8> key[32]; ap_uint<16> orig_in=0xFFFF; ap_uint<8> orig_out[2]={0}; ap_uint<8> dup_out[2]={0}; ap_uint<1> orig_issued=0; ap_uint<1> dup_issued=0; ap_uint<16> dup_in=0xFFFF; ap_uint<16> in_count=0; ap_uint<16> out_count=0; ap_uint<1> orig_done=0; ap_uint<1> dup_done=0; ap_uint<8> output[128]; ap_uint<1> qed_done; ap_uint<1> qed_check; ap_uint<2> orig_idx; ap_uint<2> dup_idx;};
                      ^
buf4bug3.cpp:301:50: warning: in-class initialization of non-static data member is a C++11 extension [-Wc++11-extensions]
ap_uint<8> orig_val[2]={0}; ap_uint<8> dup_val[2]={0}; ap_uint<8> key[32]; ap_uint<16> orig_in=0xFFFF; ap_uint<8> orig_out[2]={0}; ap_uint<8> dup_out[2]={0}; ap_uint<1> orig_issued=0; ap_uint<1> dup_issued=0; ap_uint<16> dup_in=0xFFFF; ap_uint<16> in_count=0; ap_uint<16> out_count=0; ap_uint<1> orig_done=0; ap_uint<1> dup_done=0; ap_uint<8> output[128]; ap_uint<1> qed_done; ap_uint<1> qed_check; ap_uint<2> orig_idx; ap_uint<2> dup_idx;};
                                                 ^
buf4bug3.cpp:301:95: warning: in-class initialization of non-static data member is a C++11 extension [-Wc++11-extensions]
ap_uint<8> orig_val[2]={0}; ap_uint<8> dup_val[2]={0}; ap_uint<8> key[32]; ap_uint<16> orig_in=0xFFFF; ap_uint<8> orig_out[2]={0}; ap_uint<8> dup_out[2]={0}; ap_uint<1> orig_issued=0; ap_uint<1> dup_issued=0; ap_uint<16> dup_in=0xFFFF; ap_uint<16> in_count=0; ap_uint<16> out_count=0; ap_uint<1> orig_done=0; ap_uint<1> dup_done=0; ap_uint<8> output[128]; ap_uint<1> qed_done; ap_uint<1> qed_check; ap_uint<2> orig_idx; ap_uint<2> dup_idx;};
                                                                                              ^
buf4bug3.cpp:301:126: warning: in-class initialization of non-static data member is a C++11 extension [-Wc++11-extensions]
ap_uint<8> orig_val[2]={0}; ap_uint<8> dup_val[2]={0}; ap_uint<8> key[32]; ap_uint<16> orig_in=0xFFFF; ap_uint<8> orig_out[2]={0}; ap_uint<8> dup_out[2]={0}; ap_uint<1> orig_issued=0; ap_uint<1> dup_issued=0; ap_uint<16> dup_in=0xFFFF; ap_uint<16> in_count=0; ap_uint<16> out_count=0; ap_uint<1> orig_done=0; ap_uint<1> dup_done=0; ap_uint<8> output[128]; ap_uint<1> qed_done; ap_uint<1> qed_check; ap_uint<2> orig_idx; ap_uint<2> dup_idx;};
                                                                                                                             ^
buf4bug3.cpp:301:153: warning: in-class initialization of non-static data member is a C++11 extension [-Wc++11-extensions]
ap_uint<8> orig_val[2]={0}; ap_uint<8> dup_val[2]={0}; ap_uint<8> key[32]; ap_uint<16> orig_in=0xFFFF; ap_uint<8> orig_out[2]={0}; ap_uint<8> dup_out[2]={0}; ap_uint<1> orig_issued=0; ap_uint<1> dup_issued=0; ap_uint<16> dup_in=0xFFFF; ap_uint<16> in_count=0; ap_uint<16> out_count=0; ap_uint<1> orig_done=0; ap_uint<1> dup_done=0; ap_uint<8> output[128]; ap_uint<1> qed_done; ap_uint<1> qed_check; ap_uint<2> orig_idx; ap_uint<2> dup_idx;};
                                                                                                                                                        ^
buf4bug3.cpp:301:181: warning: in-class initialization of non-static data member is a C++11 extension [-Wc++11-extensions]
ap_uint<8> orig_val[2]={0}; ap_uint<8> dup_val[2]={0}; ap_uint<8> key[32]; ap_uint<16> orig_in=0xFFFF; ap_uint<8> orig_out[2]={0}; ap_uint<8> dup_out[2]={0}; ap_uint<1> orig_issued=0; ap_uint<1> dup_issued=0; ap_uint<16> dup_in=0xFFFF; ap_uint<16> in_count=0; ap_uint<16> out_count=0; ap_uint<1> orig_done=0; ap_uint<1> dup_done=0; ap_uint<8> output[128]; ap_uint<1> qed_done; ap_uint<1> qed_check; ap_uint<2> orig_idx; ap_uint<2> dup_idx;};
                                                                                                                                                                                    ^
buf4bug3.cpp:301:206: warning: in-class initialization of non-static data member is a C++11 extension [-Wc++11-extensions]
ap_uint<8> orig_val[2]={0}; ap_uint<8> dup_val[2]={0}; ap_uint<8> key[32]; ap_uint<16> orig_in=0xFFFF; ap_uint<8> orig_out[2]={0}; ap_uint<8> dup_out[2]={0}; ap_uint<1> orig_issued=0; ap_uint<1> dup_issued=0; ap_uint<16> dup_in=0xFFFF; ap_uint<16> in_count=0; ap_uint<16> out_count=0; ap_uint<1> orig_done=0; ap_uint<1> dup_done=0; ap_uint<8> output[128]; ap_uint<1> qed_done; ap_uint<1> qed_check; ap_uint<2> orig_idx; ap_uint<2> dup_idx;};
                                                                                                                                                                                                             ^
buf4bug3.cpp:301:228: warning: in-class initialization of non-static data member is a C++11 extension [-Wc++11-extensions]
ap_uint<8> orig_val[2]={0}; ap_uint<8> dup_val[2]={0}; ap_uint<8> key[32]; ap_uint<16> orig_in=0xFFFF; ap_uint<8> orig_out[2]={0}; ap_uint<8> dup_out[2]={0}; ap_uint<1> orig_issued=0; ap_uint<1> dup_issued=0; ap_uint<16> dup_in=0xFFFF; ap_uint<16> in_count=0; ap_uint<16> out_count=0; ap_uint<1> orig_done=0; ap_uint<1> dup_done=0; ap_uint<8> output[128]; ap_uint<1> qed_done; ap_uint<1> qed_check; ap_uint<2> orig_idx; ap_uint<2> dup_idx;};
                                                                                                                                                                                                                                   ^
buf4bug3.cpp:301:257: warning: in-class initialization of non-static data member is a C++11 extension [-Wc++11-extensions]
ap_uint<8> orig_val[2]={0}; ap_uint<8> dup_val[2]={0}; ap_uint<8> key[32]; ap_uint<16> orig_in=0xFFFF; ap_uint<8> orig_out[2]={0}; ap_uint<8> dup_out[2]={0}; ap_uint<1> orig_issued=0; ap_uint<1> dup_issued=0; ap_uint<16> dup_in=0xFFFF; ap_uint<16> in_count=0; ap_uint<16> out_count=0; ap_uint<1> orig_done=0; ap_uint<1> dup_done=0; ap_uint<8> output[128]; ap_uint<1> qed_done; ap_uint<1> qed_check; ap_uint<2> orig_idx; ap_uint<2> dup_idx;};
                                                                                                                                                                                                                                                                ^
buf4bug3.cpp:301:282: warning: in-class initialization of non-static data member is a C++11 extension [-Wc++11-extensions]
ap_uint<8> orig_val[2]={0}; ap_uint<8> dup_val[2]={0}; ap_uint<8> key[32]; ap_uint<16> orig_in=0xFFFF; ap_uint<8> orig_out[2]={0}; ap_uint<8> dup_out[2]={0}; ap_uint<1> orig_issued=0; ap_uint<1> dup_issued=0; ap_uint<16> dup_in=0xFFFF; ap_uint<16> in_count=0; ap_uint<16> out_count=0; ap_uint<1> orig_done=0; ap_uint<1> dup_done=0; ap_uint<8> output[128]; ap_uint<1> qed_done; ap_uint<1> qed_check; ap_uint<2> orig_idx; ap_uint<2> dup_idx;};
                                                                                                                                                                                                                                                                                         ^
buf4bug3.cpp:301:306: warning: in-class initialization of non-static data member is a C++11 extension [-Wc++11-extensions]
ap_uint<8> orig_val[2]={0}; ap_uint<8> dup_val[2]={0}; ap_uint<8> key[32]; ap_uint<16> orig_in=0xFFFF; ap_uint<8> orig_out[2]={0}; ap_uint<8> dup_out[2]={0}; ap_uint<1> orig_issued=0; ap_uint<1> dup_issued=0; ap_uint<16> dup_in=0xFFFF; ap_uint<16> in_count=0; ap_uint<16> out_count=0; ap_uint<1> orig_done=0; ap_uint<1> dup_done=0; ap_uint<8> output[128]; ap_uint<1> qed_done; ap_uint<1> qed_check; ap_uint<2> orig_idx; ap_uint<2> dup_idx;};
                                                                                                                                                                                                                                                                                                                 ^
buf4bug3.cpp:301:329: warning: in-class initialization of non-static data member is a C++11 extension [-Wc++11-extensions]
ap_uint<8> orig_val[2]={0}; ap_uint<8> dup_val[2]={0}; ap_uint<8> key[32]; ap_uint<16> orig_in=0xFFFF; ap_uint<8> orig_out[2]={0}; ap_uint<8> dup_out[2]={0}; ap_uint<1> orig_issued=0; ap_uint<1> dup_issued=0; ap_uint<16> dup_in=0xFFFF; ap_uint<16> in_count=0; ap_uint<16> out_count=0; ap_uint<1> orig_done=0; ap_uint<1> dup_done=0; ap_uint<8> output[128]; ap_uint<1> qed_done; ap_uint<1> qed_check; ap_uint<2> orig_idx; ap_uint<2> dup_idx;};
                                                                                                                                                                                                                                                                                                                                        ^
12 warnings generated.
INFO: [HLS 200-111] Finished Linking Time (s): cpu = 00:00:13 ; elapsed = 00:00:15 . Memory (MB): peak = 535.250 ; gain = 0.109 ; free physical = 109232 ; free virtual = 114472
INFO: [HLS 200-111] Finished Checking Pragmas Time (s): cpu = 00:00:13 ; elapsed = 00:00:15 . Memory (MB): peak = 535.250 ; gain = 0.109 ; free physical = 109232 ; free virtual = 114472
INFO: [HLS 200-10] Starting code transformations ...
INFO: [HLS 200-489] Unrolling loop 'unroll_loop' (buf4bug3.cpp:279) in function 'workload' completely with a factor of 1.
INFO: [HLS 200-111] Finished Standard Transforms Time (s): cpu = 00:00:14 ; elapsed = 00:00:16 . Memory (MB): peak = 535.426 ; gain = 0.285 ; free physical = 109218 ; free virtual = 114458
INFO: [HLS 200-10] Checking synthesizability ...
INFO: [XFORM 203-602] Inlining function 'aes_addRoundKey_cpy' into 'aes256_encrypt_ecb' (buf4bug3.cpp:217) automatically.
INFO: [XFORM 203-602] Inlining function 'aes_subBytes' into 'aes256_encrypt_ecb' (buf4bug3.cpp:226) automatically.
INFO: [XFORM 203-602] Inlining function 'aes_addRoundKey' into 'aes256_encrypt_ecb' (buf4bug3.cpp:229) automatically.
INFO: [XFORM 203-602] Inlining function 'aes_tiling' into 'workload' (buf4bug3.cpp:281) automatically.
INFO: [HLS 200-111] Finished Checking Synthesizability Time (s): cpu = 00:00:14 ; elapsed = 00:00:17 . Memory (MB): peak = 535.426 ; gain = 0.285 ; free physical = 109213 ; free virtual = 114454
INFO: [XFORM 203-1101] Packing variable 'o1' (buf4bug3.cpp:439) into a 24-bit variable.
INFO: [XFORM 203-1101] Packing variable 'o2' (buf4bug3.cpp:441) into a 3-bit variable.
INFO: [XFORM 203-1101] Packing variable 'agg.result' (buf4bug3.cpp:431) into a 20-bit variable.
INFO: [XFORM 203-502] Unrolling all sub-loops inside loop 'Loop-2' (buf4bug3.cpp:255) in function 'workload' for pipelining.
INFO: [XFORM 203-502] Unrolling small iteration loop 'reshape1' (buf4bug3.cpp:271) in function 'workload' automatically.
INFO: [XFORM 203-502] Unrolling small iteration loop 'reshape2' (buf4bug3.cpp:283) in function 'workload' automatically.
INFO: [XFORM 203-502] Unrolling small iteration loop 'Loop-1' (buf4bug3.cpp:234) in function 'aes_tiling' automatically.
INFO: [HLS 200-489] Unrolling loop 'Loop-1' (buf4bug3.cpp:250) in function 'workload' completely with a factor of 32.
INFO: [HLS 200-489] Unrolling loop 'Loop-2.1' (buf4bug3.cpp:257) in function 'workload' completely with a factor of 0.
INFO: [HLS 200-489] Unrolling loop 'reshape1' (buf4bug3.cpp:271) in function 'workload' completely with a factor of 1.
INFO: [HLS 200-489] Unrolling loop 'reshape2' (buf4bug3.cpp:283) in function 'workload' completely with a factor of 1.
INFO: [HLS 200-489] Unrolling loop 'Loop-1' (buf4bug3.cpp:234) in function 'aes_tiling' completely with a factor of 1.
INFO: [HLS 200-489] Unrolling loop 'Loop-1' (buf4bug3.cpp:343) in function 'aqed_in' completely with a factor of 32.
INFO: [HLS 200-489] Unrolling loop 'Loop-2' (buf4bug3.cpp:362) in function 'aqed_in' completely with a factor of 32.
INFO: [XFORM 203-101] Partitioning array 'local_key' (buf4bug3.cpp:246) in dimension 1 completely.
INFO: [XFORM 203-101] Partitioning array 'buf' (buf4bug3.cpp:267) in dimension 1 completely.
INFO: [XFORM 203-602] Inlining function 'aes_addRoundKey_cpy' into 'aes256_encrypt_ecb' (buf4bug3.cpp:217) automatically.
INFO: [XFORM 203-602] Inlining function 'aes_subBytes' into 'aes256_encrypt_ecb' (buf4bug3.cpp:226) automatically.
INFO: [XFORM 203-602] Inlining function 'aes_addRoundKey' into 'aes256_encrypt_ecb' (buf4bug3.cpp:229) automatically.
INFO: [XFORM 203-602] Inlining function 'aes_tiling' into 'workload' (buf4bug3.cpp:281) automatically.
WARNING: [XFORM 203-561] Updating loop upper bound from 2 to 1 for loop 'major_loop' in function 'workload'.
WARNING: [XFORM 203-561] Updating loop lower bound from 0 to 1 for loop 'major_loop' in function 'workload'.
INFO: [XFORM 203-102] Automatically partitioning small array 'state.orig_val.V' completely based on array size.
INFO: [XFORM 203-102] Automatically partitioning small array 'state.orig_out.V' completely based on array size.
INFO: [XFORM 203-102] Automatically partitioning small array 'state.dup_val.V' completely based on array size.
INFO: [XFORM 203-102] Automatically partitioning small array 'buf[0]' (buf4bug3.cpp:267) completely based on array size.
INFO: [XFORM 203-101] Partitioning array 'state.orig_val.V' in dimension 1 completely.
INFO: [XFORM 203-101] Partitioning array 'state.orig_out.V' in dimension 1 completely.
INFO: [XFORM 203-101] Partitioning array 'state.dup_val.V' in dimension 1 completely.
INFO: [XFORM 203-101] Partitioning array 'buf[0]' (buf4bug3.cpp:267) in dimension 1 completely.
INFO: [XFORM 203-401] Performing if-conversion on hyperblock from (buf4bug3.cpp:408:31) to (buf4bug3.cpp:411:9) in function 'aqed_out'... converting 3 basic blocks.
INFO: [XFORM 203-401] Performing if-conversion on hyperblock to (buf4bug3.cpp:357:11) in function 'aqed_in'... converting 11 basic blocks.
INFO: [XFORM 203-401] Performing if-conversion on hyperblock from (buf4bug3.cpp:137:26) to (buf4bug3.cpp:139:2) in function 'aes256_encrypt_ecb'... converting 4 basic blocks.
INFO: [XFORM 203-401] Performing if-conversion on hyperblock from (buf4bug3.cpp:115:24) to (buf4bug3.cpp:117:2) in function 'aes256_encrypt_ecb'... converting 4 basic blocks.
INFO: [XFORM 203-401] Performing if-conversion on hyperblock from (buf4bug3.cpp:126:27) to (buf4bug3.cpp:128:2) in function 'aes256_encrypt_ecb'... converting 4 basic blocks.
INFO: [XFORM 203-11] Balancing expressions in function 'aqed_in' (buf4bug3.cpp:332)...7 expression(s) balanced.
INFO: [HLS 200-111] Finished Pre-synthesis Time (s): cpu = 00:00:15 ; elapsed = 00:00:18 . Memory (MB): peak = 663.145 ; gain = 128.004 ; free physical = 109186 ; free virtual = 114428
INFO: [HLS 200-111] Finished Architecture Synthesis Time (s): cpu = 00:00:15 ; elapsed = 00:00:19 . Memory (MB): peak = 663.145 ; gain = 128.004 ; free physical = 109154 ; free virtual = 114397
INFO: [HLS 200-10] Starting hardware synthesis ...
INFO: [HLS 200-10] Synthesizing 'aqed_top' ...
INFO: [HLS 200-10] ----------------------------------------------------------------
INFO: [HLS 200-42] -- Implementing module 'aqed_in' 
INFO: [HLS 200-10] ----------------------------------------------------------------
INFO: [SCHED 204-11] Starting scheduling ...
INFO: [SCHED 204-11] Finished scheduling.
INFO: [HLS 200-111]  Elapsed time: 19.18 seconds; current allocated memory: 121.631 MB.
INFO: [BIND 205-100] Starting micro-architecture generation ...
INFO: [BIND 205-101] Performing variable lifetime analysis.
INFO: [BIND 205-101] Exploring resource sharing.
INFO: [BIND 205-101] Binding ...
INFO: [BIND 205-100] Finished micro-architecture generation.
INFO: [HLS 200-111]  Elapsed time: 0.33 seconds; current allocated memory: 122.063 MB.
INFO: [HLS 200-10] ----------------------------------------------------------------
INFO: [HLS 200-42] -- Implementing module 'aes256_encrypt_ecb' 
INFO: [HLS 200-10] ----------------------------------------------------------------
INFO: [SCHED 204-11] Starting scheduling ...
INFO: [SCHED 204-61] Pipelining loop 'ecb1'.
INFO: [SCHED 204-61] Pipelining result : Target II = 1, Final II = 1, Depth = 2.
INFO: [SCHED 204-61] Pipelining loop 'cpkey'.
INFO: [SCHED 204-61] Pipelining result : Target II = 1, Final II = 1, Depth = 2.
INFO: [SCHED 204-61] Pipelining loop 'sub'.
INFO: [SCHED 204-61] Pipelining result : Target II = 1, Final II = 1, Depth = 2.
INFO: [SCHED 204-61] Pipelining loop 'addkey'.
INFO: [SCHED 204-61] Pipelining result : Target II = 1, Final II = 1, Depth = 2.
INFO: [SCHED 204-11] Finished scheduling.
INFO: [HLS 200-111]  Elapsed time: 0.65 seconds; current allocated memory: 122.458 MB.
INFO: [BIND 205-100] Starting micro-architecture generation ...
INFO: [BIND 205-101] Performing variable lifetime analysis.
INFO: [BIND 205-101] Exploring resource sharing.
INFO: [BIND 205-101] Binding ...
INFO: [BIND 205-100] Finished micro-architecture generation.
INFO: [HLS 200-111]  Elapsed time: 0.25 seconds; current allocated memory: 122.839 MB.
INFO: [HLS 200-10] ----------------------------------------------------------------
