2020-04-15 15:53:07.251954 (4898) main____ INFO    ----------------------------------------
2020-04-15 15:53:07.252140 (4898) main____ INFO    JasperGold version info
2020-04-15 15:53:07.252158 (4898) main____ INFO      tool      : JasperGold 2016.09
2020-04-15 15:53:07.252170 (4898) main____ INFO      version   : 2016.09p002 64 bits
2020-04-15 15:53:07.252179 (4898) main____ INFO      build date: 2016.11.28 18:08:37 PST
2020-04-15 15:53:07.252185 (4898) main____ INFO    ----------------------------------------
2020-04-15 15:53:07.252191 (4898) main____ INFO    Runtime info:
2020-04-15 15:53:07.252200 (4898) main____ INFO      platform  : Linux 3.10.0-957.21.3.el7.x86_64 x86_64
2020-04-15 15:53:07.252211 (4898) main____ INFO      hostname  : rsg31.stanford.edu
2020-04-15 15:53:07.252218 (4898) main____ INFO      pid       : 4898
2020-04-15 15:53:07.252225 (4898) main____ INFO      arguments : '-style' 'windows' '-tcl' 'jasper.tcl'
2020-04-15 15:53:07.252231 (4898) main____ INFO    ----------------------------------------
2020-04-15 15:53:07.256885 (4898) lic__man INFO    Claim 'main' for <ui>.
2020-04-15 15:53:07.261169 (4898) lic_core INFO    (1) checking out 'jasper_interactive' ...
2020-04-15 15:53:07.278666 (4898) lic_core INFO    ... (1) checkout succeeded
2020-04-15 15:53:07.278807 (4898) lic__man INFO    Claim 'fpv' for <ui>.
2020-04-15 15:53:07.278846 (4898) lic_core INFO    (2) checking out 'jasper_fpv' ...
2020-04-15 15:53:07.319447 (4898) lic_core INFO    ... (2) checkout succeeded
2020-04-15 15:53:08.076662 (4898) lic__man INFO    Claim 'fpv' for <ui>.
2020-04-15 15:53:08.224872 (4898) lic__man INFO    Unclaim 'fpv' for <ui>.
2020-04-15 15:53:08.224951 (4898) lic__man INFO    Claim 'fpv' for <ui>.
2020-04-15 15:53:08.247721 (4898) session_ INFO    Starting analysis session with session id 'session_0' ...
2020-04-15 15:53:08.251213 (4898) session_ INFO    Analysis session with session id 'session_0' started (pid: 4911)
2020-04-15 15:53:14.203264 (4898) session_ INFO    Analysis session 'session_0' connected to the console (host: 172.24.74.88:60340)
2020-04-15 15:53:15.854514 (4898) lic__man INFO    Unclaim everything for 'session_0*'.
2020-04-15 15:53:16.060700 (4898) lic__man INFO    Claim 'fpv' for 'session_0'.
2020-04-15 15:53:47.074594 (4898) lic__man INFO    Unclaim everything for 'session_0/prove-0'.
2020-04-15 15:53:51.559011 (4898) lic__man INFO    Unclaim everything for 'session_0*'.
2020-04-15 15:53:51.794320 (4898) lic__man INFO    Claim 'fpv' for 'session_0'.
2020-04-15 15:54:53.876257 (4898) lic__man INFO    Unclaim everything for 'session_0/prove-1'.
2020-04-15 15:54:59.434539 (4898) lic__man INFO    Unclaim everything for 'session_0*'.
2020-04-15 15:54:59.661317 (4898) lic__man INFO    Claim 'fpv' for 'session_0'.
2020-04-15 15:58:33.133587 (4898) lic__man INFO    Unclaim everything for 'session_0/prove-2'.
2020-04-15 15:59:25.883512 (4898) lic__man INFO    Unclaim everything for 'session_0/prove-3'.
2020-04-15 15:59:31.926866 (4898) lic__man INFO    Unclaim everything for 'session_0*'.
2020-04-15 15:59:37.060637 (4898) lic__man INFO    Claim 'fpv' for 'session_0'.
2020-04-15 16:00:42.388203 (4898) lic__man INFO    Unclaim everything for 'session_0/prove-4'.
2020-04-15 16:02:17.216755 (4898) lic__man INFO    Unclaim everything for 'session_0*'.
2020-04-15 16:02:21.324542 (4898) lic__man INFO    Claim 'fpv' for 'session_0'.
2020-04-15 16:03:36.291721 (4898) lic__man INFO    Unclaim everything for 'session_0/prove-5'.
2020-04-15 16:14:15.217054 (4898) lic__man INFO    Unclaim everything for 'session_0*'.
2020-04-15 16:14:21.020099 (4898) lic__man INFO    Claim 'fpv' for 'session_0'.
2020-04-15 16:16:21.275896 (4898) lic__man INFO    Claim 'fpv' for 'session_0/prove-7'.
2020-04-15 16:16:21.275987 (4898) lic_core INFO    (3) checking out 'jasper_fpv' ...
2020-04-15 16:16:21.297847 (4898) lic_core INFO    ... (3) checkout succeeded
2020-04-15 16:16:32.897838 (4898) lic__man INFO    Unclaim everything for 'session_0/prove-7'.
2020-04-15 16:16:33.602555 (4898) lic__man INFO    Unclaim everything for 'session_0/prove-6'.
2020-04-15 16:16:45.709364 (4898) lic__man INFO    Unclaim everything for 'session_0/prove-8'.
2020-04-15 16:16:54.311387 (4898) lic__man INFO    Unclaim everything for 'session_0/prove-9'.
2020-04-15 16:17:58.011945 (4898) lic__man INFO    Unclaim everything for 'session_0/prove-10'.
2020-04-15 16:19:09.318440 (4898) lic__man INFO    Unclaim everything for 'session_0/prove-11'.
2020-04-15 16:20:31.886129 (4898) lic__man INFO    Unclaim everything for 'session_0/prove-12'.
2020-04-15 16:20:43.808599 (4898) lic__man INFO    Unclaim everything for 'session_0/prove-13'.
2020-04-15 16:22:29.493503 (4898) lic__man INFO    Unclaim everything for 'session_0/prove-14'.
2020-04-15 16:22:38.439905 (4898) lic__man INFO    Unclaim everything for 'session_0/prove-15'.
2020-04-15 16:24:36.064646 (4898) lic__man INFO    Unclaim everything for 'session_0/prove-16'.
2020-04-15 16:24:45.454354 (4898) lic__man INFO    Unclaim everything for 'session_0/prove-17'.
