2020-04-08 16:43:55.887870 (3459) main____ INFO    ----------------------------------------
2020-04-08 16:43:55.888045 (3459) main____ INFO    JasperGold version info
2020-04-08 16:43:55.888073 (3459) main____ INFO      tool      : JasperGold 2016.09
2020-04-08 16:43:55.888093 (3459) main____ INFO      version   : 2016.09p002 64 bits
2020-04-08 16:43:55.888106 (3459) main____ INFO      build date: 2016.11.28 18:08:37 PST
2020-04-08 16:43:55.888115 (3459) main____ INFO    ----------------------------------------
2020-04-08 16:43:55.888124 (3459) main____ INFO    Runtime info:
2020-04-08 16:43:55.888137 (3459) main____ INFO      platform  : Linux 3.10.0-957.21.3.el7.x86_64 x86_64
2020-04-08 16:43:55.888152 (3459) main____ INFO      hostname  : rsg20.stanford.edu
2020-04-08 16:43:55.888162 (3459) main____ INFO      pid       : 3459
2020-04-08 16:43:55.888173 (3459) main____ INFO      arguments : '-style' 'windows' '-tcl' 'jasper.tcl'
2020-04-08 16:43:55.888182 (3459) main____ INFO    ----------------------------------------
2020-04-08 16:43:55.890624 (3459) lic__man INFO    Claim 'main' for <ui>.
2020-04-08 16:43:55.896208 (3459) lic_core INFO    (1) checking out 'jasper_interactive' ...
2020-04-08 16:43:55.919907 (3459) lic_core INFO    ... (1) checkout succeeded
2020-04-08 16:43:55.920029 (3459) lic__man INFO    Claim 'fpv' for <ui>.
2020-04-08 16:43:55.920085 (3459) lic_core INFO    (2) checking out 'jasper_fpv' ...
2020-04-08 16:43:55.939876 (3459) lic_core INFO    ... (2) checkout succeeded
2020-04-08 16:43:56.625099 (3459) lic__man INFO    Claim 'fpv' for <ui>.
2020-04-08 16:43:56.675963 (3459) lic__man INFO    Unclaim 'fpv' for <ui>.
2020-04-08 16:43:56.675993 (3459) lic__man INFO    Claim 'fpv' for <ui>.
2020-04-08 16:43:56.698322 (3459) session_ INFO    Starting analysis session with session id 'session_0' ...
2020-04-08 16:43:56.701702 (3459) session_ INFO    Analysis session with session id 'session_0' started (pid: 3475)
2020-04-08 16:44:01.275704 (3459) session_ INFO    Analysis session 'session_0' connected to the console (host: 172.24.74.47:34858)
2020-04-08 16:44:03.297862 (3459) lic__man INFO    Unclaim everything for 'session_0*'.
2020-04-08 16:44:03.495967 (3459) lic__man INFO    Claim 'fpv' for 'session_0'.
2020-04-08 16:44:06.511002 (3459) lic__man INFO    Unclaim everything for 'session_0/prove-0'.
2020-04-08 16:44:19.325722 (3459) main____ INFO    About to exit: requested from GUI
2020-04-08 16:44:19.476294 (3459) main____ INFO    Exiting.
