#----------------------------------------
# JasperGold Version Info
# tool      : JasperGold 2016.09
# platform  : Linux 3.10.0-957.21.3.el7.x86_64
# version   : 2016.09p002 64 bits
# build date: 2016.11.28 18:08:41 PST
#----------------------------------------
# started Sun Apr 12 13:38:51 PDT 2020
# hostname  : rsg20.stanford.edu
# pid       : 4496
# arguments : '-label' 'session_0' '-console' 'rsg20.stanford.edu:33029' '-style' 'windows' '-use_native_tcl' '-proj' '/rsgs/pool0/Saranyu/AES_1/AES_abstracted/cpp/bug0/BUG0/solution1/syn/verilog/jgproject/sessionLogs/session_0' '-init' '-hidden' '/rsgs/pool0/Saranyu/AES_1/AES_abstracted/cpp/bug0/BUG0/solution1/syn/verilog/jgproject/.tmp/.initCmds.tcl' 'jasper.tcl'

Any disclosure about the Cadence Design Systems software or its use
model to any third party violates the written Non-Disclosure Agreement
between Cadence Design Systems, Inc. and the customer.

THIS SOFTWARE CONTAINS CONFIDENTIAL INFORMATION AND TRADE SECRETS OF
CADENCE DESIGN SYSTEMS, INC. USE, DISCLOSURE, OR REPRODUCTION IS
PROHIBITED WITHOUT THE PRIOR EXPRESS WRITTEN PERMISSION OF CADENCE
DESIGN SYSTEMS, INC.

Copyright (C) 2000-2016 Cadence Design Systems, Inc. All Rights
Reserved.  Unpublished -- rights reserved under the copyright laws of
the United States.

This product includes software developed by others and redistributed
according to license agreement. See doc/third_party_readme.txt for
further details.

RESTRICTED RIGHTS LEGEND

Use, duplication, or disclosure by the Government is subject to
restrictions as set forth in subparagraph (c) (1) (ii) of the Rights in
Technical Data and Computer Software clause at DFARS 252.227-7013 or
subparagraphs (c) (1) and (2) of Commercial Computer Software -- Restricted
Rights at 48 CFR 52.227-19, as applicable.


                          Cadence Design Systems, Inc. 
                          2655 Seely Avenue
                          San Jose, CA 95134
                          Phone: 408.943.1234

For technical assistance visit http://support.cadence.com.

JasperGold Apps Analysis Session - /rsgs/pool0/Saranyu/AES_1/AES_abstracted/cpp/bug0/BUG0/solution1/syn/verilog/jgproject/sessionLogs/session_0

INFO: successfully checked out licenses "jasper_interactive" and "jasper_fpv".
INFO: reading configuration file "/rsghome/saranyuc/.config/jasper/jaspergold.conf".
INFO (IPL003): This JasperGold instance uses a new interpreter implementation for Tcl evaluation.
    Launch JasperGold using the "-use_jtcl" command-line switch to restore it to the old implementation.
% 
% analyze -sv09 -f aes.flist 
[-- (VERI-1482)] Analyzing Verilog file /hd/cad/cadence/JASPERGOLD16.09.002.lnx86/lib/verilog/packages/std/std.sv into library std
[-- (VERI-1482)] Analyzing Verilog file aes256_encrypt_ecb_ctx_body_enckey.v
[-- (VERI-1482)] Analyzing Verilog file aes256_encrypt_ecb_ctx_body_key.v
[-- (VERI-1482)] Analyzing Verilog file aes256_encrypt_ecb.v
[-- (VERI-1482)] Analyzing Verilog file aqed_in_state_key_V.v
[-- (VERI-1482)] Analyzing Verilog file aqed_in.v
[-- (VERI-1482)] Analyzing Verilog file aqed_out.v
[-- (VERI-1482)] Analyzing Verilog file aqed_top_bmc_in.v
[-- (VERI-1482)] Analyzing Verilog file aqed_top.v
[-- (VERI-1482)] Analyzing Verilog file workload_local_key_0.v
[-- (VERI-1482)] Analyzing Verilog file workload.v
% elaborate -disable_auto_bbox -top aqed_top
INFO (ISW003): Top module name is "aqed_top".
[INFO (VERI-1018)] aqed_top.v(12): compiling module aqed_top
[WARN (VERI-1060)] aqed_top.v(138): 'initial' construct ignored
[INFO (VERI-1018)] aqed_top_bmc_in.v(58): compiling module aqed_top_bmc_in:(DataWidth=8,AddressRange=16,AddressWidth=4)
[INFO (VERI-1018)] aqed_top_bmc_in.v(9): compiling module aqed_top_bmc_in_ram
[WARN (VERI-1060)] aqed_top_bmc_in.v(29): 'initial' construct ignored
[INFO (VERI-1018)] workload.v(10): compiling module workload
[WARN (VERI-1060)] workload.v(154): 'initial' construct ignored
[INFO (VERI-1018)] workload_local_key_0.v(42): compiling module workload_local_key_0:(DataWidth=8,AddressRange=32,AddressWidth=5)_0
[INFO (VERI-1018)] workload_local_key_0.v(9): compiling module workload_local_key_0_rom_0
[WARN (VERI-1060)] workload_local_key_0.v(25): 'initial' construct ignored
[INFO (VERI-1018)] workload_local_key_0.v(42): compiling module workload_local_key_0:(DataWidth=8,AddressRange=32,AddressWidth=5)_1
[INFO (VERI-1018)] workload_local_key_0.v(9): compiling module workload_local_key_0_rom_1
[INFO (VERI-1018)] aes256_encrypt_ecb.v(10): compiling module aes256_encrypt_ecb
[WARN (VERI-1060)] aes256_encrypt_ecb.v(159): 'initial' construct ignored
[INFO (VERI-1018)] aes256_encrypt_ecb_ctx_body_key.v(66): compiling module aes256_encrypt_ecb_ctx_body_key:(DataWidth=8,AddressRange=32,AddressWidth=5)
[INFO (VERI-1018)] aes256_encrypt_ecb_ctx_body_key.v(9): compiling module aes256_encrypt_ecb_ctx_body_key_ram
[INFO (VERI-9012)] aes256_encrypt_ecb_ctx_body_key.v(26): Unintentional Sequential element inferred for ram read before write using blocking assignment
[INFO (VERI-1018)] aes256_encrypt_ecb_ctx_body_enckey.v(55): compiling module aes256_encrypt_ecb_ctx_body_enckey:(DataWidth=8,AddressRange=32,AddressWidth=5)
[INFO (VERI-1018)] aes256_encrypt_ecb_ctx_body_enckey.v(9): compiling module aes256_encrypt_ecb_ctx_body_enckey_ram
[WARN (VERI-1209)] aes256_encrypt_ecb.v(478): expression size 64 truncated to fit in target size 5
[WARN (VERI-1209)] aes256_encrypt_ecb.v(480): expression size 64 truncated to fit in target size 5
[WARN (VERI-1209)] aes256_encrypt_ecb.v(482): expression size 32 truncated to fit in target size 5
[WARN (VERI-1209)] aes256_encrypt_ecb.v(512): expression size 64 truncated to fit in target size 5
[WARN (VERI-1209)] aes256_encrypt_ecb.v(514): expression size 64 truncated to fit in target size 5
[WARN (VERI-1209)] aes256_encrypt_ecb.v(516): expression size 32 truncated to fit in target size 5
[WARN (VERI-1209)] aes256_encrypt_ecb.v(606): expression size 32 truncated to fit in target size 7
[WARN (VERI-1209)] aes256_encrypt_ecb.v(677): expression size 64 truncated to fit in target size 5
[WARN (VERI-1209)] aes256_encrypt_ecb.v(679): expression size 64 truncated to fit in target size 5
[WARN (VERI-1209)] aes256_encrypt_ecb.v(691): expression size 64 truncated to fit in target size 5
[WARN (VERI-1209)] workload.v(477): expression size 64 truncated to fit in target size 4
[WARN (VERI-1209)] workload.v(479): expression size 64 truncated to fit in target size 4
[WARN (VERI-1209)] workload.v(481): expression size 32 truncated to fit in target size 4
[WARN (VERI-1209)] workload.v(569): expression size 32 truncated to fit in target size 11
[INFO (VERI-1018)] aqed_in.v(10): compiling module aqed_in
[WARN (VERI-1060)] aqed_in.v(205): 'initial' construct ignored
[INFO (VERI-1018)] aqed_in_state_key_V.v(62): compiling module aqed_in_state_key_V:(DataWidth=1,AddressRange=32,AddressWidth=5)
[INFO (VERI-1018)] aqed_in_state_key_V.v(9): compiling module aqed_in_state_key_V_ram
[WARN (VERI-1060)] aqed_in_state_key_V.v(30): 'initial' construct ignored
[WARN (VERI-1209)] aqed_in.v(309): expression size 64 truncated to fit in target size 4
[WARN (VERI-1209)] aqed_in.v(311): expression size 64 truncated to fit in target size 4
[WARN (VERI-1209)] aqed_in.v(315): expression size 32 truncated to fit in target size 4
[WARN (VERI-1209)] aqed_in.v(321): expression size 64 truncated to fit in target size 4
[WARN (VERI-1209)] aqed_in.v(323): expression size 64 truncated to fit in target size 4
[WARN (VERI-1209)] aqed_in.v(327): expression size 32 truncated to fit in target size 4
[WARN (VERI-1209)] aqed_in.v(429): expression size 32 truncated to fit in target size 5
[WARN (VERI-1209)] aqed_in.v(467): expression size 32 truncated to fit in target size 5
[WARN (VERI-1209)] aqed_in.v(595): expression size 32 truncated to fit in target size 19
[INFO (VERI-1018)] aqed_out.v(10): compiling module aqed_out
[WARN (VERI-1060)] aqed_out.v(124): 'initial' construct ignored
[WARN (VERI-1209)] aqed_out.v(266): expression size 64 truncated to fit in target size 4
[WARN (VERI-1209)] aqed_out.v(270): expression size 32 truncated to fit in target size 4
[WARN (VERI-1209)] aqed_out.v(276): expression size 64 truncated to fit in target size 4
[WARN (VERI-1209)] aqed_out.v(280): expression size 32 truncated to fit in target size 4
[WARN (VERI-1209)] aqed_out.v(307): expression size 32 truncated to fit in target size 1
[WARN (VERI-1209)] aqed_out.v(310): expression size 32 truncated to fit in target size 1
[WARN (VERI-1209)] aqed_out.v(341): expression size 32 truncated to fit in target size 4
[WARN (VERI-1209)] aqed_top.v(380): expression size 32 truncated to fit in target size 4
[WARN (VERI-1209)] aqed_top.v(390): expression size 32 truncated to fit in target size 4
[WARN (VERI-1209)] aqed_top.v(464): expression size 32 truncated to fit in target size 7
[WARN (VDB-1002)] workload_local_key_0.v(21): net ram[0][7] does not have a driver
[WARN (VDB-1000)] aqed_in_state_key_V.v(44): net ram[0][0] is constantly driven from multiple places
[WARN (VDB-1001)] aqed_in_state_key_V.v(56): another driver from here
[INFO] Beginning multiple driver analysis
[INFO] Finished multiple driver analysis
[INFO] Module Name aqed_top
aqed_top
[<embedded>] % clock ap_clk
[<embedded>] % reset -expression ap_rst 
INFO (IPM031): Clearing proof results of all properties.
INFO (IRS006): Current reset condition is "ap_rst".
[<embedded>] % set_engine_mode {Hp Ht Bm J Q3 U L R B K AB D I AD M N AM G C AG G2 C2 Hps Hts Tri}
[<embedded>] % autoprove
INFO (IPF127): Verbosity level: 6
INFO (IPF127): Using Proof Grid in local mode, with 1 licenses
INFO (IPF127): Trace generation: Keeping
INFO (IPF127): Engine C/G memory limit: 2048MB
INFO (IPF127): Using rule default_rule.
INFO (IPF127): Using action: prove_action.
INFO (IPF031): Settings used for this proof:
    time_limit                    = 2400s
    per_property_time_limit       = 3s * 9 ^ scan
    engine_mode                   = Hp Ht L I N 
    proofgrid_per_engine_max_jobs = 1
    max engine jobs               = Hp Ht L I N, total 5
    proofgrid_mode                = local
    proofgrid_restarts            = 10
INFO (IPF036): Starting proof on task: "<embedded>", 4 properties to prove with 0 already proven/unreachable
INFO (IRS029): Starting reset analysis: phase 1 of 4.
INFO (IRS030): Running reset analysis phase 2 of 4.
INFO (IRS031): Running reset analysis phase 3 of 4.
INFO (IRS020): Starting the reset analysis simulation with a limit of 100 iterations (phase 4 of 4).
INFO (IRS024): Reset iterations 0 to 4 analyzed.
INFO (IRS018): Reset analysis simulation executed for 3 iterations. Assigned values for 544 of 2172 design flops, 0 of 0 design latches, 44 of 114 internal elements.
Using multistage preprocessing
Starting reduce
Finished reduce in 0.022s
Performing Proof Simplification...
0.0.Hp: clocks: 1, declared: 1, disabling: 0, posedge: 1, negedge: 0, noedge: 0, bothedge: 0
0.0.Hp: Proof Simplification Iteration 1	[0.00 s]
0.0.Hp: Proof Simplification Iteration 2	[0.01 s]
0.0.Hp: Proof Simplification Iteration 3	[0.01 s]
Proof Simplification completed in 0.04 s
0.0.Hp: Property reordering done in  0.008s
0.0.Hp: Identified and disabled 1 duplicated target.
About to start centralized ProofGrid in its own thread with a limit of 10000 pending notifications and a limit of 10 traces.
=============================== ProofGrid start ===============================
ProofGrid usable level: 4294967295
ProofGrid is starting event handling
0.0.Ht: Proofgrid shell started at 4665@rsg20.stanford.edu(local) jg_4496_rsg20.stanford.edu_1
0.0.N: Proofgrid shell started at 4668@rsg20.stanford.edu(local) jg_4496_rsg20.stanford.edu_1
0.0.Hp: Proofgrid shell started at 4664@rsg20.stanford.edu(local) jg_4496_rsg20.stanford.edu_1
0.0.L: Proofgrid shell started at 4666@rsg20.stanford.edu(local) jg_4496_rsg20.stanford.edu_1
0.0.I: Proofgrid shell started at 4667@rsg20.stanford.edu(local) jg_4496_rsg20.stanford.edu_1
0.0.Ht: clocks: 1, declared: 1, disabling: 0, posedge: 1, negedge: 0, noedge: 0, bothedge: 0
0.0.N: clocks: 1, declared: 1, disabling: 0, posedge: 1, negedge: 0, noedge: 0, bothedge: 0
0.0.Hp: clocks: 1, declared: 1, disabling: 0, posedge: 1, negedge: 0, noedge: 0, bothedge: 0
0.0.I: clocks: 1, declared: 1, disabling: 0, posedge: 1, negedge: 0, noedge: 0, bothedge: 0
0.0.L: clocks: 1, declared: 1, disabling: 0, posedge: 1, negedge: 0, noedge: 0, bothedge: 0
0.0.N: A trace with 1 cycles was found. [0.01 s]
INFO (IPF047): 0.0.N: The cover property "aqed_top.assume_stable_orig_idx:precondition1" was covered in 1 cycles in 0.00 s.
INFO (IPF047): 0.0.N: The cover property "aqed_top.assume_stable_dup_idx:precondition1" was covered in 1 cycles in 0.00 s by the incidental trace "aqed_top.assume_stable_orig_idx:precondition1".
0.0.N: Next scan (0) will use per property time limit: 3s * 9 ^ 0 = 3s
0.0.N: Starting proof for property "aqed_top.assume_stable_orig_idx:precondition1"	[0.00 s].
0.0.N: Starting proof for property "aqed_top.assume_stable_dup_idx:precondition1"	[0.00 s].
0.0.N: Stopped processing property "aqed_top.assume_stable_orig_idx:precondition1"	[0.00 s].
0.0.N: Stopped processing property "aqed_top.assume_stable_dup_idx:precondition1"	[0.00 s].
0.0.L: Using trace diversification with seed 1 (0.05)
0.0.L: Using LRU state removal heuristic
0.0.I: Next scan (0) will use per property time limit: 3s * 9 ^ 0 = 3s
0.0.I: Starting proof for property "aqed_top.assume_stable_orig_idx:precondition1"	[0.00 s].
0.0.I: Starting proof for property "aqed_top.assume_stable_dup_idx:precondition1"	[0.00 s].
0.0.I: Stopped processing property "aqed_top.assume_stable_orig_idx:precondition1"	[0.00 s].
0.0.I: Stopped processing property "aqed_top.assume_stable_dup_idx:precondition1"	[0.00 s].
0.0.I: Starting proof for property "aqed_top.assert_qed_match"	[0.00 s].
0.0.N: Starting proof for property "aqed_top.assert_qed_match"	[0.00 s].
0.0.L: Using states from traces to { (reset) }
0.0.I: Trace Attempt  1	[0.01 s]
0.0.N: Trace Attempt  1	[0.00 s]
0.0.N: Trace Attempt  1	[0.01 s]
0.0.N: Trace Attempt  2	[0.01 s]
0.0.N: Trace Attempt  3	[0.01 s]
0.0.I: Trace Attempt  1	[0.01 s]
0.0.I: Trace Attempt  2	[0.02 s]
0.0.Ht: Trace Attempt  1	[0.03 s]
0.0.Ht: Trace Attempt  2	[0.03 s]
0.0.Ht: Trace Attempt  3	[0.03 s]
0.0.Ht: Trace Attempt  4	[0.03 s]
0.0.Ht: Trace Attempt  5	[0.03 s]
0.0.L: Trace Attempt  1	[0.04 s]
0.0.I: Trace Attempt  2	[0.03 s]
0.0.I: Trace Attempt  3	[0.03 s]
0.0.I: Trace Attempt  4	[0.03 s]
0.0.N: Trace Attempt  3	[0.03 s]
0.0.N: Trace Attempt  3	[0.04 s]
0.0.N: Trace Attempt  4	[0.04 s]
0.0.I: Trace Attempt  3	[0.04 s]
0.0.L: Trace Attempt  2	[0.07 s]
0.0.I: Trace Attempt  4	[0.08 s]
0.0.L: Trace Attempt  3	[0.10 s]
0.0.I: Trace Attempt  2	[0.09 s]
0.0.I: Trace Attempt  3	[0.09 s]
0.0.I: Trace Attempt  4	[0.09 s]
0.0.L: Trace Attempt  4	[0.13 s]
0.0.N: Trace Attempt  3	[0.12 s]
0.0.I: Trace Attempt  5	[0.13 s]
0.0.L: Trace Attempt  5	[0.16 s]
0.0.I: Trace Attempt  2	[0.21 s]
0.0.I: Trace Attempt  3	[0.21 s]
0.0.I: Trace Attempt  4	[0.21 s]
0.0.N: Trace Attempt  3	[0.26 s]
0.0.I: Trace Attempt  2	[0.43 s]
0.0.I: Trace Attempt  3	[0.43 s]
0.0.I: Trace Attempt  4	[0.43 s]
0.0.N: Trace Attempt  3	[0.43 s]
0.0.I: Trace Attempt  2	[0.61 s]
0.0.I: Trace Attempt  3	[0.62 s]
0.0.N: Trace Attempt  3	[0.62 s]
0.0.I: Trace Attempt  4	[0.62 s]
0.0.I: Trace Attempt  2	[0.91 s]
0.0.I: Trace Attempt  3	[0.92 s]
0.0.I: Trace Attempt  4	[0.92 s]
0.0.N: Trace Attempt  3	[0.95 s]
0.0.I: Trace Attempt  2	[1.18 s]
0.0.I: Trace Attempt  3	[1.18 s]
0.0.I: Trace Attempt  4	[1.18 s]
0.0.N: Trace Attempt  3	[1.20 s]
0.0.I: Trace Attempt  2	[1.42 s]
0.0.I: Trace Attempt  3	[1.42 s]
0.0.I: Trace Attempt  4	[1.42 s]
0.0.N: Trace Attempt  3	[1.43 s]
0.0.I: Trace Attempt  2	[1.66 s]
0.0.I: Trace Attempt  3	[1.66 s]
0.0.I: Trace Attempt  4	[1.66 s]
0.0.N: Trace Attempt  3	[1.68 s]
0.0.I: Trace Attempt  2	[1.91 s]
0.0.I: Trace Attempt  3	[1.91 s]
0.0.I: Trace Attempt  4	[1.91 s]
0.0.N: Trace Attempt  3	[1.92 s]
0.0.I: Trace Attempt  2	[2.29 s]
0.0.I: Trace Attempt  3	[2.29 s]
0.0.I: Trace Attempt  4	[2.29 s]
0.0.N: Trace Attempt  3	[2.32 s]
0.0.I: Trace Attempt  2	[2.62 s]
0.0.I: Trace Attempt  3	[2.62 s]
0.0.I: Trace Attempt  4	[2.63 s]
0.0.N: Trace Attempt  3	[2.72 s]
0.0.I: Trace Attempt 20	[2.97 s]
0.0.I: Per property time limit expired (3.00 s) [3.02 s]
0.0.I: Stopped processing property "aqed_top.assert_qed_match"	[2.97 s].
0.0.I: Starting proof for property "aqed_top.assert_qed_match:precondition1"	[0.00 s].
0.0.N: Trace Attempt 46	[2.80 s]
0.0.N: Per property time limit expired (3.00 s) [3.02 s]
0.0.N: Stopped processing property "aqed_top.assert_qed_match"	[2.97 s].
0.0.N: Starting proof for property "aqed_top.assert_qed_match:precondition1"	[0.00 s].
0.0.I: Trace Attempt  1	[0.00 s]
0.0.N: Trace Attempt  1	[0.00 s]
0.0.I: Trace Attempt  1	[0.00 s]
0.0.I: Trace Attempt  2	[0.00 s]
0.0.I: Trace Attempt  3	[0.00 s]
0.0.N: Trace Attempt  1	[0.00 s]
0.0.I: Trace Attempt  2	[0.01 s]
0.0.I: Trace Attempt  2	[0.01 s]
0.0.I: Trace Attempt  3	[0.01 s]
0.0.I: Trace Attempt  4	[0.01 s]
0.0.N: Trace Attempt  3	[0.01 s]
0.0.N: Trace Attempt  3	[0.02 s]
0.0.N: Trace Attempt  4	[0.02 s]
0.0.I: Trace Attempt  4	[0.04 s]
0.0.I: Trace Attempt  2	[0.04 s]
0.0.I: Trace Attempt  3	[0.04 s]
0.0.I: Trace Attempt  4	[0.04 s]
0.0.N: Trace Attempt  3	[0.07 s]
0.0.I: Trace Attempt  5	[0.08 s]
0.0.I: Trace Attempt  2	[0.16 s]
0.0.I: Trace Attempt  3	[0.16 s]
0.0.I: Trace Attempt  4	[0.16 s]
0.0.N: Trace Attempt  3	[0.18 s]
0.0.I: Trace Attempt  2	[0.34 s]
0.0.I: Trace Attempt  3	[0.34 s]
0.0.I: Trace Attempt  4	[0.35 s]
0.0.N: Trace Attempt  3	[0.35 s]
0.0.I: Trace Attempt  2	[0.49 s]
0.0.I: Trace Attempt  3	[0.49 s]
0.0.I: Trace Attempt  4	[0.49 s]
0.0.N: Trace Attempt  3	[0.51 s]
0.0.I: Trace Attempt  2	[0.71 s]
0.0.I: Trace Attempt  3	[0.72 s]
0.0.I: Trace Attempt  4	[0.72 s]
0.0.N: Trace Attempt  3	[0.73 s]
0.0.I: Trace Attempt  2	[0.92 s]
0.0.I: Trace Attempt  3	[0.93 s]
0.0.N: Trace Attempt  3	[0.93 s]
0.0.I: Trace Attempt  4	[0.93 s]
0.0.Ht: Trace Attempt 72	[4.09 s]
0.0.I: Trace Attempt  2	[1.15 s]
0.0.I: Trace Attempt  3	[1.15 s]
0.0.I: Trace Attempt  4	[1.15 s]
0.0.N: Trace Attempt  3	[1.17 s]
0.0.L: Trace Attempt 58	[4.24 s]
0.0.I: Trace Attempt  2	[1.45 s]
0.0.I: Trace Attempt  3	[1.45 s]
0.0.I: Trace Attempt  4	[1.45 s]
0.0.N: Trace Attempt  3	[1.48 s]
0.0.I: Trace Attempt  2	[1.87 s]
0.0.I: Trace Attempt  3	[1.87 s]
0.0.I: Trace Attempt  4	[1.87 s]
0.0.N: Trace Attempt  3	[1.90 s]
0.0.N: Trace Attempt  3	[2.21 s]
0.0.I: Trace Attempt  2	[2.21 s]
0.0.I: Trace Attempt  3	[2.21 s]
0.0.I: Trace Attempt  4	[2.21 s]
0.0.N: Trace Attempt  3	[2.53 s]
0.0.I: Trace Attempt  2	[2.55 s]
0.0.I: Trace Attempt  3	[2.55 s]
0.0.I: Trace Attempt  4	[2.55 s]
0.0.I: Trace Attempt  2	[2.91 s]
0.0.I: Trace Attempt  3	[2.91 s]
0.0.I: Trace Attempt  4	[2.91 s]
0.0.I: Trace Attempt 16	[3.00 s]
0.0.I: Per property time limit expired (3.00 s) [3.00 s]
0.0.I: Stopped processing property "aqed_top.assert_qed_match:precondition1"	[3.00 s].
0.0.I: Next scan (1) will use per property time limit: 3s * 9 ^ 1 = 27s
0.0.I: Starting proof for property "aqed_top.assert_qed_match"	[0.00 s].
0.0.N: Stopped processing property "aqed_top.assert_qed_match:precondition1"	[3.05 s].
0.0.N: Next scan (1) will use per property time limit: 3s * 9 ^ 1 = 27s
0.0.N: Starting proof for property "aqed_top.assert_qed_match"	[0.00 s].
0.0.I: Trace Attempt 20	[0.11 s]
0.0.I: Trace Attempt  2	[0.26 s]
0.0.I: Trace Attempt  3	[0.26 s]
0.0.I: Trace Attempt  4	[0.27 s]
0.0.N: Trace Attempt  3	[1.18 s]
0.0.Ht: Trace Attempt 87	[8.17 s]
0.0.L: Trace Attempt 77	[8.29 s]
0.0.I: Trace Attempt  2	[2.42 s]
0.0.I: Trace Attempt  3	[2.42 s]
0.0.I: Trace Attempt  4	[2.43 s]
0.0.N: Trace Attempt  3	[2.55 s]
0.0.I: Trace Attempt  2	[4.37 s]
0.0.I: Trace Attempt  3	[4.37 s]
0.0.I: Trace Attempt  4	[4.37 s]
0.0.N: Trace Attempt  3	[4.41 s]
0.0.I: Trace Attempt  2	[5.86 s]
0.0.I: Trace Attempt  3	[5.86 s]
0.0.I: Trace Attempt  4	[5.86 s]
0.0.N: Trace Attempt  3	[5.92 s]
0.0.Ht: Trace Attempt 95	[12.31 s]
0.0.L: Trace Attempt 93	[12.42 s]
0.0.I: Trace Attempt  2	[7.77 s]
0.0.I: Trace Attempt  3	[7.78 s]
0.0.I: Trace Attempt  4	[7.78 s]
0.0.N: Trace Attempt  3	[8.18 s]
0.0.I: Trace Attempt  2	[9.96 s]
0.0.I: Trace Attempt  3	[9.97 s]
0.0.I: Trace Attempt  4	[9.97 s]
0.0.N: Trace Attempt  3	[10.44 s]
0.0.Ht: Trace Attempt 101	[16.95 s]
0.0.L: Trace Attempt 107	[17.08 s]
0.0.I: Trace Attempt  2	[12.86 s]
0.0.I: Trace Attempt  3	[12.86 s]
0.0.I: Trace Attempt  4	[12.86 s]
0.0.N: Trace Attempt  3	[13.00 s]
0.0.L: Trace Attempt 119	[21.27 s]
0.0.I: Trace Attempt  2	[15.46 s]
0.0.I: Trace Attempt  3	[15.46 s]
0.0.I: Trace Attempt  4	[15.47 s]
0.0.N: Trace Attempt  3	[15.60 s]
0.0.Ht: Trace Attempt 107	[21.83 s]
0.0.N: Trace Attempt  3	[18.16 s]
0.0.I: Trace Attempt  2	[18.67 s]
0.0.I: Trace Attempt  3	[18.67 s]
0.0.I: Trace Attempt  4	[18.67 s]
0.0.L: Trace Attempt 127	[25.84 s]
0.0.I: Trace Attempt  2	[20.70 s]
0.0.I: Trace Attempt  3	[20.70 s]
0.0.I: Trace Attempt  4	[20.70 s]
0.0.Ht: Trace Attempt 111	[26.76 s]
0.0.N: Trace Attempt  3	[20.84 s]
0.0.I: Trace Attempt  2	[23.67 s]
0.0.I: Trace Attempt  3	[23.67 s]
0.0.I: Trace Attempt  4	[23.68 s]
0.0.N: Trace Attempt  3	[23.73 s]
0.0.Ht: Trace Attempt 114	[31.15 s]
0.0.L: Trace Attempt 133	[29.07 s]
0.0.L: A trace with 133 cycles was found. [31.24 s]
INFO (IPF047): 0.0.L: The cover property "aqed_top.assert_qed_match:precondition1" was covered in 133 cycles in 31.24 s.
0.0.L: Using states from traces to { aqed_top.assert_qed_match:precondition1 (132) }
0.0.L: Trace Attempt  1	[31.25 s]
0.0.L: Trace Attempt  2	[31.26 s]
0.0.L: Trace Attempt  3	[31.26 s]
0.0.L: Trace Attempt  4	[31.27 s]
0.0.L: Trace Attempt  5	[31.28 s]
0.0.I: Trace Attempt 69	[24.59 s]
0.0.I: Per property time limit expired (27.00 s) [27.07 s]
0.0.I: Stopped processing property "aqed_top.assert_qed_match"	[27.07 s].
0.0.I: Last scan. Per property time limit: 0s
0.0.I: Starting proof for property "aqed_top.assert_qed_match"	[0.00 s].
0.0.N: Trace Attempt 69	[24.59 s]
0.0.N: Per property time limit expired (27.00 s) [27.07 s]
0.0.N: Stopped processing property "aqed_top.assert_qed_match"	[27.07 s].
0.0.N: Last scan. Per property time limit: 0s
0.0.N: Starting proof for property "aqed_top.assert_qed_match"	[0.00 s].
0.0.I: Trace Attempt 69	[0.40 s]
0.0.N: Trace Attempt 69	[0.41 s]
0.0.L: Trace Attempt 59	[35.34 s]
0.0.Ht: Trace Attempt 118	[35.92 s]
0.0.I: Trace Attempt  2	[3.50 s]
0.0.I: Trace Attempt  3	[3.50 s]
0.0.I: Trace Attempt  4	[3.50 s]
0.0.N: Trace Attempt  3	[3.50 s]
0.0.L: Trace Attempt 97	[39.36 s]
0.0.I: Trace Attempt  2	[7.64 s]
0.0.I: Trace Attempt  3	[7.64 s]
0.0.I: Trace Attempt  4	[7.64 s]
0.0.Ht: Trace Attempt 121	[40.79 s]
0.0.N: Trace Attempt  3	[7.82 s]
0.0.L: Trace Attempt 131	[43.39 s]
0.0.I: Trace Attempt  2	[11.99 s]
0.0.I: Trace Attempt  3	[11.99 s]
0.0.I: Trace Attempt  4	[11.99 s]
0.0.N: Trace Attempt  3	[12.19 s]
0.0.Ht: Trace Attempt 124	[45.90 s]
0.0.L: Trace Attempt 148	[48.09 s]
0.0.I: Trace Attempt  2	[15.91 s]
0.0.I: Trace Attempt  3	[15.92 s]
0.0.I: Trace Attempt  4	[15.92 s]
0.0.N: Trace Attempt  3	[16.41 s]
0.0.Ht: Trace Attempt 127	[51.24 s]
0.0.I: Trace Attempt  2	[20.53 s]
0.0.I: Trace Attempt  3	[20.53 s]
0.0.I: Trace Attempt  4	[20.53 s]
0.0.N: Trace Attempt  3	[20.72 s]
0.0.L: Trace Attempt 170	[56.46 s]
0.0.Ht: Trace Attempt 130	[56.68 s]
0.0.I: Trace Attempt  2	[25.89 s]
0.0.I: Trace Attempt  3	[25.89 s]
0.0.I: Trace Attempt  4	[25.90 s]
0.0.N: Trace Attempt  3	[26.30 s]
0.0.L: Trace Attempt 191	[60.64 s]
0.0.Ht: Trace Attempt 133	[62.65 s]
0.0.I: Trace Attempt  2	[30.99 s]
0.0.I: Trace Attempt  3	[30.99 s]
0.0.I: Trace Attempt  4	[31.00 s]
0.0.N: Trace Attempt  3	[31.04 s]
0.0.L: Trace Attempt 217	[64.69 s]
0.0.L: Trace Attempt 242	[68.98 s]
0.0.N: Trace Attempt  3	[36.88 s]
0.0.I: Trace Attempt  2	[37.02 s]
0.0.I: Trace Attempt  3	[37.03 s]
0.0.I: Trace Attempt  4	[37.03 s]
0.0.L: Trace Attempt 273	[73.44 s]
0.0.L: Trace Attempt 303	[77.50 s]
0.0.I: Trace Attempt  2	[44.50 s]
0.0.I: Trace Attempt  3	[44.50 s]
0.0.I: Trace Attempt  4	[44.51 s]
0.0.L: Trace Attempt 332	[81.62 s]
0.0.N: Trace Attempt  3	[51.01 s]
0.0.L: Trace Attempt 342	[85.65 s]
0.0.I: Trace Attempt 107	[53.37 s]
0.0.L: Trace Attempt 371	[89.76 s]
0.0.L: Trace Attempt 377	[94.21 s]
0.0.L: Trace Attempt 383	[98.45 s]
0.0.I: Trace Attempt  2	[67.24 s]
0.0.I: Trace Attempt  3	[67.25 s]
0.0.I: Trace Attempt  4	[67.25 s]
0.0.N: Trace Attempt  3	[67.83 s]
0.0.L: Trace Attempt 401	[102.57 s]
0.0.I: Trace Attempt 108	[72.58 s]
0.0.N: Trace Attempt 114	[72.62 s]
0.0.L: Trace Attempt 427	[106.67 s]
0.0.L: Trace Attempt 433	[110.67 s]
0.0.L: Trace Attempt 448	[114.80 s]
0.0.I: Trace Attempt  2	[84.96 s]
0.0.I: Trace Attempt  3	[84.96 s]
0.0.I: Trace Attempt  4	[84.97 s]
0.0.N: Trace Attempt  3	[89.89 s]
0.0.N: Trace Attempt 115	[94.47 s]
0.0.I: Trace Attempt 115	[94.52 s]
0.0.L: Trace Attempt 458	[134.32 s]
0.0.L: Trace Attempt 467	[138.61 s]
0.0.I: Trace Attempt  2	[106.18 s]
0.0.I: Trace Attempt  3	[106.19 s]
0.0.I: Trace Attempt  4	[106.19 s]
0.0.N: Trace Attempt  3	[106.22 s]
0.0.L: Trace Attempt 475	[142.66 s]
0.0.L: Trace Attempt 493	[146.78 s]
0.0.I: Trace Attempt 116	[116.66 s]
0.0.N: Trace Attempt 116	[116.74 s]
0.0.L: Trace Attempt 512	[150.96 s]
0.0.Ht: A trace with 133 cycles was found. [156.66 s]
INFO (IPF055): 0.0.Ht: A counterexample (cex) with 133 cycles was found for the property "aqed_top.assert_qed_match" in 156.75 s.
ProofGrid usable level: 1
0.0.Ht: All properties determined. [156.69 s]
0.0.Ht: Exited with Success (@ 156.71 s)
0.0.Hp: Interrupted (multi)
0.0.Hp: Interrupted. [156.76 s]
0.0.Hp: Exited with Success (@ 156.77 s)
0.0.N: Stopped processing property "aqed_top.assert_qed_match"	[123.69 s].
0.0.N: All properties either determined or skipped. [156.83 s]
0.0.I: Stopped processing property "aqed_top.assert_qed_match"	[123.73 s].
0.0.I: All properties either determined or skipped. [156.83 s]
0.0.N: Exited with Success (@ 156.84 s)
0.0.I: Exited with Success (@ 156.84 s)
0.0.L: Trace Attempt 519	[153.87 s]
0.0.L: Interrupted. [157.65 s]
0.0.L: Exited with Success (@ 157.66 s)
ProofGrid usable level: 0
ProofGrid usable level: 0
All pending notifications were processed.
INFO (IPF127): Done using action: prove_action.
INFO (IPF127): Final state reached.

==============================================================
SUMMARY
==============================================================
	Properties Considered : 4
	      assertions      : 1
	       - proven       : 0 (0%)
	       - marked_proven: 0 (0%)
	       - cex          : 1 (100%)
	       - ar_cex       : 0 (0%)
	       - undetermined : 0 (0%)
	       - unprocessed  : 0 (0%)
	       - error        : 0 (0%)
	      covers          : 3
	       - unreachable  : 0 (0%)
	       - covered      : 3 (100%)
	       - ar_covered   : 0 (0%)
	       - undetermined : 0 (0%)
	       - unprocessed  : 0 (0%)
	       - error        : 0 (0%)
determined
[<embedded>] % 
[<embedded>] % 
[<embedded>] % visualize -violation -property <embedded>::aqed_top.assert_qed_match -new_window
INFO (IVS015): Setting Visualize task to "<embedded>".
INFO (IVS008): Expanding analysis region to enable visualization of "<embedded>::aqed_top.assert_qed_match".
cex
[<embedded>] % visualize -violation -property <embedded>::aqed_top.assert_qed_match -new_window
INFO (IVS015): Setting Visualize task to "<embedded>".
INFO (IVS008): Expanding analysis region to enable visualization of "<embedded>::aqed_top.assert_qed_match".
cex
WARNING (WNL053): Unable to find signal "<embedded>::aqed_top.assert_qed_match".
WARNING (WNL053): Unable to find signal "grp_aqed_in_fu_113.ap_start".
WARNING (WNL053): Unable to find signal "grp_workload_fu_107.ap_start".
WARNING (WNL053): Unable to find signal "grp_aqed_out_fu_149.state_orig_out_V_0".
WARNING (WNL053): Unable to find signal "grp_aqed_out_fu_149.state_orig_out_V_1".
WARNING (WNL053): Unable to find signal "grp_aqed_in_fu_113.state_orig_val_V_0".
WARNING (WNL053): Unable to find signal "grp_aqed_in_fu_113.state_orig_val_V_1".
WARNING (WNL053): Unable to find signal "grp_aqed_in_fu_113.state_dup_val_V_0".
WARNING (WNL053): Unable to find signal "grp_aqed_in_fu_113.state_dup_val_V_1".
WARNING (WNL053): Unable to find signal "grp_workload_fu_107.grp_aes256_encrypt_ecb_fu_256.ctx_body_key_U.aes256_encrypt_ecb_ctx_body_key_ram_U.ram[0]".
WARNING (WNL053): Unable to find signal "grp_workload_fu_107.grp_aes256_encrypt_ecb_fu_265.ctx_body_key_U.aes256_encrypt_ecb_ctx_body_key_ram_U.ram[0]".
WARNING (WNL053): Unable to find signal "grp_workload_fu_107.grp_aes256_encrypt_ecb_fu_256.ctx_body_key_U.aes256_encrypt_ecb_ctx_body_key_ram_U.ce0".
WARNING (WNL053): Unable to find signal "grp_workload_fu_107.grp_aes256_encrypt_ecb_fu_256.ctx_body_key_U.aes256_encrypt_ecb_ctx_body_key_ram_U.ce1".
WARNING (WNL053): Unable to find signal "grp_workload_fu_107.grp_aes256_encrypt_ecb_fu_265.ctx_body_key_U.aes256_encrypt_ecb_ctx_body_key_ram_U.q0".
WARNING (WNL053): Unable to find signal "<embedded>::aqed_top.assert_qed_match".
WARNING (WNL053): Unable to find signal "grp_aqed_in_fu_113.ap_start".
WARNING (WNL053): Unable to find signal "grp_workload_fu_107.ap_start".
WARNING (WNL053): Unable to find signal "grp_aqed_out_fu_149.state_orig_out_V_0".
WARNING (WNL053): Unable to find signal "grp_aqed_out_fu_149.state_orig_out_V_1".
WARNING (WNL053): Unable to find signal "grp_aqed_in_fu_113.state_orig_val_V_0".
WARNING (WNL053): Unable to find signal "grp_aqed_in_fu_113.state_orig_val_V_1".
WARNING (WNL053): Unable to find signal "grp_aqed_in_fu_113.state_dup_val_V_0".
WARNING (WNL053): Unable to find signal "grp_aqed_in_fu_113.state_dup_val_V_1".
WARNING (WNL053): Unable to find signal "grp_workload_fu_107.grp_aes256_encrypt_ecb_fu_256.ctx_body_key_U.aes256_encrypt_ecb_ctx_body_key_ram_U.ram[0]".
WARNING (WNL053): Unable to find signal "grp_workload_fu_107.grp_aes256_encrypt_ecb_fu_265.ctx_body_key_U.aes256_encrypt_ecb_ctx_body_key_ram_U.ram[0]".
WARNING (WNL053): Unable to find signal "grp_workload_fu_107.grp_aes256_encrypt_ecb_fu_256.ctx_body_key_U.aes256_encrypt_ecb_ctx_body_key_ram_U.ce0".
WARNING (WNL053): Unable to find signal "grp_workload_fu_107.grp_aes256_encrypt_ecb_fu_256.ctx_body_key_U.aes256_encrypt_ecb_ctx_body_key_ram_U.ce1".
WARNING (WNL053): Unable to find signal "grp_workload_fu_107.grp_aes256_encrypt_ecb_fu_265.ctx_body_key_U.aes256_encrypt_ecb_ctx_body_key_ram_U.q0".
INFO: delete ampa start in Shell
INFO: delete ampa end in Shell
INFO: Waiting for proof threads to stop...
INFO: Proof threads stopped.
