2020-04-15 22:25:17.838706 (7277) main____ INFO    ----------------------------------------
2020-04-15 22:25:17.838870 (7277) main____ INFO    JasperGold version info
2020-04-15 22:25:17.838895 (7277) main____ INFO      tool      : JasperGold 2016.09
2020-04-15 22:25:17.838911 (7277) main____ INFO      version   : 2016.09p002 64 bits
2020-04-15 22:25:17.838923 (7277) main____ INFO      build date: 2016.11.28 18:08:37 PST
2020-04-15 22:25:17.838932 (7277) main____ INFO    ----------------------------------------
2020-04-15 22:25:17.838941 (7277) main____ INFO    Runtime info:
2020-04-15 22:25:17.838952 (7277) main____ INFO      platform  : Linux 3.10.0-957.21.3.el7.x86_64 x86_64
2020-04-15 22:25:17.838967 (7277) main____ INFO      hostname  : rsg31.stanford.edu
2020-04-15 22:25:17.838977 (7277) main____ INFO      pid       : 7277
2020-04-15 22:25:17.838987 (7277) main____ INFO      arguments : '-style' 'windows' '-tcl' 'jasper.tcl'
2020-04-15 22:25:17.838996 (7277) main____ INFO    ----------------------------------------
2020-04-15 22:25:17.845035 (7277) lic__man INFO    Claim 'main' for <ui>.
2020-04-15 22:25:17.932354 (7277) lic_core INFO    (1) checking out 'jasper_interactive' ...
2020-04-15 22:25:17.958330 (7277) lic_core INFO    ... (1) checkout succeeded
2020-04-15 22:25:17.958473 (7277) lic__man INFO    Claim 'fpv' for <ui>.
2020-04-15 22:25:17.958528 (7277) lic_core INFO    (2) checking out 'jasper_fpv' ...
2020-04-15 22:25:17.979315 (7277) lic_core INFO    ... (2) checkout succeeded
2020-04-15 22:25:19.221419 (7277) lic__man INFO    Claim 'fpv' for <ui>.
2020-04-15 22:25:19.398027 (7277) lic__man INFO    Unclaim 'fpv' for <ui>.
2020-04-15 22:25:19.398085 (7277) lic__man INFO    Claim 'fpv' for <ui>.
2020-04-15 22:25:19.417037 (7277) session_ INFO    Starting analysis session with session id 'session_0' ...
2020-04-15 22:25:19.420660 (7277) session_ INFO    Analysis session with session id 'session_0' started (pid: 7329)
2020-04-15 22:25:25.301471 (7277) session_ INFO    Analysis session 'session_0' connected to the console (host: 172.24.74.88:36910)
2020-04-15 22:25:27.109800 (7277) lic__man INFO    Unclaim everything for 'session_0*'.
2020-04-15 22:25:46.390264 (7277) lic__man INFO    Claim 'fpv' for 'session_0'.
2020-04-15 22:26:09.808451 (7277) lic__man INFO    Unclaim everything for 'session_0/prove-0'.
2020-04-15 22:28:05.649748 (7277) main____ INFO    About to exit: requested from GUI
2020-04-15 22:28:05.792869 (7277) main____ INFO    Exiting.
