2020-04-08 16:27:03.192369 (30979) main____ INFO    ----------------------------------------
2020-04-08 16:27:03.192569 (30979) main____ INFO    JasperGold version info
2020-04-08 16:27:03.192598 (30979) main____ INFO      tool      : JasperGold 2016.09
2020-04-08 16:27:03.192619 (30979) main____ INFO      version   : 2016.09p002 64 bits
2020-04-08 16:27:03.192632 (30979) main____ INFO      build date: 2016.11.28 18:08:37 PST
2020-04-08 16:27:03.192642 (30979) main____ INFO    ----------------------------------------
2020-04-08 16:27:03.192651 (30979) main____ INFO    Runtime info:
2020-04-08 16:27:03.192663 (30979) main____ INFO      platform  : Linux 3.10.0-957.21.3.el7.x86_64 x86_64
2020-04-08 16:27:03.192679 (30979) main____ INFO      hostname  : rsg20.stanford.edu
2020-04-08 16:27:03.192690 (30979) main____ INFO      pid       : 30979
2020-04-08 16:27:03.192700 (30979) main____ INFO      arguments : '-style' 'windows' '-tcl' 'jasper.tcl'
2020-04-08 16:27:03.192710 (30979) main____ INFO    ----------------------------------------
2020-04-08 16:27:03.195124 (30979) lic__man INFO    Claim 'main' for <ui>.
2020-04-08 16:27:03.199717 (30979) lic_core INFO    (1) checking out 'jasper_interactive' ...
2020-04-08 16:27:03.223275 (30979) lic_core INFO    ... (1) checkout succeeded
2020-04-08 16:27:03.223389 (30979) lic__man INFO    Claim 'fpv' for <ui>.
2020-04-08 16:27:03.223439 (30979) lic_core INFO    (2) checking out 'jasper_fpv' ...
2020-04-08 16:27:03.243595 (30979) lic_core INFO    ... (2) checkout succeeded
2020-04-08 16:27:03.933414 (30979) lic__man INFO    Claim 'fpv' for <ui>.
2020-04-08 16:27:03.982660 (30979) lic__man INFO    Unclaim 'fpv' for <ui>.
2020-04-08 16:27:03.982692 (30979) lic__man INFO    Claim 'fpv' for <ui>.
2020-04-08 16:27:04.004198 (30979) session_ INFO    Starting analysis session with session id 'session_0' ...
2020-04-08 16:27:04.006464 (30979) session_ INFO    Analysis session with session id 'session_0' started (pid: 30994)
2020-04-08 16:27:08.907247 (30979) session_ INFO    Analysis session 'session_0' connected to the console (host: 172.24.74.47:54546)
2020-04-08 16:27:12.136272 (30979) lic__man INFO    Unclaim everything for 'session_0*'.
2020-04-08 16:27:12.860004 (30979) lic__man INFO    Claim 'fpv' for 'session_0'.
2020-04-08 16:27:17.969087 (30979) lic__man INFO    Unclaim everything for 'session_0/prove-0'.
2020-04-08 16:27:25.502900 (30979) main____ INFO    About to exit: requested from GUI
2020-04-08 16:27:25.662904 (30979) main____ INFO    Exiting.
