==============================================================
File generated by Vivado(TM) HLS - High-Level Synthesis from C, C++ and SystemC
Version: 2018.2
Copyright (C) 1986-2018 Xilinx, Inc. All Rights Reserved.

==============================================================

INFO: [SYN 201-201] Setting up clock 'default' with a period of 50ns.
INFO: [HLS 200-10] Setting target device to 'xa7a12tcsg325-1q'
INFO: [HLS 200-10] Analyzing design file 'buf4bug3.cpp' ... 
WARNING: [HLS 200-40] In file included from buf4bug3.cpp:1:
buf4bug3.cpp:301:23: warning: in-class initialization of non-static data member is a C++11 extension [-Wc++11-extensions]
ap_uint<8> orig_val[2]={0}; ap_uint<8> dup_val[2]={0}; ap_uint<8> key[32]; ap_uint<16> orig_in=0xFFFF; ap_uint<8> orig_out[2]={0}; ap_uint<8> dup_out[2]={0}; ap_uint<1> orig_issued=0; ap_uint<1> dup_issued=0; ap_uint<16> dup_in=0xFFFF; ap_uint<16> in_count=0; ap_uint<16> out_count=0; ap_uint<1> orig_done=0; ap_uint<1> dup_done=0; ap_uint<8> output[128]; ap_uint<1> qed_done; ap_uint<1> qed_check; ap_uint<2> orig_idx; ap_uint<2> dup_idx;};
                      ^
buf4bug3.cpp:301:50: warning: in-class initialization of non-static data member is a C++11 extension [-Wc++11-extensions]
ap_uint<8> orig_val[2]={0}; ap_uint<8> dup_val[2]={0}; ap_uint<8> key[32]; ap_uint<16> orig_in=0xFFFF; ap_uint<8> orig_out[2]={0}; ap_uint<8> dup_out[2]={0}; ap_uint<1> orig_issued=0; ap_uint<1> dup_issued=0; ap_uint<16> dup_in=0xFFFF; ap_uint<16> in_count=0; ap_uint<16> out_count=0; ap_uint<1> orig_done=0; ap_uint<1> dup_done=0; ap_uint<8> output[128]; ap_uint<1> qed_done; ap_uint<1> qed_check; ap_uint<2> orig_idx; ap_uint<2> dup_idx;};
                                                 ^
buf4bug3.cpp:301:95: warning: in-class initialization of non-static data member is a C++11 extension [-Wc++11-extensions]
ap_uint<8> orig_val[2]={0}; ap_uint<8> dup_val[2]={0}; ap_uint<8> key[32]; ap_uint<16> orig_in=0xFFFF; ap_uint<8> orig_out[2]={0}; ap_uint<8> dup_out[2]={0}; ap_uint<1> orig_issued=0; ap_uint<1> dup_issued=0; ap_uint<16> dup_in=0xFFFF; ap_uint<16> in_count=0; ap_uint<16> out_count=0; ap_uint<1> orig_done=0; ap_uint<1> dup_done=0; ap_uint<8> output[128]; ap_uint<1> qed_done; ap_uint<1> qed_check; ap_uint<2> orig_idx; ap_uint<2> dup_idx;};
                                                                                              ^
buf4bug3.cpp:301:126: warning: in-class initialization of non-static data member is a C++11 extension [-Wc++11-extensions]
ap_uint<8> orig_val[2]={0}; ap_uint<8> dup_val[2]={0}; ap_uint<8> key[32]; ap_uint<16> orig_in=0xFFFF; ap_uint<8> orig_out[2]={0}; ap_uint<8> dup_out[2]={0}; ap_uint<1> orig_issued=0; ap_uint<1> dup_issued=0; ap_uint<16> dup_in=0xFFFF; ap_uint<16> in_count=0; ap_uint<16> out_count=0; ap_uint<1> orig_done=0; ap_uint<1> dup_done=0; ap_uint<8> output[128]; ap_uint<1> qed_done; ap_uint<1> qed_check; ap_uint<2> orig_idx; ap_uint<2> dup_idx;};
                                                                                                                             ^
buf4bug3.cpp:301:153: warning: in-class initialization of non-static data member is a C++11 extension [-Wc++11-extensions]
ap_uint<8> orig_val[2]={0}; ap_uint<8> dup_val[2]={0}; ap_uint<8> key[32]; ap_uint<16> orig_in=0xFFFF; ap_uint<8> orig_out[2]={0}; ap_uint<8> dup_out[2]={0}; ap_uint<1> orig_issued=0; ap_uint<1> dup_issued=0; ap_uint<16> dup_in=0xFFFF; ap_uint<16> in_count=0; ap_uint<16> out_count=0; ap_uint<1> orig_done=0; ap_uint<1> dup_done=0; ap_uint<8> output[128]; ap_uint<1> qed_done; ap_uint<1> qed_check; ap_uint<2> orig_idx; ap_uint<2> dup_idx;};
                                                                                                                                                        ^
buf4bug3.cpp:301:181: warning: in-class initialization of non-static data member is a C++11 extension [-Wc++11-extensions]
ap_uint<8> orig_val[2]={0}; ap_uint<8> dup_val[2]={0}; ap_uint<8> key[32]; ap_uint<16> orig_in=0xFFFF; ap_uint<8> orig_out[2]={0}; ap_uint<8> dup_out[2]={0}; ap_uint<1> orig_issued=0; ap_uint<1> dup_issued=0; ap_uint<16> dup_in=0xFFFF; ap_uint<16> in_count=0; ap_uint<16> out_count=0; ap_uint<1> orig_done=0; ap_uint<1> dup_done=0; ap_uint<8> output[128]; ap_uint<1> qed_done; ap_uint<1> qed_check; ap_uint<2> orig_idx; ap_uint<2> dup_idx;};
                                                                                                                                                                                    ^
buf4bug3.cpp:301:206: warning: in-class initialization of non-static data member is a C++11 extension [-Wc++11-extensions]
ap_uint<8> orig_val[2]={0}; ap_uint<8> dup_val[2]={0}; ap_uint<8> key[32]; ap_uint<16> orig_in=0xFFFF; ap_uint<8> orig_out[2]={0}; ap_uint<8> dup_out[2]={0}; ap_uint<1> orig_issued=0; ap_uint<1> dup_issued=0; ap_uint<16> dup_in=0xFFFF; ap_uint<16> in_count=0; ap_uint<16> out_count=0; ap_uint<1> orig_done=0; ap_uint<1> dup_done=0; ap_uint<8> output[128]; ap_uint<1> qed_done; ap_uint<1> qed_check; ap_uint<2> orig_idx; ap_uint<2> dup_idx;};
                                                                                                                                                                                                             ^
buf4bug3.cpp:301:228: warning: in-class initialization of non-static data member is a C++11 extension [-Wc++11-extensions]
ap_uint<8> orig_val[2]={0}; ap_uint<8> dup_val[2]={0}; ap_uint<8> key[32]; ap_uint<16> orig_in=0xFFFF; ap_uint<8> orig_out[2]={0}; ap_uint<8> dup_out[2]={0}; ap_uint<1> orig_issued=0; ap_uint<1> dup_issued=0; ap_uint<16> dup_in=0xFFFF; ap_uint<16> in_count=0; ap_uint<16> out_count=0; ap_uint<1> orig_done=0; ap_uint<1> dup_done=0; ap_uint<8> output[128]; ap_uint<1> qed_done; ap_uint<1> qed_check; ap_uint<2> orig_idx; ap_uint<2> dup_idx;};
                                                                                                                                                                                                                                   ^
buf4bug3.cpp:301:257: warning: in-class initialization of non-static data member is a C++11 extension [-Wc++11-extensions]
ap_uint<8> orig_val[2]={0}; ap_uint<8> dup_val[2]={0}; ap_uint<8> key[32]; ap_uint<16> orig_in=0xFFFF; ap_uint<8> orig_out[2]={0}; ap_uint<8> dup_out[2]={0}; ap_uint<1> orig_issued=0; ap_uint<1> dup_issued=0; ap_uint<16> dup_in=0xFFFF; ap_uint<16> in_count=0; ap_uint<16> out_count=0; ap_uint<1> orig_done=0; ap_uint<1> dup_done=0; ap_uint<8> output[128]; ap_uint<1> qed_done; ap_uint<1> qed_check; ap_uint<2> orig_idx; ap_uint<2> dup_idx;};
                                                                                                                                                                                                                                                                ^
buf4bug3.cpp:301:282: warning: in-class initialization of non-static data member is a C++11 extension [-Wc++11-extensions]
ap_uint<8> orig_val[2]={0}; ap_uint<8> dup_val[2]={0}; ap_uint<8> key[32]; ap_uint<16> orig_in=0xFFFF; ap_uint<8> orig_out[2]={0}; ap_uint<8> dup_out[2]={0}; ap_uint<1> orig_issued=0; ap_uint<1> dup_issued=0; ap_uint<16> dup_in=0xFFFF; ap_uint<16> in_count=0; ap_uint<16> out_count=0; ap_uint<1> orig_done=0; ap_uint<1> dup_done=0; ap_uint<8> output[128]; ap_uint<1> qed_done; ap_uint<1> qed_check; ap_uint<2> orig_idx; ap_uint<2> dup_idx;};
                                                                                                                                                                                                                                                                                         ^
buf4bug3.cpp:301:306: warning: in-class initialization of non-static data member is a C++11 extension [-Wc++11-extensions]
ap_uint<8> orig_val[2]={0}; ap_uint<8> dup_val[2]={0}; ap_uint<8> key[32]; ap_uint<16> orig_in=0xFFFF; ap_uint<8> orig_out[2]={0}; ap_uint<8> dup_out[2]={0}; ap_uint<1> orig_issued=0; ap_uint<1> dup_issued=0; ap_uint<16> dup_in=0xFFFF; ap_uint<16> in_count=0; ap_uint<16> out_count=0; ap_uint<1> orig_done=0; ap_uint<1> dup_done=0; ap_uint<8> output[128]; ap_uint<1> qed_done; ap_uint<1> qed_check; ap_uint<2> orig_idx; ap_uint<2> dup_idx;};
                                                                                                                                                                                                                                                                                                                 ^
buf4bug3.cpp:301:329: warning: in-class initialization of non-static data member is a C++11 extension [-Wc++11-extensions]
ap_uint<8> orig_val[2]={0}; ap_uint<8> dup_val[2]={0}; ap_uint<8> key[32]; ap_uint<16> orig_in=0xFFFF; ap_uint<8> orig_out[2]={0}; ap_uint<8> dup_out[2]={0}; ap_uint<1> orig_issued=0; ap_uint<1> dup_issued=0; ap_uint<16> dup_in=0xFFFF; ap_uint<16> in_count=0; ap_uint<16> out_count=0; ap_uint<1> orig_done=0; ap_uint<1> dup_done=0; ap_uint<8> output[128]; ap_uint<1> qed_done; ap_uint<1> qed_check; ap_uint<2> orig_idx; ap_uint<2> dup_idx;};
                                                                                                                                                                                                                                                                                                                                        ^
buf4bug3.cpp:348:228: warning: '&&' within '||' [-Wlogical-op-parentheses]
      ap_uint<1> issue_dup = (dup) && (dup_idx<=num) && (!state.dup_issued) && ((state.orig_issued && (*(bmc_in + dup_idx*((1) << (2))/1) == state.orig_val[0])) && (*(bmc_in + 1 + dup_idx*((1) << (2))/1) == state.orig_val[1])) && (key_sum == 0) || ((issue_orig == 1) && (*(bmc_in + orig_idx*((1) << (2))/1) == *(bmc_in + dup_idx*((1) << (2))/1)) && (*(bmc_in + 1 + orig_idx*((1) << (2))/1) == *(bmc_in + 1 + dup_idx*((1) << (2))/1)));
                             ~~~~~~~~~~~~~~~~~~~~~~~~~~~~~~~~~~~~~~~~~~~~~~~~~~~~~~~~~~~~~~~~~~~~~~~~~~~~~~~~~~~~~~~~~~~~~~~~~~~~~~~~~~~~~~~~~~~~~~~~~~~~~~~~~~~~~~~~~~~~~~~~~~~~~~~~~~~~~~~~~~~~~~~~~~~~~~~~~~~~~~~~~~~~~~~~~~~~~~^~~~~~~~~~~~~~~~~ ~~
buf4bug3.cpp:348:228: note: place parentheses around the '&&' expression to silence this warning
      ap_uint<1> issue_dup = (dup) && (dup_idx<=num) && (!state.dup_issued) && ((state.orig_issued && (*(bmc_in + dup_idx*((1) << (2))/1) == state.orig_val[0])) && (*(bmc_in + 1 + dup_idx*((1) << (2))/1) == state.orig_val[1])) && (key_sum == 0) || ((issue_orig == 1) && (*(bmc_in + orig_idx*((1) << (2))/1) == *(bmc_in + dup_idx*((1) << (2))/1)) && (*(bmc_in + 1 + orig_idx*((1) << (2))/1) == *(bmc_in + 1 + dup_idx*((1) << (2))/1)));
                                                                                                                                                                                                                                   ^
                             (                                                                                                                                                                                                                      )
13 warnings generated.\n
INFO: [HLS 200-10] Analyzing design file 'buf4.cpp' ... 
WARNING: [HLS 200-40] In file included from buf4.cpp:1:
buf4.cpp:300:23: warning: in-class initialization of non-static data member is a C++11 extension [-Wc++11-extensions]
ap_uint<8> orig_val[2]={0}; ap_uint<8> dup_val[2]={0}; ap_uint<8> key[32]; ap_uint<16> orig_in=0xFFFF; ap_uint<8> orig_out[2]={0}; ap_uint<8> dup_out[2]={0}; ap_uint<1> orig_issued=0; ap_uint<1> dup_issued=0; ap_uint<16> dup_in=0xFFFF; ap_uint<16> in_count=0; ap_uint<16> out_count=0; ap_uint<1> orig_done=0; ap_uint<1> dup_done=0; ap_uint<8> output[128]; ap_uint<1> qed_done; ap_uint<1> qed_check; ap_uint<2> orig_idx; ap_uint<2> dup_idx;};
                      ^
buf4.cpp:300:50: warning: in-class initialization of non-static data member is a C++11 extension [-Wc++11-extensions]
ap_uint<8> orig_val[2]={0}; ap_uint<8> dup_val[2]={0}; ap_uint<8> key[32]; ap_uint<16> orig_in=0xFFFF; ap_uint<8> orig_out[2]={0}; ap_uint<8> dup_out[2]={0}; ap_uint<1> orig_issued=0; ap_uint<1> dup_issued=0; ap_uint<16> dup_in=0xFFFF; ap_uint<16> in_count=0; ap_uint<16> out_count=0; ap_uint<1> orig_done=0; ap_uint<1> dup_done=0; ap_uint<8> output[128]; ap_uint<1> qed_done; ap_uint<1> qed_check; ap_uint<2> orig_idx; ap_uint<2> dup_idx;};
                                                 ^
buf4.cpp:300:95: warning: in-class initialization of non-static data member is a C++11 extension [-Wc++11-extensions]
ap_uint<8> orig_val[2]={0}; ap_uint<8> dup_val[2]={0}; ap_uint<8> key[32]; ap_uint<16> orig_in=0xFFFF; ap_uint<8> orig_out[2]={0}; ap_uint<8> dup_out[2]={0}; ap_uint<1> orig_issued=0; ap_uint<1> dup_issued=0; ap_uint<16> dup_in=0xFFFF; ap_uint<16> in_count=0; ap_uint<16> out_count=0; ap_uint<1> orig_done=0; ap_uint<1> dup_done=0; ap_uint<8> output[128]; ap_uint<1> qed_done; ap_uint<1> qed_check; ap_uint<2> orig_idx; ap_uint<2> dup_idx;};
                                                                                              ^
buf4.cpp:300:126: warning: in-class initialization of non-static data member is a C++11 extension [-Wc++11-extensions]
ap_uint<8> orig_val[2]={0}; ap_uint<8> dup_val[2]={0}; ap_uint<8> key[32]; ap_uint<16> orig_in=0xFFFF; ap_uint<8> orig_out[2]={0}; ap_uint<8> dup_out[2]={0}; ap_uint<1> orig_issued=0; ap_uint<1> dup_issued=0; ap_uint<16> dup_in=0xFFFF; ap_uint<16> in_count=0; ap_uint<16> out_count=0; ap_uint<1> orig_done=0; ap_uint<1> dup_done=0; ap_uint<8> output[128]; ap_uint<1> qed_done; ap_uint<1> qed_check; ap_uint<2> orig_idx; ap_uint<2> dup_idx;};
                                                                                                                             ^
buf4.cpp:300:153: warning: in-class initialization of non-static data member is a C++11 extension [-Wc++11-extensions]
ap_uint<8> orig_val[2]={0}; ap_uint<8> dup_val[2]={0}; ap_uint<8> key[32]; ap_uint<16> orig_in=0xFFFF; ap_uint<8> orig_out[2]={0}; ap_uint<8> dup_out[2]={0}; ap_uint<1> orig_issued=0; ap_uint<1> dup_issued=0; ap_uint<16> dup_in=0xFFFF; ap_uint<16> in_count=0; ap_uint<16> out_count=0; ap_uint<1> orig_done=0; ap_uint<1> dup_done=0; ap_uint<8> output[128]; ap_uint<1> qed_done; ap_uint<1> qed_check; ap_uint<2> orig_idx; ap_uint<2> dup_idx;};
                                                                                                                                                        ^
buf4.cpp:300:181: warning: in-class initialization of non-static data member is a C++11 extension [-Wc++11-extensions]
ap_uint<8> orig_val[2]={0}; ap_uint<8> dup_val[2]={0}; ap_uint<8> key[32]; ap_uint<16> orig_in=0xFFFF; ap_uint<8> orig_out[2]={0}; ap_uint<8> dup_out[2]={0}; ap_uint<1> orig_issued=0; ap_uint<1> dup_issued=0; ap_uint<16> dup_in=0xFFFF; ap_uint<16> in_count=0; ap_uint<16> out_count=0; ap_uint<1> orig_done=0; ap_uint<1> dup_done=0; ap_uint<8> output[128]; ap_uint<1> qed_done; ap_uint<1> qed_check; ap_uint<2> orig_idx; ap_uint<2> dup_idx;};
                                                                                                                                                                                    ^
buf4.cpp:300:206: warning: in-class initialization of non-static data member is a C++11 extension [-Wc++11-extensions]
ap_uint<8> orig_val[2]={0}; ap_uint<8> dup_val[2]={0}; ap_uint<8> key[32]; ap_uint<16> orig_in=0xFFFF; ap_uint<8> orig_out[2]={0}; ap_uint<8> dup_out[2]={0}; ap_uint<1> orig_issued=0; ap_uint<1> dup_issued=0; ap_uint<16> dup_in=0xFFFF; ap_uint<16> in_count=0; ap_uint<16> out_count=0; ap_uint<1> orig_done=0; ap_uint<1> dup_done=0; ap_uint<8> output[128]; ap_uint<1> qed_done; ap_uint<1> qed_check; ap_uint<2> orig_idx; ap_uint<2> dup_idx;};
                                                                                                                                                                                                             ^
buf4.cpp:300:228: warning: in-class initialization of non-static data member is a C++11 extension [-Wc++11-extensions]
ap_uint<8> orig_val[2]={0}; ap_uint<8> dup_val[2]={0}; ap_uint<8> key[32]; ap_uint<16> orig_in=0xFFFF; ap_uint<8> orig_out[2]={0}; ap_uint<8> dup_out[2]={0}; ap_uint<1> orig_issued=0; ap_uint<1> dup_issued=0; ap_uint<16> dup_in=0xFFFF; ap_uint<16> in_count=0; ap_uint<16> out_count=0; ap_uint<1> orig_done=0; ap_uint<1> dup_done=0; ap_uint<8> output[128]; ap_uint<1> qed_done; ap_uint<1> qed_check; ap_uint<2> orig_idx; ap_uint<2> dup_idx;};
                                                                                                                                                                                                                                   ^
buf4.cpp:300:257: warning: in-class initialization of non-static data member is a C++11 extension [-Wc++11-extensions]
ap_uint<8> orig_val[2]={0}; ap_uint<8> dup_val[2]={0}; ap_uint<8> key[32]; ap_uint<16> orig_in=0xFFFF; ap_uint<8> orig_out[2]={0}; ap_uint<8> dup_out[2]={0}; ap_uint<1> orig_issued=0; ap_uint<1> dup_issued=0; ap_uint<16> dup_in=0xFFFF; ap_uint<16> in_count=0; ap_uint<16> out_count=0; ap_uint<1> orig_done=0; ap_uint<1> dup_done=0; ap_uint<8> output[128]; ap_uint<1> qed_done; ap_uint<1> qed_check; ap_uint<2> orig_idx; ap_uint<2> dup_idx;};
                                                                                                                                                                                                                                                                ^
buf4.cpp:300:282: warning: in-class initialization of non-static data member is a C++11 extension [-Wc++11-extensions]
ap_uint<8> orig_val[2]={0}; ap_uint<8> dup_val[2]={0}; ap_uint<8> key[32]; ap_uint<16> orig_in=0xFFFF; ap_uint<8> orig_out[2]={0}; ap_uint<8> dup_out[2]={0}; ap_uint<1> orig_issued=0; ap_uint<1> dup_issued=0; ap_uint<16> dup_in=0xFFFF; ap_uint<16> in_count=0; ap_uint<16> out_count=0; ap_uint<1> orig_done=0; ap_uint<1> dup_done=0; ap_uint<8> output[128]; ap_uint<1> qed_done; ap_uint<1> qed_check; ap_uint<2> orig_idx; ap_uint<2> dup_idx;};
                                                                                                                                                                                                                                                                                         ^
buf4.cpp:300:306: warning: in-class initialization of non-static data member is a C++11 extension [-Wc++11-extensions]
ap_uint<8> orig_val[2]={0}; ap_uint<8> dup_val[2]={0}; ap_uint<8> key[32]; ap_uint<16> orig_in=0xFFFF; ap_uint<8> orig_out[2]={0}; ap_uint<8> dup_out[2]={0}; ap_uint<1> orig_issued=0; ap_uint<1> dup_issued=0; ap_uint<16> dup_in=0xFFFF; ap_uint<16> in_count=0; ap_uint<16> out_count=0; ap_uint<1> orig_done=0; ap_uint<1> dup_done=0; ap_uint<8> output[128]; ap_uint<1> qed_done; ap_uint<1> qed_check; ap_uint<2> orig_idx; ap_uint<2> dup_idx;};
                                                                                                                                                                                                                                                                                                                 ^
buf4.cpp:300:329: warning: in-class initialization of non-static data member is a C++11 extension [-Wc++11-extensions]
ap_uint<8> orig_val[2]={0}; ap_uint<8> dup_val[2]={0}; ap_uint<8> key[32]; ap_uint<16> orig_in=0xFFFF; ap_uint<8> orig_out[2]={0}; ap_uint<8> dup_out[2]={0}; ap_uint<1> orig_issued=0; ap_uint<1> dup_issued=0; ap_uint<16> dup_in=0xFFFF; ap_uint<16> in_count=0; ap_uint<16> out_count=0; ap_uint<1> orig_done=0; ap_uint<1> dup_done=0; ap_uint<8> output[128]; ap_uint<1> qed_done; ap_uint<1> qed_check; ap_uint<2> orig_idx; ap_uint<2> dup_idx;};
                                                                                                                                                                                                                                                                                                                                        ^
buf4.cpp:347:228: warning: '&&' within '||' [-Wlogical-op-parentheses]
      ap_uint<1> issue_dup = (dup) && (dup_idx<=num) && (!state.dup_issued) && ((state.orig_issued && (*(bmc_in + dup_idx*((1) << (2))/2) == state.orig_val[0])) && (*(bmc_in + 1 + dup_idx*((1) << (2))/2) == state.orig_val[1])) && (key_sum == 0) || ((issue_orig == 1) && (*(bmc_in + orig_idx*((1) << (2))/2) == *(bmc_in + dup_idx*((1) << (2))/2)) && (*(bmc_in + 1 + orig_idx*((1) << (2))/2) == *(bmc_in + 1 + dup_idx*((1) << (2))/2)));
                             ~~~~~~~~~~~~~~~~~~~~~~~~~~~~~~~~~~~~~~~~~~~~~~~~~~~~~~~~~~~~~~~~~~~~~~~~~~~~~~~~~~~~~~~~~~~~~~~~~~~~~~~~~~~~~~~~~~~~~~~~~~~~~~~~~~~~~~~~~~~~~~~~~~~~~~~~~~~~~~~~~~~~~~~~~~~~~~~~~~~~~~~~~~~~~~~~~~~~~~^~~~~~~~~~~~~~~~~ ~~
buf4.cpp:347:228: note: place parentheses around the '&&' expression to silence this warning
      ap_uint<1> issue_dup = (dup) && (dup_idx<=num) && (!state.dup_issued) && ((state.orig_issued && (*(bmc_in + dup_idx*((1) << (2))/2) == state.orig_val[0])) && (*(bmc_in + 1 + dup_idx*((1) << (2))/2) == state.orig_val[1])) && (key_sum == 0) || ((issue_orig == 1) && (*(bmc_in + orig_idx*((1) << (2))/2) == *(bmc_in + dup_idx*((1) << (2))/2)) && (*(bmc_in + 1 + orig_idx*((1) << (2))/2) == *(bmc_in + 1 + dup_idx*((1) << (2))/2)));
                                                                                                                                                                                                                                   ^
                             (                                                                                                                                                                                                                      )
13 warnings generated.\n
==============================================================
File generated by Vivado(TM) HLS - High-Level Synthesis from C, C++ and SystemC
Version: 2018.2
Copyright (C) 1986-2018 Xilinx, Inc. All Rights Reserved.

==============================================================

INFO: [SYN 201-201] Setting up clock 'default' with a period of 50ns.
INFO: [HLS 200-10] Setting target device to 'xa7a12tcsg325-1q'
INFO: [HLS 200-10] Analyzing design file 'buf4bug3.cpp' ... 
WARNING: [HLS 200-40] In file included from buf4bug3.cpp:1:
buf4bug3.cpp:301:23: warning: in-class initialization of non-static data member is a C++11 extension [-Wc++11-extensions]
ap_uint<8> orig_val[2]={0}; ap_uint<8> dup_val[2]={0}; ap_uint<8> key[32]; ap_uint<16> orig_in=0xFFFF; ap_uint<8> orig_out[2]={0}; ap_uint<8> dup_out[2]={0}; ap_uint<1> orig_issued=0; ap_uint<1> dup_issued=0; ap_uint<16> dup_in=0xFFFF; ap_uint<16> in_count=0; ap_uint<16> out_count=0; ap_uint<1> orig_done=0; ap_uint<1> dup_done=0; ap_uint<8> output[128]; ap_uint<1> qed_done; ap_uint<1> qed_check; ap_uint<2> orig_idx; ap_uint<2> dup_idx;};
                      ^
buf4bug3.cpp:301:50: warning: in-class initialization of non-static data member is a C++11 extension [-Wc++11-extensions]
ap_uint<8> orig_val[2]={0}; ap_uint<8> dup_val[2]={0}; ap_uint<8> key[32]; ap_uint<16> orig_in=0xFFFF; ap_uint<8> orig_out[2]={0}; ap_uint<8> dup_out[2]={0}; ap_uint<1> orig_issued=0; ap_uint<1> dup_issued=0; ap_uint<16> dup_in=0xFFFF; ap_uint<16> in_count=0; ap_uint<16> out_count=0; ap_uint<1> orig_done=0; ap_uint<1> dup_done=0; ap_uint<8> output[128]; ap_uint<1> qed_done; ap_uint<1> qed_check; ap_uint<2> orig_idx; ap_uint<2> dup_idx;};
                                                 ^
buf4bug3.cpp:301:95: warning: in-class initialization of non-static data member is a C++11 extension [-Wc++11-extensions]
ap_uint<8> orig_val[2]={0}; ap_uint<8> dup_val[2]={0}; ap_uint<8> key[32]; ap_uint<16> orig_in=0xFFFF; ap_uint<8> orig_out[2]={0}; ap_uint<8> dup_out[2]={0}; ap_uint<1> orig_issued=0; ap_uint<1> dup_issued=0; ap_uint<16> dup_in=0xFFFF; ap_uint<16> in_count=0; ap_uint<16> out_count=0; ap_uint<1> orig_done=0; ap_uint<1> dup_done=0; ap_uint<8> output[128]; ap_uint<1> qed_done; ap_uint<1> qed_check; ap_uint<2> orig_idx; ap_uint<2> dup_idx;};
                                                                                              ^
buf4bug3.cpp:301:126: warning: in-class initialization of non-static data member is a C++11 extension [-Wc++11-extensions]
ap_uint<8> orig_val[2]={0}; ap_uint<8> dup_val[2]={0}; ap_uint<8> key[32]; ap_uint<16> orig_in=0xFFFF; ap_uint<8> orig_out[2]={0}; ap_uint<8> dup_out[2]={0}; ap_uint<1> orig_issued=0; ap_uint<1> dup_issued=0; ap_uint<16> dup_in=0xFFFF; ap_uint<16> in_count=0; ap_uint<16> out_count=0; ap_uint<1> orig_done=0; ap_uint<1> dup_done=0; ap_uint<8> output[128]; ap_uint<1> qed_done; ap_uint<1> qed_check; ap_uint<2> orig_idx; ap_uint<2> dup_idx;};
                                                                                                                             ^
buf4bug3.cpp:301:153: warning: in-class initialization of non-static data member is a C++11 extension [-Wc++11-extensions]
ap_uint<8> orig_val[2]={0}; ap_uint<8> dup_val[2]={0}; ap_uint<8> key[32]; ap_uint<16> orig_in=0xFFFF; ap_uint<8> orig_out[2]={0}; ap_uint<8> dup_out[2]={0}; ap_uint<1> orig_issued=0; ap_uint<1> dup_issued=0; ap_uint<16> dup_in=0xFFFF; ap_uint<16> in_count=0; ap_uint<16> out_count=0; ap_uint<1> orig_done=0; ap_uint<1> dup_done=0; ap_uint<8> output[128]; ap_uint<1> qed_done; ap_uint<1> qed_check; ap_uint<2> orig_idx; ap_uint<2> dup_idx;};
                                                                                                                                                        ^
buf4bug3.cpp:301:181: warning: in-class initialization of non-static data member is a C++11 extension [-Wc++11-extensions]
ap_uint<8> orig_val[2]={0}; ap_uint<8> dup_val[2]={0}; ap_uint<8> key[32]; ap_uint<16> orig_in=0xFFFF; ap_uint<8> orig_out[2]={0}; ap_uint<8> dup_out[2]={0}; ap_uint<1> orig_issued=0; ap_uint<1> dup_issued=0; ap_uint<16> dup_in=0xFFFF; ap_uint<16> in_count=0; ap_uint<16> out_count=0; ap_uint<1> orig_done=0; ap_uint<1> dup_done=0; ap_uint<8> output[128]; ap_uint<1> qed_done; ap_uint<1> qed_check; ap_uint<2> orig_idx; ap_uint<2> dup_idx;};
                                                                                                                                                                                    ^
buf4bug3.cpp:301:206: warning: in-class initialization of non-static data member is a C++11 extension [-Wc++11-extensions]
ap_uint<8> orig_val[2]={0}; ap_uint<8> dup_val[2]={0}; ap_uint<8> key[32]; ap_uint<16> orig_in=0xFFFF; ap_uint<8> orig_out[2]={0}; ap_uint<8> dup_out[2]={0}; ap_uint<1> orig_issued=0; ap_uint<1> dup_issued=0; ap_uint<16> dup_in=0xFFFF; ap_uint<16> in_count=0; ap_uint<16> out_count=0; ap_uint<1> orig_done=0; ap_uint<1> dup_done=0; ap_uint<8> output[128]; ap_uint<1> qed_done; ap_uint<1> qed_check; ap_uint<2> orig_idx; ap_uint<2> dup_idx;};
                                                                                                                                                                                                             ^
buf4bug3.cpp:301:228: warning: in-class initialization of non-static data member is a C++11 extension [-Wc++11-extensions]
ap_uint<8> orig_val[2]={0}; ap_uint<8> dup_val[2]={0}; ap_uint<8> key[32]; ap_uint<16> orig_in=0xFFFF; ap_uint<8> orig_out[2]={0}; ap_uint<8> dup_out[2]={0}; ap_uint<1> orig_issued=0; ap_uint<1> dup_issued=0; ap_uint<16> dup_in=0xFFFF; ap_uint<16> in_count=0; ap_uint<16> out_count=0; ap_uint<1> orig_done=0; ap_uint<1> dup_done=0; ap_uint<8> output[128]; ap_uint<1> qed_done; ap_uint<1> qed_check; ap_uint<2> orig_idx; ap_uint<2> dup_idx;};
                                                                                                                                                                                                                                   ^
buf4bug3.cpp:301:257: warning: in-class initialization of non-static data member is a C++11 extension [-Wc++11-extensions]
ap_uint<8> orig_val[2]={0}; ap_uint<8> dup_val[2]={0}; ap_uint<8> key[32]; ap_uint<16> orig_in=0xFFFF; ap_uint<8> orig_out[2]={0}; ap_uint<8> dup_out[2]={0}; ap_uint<1> orig_issued=0; ap_uint<1> dup_issued=0; ap_uint<16> dup_in=0xFFFF; ap_uint<16> in_count=0; ap_uint<16> out_count=0; ap_uint<1> orig_done=0; ap_uint<1> dup_done=0; ap_uint<8> output[128]; ap_uint<1> qed_done; ap_uint<1> qed_check; ap_uint<2> orig_idx; ap_uint<2> dup_idx;};
                                                                                                                                                                                                                                                                ^
buf4bug3.cpp:301:282: warning: in-class initialization of non-static data member is a C++11 extension [-Wc++11-extensions]
ap_uint<8> orig_val[2]={0}; ap_uint<8> dup_val[2]={0}; ap_uint<8> key[32]; ap_uint<16> orig_in=0xFFFF; ap_uint<8> orig_out[2]={0}; ap_uint<8> dup_out[2]={0}; ap_uint<1> orig_issued=0; ap_uint<1> dup_issued=0; ap_uint<16> dup_in=0xFFFF; ap_uint<16> in_count=0; ap_uint<16> out_count=0; ap_uint<1> orig_done=0; ap_uint<1> dup_done=0; ap_uint<8> output[128]; ap_uint<1> qed_done; ap_uint<1> qed_check; ap_uint<2> orig_idx; ap_uint<2> dup_idx;};
                                                                                                                                                                                                                                                                                         ^
buf4bug3.cpp:301:306: warning: in-class initialization of non-static data member is a C++11 extension [-Wc++11-extensions]
ap_uint<8> orig_val[2]={0}; ap_uint<8> dup_val[2]={0}; ap_uint<8> key[32]; ap_uint<16> orig_in=0xFFFF; ap_uint<8> orig_out[2]={0}; ap_uint<8> dup_out[2]={0}; ap_uint<1> orig_issued=0; ap_uint<1> dup_issued=0; ap_uint<16> dup_in=0xFFFF; ap_uint<16> in_count=0; ap_uint<16> out_count=0; ap_uint<1> orig_done=0; ap_uint<1> dup_done=0; ap_uint<8> output[128]; ap_uint<1> qed_done; ap_uint<1> qed_check; ap_uint<2> orig_idx; ap_uint<2> dup_idx;};
                                                                                                                                                                                                                                                                                                                 ^
buf4bug3.cpp:301:329: warning: in-class initialization of non-static data member is a C++11 extension [-Wc++11-extensions]
ap_uint<8> orig_val[2]={0}; ap_uint<8> dup_val[2]={0}; ap_uint<8> key[32]; ap_uint<16> orig_in=0xFFFF; ap_uint<8> orig_out[2]={0}; ap_uint<8> dup_out[2]={0}; ap_uint<1> orig_issued=0; ap_uint<1> dup_issued=0; ap_uint<16> dup_in=0xFFFF; ap_uint<16> in_count=0; ap_uint<16> out_count=0; ap_uint<1> orig_done=0; ap_uint<1> dup_done=0; ap_uint<8> output[128]; ap_uint<1> qed_done; ap_uint<1> qed_check; ap_uint<2> orig_idx; ap_uint<2> dup_idx;};
                                                                                                                                                                                                                                                                                                                                        ^
buf4bug3.cpp:348:228: warning: '&&' within '||' [-Wlogical-op-parentheses]
      ap_uint<1> issue_dup = (dup) && (dup_idx<=num) && (!state.dup_issued) && ((state.orig_issued && (*(bmc_in + dup_idx*((1) << (2))/1) == state.orig_val[0])) && (*(bmc_in + 1 + dup_idx*((1) << (2))/1) == state.orig_val[1])) && (key_sum == 0) || ((issue_orig == 1) && (*(bmc_in + orig_idx*((1) << (2))/1) == *(bmc_in + dup_idx*((1) << (2))/1)) && (*(bmc_in + 1 + orig_idx*((1) << (2))/1) == *(bmc_in + 1 + dup_idx*((1) << (2))/1)));
                             ~~~~~~~~~~~~~~~~~~~~~~~~~~~~~~~~~~~~~~~~~~~~~~~~~~~~~~~~~~~~~~~~~~~~~~~~~~~~~~~~~~~~~~~~~~~~~~~~~~~~~~~~~~~~~~~~~~~~~~~~~~~~~~~~~~~~~~~~~~~~~~~~~~~~~~~~~~~~~~~~~~~~~~~~~~~~~~~~~~~~~~~~~~~~~~~~~~~~~~^~~~~~~~~~~~~~~~~ ~~
buf4bug3.cpp:348:228: note: place parentheses around the '&&' expression to silence this warning
      ap_uint<1> issue_dup = (dup) && (dup_idx<=num) && (!state.dup_issued) && ((state.orig_issued && (*(bmc_in + dup_idx*((1) << (2))/1) == state.orig_val[0])) && (*(bmc_in + 1 + dup_idx*((1) << (2))/1) == state.orig_val[1])) && (key_sum == 0) || ((issue_orig == 1) && (*(bmc_in + orig_idx*((1) << (2))/1) == *(bmc_in + dup_idx*((1) << (2))/1)) && (*(bmc_in + 1 + orig_idx*((1) << (2))/1) == *(bmc_in + 1 + dup_idx*((1) << (2))/1)));
                                                                                                                                                                                                                                   ^
                             (                                                                                                                                                                                                                      )
13 warnings generated.\n
INFO: [HLS 200-10] Analyzing design file 'buf4.cpp' ... 
WARNING: [HLS 200-40] In file included from buf4.cpp:1:
buf4.cpp:300:23: warning: in-class initialization of non-static data member is a C++11 extension [-Wc++11-extensions]
ap_uint<8> orig_val[2]={0}; ap_uint<8> dup_val[2]={0}; ap_uint<8> key[32]; ap_uint<16> orig_in=0xFFFF; ap_uint<8> orig_out[2]={0}; ap_uint<8> dup_out[2]={0}; ap_uint<1> orig_issued=0; ap_uint<1> dup_issued=0; ap_uint<16> dup_in=0xFFFF; ap_uint<16> in_count=0; ap_uint<16> out_count=0; ap_uint<1> orig_done=0; ap_uint<1> dup_done=0; ap_uint<8> output[128]; ap_uint<1> qed_done; ap_uint<1> qed_check; ap_uint<2> orig_idx; ap_uint<2> dup_idx;};
                      ^
buf4.cpp:300:50: warning: in-class initialization of non-static data member is a C++11 extension [-Wc++11-extensions]
ap_uint<8> orig_val[2]={0}; ap_uint<8> dup_val[2]={0}; ap_uint<8> key[32]; ap_uint<16> orig_in=0xFFFF; ap_uint<8> orig_out[2]={0}; ap_uint<8> dup_out[2]={0}; ap_uint<1> orig_issued=0; ap_uint<1> dup_issued=0; ap_uint<16> dup_in=0xFFFF; ap_uint<16> in_count=0; ap_uint<16> out_count=0; ap_uint<1> orig_done=0; ap_uint<1> dup_done=0; ap_uint<8> output[128]; ap_uint<1> qed_done; ap_uint<1> qed_check; ap_uint<2> orig_idx; ap_uint<2> dup_idx;};
                                                 ^
buf4.cpp:300:95: warning: in-class initialization of non-static data member is a C++11 extension [-Wc++11-extensions]
ap_uint<8> orig_val[2]={0}; ap_uint<8> dup_val[2]={0}; ap_uint<8> key[32]; ap_uint<16> orig_in=0xFFFF; ap_uint<8> orig_out[2]={0}; ap_uint<8> dup_out[2]={0}; ap_uint<1> orig_issued=0; ap_uint<1> dup_issued=0; ap_uint<16> dup_in=0xFFFF; ap_uint<16> in_count=0; ap_uint<16> out_count=0; ap_uint<1> orig_done=0; ap_uint<1> dup_done=0; ap_uint<8> output[128]; ap_uint<1> qed_done; ap_uint<1> qed_check; ap_uint<2> orig_idx; ap_uint<2> dup_idx;};
                                                                                              ^
buf4.cpp:300:126: warning: in-class initialization of non-static data member is a C++11 extension [-Wc++11-extensions]
ap_uint<8> orig_val[2]={0}; ap_uint<8> dup_val[2]={0}; ap_uint<8> key[32]; ap_uint<16> orig_in=0xFFFF; ap_uint<8> orig_out[2]={0}; ap_uint<8> dup_out[2]={0}; ap_uint<1> orig_issued=0; ap_uint<1> dup_issued=0; ap_uint<16> dup_in=0xFFFF; ap_uint<16> in_count=0; ap_uint<16> out_count=0; ap_uint<1> orig_done=0; ap_uint<1> dup_done=0; ap_uint<8> output[128]; ap_uint<1> qed_done; ap_uint<1> qed_check; ap_uint<2> orig_idx; ap_uint<2> dup_idx;};
                                                                                                                             ^
buf4.cpp:300:153: warning: in-class initialization of non-static data member is a C++11 extension [-Wc++11-extensions]
ap_uint<8> orig_val[2]={0}; ap_uint<8> dup_val[2]={0}; ap_uint<8> key[32]; ap_uint<16> orig_in=0xFFFF; ap_uint<8> orig_out[2]={0}; ap_uint<8> dup_out[2]={0}; ap_uint<1> orig_issued=0; ap_uint<1> dup_issued=0; ap_uint<16> dup_in=0xFFFF; ap_uint<16> in_count=0; ap_uint<16> out_count=0; ap_uint<1> orig_done=0; ap_uint<1> dup_done=0; ap_uint<8> output[128]; ap_uint<1> qed_done; ap_uint<1> qed_check; ap_uint<2> orig_idx; ap_uint<2> dup_idx;};
                                                                                                                                                        ^
buf4.cpp:300:181: warning: in-class initialization of non-static data member is a C++11 extension [-Wc++11-extensions]
ap_uint<8> orig_val[2]={0}; ap_uint<8> dup_val[2]={0}; ap_uint<8> key[32]; ap_uint<16> orig_in=0xFFFF; ap_uint<8> orig_out[2]={0}; ap_uint<8> dup_out[2]={0}; ap_uint<1> orig_issued=0; ap_uint<1> dup_issued=0; ap_uint<16> dup_in=0xFFFF; ap_uint<16> in_count=0; ap_uint<16> out_count=0; ap_uint<1> orig_done=0; ap_uint<1> dup_done=0; ap_uint<8> output[128]; ap_uint<1> qed_done; ap_uint<1> qed_check; ap_uint<2> orig_idx; ap_uint<2> dup_idx;};
                                                                                                                                                                                    ^
buf4.cpp:300:206: warning: in-class initialization of non-static data member is a C++11 extension [-Wc++11-extensions]
ap_uint<8> orig_val[2]={0}; ap_uint<8> dup_val[2]={0}; ap_uint<8> key[32]; ap_uint<16> orig_in=0xFFFF; ap_uint<8> orig_out[2]={0}; ap_uint<8> dup_out[2]={0}; ap_uint<1> orig_issued=0; ap_uint<1> dup_issued=0; ap_uint<16> dup_in=0xFFFF; ap_uint<16> in_count=0; ap_uint<16> out_count=0; ap_uint<1> orig_done=0; ap_uint<1> dup_done=0; ap_uint<8> output[128]; ap_uint<1> qed_done; ap_uint<1> qed_check; ap_uint<2> orig_idx; ap_uint<2> dup_idx;};
                                                                                                                                                                                                             ^
buf4.cpp:300:228: warning: in-class initialization of non-static data member is a C++11 extension [-Wc++11-extensions]
ap_uint<8> orig_val[2]={0}; ap_uint<8> dup_val[2]={0}; ap_uint<8> key[32]; ap_uint<16> orig_in=0xFFFF; ap_uint<8> orig_out[2]={0}; ap_uint<8> dup_out[2]={0}; ap_uint<1> orig_issued=0; ap_uint<1> dup_issued=0; ap_uint<16> dup_in=0xFFFF; ap_uint<16> in_count=0; ap_uint<16> out_count=0; ap_uint<1> orig_done=0; ap_uint<1> dup_done=0; ap_uint<8> output[128]; ap_uint<1> qed_done; ap_uint<1> qed_check; ap_uint<2> orig_idx; ap_uint<2> dup_idx;};
                                                                                                                                                                                                                                   ^
buf4.cpp:300:257: warning: in-class initialization of non-static data member is a C++11 extension [-Wc++11-extensions]
ap_uint<8> orig_val[2]={0}; ap_uint<8> dup_val[2]={0}; ap_uint<8> key[32]; ap_uint<16> orig_in=0xFFFF; ap_uint<8> orig_out[2]={0}; ap_uint<8> dup_out[2]={0}; ap_uint<1> orig_issued=0; ap_uint<1> dup_issued=0; ap_uint<16> dup_in=0xFFFF; ap_uint<16> in_count=0; ap_uint<16> out_count=0; ap_uint<1> orig_done=0; ap_uint<1> dup_done=0; ap_uint<8> output[128]; ap_uint<1> qed_done; ap_uint<1> qed_check; ap_uint<2> orig_idx; ap_uint<2> dup_idx;};
                                                                                                                                                                                                                                                                ^
buf4.cpp:300:282: warning: in-class initialization of non-static data member is a C++11 extension [-Wc++11-extensions]
ap_uint<8> orig_val[2]={0}; ap_uint<8> dup_val[2]={0}; ap_uint<8> key[32]; ap_uint<16> orig_in=0xFFFF; ap_uint<8> orig_out[2]={0}; ap_uint<8> dup_out[2]={0}; ap_uint<1> orig_issued=0; ap_uint<1> dup_issued=0; ap_uint<16> dup_in=0xFFFF; ap_uint<16> in_count=0; ap_uint<16> out_count=0; ap_uint<1> orig_done=0; ap_uint<1> dup_done=0; ap_uint<8> output[128]; ap_uint<1> qed_done; ap_uint<1> qed_check; ap_uint<2> orig_idx; ap_uint<2> dup_idx;};
                                                                                                                                                                                                                                                                                         ^
buf4.cpp:300:306: warning: in-class initialization of non-static data member is a C++11 extension [-Wc++11-extensions]
ap_uint<8> orig_val[2]={0}; ap_uint<8> dup_val[2]={0}; ap_uint<8> key[32]; ap_uint<16> orig_in=0xFFFF; ap_uint<8> orig_out[2]={0}; ap_uint<8> dup_out[2]={0}; ap_uint<1> orig_issued=0; ap_uint<1> dup_issued=0; ap_uint<16> dup_in=0xFFFF; ap_uint<16> in_count=0; ap_uint<16> out_count=0; ap_uint<1> orig_done=0; ap_uint<1> dup_done=0; ap_uint<8> output[128]; ap_uint<1> qed_done; ap_uint<1> qed_check; ap_uint<2> orig_idx; ap_uint<2> dup_idx;};
                                                                                                                                                                                                                                                                                                                 ^
buf4.cpp:300:329: warning: in-class initialization of non-static data member is a C++11 extension [-Wc++11-extensions]
ap_uint<8> orig_val[2]={0}; ap_uint<8> dup_val[2]={0}; ap_uint<8> key[32]; ap_uint<16> orig_in=0xFFFF; ap_uint<8> orig_out[2]={0}; ap_uint<8> dup_out[2]={0}; ap_uint<1> orig_issued=0; ap_uint<1> dup_issued=0; ap_uint<16> dup_in=0xFFFF; ap_uint<16> in_count=0; ap_uint<16> out_count=0; ap_uint<1> orig_done=0; ap_uint<1> dup_done=0; ap_uint<8> output[128]; ap_uint<1> qed_done; ap_uint<1> qed_check; ap_uint<2> orig_idx; ap_uint<2> dup_idx;};
                                                                                                                                                                                                                                                                                                                                        ^
buf4.cpp:347:228: warning: '&&' within '||' [-Wlogical-op-parentheses]
      ap_uint<1> issue_dup = (dup) && (dup_idx<=num) && (!state.dup_issued) && ((state.orig_issued && (*(bmc_in + dup_idx*((1) << (2))/2) == state.orig_val[0])) && (*(bmc_in + 1 + dup_idx*((1) << (2))/2) == state.orig_val[1])) && (key_sum == 0) || ((issue_orig == 1) && (*(bmc_in + orig_idx*((1) << (2))/2) == *(bmc_in + dup_idx*((1) << (2))/2)) && (*(bmc_in + 1 + orig_idx*((1) << (2))/2) == *(bmc_in + 1 + dup_idx*((1) << (2))/2)));
                             ~~~~~~~~~~~~~~~~~~~~~~~~~~~~~~~~~~~~~~~~~~~~~~~~~~~~~~~~~~~~~~~~~~~~~~~~~~~~~~~~~~~~~~~~~~~~~~~~~~~~~~~~~~~~~~~~~~~~~~~~~~~~~~~~~~~~~~~~~~~~~~~~~~~~~~~~~~~~~~~~~~~~~~~~~~~~~~~~~~~~~~~~~~~~~~~~~~~~~~^~~~~~~~~~~~~~~~~ ~~
buf4.cpp:347:228: note: place parentheses around the '&&' expression to silence this warning
      ap_uint<1> issue_dup = (dup) && (dup_idx<=num) && (!state.dup_issued) && ((state.orig_issued && (*(bmc_in + dup_idx*((1) << (2))/2) == state.orig_val[0])) && (*(bmc_in + 1 + dup_idx*((1) << (2))/2) == state.orig_val[1])) && (key_sum == 0) || ((issue_orig == 1) && (*(bmc_in + orig_idx*((1) << (2))/2) == *(bmc_in + dup_idx*((1) << (2))/2)) && (*(bmc_in + 1 + orig_idx*((1) << (2))/2) == *(bmc_in + 1 + dup_idx*((1) << (2))/2)));
                                                                                                                                                                                                                                   ^
                             (                                                                                                                                                                                                                      )
13 warnings generated.\n
