2020-04-08 16:51:04.941324 (7134) main____ INFO    ----------------------------------------
2020-04-08 16:51:04.941519 (7134) main____ INFO    JasperGold version info
2020-04-08 16:51:04.941549 (7134) main____ INFO      tool      : JasperGold 2016.09
2020-04-08 16:51:04.941569 (7134) main____ INFO      version   : 2016.09p002 64 bits
2020-04-08 16:51:04.941583 (7134) main____ INFO      build date: 2016.11.28 18:08:37 PST
2020-04-08 16:51:04.941593 (7134) main____ INFO    ----------------------------------------
2020-04-08 16:51:04.941602 (7134) main____ INFO    Runtime info:
2020-04-08 16:51:04.941614 (7134) main____ INFO      platform  : Linux 3.10.0-957.21.3.el7.x86_64 x86_64
2020-04-08 16:51:04.941629 (7134) main____ INFO      hostname  : rsg20.stanford.edu
2020-04-08 16:51:04.941640 (7134) main____ INFO      pid       : 7134
2020-04-08 16:51:04.941650 (7134) main____ INFO      arguments : '-style' 'windows' '-tcl' 'jasper.tcl'
2020-04-08 16:51:04.941660 (7134) main____ INFO    ----------------------------------------
2020-04-08 16:51:04.944120 (7134) lic__man INFO    Claim 'main' for <ui>.
2020-04-08 16:51:04.949711 (7134) lic_core INFO    (1) checking out 'jasper_interactive' ...
2020-04-08 16:51:04.974736 (7134) lic_core INFO    ... (1) checkout succeeded
2020-04-08 16:51:04.974867 (7134) lic__man INFO    Claim 'fpv' for <ui>.
2020-04-08 16:51:04.974917 (7134) lic_core INFO    (2) checking out 'jasper_fpv' ...
2020-04-08 16:51:05.025103 (7134) lic_core INFO    ... (2) checkout succeeded
2020-04-08 16:51:05.749888 (7134) lic__man INFO    Claim 'fpv' for <ui>.
2020-04-08 16:51:05.799885 (7134) lic__man INFO    Unclaim 'fpv' for <ui>.
2020-04-08 16:51:05.799915 (7134) lic__man INFO    Claim 'fpv' for <ui>.
2020-04-08 16:51:05.815164 (7134) session_ INFO    Starting analysis session with session id 'session_0' ...
2020-04-08 16:51:05.817303 (7134) session_ INFO    Analysis session with session id 'session_0' started (pid: 7148)
2020-04-08 16:51:10.161733 (7134) session_ INFO    Analysis session 'session_0' connected to the console (host: 172.24.74.47:57700)
2020-04-08 16:51:13.321328 (7134) lic__man INFO    Unclaim everything for 'session_0*'.
2020-04-08 16:51:13.545439 (7134) lic__man INFO    Claim 'fpv' for 'session_0'.
2020-04-08 16:51:21.834991 (7134) lic__man INFO    Unclaim everything for 'session_0/prove-0'.
2020-04-08 16:53:31.406510 (7134) lic__man INFO    Unclaim everything for 'session_0/prove-1'.
2020-04-08 16:53:32.542617 (7134) main____ INFO    About to exit: requested from GUI
2020-04-08 16:53:32.668935 (7134) main____ INFO    Exiting.
