2020-04-15 14:22:33.561706 (28156) main____ INFO    ----------------------------------------
2020-04-15 14:22:33.561926 (28156) main____ INFO    JasperGold version info
2020-04-15 14:22:33.561949 (28156) main____ INFO      tool      : JasperGold 2016.09
2020-04-15 14:22:33.561964 (28156) main____ INFO      version   : 2016.09p002 64 bits
2020-04-15 14:22:33.561975 (28156) main____ INFO      build date: 2016.11.28 18:08:37 PST
2020-04-15 14:22:33.561983 (28156) main____ INFO    ----------------------------------------
2020-04-15 14:22:33.561991 (28156) main____ INFO    Runtime info:
2020-04-15 14:22:33.562002 (28156) main____ INFO      platform  : Linux 3.10.0-957.21.3.el7.x86_64 x86_64
2020-04-15 14:22:33.562016 (28156) main____ INFO      hostname  : rsg31.stanford.edu
2020-04-15 14:22:33.562025 (28156) main____ INFO      pid       : 28156
2020-04-15 14:22:33.562034 (28156) main____ INFO      arguments : '-style' 'windows' '-tcl' 'jasper.tcl'
2020-04-15 14:22:33.562043 (28156) main____ INFO    ----------------------------------------
2020-04-15 14:22:33.564356 (28156) lic__man INFO    Claim 'main' for <ui>.
2020-04-15 14:22:33.571050 (28156) lic_core INFO    (1) checking out 'jasper_interactive' ...
2020-04-15 14:22:33.594706 (28156) lic_core INFO    ... (1) checkout succeeded
2020-04-15 14:22:33.594908 (28156) lic__man INFO    Claim 'fpv' for <ui>.
2020-04-15 14:22:33.594965 (28156) lic_core INFO    (2) checking out 'jasper_fpv' ...
2020-04-15 14:22:33.617156 (28156) lic_core INFO    ... (2) checkout succeeded
2020-04-15 14:22:34.501824 (28156) lic__man INFO    Claim 'fpv' for <ui>.
2020-04-15 14:22:34.855111 (28156) lic__man INFO    Unclaim 'fpv' for <ui>.
2020-04-15 14:22:34.855176 (28156) lic__man INFO    Claim 'fpv' for <ui>.
2020-04-15 14:22:34.881809 (28156) session_ INFO    Starting analysis session with session id 'session_0' ...
2020-04-15 14:22:34.884002 (28156) session_ INFO    Analysis session with session id 'session_0' started (pid: 28169)
2020-04-15 14:22:39.249988 (28156) session_ INFO    Analysis session 'session_0' connected to the console (host: 172.24.74.88:39176)
2020-04-15 14:23:05.209147 (28156) lic__man INFO    Unclaim everything for 'session_0*'.
2020-04-15 14:23:05.499999 (28156) lic__man INFO    Claim 'fpv' for 'session_0'.
2020-04-15 15:20:24.569160 (28156) lic__man INFO    Unclaim everything for 'session_0/prove-0'.
2020-04-15 15:28:24.610370 (28156) lic__man INFO    Entering idle state.
2020-04-15 15:46:53.008551 (28156) main____ INFO    About to exit: requested from GUI
2020-04-15 15:46:53.154891 (28156) main____ INFO    Exiting.
