#----------------------------------------
# JasperGold Version Info
# tool      : JasperGold 2016.09
# platform  : Linux 3.10.0-957.21.3.el7.x86_64
# version   : 2016.09p002 64 bits
# build date: 2016.11.28 18:08:41 PST
#----------------------------------------
# started Wed Apr 15 19:14:33 PDT 2020
# hostname  : rsg31.stanford.edu
# pid       : 23464
# arguments : '-label' 'session_0' '-console' 'rsg31.stanford.edu:41516' '-style' 'windows' '-use_native_tcl' '-proj' '/rsgs/pool0/Saranyu/AES_1/AES_abstracted/cpp/bug2/BUG2/solution1/syn/verilog/jgproject/sessionLogs/session_0' '-init' '-hidden' '/rsgs/pool0/Saranyu/AES_1/AES_abstracted/cpp/bug2/BUG2/solution1/syn/verilog/jgproject/.tmp/.initCmds.tcl' 'jasper.tcl'

Any disclosure about the Cadence Design Systems software or its use
model to any third party violates the written Non-Disclosure Agreement
between Cadence Design Systems, Inc. and the customer.

THIS SOFTWARE CONTAINS CONFIDENTIAL INFORMATION AND TRADE SECRETS OF
CADENCE DESIGN SYSTEMS, INC. USE, DISCLOSURE, OR REPRODUCTION IS
PROHIBITED WITHOUT THE PRIOR EXPRESS WRITTEN PERMISSION OF CADENCE
DESIGN SYSTEMS, INC.

Copyright (C) 2000-2016 Cadence Design Systems, Inc. All Rights
Reserved.  Unpublished -- rights reserved under the copyright laws of
the United States.

This product includes software developed by others and redistributed
according to license agreement. See doc/third_party_readme.txt for
further details.

RESTRICTED RIGHTS LEGEND

Use, duplication, or disclosure by the Government is subject to
restrictions as set forth in subparagraph (c) (1) (ii) of the Rights in
Technical Data and Computer Software clause at DFARS 252.227-7013 or
subparagraphs (c) (1) and (2) of Commercial Computer Software -- Restricted
Rights at 48 CFR 52.227-19, as applicable.


                          Cadence Design Systems, Inc. 
                          2655 Seely Avenue
                          San Jose, CA 95134
                          Phone: 408.943.1234

For technical assistance visit http://support.cadence.com.

JasperGold Apps Analysis Session - /rsgs/pool0/Saranyu/AES_1/AES_abstracted/cpp/bug2/BUG2/solution1/syn/verilog/jgproject/sessionLogs/session_0

INFO: successfully checked out licenses "jasper_interactive" and "jasper_fpv".
INFO: reading configuration file "/rsghome/saranyuc/.config/jasper/jaspergold.conf".
INFO (IPL003): This JasperGold instance uses a new interpreter implementation for Tcl evaluation.
    Launch JasperGold using the "-use_jtcl" command-line switch to restore it to the old implementation.
% 
% analyze -sv09 -f aes.flist 
[-- (VERI-1482)] Analyzing Verilog file /hd/cad/cadence/JASPERGOLD16.09.002.lnx86/lib/verilog/packages/std/std.sv into library std
[-- (VERI-1482)] Analyzing Verilog file aes256_encrypt_ecb_ctx_body_enckey.v
[-- (VERI-1482)] Analyzing Verilog file aes256_encrypt_ecb_ctx_body_key.v
[-- (VERI-1482)] Analyzing Verilog file aes256_encrypt_ecb_sbox.v
[-- (VERI-1482)] Analyzing Verilog file aes256_encrypt_ecb.v
[-- (VERI-1482)] Analyzing Verilog file aqed_in_state_key_V.v
[-- (VERI-1482)] Analyzing Verilog file aqed_in.v
[-- (VERI-1482)] Analyzing Verilog file aqed_out.v
[ERROR (VERI-1128)] aqed_out.v(225): state_out_check_V is not declared
[ERROR (VERI-1072)] aqed_out.v(437): module aqed_out ignored due to previous errors
Summary of errors detected:
	[ERROR (VERI-1128)] aqed_out.v(225): state_out_check_V is not declared
	[ERROR (VERI-1072)] aqed_out.v(437): module aqed_out ignored due to previous errors
ERROR (ENL034): 2 errors detected in the design file(s).

ERROR: problem encountered at line 2 in file jasper.tcl

% source jasper.tcl 
[-- (VERI-1482)] Analyzing Verilog file aes256_encrypt_ecb_ctx_body_enckey.v
[WARN (VERI-1206)] aes256_encrypt_ecb_ctx_body_enckey.v(52): overwriting previous definition of module aes256_encrypt_ecb_ctx_body_enckey_ram
[INFO (VERI-2142)] aes256_encrypt_ecb_ctx_body_enckey.v(52): previous definition of module aes256_encrypt_ecb_ctx_body_enckey_ram is here
[WARN (VERI-1206)] aes256_encrypt_ecb_ctx_body_enckey.v(94): overwriting previous definition of module aes256_encrypt_ecb_ctx_body_enckey
[INFO (VERI-2142)] aes256_encrypt_ecb_ctx_body_enckey.v(94): previous definition of module aes256_encrypt_ecb_ctx_body_enckey is here
[-- (VERI-1482)] Analyzing Verilog file aes256_encrypt_ecb_ctx_body_key.v
[WARN (VERI-1206)] aes256_encrypt_ecb_ctx_body_key.v(52): overwriting previous definition of module aes256_encrypt_ecb_ctx_body_key_ram
[INFO (VERI-2142)] aes256_encrypt_ecb_ctx_body_key.v(52): previous definition of module aes256_encrypt_ecb_ctx_body_key_ram is here
[WARN (VERI-1206)] aes256_encrypt_ecb_ctx_body_key.v(97): overwriting previous definition of module aes256_encrypt_ecb_ctx_body_key
[INFO (VERI-2142)] aes256_encrypt_ecb_ctx_body_key.v(97): previous definition of module aes256_encrypt_ecb_ctx_body_key is here
[-- (VERI-1482)] Analyzing Verilog file aes256_encrypt_ecb_sbox.v
[WARN (VERI-1206)] aes256_encrypt_ecb_sbox.v(298): overwriting previous definition of module aes256_encrypt_ecb_sbox_rom
[INFO (VERI-2142)] aes256_encrypt_ecb_sbox.v(298): previous definition of module aes256_encrypt_ecb_sbox_rom is here
[WARN (VERI-1206)] aes256_encrypt_ecb_sbox.v(325): overwriting previous definition of module aes256_encrypt_ecb_sbox
[INFO (VERI-2142)] aes256_encrypt_ecb_sbox.v(325): previous definition of module aes256_encrypt_ecb_sbox is here
[-- (VERI-1482)] Analyzing Verilog file aes256_encrypt_ecb.v
[WARN (VERI-1206)] aes256_encrypt_ecb.v(916): overwriting previous definition of module aes256_encrypt_ecb
[INFO (VERI-2142)] aes256_encrypt_ecb.v(916): previous definition of module aes256_encrypt_ecb is here
[-- (VERI-1482)] Analyzing Verilog file aqed_in_state_key_V.v
[WARN (VERI-1206)] aqed_in_state_key_V.v(54): overwriting previous definition of module aqed_in_state_key_V_ram
[INFO (VERI-2142)] aqed_in_state_key_V.v(54): previous definition of module aqed_in_state_key_V_ram is here
[WARN (VERI-1206)] aqed_in_state_key_V.v(99): overwriting previous definition of module aqed_in_state_key_V
[INFO (VERI-2142)] aqed_in_state_key_V.v(99): previous definition of module aqed_in_state_key_V is here
[-- (VERI-1482)] Analyzing Verilog file aqed_in.v
[WARN (VERI-1206)] aqed_in.v(761): overwriting previous definition of module aqed_in
[INFO (VERI-2142)] aqed_in.v(761): previous definition of module aqed_in is here
[-- (VERI-1482)] Analyzing Verilog file aqed_out.v
[-- (VERI-1482)] Analyzing Verilog file aqed_top_bmc_in.v
[-- (VERI-1482)] Analyzing Verilog file aqed_top.v
[-- (VERI-1482)] Analyzing Verilog file workload_local_key_0.v
[-- (VERI-1482)] Analyzing Verilog file workload.v
INFO (ISW003): Top module name is "aqed_top".
[INFO (VERI-1018)] aqed_top.v(12): compiling module aqed_top
[WARN (VERI-1060)] aqed_top.v(145): 'initial' construct ignored
[INFO (VERI-1018)] aqed_top_bmc_in.v(58): compiling module aqed_top_bmc_in:(DataWidth=8,AddressRange=16,AddressWidth=4)
[INFO (VERI-1018)] aqed_top_bmc_in.v(9): compiling module aqed_top_bmc_in_ram
[WARN (VERI-1060)] aqed_top_bmc_in.v(29): 'initial' construct ignored
[INFO (VERI-1018)] workload.v(10): compiling module workload
[WARN (VERI-1060)] workload.v(148): 'initial' construct ignored
[INFO (VERI-1018)] workload_local_key_0.v(42): compiling module workload_local_key_0:(DataWidth=8,AddressRange=32,AddressWidth=5)_0
[INFO (VERI-1018)] workload_local_key_0.v(9): compiling module workload_local_key_0_rom_0
[WARN (VERI-1060)] workload_local_key_0.v(25): 'initial' construct ignored
[INFO (VERI-1018)] workload_local_key_0.v(42): compiling module workload_local_key_0:(DataWidth=8,AddressRange=32,AddressWidth=5)_1
[INFO (VERI-1018)] workload_local_key_0.v(9): compiling module workload_local_key_0_rom_1
[INFO (VERI-1018)] aes256_encrypt_ecb.v(10): compiling module aes256_encrypt_ecb
[WARN (VERI-1060)] aes256_encrypt_ecb.v(192): 'initial' construct ignored
[INFO (VERI-1018)] aes256_encrypt_ecb_sbox.v(301): compiling module aes256_encrypt_ecb_sbox:(DataWidth=8,AddressRange=256,AddressWidth=8)
[INFO (VERI-1018)] aes256_encrypt_ecb_sbox.v(9): compiling module aes256_encrypt_ecb_sbox_rom
[WARN (VERI-1060)] aes256_encrypt_ecb_sbox.v(25): 'initial' construct ignored
[INFO (VERI-1018)] aes256_encrypt_ecb_ctx_body_key.v(55): compiling module aes256_encrypt_ecb_ctx_body_key:(DataWidth=8,AddressRange=32,AddressWidth=5)
[INFO (VERI-1018)] aes256_encrypt_ecb_ctx_body_key.v(9): compiling module aes256_encrypt_ecb_ctx_body_key_ram
[INFO (VERI-9012)] aes256_encrypt_ecb_ctx_body_key.v(26): Unintentional Sequential element inferred for ram read before write using blocking assignment
[INFO (VERI-9012)] aes256_encrypt_ecb_ctx_body_key.v(19): Unintentional Sequential element inferred for q0 read before write using blocking assignment
[INFO (VERI-1018)] aes256_encrypt_ecb_ctx_body_enckey.v(55): compiling module aes256_encrypt_ecb_ctx_body_enckey:(DataWidth=8,AddressRange=32,AddressWidth=5)
[INFO (VERI-1018)] aes256_encrypt_ecb_ctx_body_enckey.v(9): compiling module aes256_encrypt_ecb_ctx_body_enckey_ram
[WARN (VERI-1209)] aes256_encrypt_ecb.v(617): expression size 64 truncated to fit in target size 5
[WARN (VERI-1209)] aes256_encrypt_ecb.v(619): expression size 64 truncated to fit in target size 5
[WARN (VERI-1209)] aes256_encrypt_ecb.v(621): expression size 32 truncated to fit in target size 5
[WARN (VERI-1209)] aes256_encrypt_ecb.v(651): expression size 64 truncated to fit in target size 5
[WARN (VERI-1209)] aes256_encrypt_ecb.v(653): expression size 64 truncated to fit in target size 5
[WARN (VERI-1209)] aes256_encrypt_ecb.v(655): expression size 32 truncated to fit in target size 5
[WARN (VERI-1209)] aes256_encrypt_ecb.v(765): expression size 32 truncated to fit in target size 9
[WARN (VERI-1209)] aes256_encrypt_ecb.v(858): expression size 64 truncated to fit in target size 5
[WARN (VERI-1209)] aes256_encrypt_ecb.v(860): expression size 64 truncated to fit in target size 5
[WARN (VERI-1209)] aes256_encrypt_ecb.v(874): expression size 64 truncated to fit in target size 5
[WARN (VERI-1209)] aes256_encrypt_ecb.v(876): expression size 64 truncated to fit in target size 8
[WARN (VERI-1209)] workload.v(399): expression size 64 truncated to fit in target size 4
[WARN (VERI-1209)] workload.v(401): expression size 64 truncated to fit in target size 4
[WARN (VERI-1209)] workload.v(403): expression size 32 truncated to fit in target size 4
[WARN (VERI-1209)] workload.v(488): expression size 32 truncated to fit in target size 10
[INFO (VERI-1018)] aqed_in.v(10): compiling module aqed_in
[WARN (VERI-1060)] aqed_in.v(219): 'initial' construct ignored
[INFO (VERI-1018)] aqed_in_state_key_V.v(57): compiling module aqed_in_state_key_V:(DataWidth=1,AddressRange=32,AddressWidth=5)
[INFO (VERI-1018)] aqed_in_state_key_V.v(9): compiling module aqed_in_state_key_V_ram
[WARN (VERI-1060)] aqed_in_state_key_V.v(30): 'initial' construct ignored
[INFO (VERI-9012)] aqed_in_state_key_V.v(26): Unintentional Sequential element inferred for ram read before write using blocking assignment
[INFO (VERI-9012)] aqed_in_state_key_V.v(19): Unintentional Sequential element inferred for q0 read before write using blocking assignment
[WARN (VERI-1209)] aqed_in.v(311): expression size 64 truncated to fit in target size 4
[WARN (VERI-1209)] aqed_in.v(313): expression size 64 truncated to fit in target size 4
[WARN (VERI-1209)] aqed_in.v(315): expression size 32 truncated to fit in target size 4
[WARN (VERI-1209)] aqed_in.v(321): expression size 64 truncated to fit in target size 4
[WARN (VERI-1209)] aqed_in.v(323): expression size 64 truncated to fit in target size 4
[WARN (VERI-1209)] aqed_in.v(325): expression size 32 truncated to fit in target size 4
[WARN (VERI-1209)] aqed_in.v(427): expression size 32 truncated to fit in target size 5
[WARN (VERI-1209)] aqed_in.v(465): expression size 32 truncated to fit in target size 5
[WARN (VERI-1209)] aqed_in.v(598): expression size 32 truncated to fit in target size 18
[INFO (VERI-1018)] aqed_out.v(10): compiling module aqed_out
[WARN (VERI-1060)] aqed_out.v(142): 'initial' construct ignored
[WARN (VERI-1209)] aqed_out.v(281): expression size 64 truncated to fit in target size 4
[WARN (VERI-1209)] aqed_out.v(283): expression size 64 truncated to fit in target size 4
[WARN (VERI-1209)] aqed_out.v(285): expression size 32 truncated to fit in target size 4
[WARN (VERI-1209)] aqed_out.v(291): expression size 64 truncated to fit in target size 4
[WARN (VERI-1209)] aqed_out.v(293): expression size 64 truncated to fit in target size 4
[WARN (VERI-1209)] aqed_out.v(295): expression size 32 truncated to fit in target size 4
[WARN (VERI-1209)] aqed_out.v(322): expression size 32 truncated to fit in target size 1
[WARN (VERI-1209)] aqed_out.v(325): expression size 32 truncated to fit in target size 1
[WARN (VERI-1209)] aqed_out.v(356): expression size 32 truncated to fit in target size 4
[WARN (VERI-1209)] aqed_top.v(405): expression size 32 truncated to fit in target size 4
[WARN (VERI-1209)] aqed_top.v(415): expression size 32 truncated to fit in target size 4
[WARN (VERI-1209)] aqed_top.v(489): expression size 32 truncated to fit in target size 7
[WARN (VDB-1002)] workload_local_key_0.v(21): net ram[0][7] does not have a driver
[INFO] Beginning multiple driver analysis
[INFO] Finished multiple driver analysis
[INFO] Module Name aqed_top
INFO (IPM031): Clearing proof results of all properties.
INFO (IRS006): Current reset condition is "ap_rst".
[<embedded>] % prove -bg -property {<embedded>::aqed_top.assert_qed_match <embedded>::aqed_top.assert_qed_match:precondition1}
INFO (IPF031): Settings used for this proof:
    time_limit                    = 86400s
    per_property_time_limit       = 1s * 10 ^ scan
    engine_mode                   = Bm B 
    proofgrid_per_engine_max_jobs = 1
    max engine jobs               = Bm B, total 2
    proofgrid_mode                = local
    proofgrid_restarts            = 10
INFO (IPF036): Starting proof on task: "<embedded>", 2 properties to prove with 0 already proven/unreachable
background (thread 0)
INFO (IRS029): Starting reset analysis: phase 1 of 4.
INFO (IRS030): Running reset analysis phase 2 of 4.
INFO (IRS031): Running reset analysis phase 3 of 4.
INFO (IRS020): Starting the reset analysis simulation with a limit of 100 iterations (phase 4 of 4).
INFO (IRS024): Reset iterations 0 to 4 analyzed.
INFO (IRS018): Reset analysis simulation executed for 3 iterations. Assigned values for 509 of 2203 design flops, 0 of 0 design latches, 42 of 60 internal elements.
Using multistage preprocessing
Starting reduce
Finished reduce in 0.028s
Performing Proof Simplification...
0.0.Bm: clocks: 1, declared: 1, disabling: 0, posedge: 1, negedge: 0, noedge: 0, bothedge: 0
0.0.Bm: Proof Simplification Iteration 1	[0.00 s]
0.0.Bm: Proof Simplification Iteration 2	[0.01 s]
0.0.Bm: Proof Simplification Iteration 3	[0.02 s]
Proof Simplification completed in 0.05 s
About to start centralized ProofGrid in its own thread with a limit of 10000 pending notifications and a limit of 10 traces.
=============================== ProofGrid start ===============================
ProofGrid usable level: 2
ProofGrid is starting event handling
0.0.Bm: Proofgrid shell started at 23733@rsg31.stanford.edu(local) jg_23464_rsg31.stanford.edu_1
0.0.Bm: clocks: 1, declared: 1, disabling: 0, posedge: 1, negedge: 0, noedge: 0, bothedge: 0
0.0.B: Proofgrid shell started at 23734@rsg31.stanford.edu(local) jg_23464_rsg31.stanford.edu_1
0.0.B: clocks: 1, declared: 1, disabling: 0, posedge: 1, negedge: 0, noedge: 0, bothedge: 0
0.0.B: Next scan (0) will use per property time limit: 1s * 10 ^ 0 = 1s
0.0.B: Starting proof for property "aqed_top.assert_qed_match"	[0.00 s].
0.0.Bm: Trace Attempt  1	[0.03 s]
0.0.B: Trace Attempt  1	[0.02 s]
0.0.Bm: Trace Attempt  2	[0.09 s]
0.0.B: Trace Attempt  2	[0.08 s]
0.0.Bm: Trace Attempt  3	[0.14 s]
0.0.B: Trace Attempt  3	[0.14 s]
0.0.Bm: Trace Attempt  4	[0.20 s]
0.0.B: Trace Attempt  4	[0.20 s]
0.0.Bm: Trace Attempt  5	[0.26 s]
0.0.B: Trace Attempt  5	[0.27 s]
0.0.B: Trace Attempt 13	[1.01 s]
0.0.B: Per property time limit expired (1.00 s) [1.16 s]
0.0.B: Stopped processing property "aqed_top.assert_qed_match"	[1.16 s].
0.0.B: Starting proof for property "aqed_top.assert_qed_match:precondition1"	[0.00 s].
0.0.B: Trace Attempt  1	[0.01 s]
0.0.B: Trace Attempt  2	[0.07 s]
0.0.B: Trace Attempt  3	[0.12 s]
0.0.B: Trace Attempt  4	[0.18 s]
0.0.B: Trace Attempt  5	[0.24 s]
0.0.B: Trace Attempt 14	[1.00 s]
0.0.B: Per property time limit expired (1.00 s) [1.12 s]
0.0.B: Stopped processing property "aqed_top.assert_qed_match:precondition1"	[1.12 s].
0.0.B: Next scan (1) will use per property time limit: 1s * 10 ^ 1 = 10s
0.0.B: Starting proof for property "aqed_top.assert_qed_match"	[0.00 s].
0.0.B: Trace Attempt  1	[0.01 s]
0.0.B: Trace Attempt  2	[0.05 s]
0.0.B: Trace Attempt  3	[0.10 s]
0.0.B: Trace Attempt  4	[0.15 s]
0.0.B: Trace Attempt  5	[0.19 s]
0.0.Bm: Trace Attempt 40	[4.37 s]
0.0.B: Trace Attempt 40	[4.23 s]
0.0.Bm: Trace Attempt 67	[8.44 s]
0.0.B: Trace Attempt 60	[8.40 s]
0.0.Bm: Trace Attempt 84	[12.54 s]
0.0.B: Trace Attempt 65	[9.82 s]
0.0.B: Per property time limit expired (10.00 s) [10.30 s]
0.0.B: Stopped processing property "aqed_top.assert_qed_match"	[10.30 s].
0.0.B: Starting proof for property "aqed_top.assert_qed_match:precondition1"	[0.00 s].
0.0.B: Trace Attempt  1	[0.01 s]
0.0.B: Trace Attempt  2	[0.06 s]
0.0.B: Trace Attempt  3	[0.11 s]
0.0.B: Trace Attempt  4	[0.16 s]
0.0.B: Trace Attempt  5	[0.22 s]
0.0.B: Trace Attempt 43	[4.24 s]
0.0.Bm: Trace Attempt 94	[16.92 s]
0.0.B: Trace Attempt 71	[8.28 s]
0.0.Bm: Trace Attempt 101	[21.13 s]
0.0.B: Trace Attempt 78	[9.89 s]
0.0.B: Per property time limit expired (10.00 s) [10.36 s]
0.0.B: Stopped processing property "aqed_top.assert_qed_match:precondition1"	[10.36 s].
0.0.B: Next scan (2) will use per property time limit: 1s * 10 ^ 2 = 100s
0.0.B: Starting proof for property "aqed_top.assert_qed_match"	[0.00 s].
0.0.B: Trace Attempt  1	[0.02 s]
0.0.B: Trace Attempt  2	[0.07 s]
0.0.B: Trace Attempt  3	[0.12 s]
0.0.B: Trace Attempt  4	[0.18 s]
0.0.B: Trace Attempt  5	[0.25 s]
0.0.Bm: Trace Attempt 107	[25.97 s]
0.0.B: Trace Attempt 40	[4.34 s]
0.0.Bm: Trace Attempt 112	[30.08 s]
0.0.B: Trace Attempt 60	[8.61 s]
0.0.Bm: Trace Attempt 117	[34.26 s]
0.0.B: Trace Attempt 72	[12.97 s]
0.0.Bm: Trace Attempt 121	[39.13 s]
0.0.B: Trace Attempt 81	[17.66 s]
0.0.Bm: Trace Attempt 125	[43.40 s]
0.0.B: Trace Attempt 87	[22.41 s]
0.0.Bm: Trace Attempt 129	[47.76 s]
0.0.B: Trace Attempt 92	[26.63 s]
0.0.B: Trace Attempt 97	[31.21 s]
0.0.Bm: Trace Attempt 132	[51.35 s]
0.0.Bm: A trace with 132 cycles was found. [54.93 s]
INFO (IPF047): 0.0.Bm: The cover property "aqed_top.assert_qed_match:precondition1" was covered in 132 cycles in 55.01 s.
ProofGrid usable level: 1
0.0.Bm: A trace with 132 cycles was found. [56.75 s]
INFO (IPF055): 0.0.Bm: A counterexample (cex) with 132 cycles was found for the property "aqed_top.assert_qed_match" in 56.80 s.
0.0.B: Stopped processing property "aqed_top.assert_qed_match"	[34.18 s].
0.0.B: Trace Attempt 100	[33.45 s]
0.0.B: All properties determined. [57.09 s]
0.0.B: Exited with Success (@ 57.15 s)
0.0.Bm: Next scan (0) will use per property time limit: 1s * 10 ^ 0 = 1s
0.0.Bm: All properties determined. [57.25 s]
0.0.Bm: Exited with Success (@ 57.31 s)
ProofGrid usable level: 0
ProofGrid usable level: 0
All pending notifications were processed.
INFO (IPF059): Completed proof on task: "<embedded>"

==============================================================
SUMMARY
==============================================================
	Properties Considered : 2
	      assertions      : 1
	       - proven       : 0
	       - marked_proven: 0
	       - cex          : 1
	       - ar_cex       : 0
	       - undetermined : 0
	       - unprocessed  : 0
	       - error        : 0
	      covers          : 1
	       - unreachable  : 0
	       - covered      : 1
	       - ar_covered   : 0
	       - undetermined : 0
	       - unprocessed  : 0
	       - error        : 0
[<embedded>] % visualize -violation -property <embedded>::aqed_top.assert_qed_match -new_window
INFO (IVS015): Setting Visualize task to "<embedded>".
INFO (IVS008): Expanding analysis region to enable visualization of "<embedded>::aqed_top.assert_qed_match".
cex
WARNING (WGI019): Why extraction for Tcl expression/property is not supported.
INFO: delete ampa start in Shell
INFO: delete ampa end in Shell
INFO: Waiting for proof threads to stop...
INFO: Proof threads stopped.
