2020-04-08 16:43:19.299080 (3041) main____ INFO    ----------------------------------------
2020-04-08 16:43:19.299261 (3041) main____ INFO    JasperGold version info
2020-04-08 16:43:19.299289 (3041) main____ INFO      tool      : JasperGold 2016.09
2020-04-08 16:43:19.299310 (3041) main____ INFO      version   : 2016.09p002 64 bits
2020-04-08 16:43:19.299323 (3041) main____ INFO      build date: 2016.11.28 18:08:37 PST
2020-04-08 16:43:19.299334 (3041) main____ INFO    ----------------------------------------
2020-04-08 16:43:19.299343 (3041) main____ INFO    Runtime info:
2020-04-08 16:43:19.299355 (3041) main____ INFO      platform  : Linux 3.10.0-957.21.3.el7.x86_64 x86_64
2020-04-08 16:43:19.299371 (3041) main____ INFO      hostname  : rsg20.stanford.edu
2020-04-08 16:43:19.299382 (3041) main____ INFO      pid       : 3041
2020-04-08 16:43:19.299393 (3041) main____ INFO      arguments : '-style' 'windows' '-tcl' 'jasper.tcl'
2020-04-08 16:43:19.299402 (3041) main____ INFO    ----------------------------------------
2020-04-08 16:43:19.301893 (3041) lic__man INFO    Claim 'main' for <ui>.
2020-04-08 16:43:19.306322 (3041) lic_core INFO    (1) checking out 'jasper_interactive' ...
2020-04-08 16:43:19.541573 (3041) lic_core INFO    ... (1) checkout succeeded
2020-04-08 16:43:19.541700 (3041) lic__man INFO    Claim 'fpv' for <ui>.
2020-04-08 16:43:19.541755 (3041) lic_core INFO    (2) checking out 'jasper_fpv' ...
2020-04-08 16:43:19.562104 (3041) lic_core INFO    ... (2) checkout succeeded
2020-04-08 16:43:20.220036 (3041) lic__man INFO    Claim 'fpv' for <ui>.
2020-04-08 16:43:20.269356 (3041) lic__man INFO    Unclaim 'fpv' for <ui>.
2020-04-08 16:43:20.269389 (3041) lic__man INFO    Claim 'fpv' for <ui>.
2020-04-08 16:43:20.296183 (3041) session_ INFO    Starting analysis session with session id 'session_0' ...
2020-04-08 16:43:20.298302 (3041) session_ INFO    Analysis session with session id 'session_0' started (pid: 3057)
2020-04-08 16:43:25.179140 (3041) session_ INFO    Analysis session 'session_0' connected to the console (host: 172.24.74.47:46370)
2020-04-08 16:43:28.260446 (3041) lic__man INFO    Unclaim everything for 'session_0*'.
2020-04-08 16:43:28.620502 (3041) lic__man INFO    Claim 'fpv' for 'session_0'.
2020-04-08 16:43:31.574619 (3041) lic__man INFO    Unclaim everything for 'session_0/prove-0'.
2020-04-08 16:43:34.705898 (3041) main____ INFO    About to exit: requested from GUI
2020-04-08 16:43:34.893127 (3041) main____ INFO    Exiting.
