2020-04-08 16:41:11.965760 (2004) main____ INFO    ----------------------------------------
2020-04-08 16:41:11.965948 (2004) main____ INFO    JasperGold version info
2020-04-08 16:41:11.965977 (2004) main____ INFO      tool      : JasperGold 2016.09
2020-04-08 16:41:11.965997 (2004) main____ INFO      version   : 2016.09p002 64 bits
2020-04-08 16:41:11.966010 (2004) main____ INFO      build date: 2016.11.28 18:08:37 PST
2020-04-08 16:41:11.966020 (2004) main____ INFO    ----------------------------------------
2020-04-08 16:41:11.966029 (2004) main____ INFO    Runtime info:
2020-04-08 16:41:11.966042 (2004) main____ INFO      platform  : Linux 3.10.0-957.21.3.el7.x86_64 x86_64
2020-04-08 16:41:11.966058 (2004) main____ INFO      hostname  : rsg20.stanford.edu
2020-04-08 16:41:11.966069 (2004) main____ INFO      pid       : 2004
2020-04-08 16:41:11.966080 (2004) main____ INFO      arguments : '-style' 'windows' '-tcl' 'jasper.tcl'
2020-04-08 16:41:11.966089 (2004) main____ INFO    ----------------------------------------
2020-04-08 16:41:11.968792 (2004) lic__man INFO    Claim 'main' for <ui>.
2020-04-08 16:41:11.973083 (2004) lic_core INFO    (1) checking out 'jasper_interactive' ...
2020-04-08 16:41:11.995604 (2004) lic_core INFO    ... (1) checkout succeeded
2020-04-08 16:41:11.995719 (2004) lic__man INFO    Claim 'fpv' for <ui>.
2020-04-08 16:41:11.995771 (2004) lic_core INFO    (2) checking out 'jasper_fpv' ...
2020-04-08 16:41:12.015283 (2004) lic_core INFO    ... (2) checkout succeeded
2020-04-08 16:41:12.818155 (2004) lic__man INFO    Claim 'fpv' for <ui>.
2020-04-08 16:41:12.866935 (2004) lic__man INFO    Unclaim 'fpv' for <ui>.
2020-04-08 16:41:12.866966 (2004) lic__man INFO    Claim 'fpv' for <ui>.
2020-04-08 16:41:12.889051 (2004) session_ INFO    Starting analysis session with session id 'session_0' ...
2020-04-08 16:41:12.891359 (2004) session_ INFO    Analysis session with session id 'session_0' started (pid: 2019)
2020-04-08 16:41:18.174756 (2004) session_ INFO    Analysis session 'session_0' connected to the console (host: 172.24.74.47:41402)
2020-04-08 16:41:20.443508 (2004) lic__man INFO    Unclaim everything for 'session_0*'.
2020-04-08 16:41:20.647828 (2004) lic__man INFO    Claim 'fpv' for 'session_0'.
2020-04-08 16:41:23.853378 (2004) lic__man INFO    Unclaim everything for 'session_0/prove-0'.
2020-04-08 16:41:27.939722 (2004) main____ INFO    About to exit: requested from GUI
2020-04-08 16:41:28.183000 (2004) main____ INFO    Exiting.
