

================================================================
== Vivado HLS Report for 'aqed_out'
================================================================
* Date:           Wed Apr 15 21:54:56 2020

* Version:        2018.3 (Build 2405991 on Thu Dec 06 23:56:15 MST 2018)
* Project:        BUG1
* Solution:       solution1
* Product family: aartix7
* Target device:  xa7a12tcsg325-1q


================================================================
== Performance Estimates
================================================================
+ Timing (ns): 
    * Summary: 
    +--------+-------+----------+------------+
    |  Clock | Target| Estimated| Uncertainty|
    +--------+-------+----------+------------+
    |ap_clk  |  50.00|     4.986|        6.25|
    +--------+-------+----------+------------+

+ Latency (clock cycles): 
    * Summary: 
    +-----+-----+-----+-----+---------+
    |  Latency  |  Interval | Pipeline|
    | min | max | min | max |   Type  |
    +-----+-----+-----+-----+---------+
    |    3|    3|    3|    3|   none  |
    +-----+-----+-----+-----+---------+

    + Detail: 
        * Instance: 
        N/A

        * Loop: 
        N/A

============================================================
+ Verbose Summary: Synthesis Manager
============================================================
InlineROM: 1
ExposeGlobal: 0
============================================================
+ Verbose Summary: CDFG Model
============================================================
IsTopModel: 0
ResetActiveHigh: 1
IsCombinational: 0
IsDatapathOnly: 0
HasWiredReturn: 1
HasMFsm: 0
HasVarLatency: 1
IsPipeline: 0
IsRtlPipelined: 0
IsInstanceOverlapped: 0
IsDontTouch: 0
HasImplIP: 0
IsGatedGlobalClock: 0


============================================================
+ Verbose Summary: Schedule
============================================================
* Number of FSM states : 4
* Pipeline : 0
* Dataflow Pipeline: 0

* FSM state transitions: 
1 --> 
	2  / true
2 --> 
	3  / true
3 --> 
	4  / true
4 --> 

* FSM state operations: 

State 1 <SV = 0> <Delay = 4.98>
ST_1 : Operation 5 [1/1] (0.00ns)   --->   "%acc_out_offset_read = call i4 @_ssdm_op_Read.ap_auto.i4(i4 %acc_out_offset)" [buf4bug1.cpp:397]   --->   Operation 5 'read' 'acc_out_offset_read' <Predicate = true> <Delay = 0.00>
ST_1 : Operation 6 [1/1] (0.00ns)   --->   "%state_orig_issued_V_s = load i1* @state_orig_issued_V, align 2" [buf4bug1.cpp:397]   --->   Operation 6 'load' 'state_orig_issued_V_s' <Predicate = true> <Delay = 0.00>
ST_1 : Operation 7 [1/1] (0.00ns)   --->   "%state_out_count_V_lo = load i16* @state_out_count_V, align 2" [buf4bug1.cpp:397]   --->   Operation 7 'load' 'state_out_count_V_lo' <Predicate = true> <Delay = 0.00>
ST_1 : Operation 8 [1/1] (0.00ns)   --->   "%state_qed_done_V_loa = load i1* @state_qed_done_V, align 1" [buf4bug1.cpp:398]   --->   Operation 8 'load' 'state_qed_done_V_loa' <Predicate = true> <Delay = 0.00>
ST_1 : Operation 9 [1/1] (0.00ns)   --->   "br i1 %state_orig_issued_V_s, label %._crit_edge, label %._crit_edge281.critedge" [buf4bug1.cpp:397]   --->   Operation 9 'br' <Predicate = true> <Delay = 0.00>
ST_1 : Operation 10 [1/1] (1.66ns)   --->   "store i1 false, i1* @state_orig_done_V, align 2"   --->   Operation 10 'store' <Predicate = (!state_orig_issued_V_s)> <Delay = 1.66>
ST_1 : Operation 11 [1/1] (0.00ns)   --->   "br label %._crit_edge282" [buf4bug1.cpp:398]   --->   Operation 11 'br' <Predicate = (!state_orig_issued_V_s)> <Delay = 0.00>
ST_1 : Operation 12 [1/1] (0.00ns)   --->   "%state_orig_in_V_load = load i16* @state_orig_in_V, align 2" [buf4bug1.cpp:397]   --->   Operation 12 'load' 'state_orig_in_V_load' <Predicate = (state_orig_issued_V_s)> <Delay = 0.00>
ST_1 : Operation 13 [1/1] (2.38ns)   --->   "%ult = icmp ult i16 %state_out_count_V_lo, %state_orig_in_V_load" [buf4bug1.cpp:397]   --->   Operation 13 'icmp' 'ult' <Predicate = (state_orig_issued_V_s)> <Delay = 2.38> <Core = "Cmp">   --->   Core 25 'Cmp' <Latency = 0> <II = 1> <Delay = 2.38> <FuncUnit> <Opcode : 'icmp'> <InPorts = 2> <OutPorts = 1>
ST_1 : Operation 14 [1/1] (0.94ns)   --->   "%rev2 = xor i1 %ult, true" [buf4bug1.cpp:397]   --->   Operation 14 'xor' 'rev2' <Predicate = (state_orig_issued_V_s)> <Delay = 0.94> <Core = "LogicGate">   --->   Core 27 'LogicGate' <Latency = 0> <II = 1> <Delay = 0.94> <FuncUnit> <Opcode : 'and' 'or' 'xor'> <InPorts = 2> <OutPorts = 1>
ST_1 : Operation 15 [1/1] (1.66ns)   --->   "store i1 %rev2, i1* @state_orig_done_V, align 2"   --->   Operation 15 'store' <Predicate = (state_orig_issued_V_s)> <Delay = 1.66>
ST_1 : Operation 16 [1/1] (2.38ns)   --->   "%tmp_not = icmp ne i16 %state_out_count_V_lo, %state_orig_in_V_load" [buf4bug1.cpp:398]   --->   Operation 16 'icmp' 'tmp_not' <Predicate = (state_orig_issued_V_s)> <Delay = 2.38> <Core = "Cmp">   --->   Core 25 'Cmp' <Latency = 0> <II = 1> <Delay = 2.38> <FuncUnit> <Opcode : 'icmp'> <InPorts = 2> <OutPorts = 1>
ST_1 : Operation 17 [1/1] (0.94ns)   --->   "%brmerge = or i1 %state_qed_done_V_loa, %tmp_not" [buf4bug1.cpp:398]   --->   Operation 17 'or' 'brmerge' <Predicate = (state_orig_issued_V_s)> <Delay = 0.94> <Core = "LogicGate">   --->   Core 27 'LogicGate' <Latency = 0> <II = 1> <Delay = 0.94> <FuncUnit> <Opcode : 'and' 'or' 'xor'> <InPorts = 2> <OutPorts = 1>
ST_1 : Operation 18 [1/1] (0.00ns)   --->   "br i1 %brmerge, label %._crit_edge282, label %1" [buf4bug1.cpp:398]   --->   Operation 18 'br' <Predicate = (state_orig_issued_V_s)> <Delay = 0.00>
ST_1 : Operation 19 [1/1] (0.00ns)   --->   "%state_orig_idx_V_loa = load i2* @state_orig_idx_V, align 2" [buf4bug1.cpp:400]   --->   Operation 19 'load' 'state_orig_idx_V_loa' <Predicate = (state_orig_issued_V_s & !brmerge)> <Delay = 0.00>
ST_1 : Operation 20 [1/1] (0.00ns)   --->   "%ret_V = call i3 @_ssdm_op_BitConcatenate.i3.i2.i1(i2 %state_orig_idx_V_loa, i1 false)" [buf4bug1.cpp:400]   --->   Operation 20 'bitconcatenate' 'ret_V' <Predicate = (state_orig_issued_V_s & !brmerge)> <Delay = 0.00>
ST_1 : Operation 21 [1/1] (0.00ns)   --->   "%op2_cast2 = zext i3 %ret_V to i5" [buf4bug1.cpp:400]   --->   Operation 21 'zext' 'op2_cast2' <Predicate = (state_orig_issued_V_s & !brmerge)> <Delay = 0.00>
ST_1 : Operation 22 [1/1] (0.00ns)   --->   "%acc_out_offset_cast = zext i4 %acc_out_offset_read to i5" [buf4bug1.cpp:400]   --->   Operation 22 'zext' 'acc_out_offset_cast' <Predicate = (state_orig_issued_V_s & !brmerge)> <Delay = 0.00>
ST_1 : Operation 23 [1/1] (1.77ns)   --->   "%sum = add i5 %acc_out_offset_cast, %op2_cast2" [buf4bug1.cpp:400]   --->   Operation 23 'add' 'sum' <Predicate = (state_orig_issued_V_s & !brmerge)> <Delay = 1.77> <Core = "AddSub">   --->   Core 14 'AddSub' <Latency = 0> <II = 1> <Delay = 2.14> <FuncUnit> <Opcode : 'add' 'sub'> <InPorts = 2> <OutPorts = 1>
ST_1 : Operation 24 [1/1] (0.00ns)   --->   "%sum_cast = zext i5 %sum to i64" [buf4bug1.cpp:400]   --->   Operation 24 'zext' 'sum_cast' <Predicate = (state_orig_issued_V_s & !brmerge)> <Delay = 0.00>
ST_1 : Operation 25 [1/1] (0.00ns)   --->   "%bmc_in_addr = getelementptr [16 x i8]* @bmc_in, i64 0, i64 %sum_cast" [buf4bug1.cpp:400]   --->   Operation 25 'getelementptr' 'bmc_in_addr' <Predicate = (state_orig_issued_V_s & !brmerge)> <Delay = 0.00>
ST_1 : Operation 26 [2/2] (2.15ns)   --->   "%bmc_in_load = load i8* %bmc_in_addr, align 1" [buf4bug1.cpp:400]   --->   Operation 26 'load' 'bmc_in_load' <Predicate = (state_orig_issued_V_s & !brmerge)> <Delay = 2.15> <Core = "RAM">   --->   Core 37 'RAM' <Latency = 1> <II = 1> <Delay = 2.15> <Storage> <Opcode : 'load' 'store'> <Ports = 2> <Width = 8> <Depth = 16> <RAM>
ST_1 : Operation 27 [1/1] (0.00ns) (grouped into LUT with out node sum2)   --->   "%p_028_sum = or i3 %ret_V, 1" [buf4bug1.cpp:401]   --->   Operation 27 'or' 'p_028_sum' <Predicate = (state_orig_issued_V_s & !brmerge)> <Delay = 0.00>
ST_1 : Operation 28 [1/1] (0.00ns) (grouped into LUT with out node sum2)   --->   "%p_028_sum_cast = zext i3 %p_028_sum to i5" [buf4bug1.cpp:401]   --->   Operation 28 'zext' 'p_028_sum_cast' <Predicate = (state_orig_issued_V_s & !brmerge)> <Delay = 0.00>
ST_1 : Operation 29 [1/1] (1.77ns) (out node of the LUT)   --->   "%sum2 = add i5 %acc_out_offset_cast, %p_028_sum_cast" [buf4bug1.cpp:401]   --->   Operation 29 'add' 'sum2' <Predicate = (state_orig_issued_V_s & !brmerge)> <Delay = 1.77> <Core = "AddSub">   --->   Core 14 'AddSub' <Latency = 0> <II = 1> <Delay = 2.14> <FuncUnit> <Opcode : 'add' 'sub'> <InPorts = 2> <OutPorts = 1>
ST_1 : Operation 30 [1/1] (0.00ns)   --->   "%sum2_cast = zext i5 %sum2 to i64" [buf4bug1.cpp:401]   --->   Operation 30 'zext' 'sum2_cast' <Predicate = (state_orig_issued_V_s & !brmerge)> <Delay = 0.00>
ST_1 : Operation 31 [1/1] (0.00ns)   --->   "%bmc_in_addr_1 = getelementptr [16 x i8]* @bmc_in, i64 0, i64 %sum2_cast" [buf4bug1.cpp:401]   --->   Operation 31 'getelementptr' 'bmc_in_addr_1' <Predicate = (state_orig_issued_V_s & !brmerge)> <Delay = 0.00>
ST_1 : Operation 32 [2/2] (2.15ns)   --->   "%bmc_in_load_1 = load i8* %bmc_in_addr_1, align 1" [buf4bug1.cpp:401]   --->   Operation 32 'load' 'bmc_in_load_1' <Predicate = (state_orig_issued_V_s & !brmerge)> <Delay = 2.15> <Core = "RAM">   --->   Core 37 'RAM' <Latency = 1> <II = 1> <Delay = 2.15> <Storage> <Opcode : 'load' 'store'> <Ports = 2> <Width = 8> <Depth = 16> <RAM>

State 2 <SV = 1> <Delay = 4.98>
ST_2 : Operation 33 [1/2] (2.15ns)   --->   "%bmc_in_load = load i8* %bmc_in_addr, align 1" [buf4bug1.cpp:400]   --->   Operation 33 'load' 'bmc_in_load' <Predicate = (state_orig_issued_V_s & !brmerge)> <Delay = 2.15> <Core = "RAM">   --->   Core 37 'RAM' <Latency = 1> <II = 1> <Delay = 2.15> <Storage> <Opcode : 'load' 'store'> <Ports = 2> <Width = 8> <Depth = 16> <RAM>
ST_2 : Operation 34 [1/1] (0.00ns)   --->   "store i8 %bmc_in_load, i8* @state_orig_out_V_0, align 2" [buf4bug1.cpp:400]   --->   Operation 34 'store' <Predicate = (state_orig_issued_V_s & !brmerge)> <Delay = 0.00>
ST_2 : Operation 35 [1/2] (2.15ns)   --->   "%bmc_in_load_1 = load i8* %bmc_in_addr_1, align 1" [buf4bug1.cpp:401]   --->   Operation 35 'load' 'bmc_in_load_1' <Predicate = (state_orig_issued_V_s & !brmerge)> <Delay = 2.15> <Core = "RAM">   --->   Core 37 'RAM' <Latency = 1> <II = 1> <Delay = 2.15> <Storage> <Opcode : 'load' 'store'> <Ports = 2> <Width = 8> <Depth = 16> <RAM>
ST_2 : Operation 36 [1/1] (0.00ns)   --->   "store i8 %bmc_in_load_1, i8* @state_orig_out_V_1, align 1" [buf4bug1.cpp:401]   --->   Operation 36 'store' <Predicate = (state_orig_issued_V_s & !brmerge)> <Delay = 0.00>
ST_2 : Operation 37 [1/1] (0.00ns)   --->   "br label %._crit_edge282" [buf4bug1.cpp:402]   --->   Operation 37 'br' <Predicate = (state_orig_issued_V_s & !brmerge)> <Delay = 0.00>
ST_2 : Operation 38 [1/1] (0.00ns)   --->   "%state_dup_in_V_load = load i16* @state_dup_in_V, align 2" [buf4bug1.cpp:403]   --->   Operation 38 'load' 'state_dup_in_V_load' <Predicate = true> <Delay = 0.00>
ST_2 : Operation 39 [1/1] (1.66ns)   --->   "br i1 %state_orig_issued_V_s, label %2, label %._crit_edge284" [buf4bug1.cpp:403]   --->   Operation 39 'br' <Predicate = true> <Delay = 1.66>
ST_2 : Operation 40 [1/1] (0.00ns)   --->   "%state_dup_issued_V_l = load i1* @state_dup_issued_V, align 1" [buf4bug1.cpp:403]   --->   Operation 40 'load' 'state_dup_issued_V_l' <Predicate = (state_orig_issued_V_s)> <Delay = 0.00>
ST_2 : Operation 41 [1/1] (2.38ns)   --->   "%tmp_s = icmp eq i16 %state_out_count_V_lo, %state_dup_in_V_load" [buf4bug1.cpp:403]   --->   Operation 41 'icmp' 'tmp_s' <Predicate = (state_orig_issued_V_s)> <Delay = 2.38> <Core = "Cmp">   --->   Core 25 'Cmp' <Latency = 0> <II = 1> <Delay = 2.38> <FuncUnit> <Opcode : 'icmp'> <InPorts = 2> <OutPorts = 1>
ST_2 : Operation 42 [1/1] (0.00ns) (grouped into LUT with out node brmerge1)   --->   "%or_cond = and i1 %state_dup_issued_V_l, %tmp_s" [buf4bug1.cpp:403]   --->   Operation 42 'and' 'or_cond' <Predicate = (state_orig_issued_V_s)> <Delay = 0.00> <Core = "LogicGate">   --->   Core 27 'LogicGate' <Latency = 0> <II = 1> <Delay = 0.94> <FuncUnit> <Opcode : 'and' 'or' 'xor'> <InPorts = 2> <OutPorts = 1>
ST_2 : Operation 43 [1/1] (0.00ns) (grouped into LUT with out node brmerge1)   --->   "%or_cond_not = xor i1 %or_cond, true" [buf4bug1.cpp:403]   --->   Operation 43 'xor' 'or_cond_not' <Predicate = (state_orig_issued_V_s)> <Delay = 0.00> <Core = "LogicGate">   --->   Core 27 'LogicGate' <Latency = 0> <II = 1> <Delay = 0.94> <FuncUnit> <Opcode : 'and' 'or' 'xor'> <InPorts = 2> <OutPorts = 1>
ST_2 : Operation 44 [1/1] (0.94ns) (out node of the LUT)   --->   "%brmerge1 = or i1 %state_qed_done_V_loa, %or_cond_not" [buf4bug1.cpp:403]   --->   Operation 44 'or' 'brmerge1' <Predicate = (state_orig_issued_V_s)> <Delay = 0.94> <Core = "LogicGate">   --->   Core 27 'LogicGate' <Latency = 0> <II = 1> <Delay = 0.94> <FuncUnit> <Opcode : 'and' 'or' 'xor'> <InPorts = 2> <OutPorts = 1>
ST_2 : Operation 45 [1/1] (1.66ns)   --->   "br i1 %brmerge1, label %._crit_edge284, label %_ifconv" [buf4bug1.cpp:403]   --->   Operation 45 'br' <Predicate = (state_orig_issued_V_s)> <Delay = 1.66>
ST_2 : Operation 46 [1/1] (0.00ns)   --->   "%state_dup_idx_V_load = load i2* @state_dup_idx_V, align 1" [buf4bug1.cpp:406]   --->   Operation 46 'load' 'state_dup_idx_V_load' <Predicate = (state_orig_issued_V_s & !brmerge1)> <Delay = 0.00>
ST_2 : Operation 47 [1/1] (0.00ns)   --->   "%ret_V_1 = call i3 @_ssdm_op_BitConcatenate.i3.i2.i1(i2 %state_dup_idx_V_load, i1 false)" [buf4bug1.cpp:406]   --->   Operation 47 'bitconcatenate' 'ret_V_1' <Predicate = (state_orig_issued_V_s & !brmerge1)> <Delay = 0.00>
ST_2 : Operation 48 [1/1] (0.00ns)   --->   "%op2_1_cast1 = zext i3 %ret_V_1 to i5" [buf4bug1.cpp:406]   --->   Operation 48 'zext' 'op2_1_cast1' <Predicate = (state_orig_issued_V_s & !brmerge1)> <Delay = 0.00>
ST_2 : Operation 49 [1/1] (0.00ns)   --->   "%acc_out_offset_cast3 = zext i4 %acc_out_offset_read to i5" [buf4bug1.cpp:406]   --->   Operation 49 'zext' 'acc_out_offset_cast3' <Predicate = (state_orig_issued_V_s & !brmerge1)> <Delay = 0.00>
ST_2 : Operation 50 [1/1] (1.77ns)   --->   "%sum4 = add i5 %acc_out_offset_cast3, %op2_1_cast1" [buf4bug1.cpp:406]   --->   Operation 50 'add' 'sum4' <Predicate = (state_orig_issued_V_s & !brmerge1)> <Delay = 1.77> <Core = "AddSub">   --->   Core 14 'AddSub' <Latency = 0> <II = 1> <Delay = 2.14> <FuncUnit> <Opcode : 'add' 'sub'> <InPorts = 2> <OutPorts = 1>
ST_2 : Operation 51 [1/1] (0.00ns)   --->   "%sum4_cast = zext i5 %sum4 to i64" [buf4bug1.cpp:406]   --->   Operation 51 'zext' 'sum4_cast' <Predicate = (state_orig_issued_V_s & !brmerge1)> <Delay = 0.00>
ST_2 : Operation 52 [1/1] (0.00ns)   --->   "%bmc_in_addr_2 = getelementptr [16 x i8]* @bmc_in, i64 0, i64 %sum4_cast" [buf4bug1.cpp:406]   --->   Operation 52 'getelementptr' 'bmc_in_addr_2' <Predicate = (state_orig_issued_V_s & !brmerge1)> <Delay = 0.00>
ST_2 : Operation 53 [2/2] (2.15ns)   --->   "%bmc_in_load_2 = load i8* %bmc_in_addr_2, align 1" [buf4bug1.cpp:406]   --->   Operation 53 'load' 'bmc_in_load_2' <Predicate = (state_orig_issued_V_s & !brmerge1)> <Delay = 2.15> <Core = "RAM">   --->   Core 37 'RAM' <Latency = 1> <II = 1> <Delay = 2.15> <Storage> <Opcode : 'load' 'store'> <Ports = 2> <Width = 8> <Depth = 16> <RAM>
ST_2 : Operation 54 [1/1] (0.00ns) (grouped into LUT with out node sum6)   --->   "%p_0107_sum = or i3 %ret_V_1, 1" [buf4bug1.cpp:407]   --->   Operation 54 'or' 'p_0107_sum' <Predicate = (state_orig_issued_V_s & !brmerge1)> <Delay = 0.00>
ST_2 : Operation 55 [1/1] (0.00ns) (grouped into LUT with out node sum6)   --->   "%p_0107_sum_cast = zext i3 %p_0107_sum to i5" [buf4bug1.cpp:407]   --->   Operation 55 'zext' 'p_0107_sum_cast' <Predicate = (state_orig_issued_V_s & !brmerge1)> <Delay = 0.00>
ST_2 : Operation 56 [1/1] (1.77ns) (out node of the LUT)   --->   "%sum6 = add i5 %acc_out_offset_cast3, %p_0107_sum_cast" [buf4bug1.cpp:407]   --->   Operation 56 'add' 'sum6' <Predicate = (state_orig_issued_V_s & !brmerge1)> <Delay = 1.77> <Core = "AddSub">   --->   Core 14 'AddSub' <Latency = 0> <II = 1> <Delay = 2.14> <FuncUnit> <Opcode : 'add' 'sub'> <InPorts = 2> <OutPorts = 1>
ST_2 : Operation 57 [1/1] (0.00ns)   --->   "%sum6_cast = zext i5 %sum6 to i64" [buf4bug1.cpp:407]   --->   Operation 57 'zext' 'sum6_cast' <Predicate = (state_orig_issued_V_s & !brmerge1)> <Delay = 0.00>
ST_2 : Operation 58 [1/1] (0.00ns)   --->   "%bmc_in_addr_3 = getelementptr [16 x i8]* @bmc_in, i64 0, i64 %sum6_cast" [buf4bug1.cpp:407]   --->   Operation 58 'getelementptr' 'bmc_in_addr_3' <Predicate = (state_orig_issued_V_s & !brmerge1)> <Delay = 0.00>
ST_2 : Operation 59 [2/2] (2.15ns)   --->   "%bmc_in_load_3 = load i8* %bmc_in_addr_3, align 1" [buf4bug1.cpp:407]   --->   Operation 59 'load' 'bmc_in_load_3' <Predicate = (state_orig_issued_V_s & !brmerge1)> <Delay = 2.15> <Core = "RAM">   --->   Core 37 'RAM' <Latency = 1> <II = 1> <Delay = 2.15> <Storage> <Opcode : 'load' 'store'> <Ports = 2> <Width = 8> <Depth = 16> <RAM>

State 3 <SV = 2> <Delay = 4.56>
ST_3 : Operation 60 [1/2] (2.15ns)   --->   "%bmc_in_load_2 = load i8* %bmc_in_addr_2, align 1" [buf4bug1.cpp:406]   --->   Operation 60 'load' 'bmc_in_load_2' <Predicate = (state_orig_issued_V_s & !brmerge1)> <Delay = 2.15> <Core = "RAM">   --->   Core 37 'RAM' <Latency = 1> <II = 1> <Delay = 2.15> <Storage> <Opcode : 'load' 'store'> <Ports = 2> <Width = 8> <Depth = 16> <RAM>
ST_3 : Operation 61 [1/2] (2.15ns)   --->   "%bmc_in_load_3 = load i8* %bmc_in_addr_3, align 1" [buf4bug1.cpp:407]   --->   Operation 61 'load' 'bmc_in_load_3' <Predicate = (state_orig_issued_V_s & !brmerge1)> <Delay = 2.15> <Core = "RAM">   --->   Core 37 'RAM' <Latency = 1> <II = 1> <Delay = 2.15> <Storage> <Opcode : 'load' 'store'> <Ports = 2> <Width = 8> <Depth = 16> <RAM>
ST_3 : Operation 62 [1/1] (0.00ns)   --->   "%state_orig_out_V_0_l = load i8* @state_orig_out_V_0, align 2" [buf4bug1.cpp:408]   --->   Operation 62 'load' 'state_orig_out_V_0_l' <Predicate = (state_orig_issued_V_s & !brmerge1)> <Delay = 0.00>
ST_3 : Operation 63 [1/1] (1.47ns)   --->   "%tmp_1 = icmp eq i8 %bmc_in_load_2, %state_orig_out_V_0_l" [buf4bug1.cpp:408]   --->   Operation 63 'icmp' 'tmp_1' <Predicate = (state_orig_issued_V_s & !brmerge1)> <Delay = 1.47> <Core = "Cmp">   --->   Core 25 'Cmp' <Latency = 0> <II = 1> <Delay = 2.38> <FuncUnit> <Opcode : 'icmp'> <InPorts = 2> <OutPorts = 1>
ST_3 : Operation 64 [1/1] (0.00ns)   --->   "%state_orig_out_V_1_l = load i8* @state_orig_out_V_1, align 1" [buf4bug1.cpp:408]   --->   Operation 64 'load' 'state_orig_out_V_1_l' <Predicate = (state_orig_issued_V_s & !brmerge1)> <Delay = 0.00>
ST_3 : Operation 65 [1/1] (1.47ns)   --->   "%tmp_2 = icmp eq i8 %bmc_in_load_3, %state_orig_out_V_1_l" [buf4bug1.cpp:408]   --->   Operation 65 'icmp' 'tmp_2' <Predicate = (state_orig_issued_V_s & !brmerge1)> <Delay = 1.47> <Core = "Cmp">   --->   Core 25 'Cmp' <Latency = 0> <II = 1> <Delay = 2.38> <FuncUnit> <Opcode : 'icmp'> <InPorts = 2> <OutPorts = 1>
ST_3 : Operation 66 [1/1] (0.94ns)   --->   "%val_assign_5 = and i1 %tmp_1, %tmp_2" [buf4bug1.cpp:408]   --->   Operation 66 'and' 'val_assign_5' <Predicate = (state_orig_issued_V_s & !brmerge1)> <Delay = 0.94> <Core = "LogicGate">   --->   Core 27 'LogicGate' <Latency = 0> <II = 1> <Delay = 0.94> <FuncUnit> <Opcode : 'and' 'or' 'xor'> <InPorts = 2> <OutPorts = 1>
ST_3 : Operation 67 [1/1] (0.00ns)   --->   "store i1 %val_assign_5, i1* @state_qed_check_V, align 1"   --->   Operation 67 'store' <Predicate = (state_orig_issued_V_s & !brmerge1)> <Delay = 0.00>
ST_3 : Operation 68 [1/1] (1.66ns)   --->   "br label %._crit_edge284" [buf4bug1.cpp:409]   --->   Operation 68 'br' <Predicate = (state_orig_issued_V_s & !brmerge1)> <Delay = 1.66>
ST_3 : Operation 69 [1/1] (2.38ns)   --->   "%tmp_3 = icmp ugt i16 %state_out_count_V_lo, %state_dup_in_V_load" [buf4bug1.cpp:410]   --->   Operation 69 'icmp' 'tmp_3' <Predicate = true> <Delay = 2.38> <Core = "Cmp">   --->   Core 25 'Cmp' <Latency = 0> <II = 1> <Delay = 2.38> <FuncUnit> <Opcode : 'icmp'> <InPorts = 2> <OutPorts = 1>
ST_3 : Operation 70 [1/1] (2.14ns)   --->   "%tmp_4 = add i16 %state_out_count_V_lo, 1" [buf4bug1.cpp:413]   --->   Operation 70 'add' 'tmp_4' <Predicate = true> <Delay = 2.14> <Core = "AddSub">   --->   Core 14 'AddSub' <Latency = 0> <II = 1> <Delay = 2.14> <FuncUnit> <Opcode : 'add' 'sub'> <InPorts = 2> <OutPorts = 1>
ST_3 : Operation 71 [1/1] (0.00ns)   --->   "store i16 %tmp_4, i16* @state_out_count_V, align 2" [buf4bug1.cpp:413]   --->   Operation 71 'store' <Predicate = true> <Delay = 0.00>

State 4 <SV = 3> <Delay = 0.94>
ST_4 : Operation 72 [1/1] (0.00ns) (grouped into LUT with out node p_state_qed_done_V_fl)   --->   "%state_qed_done_V_fla = phi i1 [ true, %_ifconv ], [ false, %2 ], [ false, %._crit_edge282 ]"   --->   Operation 72 'phi' 'state_qed_done_V_fla' <Predicate = true> <Delay = 0.00>
ST_4 : Operation 73 [1/1] (0.00ns) (grouped into LUT with out node o2_qed_done_V)   --->   "%state_qed_done_V_loc = phi i1 [ true, %_ifconv ], [ %state_qed_done_V_loa, %2 ], [ %state_qed_done_V_loa, %._crit_edge282 ]" [buf4bug1.cpp:398]   --->   Operation 73 'phi' 'state_qed_done_V_loc' <Predicate = true> <Delay = 0.00>
ST_4 : Operation 74 [1/1] (0.94ns) (out node of the LUT)   --->   "%p_state_qed_done_V_fl = or i1 %tmp_3, %state_qed_done_V_fla" [buf4bug1.cpp:410]   --->   Operation 74 'or' 'p_state_qed_done_V_fl' <Predicate = true> <Delay = 0.94> <Core = "LogicGate">   --->   Core 27 'LogicGate' <Latency = 0> <II = 1> <Delay = 0.94> <FuncUnit> <Opcode : 'and' 'or' 'xor'> <InPorts = 2> <OutPorts = 1>
ST_4 : Operation 75 [1/1] (0.94ns) (out node of the LUT)   --->   "%o2_qed_done_V = or i1 %tmp_3, %state_qed_done_V_loc" [buf4bug1.cpp:410]   --->   Operation 75 'or' 'o2_qed_done_V' <Predicate = true> <Delay = 0.94> <Core = "LogicGate">   --->   Core 27 'LogicGate' <Latency = 0> <II = 1> <Delay = 0.94> <FuncUnit> <Opcode : 'and' 'or' 'xor'> <InPorts = 2> <OutPorts = 1>
ST_4 : Operation 76 [1/1] (0.00ns)   --->   "%o2_qed_check_V = load i1* @state_qed_check_V, align 1" [buf4bug1.cpp:416]   --->   Operation 76 'load' 'o2_qed_check_V' <Predicate = true> <Delay = 0.00>
ST_4 : Operation 77 [1/1] (0.00ns)   --->   "%mrv = insertvalue { i1, i1 } undef, i1 %o2_qed_done_V, 0" [buf4bug1.cpp:418]   --->   Operation 77 'insertvalue' 'mrv' <Predicate = true> <Delay = 0.00>
ST_4 : Operation 78 [1/1] (0.00ns)   --->   "%mrv_1 = insertvalue { i1, i1 } %mrv, i1 %o2_qed_check_V, 1" [buf4bug1.cpp:418]   --->   Operation 78 'insertvalue' 'mrv_1' <Predicate = true> <Delay = 0.00>
ST_4 : Operation 79 [1/1] (0.00ns)   --->   "br i1 %p_state_qed_done_V_fl, label %mergeST, label %._crit_edge289.new" [buf4bug1.cpp:410]   --->   Operation 79 'br' <Predicate = true> <Delay = 0.00>
ST_4 : Operation 80 [1/1] (0.00ns)   --->   "store i1 true, i1* @state_qed_done_V, align 1" [buf4bug1.cpp:404]   --->   Operation 80 'store' <Predicate = (p_state_qed_done_V_fl)> <Delay = 0.00>
ST_4 : Operation 81 [1/1] (0.00ns)   --->   "br label %._crit_edge289.new"   --->   Operation 81 'br' <Predicate = (p_state_qed_done_V_fl)> <Delay = 0.00>
ST_4 : Operation 82 [1/1] (0.00ns)   --->   "ret { i1, i1 } %mrv_1" [buf4bug1.cpp:418]   --->   Operation 82 'ret' <Predicate = true> <Delay = 0.00>


============================================================
+ Verbose Summary: Timing violations
============================================================
Target clock period: 50ns, clock uncertainty: 6.25ns.

 <State 1>: 4.99ns
The critical path consists of the following:
	'load' operation ('state_out_count_V_lo', buf4bug1.cpp:397) on static variable 'state_out_count_V' [17]  (0 ns)
	'icmp' operation ('ult', buf4bug1.cpp:397) [25]  (2.38 ns)
	'xor' operation ('val', buf4bug1.cpp:397) [26]  (0.942 ns)
	'store' operation of variable 'val', buf4bug1.cpp:397 on global variable 'state_orig_done_V' [27]  (1.66 ns)

 <State 2>: 4.99ns
The critical path consists of the following:
	'load' operation ('state_dup_in_V_load', buf4bug1.cpp:403) on static variable 'state_dup_in_V' [50]  (0 ns)
	'icmp' operation ('tmp_s', buf4bug1.cpp:403) [54]  (2.38 ns)
	'and' operation ('or_cond', buf4bug1.cpp:403) [55]  (0 ns)
	'xor' operation ('or_cond_not', buf4bug1.cpp:403) [56]  (0 ns)
	'or' operation ('brmerge1', buf4bug1.cpp:403) [57]  (0.942 ns)
	multiplexor before 'phi' operation ('state_qed_done_V_fla') [82]  (1.66 ns)

 <State 3>: 4.57ns
The critical path consists of the following:
	'load' operation ('val', buf4bug1.cpp:406) on array 'bmc_in' [67]  (2.15 ns)
	'icmp' operation ('tmp_1', buf4bug1.cpp:408) [75]  (1.48 ns)
	'and' operation ('val', buf4bug1.cpp:408) [78]  (0.942 ns)

 <State 4>: 0.942ns
The critical path consists of the following:
	'phi' operation ('state_qed_done_V_fla') [82]  (0 ns)
	'or' operation ('p_state_qed_done_V_fl', buf4bug1.cpp:410) [85]  (0.942 ns)


============================================================
+ Verbose Summary: Binding
============================================================
N/A
* FSMD analyzer results:
  - Output states:
 - Input state : 
  - Chain level:
	State 1
	State 2
	State 3
	State 4


============================================================
+ Verbose Summary: Datapath Resource usage 
============================================================
N/A
