

================================================================
== Vivado HLS Report for 'workload'
================================================================
* Date:           Fri Apr 10 23:55:32 2020

* Version:        2018.2 (Build 2258646 on Thu Jun 14 20:25:20 MDT 2018)
* Project:        aes_bug2
* Solution:       solution1
* Product family: aartix7
* Target device:  xa7a12tcsg325-1q


================================================================
== Performance Estimates
================================================================
+ Timing (ns): 
    * Summary: 
    +--------+--------+----------+------------+
    |  Clock | Target | Estimated| Uncertainty|
    +--------+--------+----------+------------+
    |ap_clk  |  100.00|     9.254|       12.50|
    +--------+--------+----------+------------+

+ Latency (clock cycles): 
    * Summary: 
    +-----+-----+-----+-----+---------+
    |  Latency  |  Interval | Pipeline|
    | min | max | min | max |   Type  |
    +-----+-----+-----+-----+---------+
    |  105|  105|  105|  105|   none  |
    +-----+-----+-----+-----+---------+

    + Detail: 
        * Instance: 
        +-------------------------------+--------------------+-----+-----+-----+-----+---------+
        |                               |                    |  Latency  |  Interval | Pipeline|
        |            Instance           |       Module       | min | max | min | max |   Type  |
        +-------------------------------+--------------------+-----+-----+-----+-----+---------+
        |grp_aes256_encrypt_ecb_fu_258  |aes256_encrypt_ecb  |   46|   46|   46|   46|   none  |
        |grp_aes256_encrypt_ecb_fu_269  |aes256_encrypt_ecb  |   46|   46|   46|   46|   none  |
        +-------------------------------+--------------------+-----+-----+-----+-----+---------+

        * Loop: 
        +-----------------+-----+-----+----------+-----------+-----------+------+----------+
        |                 |  Latency  | Iteration|  Initiation Interval  | Trip |          |
        |    Loop Name    | min | max |  Latency |  achieved |   target  | Count| Pipelined|
        +-----------------+-----+-----+----------+-----------+-----------+------+----------+
        |- Loop 1         |   32|   32|         2|          1|          1|    32|    yes   |
        |- major_loop     |   70|   70|        70|          -|          -|     1|    no    |
        | + reshape1      |   12|   12|         6|          -|          -|     2|    no    |
        |  ++ reshape1.1  |    4|    4|         2|          -|          -|     2|    no    |
        | + reshape2      |    8|    8|         4|          -|          -|     2|    no    |
        |  ++ reshape2.1  |    2|    2|         1|          -|          -|     2|    no    |
        +-----------------+-----+-----+----------+-----------+-----------+------+----------+



================================================================
== Utilization Estimates
================================================================
* Summary: 
+-----------------+---------+-------+-------+------+
|       Name      | BRAM_18K| DSP48E|   FF  |  LUT |
+-----------------+---------+-------+-------+------+
|DSP              |        -|      -|      -|     -|
|Expression       |        -|      -|      0|   170|
|FIFO             |        -|      -|      -|     -|
|Instance         |        4|      -|    246|  1052|
|Memory           |        0|      -|     32|     8|
|Multiplexer      |        -|      -|      -|   221|
|Register         |        -|      -|    125|     -|
+-----------------+---------+-------+-------+------+
|Total            |        4|      0|    403|  1451|
+-----------------+---------+-------+-------+------+
|Available        |       40|     40|  16000|  8000|
+-----------------+---------+-------+-------+------+
|Utilization (%)  |       10|      0|      2|    18|
+-----------------+---------+-------+-------+------+

+ Detail: 
    * Instance: 
    +-------------------------------+--------------------+---------+-------+-----+-----+
    |            Instance           |       Module       | BRAM_18K| DSP48E|  FF | LUT |
    +-------------------------------+--------------------+---------+-------+-----+-----+
    |grp_aes256_encrypt_ecb_fu_258  |aes256_encrypt_ecb  |        2|      0|  123|  526|
    |grp_aes256_encrypt_ecb_fu_269  |aes256_encrypt_ecb  |        2|      0|  123|  526|
    +-------------------------------+--------------------+---------+-------+-----+-----+
    |Total                          |                    |        4|      0|  246| 1052|
    +-------------------------------+--------------------+---------+-------+-----+-----+

    * DSP48: 
    N/A

    * Memory: 
    +---------------+----------------------+---------+----+----+------+-----+------+-------------+
    |     Memory    |        Module        | BRAM_18K| FF | LUT| Words| Bits| Banks| W*Bits*Banks|
    +---------------+----------------------+---------+----+----+------+-----+------+-------------+
    |local_key_0_U  |workload_local_keeOg  |        0|  16|   4|    32|    8|     1|          256|
    |local_key_1_U  |workload_local_kefYi  |        0|  16|   4|    32|    8|     1|          256|
    +---------------+----------------------+---------+----+----+------+-----+------+-------------+
    |Total          |                      |        0|  32|   8|    64|   16|     2|          512|
    +---------------+----------------------+---------+----+----+------+-----+------+-------------+

    * FIFO: 
    N/A

    * Expression: 
    +---------------------------------+----------+-------+---+----+------------+------------+
    |          Variable Name          | Operation| DSP48E| FF| LUT| Bitwidth P0| Bitwidth P1|
    +---------------------------------+----------+-------+---+----+------------+------------+
    |j_2_fu_284_p2                    |     +    |      0|  0|  15|           6|           1|
    |j_4_fu_301_p2                    |     +    |      0|  0|  10|           2|           1|
    |j_5_fu_393_p2                    |     +    |      0|  0|  10|           2|           1|
    |k_2_fu_327_p2                    |     +    |      0|  0|  10|           2|           1|
    |k_3_fu_411_p2                    |     +    |      0|  0|  10|           2|           1|
    |tmp7_fu_333_p2                   |     +    |      0|  0|  10|           2|           2|
    |tmp8_fu_428_p2                   |     +    |      0|  0|  10|           2|           2|
    |exitcond2_fu_278_p2              |   icmp   |      0|  0|  11|           6|           7|
    |exitcond3_fu_295_p2              |   icmp   |      0|  0|   9|           2|           3|
    |exitcond5_fu_321_p2              |   icmp   |      0|  0|   9|           2|           3|
    |exitcond6_fu_387_p2              |   icmp   |      0|  0|   9|           2|           3|
    |exitcond_fu_405_p2               |   icmp   |      0|  0|   9|           2|           3|
    |ap_block_state9_on_subcall_done  |    or    |      0|  0|   8|           1|           1|
    |buf_1_1_2_fu_347_p3              |  select  |      0|  0|   8|           1|           8|
    |buf_1_1_3_fu_354_p3              |  select  |      0|  0|   8|           1|           8|
    |data_d0                          |  select  |      0|  0|   8|           1|           8|
    |ap_enable_pp0                    |    xor   |      0|  0|   8|           1|           2|
    |ap_enable_reg_pp0_iter1          |    xor   |      0|  0|   8|           2|           1|
    +---------------------------------+----------+-------+---+----+------------+------------+
    |Total                            |          |      0|  0| 170|          39|          56|
    +---------------------------------+----------+-------+---+----+------------+------------+

    * Multiplexer: 
    +-------------------------+----+-----------+-----+-----------+
    |           Name          | LUT| Input Size| Bits| Total Bits|
    +-------------------------+----+-----------+-----+-----------+
    |ap_NS_fsm                |  50|         11|    1|         11|
    |ap_enable_reg_pp0_iter1  |  15|          3|    1|          3|
    |buf_0_0_1_reg_179        |   9|          2|    8|         16|
    |buf_0_0_2_reg_213        |   9|          2|    8|         16|
    |buf_0_1_1_reg_168        |   9|          2|    8|         16|
    |buf_0_1_2_reg_201        |   9|          2|    8|         16|
    |data_address0            |  15|          3|    4|         12|
    |j_1_reg_190              |   9|          2|    2|          4|
    |j_3_reg_236              |   9|          2|    2|          4|
    |j_reg_120                |   9|          2|    6|         12|
    |k_1_reg_247              |   9|          2|    2|          4|
    |k_reg_225                |   9|          2|    2|          4|
    |local_key_0_address0     |  15|          3|    5|         15|
    |local_key_0_ce0          |  15|          3|    1|          3|
    |local_key_1_address0     |  15|          3|    5|         15|
    |local_key_1_ce0          |  15|          3|    1|          3|
    +-------------------------+----+-----------+-----+-----------+
    |Total                    | 221|         47|   64|        154|
    +-------------------------+----+-----------+-----+-----------+

    * Register: 
    +--------------------------------------------+----+----+-----+-----------+
    |                    Name                    | FF | LUT| Bits| Const Bits|
    +--------------------------------------------+----+----+-----+-----------+
    |ap_CS_fsm                                   |  10|   0|   10|          0|
    |ap_enable_reg_pp0_iter0                     |   1|   0|    1|          0|
    |ap_enable_reg_pp0_iter1                     |   1|   0|    1|          0|
    |buf_0_0_1_reg_179                           |   8|   0|    8|          0|
    |buf_0_0_2_reg_213                           |   8|   0|    8|          0|
    |buf_0_0_3_reg_521                           |   8|   0|    8|          0|
    |buf_0_0_reg_143                             |   8|   0|    8|          0|
    |buf_0_1_1_reg_168                           |   8|   0|    8|          0|
    |buf_0_1_2_reg_201                           |   8|   0|    8|          0|
    |buf_0_1_3_reg_527                           |   8|   0|    8|          0|
    |buf_0_1_reg_131                             |   8|   0|    8|          0|
    |buf_1_0_fu_66                               |   8|   0|    8|          0|
    |buf_1_1_fu_70                               |   8|   0|    8|          0|
    |exitcond2_reg_438                           |   1|   0|    1|          0|
    |grp_aes256_encrypt_ecb_fu_258_ap_start_reg  |   1|   0|    1|          0|
    |grp_aes256_encrypt_ecb_fu_269_ap_start_reg  |   1|   0|    1|          0|
    |i_2_reg_155                                 |   1|   0|    1|          0|
    |j_1_reg_190                                 |   2|   0|    2|          0|
    |j_3_reg_236                                 |   2|   0|    2|          0|
    |j_4_reg_472                                 |   2|   0|    2|          0|
    |j_5_reg_536                                 |   2|   0|    2|          0|
    |j_reg_120                                   |   6|   0|    6|          0|
    |k_1_reg_247                                 |   2|   0|    2|          0|
    |k_2_reg_495                                 |   2|   0|    2|          0|
    |k_reg_225                                   |   2|   0|    2|          0|
    |tmp_1_reg_477                               |   1|   0|    2|          1|
    |tmp_4_reg_541                               |   1|   0|    2|          1|
    |tmp_5_reg_505                               |   1|   0|    1|          0|
    |tmp_7_reg_447                               |   6|   0|   64|         58|
    +--------------------------------------------+----+----+-----+-----------+
    |Total                                       | 125|   0|  185|         60|
    +--------------------------------------------+----+----+-----+-----------+



================================================================
== Interface
================================================================
* Summary: 
+---------------+-----+-----+------------+--------------+--------------+
|   RTL Ports   | Dir | Bits|  Protocol  | Source Object|    C Type    |
+---------------+-----+-----+------------+--------------+--------------+
|ap_clk         |  in |    1| ap_ctrl_hs |   workload   | return value |
|ap_rst         |  in |    1| ap_ctrl_hs |   workload   | return value |
|ap_start       |  in |    1| ap_ctrl_hs |   workload   | return value |
|ap_done        | out |    1| ap_ctrl_hs |   workload   | return value |
|ap_idle        | out |    1| ap_ctrl_hs |   workload   | return value |
|ap_ready       | out |    1| ap_ctrl_hs |   workload   | return value |
|data_address0  | out |    4|  ap_memory |     data     |     array    |
|data_ce0       | out |    1|  ap_memory |     data     |     array    |
|data_we0       | out |    1|  ap_memory |     data     |     array    |
|data_d0        | out |    8|  ap_memory |     data     |     array    |
|data_q0        |  in |    8|  ap_memory |     data     |     array    |
+---------------+-----+-----+------------+--------------+--------------+

