

================================================================
== Vivado HLS Report for 'aqed_out'
================================================================
* Date:           Thu Apr 16 21:27:08 2020

* Version:        2018.2 (Build 2258646 on Thu Jun 14 20:25:20 MDT 2018)
* Project:        gsm_new_2
* Solution:       solution1
* Product family: aartix7
* Target device:  xa7a12tcsg325-1q


================================================================
== Performance Estimates
================================================================
+ Timing (ns): 
    * Summary: 
    +--------+--------+----------+------------+
    |  Clock | Target | Estimated| Uncertainty|
    +--------+--------+----------+------------+
    |ap_clk  |  100.00|     5.474|       12.50|
    +--------+--------+----------+------------+

+ Latency (clock cycles): 
    * Summary: 
    +-----+-----+-----+-----+---------+
    |  Latency  |  Interval | Pipeline|
    | min | max | min | max |   Type  |
    +-----+-----+-----+-----+---------+
    |    2|    5|    2|    5|   none  |
    +-----+-----+-----+-----+---------+

    + Detail: 
        * Instance: 
        N/A

        * Loop: 
        N/A



================================================================
== Utilization Estimates
================================================================
* Summary: 
+-----------------+---------+-------+-------+------+
|       Name      | BRAM_18K| DSP48E|   FF  |  LUT |
+-----------------+---------+-------+-------+------+
|DSP              |        -|      -|      -|     -|
|Expression       |        -|      -|      0|   286|
|FIFO             |        -|      -|      -|     -|
|Instance         |        -|      -|      -|     -|
|Memory           |        -|      -|      -|     -|
|Multiplexer      |        -|      -|      -|   134|
|Register         |        -|      -|    118|     -|
+-----------------+---------+-------+-------+------+
|Total            |        0|      0|    118|   420|
+-----------------+---------+-------+-------+------+
|Available        |       40|     40|  16000|  8000|
+-----------------+---------+-------+-------+------+
|Utilization (%)  |        0|      0|   ~0  |     5|
+-----------------+---------+-------+-------+------+

+ Detail: 
    * Instance: 
    N/A

    * DSP48: 
    N/A

    * Memory: 
    N/A

    * FIFO: 
    N/A

    * Expression: 
    +---------------------------------+----------+-------+---+----+------------+------------+
    |          Variable Name          | Operation| DSP48E| FF| LUT| Bitwidth P0| Bitwidth P1|
    +---------------------------------+----------+-------+---+----+------------+------------+
    |mem_index_gep1_fu_293_p2         |     +    |      0|  0|  13|           4|           1|
    |mem_index_gep2_fu_320_p2         |     +    |      0|  0|  13|           4|           2|
    |mem_index_gep3_fu_346_p2         |     +    |      0|  0|  13|           4|           2|
    |sum2_fu_260_p2                   |     +    |      0|  0|  12|           3|           2|
    |sum4_fu_270_p2                   |     +    |      0|  0|  12|           3|           2|
    |sum_fu_249_p2                    |     +    |      0|  0|  12|           3|           1|
    |tmp_3_fu_418_p2                  |     +    |      0|  0|  23|          16|           1|
    |or_cond_fu_231_p2                |    and   |      0|  0|   8|           1|           1|
    |tmp1_fu_392_p2                   |    and   |      0|  0|   8|           1|           1|
    |tmp2_fu_396_p2                   |    and   |      0|  0|   8|           1|           1|
    |tmp_1_fu_402_p2                  |    and   |      0|  0|   8|           1|           1|
    |tmp_2_fu_414_p2                  |   icmp   |      0|  0|  13|          16|          16|
    |tmp_5_fu_225_p2                  |   icmp   |      0|  0|  13|          16|          16|
    |tmp_6_fu_372_p2                  |   icmp   |      0|  0|  13|          16|          16|
    |tmp_7_fu_377_p2                  |   icmp   |      0|  0|  13|          16|          16|
    |tmp_8_fu_382_p2                  |   icmp   |      0|  0|  13|          16|          16|
    |tmp_9_fu_387_p2                  |   icmp   |      0|  0|  13|          16|          16|
    |tmp_s_fu_201_p2                  |   icmp   |      0|  0|  13|          16|          16|
    |ult_fu_183_p2                    |   icmp   |      0|  0|  13|          16|          16|
    |brmerge_fu_243_p2                |    or    |      0|  0|   8|           1|           1|
    |o2_qed_done_fu_434_p2            |    or    |      0|  0|   8|           1|           1|
    |p_state_qed_done_flag_fu_429_p2  |    or    |      0|  0|   8|           1|           1|
    |gepindex1_fu_333_p3              |  select  |      0|  0|   4|           1|           3|
    |gepindex2_fu_359_p3              |  select  |      0|  0|   4|           1|           3|
    |gepindex_fu_307_p3               |  select  |      0|  0|   4|           1|           3|
    |or_cond_not_fu_237_p2            |    xor   |      0|  0|   8|           1|           2|
    |rev_fu_189_p2                    |    xor   |      0|  0|   8|           1|           2|
    +---------------------------------+----------+-------+---+----+------------+------------+
    |Total                            |          |      0|  0| 286|         177|         159|
    +---------------------------------+----------+-------+---+----+------------+------------+

    * Multiplexer: 
    +----------------------------+----+-----------+-----+-----------+
    |            Name            | LUT| Input Size| Bits| Total Bits|
    +----------------------------+----+-----------+-----+-----------+
    |ap_NS_fsm                   |  38|          7|    1|          7|
    |ap_return_0                 |   9|          2|    1|          2|
    |ap_return_1                 |   9|          2|    1|          2|
    |bmc_in_address0             |  27|          5|    3|         15|
    |bmc_in_address1             |  27|          5|    3|         15|
    |state_orig_done             |  15|          3|    1|          3|
    |state_qed_done_loc_reg_147  |   9|          2|    1|          2|
    +----------------------------+----+-----------+-----+-----------+
    |Total                       | 134|         26|   11|         46|
    +----------------------------+----+-----------+-----+-----------+

    * Register: 
    +------------------------------+----+----+-----+-----------+
    |             Name             | FF | LUT| Bits| Const Bits|
    +------------------------------+----+----+-----+-----------+
    |ap_CS_fsm                     |   6|   0|    6|          0|
    |ap_return_0_preg              |   1|   0|    1|          0|
    |ap_return_1_preg              |   1|   0|    1|          0|
    |bmc_in_load_1_reg_510         |  16|   0|   16|          0|
    |bmc_in_load_2_reg_541         |  16|   0|   16|          0|
    |bmc_in_load_3_reg_546         |  16|   0|   16|          0|
    |bmc_in_load_reg_505           |  16|   0|   16|          0|
    |brmerge_reg_496               |   1|   0|    1|          0|
    |load_index_cast_reg_525       |   3|   0|    4|          1|
    |state_acc_out1_index          |   3|   0|    3|          0|
    |state_out_count               |  16|   0|   16|          0|
    |state_out_count_load_reg_476  |  16|   0|   16|          0|
    |state_qed_check               |   1|   0|    1|          0|
    |state_qed_done                |   1|   0|    1|          0|
    |state_qed_done_flag_reg_131   |   1|   0|    1|          0|
    |state_qed_done_loc_reg_147    |   1|   0|    1|          0|
    |tmp_2_reg_571                 |   1|   0|    1|          0|
    |tmp_6_reg_561                 |   1|   0|    1|          0|
    |tmp_7_reg_566                 |   1|   0|    1|          0|
    +------------------------------+----+----+-----+-----------+
    |Total                         | 118|   0|  119|          1|
    +------------------------------+----+----+-----+-----------+



================================================================
== Interface
================================================================
* Summary: 
+------------------------+-----+-----+------------+-------------------+--------------+
|        RTL Ports       | Dir | Bits|  Protocol  |   Source Object   |    C Type    |
+------------------------+-----+-----+------------+-------------------+--------------+
|ap_clk                  |  in |    1| ap_ctrl_hs |      aqed_out     | return value |
|ap_rst                  |  in |    1| ap_ctrl_hs |      aqed_out     | return value |
|ap_start                |  in |    1| ap_ctrl_hs |      aqed_out     | return value |
|ap_done                 | out |    1| ap_ctrl_hs |      aqed_out     | return value |
|ap_idle                 | out |    1| ap_ctrl_hs |      aqed_out     | return value |
|ap_ready                | out |    1| ap_ctrl_hs |      aqed_out     | return value |
|ap_return_0             | out |    1| ap_ctrl_hs |      aqed_out     | return value |
|ap_return_1             | out |    1| ap_ctrl_hs |      aqed_out     | return value |
|acc_out_offset          |  in |    3|   ap_none  |   acc_out_offset  |    scalar    |
|state_orig_issued       |  in |    1|   ap_none  | state_orig_issued |    pointer   |
|state_orig_in           |  in |   16|   ap_none  |   state_orig_in   |    pointer   |
|state_orig_done         | out |    1|   ap_vld   |  state_orig_done  |    pointer   |
|state_orig_done_ap_vld  | out |    1|   ap_vld   |  state_orig_done  |    pointer   |
|state_dup_in            |  in |   16|   ap_none  |    state_dup_in   |    pointer   |
|state_dup_issued        |  in |    1|   ap_none  |  state_dup_issued |    pointer   |
|bmc_in_address0         | out |    3|  ap_memory |       bmc_in      |     array    |
|bmc_in_ce0              | out |    1|  ap_memory |       bmc_in      |     array    |
|bmc_in_q0               |  in |   16|  ap_memory |       bmc_in      |     array    |
|bmc_in_address1         | out |    3|  ap_memory |       bmc_in      |     array    |
|bmc_in_ce1              | out |    1|  ap_memory |       bmc_in      |     array    |
|bmc_in_q1               |  in |   16|  ap_memory |       bmc_in      |     array    |
+------------------------+-----+-----+------------+-------------------+--------------+

