

================================================================
== Vivado HLS Report for 'compute1'
================================================================
* Date:           Tue Apr 14 07:35:05 2020

* Version:        2017.1 (Build 1846317 on Thu Jun 22 18:17:09 MDT 2017)
* Project:        dataflow_stalls_kernel
* Solution:       solution_OCL_REGION_0
* Product family: virtex7
* Target device:  xc7vx690tffg1157-2


================================================================
== Performance Estimates
================================================================
+ Timing (ns): 
    * Summary: 
    +--------+-------+----------+------------+
    |  Clock | Target| Estimated| Uncertainty|
    +--------+-------+----------+------------+
    |ap_clk  |   5.00|      2.30|        1.35|
    +--------+-------+----------+------------+

+ Latency (clock cycles): 
    * Summary: 
    +-----+-----+-----+-----+---------+
    |  Latency  |  Interval | Pipeline|
    | min | max | min | max |   Type  |
    +-----+-----+-----+-----+---------+
    |    ?|    ?|    ?|    ?|   none  |
    +-----+-----+-----+-----+---------+

    + Detail: 
        * Instance: 
        N/A

        * Loop: 
        +------------------+-----+-----+----------+-----------+-----------+------+----------+
        |                  |  Latency  | Iteration|  Initiation Interval  | Trip |          |
        |     Loop Name    | min | max |  Latency |  achieved |   target  | Count| Pipelined|
        +------------------+-----+-----+----------+-----------+-----------+------+----------+
        |- compute1_epoch  |    ?|    ?|         2|          1|          1|     ?|    yes   |
        +------------------+-----+-----+----------+-----------+-----------+------+----------+

============================================================
+ Verbose Summary: Synthesis Manager
============================================================
InlineROM: 1
ExposeGlobal: 0
============================================================
+ Verbose Summary: CDFG Model
============================================================
IsTopModel: 0
ResetActiveHigh: 1
IsCombinational: 2
IsDatapathOnly: 0
HasWiredReturn: 1
HasMFsm: 0
HasVarLatency: 1
IsPipeline: 0
IsRtlPipelined: 0
IsInstanceOverlapped: 0
IsDontTouch: 0
HasImplIP: 0
IsGatedGlobalClock: 0

+ Individual pipeline summary: 
  * Pipeline-0: initiation interval (II) = 1, depth = 2


============================================================
+ Verbose Summary: Schedule
============================================================
* Number of FSM states: 4
* Pipeline: 1
  Pipeline-0: II = 1, D = 2, States = { 2 3 }
* Dataflow Pipeline: 0

* FSM state transitions: 
1 --> 
	2  / true
2 --> 
	4  / (exitcond_i)
	3  / (!exitcond_i)
3 --> 
	2  / true
4 --> 
* FSM state operations: 

 <State 1>: 2.30ns
ST_1: StgValue_5 (5)  [1/1] 0.00ns
entry:0  call void (...)* @_ssdm_op_SpecInterface(i64* %to_V, [8 x i8]* @ap_fifo_str, i32 0, i32 0, [1 x i8]* @p_str35, i32 0, i32 0, [1 x i8]* @p_str36, [1 x i8]* @p_str37, [1 x i8]* @p_str38, i32 2, i32 2, i32 16, i32 16, [1 x i8]* @p_str39, [1 x i8]* @p_str40)

ST_1: StgValue_6 (6)  [1/1] 0.00ns
entry:1  call void (...)* @_ssdm_op_SpecInterface(i64* %from_V, [8 x i8]* @ap_fifo_str, i32 0, i32 0, [1 x i8]* @p_str21, i32 0, i32 0, [1 x i8]* @p_str22, [1 x i8]* @p_str23, [1 x i8]* @p_str24, i32 2, i32 2, i32 16, i32 16, [1 x i8]* @p_str25, [1 x i8]* @p_str26)

ST_1: StgValue_7 (7)  [1/1] 0.00ns
entry:2  call void (...)* @_ssdm_op_SpecInterface(i32* %data_count, [8 x i8]* @ap_fifo_str, i32 0, i32 0, [1 x i8]* @p_str103, i32 0, i32 0, [1 x i8]* @p_str104, [1 x i8]* @p_str105, [1 x i8]* @p_str106, i32 2, i32 2, i32 16, i32 16, [1 x i8]* @p_str107, [1 x i8]* @p_str108)

ST_1: data_count_read (8)  [1/1] 1.15ns
entry:3  %data_count_read = call i32 @_ssdm_op_Read.ap_fifo.i32P(i32* %data_count)

ST_1: StgValue_9 (9)  [1/1] 0.00ns
entry:4  call void (...)* @_ssdm_op_SpecInterface(i32* %data_count_out, [8 x i8]* @ap_fifo_str, i32 0, i32 0, [1 x i8]* @p_str109, i32 0, i32 0, [1 x i8]* @p_str110, [1 x i8]* @p_str111, [1 x i8]* @p_str112, i32 2, i32 2, i32 16, i32 16, [1 x i8]* @p_str113, [1 x i8]* @p_str114)

ST_1: StgValue_10 (10)  [1/1] 1.15ns
entry:5  call void @_ssdm_op_Write.ap_fifo.i32P(i32* %data_count_out, i32 %data_count_read)

ST_1: StgValue_11 (11)  [1/1] 0.85ns  loc: /rsgs/pool0/esingh/aqed4saranyu/results/dataflow/dataflow-stalls_ab/src/dataflow_stalls_kernel.cpp:59
entry:6  br label %0


 <State 2>: 1.51ns
ST_2: i_i (13)  [1/1] 0.00ns
:0  %i_i = phi i32 [ 0, %entry ], [ %i, %1 ]

ST_2: exitcond_i (14)  [1/1] 1.26ns  loc: /rsgs/pool0/esingh/aqed4saranyu/results/dataflow/dataflow-stalls_ab/src/dataflow_stalls_kernel.cpp:59
:1  %exitcond_i = icmp eq i32 %i_i, %data_count_read

ST_2: i (15)  [1/1] 1.51ns  loc: /rsgs/pool0/esingh/aqed4saranyu/results/dataflow/dataflow-stalls_ab/src/dataflow_stalls_kernel.cpp:64
:2  %i = add i32 %i_i, 1

ST_2: StgValue_15 (16)  [1/1] 0.00ns  loc: /rsgs/pool0/esingh/aqed4saranyu/results/dataflow/dataflow-stalls_ab/src/dataflow_stalls_kernel.cpp:59
:3  br i1 %exitcond_i, label %.exit, label %1


 <State 3>: 2.30ns
ST_3: StgValue_16 (18)  [1/1] 0.00ns  loc: /rsgs/pool0/esingh/aqed4saranyu/results/dataflow/dataflow-stalls_ab/src/dataflow_stalls_kernel.cpp:59
:0  call void (...)* @_ssdm_op_SpecLoopName([15 x i8]* @p_str4) nounwind

ST_3: tmp_15_i (19)  [1/1] 0.00ns  loc: /rsgs/pool0/esingh/aqed4saranyu/results/dataflow/dataflow-stalls_ab/src/dataflow_stalls_kernel.cpp:59
:1  %tmp_15_i = call i32 (...)* @_ssdm_op_SpecRegionBegin([15 x i8]* @p_str4)

ST_3: StgValue_18 (20)  [1/1] 0.00ns  loc: /rsgs/pool0/esingh/aqed4saranyu/results/dataflow/dataflow-stalls_ab/src/dataflow_stalls_kernel.cpp:60
:2  call void (...)* @_ssdm_op_SpecPipeline(i32 -1, i32 1, i32 1, i32 0, [1 x i8]* @p_str1) nounwind

ST_3: tmp (21)  [1/1] 1.15ns  loc: /rsgs/pool0/esingh/aqed4saranyu/results/dataflow/dataflow-stalls_ab/src/dataflow_stalls_kernel.cpp:62
:3  %tmp = call i64 @_ssdm_op_Read.ap_fifo.volatile.i64P(i64* %from_V)

ST_3: tmp_4 (22)  [1/1] 0.00ns  loc: /rsgs/pool0/esingh/aqed4saranyu/results/dataflow/dataflow-stalls_ab/src/dataflow_stalls_kernel.cpp:63
:4  %tmp_4 = shl i64 %tmp, 1

ST_3: StgValue_21 (23)  [1/1] 1.15ns  loc: /rsgs/pool0/esingh/aqed4saranyu/results/dataflow/dataflow-stalls_ab/src/dataflow_stalls_kernel.cpp:63
:5  call void @_ssdm_op_Write.ap_fifo.volatile.i64P(i64* %to_V, i64 %tmp_4)

ST_3: empty (24)  [1/1] 0.00ns  loc: /rsgs/pool0/esingh/aqed4saranyu/results/dataflow/dataflow-stalls_ab/src/dataflow_stalls_kernel.cpp:66
:6  %empty = call i32 (...)* @_ssdm_op_SpecRegionEnd([15 x i8]* @p_str4, i32 %tmp_15_i)

ST_3: StgValue_23 (25)  [1/1] 0.00ns  loc: /rsgs/pool0/esingh/aqed4saranyu/results/dataflow/dataflow-stalls_ab/src/dataflow_stalls_kernel.cpp:66
:7  br label %0


 <State 4>: 0.00ns
ST_4: StgValue_24 (27)  [1/1] 0.00ns
.exit:0  ret void



============================================================
+ Verbose Summary: Timing violations
============================================================
Target clock period: 5ns, clock uncertainty: 1.35ns.

 <State 1>: 2.3ns
The critical path consists of the following:
	fifo read on port 'data_count' [8]  (1.15 ns)
	fifo write on port 'data_count_out' [10]  (1.15 ns)

 <State 2>: 1.51ns
The critical path consists of the following:
	'phi' operation ('i') with incoming values : ('i', /rsgs/pool0/esingh/aqed4saranyu/results/dataflow/dataflow-stalls_ab/src/dataflow_stalls_kernel.cpp:64) [13]  (0 ns)
	'add' operation ('i', /rsgs/pool0/esingh/aqed4saranyu/results/dataflow/dataflow-stalls_ab/src/dataflow_stalls_kernel.cpp:64) [15]  (1.51 ns)

 <State 3>: 2.3ns
The critical path consists of the following:
	fifo read on port 'from_V' (/rsgs/pool0/esingh/aqed4saranyu/results/dataflow/dataflow-stalls_ab/src/dataflow_stalls_kernel.cpp:62) [21]  (1.15 ns)
	'shl' operation ('tmp', /rsgs/pool0/esingh/aqed4saranyu/results/dataflow/dataflow-stalls_ab/src/dataflow_stalls_kernel.cpp:63) [22]  (0 ns)
	fifo write on port 'to_V' (/rsgs/pool0/esingh/aqed4saranyu/results/dataflow/dataflow-stalls_ab/src/dataflow_stalls_kernel.cpp:63) [23]  (1.15 ns)

 <State 4>: 0ns
The critical path consists of the following:


============================================================
+ Verbose Summary: Binding
============================================================
N/A
* FSMD analyzer results:
  - Output states:
 - Input state : 
  - Chain level:
	State 1
	State 2
	State 3
	State 4


============================================================
+ Verbose Summary: Datapath Resource usage 
============================================================
N/A
