2020-04-08 16:45:38.876300 (4501) main____ INFO    ----------------------------------------
2020-04-08 16:45:38.876485 (4501) main____ INFO    JasperGold version info
2020-04-08 16:45:38.876515 (4501) main____ INFO      tool      : JasperGold 2016.09
2020-04-08 16:45:38.876536 (4501) main____ INFO      version   : 2016.09p002 64 bits
2020-04-08 16:45:38.876549 (4501) main____ INFO      build date: 2016.11.28 18:08:37 PST
2020-04-08 16:45:38.876560 (4501) main____ INFO    ----------------------------------------
2020-04-08 16:45:38.876569 (4501) main____ INFO    Runtime info:
2020-04-08 16:45:38.876582 (4501) main____ INFO      platform  : Linux 3.10.0-957.21.3.el7.x86_64 x86_64
2020-04-08 16:45:38.876598 (4501) main____ INFO      hostname  : rsg20.stanford.edu
2020-04-08 16:45:38.876609 (4501) main____ INFO      pid       : 4501
2020-04-08 16:45:38.876620 (4501) main____ INFO      arguments : '-style' 'windows' '-tcl' 'jasper.tcl'
2020-04-08 16:45:38.876629 (4501) main____ INFO    ----------------------------------------
2020-04-08 16:45:38.887200 (4501) lic__man INFO    Claim 'main' for <ui>.
2020-04-08 16:45:38.892656 (4501) lic_core INFO    (1) checking out 'jasper_interactive' ...
2020-04-08 16:45:38.915428 (4501) lic_core INFO    ... (1) checkout succeeded
2020-04-08 16:45:38.915555 (4501) lic__man INFO    Claim 'fpv' for <ui>.
2020-04-08 16:45:38.915605 (4501) lic_core INFO    (2) checking out 'jasper_fpv' ...
2020-04-08 16:45:38.935588 (4501) lic_core INFO    ... (2) checkout succeeded
2020-04-08 16:45:39.586841 (4501) lic__man INFO    Claim 'fpv' for <ui>.
2020-04-08 16:45:39.647892 (4501) lic__man INFO    Unclaim 'fpv' for <ui>.
2020-04-08 16:45:39.647942 (4501) lic__man INFO    Claim 'fpv' for <ui>.
2020-04-08 16:45:39.674276 (4501) session_ INFO    Starting analysis session with session id 'session_0' ...
2020-04-08 16:45:39.677485 (4501) session_ INFO    Analysis session with session id 'session_0' started (pid: 4515)
2020-04-08 16:45:44.672779 (4501) session_ INFO    Analysis session 'session_0' connected to the console (host: 172.24.74.47:58254)
2020-04-08 16:45:46.826641 (4501) lic__man INFO    Unclaim everything for 'session_0*'.
2020-04-08 16:45:47.020351 (4501) lic__man INFO    Claim 'fpv' for 'session_0'.
2020-04-08 16:45:50.413660 (4501) lic__man INFO    Unclaim everything for 'session_0/prove-0'.
2020-04-08 16:45:59.593545 (4501) main____ INFO    About to exit: requested from GUI
2020-04-08 16:45:59.748540 (4501) main____ INFO    Exiting.
