2020-04-11 21:40:36.212625 (28050) main____ INFO    ----------------------------------------
2020-04-11 21:40:36.212813 (28050) main____ INFO    JasperGold version info
2020-04-11 21:40:36.212841 (28050) main____ INFO      tool      : JasperGold 2016.09
2020-04-11 21:40:36.212861 (28050) main____ INFO      version   : 2016.09p002 64 bits
2020-04-11 21:40:36.212875 (28050) main____ INFO      build date: 2016.11.28 18:08:37 PST
2020-04-11 21:40:36.212884 (28050) main____ INFO    ----------------------------------------
2020-04-11 21:40:36.212893 (28050) main____ INFO    Runtime info:
2020-04-11 21:40:36.212905 (28050) main____ INFO      platform  : Linux 3.10.0-957.21.3.el7.x86_64 x86_64
2020-04-11 21:40:36.212920 (28050) main____ INFO      hostname  : rsg20.stanford.edu
2020-04-11 21:40:36.212931 (28050) main____ INFO      pid       : 28050
2020-04-11 21:40:36.212941 (28050) main____ INFO      arguments : '-style' 'windows' '-tcl' 'jasper.tcl'
2020-04-11 21:40:36.212951 (28050) main____ INFO    ----------------------------------------
2020-04-11 21:40:36.215020 (28050) lic__man INFO    Claim 'main' for <ui>.
2020-04-11 21:40:36.221329 (28050) lic_core INFO    (1) checking out 'jasper_interactive' ...
2020-04-11 21:40:36.246794 (28050) lic_core INFO    ... (1) checkout succeeded
2020-04-11 21:40:36.246900 (28050) lic__man INFO    Claim 'fpv' for <ui>.
2020-04-11 21:40:36.246949 (28050) lic_core INFO    (2) checking out 'jasper_fpv' ...
2020-04-11 21:40:36.323979 (28050) lic_core INFO    ... (2) checkout succeeded
2020-04-11 21:40:37.084255 (28050) lic__man INFO    Claim 'fpv' for <ui>.
2020-04-11 21:40:37.139349 (28050) lic__man INFO    Unclaim 'fpv' for <ui>.
2020-04-11 21:40:37.139386 (28050) lic__man INFO    Claim 'fpv' for <ui>.
2020-04-11 21:40:37.156744 (28050) session_ INFO    Starting analysis session with session id 'session_0' ...
2020-04-11 21:40:37.158926 (28050) session_ INFO    Analysis session with session id 'session_0' started (pid: 28067)
2020-04-11 21:40:42.463533 (28050) session_ INFO    Analysis session 'session_0' connected to the console (host: 172.24.74.47:56846)
2020-04-11 21:40:44.516112 (28050) lic__man INFO    Unclaim everything for 'session_0*'.
2020-04-11 21:40:44.852328 (28050) lic__man INFO    Claim 'fpv' for 'session_0'.
2020-04-11 21:45:02.801258 (28050) lic__man INFO    Unclaim everything for 'session_0/prove-0'.
2020-04-11 21:57:32.452234 (28050) lic__man INFO    Entering idle state.
2020-04-11 22:12:57.452275 (28050) lic__man INFO    Leaving idle state.
2020-04-11 22:20:57.452364 (28050) lic__man INFO    Entering idle state.
2020-04-12 00:26:42.899402 (28050) main____ INFO    About to exit: requested from GUI
2020-04-12 00:26:43.065585 (28050) main____ INFO    Exiting.
