

================================================================
== Vivado HLS Report for 'aqed_top'
================================================================
* Date:           Thu Apr 16 21:27:09 2020

* Version:        2018.2 (Build 2258646 on Thu Jun 14 20:25:20 MDT 2018)
* Project:        gsm_new_2
* Solution:       solution1
* Product family: aartix7
* Target device:  xa7a12tcsg325-1q


================================================================
== Performance Estimates
================================================================
+ Timing (ns): 
    * Summary: 
    +--------+--------+----------+------------+
    |  Clock | Target | Estimated| Uncertainty|
    +--------+--------+----------+------------+
    |ap_clk  |  100.00|    28.728|       12.50|
    +--------+--------+----------+------------+

+ Latency (clock cycles): 
    * Summary: 
    +-----+-----+-----+-----+---------+
    |  Latency  |  Interval | Pipeline|
    | min | max | min | max |   Type  |
    +-----+-----+-----+-----+---------+
    |   24|   32|   24|   32|   none  |
    +-----+-----+-----+-----+---------+

    + Detail: 
        * Instance: 
        +---------------------------------+----------------------+-----+-----+-----+-----+---------+
        |                                 |                      |  Latency  |  Interval | Pipeline|
        |             Instance            |        Module        | min | max | min | max |   Type  |
        +---------------------------------+----------------------+-----+-----+-----+-----+---------+
        |grp_Quantization_and_cod_fu_107  |Quantization_and_cod  |    7|    7|    7|    7|   none  |
        |grp_Autocorrelation_fu_114       |Autocorrelation       |    9|   14|    9|   14|   none  |
        |grp_aqed_out_fu_123              |aqed_out              |    2|    5|    2|    5|   none  |
        |grp_aqed_in_fu_148               |aqed_in               |    2|    4|    2|    4|   none  |
        +---------------------------------+----------------------+-----+-----+-----+-----+---------+

        * Loop: 
        N/A



================================================================
== Utilization Estimates
================================================================
* Summary: 
+-----------------+---------+-------+-------+------+
|       Name      | BRAM_18K| DSP48E|   FF  |  LUT |
+-----------------+---------+-------+-------+------+
|DSP              |        -|      -|      -|     -|
|Expression       |        -|      -|      0|    16|
|FIFO             |        -|      -|      -|     -|
|Instance         |        3|      7|    503|  3138|
|Memory           |        1|      -|      0|     0|
|Multiplexer      |        -|      -|      -|   143|
|Register         |        -|      -|     51|     -|
+-----------------+---------+-------+-------+------+
|Total            |        4|      7|    554|  3297|
+-----------------+---------+-------+-------+------+
|Available        |       40|     40|  16000|  8000|
+-----------------+---------+-------+-------+------+
|Utilization (%)  |       10|     17|      3|    41|
+-----------------+---------+-------+-------+------+

+ Detail: 
    * Instance: 
    +---------------------------------+----------------------+---------+-------+-----+------+
    |             Instance            |        Module        | BRAM_18K| DSP48E|  FF |  LUT |
    +---------------------------------+----------------------+---------+-------+-----+------+
    |grp_Autocorrelation_fu_114       |Autocorrelation       |        2|      4|  189|  1001|
    |grp_Quantization_and_cod_fu_107  |Quantization_and_cod  |        1|      3|   88|  1437|
    |grp_aqed_in_fu_148               |aqed_in               |        0|      0|  108|   280|
    |grp_aqed_out_fu_123              |aqed_out              |        0|      0|  118|   420|
    +---------------------------------+----------------------+---------+-------+-----+------+
    |Total                            |                      |        3|      7|  503|  3138|
    +---------------------------------+----------------------+---------+-------+-----+------+

    * DSP48: 
    N/A

    * Memory: 
    +----------+-----------------+---------+---+----+------+-----+------+-------------+
    |  Memory  |      Module     | BRAM_18K| FF| LUT| Words| Bits| Banks| W*Bits*Banks|
    +----------+-----------------+---------+---+----+------+-----+------+-------------+
    |bmc_in_U  |aqed_top_bmc_in  |        1|  0|   0|     8|   16|     1|          128|
    +----------+-----------------+---------+---+----+------+-----+------+-------------+
    |Total     |                 |        1|  0|   0|     8|   16|     1|          128|
    +----------+-----------------+---------+---+----+------+-----+------+-------------+

    * FIFO: 
    N/A

    * Expression: 
    +---------------------------------+----------+-------+---+----+------------+------------+
    |          Variable Name          | Operation| DSP48E| FF| LUT| Bitwidth P0| Bitwidth P1|
    +---------------------------------+----------+-------+---+----+------------+------------+
    |ap_block_state2_on_subcall_done  |    or    |      0|  0|   8|           1|           1|
    |not_s_fu_199_p2                  |    xor   |      0|  0|   8|           1|           2|
    +---------------------------------+----------+-------+---+----+------------+------------+
    |Total                            |          |      0|  0|  16|           2|           3|
    +---------------------------------+----------+-------+---+----+------------+------------+

    * Multiplexer: 
    +-----------------+----+-----------+-----+-----------+
    |       Name      | LUT| Input Size| Bits| Total Bits|
    +-----------------+----+-----------+-----+-----------+
    |ap_NS_fsm        |  41|          8|    1|          8|
    |bmc_in_address0  |  21|          4|    3|         12|
    |bmc_in_address1  |  21|          4|    3|         12|
    |bmc_in_ce0       |  21|          4|    1|          4|
    |bmc_in_ce1       |  21|          4|    1|          4|
    |bmc_in_we0       |   9|          2|    1|          2|
    |bmc_in_we1       |   9|          2|    1|          2|
    +-----------------+----+-----------+-----+-----------+
    |Total            | 143|         28|   11|         44|
    +-----------------+----+-----------+-----+-----------+

    * Register: 
    +----------------------------------------------+----+----+-----+-----------+
    |                     Name                     | FF | LUT| Bits| Const Bits|
    +----------------------------------------------+----+----+-----+-----------+
    |ap_CS_fsm                                     |   7|   0|    7|          0|
    |grp_Autocorrelation_fu_114_ap_start_reg       |   1|   0|    1|          0|
    |grp_Quantization_and_cod_fu_107_ap_start_reg  |   1|   0|    1|          0|
    |grp_aqed_in_fu_148_ap_start_reg               |   1|   0|    1|          0|
    |grp_aqed_out_fu_123_ap_start_reg              |   1|   0|    1|          0|
    |o2_qed_check_reg_279                          |   1|   0|    1|          0|
    |o2_qed_done_reg_274                           |   1|   0|    1|          0|
    |state_dup_in                                  |  16|   0|   16|          0|
    |state_dup_issued                              |   1|   0|    1|          0|
    |state_index                                   |   1|   0|    1|          0|
    |state_orig_done                               |   1|   0|    1|          0|
    |state_orig_in                                 |  16|   0|   16|          0|
    |state_orig_issued                             |   1|   0|    1|          0|
    |tmp_4_reg_269                                 |   1|   0|    4|          3|
    |tmp_s_reg_262                                 |   1|   0|    3|          2|
    +----------------------------------------------+----+----+-----+-----------+
    |Total                                         |  51|   0|   56|          5|
    +----------------------------------------------+----+----+-----+-----------+



================================================================
== Interface
================================================================
* Summary: 
+---------------------+-----+-----+------------+--------------+--------------+
|      RTL Ports      | Dir | Bits|  Protocol  | Source Object|    C Type    |
+---------------------+-----+-----+------------+--------------+--------------+
|ap_clk               |  in |    1| ap_ctrl_hs |   aqed_top   | return value |
|ap_rst               |  in |    1| ap_ctrl_hs |   aqed_top   | return value |
|ap_start             |  in |    1| ap_ctrl_hs |   aqed_top   | return value |
|ap_done              | out |    1| ap_ctrl_hs |   aqed_top   | return value |
|ap_idle              | out |    1| ap_ctrl_hs |   aqed_top   | return value |
|ap_ready             | out |    1| ap_ctrl_hs |   aqed_top   | return value |
|agg_result_i         |  in |  404|   ap_ovld  |  agg_result  |    pointer   |
|agg_result_o         | out |  404|   ap_ovld  |  agg_result  |    pointer   |
|agg_result_o_ap_vld  | out |    1|   ap_ovld  |  agg_result  |    pointer   |
|orig                 |  in |    1|   ap_none  |     orig     |    scalar    |
|dup                  |  in |    1|   ap_none  |      dup     |    scalar    |
+---------------------+-----+-----+------------+--------------+--------------+

