

================================================================
== Vivado HLS Report for 'gsm_add'
================================================================
* Date:           Thu Apr 16 21:27:06 2020

* Version:        2018.2 (Build 2258646 on Thu Jun 14 20:25:20 MDT 2018)
* Project:        gsm_new_2
* Solution:       solution1
* Product family: aartix7
* Target device:  xa7a12tcsg325-1q


================================================================
== Performance Estimates
================================================================
+ Timing (ns): 
    * Summary: 
    +--------+--------+----------+------------+
    |  Clock | Target | Estimated| Uncertainty|
    +--------+--------+----------+------------+
    |ap_clk  |  100.00|     5.900|       12.50|
    +--------+--------+----------+------------+

+ Latency (clock cycles): 
    * Summary: 
    +-----+-----+-----+-----+---------+
    |  Latency  |  Interval | Pipeline|
    | min | max | min | max |   Type  |
    +-----+-----+-----+-----+---------+
    |    0|    0|    0|    0|   none  |
    +-----+-----+-----+-----+---------+

    + Detail: 
        * Instance: 
        N/A

        * Loop: 
        N/A



================================================================
== Utilization Estimates
================================================================
* Summary: 
+-----------------+---------+-------+-------+------+
|       Name      | BRAM_18K| DSP48E|   FF  |  LUT |
+-----------------+---------+-------+-------+------+
|DSP              |        -|      -|      -|     -|
|Expression       |        -|      -|      0|   114|
|FIFO             |        -|      -|      -|     -|
|Instance         |        -|      -|      -|     -|
|Memory           |        -|      -|      -|     -|
|Multiplexer      |        -|      -|      -|     -|
|Register         |        -|      -|      -|     -|
+-----------------+---------+-------+-------+------+
|Total            |        0|      0|      0|   114|
+-----------------+---------+-------+-------+------+
|Available        |       40|     40|  16000|  8000|
+-----------------+---------+-------+-------+------+
|Utilization (%)  |        0|      0|      0|     1|
+-----------------+---------+-------+-------+------+

+ Detail: 
    * Instance: 
    N/A

    * DSP48: 
    N/A

    * Memory: 
    N/A

    * FIFO: 
    N/A

    * Expression: 
    +-----------------+----------+-------+---+----+------------+------------+
    |  Variable Name  | Operation| DSP48E| FF| LUT| Bitwidth P0| Bitwidth P1|
    +-----------------+----------+-------+---+----+------------+------------+
    |sum_fu_46_p2     |     +    |      0|  0|  24|          17|          17|
    |tmp_2_fu_74_p2   |     +    |      0|  0|  23|          16|          16|
    |icmp_fu_68_p2    |   icmp   |      0|  0|   8|           2|           1|
    |tmp_s_fu_52_p2   |   icmp   |      0|  0|  18|          17|          17|
    |tmp_fu_88_p2     |    or    |      0|  0|   8|           1|           1|
    |ap_return        |  select  |      0|  0|  16|           1|          16|
    |phitmp_fu_80_p3  |  select  |      0|  0|  17|           1|          17|
    +-----------------+----------+-------+---+----+------------+------------+
    |Total            |          |      0|  0| 114|          55|          85|
    +-----------------+----------+-------+---+----+------------+------------+

    * Multiplexer: 
    N/A

    * Register: 
    N/A



================================================================
== Interface
================================================================
* Summary: 
+-----------+-----+-----+------------+--------------+--------------+
| RTL Ports | Dir | Bits|  Protocol  | Source Object|    C Type    |
+-----------+-----+-----+------------+--------------+--------------+
|ap_ready   | out |    1| ap_ctrl_hs |    gsm_add   | return value |
|ap_return  | out |   16| ap_ctrl_hs |    gsm_add   | return value |
|a          |  in |   16|   ap_none  |       a      |    scalar    |
|b          |  in |   13|   ap_none  |       b      |    scalar    |
+-----------+-----+-----+------------+--------------+--------------+

