2020-04-11 01:32:34.101365 (15978) main____ INFO    ----------------------------------------
2020-04-11 01:32:34.101548 (15978) main____ INFO    JasperGold version info
2020-04-11 01:32:34.101578 (15978) main____ INFO      tool      : JasperGold 2016.09
2020-04-11 01:32:34.101596 (15978) main____ INFO      version   : 2016.09p002 64 bits
2020-04-11 01:32:34.101609 (15978) main____ INFO      build date: 2016.11.28 18:08:37 PST
2020-04-11 01:32:34.101618 (15978) main____ INFO    ----------------------------------------
2020-04-11 01:32:34.101627 (15978) main____ INFO    Runtime info:
2020-04-11 01:32:34.101639 (15978) main____ INFO      platform  : Linux 3.10.0-957.21.3.el7.x86_64 x86_64
2020-04-11 01:32:34.101655 (15978) main____ INFO      hostname  : rsg26.stanford.edu
2020-04-11 01:32:34.101666 (15978) main____ INFO      pid       : 15978
2020-04-11 01:32:34.101675 (15978) main____ INFO      arguments : '-style' 'windows'
2020-04-11 01:32:34.101684 (15978) main____ INFO    ----------------------------------------
2020-04-11 01:32:34.105822 (15978) lic__man INFO    Claim 'main' for <ui>.
2020-04-11 01:32:34.116538 (15978) lic_core INFO    (1) checking out 'jasper_interactive' ...
2020-04-11 01:32:34.152095 (15978) lic_core INFO    ... (1) checkout succeeded
2020-04-11 01:32:34.152213 (15978) lic__man INFO    Claim 'fpv' for <ui>.
2020-04-11 01:32:34.152268 (15978) lic_core INFO    (2) checking out 'jasper_fpv' ...
2020-04-11 01:32:34.172625 (15978) lic_core INFO    ... (2) checkout succeeded
2020-04-11 01:32:37.065422 (15978) lic__man INFO    Claim 'fpv' for <ui>.
2020-04-11 01:32:37.252778 (15978) lic__man INFO    Unclaim 'fpv' for <ui>.
2020-04-11 01:32:37.252848 (15978) lic__man INFO    Claim 'fpv' for <ui>.
2020-04-11 01:32:37.274003 (15978) session_ INFO    Starting analysis session with session id 'session_0' ...
2020-04-11 01:32:37.277468 (15978) session_ INFO    Analysis session with session id 'session_0' started (pid: 16005)
2020-04-11 01:32:57.313669 (15978) session_ INFO    Analysis session 'session_0' connected to the console (host: 172.24.74.58:50990)
2020-04-11 01:33:49.405712 (15978) lic__man INFO    Unclaim everything for 'session_0*'.
2020-04-11 01:33:51.608626 (15978) lic__man INFO    Claim 'fpv' for 'session_0'.
2020-04-11 01:34:04.051157 (15978) lic__man INFO    Unclaim everything for 'session_0/prove-0'.
2020-04-11 01:37:52.989923 (15978) main____ INFO    About to exit: requested from GUI
2020-04-11 01:37:53.677340 (15978) main____ INFO    Exiting.
