2020-04-08 16:01:25.275568 (28408) main____ INFO    ----------------------------------------
2020-04-08 16:01:25.275747 (28408) main____ INFO    JasperGold version info
2020-04-08 16:01:25.275775 (28408) main____ INFO      tool      : JasperGold 2016.09
2020-04-08 16:01:25.275796 (28408) main____ INFO      version   : 2016.09p002 64 bits
2020-04-08 16:01:25.275808 (28408) main____ INFO      build date: 2016.11.28 18:08:37 PST
2020-04-08 16:01:25.275818 (28408) main____ INFO    ----------------------------------------
2020-04-08 16:01:25.275827 (28408) main____ INFO    Runtime info:
2020-04-08 16:01:25.275838 (28408) main____ INFO      platform  : Linux 3.10.0-957.21.3.el7.x86_64 x86_64
2020-04-08 16:01:25.275855 (28408) main____ INFO      hostname  : rsg20.stanford.edu
2020-04-08 16:01:25.275865 (28408) main____ INFO      pid       : 28408
2020-04-08 16:01:25.275875 (28408) main____ INFO      arguments : '-style' 'windows' '-tcl' 'jasper.tcl'
2020-04-08 16:01:25.275884 (28408) main____ INFO    ----------------------------------------
2020-04-08 16:01:25.278522 (28408) lic__man INFO    Claim 'main' for <ui>.
2020-04-08 16:01:25.284824 (28408) lic_core INFO    (1) checking out 'jasper_interactive' ...
2020-04-08 16:01:25.309367 (28408) lic_core INFO    ... (1) checkout succeeded
2020-04-08 16:01:25.309499 (28408) lic__man INFO    Claim 'fpv' for <ui>.
2020-04-08 16:01:25.309551 (28408) lic_core INFO    (2) checking out 'jasper_fpv' ...
2020-04-08 16:01:25.329010 (28408) lic_core INFO    ... (2) checkout succeeded
2020-04-08 16:01:26.065315 (28408) lic__man INFO    Claim 'fpv' for <ui>.
2020-04-08 16:01:26.232287 (28408) lic__man INFO    Unclaim 'fpv' for <ui>.
2020-04-08 16:01:26.232344 (28408) lic__man INFO    Claim 'fpv' for <ui>.
2020-04-08 16:01:26.260199 (28408) session_ INFO    Starting analysis session with session id 'session_0' ...
2020-04-08 16:01:26.263691 (28408) session_ INFO    Analysis session with session id 'session_0' started (pid: 28422)
2020-04-08 16:01:31.868665 (28408) session_ INFO    Analysis session 'session_0' connected to the console (host: 172.24.74.47:32992)
2020-04-08 16:01:33.931621 (28408) lic__man INFO    Unclaim everything for 'session_0*'.
2020-04-08 16:01:34.126432 (28408) lic__man INFO    Claim 'fpv' for 'session_0'.
2020-04-08 16:01:34.168207 (28408) lic__man INFO    Claim 'fpv' for 'session_0/prove-1'.
2020-04-08 16:01:34.168295 (28408) lic_core INFO    (3) checking out 'jasper_fpv' ...
2020-04-08 16:01:34.189846 (28408) lic_core INFO    ... (3) checkout succeeded
2020-04-08 16:01:35.761585 (28408) lic__man INFO    Unclaim everything for 'session_0/prove-1'.
2020-04-08 16:01:37.506290 (28408) lic__man INFO    Unclaim everything for 'session_0/prove-0'.
2020-04-08 16:02:20.378967 (28408) main____ INFO    About to exit: requested from GUI
2020-04-08 16:02:20.532528 (28408) main____ INFO    Exiting.
