2020-04-08 16:40:51.406633 (1798) main____ INFO    ----------------------------------------
2020-04-08 16:40:51.406813 (1798) main____ INFO    JasperGold version info
2020-04-08 16:40:51.406841 (1798) main____ INFO      tool      : JasperGold 2016.09
2020-04-08 16:40:51.406862 (1798) main____ INFO      version   : 2016.09p002 64 bits
2020-04-08 16:40:51.406874 (1798) main____ INFO      build date: 2016.11.28 18:08:37 PST
2020-04-08 16:40:51.406884 (1798) main____ INFO    ----------------------------------------
2020-04-08 16:40:51.406893 (1798) main____ INFO    Runtime info:
2020-04-08 16:40:51.406905 (1798) main____ INFO      platform  : Linux 3.10.0-957.21.3.el7.x86_64 x86_64
2020-04-08 16:40:51.406920 (1798) main____ INFO      hostname  : rsg20.stanford.edu
2020-04-08 16:40:51.406931 (1798) main____ INFO      pid       : 1798
2020-04-08 16:40:51.406941 (1798) main____ INFO      arguments : '-style' 'windows' '-tcl' 'jasper.tcl'
2020-04-08 16:40:51.406951 (1798) main____ INFO    ----------------------------------------
2020-04-08 16:40:51.409358 (1798) lic__man INFO    Claim 'main' for <ui>.
2020-04-08 16:40:51.474040 (1798) lic_core INFO    (1) checking out 'jasper_interactive' ...
2020-04-08 16:40:51.498107 (1798) lic_core INFO    ... (1) checkout succeeded
2020-04-08 16:40:51.498228 (1798) lic__man INFO    Claim 'fpv' for <ui>.
2020-04-08 16:40:51.498284 (1798) lic_core INFO    (2) checking out 'jasper_fpv' ...
2020-04-08 16:40:51.518543 (1798) lic_core INFO    ... (2) checkout succeeded
2020-04-08 16:40:52.293363 (1798) lic__man INFO    Claim 'fpv' for <ui>.
2020-04-08 16:40:52.481816 (1798) lic__man INFO    Unclaim 'fpv' for <ui>.
2020-04-08 16:40:52.481874 (1798) lic__man INFO    Claim 'fpv' for <ui>.
2020-04-08 16:40:52.504169 (1798) session_ INFO    Starting analysis session with session id 'session_0' ...
2020-04-08 16:40:52.507731 (1798) session_ INFO    Analysis session with session id 'session_0' started (pid: 1813)
2020-04-08 16:40:58.035746 (1798) session_ INFO    Analysis session 'session_0' connected to the console (host: 172.24.74.47:52394)
2020-04-08 16:41:00.370250 (1798) lic__man INFO    Unclaim everything for 'session_0*'.
2020-04-08 16:41:00.565225 (1798) lic__man INFO    Claim 'fpv' for 'session_0'.
2020-04-08 16:41:03.535326 (1798) lic__man INFO    Unclaim everything for 'session_0/prove-0'.
2020-04-08 16:41:11.165941 (1798) main____ INFO    About to exit: requested from GUI
2020-04-08 16:41:11.368851 (1798) main____ INFO    Exiting.
