#----------------------------------------
# JasperGold Version Info
# tool      : JasperGold 2016.09
# platform  : Linux 3.10.0-957.21.3.el7.x86_64
# version   : 2016.09p002 64 bits
# build date: 2016.11.28 18:08:41 PST
#----------------------------------------
# started Wed Apr 08 16:48:31 PDT 2020
# hostname  : rsg20.stanford.edu
# pid       : 6021
# arguments : '-label' 'session_0' '-console' 'rsg20.stanford.edu:42515' '-style' 'windows' '-use_native_tcl' '-proj' '/rsgs/pool0/Saranyu/aqed/memory_core_clean3/genesis_verif_step17/jgproject/sessionLogs/session_0' '-init' '-hidden' '/rsgs/pool0/Saranyu/aqed/memory_core_clean3/genesis_verif_step17/jgproject/.tmp/.initCmds.tcl' 'jasper.tcl'

Any disclosure about the Cadence Design Systems software or its use
model to any third party violates the written Non-Disclosure Agreement
between Cadence Design Systems, Inc. and the customer.

THIS SOFTWARE CONTAINS CONFIDENTIAL INFORMATION AND TRADE SECRETS OF
CADENCE DESIGN SYSTEMS, INC. USE, DISCLOSURE, OR REPRODUCTION IS
PROHIBITED WITHOUT THE PRIOR EXPRESS WRITTEN PERMISSION OF CADENCE
DESIGN SYSTEMS, INC.

Copyright (C) 2000-2016 Cadence Design Systems, Inc. All Rights
Reserved.  Unpublished -- rights reserved under the copyright laws of
the United States.

This product includes software developed by others and redistributed
according to license agreement. See doc/third_party_readme.txt for
further details.

RESTRICTED RIGHTS LEGEND

Use, duplication, or disclosure by the Government is subject to
restrictions as set forth in subparagraph (c) (1) (ii) of the Rights in
Technical Data and Computer Software clause at DFARS 252.227-7013 or
subparagraphs (c) (1) and (2) of Commercial Computer Software -- Restricted
Rights at 48 CFR 52.227-19, as applicable.


                          Cadence Design Systems, Inc. 
                          2655 Seely Avenue
                          San Jose, CA 95134
                          Phone: 408.943.1234

For technical assistance visit http://support.cadence.com.

JasperGold Apps Analysis Session - /rsgs/pool0/Saranyu/aqed/memory_core_clean3/genesis_verif_step17/jgproject/sessionLogs/session_0

INFO: successfully checked out licenses "jasper_interactive" and "jasper_fpv".
INFO: reading configuration file "/rsghome/saranyuc/.config/jasper/jaspergold.conf".
INFO (IPL003): This JasperGold instance uses a new interpreter implementation for Tcl evaluation.
    Launch JasperGold using the "-use_jtcl" command-line switch to restore it to the old implementation.
% 
% analyze -sv09 -f memory_core.flist mem_core_top_1.sv
[-- (VERI-1482)] Analyzing Verilog file /hd/cad/cadence/JASPERGOLD16.09.002.lnx86/lib/verilog/packages/std/std.sv into library std
[-- (VERI-1482)] Analyzing Verilog file ./doublebuffer_control_unq1.sv
[-- (VERI-1482)] Analyzing Verilog file ./fifo_control_unq1.sv
[-- (VERI-1482)] Analyzing Verilog file ./linebuffer_control_unq1.sv
[-- (VERI-1482)] Analyzing Verilog file ./memory_core.sv
[-- (VERI-1482)] Analyzing Verilog file ./mem_unq1.v
[-- (VERI-1482)] Analyzing Verilog file ./sram_control_unq1.sv
[-- (VERI-1482)] Analyzing Verilog file ./sram_stub_unq1.v
[-- (VERI-1482)] Analyzing Verilog file ./aqed.v
[-- (VERI-1482)] Analyzing Verilog file ./mem_core_top_1.sv
[-- (VERI-1482)] Analyzing Verilog file ./concat_rtl.v
[-- (VERI-1482)] Analyzing Verilog file mem_core_top_1.sv
[WARN (VERI-1206)] mem_core_top_1.sv(190): overwriting previous definition of module mem_core_top
[INFO (VERI-2142)] mem_core_top_1.sv(190): previous definition of module mem_core_top is here
% elaborate -disable_auto_bbox -top mem_core_top
INFO (ISW003): Top module name is "mem_core_top".
[WARN (VERI-1927)] mem_core_top_1.sv(136): port full remains unconnected for this instance
[WARN (VERI-1927)] mem_core_top_1.sv(139): port original_rsc_dat remains unconnected for this instance
[INFO (VERI-1018)] mem_core_top_1.sv(7): compiling module mem_core_top
[INFO (VERI-1018)] ./memory_core.sv(58): compiling module memory_core
[INFO (VERI-1018)] ./linebuffer_control_unq1.sv(55): compiling module linebuffer_control_unq1
[WARN (VERI-1209)] ./linebuffer_control_unq1.sv(89): expression size 32 truncated to fit in target size 1
[WARN (VERI-1209)] ./linebuffer_control_unq1.sv(122): expression size 32 truncated to fit in target size 16
[INFO (VERI-1018)] ./fifo_control_unq1.sv(55): compiling module fifo_control_unq1
[WARN (VERI-1209)] ./fifo_control_unq1.sv(335): expression size 32 truncated to fit in target size 10
[WARN (VERI-1209)] ./fifo_control_unq1.sv(341): expression size 32 truncated to fit in target size 10
[WARN (VERI-1209)] ./fifo_control_unq1.sv(355): expression size 32 truncated to fit in target size 10
[WARN (VERI-1209)] ./fifo_control_unq1.sv(369): expression size 32 truncated to fit in target size 10
[WARN (VERI-1209)] ./fifo_control_unq1.sv(370): expression size 32 truncated to fit in target size 10
[INFO (VERI-1018)] ./sram_control_unq1.sv(56): compiling module sram_control_unq1
[INFO (VERI-1018)] ./doublebuffer_control_unq1.sv(58): compiling module doublebuffer_control_unq1
[WARN (VERI-1209)] ./doublebuffer_control_unq1.sv(170): expression size 32 truncated to fit in target size 1
[WARN (VERI-1209)] ./doublebuffer_control_unq1.sv(270): expression size 32 truncated to fit in target size 16
[WARN (VERI-1209)] ./doublebuffer_control_unq1.sv(303): expression size 32 truncated to fit in target size 1
[WARN (VERI-1209)] ./doublebuffer_control_unq1.sv(423): expression size 32 truncated to fit in target size 16
[INFO (VERI-1018)] ./mem_unq1.v(56): compiling module mem_unq1
[INFO (VERI-1018)] ./sram_stub_unq1.v(54): compiling module sram_stub_unq1
[WARN (VERI-9028)] mem_core_top_1.sv(136): missing/open ports on instance DUT of module memory_core
[INFO (VERI-1018)] ./concat_rtl.v(437): compiling module aqed_top
[INFO (VERI-1018)] ./concat_rtl.v(87): compiling module aqed_top_core
[INFO (VERI-1018)] ./concat_rtl.v(21): compiling module ccs_in_v1:(rscid=32'sb01,width=32'sb010000)
[INFO (VERI-1018)] ./concat_rtl.v(21): compiling module ccs_in_v1:(rscid=32'sb010,width=32'sb01)
[INFO (VERI-1018)] ./concat_rtl.v(21): compiling module ccs_in_v1:(rscid=32'sb011,width=32'sb01)
[INFO (VERI-1018)] ./concat_rtl.v(21): compiling module ccs_in_v1:(rscid=32'sb0100,width=32'sb01)
[INFO (VERI-1018)] ./concat_rtl.v(21): compiling module ccs_in_v1:(rscid=32'sb0101,width=32'sb010000)
[INFO (VERI-1018)] ./concat_rtl.v(21): compiling module ccs_in_v1:(rscid=32'sb0110,width=32'sb01)
[INFO (VERI-1018)] ./concat_rtl.v(21): compiling module ccs_in_v1:(rscid=32'sb0111,width=32'sb01)
[INFO (VERI-1018)] ./concat_rtl.v(54): compiling module ccs_out_v1:(rscid=32'sb01000,width=32'sb010000)
[INFO (VERI-1018)] ./concat_rtl.v(54): compiling module ccs_out_v1:(rscid=32'sb01001,width=32'sb01)
[INFO (VERI-1018)] ./concat_rtl.v(54): compiling module ccs_out_v1:(rscid=32'sb01010,width=32'sb01)
[INFO (VERI-1018)] ./concat_rtl.v(54): compiling module ccs_out_v1:(rscid=32'sb01011,width=32'sb01)
[INFO (VERI-1018)] ./concat_rtl.v(54): compiling module ccs_out_v1:(rscid=32'sb01100,width=32'sb01)
[INFO (VERI-1018)] ./concat_rtl.v(54): compiling module ccs_out_v1:(rscid=32'sb01101,width=32'sb01)
[WARN (VERI-9028)] mem_core_top_1.sv(139): missing/open ports on instance aqed of module aqed_top
[WARN (VERI-1209)] mem_core_top_1.sv(149): expression size 32 truncated to fit in target size 17
[WARN (VERI-1209)] mem_core_top_1.sv(150): expression size 32 truncated to fit in target size 17
[WARN (VERI-1209)] mem_core_top_1.sv(176): expression size 32 truncated to fit in target size 16
[WARN (VERI-1209)] mem_core_top_1.sv(178): expression size 32 truncated to fit in target size 16
[WARN (VDB-1002)] mem_core_top_1.sv(10): net stencil_width[15] does not have a driver
[WARN (VDB-1002)] mem_core_top_1.sv(11): net arbitrary_addr does not have a driver
[WARN (VDB-1002)] mem_core_top_1.sv(12): net starting_addr[15] does not have a driver
[WARN (VDB-1002)] mem_core_top_1.sv(13): net iter_cnt[31] does not have a driver
[WARN (VDB-1002)] mem_core_top_1.sv(15): net rate_matched does not have a driver
[WARN (VDB-1002)] mem_core_top_1.sv(16): net stride_0[15] does not have a driver
[WARN (VDB-1002)] mem_core_top_1.sv(17): net stride_1[15] does not have a driver
[WARN (VDB-1002)] mem_core_top_1.sv(18): net stride_2[15] does not have a driver
[WARN (VDB-1002)] mem_core_top_1.sv(19): net stride_3[15] does not have a driver
[WARN (VDB-1002)] mem_core_top_1.sv(20): net stride_4[15] does not have a driver
[WARN (VDB-1002)] mem_core_top_1.sv(21): net stride_5[15] does not have a driver
[WARN (VDB-1002)] mem_core_top_1.sv(22): net range_0[31] does not have a driver
[WARN (VDB-1002)] mem_core_top_1.sv(23): net range_1[31] does not have a driver
[WARN (VDB-1002)] mem_core_top_1.sv(24): net range_2[31] does not have a driver
[WARN (VDB-1002)] mem_core_top_1.sv(25): net range_3[31] does not have a driver
[WARN (VDB-1002)] mem_core_top_1.sv(26): net range_4[31] does not have a driver
[WARN (VDB-1002)] mem_core_top_1.sv(27): net range_5[31] does not have a driver
[WARN (VDB-1002)] mem_core_top_1.sv(28): net circular_en does not have a driver
[WARN (VDB-1002)] mem_core_top_1.sv(29): net almost_count[3] does not have a driver
[WARN (VDB-1002)] mem_core_top_1.sv(30): net enable_chain does not have a driver
[WARN (VDB-1002)] mem_core_top_1.sv(31): net mode[1] does not have a driver
[WARN (VDB-1002)] mem_core_top_1.sv(32): net tile_en does not have a driver
[WARN (VDB-1002)] mem_core_top_1.sv(33): net chain_idx[3] does not have a driver
[WARN (VDB-1002)] mem_core_top_1.sv(34): net depth[15] does not have a driver
[WARN (VDB-1002)] mem_core_top_1.sv(43): net clk_en does not have a driver
[WARN (VDB-1002)] mem_core_top_1.sv(44): net flush does not have a driver
[WARN (VDB-1002)] mem_core_top_1.sv(46): net addr_in[15] does not have a driver
[WARN (VDB-1002)] mem_core_top_1.sv(47): net ren_in does not have a driver
[WARN (VDB-1002)] mem_core_top_1.sv(52): net chain_in[15] does not have a driver
[WARN (VDB-1002)] mem_core_top_1.sv(55): net chain_wen_in does not have a driver
[WARN (VDB-1002)] mem_core_top_1.sv(57): net switch_db does not have a driver
[WARN (VDB-1002)] mem_core_top_1.sv(64): net config_addr[31] does not have a driver
[WARN (VDB-1002)] mem_core_top_1.sv(65): net config_data[31] does not have a driver
[WARN (VDB-1002)] mem_core_top_1.sv(66): net config_read does not have a driver
[WARN (VDB-1002)] mem_core_top_1.sv(67): net config_write does not have a driver
[WARN (VDB-1002)] mem_core_top_1.sv(68): net config_en_sram[3] does not have a driver
[WARN (VDB-1013)] mem_core_top_1.sv(136): input port stride_6[15] is not connected on this instance
[WARN (VDB-1013)] mem_core_top_1.sv(139): input port original_rsc_dat is not connected on this instance
[INFO] Beginning multiple driver analysis
[INFO] Finished multiple driver analysis
[INFO] Module Name mem_core_top
mem_core_top
[<embedded>] % clock clk
[<embedded>] % reset -expression reset
INFO (IPM031): Clearing proof results of all properties.
INFO (IRS006): Current reset condition is "reset".
[<embedded>] % set_engine_mode {Bm B}
[<embedded>] % prove -bg -property {<embedded>::mem_core_top.assert_qed_match}
INFO (IPF031): Settings used for this proof:
    time_limit                    = 86400s
    per_property_time_limit       = 1s * 10 ^ scan
    engine_mode                   = Bm B 
    proofgrid_per_engine_max_jobs = 1
    max engine jobs               = Bm B, total 2
    proofgrid_mode                = local
    proofgrid_restarts            = 10
background (thread 0)
INFO (IPF036): Starting proof on task: "<embedded>", 1 properties to prove with 0 already proven/unreachable
[<embedded>] % 
INFO (IRS029): Starting reset analysis: phase 1 of 4.
INFO (IRS030): Running reset analysis phase 2 of 4.
INFO (IRS031): Running reset analysis phase 3 of 4.
INFO (IRS020): Starting the reset analysis simulation with a limit of 100 iterations (phase 4 of 4).
INFO (IRS024): Reset iterations 0 to 4 analyzed.
INFO (IRS018): Reset analysis simulation executed for 3 iterations. Assigned values for 835 of 17269 design flops, 0 of 0 design latches, 13 of 13 internal elements.
WARNING (WPF042): A single property remains, and one of the engines "Ht", "Hts", "B", or "Bm" is already running. Ignoring "B".
Using multistage preprocessing
Starting reduce
Finished reduce in 0.144s
Performing Proof Simplification...
0.0.Bm: clocks: 1, declared: 1, disabling: 0, posedge: 1, negedge: 0, noedge: 0, bothedge: 0
0.0.Bm: Proof Simplification Iteration 1	[0.00 s]
0.0.Bm: Proof Simplification Iteration 2	[0.04 s]
0.0.Bm: Proof Simplification Iteration 3	[0.07 s]
Proof Simplification completed in 0.19 s
About to start centralized ProofGrid in its own thread with a limit of 10000 pending notifications and a limit of 10 traces.
=============================== ProofGrid start ===============================
ProofGrid usable level: 1
ProofGrid is starting event handling
0.0.Bm: Proofgrid shell started at 6195@rsg20.stanford.edu(local) jg_6021_rsg20.stanford.edu_1
0.0.Bm: clocks: 1, declared: 1, disabling: 0, posedge: 1, negedge: 0, noedge: 0, bothedge: 0
0.0.Bm: Trace Attempt  1	[0.09 s]
0.0.Bm: Trace Attempt  2	[0.16 s]
0.0.Bm: Trace Attempt  3	[0.28 s]
0.0.Bm: Trace Attempt  4	[0.49 s]
0.0.Bm: Trace Attempt  5	[0.68 s]
Initiating shutdown of proof (@ 5.36 s)
0.0.Bm: Next scan (0) will use per property time limit: 1s * 10 ^ 0 = 1s
0.0.Bm: Trace Attempt 10	[3.86 s]
0.0.Bm: Interrupted. [5.44 s]
0.0.Bm: Exited with Success (@ 5.45 s)
ProofGrid usable level: 0
ProofGrid usable level: 0
All pending notifications were processed.
INFO (IPM007): "prove" command stopped.
[<embedded>] % set_engine_mode {Hp Ht Bm J Q3 U L R B K AB D I AD M N AM G C AG G2 C2 Hps Hts Tri}
[<embedded>] % prove -bg -all
INFO (IPF031): Settings used for this proof:
    time_limit                    = 86400s
    per_property_time_limit       = 1s * 10 ^ scan
    engine_mode                   = Hp Ht Bm J Q3 U L R B K AB D I AD M N AM G C AG G2 C2 Hps Hts Tri 
    proofgrid_per_engine_max_jobs = 1
    max engine jobs               = Hp Ht Bm J Q3 U L R B K AB D I AD M N AM G C AG G2 C2 Hps Hts Tri, total 25
    proofgrid_mode                = local
    proofgrid_restarts            = 10
background (thread 1)
INFO (IPF036): Starting proof on task: "<embedded>", 6 properties to prove with 0 already proven/unreachable
Using multistage preprocessing
Starting reduce
Finished reduce in 0.145s
Performing Proof Simplification...
1.0.Hp: clocks: 1, declared: 1, disabling: 0, posedge: 1, negedge: 0, noedge: 0, bothedge: 0
1.0.Hp: Proof Simplification Iteration 1	[0.00 s]
1.0.Hp: Proof Simplification Iteration 2	[0.04 s]
1.0.Hp: Proof Simplification Iteration 3	[0.07 s]
Proof Simplification completed in 0.18 s
About to start centralized ProofGrid in its own thread with a limit of 10000 pending notifications and a limit of 10 traces.
=============================== ProofGrid start ===============================
ProofGrid usable level: 4294967295
ProofGrid is starting event handling
1.0.Q3: Proofgrid shell started at 6243@rsg20.stanford.edu(local) jg_6021_rsg20.stanford.edu_2
1.0.G2: Proofgrid shell started at 6259@rsg20.stanford.edu(local) jg_6021_rsg20.stanford.edu_2
1.0.G: Proofgrid shell started at 6256@rsg20.stanford.edu(local) jg_6021_rsg20.stanford.edu_2
1.0.AB: Proofgrid shell started at 6249@rsg20.stanford.edu(local) jg_6021_rsg20.stanford.edu_2
1.0.AG: Proofgrid shell started at 6258@rsg20.stanford.edu(local) jg_6021_rsg20.stanford.edu_2
1.0.Tri: Proofgrid shell started at 6263@rsg20.stanford.edu(local) jg_6021_rsg20.stanford.edu_2
1.0.G2: clocks: 1, declared: 1, disabling: 0, posedge: 1, negedge: 0, noedge: 0, bothedge: 0
1.0.C: Proofgrid shell started at 6257@rsg20.stanford.edu(local) jg_6021_rsg20.stanford.edu_2
1.0.Q3: clocks: 1, declared: 1, disabling: 0, posedge: 1, negedge: 0, noedge: 0, bothedge: 0
1.0.G: clocks: 1, declared: 1, disabling: 0, posedge: 1, negedge: 0, noedge: 0, bothedge: 0
1.0.AB: clocks: 1, declared: 1, disabling: 0, posedge: 1, negedge: 0, noedge: 0, bothedge: 0
1.0.AG: clocks: 1, declared: 1, disabling: 0, posedge: 1, negedge: 0, noedge: 0, bothedge: 0
1.0.Hps: Proofgrid shell started at 6261@rsg20.stanford.edu(local) jg_6021_rsg20.stanford.edu_2
1.0.U: Proofgrid shell started at 6244@rsg20.stanford.edu(local) jg_6021_rsg20.stanford.edu_2
1.0.D: Proofgrid shell started at 6250@rsg20.stanford.edu(local) jg_6021_rsg20.stanford.edu_2
1.0.B: Proofgrid shell started at 6247@rsg20.stanford.edu(local) jg_6021_rsg20.stanford.edu_2
1.0.Tri: clocks: 1, declared: 1, disabling: 0, posedge: 1, negedge: 0, noedge: 0, bothedge: 0
1.0.Bm: Proofgrid shell started at 6241@rsg20.stanford.edu(local) jg_6021_rsg20.stanford.edu_2
1.0.Hts: Proofgrid shell started at 6262@rsg20.stanford.edu(local) jg_6021_rsg20.stanford.edu_2
1.0.M: Proofgrid shell started at 6253@rsg20.stanford.edu(local) jg_6021_rsg20.stanford.edu_2
1.0.C: clocks: 1, declared: 1, disabling: 0, posedge: 1, negedge: 0, noedge: 0, bothedge: 0
1.0.D: clocks: 1, declared: 1, disabling: 0, posedge: 1, negedge: 0, noedge: 0, bothedge: 0
1.0.U: clocks: 1, declared: 1, disabling: 0, posedge: 1, negedge: 0, noedge: 0, bothedge: 0
1.0.Hps: clocks: 1, declared: 1, disabling: 0, posedge: 1, negedge: 0, noedge: 0, bothedge: 0
1.0.B: clocks: 1, declared: 1, disabling: 0, posedge: 1, negedge: 0, noedge: 0, bothedge: 0
1.0.Bm: clocks: 1, declared: 1, disabling: 0, posedge: 1, negedge: 0, noedge: 0, bothedge: 0
1.0.Hts: clocks: 1, declared: 1, disabling: 0, posedge: 1, negedge: 0, noedge: 0, bothedge: 0
1.0.M: clocks: 1, declared: 1, disabling: 0, posedge: 1, negedge: 0, noedge: 0, bothedge: 0
1.0.N: Proofgrid shell started at 6254@rsg20.stanford.edu(local) jg_6021_rsg20.stanford.edu_2
1.0.L: Proofgrid shell started at 6245@rsg20.stanford.edu(local) jg_6021_rsg20.stanford.edu_2
1.0.K: Proofgrid shell started at 6248@rsg20.stanford.edu(local) jg_6021_rsg20.stanford.edu_2
1.0.Ht: Proofgrid shell started at 6240@rsg20.stanford.edu(local) jg_6021_rsg20.stanford.edu_2
1.0.R: Proofgrid shell started at 6246@rsg20.stanford.edu(local) jg_6021_rsg20.stanford.edu_2
1.0.C2: Proofgrid shell started at 6260@rsg20.stanford.edu(local) jg_6021_rsg20.stanford.edu_2
1.0.Hp: Proofgrid shell started at 6239@rsg20.stanford.edu(local) jg_6021_rsg20.stanford.edu_2
1.0.I: Proofgrid shell started at 6251@rsg20.stanford.edu(local) jg_6021_rsg20.stanford.edu_2
1.0.J: Proofgrid shell started at 6242@rsg20.stanford.edu(local) jg_6021_rsg20.stanford.edu_2
1.0.AD: Proofgrid shell started at 6252@rsg20.stanford.edu(local) jg_6021_rsg20.stanford.edu_2
1.0.K: clocks: 1, declared: 1, disabling: 0, posedge: 1, negedge: 0, noedge: 0, bothedge: 0
1.0.N: clocks: 1, declared: 1, disabling: 0, posedge: 1, negedge: 0, noedge: 0, bothedge: 0
1.0.L: clocks: 1, declared: 1, disabling: 0, posedge: 1, negedge: 0, noedge: 0, bothedge: 0
1.0.AM: Proofgrid shell started at 6255@rsg20.stanford.edu(local) jg_6021_rsg20.stanford.edu_2
1.0.Ht: clocks: 1, declared: 1, disabling: 0, posedge: 1, negedge: 0, noedge: 0, bothedge: 0
1.0.R: clocks: 1, declared: 1, disabling: 0, posedge: 1, negedge: 0, noedge: 0, bothedge: 0
1.0.AD: clocks: 1, declared: 1, disabling: 0, posedge: 1, negedge: 0, noedge: 0, bothedge: 0
1.0.Hp: clocks: 1, declared: 1, disabling: 0, posedge: 1, negedge: 0, noedge: 0, bothedge: 0
1.0.C2: clocks: 1, declared: 1, disabling: 0, posedge: 1, negedge: 0, noedge: 0, bothedge: 0
1.0.I: clocks: 1, declared: 1, disabling: 0, posedge: 1, negedge: 0, noedge: 0, bothedge: 0
1.0.G2: Next scan (0) will use per property time limit: 1s * 10 ^ 0 = 1s
1.0.G2: Starting proof for property "mem_core_top.assert_qed_match"	[0.00 s].
1.0.J: clocks: 1, declared: 1, disabling: 0, posedge: 1, negedge: 0, noedge: 0, bothedge: 0
1.0.AM: clocks: 1, declared: 1, disabling: 0, posedge: 1, negedge: 0, noedge: 0, bothedge: 0
1.0.G: Next scan (0) will use per property time limit: 1s * 10 ^ 0 = 1s
1.0.G: Starting proof for property "mem_core_top.assert_qed_match"	[0.00 s].
1.0.AG: Next scan (0) will use per property time limit: 1s * 10 ^ 0 = 1s
1.0.AG: Starting proof for property "mem_core_top.assert_qed_match"	[0.00 s].
1.0.B: Next scan (0) will use per property time limit: 1s * 10 ^ 0 = 1s
1.0.B: Starting proof for property "mem_core_top.assert_qed_match"	[0.00 s].
1.0.C: Next scan (0) will use per property time limit: 1s * 10 ^ 0 = 1s
1.0.C: Starting proof for property "mem_core_top.assert_qed_match"	[0.00 s].
1.0.K: Next scan (0) will use per property time limit: 1s * 10 ^ 0 = 1s
1.0.K: Starting proof for property "mem_core_top.assert_qed_match"	[0.00 s].
1.0.AB: Next scan (0) will use per property time limit: 1s * 10 ^ 0 = 1s
1.0.AB: Starting proof for property "mem_core_top.assert_qed_match"	[0.00 s].
1.0.Hps: Next scan (0) will use per property time limit: 1s * 10 ^ 0 = 1s
1.0.Hps: Starting proof for property "mem_core_top.assert_qed_match"	[0.00 s].
1.0.Q3: Seed 7, 50%
1.0.AD: Next scan (0) will use per property time limit: 1s * 10 ^ 0 = 1s
1.0.AD: Starting proof for property "mem_core_top.assert_qed_match"	[0.00 s].
1.0.D: Next scan (0) will use per property time limit: 1s * 10 ^ 0 = 1s
1.0.D: Starting proof for property "mem_core_top.assert_qed_match"	[0.00 s].
1.0.Q3: Restart 0, Seed 7, 50.0%
1.0.Q3: Trace Attempt  1	[0.08 s]
1.0.M: Next scan (0) will use per property time limit: 1s * 10 ^ 0 = 1s
1.0.M: Starting proof for property "mem_core_top.assert_qed_match"	[0.00 s].
1.0.Hts: Next scan (0) will use per property time limit: 1s * 10 ^ 0 = 1s
1.0.Hts: Starting proof for property "mem_core_top.assert_qed_match"	[0.00 s].
1.0.Q3: Cycle 1, State Sig: e72bb573
1.0.Q3: Trace Attempt  2	[0.09 s]
1.0.Q3: Cycle 2, State Sig: a47df467
1.0.Q3: Trace Attempt  3	[0.09 s]
1.0.AG: Trace Attempt  1	[0.02 s]
1.0.Q3: Trace Attempt  4	[0.09 s]
1.0.L: Using trace diversification with seed 1 (0.05)
1.0.L: Using LRU state removal heuristic
1.0.I: Next scan (0) will use per property time limit: 1s * 10 ^ 0 = 1s
1.0.I: Starting proof for property "mem_core_top.assert_qed_match"	[0.00 s].
1.0.N: Next scan (0) will use per property time limit: 1s * 10 ^ 0 = 1s
1.0.N: Starting proof for property "mem_core_top.assert_qed_match"	[0.00 s].
1.0.Q3: Cycle 4, State Sig: d375a351
1.0.Q3: Trace Attempt  5	[0.10 s]
1.0.AM: Next scan (0) will use per property time limit: 1s * 10 ^ 0 = 1s
1.0.AM: Starting proof for property "mem_core_top.assert_qed_match"	[0.00 s].
1.0.C2: Next scan (0) will use per property time limit: 1s * 10 ^ 0 = 1s
1.0.C2: Starting proof for property "mem_core_top.assert_qed_match"	[0.00 s].
1.0.K: Trace Attempt  1	[0.03 s]
1.0.AB: Trace Attempt  1	[0.03 s]
1.0.U: Seed 1
1.0.C: Trace Attempt  1	[0.04 s]
1.0.AD: Trace Attempt  1	[0.03 s]
1.0.Q3: Cycle 8, State Sig: d25b384f
1.0.K: Trace Attempt  1	[0.04 s]
1.0.K: Trace Attempt  2	[0.04 s]
1.0.K: Trace Attempt  3	[0.04 s]
1.0.AM: Trace Attempt  1	[0.02 s]
1.0.AB: Trace Attempt  1	[0.05 s]
1.0.AB: Trace Attempt  2	[0.05 s]
1.0.C: Partitioning 0 assumptions over 0 inputs...
1.0.AB: Trace Attempt  3	[0.05 s]
1.0.C: Iteration  1	[0.05 s]
1.0.C: Iteration  2	[0.05 s]
1.0.AD: Trace Attempt  1	[0.05 s]
1.0.AM: Trace Attempt  1	[0.03 s]
1.0.AM: Trace Attempt  2	[0.03 s]
1.0.AD: Trace Attempt  2	[0.05 s]
1.0.AM: Trace Attempt  3	[0.03 s]
1.0.Tri: Next scan (0) will use per property time limit: 1s * 10 ^ 0 = 1s
1.0.Tri: Starting proof for property "mem_core_top.assert_qed_match"	[0.00 s].
1.0.Tri: Trace Attempt  1	[0.00 s]
1.0.AB: Trace Attempt  1	[0.06 s]
1.0.AB: Trace Attempt  2	[0.06 s]
1.0.AD: Trace Attempt  3	[0.06 s]
1.0.AB: Trace Attempt  3	[0.06 s]
1.0.AM: Trace Attempt  1	[0.04 s]
1.0.AM: Trace Attempt  2	[0.04 s]
1.0.AM: Trace Attempt  3	[0.04 s]
1.0.AD: Trace Attempt  1	[0.07 s]
1.0.AD: Trace Attempt  2	[0.07 s]
1.0.AB: Trace Attempt  4	[0.08 s]
1.0.AD: Trace Attempt  3	[0.07 s]
1.0.AG: Partitioning 4 assumptions over 50 inputs...
1.0.Bm: Trace Attempt  1	[0.14 s]
1.0.AM: Trace Attempt  4	[0.06 s]
1.0.Q3: Cycle 16, State Sig: bbe8918e
1.0.B: Trace Attempt  1	[0.10 s]
1.0.D: Trace Attempt  1	[0.09 s]
1.0.AD: Trace Attempt  4	[0.09 s]
1.0.M: Trace Attempt  1	[0.10 s]
1.0.L: Trace Attempt  1	[0.17 s]
1.0.I: Trace Attempt  2	[0.12 s]
1.0.M: Trace Attempt  2	[0.15 s]
1.0.I: Trace Attempt  2	[0.16 s]
1.0.I: Trace Attempt  3	[0.16 s]
1.0.Hts: Trace Attempt  1	[0.17 s]
1.0.Hts: Trace Attempt  2	[0.17 s]
1.0.Hts: Trace Attempt  3	[0.17 s]
1.0.Q3: Cycle 32, State Sig: ef88bd51
1.0.Ht: Trace Attempt  1	[0.23 s]
1.0.Ht: Trace Attempt  2	[0.24 s]
1.0.D: Trace Attempt  2	[0.19 s]
1.0.Bm: Trace Attempt  2	[0.26 s]
1.0.Ht: A trace with 2 cycles was found. [0.24 s]
INFO (IPF047): 1.0.Ht: The cover property "mem_core_top.resource_constrain_2:precondition1" was covered in 2 cycles in 0.30 s.
1.0.AM: Trace Attempt  5	[0.19 s]
1.0.Hts: Trace Attempt  4	[0.20 s]
1.0.Ht: Trace Attempt  3	[0.25 s]
1.0.Ht: A trace with 3 cycles was found. [0.25 s]
INFO (IPF047): 1.0.Ht: The cover property "mem_core_top.resource_constrain_1:precondition1" was covered in 3 cycles in 0.35 s.
1.0.Ht: Trace Attempt  4	[0.28 s]
1.0.B: Trace Attempt  2	[0.24 s]
1.0.Hts: Trace Attempt  5	[0.23 s]
1.0.K: Trace Attempt  3	[0.25 s]
1.0.C2: Trace Attempt  3	[0.23 s]
1.0.AB: Trace Attempt  5	[0.26 s]
1.0.N: Trace Attempt  3	[0.24 s]
1.0.Ht: A trace with 4 cycles was found. [0.28 s]
INFO (IPF047): 1.0.Ht: The cover property "mem_core_top.assert_qed_match:precondition1" was covered in 4 cycles in 0.39 s.
1.0.L: Trace Attempt  2	[0.31 s]
1.0.AD: Trace Attempt  5	[0.26 s]
1.0.R:    0.05" ---- Attempting simultaneous proof of 6 remaining properties ----
1.0.Ht: Trace Attempt  5	[0.33 s]
1.0.C: Trace Attempt  3	[0.30 s]
1.0.Tri:    0.07" ---- Launching main thread ----
1.0.K: Trace Attempt  1	[0.33 s]
1.0.K: Trace Attempt  2	[0.33 s]
1.0.K: Trace Attempt  3	[0.33 s]
1.0.K: Trace Attempt  4	[0.33 s]
1.0.C2: Partitioning 1 assumptions over 1 inputs...
1.0.C2: Iteration  1	[0.30 s]
1.0.C2: Iteration  2	[0.30 s]
1.0.C: Partitioning 1 assumptions over 1 inputs...
1.0.C: Iteration  1	[0.37 s]
1.0.C: Iteration  2	[0.37 s]
1.0.I: Trace Attempt  3	[0.36 s]
1.0.Ht: Trace Attempt  6	[0.38 s]
1.0.Ht: A trace with 6 cycles was found. [0.41 s]
INFO (IPF047): 1.0.Ht: The cover property "mem_core_top.assert_response_bound:precondition1" was covered in 6 cycles in 0.46 s.
1.0.J: Trace Attempt  1	[0.44 s]
1.0.J: Trace Attempt  1	[0.44 s]
1.0.J: Trace Attempt  2	[0.44 s]
1.0.J: Trace Attempt  1	[0.44 s]
1.0.J: Trace Attempt  3	[0.44 s]
1.0.J: Trace Attempt  1	[0.44 s]
1.0.J: Trace Attempt  4	[0.45 s]
1.0.J: Trace Attempt  1	[0.45 s]
1.0.J: Trace Attempt  1	[0.45 s]
1.0.Ht: Trace Attempt  7	[0.46 s]
1.0.J: Trace Attempt  1	[0.45 s]
1.0.M: Trace Attempt  3	[0.41 s]
1.0.J: Trace Attempt  1	[0.46 s]
1.0.J: Trace Attempt  1	[0.47 s]
1.0.AG: Iteration  1	[0.04 s]
1.0.Bm: Trace Attempt  3	[0.49 s]
1.0.AG: Iteration  2	[0.04 s]
1.0.J: Trace Attempt  1	[0.49 s]
1.0.AG: Iteration  3	[0.04 s]
1.0.L: Trace Attempt  1	[0.51 s]
1.0.AG: Trace Attempt  1	[0.47 s]
1.0.AG: Trace Attempt  2	[0.48 s]
1.0.AG: Trace Attempt  3	[0.48 s]
1.0.J: Trace Attempt  1	[0.51 s]
1.0.Q3: Cycle 64, State Sig: 8ca2819e
1.0.Tri:    0.25" ---- Launching abstraction thread ----
1.0.B: Trace Attempt  3	[0.48 s]
1.0.AG: Trace Attempt  4	[0.50 s]
1.0.J: Trace Attempt  1	[0.55 s]
1.0.Tri:    0.29" ---- Launching multi-phase simplification thread ----
1.0.J: Trace Attempt  1	[0.60 s]
1.0.U: Trace Attempt  1	[0.63 s]
1.0.L: Trace Attempt  2	[0.64 s]
1.0.C2: Trace Attempt  4	[0.61 s]
1.0.C: Trace Attempt  4	[0.65 s]
1.0.K: Trace Attempt  4	[0.65 s]
1.0.J: Trace Attempt  1	[0.69 s]
1.0.AG: Trace Attempt  5	[0.67 s]
1.0.N: Trace Attempt  4	[0.64 s]
1.0.D: Trace Attempt  3	[0.71 s]
1.0.I: Trace Attempt  4	[0.74 s]
1.0.J: Trace Attempt  1	[0.81 s]
1.0.Bm: Trace Attempt  4	[0.87 s]
1.0.L: Trace Attempt  3	[0.86 s]
1.0.U: Trace Attempt  2	[0.91 s]
1.0.B: Trace Attempt  4	[0.86 s]
1.0.Tri: Trace Attempt  2	[0.81 s]
1.0.Tri: Trace Attempt  3	[0.82 s]
1.0.J: Trace Attempt  1	[0.94 s]
1.0.N: Trace Attempt  3	[0.92 s]
1.0.N: Trace Attempt  4	[0.92 s]
1.0.M: Trace Attempt  4	[0.94 s]
1.0.K: Trace Attempt  1	[0.97 s]
1.0.K: Trace Attempt  2	[0.97 s]
1.0.K: Per property time limit expired (0.97 s) [0.97 s]
1.0.K: Stopped processing property "mem_core_top.assert_qed_match"	[0.97 s].
1.0.K: Starting proof for property "mem_core_top.assert_response_bound"	[0.00 s].
1.0.Hts: Stopped processing property "mem_core_top.assert_qed_match"	[0.96 s].
1.0.Hts: Starting proof for property "mem_core_top.assert_response_bound"	[0.00 s].
1.0.N: Stopped processing property "mem_core_top.assert_qed_match"	[0.95 s].
1.0.N: Starting proof for property "mem_core_top.assert_response_bound"	[0.00 s].
1.0.C2: Partitioning 1 assumptions over 1 inputs...
1.0.C2: Stopped processing property "mem_core_top.assert_qed_match"	[0.95 s].
1.0.C2: Starting proof for property "mem_core_top.assert_response_bound"	[0.00 s].
1.0.Hts: Trace Attempt  1	[0.01 s]
1.0.Hts: Trace Attempt  2	[0.01 s]
1.0.Hts: Trace Attempt  3	[0.01 s]
1.0.Hts: Trace Attempt  4	[0.01 s]
1.0.Hts: Trace Attempt  5	[0.01 s]
1.0.K: Trace Attempt  1	[0.01 s]
1.0.C: Partitioning 1 assumptions over 1 inputs...
1.0.N: Trace Attempt  1	[0.02 s]
1.0.K: Trace Attempt  1	[0.02 s]
1.0.K: Trace Attempt  2	[0.02 s]
1.0.C: Stopped processing property "mem_core_top.assert_qed_match"	[1.00 s].
1.0.C: Starting proof for property "mem_core_top.assert_response_bound"	[0.00 s].
1.0.N: Trace Attempt  1	[0.02 s]
1.0.K: Trace Attempt  2	[0.03 s]
1.0.N: Trace Attempt  2	[0.03 s]
1.0.AD: Stopped processing property "mem_core_top.assert_qed_match"	[1.00 s].
1.0.AD: Starting proof for property "mem_core_top.assert_response_bound"	[0.00 s].
1.0.C2: Trace Attempt  2	[0.02 s]
1.0.K: Trace Attempt  1	[0.04 s]
1.0.N: Trace Attempt  1	[0.04 s]
1.0.K: Trace Attempt  2	[0.04 s]
1.0.N: Trace Attempt  2	[0.04 s]
1.0.U: Trace Attempt  3	[1.07 s]
1.0.K: Trace Attempt  3	[0.04 s]
1.0.N: Trace Attempt  3	[0.04 s]
1.0.K: Trace Attempt  4	[0.04 s]
1.0.C: Trace Attempt  2	[0.02 s]
1.0.AD: Trace Attempt  1	[0.02 s]
1.0.J: Trace Attempt  1	[1.06 s]
1.0.N: Trace Attempt  4	[0.06 s]
1.0.AD: Trace Attempt  1	[0.03 s]
1.0.K: Trace Attempt  4	[0.06 s]
1.0.AD: Trace Attempt  2	[0.03 s]
1.0.M: Stopped processing property "mem_core_top.assert_qed_match"	[1.03 s].
1.0.M: Starting proof for property "mem_core_top.assert_response_bound"	[0.00 s].
1.0.C2: Partitioning 4 assumptions over 34 inputs...
1.0.I: Stopped processing property "mem_core_top.assert_qed_match"	[1.01 s].
1.0.I: Starting proof for property "mem_core_top.assert_response_bound"	[0.00 s].
1.0.AD: Trace Attempt  3	[0.03 s]
1.0.AD: Trace Attempt  1	[0.04 s]
1.0.AD: Trace Attempt  2	[0.04 s]
1.0.AD: Trace Attempt  3	[0.04 s]
1.0.AD: Trace Attempt  4	[0.04 s]
1.0.C: Partitioning 4 assumptions over 34 inputs...
1.0.N: Trace Attempt  3	[0.07 s]
1.0.AD: Trace Attempt  5	[0.04 s]
1.0.K: Trace Attempt  1	[0.08 s]
1.0.K: Trace Attempt  2	[0.08 s]
1.0.AG: Stopped processing property "mem_core_top.assert_qed_match"	[1.06 s].
1.0.AG: Starting proof for property "mem_core_top.assert_response_bound"	[0.00 s].
1.0.K: Trace Attempt  3	[0.08 s]
1.0.M: Trace Attempt  1	[0.02 s]
1.0.K: Trace Attempt  4	[0.08 s]
1.0.C2: Trace Attempt  4	[0.07 s]
1.0.K: Trace Attempt  5	[0.08 s]
1.0.M: Trace Attempt  2	[0.02 s]
1.0.AM: Stopped processing property "mem_core_top.assert_qed_match"	[1.03 s].
1.0.AM: Starting proof for property "mem_core_top.assert_response_bound"	[0.00 s].
1.0.I: Trace Attempt  3	[0.03 s]
1.0.C: Trace Attempt  4	[0.07 s]
1.0.M: Trace Attempt  3	[0.03 s]
1.0.AG: Trace Attempt  1	[0.02 s]
1.0.I: Trace Attempt  5	[0.04 s]
1.0.AM: Trace Attempt  1	[0.02 s]
1.0.Tri: Per property time limit expired (0.99 s) [1.02 s]
1.0.Tri: Stopped processing property "mem_core_top.assert_qed_match"	[1.02 s].
1.0.Tri: Starting proof for property "mem_core_top.assert_response_bound"	[0.00 s].
1.0.Tri: Trace Attempt  1	[0.00 s]
1.0.Hps: Per property time limit expired (0.99 s) [1.08 s]
1.0.Hps: Stopped processing property "mem_core_top.assert_qed_match"	[1.08 s].
1.0.Hps: Starting proof for property "mem_core_top.assert_response_bound"	[0.00 s].
1.0.R: Trace Attempt  1	[1.12 s]
1.0.R: Trace Attempt  2	[1.12 s]
1.0.AM: Trace Attempt  1	[0.03 s]
1.0.AM: Trace Attempt  2	[0.03 s]
1.0.AM: Trace Attempt  3	[0.03 s]
1.0.AB: Stopped processing property "mem_core_top.assert_qed_match"	[1.09 s].
1.0.AB: Starting proof for property "mem_core_top.assert_response_bound"	[0.00 s].
1.0.AM: Trace Attempt  1	[0.03 s]
1.0.AM: Trace Attempt  2	[0.03 s]
1.0.AM: Trace Attempt  3	[0.04 s]
1.0.I: Trace Attempt  2	[0.06 s]
1.0.AM: Trace Attempt  4	[0.04 s]
1.0.AM: Trace Attempt  5	[0.04 s]
1.0.I: Trace Attempt  3	[0.07 s]
1.0.R:    0.87" ---- Attempting simultaneous proof of 2 remaining properties ----
1.0.AG: Partitioning 4 assumptions over 50 inputs...
1.0.K: Trace Attempt  1	[0.13 s]
1.0.N: Trace Attempt  3	[0.13 s]
1.0.K: Trace Attempt  2	[0.14 s]
1.0.K: Trace Attempt  3	[0.14 s]
1.0.K: Trace Attempt  4	[0.14 s]
1.0.AB: Trace Attempt  1	[0.02 s]
1.0.I: Trace Attempt  4	[0.08 s]
1.0.K: Trace Attempt  5	[0.14 s]
1.0.AB: Trace Attempt  1	[0.03 s]
1.0.AB: Trace Attempt  2	[0.03 s]
1.0.AB: Trace Attempt  3	[0.03 s]
1.0.AG: Iteration  1	[0.02 s]
1.0.AB: Trace Attempt  1	[0.03 s]
1.0.AB: Trace Attempt  2	[0.03 s]
1.0.AB: Trace Attempt  3	[0.03 s]
1.0.C2: Partitioning 4 assumptions over 34 inputs...
1.0.AB: Trace Attempt  4	[0.03 s]
1.0.AB: Trace Attempt  5	[0.04 s]
1.0.Hps: Trace Attempt  1	[0.06 s]
1.0.D: Stopped processing property "mem_core_top.assert_qed_match"	[1.14 s].
1.0.D: Starting proof for property "mem_core_top.assert_response_bound"	[0.00 s].
1.0.Hps: Trace Attempt  2	[0.07 s]
1.0.M: Trace Attempt  4	[0.12 s]
1.0.J: Trace Attempt  1	[1.19 s]
1.0.Hps: Trace Attempt  3	[0.08 s]
1.0.C: Partitioning 4 assumptions over 34 inputs...
1.0.U: Trace Attempt  4	[1.22 s]
1.0.Hps: Trace Attempt  4	[0.08 s]
1.0.AG: Iteration  2	[0.02 s]
1.0.D: Trace Attempt  1	[0.02 s]
1.0.B: Stopped processing property "mem_core_top.assert_qed_match"	[1.17 s].
1.0.B: Starting proof for property "mem_core_top.assert_response_bound"	[0.00 s].
1.0.AG: Iteration  3	[0.02 s]
1.0.D: Trace Attempt  2	[0.03 s]
1.0.AG: Trace Attempt  1	[0.12 s]
1.0.AG: Trace Attempt  2	[0.12 s]
1.0.N: Trace Attempt  3	[0.20 s]
1.0.AG: Trace Attempt  3	[0.13 s]
1.0.I: Trace Attempt  2	[0.14 s]
1.0.AG: Trace Attempt  4	[0.13 s]
1.0.K: Trace Attempt  1	[0.21 s]
1.0.AG: Trace Attempt  5	[0.13 s]
1.0.K: Trace Attempt  2	[0.21 s]
1.0.I: Trace Attempt  3	[0.15 s]
1.0.B: Trace Attempt  1	[0.02 s]
1.0.K: Trace Attempt  3	[0.22 s]
1.0.B: Trace Attempt  2	[0.02 s]
1.0.D: Trace Attempt  3	[0.04 s]
1.0.K: Trace Attempt  4	[0.22 s]
1.0.B: Trace Attempt  3	[0.03 s]
1.0.B: Trace Attempt  4	[0.03 s]
1.0.K: Trace Attempt  5	[0.23 s]
1.0.I: Trace Attempt  4	[0.17 s]
1.0.Hps: Trace Attempt  5	[0.12 s]
1.0.B: Trace Attempt  5	[0.04 s]
1.0.L: Trace Attempt  1	[1.25 s]
1.0.Bm: Trace Attempt  5	[1.26 s]
1.0.Tri:    0.98" ---- Launching main thread ----
1.0.D: Trace Attempt  4	[0.08 s]
1.0.Tri:    1.02" ---- Launching abstraction thread ----
1.0.J: Trace Attempt  1	[1.30 s]
1.0.Tri:    1.03" ---- Launching multi-phase simplification thread ----
1.0.AD: Trace Attempt  2	[0.26 s]
1.0.AD: Trace Attempt  3	[0.27 s]
1.0.AM: Trace Attempt  3	[0.23 s]
1.0.AD: Trace Attempt  4	[0.29 s]
1.0.Tri: Trace Attempt  2	[0.23 s]
1.0.I: Trace Attempt  2	[0.29 s]
1.0.Tri: Trace Attempt  3	[0.25 s]
1.0.I: Trace Attempt  3	[0.30 s]
1.0.AB: Trace Attempt  1	[0.25 s]
1.0.Tri: Trace Attempt  4	[0.26 s]
1.0.AB: Trace Attempt  2	[0.25 s]
1.0.AB: Trace Attempt  3	[0.25 s]
1.0.AB: Trace Attempt  4	[0.25 s]
1.0.AB: Trace Attempt  5	[0.25 s]
1.0.U: Trace Attempt  5	[1.41 s]
1.0.Tri: Trace Attempt  5	[0.28 s]
1.0.I: Trace Attempt  4	[0.32 s]
1.0.K: Trace Attempt  1	[0.40 s]
1.0.K: Trace Attempt  2	[0.41 s]
1.0.J: Trace Attempt  1	[1.42 s]
1.0.K: Trace Attempt  3	[0.41 s]
1.0.K: Trace Attempt  4	[0.42 s]
1.0.K: Trace Attempt  5	[0.42 s]
1.0.N: Trace Attempt  3	[0.43 s]
1.0.J: Trace Attempt  1	[1.56 s]
1.0.AG: Partitioning 4 assumptions over 33 inputs...
1.0.Q3: Cycle 128, State Sig: 8bcb5d2c
1.0.Tri:    1.45" Simplification phase 1 complete
1.0.J: Trace Attempt  1	[1.73 s]
1.0.J: Trace Attempt  1	[1.88 s]
1.0.I: Trace Attempt  2	[0.86 s]
1.0.I: Trace Attempt  3	[0.88 s]
1.0.R: Trace Attempt  1	[1.96 s]
1.0.R: Trace Attempt  2	[1.96 s]
1.0.L: Trace Attempt  2	[1.97 s]
1.0.R: Trace Attempt  3	[1.97 s]
1.0.I: Trace Attempt  4	[0.90 s]
1.0.R:    1.72" ---- Attempting simultaneous proof of 2 remaining properties ----
1.0.Hts: Trace Attempt 15	[0.69 s]
1.0.Hts: Per property time limit expired (1.00 s) [1.00 s]
1.0.Hts: Stopped processing property "mem_core_top.assert_response_bound"	[1.00 s].
1.0.Hts: Next scan (1) will use per property time limit: 1s * 10 ^ 1 = 10s
1.0.Hts: Starting proof for property "mem_core_top.assert_qed_match"	[0.00 s].
1.0.I: Stopped processing property "mem_core_top.assert_response_bound"	[0.94 s].
1.0.I: Next scan (1) will use per property time limit: 1s * 10 ^ 1 = 10s
1.0.I: Starting proof for property "mem_core_top.assert_qed_match"	[0.00 s].
1.0.Hps: Stopped processing property "mem_core_top.assert_response_bound"	[0.89 s].
1.0.Hps: Next scan (1) will use per property time limit: 1s * 10 ^ 1 = 10s
1.0.Hps: Starting proof for property "mem_core_top.assert_qed_match"	[0.00 s].
1.0.AG: Stopped processing property "mem_core_top.assert_response_bound"	[0.92 s].
1.0.AG: Next scan (1) will use per property time limit: 1s * 10 ^ 1 = 10s
1.0.AG: Starting proof for property "mem_core_top.assert_qed_match"	[0.00 s].
1.0.AB: Stopped processing property "mem_core_top.assert_response_bound"	[0.88 s].
1.0.AB: Next scan (1) will use per property time limit: 1s * 10 ^ 1 = 10s
1.0.AB: Starting proof for property "mem_core_top.assert_qed_match"	[0.00 s].
1.0.D: Stopped processing property "mem_core_top.assert_response_bound"	[0.83 s].
1.0.B: Stopped processing property "mem_core_top.assert_response_bound"	[0.81 s].
1.0.B: Next scan (1) will use per property time limit: 1s * 10 ^ 1 = 10s
1.0.B: Starting proof for property "mem_core_top.assert_qed_match"	[0.00 s].
1.0.D: Next scan (1) will use per property time limit: 1s * 10 ^ 1 = 10s
1.0.D: Starting proof for property "mem_core_top.assert_qed_match"	[0.00 s].
1.0.M: Stopped processing property "mem_core_top.assert_response_bound"	[0.94 s].
1.0.M: Next scan (1) will use per property time limit: 1s * 10 ^ 1 = 10s
1.0.M: Starting proof for property "mem_core_top.assert_qed_match"	[0.00 s].
1.0.N: Stopped processing property "mem_core_top.assert_response_bound"	[1.01 s].
1.0.N: Next scan (1) will use per property time limit: 1s * 10 ^ 1 = 10s
1.0.N: Starting proof for property "mem_core_top.assert_qed_match"	[0.00 s].
1.0.AD: Stopped processing property "mem_core_top.assert_response_bound"	[0.98 s].
1.0.K: Stopped processing property "mem_core_top.assert_response_bound"	[1.01 s].
1.0.K: Next scan (1) will use per property time limit: 1s * 10 ^ 1 = 10s
1.0.K: Starting proof for property "mem_core_top.assert_qed_match"	[0.00 s].
1.0.AD: Next scan (1) will use per property time limit: 1s * 10 ^ 1 = 10s
1.0.AD: Starting proof for property "mem_core_top.assert_qed_match"	[0.00 s].
1.0.C: Stopped processing property "mem_core_top.assert_response_bound"	[0.98 s].
1.0.C: Next scan (1) will use per property time limit: 1s * 10 ^ 1 = 10s
1.0.C: Starting proof for property "mem_core_top.assert_qed_match"	[0.00 s].
1.0.C2: Stopped processing property "mem_core_top.assert_response_bound"	[1.00 s].
1.0.C2: Next scan (1) will use per property time limit: 1s * 10 ^ 1 = 10s
1.0.C2: Starting proof for property "mem_core_top.assert_qed_match"	[0.00 s].
1.0.AM: Stopped processing property "mem_core_top.assert_response_bound"	[0.93 s].
1.0.AM: Next scan (1) will use per property time limit: 1s * 10 ^ 1 = 10s
1.0.AM: Starting proof for property "mem_core_top.assert_qed_match"	[0.00 s].
1.0.AB: Trace Attempt  1	[0.03 s]
1.0.AG: Trace Attempt  1	[0.03 s]
1.0.AB: Trace Attempt  1	[0.04 s]
1.0.AD: Trace Attempt  1	[0.04 s]
1.0.AB: Trace Attempt  2	[0.04 s]
1.0.AB: Trace Attempt  3	[0.04 s]
1.0.AM: Trace Attempt  1	[0.03 s]
1.0.AB: Trace Attempt  1	[0.05 s]
1.0.AB: Trace Attempt  2	[0.05 s]
1.0.J: Trace Attempt  1	[2.06 s]
1.0.AB: Trace Attempt  3	[0.05 s]
1.0.AM: Trace Attempt  1	[0.04 s]
1.0.AD: Trace Attempt  1	[0.05 s]
1.0.AM: Trace Attempt  2	[0.04 s]
1.0.Tri: Stopped processing property "mem_core_top.assert_response_bound"	[0.95 s].
1.0.Tri: Next scan (1) will use per property time limit: 1s * 10 ^ 1 = 10s
1.0.Tri: Starting proof for property "mem_core_top.assert_qed_match"	[0.00 s].
1.0.Tri: Trace Attempt  1	[0.00 s]
1.0.AD: Trace Attempt  2	[0.05 s]
1.0.AM: Trace Attempt  3	[0.04 s]
1.0.AD: Trace Attempt  3	[0.06 s]
1.0.AB: Trace Attempt  4	[0.07 s]
1.0.AM: Trace Attempt  1	[0.06 s]
1.0.AM: Trace Attempt  2	[0.06 s]
1.0.AM: Trace Attempt  3	[0.06 s]
1.0.AD: Trace Attempt  1	[0.07 s]
1.0.AD: Trace Attempt  2	[0.07 s]
1.0.AD: Trace Attempt  3	[0.07 s]
1.0.AG: Partitioning 4 assumptions over 50 inputs...
1.0.M: Trace Attempt  1	[0.08 s]
1.0.AM: Trace Attempt  4	[0.09 s]
1.0.AD: Trace Attempt  4	[0.10 s]
1.0.B: Trace Attempt  1	[0.10 s]
1.0.Tri:    1.87" ---- Launching main thread ----
1.0.M: Trace Attempt  2	[0.15 s]
1.0.D: Trace Attempt  3	[0.20 s]
1.0.B: Trace Attempt  2	[0.20 s]
1.0.J: Trace Attempt  1	[2.22 s]
1.0.Hts: Trace Attempt  1	[0.21 s]
1.0.Hts: Trace Attempt  2	[0.21 s]
1.0.Hts: Trace Attempt  3	[0.22 s]
1.0.Tri:    1.98" ---- Launching abstraction thread ----
1.0.Hts: Trace Attempt  4	[0.24 s]
1.0.AB: Trace Attempt  5	[0.25 s]
1.0.AM: Trace Attempt  5	[0.25 s]
1.0.Hts: Trace Attempt  5	[0.27 s]
1.0.AD: Trace Attempt  5	[0.26 s]
1.0.Tri:    2.02" ---- Launching multi-phase simplification thread ----
1.0.N: Trace Attempt  4	[0.29 s]
1.0.C2: Trace Attempt  4	[0.30 s]
1.0.C: Trace Attempt  4	[0.32 s]
1.0.K: Trace Attempt  4	[0.33 s]
1.0.Hps: Trace Attempt  1	[0.37 s]
1.0.J: Trace Attempt  1	[2.39 s]
1.0.I: Trace Attempt  4	[0.39 s]
1.0.AG: Iteration  1	[0.04 s]
1.0.AG: Iteration  2	[0.04 s]
1.0.AG: Iteration  3	[0.04 s]
1.0.B: Trace Attempt  3	[0.43 s]
1.0.M: Trace Attempt  3	[0.44 s]
1.0.AG: Trace Attempt  1	[0.45 s]
1.0.AG: Trace Attempt  2	[0.45 s]
1.0.AG: Trace Attempt  3	[0.45 s]
1.0.AG: Trace Attempt  4	[0.47 s]
1.0.J: Trace Attempt  1	[2.56 s]
1.0.N: Trace Attempt  3	[0.58 s]
1.0.N: Trace Attempt  4	[0.59 s]
1.0.AG: Trace Attempt  5	[0.64 s]
1.0.Hps: Trace Attempt  2	[0.68 s]
1.0.C2: Partitioning 1 assumptions over 1 inputs...
1.0.J: Trace Attempt  1	[2.70 s]
1.0.K: Trace Attempt  1	[0.69 s]
1.0.K: Trace Attempt  2	[0.69 s]
1.0.K: Trace Attempt  3	[0.69 s]
1.0.K: Trace Attempt  4	[0.70 s]
1.0.K: Trace Attempt  5	[0.70 s]
1.0.C: Partitioning 1 assumptions over 1 inputs...
1.0.B: Trace Attempt  4	[0.81 s]
1.0.J: Trace Attempt  1	[2.83 s]
1.0.R: Trace Attempt  1	[2.85 s]
1.0.R: Trace Attempt  2	[2.85 s]
1.0.R: Trace Attempt  3	[2.88 s]
1.0.R: Trace Attempt  4	[2.90 s]
1.0.R: Trace Attempt  5	[2.92 s]
1.0.R:    2.68" ---- Attempting simultaneous proof of 2 remaining properties ----
1.0.J: Trace Attempt  1	[2.95 s]
1.0.M: Trace Attempt  4	[0.95 s]
1.0.Hps: Trace Attempt  3	[0.96 s]
1.0.D: Trace Attempt  4	[1.04 s]
1.0.Tri: Trace Attempt  4	[1.00 s]
1.0.J: Trace Attempt  1	[3.07 s]
1.0.L: Trace Attempt  3	[3.09 s]
1.0.N: Trace Attempt  5	[1.13 s]
1.0.C2: Trace Attempt  5	[1.12 s]
1.0.K: Trace Attempt  5	[1.15 s]
1.0.C: Trace Attempt  5	[1.16 s]
1.0.J: Trace Attempt  1	[3.21 s]
1.0.B: Trace Attempt  5	[1.21 s]
1.0.I: Trace Attempt  5	[1.33 s]
1.0.J: Trace Attempt  1	[3.35 s]
1.0.Hps: Trace Attempt  4	[1.35 s]
1.0.J: Trace Attempt  1	[3.48 s]
1.0.Q3: Trace Attempt 200	[3.36 s]
1.0.Q3: A sanity trace with 200 cycles was found. [3.36 s]
1.0.J: Trace Attempt  1	[3.61 s]
1.0.Q3: Restart 1, Seed 3d6ac7505b4d6a6c, 50.0%
1.0.Q3: Trace Attempt  1	[3.58 s]
1.0.Q3: Trace Attempt  2	[3.58 s]
1.0.Q3: Trace Attempt  3	[3.58 s]
1.0.Q3: Trace Attempt  4	[3.59 s]
1.0.Q3: Trace Attempt  5	[3.59 s]
1.0.J: Trace Attempt  1	[3.75 s]
1.0.N: Trace Attempt  3	[1.76 s]
1.0.N: Trace Attempt  4	[1.77 s]
1.0.R: Trace Attempt  1	[3.83 s]
1.0.R: Trace Attempt  2	[3.83 s]
1.0.K: Trace Attempt  1	[1.83 s]
1.0.K: Trace Attempt  2	[1.83 s]
1.0.K: Trace Attempt  3	[1.84 s]
1.0.K: Trace Attempt  4	[1.84 s]
1.0.K: Trace Attempt  5	[1.85 s]
1.0.R: Trace Attempt  3	[3.87 s]
1.0.J: Trace Attempt  1	[3.90 s]
1.0.R: Trace Attempt  4	[3.96 s]
1.0.J: Trace Attempt  1	[4.10 s]
1.0.R: Trace Attempt  5	[4.11 s]
1.0.L: Trace Attempt  4	[4.19 s]
1.0.R:    3.92" ---- Attempting simultaneous proof of 2 remaining properties ----
1.0.J: Trace Attempt  1	[4.24 s]
1.0.J: Trace Attempt  1	[4.37 s]
1.0.D: Trace Attempt  5	[2.37 s]
1.0.J: Trace Attempt  1	[4.50 s]
1.0.J: Trace Attempt  1	[4.63 s]
1.0.J: Trace Attempt  1	[4.77 s]
1.0.J: Trace Attempt  1	[4.89 s]
1.0.J: Trace Attempt  1	[5.03 s]
1.0.Tri: Trace Attempt  5	[3.01 s]
1.0.R: Trace Attempt  1	[5.08 s]
1.0.R: Trace Attempt  2	[5.08 s]
1.0.R: Trace Attempt  3	[5.14 s]
1.0.J: Trace Attempt  1	[5.17 s]
1.0.R: Trace Attempt  4	[5.25 s]
1.0.J: Trace Attempt  1	[5.31 s]
1.0.L: Trace Attempt  1	[5.42 s]
1.0.J: Trace Attempt  1	[5.45 s]
1.0.U: Trace Attempt 25	[5.51 s]
1.0.J: Trace Attempt  1	[5.58 s]
1.0.J: Trace Attempt  1	[5.71 s]
1.0.L: Trace Attempt  2	[5.82 s]
1.0.J: Trace Attempt  1	[5.85 s]
1.0.Ht: Trace Attempt 10	[5.86 s]
1.0.J: Trace Attempt  1	[5.98 s]
1.0.N: Trace Attempt  3	[4.03 s]
1.0.N: Trace Attempt  4	[4.07 s]
1.0.J: Trace Attempt  1	[6.11 s]
1.0.J: Trace Attempt  1	[6.24 s]
1.0.K: Trace Attempt  1	[4.25 s]
1.0.K: Trace Attempt  2	[4.28 s]
1.0.K: Trace Attempt  3	[4.32 s]
1.0.J: Trace Attempt  1	[6.38 s]
1.0.K: Trace Attempt  4	[4.42 s]
1.0.L: Trace Attempt  3	[6.45 s]
1.0.R: Trace Attempt  5	[6.46 s]
1.0.I: Trace Attempt  2	[4.46 s]
1.0.J: Trace Attempt  1	[6.51 s]
1.0.K: Trace Attempt  5	[4.52 s]
1.0.R:    6.29" ---- Attempting simultaneous proof of 2 remaining properties ----
1.0.J: Trace Attempt  1	[6.64 s]
1.0.I: Trace Attempt  3	[4.63 s]
1.0.J: Trace Attempt  1	[6.77 s]
1.0.I: Trace Attempt  4	[4.89 s]
1.0.J: Trace Attempt  1	[6.90 s]
1.0.Q3: Restart 2, Seed 8039ff370aefafd0, 50.0%
1.0.Q3: Trace Attempt  1	[7.00 s]
1.0.Q3: Trace Attempt  2	[7.00 s]
1.0.Q3: Trace Attempt  3	[7.00 s]
1.0.Q3: Trace Attempt  4	[7.01 s]
1.0.Q3: Trace Attempt  5	[7.01 s]
1.0.J: Trace Attempt  1	[7.04 s]
1.0.L: Trace Attempt  4	[7.10 s]
1.0.J: Trace Attempt  1	[7.18 s]
1.0.I: Trace Attempt  5	[5.25 s]
1.0.J: Trace Attempt  1	[7.31 s]
1.0.J: Trace Attempt  1	[7.44 s]
1.0.R: Trace Attempt  1	[7.47 s]
1.0.R: Trace Attempt  2	[7.47 s]
1.0.R: Trace Attempt  3	[7.53 s]
1.0.J: Trace Attempt  1	[7.59 s]
1.0.R: Trace Attempt  4	[7.63 s]
1.0.J: Trace Attempt  1	[7.72 s]
1.0.L: Trace Attempt  5	[7.79 s]
1.0.J: Trace Attempt  1	[7.85 s]
1.0.J: Trace Attempt  1	[7.98 s]
1.0.J: Trace Attempt  1	[8.11 s]
1.0.Hts: Trace Attempt 10	[6.12 s]
1.0.J: Trace Attempt  1	[8.24 s]
1.0.J: Trace Attempt  1	[8.38 s]
1.0.J: Trace Attempt  1	[8.51 s]
1.0.J: Trace Attempt  1	[8.63 s]
1.0.L: Trace Attempt  1	[8.76 s]
1.0.J: Trace Attempt  1	[8.76 s]
1.0.J: Trace Attempt  1	[8.89 s]
1.0.J: Trace Attempt  1	[9.02 s]
1.0.L: Trace Attempt  2	[9.15 s]
1.0.J: Trace Attempt  1	[9.15 s]
1.0.J: Trace Attempt  1	[9.28 s]
1.0.J: Trace Attempt  1	[9.41 s]
1.0.J: Trace Attempt  1	[9.54 s]
1.0.U: Trace Attempt 40	[9.59 s]
1.0.J: Trace Attempt  1	[9.67 s]
1.0.L: Trace Attempt  3	[9.76 s]
1.0.J: Trace Attempt  1	[9.80 s]
1.0.Bm: Trace Attempt 10	[9.88 s]
1.0.J: Trace Attempt  1	[9.93 s]
1.0.J: Trace Attempt  1	[10.06 s]
1.0.J: Trace Attempt  1	[10.19 s]
1.0.C2: Trace Attempt  8	[8.24 s]
1.0.R: Trace Attempt  5	[10.27 s]
1.0.J: Trace Attempt  1	[10.31 s]
1.0.L: Trace Attempt  4	[10.39 s]
1.0.J: Trace Attempt  1	[10.44 s]
1.0.Q3: Restart 3, Seed 8b5c65424248d36f, 50.0%
1.0.Q3: Trace Attempt  1	[10.56 s]
1.0.Q3: Trace Attempt  2	[10.56 s]
1.0.Q3: Trace Attempt  3	[10.56 s]
1.0.Q3: Trace Attempt  4	[10.57 s]
1.0.Q3: Trace Attempt  5	[10.57 s]
1.0.J: Trace Attempt  1	[10.57 s]
1.0.C: Trace Attempt  8	[8.65 s]
1.0.J: Trace Attempt  1	[10.70 s]
1.0.J: Trace Attempt  1	[10.83 s]
1.0.J: Trace Attempt  1	[10.96 s]
1.0.L: Trace Attempt  5	[11.04 s]
1.0.J: Trace Attempt  1	[11.09 s]
1.0.J: Trace Attempt  1	[11.22 s]
1.0.J: Trace Attempt  1	[11.35 s]
1.0.J: Trace Attempt  1	[11.48 s]
1.0.B: Trace Attempt 10	[9.54 s]
1.0.J: Trace Attempt  1	[11.61 s]
1.0.J: Trace Attempt  1	[11.73 s]
1.0.D: Trace Attempt  7	[9.81 s]
1.0.J: Trace Attempt  1	[11.86 s]
1.0.J: Trace Attempt  1	[11.99 s]
1.0.Hts: Per property time limit expired (10.00 s) [10.00 s]
1.0.Hts: Stopped processing property "mem_core_top.assert_qed_match"	[10.00 s].
1.0.Hts: Starting proof for property "mem_core_top.assert_response_bound"	[0.00 s].
1.0.Hps: Per property time limit expired (10.00 s) [10.00 s]
1.0.Hps: Stopped processing property "mem_core_top.assert_qed_match"	[10.00 s].
1.0.Hps: Starting proof for property "mem_core_top.assert_response_bound"	[0.00 s].
1.0.Hts: Trace Attempt  1	[0.02 s]
1.0.Hts: Trace Attempt  2	[0.02 s]
1.0.Hts: Trace Attempt  3	[0.02 s]
1.0.Hts: Trace Attempt  4	[0.02 s]
1.0.Hts: Trace Attempt  5	[0.02 s]
1.0.AD: Stopped processing property "mem_core_top.assert_qed_match"	[10.01 s].
1.0.AD: Starting proof for property "mem_core_top.assert_response_bound"	[0.00 s].
1.0.AD: Trace Attempt  1	[0.02 s]
1.0.AD: Trace Attempt  1	[0.03 s]
1.0.AD: Trace Attempt  2	[0.04 s]
1.0.AD: Trace Attempt  3	[0.04 s]
1.0.M: Stopped processing property "mem_core_top.assert_qed_match"	[10.06 s].
1.0.M: Starting proof for property "mem_core_top.assert_response_bound"	[0.00 s].
1.0.AD: Trace Attempt  1	[0.04 s]
1.0.AD: Trace Attempt  2	[0.04 s]
1.0.AD: Trace Attempt  3	[0.05 s]
1.0.AD: Trace Attempt  4	[0.05 s]
1.0.AD: Trace Attempt  5	[0.05 s]
1.0.M: Trace Attempt  1	[0.02 s]
1.0.M: Trace Attempt  2	[0.02 s]
1.0.M: Trace Attempt  3	[0.03 s]
1.0.C2: Stopped processing property "mem_core_top.assert_qed_match"	[10.09 s].
1.0.C2: Starting proof for property "mem_core_top.assert_response_bound"	[0.00 s].
1.0.Hps: Trace Attempt  1	[0.10 s]
1.0.Hps: Trace Attempt  2	[0.11 s]
1.0.Hps: Trace Attempt  3	[0.12 s]
1.0.N: Stopped processing property "mem_core_top.assert_qed_match"	[10.12 s].
1.0.N: Starting proof for property "mem_core_top.assert_response_bound"	[0.00 s].
1.0.J: Trace Attempt  1	[12.14 s]
1.0.Hps: Trace Attempt  4	[0.14 s]
1.0.I: Stopped processing property "mem_core_top.assert_qed_match"	[10.14 s].
1.0.I: Starting proof for property "mem_core_top.assert_response_bound"	[0.00 s].
1.0.K: Stopped processing property "mem_core_top.assert_qed_match"	[10.13 s].
1.0.K: Starting proof for property "mem_core_top.assert_response_bound"	[0.00 s].
1.0.D: Stopped processing property "mem_core_top.assert_qed_match"	[10.14 s].
1.0.D: Starting proof for property "mem_core_top.assert_response_bound"	[0.00 s].
1.0.C: Stopped processing property "mem_core_top.assert_qed_match"	[10.14 s].
1.0.C: Starting proof for property "mem_core_top.assert_response_bound"	[0.00 s].
1.0.Tri: Trace Attempt 10	[6.48 s]
1.0.Tri: Per property time limit expired (10.00 s) [10.10 s]
1.0.Tri: Stopped processing property "mem_core_top.assert_qed_match"	[10.10 s].
1.0.Tri: Starting proof for property "mem_core_top.assert_response_bound"	[0.00 s].
1.0.Tri: Trace Attempt  1	[0.00 s]
1.0.M: Trace Attempt  4	[0.11 s]
1.0.Hps: Trace Attempt  5	[0.18 s]
1.0.AB: Stopped processing property "mem_core_top.assert_qed_match"	[10.18 s].
1.0.AB: Starting proof for property "mem_core_top.assert_response_bound"	[0.00 s].
1.0.AM: Stopped processing property "mem_core_top.assert_qed_match"	[10.17 s].
1.0.AM: Starting proof for property "mem_core_top.assert_response_bound"	[0.00 s].
1.0.AG: Stopped processing property "mem_core_top.assert_qed_match"	[10.19 s].
1.0.AG: Starting proof for property "mem_core_top.assert_response_bound"	[0.00 s].
1.0.AM: Trace Attempt  1	[0.01 s]
1.0.B: Stopped processing property "mem_core_top.assert_qed_match"	[10.20 s].
1.0.B: Starting proof for property "mem_core_top.assert_response_bound"	[0.00 s].
1.0.AB: Trace Attempt  1	[0.02 s]
1.0.AM: Trace Attempt  1	[0.02 s]
1.0.AM: Trace Attempt  2	[0.02 s]
1.0.Tri:   11.95" ---- Launching main thread ----
1.0.AM: Trace Attempt  3	[0.03 s]
1.0.AM: Trace Attempt  1	[0.03 s]
1.0.AM: Trace Attempt  2	[0.03 s]
1.0.AG: Trace Attempt  1	[0.02 s]
1.0.AM: Trace Attempt  3	[0.03 s]
1.0.AB: Trace Attempt  1	[0.03 s]
1.0.AB: Trace Attempt  2	[0.03 s]
1.0.AB: Trace Attempt  3	[0.03 s]
1.0.AM: Trace Attempt  4	[0.03 s]
1.0.AM: Trace Attempt  5	[0.03 s]
1.0.AB: Trace Attempt  1	[0.03 s]
1.0.AB: Trace Attempt  2	[0.03 s]
1.0.AB: Trace Attempt  3	[0.04 s]
1.0.B: Trace Attempt  1	[0.02 s]
1.0.AB: Trace Attempt  4	[0.04 s]
1.0.B: Trace Attempt  2	[0.03 s]
1.0.AB: Trace Attempt  5	[0.04 s]
1.0.B: Trace Attempt  3	[0.03 s]
1.0.J: Trace Attempt  1	[12.25 s]
1.0.B: Trace Attempt  4	[0.04 s]
1.0.AG: Partitioning 4 assumptions over 50 inputs...
1.0.Tri:   11.99" ---- Launching abstraction thread ----
1.0.B: Trace Attempt  5	[0.05 s]
1.0.AG: Iteration  1	[0.03 s]
1.0.AD: Trace Attempt  2	[0.23 s]
1.0.Tri:   12.00" ---- Launching multi-phase simplification thread ----
1.0.AD: Trace Attempt  3	[0.25 s]
1.0.AD: Trace Attempt  4	[0.27 s]
1.0.AG: Iteration  2	[0.03 s]
1.0.AG: Iteration  3	[0.03 s]
1.0.AG: Trace Attempt  1	[0.10 s]
1.0.AG: Trace Attempt  2	[0.10 s]
1.0.AG: Trace Attempt  3	[0.10 s]
1.0.AG: Trace Attempt  4	[0.10 s]
1.0.AG: Trace Attempt  5	[0.11 s]
1.0.J: Trace Attempt  1	[12.38 s]
1.0.AM: Trace Attempt  3	[0.24 s]
1.0.AB: Trace Attempt  1	[0.27 s]
1.0.AB: Trace Attempt  2	[0.27 s]
1.0.AB: Trace Attempt  3	[0.27 s]
1.0.AB: Trace Attempt  4	[0.27 s]
1.0.AB: Trace Attempt  5	[0.28 s]
1.0.J: Trace Attempt  1	[12.51 s]
1.0.I: Trace Attempt  2	[0.41 s]
1.0.I: Trace Attempt  3	[0.42 s]
1.0.I: Trace Attempt  4	[0.44 s]
1.0.J: Trace Attempt  1	[12.63 s]
1.0.AG: Partitioning 4 assumptions over 33 inputs...
1.0.Tri:   12.41" Simplification phase 1 complete
1.0.J: Trace Attempt  1	[12.77 s]
1.0.K: Trace Attempt  1	[0.63 s]
1.0.K: Trace Attempt  2	[0.63 s]
1.0.K: Trace Attempt  3	[0.64 s]
1.0.K: Trace Attempt  4	[0.64 s]
1.0.K: Trace Attempt  5	[0.65 s]
1.0.J: Trace Attempt  1	[12.90 s]
1.0.N: Trace Attempt  3	[0.84 s]
1.0.G: Stopped processing property "mem_core_top.assert_qed_match"	[12.96 s].
1.0.G: Next scan (1) will use per property time limit: 1s * 10 ^ 1 = 10s
1.0.G: Starting proof for property "mem_core_top.assert_response_bound"	[0.00 s].
1.0.J: Trace Attempt  1	[13.03 s]
1.0.Tri:   12.83" Simplification phase 2 complete
1.0.C2: Partitioning 4 assumptions over 1 inputs...
1.0.J: Trace Attempt  1	[13.17 s]
1.0.G2: Stopped processing property "mem_core_top.assert_qed_match"	[13.16 s].
1.0.G2: Next scan (1) will use per property time limit: 1s * 10 ^ 1 = 10s
1.0.G2: Starting proof for property "mem_core_top.assert_response_bound"	[0.00 s].
1.0.C: Partitioning 4 assumptions over 1 inputs...
1.0.G: Partitioning 4 assumptions over 1 inputs...
1.0.J: Trace Attempt  1	[13.30 s]
1.0.G2: Partitioning 4 assumptions over 1 inputs...
1.0.J: Trace Attempt  1	[13.45 s]
1.0.J: Trace Attempt  1	[13.60 s]
1.0.J: Trace Attempt  1	[13.73 s]
1.0.U: Trace Attempt 53	[13.78 s]
1.0.Tri:   13.55" Simplification phase 3 complete
  13.55" ---- Completed simplification thread ----
  13.55" ---- Restarting main thread on simplified netlist ----
1.0.Tri:   13.58" ---- Restarting abstraction thread on simplified netlist ----
1.0.J: Trace Attempt  1	[13.86 s]
1.0.J: Trace Attempt  1	[13.97 s]
1.0.J: Trace Attempt  1	[14.07 s]
1.0.Q3: Restart 4, Seed 26cc4a3045a595e0, 50.0%
1.0.Q3: Trace Attempt  1	[14.16 s]
1.0.Q3: Trace Attempt  2	[14.16 s]
1.0.Q3: Trace Attempt  3	[14.16 s]
1.0.Q3: Trace Attempt  4	[14.17 s]
1.0.Q3: Trace Attempt  5	[14.17 s]
1.0.J: Trace Attempt  1	[14.18 s]
1.0.I: Trace Attempt  2	[2.09 s]
1.0.I: Trace Attempt  3	[2.11 s]
1.0.I: Trace Attempt  4	[2.14 s]
1.0.R:   14.03" ---- Attempting simultaneous proof of 2 remaining properties ----
1.0.J: Trace Attempt  1	[14.30 s]
1.0.J: Trace Attempt  1	[14.41 s]
1.0.J: Trace Attempt  1	[14.54 s]
1.0.J: Trace Attempt  1	[14.66 s]
1.0.J: Trace Attempt  1	[14.80 s]
1.0.J: Trace Attempt  1	[14.94 s]
1.0.J: Trace Attempt  1	[15.07 s]
1.0.J: Trace Attempt  1	[15.20 s]
1.0.R: Trace Attempt  1	[15.26 s]
1.0.R: Trace Attempt  2	[15.26 s]
1.0.R: Trace Attempt  3	[15.30 s]
1.0.J: Trace Attempt  1	[15.38 s]
1.0.R: Trace Attempt  4	[15.39 s]
1.0.J: Trace Attempt  1	[15.52 s]
1.0.J: Trace Attempt  1	[15.64 s]
1.0.J: Trace Attempt  1	[15.76 s]
1.0.J: Trace Attempt  1	[15.90 s]
1.0.J: Trace Attempt  1	[16.02 s]
1.0.J: Trace Attempt  1	[16.16 s]
1.0.J: Trace Attempt  1	[16.29 s]
1.0.J: Trace Attempt  1	[16.43 s]
1.0.Tri: Trace Attempt 17	[4.38 s]
1.0.J: Trace Attempt  1	[16.55 s]
1.0.B: Trace Attempt 17	[4.34 s]
1.0.J: Trace Attempt  1	[16.71 s]
1.0.AM: Trace Attempt 14	[4.56 s]
1.0.J: Trace Attempt  1	[16.83 s]
1.0.J: Trace Attempt  1	[16.99 s]
1.0.J: Trace Attempt  1	[17.18 s]
1.0.N: Trace Attempt  7	[5.09 s]
1.0.J: Trace Attempt  1	[17.33 s]
1.0.J: Trace Attempt  1	[17.46 s]
1.0.Hts: Trace Attempt 18	[5.52 s]
1.0.R: Trace Attempt  5	[17.56 s]
1.0.J: Trace Attempt  1	[17.59 s]
1.0.J: Trace Attempt  1	[17.71 s]
1.0.J: Trace Attempt  1	[17.84 s]
1.0.L: Trace Attempt  9	[17.86 s]
1.0.Q3: Restart 5, Seed e28d9e7b0b4ce4f, 50.0%
1.0.Q3: Trace Attempt  1	[17.90 s]
1.0.Q3: Trace Attempt  2	[17.90 s]
1.0.Q3: Trace Attempt  3	[17.91 s]
1.0.Q3: Trace Attempt  4	[17.91 s]
1.0.Q3: Trace Attempt  5	[17.91 s]
1.0.AG: Iteration  1	[0.34 s]
1.0.J: Trace Attempt  1	[17.99 s]
1.0.U: Trace Attempt 64	[18.07 s]
1.0.J: Trace Attempt  1	[18.12 s]
1.0.Hps: Trace Attempt 12	[6.16 s]
1.0.J: Trace Attempt  1	[18.25 s]
1.0.J: Trace Attempt  1	[18.38 s]
1.0.J: Trace Attempt  1	[18.52 s]
1.0.I: Trace Attempt 13	[6.40 s]
1.0.C: Iteration  1	[0.70 s]
1.0.J: Trace Attempt  1	[18.68 s]
1.0.C2: Iteration  1	[0.68 s]
1.0.J: Trace Attempt  1	[18.84 s]
1.0.J: Trace Attempt  1	[19.00 s]
1.0.K: Trace Attempt 18	[6.88 s]
1.0.J: Trace Attempt  1	[19.16 s]
1.0.J: Trace Attempt  1	[19.31 s]
1.0.J: Trace Attempt  1	[19.46 s]
1.0.J: Trace Attempt  1	[19.60 s]
1.0.J: Trace Attempt  1	[19.74 s]
1.0.J: Trace Attempt  1	[19.87 s]
1.0.J: Trace Attempt  1	[20.04 s]
1.0.J: Trace Attempt  1	[20.22 s]
1.0.J: Trace Attempt  1	[20.39 s]
1.0.J: Trace Attempt  1	[20.55 s]
1.0.AG: Iteration  2	[0.34 s]
1.0.J: Trace Attempt  1	[20.72 s]
1.0.M: Trace Attempt  8	[8.79 s]
1.0.J: Trace Attempt  1	[20.88 s]
1.0.B: Trace Attempt 18	[8.67 s]
1.0.C: Iteration  2	[0.70 s]
1.0.C2: Iteration  2	[0.68 s]
1.0.J: Trace Attempt  1	[21.02 s]
1.0.J: Trace Attempt  1	[21.15 s]
1.0.AG: Iteration  3	[0.34 s]
1.0.J: Trace Attempt  1	[21.29 s]
1.0.Q3: Restart 6, Seed df925f4ea33cfd8e, 50.0%
1.0.Q3: Trace Attempt  1	[21.40 s]
1.0.Q3: Trace Attempt  2	[21.40 s]
1.0.Q3: Trace Attempt  3	[21.41 s]
1.0.Q3: Trace Attempt  4	[21.41 s]
1.0.Q3: Trace Attempt  5	[21.42 s]
1.0.J: Trace Attempt  1	[21.43 s]
1.0.C: Iteration  3	[0.70 s]
1.0.J: Trace Attempt  1	[21.56 s]
1.0.C2: Iteration  3	[0.68 s]
1.0.AD: Trace Attempt  2	[9.65 s]
1.0.J: Trace Attempt  1	[21.70 s]
1.0.AD: Trace Attempt  3	[9.66 s]
1.0.AD: Trace Attempt  4	[9.69 s]
1.0.J: Trace Attempt  1	[21.83 s]
1.0.J: Trace Attempt  1	[21.97 s]
1.0.Hts: Trace Attempt 19	[9.05 s]
1.0.Hts: Per property time limit expired (10.00 s) [10.00 s]
1.0.Hts: Stopped processing property "mem_core_top.assert_response_bound"	[10.00 s].
1.0.Hts: Next scan (2) will use per property time limit: 1s * 10 ^ 2 = 100s
1.0.Hts: Starting proof for property "mem_core_top.assert_qed_match"	[0.00 s].
1.0.AD: Stopped processing property "mem_core_top.assert_response_bound"	[9.98 s].
1.0.AD: Next scan (2) will use per property time limit: 1s * 10 ^ 2 = 100s
1.0.AD: Starting proof for property "mem_core_top.assert_qed_match"	[0.00 s].
1.0.G: Stopped processing property "mem_core_top.assert_response_bound"	[9.02 s].
1.0.G: Next scan (2) will use per property time limit: 1s * 10 ^ 2 = 100s
1.0.G: Starting proof for property "mem_core_top.assert_qed_match"	[0.00 s].
1.0.Hps: Trace Attempt 13	[6.30 s]
1.0.Hps: Per property time limit expired (10.00 s) [10.00 s]
1.0.K: Stopped processing property "mem_core_top.assert_response_bound"	[9.86 s].
1.0.K: Next scan (2) will use per property time limit: 1s * 10 ^ 2 = 100s
1.0.K: Starting proof for property "mem_core_top.assert_qed_match"	[0.00 s].
1.0.Hps: Stopped processing property "mem_core_top.assert_response_bound"	[10.00 s].
1.0.Hps: Next scan (2) will use per property time limit: 1s * 10 ^ 2 = 100s
1.0.Hps: Starting proof for property "mem_core_top.assert_qed_match"	[0.00 s].
1.0.AM: Stopped processing property "mem_core_top.assert_response_bound"	[9.81 s].
1.0.AM: Next scan (2) will use per property time limit: 1s * 10 ^ 2 = 100s
1.0.AM: Starting proof for property "mem_core_top.assert_qed_match"	[0.00 s].
1.0.AB: Stopped processing property "mem_core_top.assert_response_bound"	[9.82 s].
1.0.AB: Next scan (2) will use per property time limit: 1s * 10 ^ 2 = 100s
1.0.AB: Starting proof for property "mem_core_top.assert_qed_match"	[0.00 s].
1.0.M: Stopped processing property "mem_core_top.assert_response_bound"	[9.94 s].
1.0.M: Next scan (2) will use per property time limit: 1s * 10 ^ 2 = 100s
1.0.M: Starting proof for property "mem_core_top.assert_qed_match"	[0.00 s].
1.0.I: Stopped processing property "mem_core_top.assert_response_bound"	[9.87 s].
1.0.I: Next scan (2) will use per property time limit: 1s * 10 ^ 2 = 100s
1.0.I: Starting proof for property "mem_core_top.assert_qed_match"	[0.00 s].
1.0.B: Stopped processing property "mem_core_top.assert_response_bound"	[9.80 s].
1.0.B: Next scan (2) will use per property time limit: 1s * 10 ^ 2 = 100s
1.0.B: Starting proof for property "mem_core_top.assert_qed_match"	[0.00 s].
1.0.C: Stopped processing property "mem_core_top.assert_response_bound"	[9.86 s].
1.0.C: Next scan (2) will use per property time limit: 1s * 10 ^ 2 = 100s
1.0.C: Starting proof for property "mem_core_top.assert_qed_match"	[0.00 s].
1.0.N: Stopped processing property "mem_core_top.assert_response_bound"	[9.88 s].
1.0.N: Next scan (2) will use per property time limit: 1s * 10 ^ 2 = 100s
1.0.N: Starting proof for property "mem_core_top.assert_qed_match"	[0.00 s].
1.0.D: Stopped processing property "mem_core_top.assert_response_bound"	[9.87 s].
1.0.D: Next scan (2) will use per property time limit: 1s * 10 ^ 2 = 100s
1.0.D: Starting proof for property "mem_core_top.assert_qed_match"	[0.00 s].
1.0.C2: Stopped processing property "mem_core_top.assert_response_bound"	[9.92 s].
1.0.C2: Next scan (2) will use per property time limit: 1s * 10 ^ 2 = 100s
1.0.C2: Starting proof for property "mem_core_top.assert_qed_match"	[0.00 s].
1.0.AG: Stopped processing property "mem_core_top.assert_response_bound"	[9.84 s].
1.0.AG: Next scan (2) will use per property time limit: 1s * 10 ^ 2 = 100s
1.0.AG: Starting proof for property "mem_core_top.assert_qed_match"	[0.00 s].
1.0.AD: Trace Attempt  1	[0.03 s]
1.0.AM: Trace Attempt  1	[0.03 s]
1.0.AB: Trace Attempt  1	[0.03 s]
1.0.AD: Trace Attempt  1	[0.04 s]
1.0.AD: Trace Attempt  2	[0.05 s]
1.0.AM: Trace Attempt  1	[0.04 s]
1.0.AM: Trace Attempt  2	[0.04 s]
1.0.AB: Trace Attempt  1	[0.05 s]
1.0.AM: Trace Attempt  3	[0.05 s]
1.0.AB: Trace Attempt  2	[0.05 s]
1.0.AB: Trace Attempt  3	[0.05 s]
1.0.AD: Trace Attempt  3	[0.05 s]
1.0.Tri: Stopped processing property "mem_core_top.assert_response_bound"	[9.90 s].
1.0.Tri: Next scan (2) will use per property time limit: 1s * 10 ^ 2 = 100s
1.0.Tri: Starting proof for property "mem_core_top.assert_qed_match"	[0.00 s].
1.0.Tri: Trace Attempt  1	[0.00 s]
1.0.AG: Trace Attempt  1	[0.03 s]
1.0.AD: Trace Attempt  1	[0.06 s]
1.0.AD: Trace Attempt  2	[0.06 s]
1.0.AB: Trace Attempt  1	[0.06 s]
1.0.AB: Trace Attempt  2	[0.06 s]
1.0.AM: Trace Attempt  1	[0.06 s]
1.0.AM: Trace Attempt  2	[0.06 s]
1.0.AD: Trace Attempt  3	[0.06 s]
1.0.AB: Trace Attempt  3	[0.06 s]
1.0.AM: Trace Attempt  3	[0.06 s]
1.0.AB: Trace Attempt  4	[0.07 s]
1.0.U: Trace Attempt 74	[22.11 s]
1.0.AD: Trace Attempt  4	[0.08 s]
1.0.AM: Trace Attempt  4	[0.08 s]
1.0.J: Trace Attempt  1	[22.09 s]
1.0.M: Trace Attempt  1	[0.08 s]
1.0.AG: Partitioning 4 assumptions over 50 inputs...
1.0.B: Trace Attempt  1	[0.10 s]
1.0.G2: Stopped processing property "mem_core_top.assert_response_bound"	[8.97 s].
1.0.G2: Next scan (2) will use per property time limit: 1s * 10 ^ 2 = 100s
1.0.G2: Starting proof for property "mem_core_top.assert_qed_match"	[0.00 s].
1.0.Tri:   21.87" ---- Launching main thread ----
1.0.Hts: Trace Attempt  1	[0.16 s]
1.0.Hts: Trace Attempt  2	[0.16 s]
1.0.Hts: Trace Attempt  3	[0.16 s]
1.0.M: Trace Attempt  2	[0.17 s]
1.0.Hts: Trace Attempt  4	[0.18 s]
1.0.Hts: Trace Attempt  5	[0.22 s]
1.0.J: Trace Attempt  1	[22.23 s]
1.0.B: Trace Attempt  2	[0.22 s]
1.0.AM: Trace Attempt  5	[0.23 s]
1.0.AD: Trace Attempt  5	[0.24 s]
1.0.AB: Trace Attempt  5	[0.24 s]
1.0.Tri:   22.02" ---- Launching abstraction thread ----
1.0.Tri:   22.05" ---- Launching multi-phase simplification thread ----
1.0.J: Trace Attempt  1	[22.36 s]
1.0.Hps: Trace Attempt  1	[0.34 s]
1.0.M: Trace Attempt  3	[0.38 s]
1.0.AG: Iteration  1	[0.04 s]
1.0.AG: Iteration  2	[0.04 s]
1.0.AG: Iteration  3	[0.04 s]
1.0.AG: Trace Attempt  1	[0.40 s]
1.0.AG: Trace Attempt  2	[0.40 s]
1.0.B: Trace Attempt  3	[0.42 s]
1.0.AG: Trace Attempt  3	[0.41 s]
1.0.AG: Trace Attempt  4	[0.43 s]
1.0.J: Trace Attempt  1	[22.48 s]
1.0.J: Trace Attempt  1	[22.59 s]
1.0.AG: Trace Attempt  5	[0.63 s]
1.0.Hps: Trace Attempt  2	[0.70 s]
1.0.J: Trace Attempt  1	[22.72 s]
1.0.J: Trace Attempt  1	[22.84 s]
1.0.B: Trace Attempt  4	[0.83 s]
1.0.M: Trace Attempt  4	[0.88 s]
1.0.J: Trace Attempt  1	[22.96 s]
1.0.Hps: Trace Attempt  3	[0.99 s]
1.0.J: Trace Attempt  1	[23.08 s]
1.0.J: Trace Attempt  1	[23.21 s]
1.0.B: Trace Attempt  5	[1.24 s]
1.0.J: Trace Attempt  1	[23.32 s]
1.0.Hps: Trace Attempt  4	[1.40 s]
1.0.J: Trace Attempt  1	[23.45 s]
1.0.J: Trace Attempt  1	[23.57 s]
1.0.J: Trace Attempt  1	[23.69 s]
1.0.J: Trace Attempt  1	[23.81 s]
1.0.J: Trace Attempt  1	[23.93 s]
1.0.J: Trace Attempt  1	[24.04 s]
1.0.J: Trace Attempt  1	[24.16 s]
1.0.J: Trace Attempt  1	[24.28 s]
1.0.J: Trace Attempt  1	[24.41 s]
1.0.J: Trace Attempt  1	[24.53 s]
1.0.J: Trace Attempt  1	[24.65 s]
1.0.J: Trace Attempt  1	[24.77 s]
1.0.Q3: Restart 7, Seed ad1bcd2c5db7334b, 50.0%
1.0.Q3: Trace Attempt  1	[24.85 s]
1.0.Q3: Trace Attempt  2	[24.85 s]
1.0.Q3: Trace Attempt  3	[24.86 s]
1.0.Q3: Trace Attempt  4	[24.86 s]
1.0.Q3: Trace Attempt  5	[24.87 s]
1.0.J: Trace Attempt  1	[24.90 s]
1.0.J: Trace Attempt  1	[25.02 s]
1.0.J: Trace Attempt  1	[25.14 s]
1.0.J: Trace Attempt  1	[25.27 s]
1.0.J: Trace Attempt  1	[25.39 s]
1.0.J: Trace Attempt  1	[25.51 s]
1.0.J: Trace Attempt  1	[25.63 s]
1.0.J: Trace Attempt  1	[25.75 s]
1.0.J: Trace Attempt  1	[25.88 s]
1.0.J: Trace Attempt  1	[26.00 s]
1.0.J: Trace Attempt  1	[26.11 s]
1.0.J: Trace Attempt  1	[26.23 s]
1.0.J: Trace Attempt  1	[26.36 s]
1.0.U: Trace Attempt 84	[26.48 s]
1.0.J: Trace Attempt  1	[26.47 s]
1.0.J: Trace Attempt  1	[26.60 s]
1.0.J: Trace Attempt  1	[26.72 s]
1.0.J: Trace Attempt  1	[26.84 s]
1.0.J: Trace Attempt  1	[26.97 s]
1.0.J: Trace Attempt  1	[27.09 s]
1.0.J: Trace Attempt  1	[27.21 s]
1.0.J: Trace Attempt  1	[27.34 s]
1.0.J: Trace Attempt  1	[27.46 s]
1.0.J: Trace Attempt  1	[27.58 s]
1.0.J: Trace Attempt  1	[27.71 s]
1.0.J: Trace Attempt  1	[27.83 s]
1.0.J: Trace Attempt  1	[27.96 s]
1.0.Hts: Trace Attempt 10	[5.96 s]
1.0.J: Trace Attempt  1	[28.08 s]
1.0.Q3: Restart 8, Seed 809a06ee30b14492, 50.0%
1.0.Q3: Trace Attempt  1	[28.23 s]
1.0.Q3: Trace Attempt  2	[28.23 s]
1.0.Q3: Trace Attempt  3	[28.23 s]
1.0.Q3: Trace Attempt  4	[28.24 s]
1.0.J: Trace Attempt  1	[28.20 s]
1.0.Q3: Trace Attempt  5	[28.24 s]
1.0.J: Trace Attempt  1	[28.33 s]
1.0.J: Trace Attempt  1	[28.46 s]
1.0.J: Trace Attempt  1	[28.58 s]
1.0.J: Trace Attempt  1	[28.70 s]
1.0.J: Trace Attempt  1	[28.82 s]
1.0.J: Trace Attempt  1	[28.94 s]
1.0.J: Trace Attempt  1	[29.07 s]
1.0.J: Trace Attempt  1	[29.19 s]
1.0.J: Trace Attempt  1	[29.32 s]
1.0.J: Trace Attempt  1	[29.44 s]
1.0.I: Trace Attempt  2	[7.48 s]
1.0.J: Trace Attempt  1	[29.57 s]
1.0.I: Trace Attempt  3	[7.63 s]
1.0.J: Trace Attempt  1	[29.69 s]
1.0.J: Trace Attempt  1	[29.82 s]
1.0.I: Trace Attempt  4	[7.84 s]
1.0.J: Trace Attempt  1	[29.94 s]
1.0.J: Trace Attempt  1	[30.07 s]
1.0.J: Trace Attempt  1	[30.19 s]
1.0.I: Trace Attempt  5	[8.18 s]
1.0.J: Trace Attempt  1	[30.31 s]
1.0.J: Trace Attempt  1	[30.44 s]
1.0.J: Trace Attempt  1	[30.56 s]
1.0.Bm: Trace Attempt 11	[30.68 s]
1.0.J: Trace Attempt  1	[30.69 s]
1.0.J: Trace Attempt  1	[30.81 s]
1.0.U: Trace Attempt 93	[30.89 s]
1.0.J: Trace Attempt  1	[30.93 s]
1.0.J: Trace Attempt  1	[31.06 s]
1.0.J: Trace Attempt  1	[31.18 s]
1.0.Ht: Trace Attempt 11	[31.25 s]
1.0.J: Trace Attempt  1	[31.30 s]
1.0.J: Trace Attempt  1	[31.43 s]
1.0.J: Trace Attempt  1	[31.55 s]
1.0.B: Trace Attempt 10	[9.65 s]
1.0.J: Trace Attempt  1	[31.67 s]
1.0.Q3: Restart 9, Seed fa0a0831c7a90d1a, 50.0%
1.0.Q3: Trace Attempt  1	[31.71 s]
1.0.Q3: Trace Attempt  2	[31.71 s]
1.0.Q3: Trace Attempt  3	[31.71 s]
1.0.Q3: Trace Attempt  4	[31.72 s]
1.0.Q3: Trace Attempt  5	[31.72 s]
1.0.J: Trace Attempt  1	[31.80 s]
1.0.J: Trace Attempt  1	[31.91 s]
1.0.L: Trace Attempt 10	[32.03 s]
1.0.J: Trace Attempt  1	[32.03 s]
1.0.R: Trace Attempt  6	[32.08 s]
1.0.J: Trace Attempt  1	[32.15 s]
1.0.J: Trace Attempt  1	[32.27 s]
1.0.J: Trace Attempt  1	[32.40 s]
1.0.J: Trace Attempt  1	[32.51 s]
1.0.J: Trace Attempt  1	[32.64 s]
1.0.J: Trace Attempt  1	[32.76 s]
1.0.AM: Trace Attempt  6	[10.86 s]
1.0.J: Trace Attempt  1	[32.88 s]
1.0.J: Trace Attempt  1	[33.00 s]
1.0.J: Trace Attempt  1	[33.12 s]
1.0.J: Trace Attempt  1	[33.24 s]
1.0.AD: Trace Attempt  6	[11.24 s]
1.0.J: Trace Attempt  1	[33.36 s]
1.0.J: Trace Attempt  1	[33.48 s]
1.0.J: Trace Attempt  1	[33.61 s]
1.0.J: Trace Attempt  1	[33.73 s]
1.0.J: Trace Attempt  1	[33.85 s]
1.0.AG: Trace Attempt  6	[11.89 s]
1.0.J: Trace Attempt  1	[33.97 s]
1.0.J: Trace Attempt  1	[34.09 s]
1.0.J: Trace Attempt  1	[34.21 s]
1.0.J: Trace Attempt  1	[34.34 s]
1.0.J: Trace Attempt  1	[34.46 s]
1.0.J: Trace Attempt  1	[34.58 s]
1.0.J: Trace Attempt  1	[34.70 s]
1.0.J: Trace Attempt  1	[34.82 s]
1.0.AB: Trace Attempt  6	[12.85 s]
1.0.J: Trace Attempt  1	[34.95 s]
1.0.J: Trace Attempt  1	[35.08 s]
1.0.Q3: Restart 10, Seed a519386cbb21da3c, 50.0%
1.0.Q3: Trace Attempt  1	[35.17 s]
1.0.Q3: Trace Attempt  2	[35.17 s]
1.0.Q3: Trace Attempt  3	[35.17 s]
1.0.Q3: Trace Attempt  4	[35.18 s]
1.0.Q3: Trace Attempt  5	[35.18 s]
1.0.J: Trace Attempt  1	[35.21 s]
1.0.J: Trace Attempt  1	[35.34 s]
1.0.J: Trace Attempt  1	[35.46 s]
1.0.Tri:   35.27" Simplification phase 1 complete
1.0.J: Trace Attempt  1	[35.58 s]
1.0.U: Trace Attempt  1	[35.64 s]
1.0.J: Trace Attempt  1	[35.70 s]
1.0.J: Trace Attempt  1	[35.83 s]
1.0.U: Trace Attempt  2	[35.95 s]
1.0.J: Trace Attempt  1	[35.95 s]
1.0.J: Trace Attempt  1	[36.07 s]
1.0.J: Trace Attempt  1	[36.19 s]
1.0.R: Trace Attempt  9	[36.23 s]
1.0.J: Trace Attempt  1	[36.31 s]
1.0.U: Trace Attempt  3	[36.40 s]
1.0.J: Trace Attempt  1	[36.43 s]
1.0.J: Trace Attempt  1	[36.55 s]
1.0.U: Trace Attempt  4	[36.64 s]
1.0.J: Trace Attempt  1	[36.67 s]
1.0.J: Trace Attempt  1	[36.79 s]
1.0.U: Trace Attempt  5	[36.82 s]
1.0.J: Trace Attempt  1	[36.91 s]
1.0.J: Trace Attempt  1	[37.03 s]
1.0.J: Trace Attempt  1	[37.15 s]
1.0.J: Trace Attempt  1	[37.27 s]
1.0.J: Trace Attempt  1	[37.39 s]
1.0.J: Trace Attempt  1	[37.51 s]
1.0.J: Trace Attempt  1	[37.63 s]
1.0.J: Trace Attempt  1	[37.75 s]
1.0.J: Trace Attempt  1	[37.87 s]
1.0.J: Trace Attempt  1	[37.99 s]
1.0.J: Trace Attempt  1	[38.10 s]
1.0.J: Trace Attempt  1	[38.22 s]
1.0.J: Trace Attempt  1	[38.34 s]
1.0.J: Trace Attempt  1	[38.45 s]
1.0.J: Trace Attempt  1	[38.57 s]
1.0.AM: Trace Attempt  7	[16.58 s]
1.0.Q3: Restart 11, Seed ff44f3af13d329b4, 50.0%
1.0.Q3: Trace Attempt  1	[38.64 s]
1.0.Q3: Trace Attempt  2	[38.64 s]
1.0.Q3: Trace Attempt  3	[38.64 s]
1.0.Q3: Trace Attempt  4	[38.65 s]
1.0.Q3: Trace Attempt  5	[38.65 s]
1.0.J: Trace Attempt  1	[38.69 s]
1.0.J: Trace Attempt  1	[38.80 s]
1.0.J: Trace Attempt  1	[38.92 s]
1.0.J: Trace Attempt  1	[39.04 s]
1.0.J: Trace Attempt  1	[39.16 s]
1.0.J: Trace Attempt  1	[39.28 s]
1.0.J: Trace Attempt  1	[39.40 s]
1.0.J: Trace Attempt  1	[39.52 s]
1.0.J: Trace Attempt  1	[39.64 s]
1.0.J: Trace Attempt  1	[39.76 s]
1.0.AD: Trace Attempt  7	[17.86 s]
1.0.J: Trace Attempt  1	[39.88 s]
1.0.J: Trace Attempt  1	[40.00 s]
1.0.AG: Trace Attempt  7	[18.03 s]
1.0.J: Trace Attempt  1	[40.12 s]
1.0.J: Trace Attempt  1	[40.23 s]
1.0.I: Trace Attempt  8	[18.23 s]
1.0.J: Trace Attempt  1	[40.36 s]
1.0.J: Trace Attempt  1	[40.47 s]
1.0.J: Trace Attempt  1	[40.59 s]
1.0.R: Trace Attempt 10	[40.60 s]
1.0.J: Trace Attempt  1	[40.71 s]
1.0.J: Trace Attempt  1	[40.83 s]
1.0.J: Trace Attempt  1	[40.95 s]
1.0.U: Trace Attempt 26	[41.08 s]
1.0.J: Trace Attempt  1	[41.07 s]
1.0.J: Trace Attempt  1	[41.19 s]
1.0.J: Trace Attempt  1	[41.31 s]
1.0.J: Trace Attempt  1	[41.43 s]
1.0.Tri: Trace Attempt 11	[19.36 s]
1.0.J: Trace Attempt  1	[41.55 s]
1.0.J: Trace Attempt  1	[41.69 s]
1.0.AB: Trace Attempt  7	[19.74 s]
1.0.J: Trace Attempt  1	[41.82 s]
1.0.J: Trace Attempt  1	[41.95 s]
1.0.J: Trace Attempt  1	[42.08 s]
1.0.Q3: Restart 12, Seed ce91d6ad72ca8e89, 50.0%
1.0.Q3: Trace Attempt  1	[42.14 s]
1.0.Q3: Trace Attempt  2	[42.14 s]
1.0.Q3: Trace Attempt  3	[42.15 s]
1.0.Q3: Trace Attempt  4	[42.15 s]
1.0.Q3: Trace Attempt  5	[42.16 s]
1.0.J: Trace Attempt  1	[42.22 s]
1.0.J: Trace Attempt  1	[42.35 s]
1.0.J: Trace Attempt  1	[42.49 s]
1.0.J: Trace Attempt  1	[42.62 s]
1.0.J: Trace Attempt  1	[42.75 s]
1.0.J: Trace Attempt  1	[42.88 s]
1.0.J: Trace Attempt  1	[43.02 s]
1.0.J: Trace Attempt  1	[43.16 s]
1.0.J: Trace Attempt  1	[43.30 s]
1.0.J: Trace Attempt  1	[43.43 s]
1.0.J: Trace Attempt  1	[43.57 s]
1.0.J: Trace Attempt  1	[43.70 s]
1.0.J: Trace Attempt  1	[43.83 s]
1.0.J: Trace Attempt  1	[43.96 s]
1.0.J: Trace Attempt  1	[44.10 s]
1.0.J: Trace Attempt  1	[44.24 s]
1.0.J: Trace Attempt  1	[44.38 s]
1.0.J: Trace Attempt  1	[44.52 s]
1.0.J: Trace Attempt  1	[44.66 s]
1.0.J: Trace Attempt  1	[44.79 s]
1.0.J: Trace Attempt  1	[44.92 s]
1.0.J: Trace Attempt  1	[45.06 s]
1.0.U: Trace Attempt 41	[45.09 s]
1.0.J: Trace Attempt  1	[45.19 s]
1.0.J: Trace Attempt  1	[45.32 s]
1.0.J: Trace Attempt  1	[45.46 s]
1.0.J: Trace Attempt  1	[45.60 s]
1.0.Q3: Restart 13, Seed 67641ffd851c5bd6, 50.0%
1.0.Q3: Trace Attempt  1	[45.65 s]
1.0.Q3: Trace Attempt  2	[45.66 s]
1.0.Q3: Trace Attempt  3	[45.66 s]
1.0.Q3: Trace Attempt  4	[45.66 s]
1.0.Q3: Trace Attempt  5	[45.67 s]
1.0.J: Trace Attempt  1	[45.73 s]
1.0.J: Trace Attempt  1	[45.87 s]
1.0.J: Trace Attempt  1	[46.01 s]
1.0.J: Trace Attempt  1	[46.15 s]
1.0.J: Trace Attempt  1	[46.29 s]
1.0.J: Trace Attempt  1	[46.42 s]
1.0.J: Trace Attempt  1	[46.57 s]
1.0.J: Trace Attempt  1	[46.70 s]
1.0.J: Trace Attempt  1	[46.84 s]
1.0.J: Trace Attempt  1	[46.99 s]
1.0.R:   46.79" ---- Attempting simultaneous proof of 2 remaining properties ----
1.0.J: Trace Attempt  1	[47.13 s]
Initiating shutdown of proof (@ 47.23 s)
1.0.Hts: Stopped processing property "mem_core_top.assert_qed_match"	[25.19 s].
1.0.Hts: All properties either determined or skipped. [46.89 s]
1.0.Ht: Interrupted (multi)
1.0.Ht: Interrupted. [46.96 s]
1.0.Q3: Trace Attempt 125	[47.23 s]
1.0.Q3: Interrupted. [46.53 s]
1.0.J: Interrupted (multi)
1.0.J: Trace Attempt 85	[47.19 s]
1.0.J: Interrupted. [46.55 s]
1.0.Hps: Stopped processing property "mem_core_top.assert_qed_match"	[25.18 s].
1.0.Hps: All properties either determined or skipped. [46.89 s]
1.0.Hts: Exited with Success (@ 47.24 s)
1.0.Ht: Exited with Success (@ 47.24 s)
1.0.Q3: Exited with Success (@ 47.24 s)
1.0.J: Exited with Success (@ 47.24 s)
1.0.Hps: Exited with Success (@ 47.24 s)
1.0.AB: Stopped processing property "mem_core_top.assert_qed_match"	[25.21 s].
1.0.AB: Trace Attempt  8	[22.01 s]
1.0.AB: All properties either determined or skipped. [47.10 s]
1.0.AB: Exited with Success (@ 47.27 s)
1.0.Hp: Interrupted (multi)
1.0.Hp: Interrupted. [47.22 s]
1.0.Tri: Stopped processing property "mem_core_top.assert_qed_match"	[25.19 s].
1.0.Tri: All properties either determined or skipped. [0.08 s]
1.0.Hp: Exited with Success (@ 47.30 s)
1.0.R: Trace Attempt 11	[41.98 s]
1.0.R: All properties either determined or skipped. [0.10 s]
1.0.M: Stopped processing property "mem_core_top.assert_qed_match"	[25.26 s].
1.0.M: All properties either determined or skipped. [47.02 s]
1.0.R: Exited with Success (@ 47.31 s)
1.0.Tri: Exited with Success (@ 47.31 s)
1.0.M: Exited with Success (@ 47.33 s)
1.0.I: Stopped processing property "mem_core_top.assert_qed_match"	[25.28 s].
1.0.I: Trace Attempt  8	[19.80 s]
1.0.I: All properties either determined or skipped. [47.21 s]
1.0.I: Exited with Success (@ 47.34 s)
1.0.G2: Stopped processing property "mem_core_top.assert_qed_match"	[25.17 s].
1.0.G2: All properties either determined or skipped. [46.84 s]
1.0.G2: Exited with Success (@ 47.35 s)
1.0.D: Stopped processing property "mem_core_top.assert_qed_match"	[25.30 s].
1.0.D: Trace Attempt  7	[0.74 s]
1.0.D: All properties either determined or skipped. [47.23 s]
1.0.G: Stopped processing property "mem_core_top.assert_qed_match"	[25.31 s].
1.0.G: All properties either determined or skipped. [47.23 s]
1.0.G: Exited with Success (@ 47.36 s)
1.0.D: Exited with Success (@ 47.37 s)
1.0.AD: Stopped processing property "mem_core_top.assert_qed_match"	[25.33 s].
1.0.AD: Trace Attempt  8	[19.58 s]
1.0.AD: All properties either determined or skipped. [46.90 s]
1.0.B: Stopped processing property "mem_core_top.assert_qed_match"	[25.33 s].
1.0.B: All properties either determined or skipped. [47.23 s]
1.0.AD: Exited with Success (@ 47.38 s)
1.0.C2: Stopped processing property "mem_core_top.assert_qed_match"	[25.33 s].
1.0.C2: Trace Attempt  8	[0.66 s]
1.0.C2: All properties either determined or skipped. [47.09 s]
1.0.B: Exited with Success (@ 47.39 s)
1.0.N: Stopped processing property "mem_core_top.assert_qed_match"	[25.34 s].
1.0.N: Trace Attempt  8	[0.84 s]
1.0.N: All properties either determined or skipped. [47.18 s]
1.0.C2: Exited with Success (@ 47.39 s)
1.0.K: Stopped processing property "mem_core_top.assert_qed_match"	[25.36 s].
1.0.K: Trace Attempt  8	[0.62 s]
1.0.K: All properties either determined or skipped. [47.25 s]
1.0.AG: Stopped processing property "mem_core_top.assert_qed_match"	[25.33 s].
1.0.AG: Trace Attempt  8	[20.25 s]
1.0.AG: All properties either determined or skipped. [46.90 s]
1.0.N: Exited with Success (@ 47.41 s)
1.0.AG: Exited with Success (@ 47.41 s)
1.0.K: Exited with Success (@ 47.41 s)
1.0.L: Interrupted. [47.11 s]
1.0.C: Stopped processing property "mem_core_top.assert_qed_match"	[25.37 s].
1.0.C: Trace Attempt  8	[0.69 s]
1.0.C: All properties either determined or skipped. [47.18 s]
1.0.Bm: Next scan (0) will use per property time limit: 1s * 10 ^ 0 = 1s
1.0.Bm: Interrupted. [47.20 s]
1.0.L: Exited with Success (@ 47.43 s)
1.0.C: Exited with Success (@ 47.44 s)
1.0.Bm: Exited with Success (@ 47.44 s)
1.0.AM: Stopped processing property "mem_core_top.assert_qed_match"	[25.42 s].
1.0.AM: Trace Attempt  8	[18.31 s]
1.0.AM: All properties either determined or skipped. [47.21 s]
1.0.AM: Exited with Success (@ 47.48 s)
1.0.U: Next scan (0) will use per property time limit: 1s * 10 ^ 0 = 1s
1.0.U: Trace Attempt 47	[47.09 s]
1.0.U: Interrupted. [47.28 s]
1.0.U: Exited with Success (@ 47.54 s)
ProofGrid usable level: 0
ProofGrid usable level: 0
All pending notifications were processed.
INFO (IPM007): "prove" command stopped.

==============================================================
SUMMARY
==============================================================
	Properties Considered : 6
	      assertions      : 2
	       - proven       : 0 (0%)
	       - marked_proven: 0 (0%)
	       - cex          : 0 (0%)
	       - ar_cex       : 0 (0%)
	       - undetermined : 2 (100%)
	       - unprocessed  : 0 (0%)
	       - error        : 0 (0%)
	      covers          : 4
	       - unreachable  : 0 (0%)
	       - covered      : 4 (100%)
	       - ar_covered   : 0 (0%)
	       - undetermined : 0 (0%)
	       - unprocessed  : 0 (0%)
	       - error        : 0 (0%)
INFO: delete ampa start in Shell
INFO: delete ampa end in Shell
INFO: Waiting for proof threads to stop...
INFO: Proof threads stopped.
