2020-04-08 16:48:29.812335 (6005) main____ INFO    ----------------------------------------
2020-04-08 16:48:29.812536 (6005) main____ INFO    JasperGold version info
2020-04-08 16:48:29.812566 (6005) main____ INFO      tool      : JasperGold 2016.09
2020-04-08 16:48:29.812588 (6005) main____ INFO      version   : 2016.09p002 64 bits
2020-04-08 16:48:29.812602 (6005) main____ INFO      build date: 2016.11.28 18:08:37 PST
2020-04-08 16:48:29.812613 (6005) main____ INFO    ----------------------------------------
2020-04-08 16:48:29.812623 (6005) main____ INFO    Runtime info:
2020-04-08 16:48:29.812636 (6005) main____ INFO      platform  : Linux 3.10.0-957.21.3.el7.x86_64 x86_64
2020-04-08 16:48:29.812653 (6005) main____ INFO      hostname  : rsg20.stanford.edu
2020-04-08 16:48:29.812665 (6005) main____ INFO      pid       : 6005
2020-04-08 16:48:29.812676 (6005) main____ INFO      arguments : '-style' 'windows' '-tcl' 'jasper.tcl'
2020-04-08 16:48:29.812686 (6005) main____ INFO    ----------------------------------------
2020-04-08 16:48:29.815243 (6005) lic__man INFO    Claim 'main' for <ui>.
2020-04-08 16:48:29.819882 (6005) lic_core INFO    (1) checking out 'jasper_interactive' ...
2020-04-08 16:48:29.844360 (6005) lic_core INFO    ... (1) checkout succeeded
2020-04-08 16:48:29.844495 (6005) lic__man INFO    Claim 'fpv' for <ui>.
2020-04-08 16:48:29.844551 (6005) lic_core INFO    (2) checking out 'jasper_fpv' ...
2020-04-08 16:48:29.863749 (6005) lic_core INFO    ... (2) checkout succeeded
2020-04-08 16:48:30.918926 (6005) lic__man INFO    Claim 'fpv' for <ui>.
2020-04-08 16:48:30.975289 (6005) lic__man INFO    Unclaim 'fpv' for <ui>.
2020-04-08 16:48:30.975324 (6005) lic__man INFO    Claim 'fpv' for <ui>.
2020-04-08 16:48:30.991220 (6005) session_ INFO    Starting analysis session with session id 'session_0' ...
2020-04-08 16:48:30.993464 (6005) session_ INFO    Analysis session with session id 'session_0' started (pid: 6021)
2020-04-08 16:48:35.409418 (6005) session_ INFO    Analysis session 'session_0' connected to the console (host: 172.24.74.47:40398)
2020-04-08 16:48:38.463751 (6005) lic__man INFO    Unclaim everything for 'session_0*'.
2020-04-08 16:48:38.655244 (6005) lic__man INFO    Claim 'fpv' for 'session_0'.
2020-04-08 16:48:45.937344 (6005) lic__man INFO    Unclaim everything for 'session_0/prove-0'.
2020-04-08 16:50:01.974410 (6005) lic__man INFO    Unclaim everything for 'session_0/prove-1'.
2020-04-08 16:50:04.371668 (6005) main____ INFO    About to exit: requested from GUI
2020-04-08 16:50:04.517774 (6005) main____ INFO    Exiting.
