2020-04-15 21:35:58.911737 (2533) main____ INFO    ----------------------------------------
2020-04-15 21:35:58.911893 (2533) main____ INFO    JasperGold version info
2020-04-15 21:35:58.911918 (2533) main____ INFO      tool      : JasperGold 2016.09
2020-04-15 21:35:58.911934 (2533) main____ INFO      version   : 2016.09p002 64 bits
2020-04-15 21:35:58.911946 (2533) main____ INFO      build date: 2016.11.28 18:08:37 PST
2020-04-15 21:35:58.911955 (2533) main____ INFO    ----------------------------------------
2020-04-15 21:35:58.911963 (2533) main____ INFO    Runtime info:
2020-04-15 21:35:58.911974 (2533) main____ INFO      platform  : Linux 3.10.0-957.21.3.el7.x86_64 x86_64
2020-04-15 21:35:58.911989 (2533) main____ INFO      hostname  : rsg31.stanford.edu
2020-04-15 21:35:58.911998 (2533) main____ INFO      pid       : 2533
2020-04-15 21:35:58.912008 (2533) main____ INFO      arguments : '-style' 'windows' '-tcl' 'jasper.tcl'
2020-04-15 21:35:58.912016 (2533) main____ INFO    ----------------------------------------
2020-04-15 21:35:58.917550 (2533) lic__man INFO    Claim 'main' for <ui>.
2020-04-15 21:35:59.009251 (2533) lic_core INFO    (1) checking out 'jasper_interactive' ...
2020-04-15 21:35:59.034972 (2533) lic_core INFO    ... (1) checkout succeeded
2020-04-15 21:35:59.035152 (2533) lic__man INFO    Claim 'fpv' for <ui>.
2020-04-15 21:35:59.035209 (2533) lic_core INFO    (2) checking out 'jasper_fpv' ...
2020-04-15 21:35:59.053852 (2533) lic_core INFO    ... (2) checkout succeeded
2020-04-15 21:36:00.313750 (2533) lic__man INFO    Claim 'fpv' for <ui>.
2020-04-15 21:36:00.478812 (2533) lic__man INFO    Unclaim 'fpv' for <ui>.
2020-04-15 21:36:00.478877 (2533) lic__man INFO    Claim 'fpv' for <ui>.
2020-04-15 21:36:00.504230 (2533) session_ INFO    Starting analysis session with session id 'session_0' ...
2020-04-15 21:36:00.507113 (2533) session_ INFO    Analysis session with session id 'session_0' started (pid: 2546)
2020-04-15 21:36:05.643585 (2533) session_ INFO    Analysis session 'session_0' connected to the console (host: 172.24.74.88:49564)
2020-04-15 21:37:43.137632 (2533) lic__man INFO    Unclaim everything for 'session_0*'.
2020-04-15 21:37:49.755681 (2533) lic__man INFO    Claim 'fpv' for 'session_0'.
2020-04-15 21:37:50.384737 (2533) lic__man INFO    Unclaim everything for 'session_0/prove-0'.
2020-04-15 21:39:13.885079 (2533) lic__man INFO    Unclaim everything for 'session_0*'.
2020-04-15 21:39:19.775364 (2533) lic__man INFO    Claim 'fpv' for 'session_0'.
2020-04-15 21:39:24.695971 (2533) lic__man INFO    Unclaim everything for 'session_0/prove-1'.
2020-04-15 21:39:50.704921 (2533) lic__man INFO    Unclaim everything for 'session_0*'.
2020-04-15 21:40:16.878557 (2533) lic__man INFO    Claim 'fpv' for 'session_0'.
2020-04-15 21:40:23.277557 (2533) lic__man INFO    Unclaim everything for 'session_0/prove-2'.
2020-04-15 21:51:45.628758 (2533) lic__man INFO    Entering idle state.
2020-04-15 21:52:49.353402 (2533) main____ INFO    About to exit: requested from GUI
2020-04-15 21:52:49.647481 (2533) main____ INFO    Exiting.
