

================================================================
== Vivado HLS Report for 'workload'
================================================================
* Date:           Fri Apr 10 23:59:18 2020

* Version:        2018.2 (Build 2258646 on Thu Jun 14 20:25:20 MDT 2018)
* Project:        aes_aqed_bug3
* Solution:       solution1
* Product family: aartix7
* Target device:  xa7a12tcsg325-1q


================================================================
== Performance Estimates
================================================================
+ Timing (ns): 
    * Summary: 
    +--------+--------+----------+------------+
    |  Clock | Target | Estimated| Uncertainty|
    +--------+--------+----------+------------+
    |ap_clk  |  100.00|     9.254|       12.50|
    +--------+--------+----------+------------+

+ Latency (clock cycles): 
    * Summary: 
    +-----+-----+-----+-----+---------+
    |  Latency  |  Interval | Pipeline|
    | min | max | min | max |   Type  |
    +-----+-----+-----+-----+---------+
    |   67|   67|   67|   67|   none  |
    +-----+-----+-----+-----+---------+

    + Detail: 
        * Instance: 
        +-------------------------------+--------------------+-----+-----+-----+-----+---------+
        |                               |                    |  Latency  |  Interval | Pipeline|
        |            Instance           |       Module       | min | max | min | max |   Type  |
        +-------------------------------+--------------------+-----+-----+-----+-----+---------+
        |grp_aes256_encrypt_ecb_fu_196  |aes256_encrypt_ecb  |   46|   46|   46|   46|   none  |
        +-------------------------------+--------------------+-----+-----+-----+-----+---------+

        * Loop: 
        +-----------------+-----+-----+----------+-----------+-----------+------+----------+
        |                 |  Latency  | Iteration|  Initiation Interval  | Trip |          |
        |    Loop Name    | min | max |  Latency |  achieved |   target  | Count| Pipelined|
        +-----------------+-----+-----+----------+-----------+-----------+------+----------+
        |- major_loop     |   66|   66|        66|          -|          -|     1|    no    |
        | + major_loop.1  |   12|   12|         3|          -|          -|     4|    no    |
        | + major_loop.2  |    4|    4|         1|          -|          -|     4|    no    |
        +-----------------+-----+-----+----------+-----------+-----------+------+----------+



================================================================
== Utilization Estimates
================================================================
* Summary: 
+-----------------+---------+-------+-------+------+
|       Name      | BRAM_18K| DSP48E|   FF  |  LUT |
+-----------------+---------+-------+-------+------+
|DSP              |        -|      -|      -|     -|
|Expression       |        -|      -|      0|    42|
|FIFO             |        -|      -|      -|     -|
|Instance         |        2|      -|    109|   568|
|Memory           |        0|      -|      2|     1|
|Multiplexer      |        -|      -|      -|   110|
|Register         |        -|      -|    100|     -|
+-----------------+---------+-------+-------+------+
|Total            |        2|      0|    211|   721|
+-----------------+---------+-------+-------+------+
|Available        |       40|     40|  16000|  8000|
+-----------------+---------+-------+-------+------+
|Utilization (%)  |        5|      0|      1|     9|
+-----------------+---------+-------+-------+------+

+ Detail: 
    * Instance: 
    +-------------------------------+----------------------+---------+-------+-----+-----+
    |            Instance           |        Module        | BRAM_18K| DSP48E|  FF | LUT |
    +-------------------------------+----------------------+---------+-------+-----+-----+
    |grp_aes256_encrypt_ecb_fu_196  |aes256_encrypt_ecb    |        2|      0|  109|  547|
    |aqed_top_mux_42_8fYi_U21       |aqed_top_mux_42_8fYi  |        0|      0|    0|   21|
    +-------------------------------+----------------------+---------+-------+-----+-----+
    |Total                          |                      |        2|      0|  109|  568|
    +-------------------------------+----------------------+---------+-------+-----+-----+

    * DSP48: 
    N/A

    * Memory: 
    +---------------+----------------------+---------+---+----+------+-----+------+-------------+
    |     Memory    |        Module        | BRAM_18K| FF| LUT| Words| Bits| Banks| W*Bits*Banks|
    +---------------+----------------------+---------+---+----+------+-----+------+-------------+
    |local_key_0_U  |workload_local_keeOg  |        0|  2|   1|    32|    1|     1|           32|
    +---------------+----------------------+---------+---+----+------+-----+------+-------------+
    |Total          |                      |        0|  2|   1|    32|    1|     1|           32|
    +---------------+----------------------+---------+---+----+------+-----+------+-------------+

    * FIFO: 
    N/A

    * Expression: 
    +---------------------+----------+-------+---+----+------------+------------+
    |    Variable Name    | Operation| DSP48E| FF| LUT| Bitwidth P0| Bitwidth P1|
    +---------------------+----------+-------+---+----+------------+------------+
    |k_2_fu_214_p2        |     +    |      0|  0|  12|           3|           1|
    |k_3_fu_253_p2        |     +    |      0|  0|  12|           3|           1|
    |exitcond1_fu_247_p2  |   icmp   |      0|  0|   9|           3|           4|
    |exitcond5_fu_208_p2  |   icmp   |      0|  0|   9|           3|           4|
    +---------------------+----------+-------+---+----+------------+------------+
    |Total                |          |      0|  0|  42|          12|          10|
    +---------------------+----------+-------+---+----+------------+------------+

    * Multiplexer: 
    +----------------------+----+-----------+-----+-----------+
    |         Name         | LUT| Input Size| Bits| Total Bits|
    +----------------------+----+-----------+-----+-----------+
    |ap_NS_fsm             |  41|          8|    1|          8|
    |buf_0_0_1_be_reg_167  |   9|          2|    8|         16|
    |buf_0_0_1_reg_127     |   9|          2|    8|         16|
    |buf_0_1_1_be_reg_149  |   9|          2|    8|         16|
    |buf_0_1_1_reg_116     |   9|          2|    8|         16|
    |data_address0         |  15|          3|    4|         12|
    |k_1_reg_185           |   9|          2|    3|          6|
    |k_reg_138             |   9|          2|    3|          6|
    +----------------------+----+-----------+-----+-----------+
    |Total                 | 110|         23|   43|         96|
    +----------------------+----+-----------+-----+-----------+

    * Register: 
    +--------------------------------------------+---+----+-----+-----------+
    |                    Name                    | FF| LUT| Bits| Const Bits|
    +--------------------------------------------+---+----+-----+-----------+
    |ap_CS_fsm                                   |  7|   0|    7|          0|
    |buf_0_0_1_be_reg_167                        |  8|   0|    8|          0|
    |buf_0_0_1_reg_127                           |  8|   0|    8|          0|
    |buf_0_0_2_reg_322                           |  8|   0|    8|          0|
    |buf_0_0_reg_91                              |  8|   0|    8|          0|
    |buf_0_1_1_be_reg_149                        |  8|   0|    8|          0|
    |buf_0_1_1_reg_116                           |  8|   0|    8|          0|
    |buf_0_1_2_reg_328                           |  8|   0|    8|          0|
    |buf_0_1_reg_79                              |  8|   0|    8|          0|
    |buf_0_3_1_fu_54                             |  8|   0|    8|          0|
    |buf_0_3_fu_50                               |  8|   0|    8|          0|
    |grp_aes256_encrypt_ecb_fu_196_ap_start_reg  |  1|   0|    1|          0|
    |i_2_reg_103                                 |  1|   0|    1|          0|
    |k_1_reg_185                                 |  3|   0|    3|          0|
    |k_2_reg_302                                 |  3|   0|    3|          0|
    |k_reg_138                                   |  3|   0|    3|          0|
    |tmp_1_reg_307                               |  2|   0|    2|          0|
    +--------------------------------------------+---+----+-----+-----------+
    |Total                                       |100|   0|  100|          0|
    +--------------------------------------------+---+----+-----+-----------+



================================================================
== Interface
================================================================
* Summary: 
+---------------+-----+-----+------------+--------------+--------------+
|   RTL Ports   | Dir | Bits|  Protocol  | Source Object|    C Type    |
+---------------+-----+-----+------------+--------------+--------------+
|ap_clk         |  in |    1| ap_ctrl_hs |   workload   | return value |
|ap_rst         |  in |    1| ap_ctrl_hs |   workload   | return value |
|ap_start       |  in |    1| ap_ctrl_hs |   workload   | return value |
|ap_done        | out |    1| ap_ctrl_hs |   workload   | return value |
|ap_idle        | out |    1| ap_ctrl_hs |   workload   | return value |
|ap_ready       | out |    1| ap_ctrl_hs |   workload   | return value |
|data_address0  | out |    4|  ap_memory |     data     |     array    |
|data_ce0       | out |    1|  ap_memory |     data     |     array    |
|data_we0       | out |    1|  ap_memory |     data     |     array    |
|data_d0        | out |    8|  ap_memory |     data     |     array    |
|data_q0        |  in |    8|  ap_memory |     data     |     array    |
+---------------+-----+-----+------------+--------------+--------------+

============================================================
+ Verbose Summary: Synthesis Manager
============================================================
InlineROM: 1
ExposeGlobal: 0
============================================================
+ Verbose Summary: CDFG Model
============================================================
IsTopModel: 0
ResetActiveHigh: 1
IsCombinational: 2
IsDatapathOnly: 2
HasWiredReturn: 1
HasMFsm: 0
HasVarLatency: 1
IsPipeline: 0
IsRtlPipelined: 0
IsInstanceOverlapped: 0
IsDontTouch: 0
HasImplIP: 0
IsGatedGlobalClock: 0


============================================================
+ Verbose Summary: Schedule
============================================================
* Number of FSM states : 7
* Pipeline : 0
* Dataflow Pipeline: 0

* FSM state transitions: 
1 --> 
	2  / true
2 --> 
	3  / (!i_2)
3 --> 
	4  / (!exitcond5)
	6  / (exitcond5)
4 --> 
	5  / true
5 --> 
	3  / true
6 --> 
	7  / true
7 --> 
	7  / (!exitcond1)
	2  / (exitcond1)

* FSM state operations: 

State 1 <SV = 0> <Delay = 1.66>
ST_1 : Operation 8 [1/1] (0.00ns)   --->   "%buf_0_3 = alloca i8"   --->   Operation 8 'alloca' 'buf_0_3' <Predicate = true> <Delay = 0.00>
ST_1 : Operation 9 [1/1] (0.00ns)   --->   "%buf_0_3_1 = alloca i8"   --->   Operation 9 'alloca' 'buf_0_3_1' <Predicate = true> <Delay = 0.00>
ST_1 : Operation 10 [1/1] (1.66ns)   --->   "br label %0" [buf4bug3.cpp:270]   --->   Operation 10 'br' <Predicate = true> <Delay = 1.66>

State 2 <SV = 1> <Delay = 1.66>
ST_2 : Operation 11 [1/1] (0.00ns)   --->   "%buf_0_1 = phi i8 [ undef, %.preheader.preheader ], [ %buf_0_1_2, %4 ]"   --->   Operation 11 'phi' 'buf_0_1' <Predicate = true> <Delay = 0.00>
ST_2 : Operation 12 [1/1] (0.00ns)   --->   "%buf_0_0 = phi i8 [ undef, %.preheader.preheader ], [ %buf_0_0_2, %4 ]"   --->   Operation 12 'phi' 'buf_0_0' <Predicate = true> <Delay = 0.00>
ST_2 : Operation 13 [1/1] (0.00ns)   --->   "%i_2 = phi i1 [ false, %.preheader.preheader ], [ true, %4 ]"   --->   Operation 13 'phi' 'i_2' <Predicate = true> <Delay = 0.00>
ST_2 : Operation 14 [1/1] (0.00ns)   --->   "%empty = call i32 (...)* @_ssdm_op_SpecLoopTripCount(i64 1, i64 1, i64 1)"   --->   Operation 14 'speclooptripcount' 'empty' <Predicate = true> <Delay = 0.00>
ST_2 : Operation 15 [1/1] (0.00ns)   --->   "br i1 %i_2, label %7, label %1" [buf4bug3.cpp:270]   --->   Operation 15 'br' <Predicate = true> <Delay = 0.00>
ST_2 : Operation 16 [1/1] (0.00ns)   --->   "call void (...)* @_ssdm_op_SpecLoopName([11 x i8]* @p_str12) nounwind" [buf4bug3.cpp:270]   --->   Operation 16 'specloopname' <Predicate = (!i_2)> <Delay = 0.00>
ST_2 : Operation 17 [1/1] (0.00ns)   --->   "%tmp_2 = call i32 (...)* @_ssdm_op_SpecRegionBegin([9 x i8]* @p_str13)" [buf4bug3.cpp:271]   --->   Operation 17 'specregionbegin' 'tmp_2' <Predicate = (!i_2)> <Delay = 0.00>
ST_2 : Operation 18 [1/1] (1.66ns)   --->   "br label %branch2" [buf4bug3.cpp:272]   --->   Operation 18 'br' <Predicate = (!i_2)> <Delay = 1.66>
ST_2 : Operation 19 [1/1] (0.00ns)   --->   "ret void" [buf4bug3.cpp:292]   --->   Operation 19 'ret' <Predicate = (i_2)> <Delay = 0.00>

State 3 <SV = 2> <Delay = 2.15>
ST_3 : Operation 20 [1/1] (0.00ns)   --->   "%buf_0_1_1 = phi i8 [ %buf_0_1, %1 ], [ %buf_0_1_1_be, %branch2.backedge ]" [buf4bug3.cpp:235->buf4bug3.cpp:281]   --->   Operation 20 'phi' 'buf_0_1_1' <Predicate = true> <Delay = 0.00>
ST_3 : Operation 21 [1/1] (0.00ns)   --->   "%buf_0_0_1 = phi i8 [ %buf_0_0, %1 ], [ %buf_0_0_1_be, %branch2.backedge ]" [buf4bug3.cpp:235->buf4bug3.cpp:281]   --->   Operation 21 'phi' 'buf_0_0_1' <Predicate = true> <Delay = 0.00>
ST_3 : Operation 22 [1/1] (0.00ns)   --->   "%k = phi i3 [ 0, %1 ], [ %k_2, %branch2.backedge ]" [buf4bug3.cpp:272]   --->   Operation 22 'phi' 'k' <Predicate = true> <Delay = 0.00>
ST_3 : Operation 23 [1/1] (1.18ns)   --->   "%exitcond5 = icmp eq i3 %k, -4" [buf4bug3.cpp:272]   --->   Operation 23 'icmp' 'exitcond5' <Predicate = true> <Delay = 1.18> <Core = "Cmp">   --->   Core 25 'Cmp' <Latency = 0> <II = 1> <Delay = 1.44> <FuncUnit> <Opcode : 'icmp'> <InPorts = 2> <OutPorts = 1>
ST_3 : Operation 24 [1/1] (0.00ns)   --->   "%empty_4 = call i32 (...)* @_ssdm_op_SpecLoopTripCount(i64 4, i64 4, i64 4)"   --->   Operation 24 'speclooptripcount' 'empty_4' <Predicate = true> <Delay = 0.00>
ST_3 : Operation 25 [1/1] (1.68ns)   --->   "%k_2 = add i3 %k, 1" [buf4bug3.cpp:272]   --->   Operation 25 'add' 'k_2' <Predicate = true> <Delay = 1.68> <Core = "AddSub">   --->   Core 14 'AddSub' <Latency = 0> <II = 1> <Delay = 1.68> <FuncUnit> <Opcode : 'add' 'sub'> <InPorts = 2> <OutPorts = 1>
ST_3 : Operation 26 [1/1] (0.00ns)   --->   "br i1 %exitcond5, label %2, label %3" [buf4bug3.cpp:272]   --->   Operation 26 'br' <Predicate = true> <Delay = 0.00>
ST_3 : Operation 27 [1/1] (0.00ns)   --->   "%tmp_1 = trunc i3 %k to i2" [buf4bug3.cpp:272]   --->   Operation 27 'trunc' 'tmp_1' <Predicate = (!exitcond5)> <Delay = 0.00>
ST_3 : Operation 28 [1/1] (0.00ns)   --->   "%sum_cast = zext i2 %tmp_1 to i64" [buf4bug3.cpp:272]   --->   Operation 28 'zext' 'sum_cast' <Predicate = (!exitcond5)> <Delay = 0.00>
ST_3 : Operation 29 [1/1] (0.00ns)   --->   "%data_addr = getelementptr [16 x i8]* %data, i64 0, i64 %sum_cast" [buf4bug3.cpp:274]   --->   Operation 29 'getelementptr' 'data_addr' <Predicate = (!exitcond5)> <Delay = 0.00>
ST_3 : Operation 30 [2/2] (2.15ns)   --->   "%buf_0_0_4 = load i8* %data_addr, align 1" [buf4bug3.cpp:274]   --->   Operation 30 'load' 'buf_0_0_4' <Predicate = (!exitcond5)> <Delay = 2.15> <Core = "RAM">   --->   Core 37 'RAM' <Latency = 1> <II = 1> <Delay = 2.15> <Storage> <Opcode : 'load' 'store'> <Ports = 2> <Width = 1> <Depth = 32> <RAM>
ST_3 : Operation 31 [2/2] (0.00ns)   --->   "%call_ret = call fastcc { i8, i8 } @aes256_encrypt_ecb([32 x i1]* @local_key_0, i8 %buf_0_0_1, i8 %buf_0_1_1)" [buf4bug3.cpp:235->buf4bug3.cpp:281]   --->   Operation 31 'call' 'call_ret' <Predicate = (exitcond5)> <Delay = 0.00> <CoreType = "Generic">   --->   Core 0 '' <Latency = 0> <II = 1> <Delay = 1.00> <Generic> <Opcode : >

State 4 <SV = 3> <Delay = 2.15>
ST_4 : Operation 32 [1/2] (2.15ns)   --->   "%buf_0_0_4 = load i8* %data_addr, align 1" [buf4bug3.cpp:274]   --->   Operation 32 'load' 'buf_0_0_4' <Predicate = true> <Delay = 2.15> <Core = "RAM">   --->   Core 37 'RAM' <Latency = 1> <II = 1> <Delay = 2.15> <Storage> <Opcode : 'load' 'store'> <Ports = 2> <Width = 1> <Depth = 32> <RAM>
ST_4 : Operation 33 [1/1] (1.66ns)   --->   "switch i2 %tmp_1, label %branch3 [
    i2 0, label %branch2.backedge
    i2 1, label %branch1
    i2 -2, label %.branch2.backedge_crit_edge
  ]" [buf4bug3.cpp:274]   --->   Operation 33 'switch' <Predicate = true> <Delay = 1.66>
ST_4 : Operation 34 [1/1] (0.00ns)   --->   "store i8 %buf_0_0_4, i8* %buf_0_3" [buf4bug3.cpp:274]   --->   Operation 34 'store' <Predicate = (tmp_1 == 2)> <Delay = 0.00>
ST_4 : Operation 35 [1/1] (1.66ns)   --->   "br label %branch2.backedge" [buf4bug3.cpp:274]   --->   Operation 35 'br' <Predicate = (tmp_1 == 2)> <Delay = 1.66>
ST_4 : Operation 36 [1/1] (1.66ns)   --->   "br label %branch2.backedge" [buf4bug3.cpp:274]   --->   Operation 36 'br' <Predicate = (tmp_1 == 1)> <Delay = 1.66>
ST_4 : Operation 37 [1/1] (0.00ns)   --->   "store i8 %buf_0_0_4, i8* %buf_0_3_1" [buf4bug3.cpp:274]   --->   Operation 37 'store' <Predicate = (tmp_1 == 3)> <Delay = 0.00>
ST_4 : Operation 38 [1/1] (1.66ns)   --->   "br label %branch2.backedge" [buf4bug3.cpp:274]   --->   Operation 38 'br' <Predicate = (tmp_1 == 3)> <Delay = 1.66>

State 5 <SV = 4> <Delay = 0.00>
ST_5 : Operation 39 [1/1] (0.00ns)   --->   "%buf_0_1_1_be = phi i8 [ %buf_0_1_1, %branch3 ], [ %buf_0_1_1, %.branch2.backedge_crit_edge ], [ %buf_0_0_4, %branch1 ], [ %buf_0_1_1, %3 ]"   --->   Operation 39 'phi' 'buf_0_1_1_be' <Predicate = true> <Delay = 0.00>
ST_5 : Operation 40 [1/1] (0.00ns)   --->   "%buf_0_0_1_be = phi i8 [ %buf_0_0_1, %branch3 ], [ %buf_0_0_1, %.branch2.backedge_crit_edge ], [ %buf_0_0_1, %branch1 ], [ %buf_0_0_4, %3 ]"   --->   Operation 40 'phi' 'buf_0_0_1_be' <Predicate = true> <Delay = 0.00>
ST_5 : Operation 41 [1/1] (0.00ns)   --->   "br label %branch2"   --->   Operation 41 'br' <Predicate = true> <Delay = 0.00>

State 6 <SV = 3> <Delay = 1.66>
ST_6 : Operation 42 [1/1] (0.00ns)   --->   "%empty_3 = call i32 (...)* @_ssdm_op_SpecRegionEnd([9 x i8]* @p_str13, i32 %tmp_2)" [buf4bug3.cpp:278]   --->   Operation 42 'specregionend' 'empty_3' <Predicate = true> <Delay = 0.00>
ST_6 : Operation 43 [1/2] (0.00ns)   --->   "%call_ret = call fastcc { i8, i8 } @aes256_encrypt_ecb([32 x i1]* @local_key_0, i8 %buf_0_0_1, i8 %buf_0_1_1)" [buf4bug3.cpp:235->buf4bug3.cpp:281]   --->   Operation 43 'call' 'call_ret' <Predicate = true> <Delay = 0.00> <CoreType = "Generic">   --->   Core 0 '' <Latency = 0> <II = 1> <Delay = 1.00> <Generic> <Opcode : >
ST_6 : Operation 44 [1/1] (0.00ns)   --->   "%buf_0_0_2 = extractvalue { i8, i8 } %call_ret, 0" [buf4bug3.cpp:235->buf4bug3.cpp:281]   --->   Operation 44 'extractvalue' 'buf_0_0_2' <Predicate = true> <Delay = 0.00>
ST_6 : Operation 45 [1/1] (0.00ns)   --->   "%buf_0_1_2 = extractvalue { i8, i8 } %call_ret, 1" [buf4bug3.cpp:235->buf4bug3.cpp:281]   --->   Operation 45 'extractvalue' 'buf_0_1_2' <Predicate = true> <Delay = 0.00>
ST_6 : Operation 46 [1/1] (0.00ns)   --->   "%tmp_3 = call i32 (...)* @_ssdm_op_SpecRegionBegin([9 x i8]* @p_str15)" [buf4bug3.cpp:283]   --->   Operation 46 'specregionbegin' 'tmp_3' <Predicate = true> <Delay = 0.00>
ST_6 : Operation 47 [1/1] (1.66ns)   --->   "br label %5" [buf4bug3.cpp:284]   --->   Operation 47 'br' <Predicate = true> <Delay = 1.66>

State 7 <SV = 4> <Delay = 4.12>
ST_7 : Operation 48 [1/1] (0.00ns)   --->   "%k_1 = phi i3 [ 0, %2 ], [ %k_3, %6 ]" [buf4bug3.cpp:284]   --->   Operation 48 'phi' 'k_1' <Predicate = true> <Delay = 0.00>
ST_7 : Operation 49 [1/1] (1.18ns)   --->   "%exitcond1 = icmp eq i3 %k_1, -4" [buf4bug3.cpp:284]   --->   Operation 49 'icmp' 'exitcond1' <Predicate = true> <Delay = 1.18> <Core = "Cmp">   --->   Core 25 'Cmp' <Latency = 0> <II = 1> <Delay = 1.44> <FuncUnit> <Opcode : 'icmp'> <InPorts = 2> <OutPorts = 1>
ST_7 : Operation 50 [1/1] (0.00ns)   --->   "%empty_6 = call i32 (...)* @_ssdm_op_SpecLoopTripCount(i64 4, i64 4, i64 4)"   --->   Operation 50 'speclooptripcount' 'empty_6' <Predicate = true> <Delay = 0.00>
ST_7 : Operation 51 [1/1] (1.68ns)   --->   "%k_3 = add i3 %k_1, 1" [buf4bug3.cpp:284]   --->   Operation 51 'add' 'k_3' <Predicate = true> <Delay = 1.68> <Core = "AddSub">   --->   Core 14 'AddSub' <Latency = 0> <II = 1> <Delay = 1.68> <FuncUnit> <Opcode : 'add' 'sub'> <InPorts = 2> <OutPorts = 1>
ST_7 : Operation 52 [1/1] (0.00ns)   --->   "br i1 %exitcond1, label %4, label %6" [buf4bug3.cpp:284]   --->   Operation 52 'br' <Predicate = true> <Delay = 0.00>
ST_7 : Operation 53 [1/1] (0.00ns)   --->   "%buf_0_3_load = load i8* %buf_0_3"   --->   Operation 53 'load' 'buf_0_3_load' <Predicate = (!exitcond1)> <Delay = 0.00>
ST_7 : Operation 54 [1/1] (0.00ns)   --->   "%buf_0_3_1_load = load i8* %buf_0_3_1"   --->   Operation 54 'load' 'buf_0_3_1_load' <Predicate = (!exitcond1)> <Delay = 0.00>
ST_7 : Operation 55 [1/1] (0.00ns)   --->   "%tmp_4 = trunc i3 %k_1 to i2" [buf4bug3.cpp:284]   --->   Operation 55 'trunc' 'tmp_4' <Predicate = (!exitcond1)> <Delay = 0.00>
ST_7 : Operation 56 [1/1] (1.96ns)   --->   "%tmp = call i8 @_ssdm_op_Mux.ap_auto.4i8.i2(i8 %buf_0_0_2, i8 %buf_0_1_2, i8 %buf_0_3_load, i8 %buf_0_3_1_load, i2 %tmp_4)" [buf4bug3.cpp:235->buf4bug3.cpp:281]   --->   Operation 56 'mux' 'tmp' <Predicate = (!exitcond1)> <Delay = 1.96> <Core = "MuxnS">   --->   Core 31 'MuxnS' <Latency = 0> <II = 1> <Delay = 1.96> <FuncUnit> <Opcode : 'mux'> <InPorts = 2> <OutPorts = 1>
ST_7 : Operation 57 [1/1] (0.00ns)   --->   "%sum2_cast = zext i2 %tmp_4 to i64" [buf4bug3.cpp:284]   --->   Operation 57 'zext' 'sum2_cast' <Predicate = (!exitcond1)> <Delay = 0.00>
ST_7 : Operation 58 [1/1] (0.00ns)   --->   "%data_addr_1 = getelementptr [16 x i8]* %data, i64 0, i64 %sum2_cast" [buf4bug3.cpp:286]   --->   Operation 58 'getelementptr' 'data_addr_1' <Predicate = (!exitcond1)> <Delay = 0.00>
ST_7 : Operation 59 [1/1] (2.15ns)   --->   "store i8 %tmp, i8* %data_addr_1, align 1" [buf4bug3.cpp:286]   --->   Operation 59 'store' <Predicate = (!exitcond1)> <Delay = 2.15> <Core = "RAM">   --->   Core 37 'RAM' <Latency = 1> <II = 1> <Delay = 2.15> <Storage> <Opcode : 'load' 'store'> <Ports = 2> <Width = 1> <Depth = 32> <RAM>
ST_7 : Operation 60 [1/1] (0.00ns)   --->   "br label %5" [buf4bug3.cpp:284]   --->   Operation 60 'br' <Predicate = (!exitcond1)> <Delay = 0.00>
ST_7 : Operation 61 [1/1] (0.00ns)   --->   "%empty_5 = call i32 (...)* @_ssdm_op_SpecRegionEnd([9 x i8]* @p_str15, i32 %tmp_3)" [buf4bug3.cpp:290]   --->   Operation 61 'specregionend' 'empty_5' <Predicate = (exitcond1)> <Delay = 0.00>
ST_7 : Operation 62 [1/1] (0.00ns)   --->   "br label %0" [buf4bug3.cpp:270]   --->   Operation 62 'br' <Predicate = (exitcond1)> <Delay = 0.00>


============================================================
+ Verbose Summary: Binding
============================================================
STG Binding: 
---------------- STG Properties BEGIN ----------------
- Is combinational: 0
- Is one-state seq: 0
- Is datapath-only: 0
- Is pipelined: 0
- Is top level: 0
Port [ Return ] is wired: 1; IO mode=ap_ctrl_hs:ce=0
Port [ data]:  wired=1; compound=1; hidden=0; nouse=0; global=0; static=0; extern=0; dir=2; type=1; pingpong=0; private_global=0; MemPort=[23]; IO mode=ap_memory:ce=0
Port [ sbox]:  wired=0; compound=1; hidden=1; nouse=1; global=1; static=1; extern=0; dir=0; type=1; pingpong=0; private_global=0; linkage=7; visibility=0; MemPort=[1]; IO mode=ap_memory:ce=0
Port [ local_key_0]:  wired=0; compound=1; hidden=1; nouse=0; global=1; static=1; extern=0; dir=0; type=1; pingpong=0; private_global=1; linkage=7; visibility=0; MemPort=[13]; IO mode=ap_memory:ce=0
---------------- STG Properties END ------------------

---------------- Datapath Model BEGIN ----------------

<LifeTime>
<method=bitvector/>
buf_0_3        (alloca           ) [ 00111111]
buf_0_3_1      (alloca           ) [ 00111111]
StgValue_10    (br               ) [ 01111111]
buf_0_1        (phi              ) [ 00111100]
buf_0_0        (phi              ) [ 00111100]
i_2            (phi              ) [ 00111111]
empty          (speclooptripcount) [ 00000000]
StgValue_15    (br               ) [ 00000000]
StgValue_16    (specloopname     ) [ 00000000]
tmp_2          (specregionbegin  ) [ 00011110]
StgValue_18    (br               ) [ 00111111]
StgValue_19    (ret              ) [ 00000000]
buf_0_1_1      (phi              ) [ 00011110]
buf_0_0_1      (phi              ) [ 00011110]
k              (phi              ) [ 00010000]
exitcond5      (icmp             ) [ 00111111]
empty_4        (speclooptripcount) [ 00000000]
k_2            (add              ) [ 00111111]
StgValue_26    (br               ) [ 00000000]
tmp_1          (trunc            ) [ 00001000]
sum_cast       (zext             ) [ 00000000]
data_addr      (getelementptr    ) [ 00001000]
buf_0_0_4      (load             ) [ 00111111]
StgValue_33    (switch           ) [ 00111111]
StgValue_34    (store            ) [ 00000000]
StgValue_35    (br               ) [ 00111111]
StgValue_36    (br               ) [ 00111111]
StgValue_37    (store            ) [ 00000000]
StgValue_38    (br               ) [ 00111111]
buf_0_1_1_be   (phi              ) [ 00110111]
buf_0_0_1_be   (phi              ) [ 00110111]
StgValue_41    (br               ) [ 00111111]
empty_3        (specregionend    ) [ 00000000]
call_ret       (call             ) [ 00000000]
buf_0_0_2      (extractvalue     ) [ 01100001]
buf_0_1_2      (extractvalue     ) [ 01100001]
tmp_3          (specregionbegin  ) [ 00000001]
StgValue_47    (br               ) [ 00111111]
k_1            (phi              ) [ 00000001]
exitcond1      (icmp             ) [ 00111111]
empty_6        (speclooptripcount) [ 00000000]
k_3            (add              ) [ 00111111]
StgValue_52    (br               ) [ 00000000]
buf_0_3_load   (load             ) [ 00000000]
buf_0_3_1_load (load             ) [ 00000000]
tmp_4          (trunc            ) [ 00000000]
tmp            (mux              ) [ 00000000]
sum2_cast      (zext             ) [ 00000000]
data_addr_1    (getelementptr    ) [ 00000000]
StgValue_59    (store            ) [ 00000000]
StgValue_60    (br               ) [ 00111111]
empty_5        (specregionend    ) [ 00000000]
StgValue_62    (br               ) [ 01111111]
</LifeTime>

<model>

<comp_list>
<comp id="0" class="1000" name="data">
<pin_list>
<pin id="1" dir="1" index="0" bw="1" slack="0"/>
</pin_list>
<bind>
<StgValue><ssdm name="data"/><MemPortTyVec>2 3 </MemPortTyVec>
</StgValue>
</bind>
</comp>

<comp id="2" class="1000" name="sbox">
<pin_list>
<pin id="3" dir="1" index="0" bw="1" slack="0"/>
</pin_list>
<bind>
<StgValue><ssdm name="sbox"/><MemPortTyVec>1 </MemPortTyVec>
</StgValue>
</bind>
</comp>

<comp id="4" class="1000" name="local_key_0">
<pin_list>
<pin id="5" dir="1" index="0" bw="1" slack="0"/>
</pin_list>
<bind>
<StgValue><ssdm name="local_key_0"/><MemPortTyVec>1 3 </MemPortTyVec>
</StgValue>
</bind>
</comp>

<comp id="6" class="1001" name="const_6">
<pin_list>
<pin id="7" dir="1" index="0" bw="1" slack="0"/>
</pin_list>
<bind>
<StgValue><ssdm name=""/></StgValue>
</bind>
</comp>

<comp id="8" class="1001" name="const_8">
<pin_list>
<pin id="9" dir="1" index="0" bw="1" slack="1"/>
</pin_list>
<bind>
<StgValue><ssdm name=""/></StgValue>
</bind>
</comp>

<comp id="10" class="1001" name="const_10">
<pin_list>
<pin id="11" dir="1" index="0" bw="1" slack="1"/>
</pin_list>
<bind>
<StgValue><ssdm name=""/></StgValue>
</bind>
</comp>

<comp id="12" class="1001" name="const_12">
<pin_list>
<pin id="13" dir="1" index="0" bw="1" slack="1"/>
</pin_list>
<bind>
<StgValue><ssdm name=""/></StgValue>
</bind>
</comp>

<comp id="14" class="1001" name="const_14">
<pin_list>
<pin id="15" dir="1" index="0" bw="1" slack="2147483647"/>
</pin_list>
<bind>
<StgValue><ssdm name="_ssdm_op_SpecLoopTripCount"/></StgValue>
</bind>
</comp>

<comp id="16" class="1001" name="const_16">
<pin_list>
<pin id="17" dir="1" index="0" bw="1" slack="2147483647"/>
</pin_list>
<bind>
<StgValue><ssdm name=""/></StgValue>
</bind>
</comp>

<comp id="18" class="1001" name="const_18">
<pin_list>
<pin id="19" dir="1" index="0" bw="1" slack="2147483647"/>
</pin_list>
<bind>
<StgValue><ssdm name="_ssdm_op_SpecLoopName"/></StgValue>
</bind>
</comp>

<comp id="20" class="1001" name="const_20">
<pin_list>
<pin id="21" dir="1" index="0" bw="1" slack="2147483647"/>
</pin_list>
<bind>
<StgValue><ssdm name="p_str12"/></StgValue>
</bind>
</comp>

<comp id="22" class="1001" name="const_22">
<pin_list>
<pin id="23" dir="1" index="0" bw="1" slack="2147483647"/>
</pin_list>
<bind>
<StgValue><ssdm name="_ssdm_op_SpecRegionBegin"/></StgValue>
</bind>
</comp>

<comp id="24" class="1001" name="const_24">
<pin_list>
<pin id="25" dir="1" index="0" bw="1" slack="2147483647"/>
</pin_list>
<bind>
<StgValue><ssdm name="p_str13"/></StgValue>
</bind>
</comp>

<comp id="26" class="1001" name="const_26">
<pin_list>
<pin id="27" dir="1" index="0" bw="1" slack="1"/>
</pin_list>
<bind>
<StgValue><ssdm name=""/></StgValue>
</bind>
</comp>

<comp id="28" class="1001" name="const_28">
<pin_list>
<pin id="29" dir="1" index="0" bw="1" slack="0"/>
</pin_list>
<bind>
<StgValue><ssdm name=""/></StgValue>
</bind>
</comp>

<comp id="30" class="1001" name="const_30">
<pin_list>
<pin id="31" dir="1" index="0" bw="1" slack="2147483647"/>
</pin_list>
<bind>
<StgValue><ssdm name=""/></StgValue>
</bind>
</comp>

<comp id="32" class="1001" name="const_32">
<pin_list>
<pin id="33" dir="1" index="0" bw="1" slack="0"/>
</pin_list>
<bind>
<StgValue><ssdm name=""/></StgValue>
</bind>
</comp>

<comp id="34" class="1001" name="const_34">
<pin_list>
<pin id="35" dir="1" index="0" bw="1" slack="0"/>
</pin_list>
<bind>
<StgValue><ssdm name=""/></StgValue>
</bind>
</comp>

<comp id="36" class="1001" name="const_36">
<pin_list>
<pin id="37" dir="1" index="0" bw="1" slack="0"/>
</pin_list>
<bind>
<StgValue><ssdm name="aes256_encrypt_ecb"/></StgValue>
</bind>
</comp>

<comp id="38" class="1001" name="const_38">
<pin_list>
<pin id="39" dir="1" index="0" bw="1" slack="2147483647"/>
</pin_list>
<bind>
<StgValue><ssdm name=""/></StgValue>
</bind>
</comp>

<comp id="40" class="1001" name="const_40">
<pin_list>
<pin id="41" dir="1" index="0" bw="1" slack="2147483647"/>
</pin_list>
<bind>
<StgValue><ssdm name=""/></StgValue>
</bind>
</comp>

<comp id="42" class="1001" name="const_42">
<pin_list>
<pin id="43" dir="1" index="0" bw="1" slack="2147483647"/>
</pin_list>
<bind>
<StgValue><ssdm name=""/></StgValue>
</bind>
</comp>

<comp id="44" class="1001" name="const_44">
<pin_list>
<pin id="45" dir="1" index="0" bw="1" slack="2147483647"/>
</pin_list>
<bind>
<StgValue><ssdm name="_ssdm_op_SpecRegionEnd"/></StgValue>
</bind>
</comp>

<comp id="46" class="1001" name="const_46">
<pin_list>
<pin id="47" dir="1" index="0" bw="1" slack="2147483647"/>
</pin_list>
<bind>
<StgValue><ssdm name="p_str15"/></StgValue>
</bind>
</comp>

<comp id="48" class="1001" name="const_48">
<pin_list>
<pin id="49" dir="1" index="0" bw="1" slack="0"/>
</pin_list>
<bind>
<StgValue><ssdm name="_ssdm_op_Mux.ap_auto.4i8.i2"/></StgValue>
</bind>
</comp>

<comp id="50" class="1004" name="buf_0_3_fu_50">
<pin_list>
<pin id="51" dir="0" index="0" bw="1" slack="0"/>
<pin id="52" dir="1" index="1" bw="8" slack="3"/>
</pin_list>
<bind>
<opcode="alloca(26) " fcode="alloca"/>
<opset="buf_0_3/1 "/>
</bind>
</comp>

<comp id="54" class="1004" name="buf_0_3_1_fu_54">
<pin_list>
<pin id="55" dir="0" index="0" bw="1" slack="0"/>
<pin id="56" dir="1" index="1" bw="8" slack="3"/>
</pin_list>
<bind>
<opcode="alloca(26) " fcode="alloca"/>
<opset="buf_0_3_1/1 "/>
</bind>
</comp>

<comp id="58" class="1004" name="data_addr_gep_fu_58">
<pin_list>
<pin id="59" dir="0" index="0" bw="8" slack="0"/>
<pin id="60" dir="0" index="1" bw="1" slack="0"/>
<pin id="61" dir="0" index="2" bw="2" slack="0"/>
<pin id="62" dir="1" index="3" bw="4" slack="0"/>
</pin_list>
<bind>
<opcode="getelementptr(29) " fcode="getelementptr"/>
<opset="data_addr/3 "/>
</bind>
</comp>

<comp id="65" class="1004" name="grp_access_fu_65">
<pin_list>
<pin id="66" dir="0" index="0" bw="4" slack="0"/>
<pin id="67" dir="0" index="1" bw="8" slack="0"/>
<pin id="68" dir="0" index="2" bw="0" slack="2147483647"/>
<pin id="69" dir="1" index="3" bw="8" slack="0"/>
</pin_list>
<bind>
<opcode="load(27) store(28) " fcode="store"/>
<opset="buf_0_0_4/3 StgValue_59/7 "/>
</bind>
</comp>

<comp id="71" class="1004" name="data_addr_1_gep_fu_71">
<pin_list>
<pin id="72" dir="0" index="0" bw="8" slack="0"/>
<pin id="73" dir="0" index="1" bw="1" slack="0"/>
<pin id="74" dir="0" index="2" bw="2" slack="0"/>
<pin id="75" dir="1" index="3" bw="4" slack="0"/>
</pin_list>
<bind>
<opcode="getelementptr(29) " fcode="getelementptr"/>
<opset="data_addr_1/7 "/>
</bind>
</comp>

<comp id="79" class="1005" name="buf_0_1_reg_79">
<pin_list>
<pin id="80" dir="0" index="0" bw="8" slack="1"/>
<pin id="81" dir="1" index="1" bw="8" slack="1"/>
</pin_list>
<bind>
<opset="buf_0_1 (phireg) "/>
</bind>
</comp>

<comp id="83" class="1004" name="buf_0_1_phi_fu_83">
<pin_list>
<pin id="84" dir="0" index="0" bw="1" slack="1"/>
<pin id="85" dir="0" index="1" bw="0" slack="2147483647"/>
<pin id="86" dir="0" index="2" bw="8" slack="1"/>
<pin id="87" dir="0" index="3" bw="0" slack="2147483647"/>
<pin id="88" dir="1" index="4" bw="8" slack="1"/>
</pin_list>
<bind>
<opcode="phi(47) " fcode="phi"/>
<opset="buf_0_1/2 "/>
</bind>
</comp>

<comp id="91" class="1005" name="buf_0_0_reg_91">
<pin_list>
<pin id="92" dir="0" index="0" bw="8" slack="1"/>
<pin id="93" dir="1" index="1" bw="8" slack="1"/>
</pin_list>
<bind>
<opset="buf_0_0 (phireg) "/>
</bind>
</comp>

<comp id="95" class="1004" name="buf_0_0_phi_fu_95">
<pin_list>
<pin id="96" dir="0" index="0" bw="1" slack="1"/>
<pin id="97" dir="0" index="1" bw="0" slack="2147483647"/>
<pin id="98" dir="0" index="2" bw="8" slack="1"/>
<pin id="99" dir="0" index="3" bw="0" slack="2147483647"/>
<pin id="100" dir="1" index="4" bw="8" slack="1"/>
</pin_list>
<bind>
<opcode="phi(47) " fcode="phi"/>
<opset="buf_0_0/2 "/>
</bind>
</comp>

<comp id="103" class="1005" name="i_2_reg_103">
<pin_list>
<pin id="104" dir="0" index="0" bw="1" slack="1"/>
<pin id="105" dir="1" index="1" bw="1" slack="1"/>
</pin_list>
<bind>
<opset="i_2 (phireg) "/>
</bind>
</comp>

<comp id="108" class="1004" name="i_2_phi_fu_108">
<pin_list>
<pin id="109" dir="0" index="0" bw="1" slack="1"/>
<pin id="110" dir="0" index="1" bw="0" slack="2147483647"/>
<pin id="111" dir="0" index="2" bw="1" slack="1"/>
<pin id="112" dir="0" index="3" bw="0" slack="2147483647"/>
<pin id="113" dir="1" index="4" bw="1" slack="2147483647"/>
</pin_list>
<bind>
<opcode="phi(47) " fcode="phi"/>
<opset="i_2/2 "/>
</bind>
</comp>

<comp id="116" class="1005" name="buf_0_1_1_reg_116">
<pin_list>
<pin id="117" dir="0" index="0" bw="8" slack="1"/>
<pin id="118" dir="1" index="1" bw="8" slack="2"/>
</pin_list>
<bind>
<opset="buf_0_1_1 (phireg) "/>
</bind>
</comp>

<comp id="119" class="1004" name="buf_0_1_1_phi_fu_119">
<pin_list>
<pin id="120" dir="0" index="0" bw="8" slack="1"/>
<pin id="121" dir="0" index="1" bw="0" slack="2147483647"/>
<pin id="122" dir="0" index="2" bw="8" slack="1"/>
<pin id="123" dir="0" index="3" bw="0" slack="2147483647"/>
<pin id="124" dir="1" index="4" bw="8" slack="0"/>
</pin_list>
<bind>
<opcode="phi(47) " fcode="phi"/>
<opset="buf_0_1_1/3 "/>
</bind>
</comp>

<comp id="127" class="1005" name="buf_0_0_1_reg_127">
<pin_list>
<pin id="128" dir="0" index="0" bw="8" slack="1"/>
<pin id="129" dir="1" index="1" bw="8" slack="2"/>
</pin_list>
<bind>
<opset="buf_0_0_1 (phireg) "/>
</bind>
</comp>

<comp id="130" class="1004" name="buf_0_0_1_phi_fu_130">
<pin_list>
<pin id="131" dir="0" index="0" bw="8" slack="1"/>
<pin id="132" dir="0" index="1" bw="0" slack="2147483647"/>
<pin id="133" dir="0" index="2" bw="8" slack="1"/>
<pin id="134" dir="0" index="3" bw="0" slack="2147483647"/>
<pin id="135" dir="1" index="4" bw="8" slack="0"/>
</pin_list>
<bind>
<opcode="phi(47) " fcode="phi"/>
<opset="buf_0_0_1/3 "/>
</bind>
</comp>

<comp id="138" class="1005" name="k_reg_138">
<pin_list>
<pin id="139" dir="0" index="0" bw="3" slack="1"/>
<pin id="140" dir="1" index="1" bw="3" slack="1"/>
</pin_list>
<bind>
<opset="k (phireg) "/>
</bind>
</comp>

<comp id="142" class="1004" name="k_phi_fu_142">
<pin_list>
<pin id="143" dir="0" index="0" bw="1" slack="1"/>
<pin id="144" dir="0" index="1" bw="0" slack="2147483647"/>
<pin id="145" dir="0" index="2" bw="3" slack="0"/>
<pin id="146" dir="0" index="3" bw="0" slack="2147483647"/>
<pin id="147" dir="1" index="4" bw="3" slack="0"/>
</pin_list>
<bind>
<opcode="phi(47) " fcode="phi"/>
<opset="k/3 "/>
</bind>
</comp>

<comp id="149" class="1005" name="buf_0_1_1_be_reg_149">
<pin_list>
<pin id="150" dir="0" index="0" bw="8" slack="1"/>
<pin id="151" dir="1" index="1" bw="8" slack="1"/>
</pin_list>
<bind>
<opset="buf_0_1_1_be (phireg) "/>
</bind>
</comp>

<comp id="153" class="1004" name="buf_0_1_1_be_phi_fu_153">
<pin_list>
<pin id="154" dir="0" index="0" bw="8" slack="2"/>
<pin id="155" dir="0" index="1" bw="0" slack="2147483647"/>
<pin id="156" dir="0" index="2" bw="8" slack="2"/>
<pin id="157" dir="0" index="3" bw="0" slack="2147483647"/>
<pin id="158" dir="0" index="4" bw="8" slack="1"/>
<pin id="159" dir="0" index="5" bw="0" slack="2147483647"/>
<pin id="160" dir="0" index="6" bw="8" slack="2"/>
<pin id="161" dir="0" index="7" bw="0" slack="2147483647"/>
<pin id="162" dir="1" index="8" bw="8" slack="1"/>
</pin_list>
<bind>
<opcode="phi(47) " fcode="phi"/>
<opset="buf_0_1_1_be/5 "/>
</bind>
</comp>

<comp id="167" class="1005" name="buf_0_0_1_be_reg_167">
<pin_list>
<pin id="168" dir="0" index="0" bw="8" slack="1"/>
<pin id="169" dir="1" index="1" bw="8" slack="1"/>
</pin_list>
<bind>
<opset="buf_0_0_1_be (phireg) "/>
</bind>
</comp>

<comp id="171" class="1004" name="buf_0_0_1_be_phi_fu_171">
<pin_list>
<pin id="172" dir="0" index="0" bw="8" slack="2"/>
<pin id="173" dir="0" index="1" bw="0" slack="2147483647"/>
<pin id="174" dir="0" index="2" bw="8" slack="2"/>
<pin id="175" dir="0" index="3" bw="0" slack="2147483647"/>
<pin id="176" dir="0" index="4" bw="8" slack="2"/>
<pin id="177" dir="0" index="5" bw="0" slack="2147483647"/>
<pin id="178" dir="0" index="6" bw="8" slack="1"/>
<pin id="179" dir="0" index="7" bw="0" slack="2147483647"/>
<pin id="180" dir="1" index="8" bw="8" slack="1"/>
</pin_list>
<bind>
<opcode="phi(47) " fcode="phi"/>
<opset="buf_0_0_1_be/5 "/>
</bind>
</comp>

<comp id="185" class="1005" name="k_1_reg_185">
<pin_list>
<pin id="186" dir="0" index="0" bw="3" slack="1"/>
<pin id="187" dir="1" index="1" bw="3" slack="1"/>
</pin_list>
<bind>
<opset="k_1 (phireg) "/>
</bind>
</comp>

<comp id="189" class="1004" name="k_1_phi_fu_189">
<pin_list>
<pin id="190" dir="0" index="0" bw="1" slack="1"/>
<pin id="191" dir="0" index="1" bw="0" slack="2147483647"/>
<pin id="192" dir="0" index="2" bw="3" slack="0"/>
<pin id="193" dir="0" index="3" bw="0" slack="2147483647"/>
<pin id="194" dir="1" index="4" bw="3" slack="0"/>
</pin_list>
<bind>
<opcode="phi(47) " fcode="phi"/>
<opset="k_1/7 "/>
</bind>
</comp>

<comp id="196" class="1004" name="grp_aes256_encrypt_ecb_fu_196">
<pin_list>
<pin id="197" dir="0" index="0" bw="16" slack="0"/>
<pin id="198" dir="0" index="1" bw="1" slack="0"/>
<pin id="199" dir="0" index="2" bw="8" slack="0"/>
<pin id="200" dir="0" index="3" bw="8" slack="0"/>
<pin id="201" dir="0" index="4" bw="8" slack="0"/>
<pin id="202" dir="1" index="5" bw="16" slack="0"/>
</pin_list>
<bind>
<opcode="call(48) " fcode="call"/>
<opset="call_ret/3 "/>
</bind>
</comp>

<comp id="208" class="1004" name="exitcond5_fu_208">
<pin_list>
<pin id="209" dir="0" index="0" bw="3" slack="0"/>
<pin id="210" dir="0" index="1" bw="3" slack="0"/>
<pin id="211" dir="1" index="2" bw="1" slack="2147483647"/>
</pin_list>
<bind>
<opcode="icmp(45) " fcode="icmp"/>
<opset="exitcond5/3 "/>
</bind>
</comp>

<comp id="214" class="1004" name="k_2_fu_214">
<pin_list>
<pin id="215" dir="0" index="0" bw="3" slack="0"/>
<pin id="216" dir="0" index="1" bw="1" slack="0"/>
<pin id="217" dir="1" index="2" bw="3" slack="0"/>
</pin_list>
<bind>
<opcode="add(8) " fcode="add"/>
<opset="k_2/3 "/>
</bind>
</comp>

<comp id="220" class="1004" name="tmp_1_fu_220">
<pin_list>
<pin id="221" dir="0" index="0" bw="3" slack="0"/>
<pin id="222" dir="1" index="1" bw="2" slack="0"/>
</pin_list>
<bind>
<opcode="trunc(33) " fcode="trunc"/>
<opset="tmp_1/3 "/>
</bind>
</comp>

<comp id="224" class="1004" name="sum_cast_fu_224">
<pin_list>
<pin id="225" dir="0" index="0" bw="2" slack="0"/>
<pin id="226" dir="1" index="1" bw="64" slack="0"/>
</pin_list>
<bind>
<opcode="zext(34) " fcode="zext"/>
<opset="sum_cast/3 "/>
</bind>
</comp>

<comp id="229" class="1004" name="StgValue_34_store_fu_229">
<pin_list>
<pin id="230" dir="0" index="0" bw="8" slack="0"/>
<pin id="231" dir="0" index="1" bw="8" slack="3"/>
<pin id="232" dir="1" index="2" bw="0" slack="2147483647"/>
</pin_list>
<bind>
<opcode="store(28) " fcode="store"/>
<opset="StgValue_34/4 "/>
</bind>
</comp>

<comp id="234" class="1004" name="StgValue_37_store_fu_234">
<pin_list>
<pin id="235" dir="0" index="0" bw="8" slack="0"/>
<pin id="236" dir="0" index="1" bw="8" slack="3"/>
<pin id="237" dir="1" index="2" bw="0" slack="2147483647"/>
</pin_list>
<bind>
<opcode="store(28) " fcode="store"/>
<opset="StgValue_37/4 "/>
</bind>
</comp>

<comp id="239" class="1004" name="buf_0_0_2_fu_239">
<pin_list>
<pin id="240" dir="0" index="0" bw="16" slack="0"/>
<pin id="241" dir="1" index="1" bw="8" slack="1"/>
</pin_list>
<bind>
<opcode="extractvalue(56) " fcode="extractvalue"/>
<opset="buf_0_0_2/6 "/>
</bind>
</comp>

<comp id="243" class="1004" name="buf_0_1_2_fu_243">
<pin_list>
<pin id="244" dir="0" index="0" bw="16" slack="0"/>
<pin id="245" dir="1" index="1" bw="8" slack="1"/>
</pin_list>
<bind>
<opcode="extractvalue(56) " fcode="extractvalue"/>
<opset="buf_0_1_2/6 "/>
</bind>
</comp>

<comp id="247" class="1004" name="exitcond1_fu_247">
<pin_list>
<pin id="248" dir="0" index="0" bw="3" slack="0"/>
<pin id="249" dir="0" index="1" bw="3" slack="0"/>
<pin id="250" dir="1" index="2" bw="1" slack="2147483647"/>
</pin_list>
<bind>
<opcode="icmp(45) " fcode="icmp"/>
<opset="exitcond1/7 "/>
</bind>
</comp>

<comp id="253" class="1004" name="k_3_fu_253">
<pin_list>
<pin id="254" dir="0" index="0" bw="3" slack="0"/>
<pin id="255" dir="0" index="1" bw="1" slack="0"/>
<pin id="256" dir="1" index="2" bw="3" slack="0"/>
</pin_list>
<bind>
<opcode="add(8) " fcode="add"/>
<opset="k_3/7 "/>
</bind>
</comp>

<comp id="259" class="1004" name="buf_0_3_load_load_fu_259">
<pin_list>
<pin id="260" dir="0" index="0" bw="8" slack="4"/>
<pin id="261" dir="1" index="1" bw="8" slack="0"/>
</pin_list>
<bind>
<opcode="load(27) " fcode="load"/>
<opset="buf_0_3_load/7 "/>
</bind>
</comp>

<comp id="262" class="1004" name="buf_0_3_1_load_load_fu_262">
<pin_list>
<pin id="263" dir="0" index="0" bw="8" slack="4"/>
<pin id="264" dir="1" index="1" bw="8" slack="0"/>
</pin_list>
<bind>
<opcode="load(27) " fcode="load"/>
<opset="buf_0_3_1_load/7 "/>
</bind>
</comp>

<comp id="265" class="1004" name="tmp_4_fu_265">
<pin_list>
<pin id="266" dir="0" index="0" bw="3" slack="0"/>
<pin id="267" dir="1" index="1" bw="2" slack="0"/>
</pin_list>
<bind>
<opcode="trunc(33) " fcode="trunc"/>
<opset="tmp_4/7 "/>
</bind>
</comp>

<comp id="269" class="1004" name="tmp_fu_269">
<pin_list>
<pin id="270" dir="0" index="0" bw="8" slack="0"/>
<pin id="271" dir="0" index="1" bw="8" slack="1"/>
<pin id="272" dir="0" index="2" bw="8" slack="1"/>
<pin id="273" dir="0" index="3" bw="8" slack="0"/>
<pin id="274" dir="0" index="4" bw="8" slack="0"/>
<pin id="275" dir="0" index="5" bw="2" slack="0"/>
<pin id="276" dir="1" index="6" bw="8" slack="0"/>
</pin_list>
<bind>
<opcode="mux(1196) " fcode="mux"/>
<opset="tmp/7 "/>
</bind>
</comp>

<comp id="282" class="1004" name="sum2_cast_fu_282">
<pin_list>
<pin id="283" dir="0" index="0" bw="2" slack="0"/>
<pin id="284" dir="1" index="1" bw="64" slack="0"/>
</pin_list>
<bind>
<opcode="zext(34) " fcode="zext"/>
<opset="sum2_cast/7 "/>
</bind>
</comp>

<comp id="287" class="1005" name="buf_0_3_reg_287">
<pin_list>
<pin id="288" dir="0" index="0" bw="8" slack="3"/>
<pin id="289" dir="1" index="1" bw="8" slack="3"/>
</pin_list>
<bind>
<opset="buf_0_3 "/>
</bind>
</comp>

<comp id="293" class="1005" name="buf_0_3_1_reg_293">
<pin_list>
<pin id="294" dir="0" index="0" bw="8" slack="3"/>
<pin id="295" dir="1" index="1" bw="8" slack="3"/>
</pin_list>
<bind>
<opset="buf_0_3_1 "/>
</bind>
</comp>

<comp id="302" class="1005" name="k_2_reg_302">
<pin_list>
<pin id="303" dir="0" index="0" bw="3" slack="0"/>
<pin id="304" dir="1" index="1" bw="3" slack="0"/>
</pin_list>
<bind>
<opset="k_2 "/>
</bind>
</comp>

<comp id="307" class="1005" name="tmp_1_reg_307">
<pin_list>
<pin id="308" dir="0" index="0" bw="2" slack="1"/>
<pin id="309" dir="1" index="1" bw="2" slack="2147483647"/>
</pin_list>
<bind>
<opset="tmp_1 "/>
</bind>
</comp>

<comp id="311" class="1005" name="data_addr_reg_311">
<pin_list>
<pin id="312" dir="0" index="0" bw="4" slack="1"/>
<pin id="313" dir="1" index="1" bw="4" slack="1"/>
</pin_list>
<bind>
<opset="data_addr "/>
</bind>
</comp>

<comp id="316" class="1005" name="buf_0_0_4_reg_316">
<pin_list>
<pin id="317" dir="0" index="0" bw="8" slack="1"/>
<pin id="318" dir="1" index="1" bw="8" slack="1"/>
</pin_list>
<bind>
<opset="buf_0_0_4 "/>
</bind>
</comp>

<comp id="322" class="1005" name="buf_0_0_2_reg_322">
<pin_list>
<pin id="323" dir="0" index="0" bw="8" slack="1"/>
<pin id="324" dir="1" index="1" bw="8" slack="1"/>
</pin_list>
<bind>
<opset="buf_0_0_2 "/>
</bind>
</comp>

<comp id="328" class="1005" name="buf_0_1_2_reg_328">
<pin_list>
<pin id="329" dir="0" index="0" bw="8" slack="1"/>
<pin id="330" dir="1" index="1" bw="8" slack="1"/>
</pin_list>
<bind>
<opset="buf_0_1_2 "/>
</bind>
</comp>

<comp id="337" class="1005" name="k_3_reg_337">
<pin_list>
<pin id="338" dir="0" index="0" bw="3" slack="0"/>
<pin id="339" dir="1" index="1" bw="3" slack="0"/>
</pin_list>
<bind>
<opset="k_3 "/>
</bind>
</comp>

</comp_list>

<net_list>
<net id="53"><net_src comp="6" pin="0"/><net_sink comp="50" pin=0"/></net>

<net id="57"><net_src comp="6" pin="0"/><net_sink comp="54" pin=0"/></net>

<net id="63"><net_src comp="0" pin="0"/><net_sink comp="58" pin=0"/></net>

<net id="64"><net_src comp="34" pin="0"/><net_sink comp="58" pin=1"/></net>

<net id="70"><net_src comp="58" pin="3"/><net_sink comp="65" pin=0"/></net>

<net id="76"><net_src comp="0" pin="0"/><net_sink comp="71" pin=0"/></net>

<net id="77"><net_src comp="34" pin="0"/><net_sink comp="71" pin=1"/></net>

<net id="78"><net_src comp="71" pin="3"/><net_sink comp="65" pin=0"/></net>

<net id="82"><net_src comp="8" pin="0"/><net_sink comp="79" pin=0"/></net>

<net id="89"><net_src comp="79" pin="1"/><net_sink comp="83" pin=0"/></net>

<net id="90"><net_src comp="83" pin="4"/><net_sink comp="79" pin=0"/></net>

<net id="94"><net_src comp="8" pin="0"/><net_sink comp="91" pin=0"/></net>

<net id="101"><net_src comp="91" pin="1"/><net_sink comp="95" pin=0"/></net>

<net id="102"><net_src comp="95" pin="4"/><net_sink comp="91" pin=0"/></net>

<net id="106"><net_src comp="10" pin="0"/><net_sink comp="103" pin=0"/></net>

<net id="107"><net_src comp="12" pin="0"/><net_sink comp="103" pin=0"/></net>

<net id="114"><net_src comp="103" pin="1"/><net_sink comp="108" pin=0"/></net>

<net id="115"><net_src comp="103" pin="1"/><net_sink comp="108" pin=2"/></net>

<net id="125"><net_src comp="79" pin="1"/><net_sink comp="119" pin=0"/></net>

<net id="126"><net_src comp="119" pin="4"/><net_sink comp="116" pin=0"/></net>

<net id="136"><net_src comp="91" pin="1"/><net_sink comp="130" pin=0"/></net>

<net id="137"><net_src comp="130" pin="4"/><net_sink comp="127" pin=0"/></net>

<net id="141"><net_src comp="26" pin="0"/><net_sink comp="138" pin=0"/></net>

<net id="148"><net_src comp="138" pin="1"/><net_sink comp="142" pin=0"/></net>

<net id="152"><net_src comp="149" pin="1"/><net_sink comp="119" pin=2"/></net>

<net id="163"><net_src comp="116" pin="1"/><net_sink comp="153" pin=0"/></net>

<net id="164"><net_src comp="116" pin="1"/><net_sink comp="153" pin=2"/></net>

<net id="165"><net_src comp="116" pin="1"/><net_sink comp="153" pin=6"/></net>

<net id="166"><net_src comp="153" pin="8"/><net_sink comp="149" pin=0"/></net>

<net id="170"><net_src comp="167" pin="1"/><net_sink comp="130" pin=2"/></net>

<net id="181"><net_src comp="127" pin="1"/><net_sink comp="171" pin=0"/></net>

<net id="182"><net_src comp="127" pin="1"/><net_sink comp="171" pin=2"/></net>

<net id="183"><net_src comp="127" pin="1"/><net_sink comp="171" pin=4"/></net>

<net id="184"><net_src comp="171" pin="8"/><net_sink comp="167" pin=0"/></net>

<net id="188"><net_src comp="26" pin="0"/><net_sink comp="185" pin=0"/></net>

<net id="195"><net_src comp="185" pin="1"/><net_sink comp="189" pin=0"/></net>

<net id="203"><net_src comp="36" pin="0"/><net_sink comp="196" pin=0"/></net>

<net id="204"><net_src comp="4" pin="0"/><net_sink comp="196" pin=1"/></net>

<net id="205"><net_src comp="130" pin="4"/><net_sink comp="196" pin=2"/></net>

<net id="206"><net_src comp="119" pin="4"/><net_sink comp="196" pin=3"/></net>

<net id="207"><net_src comp="2" pin="0"/><net_sink comp="196" pin=4"/></net>

<net id="212"><net_src comp="142" pin="4"/><net_sink comp="208" pin=0"/></net>

<net id="213"><net_src comp="28" pin="0"/><net_sink comp="208" pin=1"/></net>

<net id="218"><net_src comp="142" pin="4"/><net_sink comp="214" pin=0"/></net>

<net id="219"><net_src comp="32" pin="0"/><net_sink comp="214" pin=1"/></net>

<net id="223"><net_src comp="142" pin="4"/><net_sink comp="220" pin=0"/></net>

<net id="227"><net_src comp="220" pin="1"/><net_sink comp="224" pin=0"/></net>

<net id="228"><net_src comp="224" pin="1"/><net_sink comp="58" pin=2"/></net>

<net id="233"><net_src comp="65" pin="3"/><net_sink comp="229" pin=0"/></net>

<net id="238"><net_src comp="65" pin="3"/><net_sink comp="234" pin=0"/></net>

<net id="242"><net_src comp="196" pin="5"/><net_sink comp="239" pin=0"/></net>

<net id="246"><net_src comp="196" pin="5"/><net_sink comp="243" pin=0"/></net>

<net id="251"><net_src comp="189" pin="4"/><net_sink comp="247" pin=0"/></net>

<net id="252"><net_src comp="28" pin="0"/><net_sink comp="247" pin=1"/></net>

<net id="257"><net_src comp="189" pin="4"/><net_sink comp="253" pin=0"/></net>

<net id="258"><net_src comp="32" pin="0"/><net_sink comp="253" pin=1"/></net>

<net id="268"><net_src comp="189" pin="4"/><net_sink comp="265" pin=0"/></net>

<net id="277"><net_src comp="48" pin="0"/><net_sink comp="269" pin=0"/></net>

<net id="278"><net_src comp="259" pin="1"/><net_sink comp="269" pin=3"/></net>

<net id="279"><net_src comp="262" pin="1"/><net_sink comp="269" pin=4"/></net>

<net id="280"><net_src comp="265" pin="1"/><net_sink comp="269" pin=5"/></net>

<net id="281"><net_src comp="269" pin="6"/><net_sink comp="65" pin=1"/></net>

<net id="285"><net_src comp="265" pin="1"/><net_sink comp="282" pin=0"/></net>

<net id="286"><net_src comp="282" pin="1"/><net_sink comp="71" pin=2"/></net>

<net id="290"><net_src comp="50" pin="1"/><net_sink comp="287" pin=0"/></net>

<net id="291"><net_src comp="287" pin="1"/><net_sink comp="229" pin=1"/></net>

<net id="292"><net_src comp="287" pin="1"/><net_sink comp="259" pin=0"/></net>

<net id="296"><net_src comp="54" pin="1"/><net_sink comp="293" pin=0"/></net>

<net id="297"><net_src comp="293" pin="1"/><net_sink comp="234" pin=1"/></net>

<net id="298"><net_src comp="293" pin="1"/><net_sink comp="262" pin=0"/></net>

<net id="305"><net_src comp="214" pin="2"/><net_sink comp="302" pin=0"/></net>

<net id="306"><net_src comp="302" pin="1"/><net_sink comp="142" pin=2"/></net>

<net id="310"><net_src comp="220" pin="1"/><net_sink comp="307" pin=0"/></net>

<net id="314"><net_src comp="58" pin="3"/><net_sink comp="311" pin=0"/></net>

<net id="315"><net_src comp="311" pin="1"/><net_sink comp="65" pin=0"/></net>

<net id="319"><net_src comp="65" pin="3"/><net_sink comp="316" pin=0"/></net>

<net id="320"><net_src comp="316" pin="1"/><net_sink comp="153" pin=4"/></net>

<net id="321"><net_src comp="316" pin="1"/><net_sink comp="171" pin=6"/></net>

<net id="325"><net_src comp="239" pin="1"/><net_sink comp="322" pin=0"/></net>

<net id="326"><net_src comp="322" pin="1"/><net_sink comp="95" pin=2"/></net>

<net id="327"><net_src comp="322" pin="1"/><net_sink comp="269" pin=1"/></net>

<net id="331"><net_src comp="243" pin="1"/><net_sink comp="328" pin=0"/></net>

<net id="332"><net_src comp="328" pin="1"/><net_sink comp="83" pin=2"/></net>

<net id="333"><net_src comp="328" pin="1"/><net_sink comp="269" pin=2"/></net>

<net id="340"><net_src comp="253" pin="2"/><net_sink comp="337" pin=0"/></net>

<net id="341"><net_src comp="337" pin="1"/><net_sink comp="189" pin=2"/></net>

</net_list>

</model> 
---------------- Datapath Model END ------------------

* FSMD analyzer results:
  - Output states:
	Port: data | {7 }
	Port: sbox | {}
	Port: local_key_0 | {}
 - Input state : 
	Port: workload : data | {3 4 }
	Port: workload : sbox | {3 6 }
	Port: workload : local_key_0 | {3 6 }
  - Chain level:
	State 1
	State 2
		StgValue_15 : 1
	State 3
		exitcond5 : 1
		k_2 : 1
		StgValue_26 : 2
		tmp_1 : 1
		sum_cast : 2
		data_addr : 3
		buf_0_0_4 : 4
		call_ret : 1
	State 4
		StgValue_34 : 1
		StgValue_37 : 1
	State 5
	State 6
		buf_0_0_2 : 1
		buf_0_1_2 : 1
	State 7
		exitcond1 : 1
		k_3 : 1
		StgValue_52 : 2
		tmp_4 : 1
		tmp : 2
		sum2_cast : 2
		data_addr_1 : 3
		StgValue_59 : 4


============================================================
+ Verbose Summary: Datapath Resource usage 
============================================================

* Functional unit list:
|----------|-------------------------------|---------|---------|---------|---------|
| Operation|        Functional Unit        |   BRAM  |  Delay  |    FF   |   LUT   |
|----------|-------------------------------|---------|---------|---------|---------|
|   call   | grp_aes256_encrypt_ecb_fu_196 |    1    |  8.4095 |   365   |   276   |
|----------|-------------------------------|---------|---------|---------|---------|
|    add   |           k_2_fu_214          |    0    |    0    |    0    |    12   |
|          |           k_3_fu_253          |    0    |    0    |    0    |    12   |
|----------|-------------------------------|---------|---------|---------|---------|
|    mux   |           tmp_fu_269          |    0    |    0    |    0    |    21   |
|----------|-------------------------------|---------|---------|---------|---------|
|   icmp   |        exitcond5_fu_208       |    0    |    0    |    0    |    9    |
|          |        exitcond1_fu_247       |    0    |    0    |    0    |    9    |
|----------|-------------------------------|---------|---------|---------|---------|
|   trunc  |          tmp_1_fu_220         |    0    |    0    |    0    |    0    |
|          |          tmp_4_fu_265         |    0    |    0    |    0    |    0    |
|----------|-------------------------------|---------|---------|---------|---------|
|   zext   |        sum_cast_fu_224        |    0    |    0    |    0    |    0    |
|          |        sum2_cast_fu_282       |    0    |    0    |    0    |    0    |
|----------|-------------------------------|---------|---------|---------|---------|
|extractvalue|        buf_0_0_2_fu_239       |    0    |    0    |    0    |    0    |
|          |        buf_0_1_2_fu_243       |    0    |    0    |    0    |    0    |
|----------|-------------------------------|---------|---------|---------|---------|
|   Total  |                               |    1    |  8.4095 |   365   |   339   |
|----------|-------------------------------|---------|---------|---------|---------|

Memories:
N/A

* Register list:
+--------------------+--------+
|                    |   FF   |
+--------------------+--------+
|buf_0_0_1_be_reg_167|    8   |
|  buf_0_0_1_reg_127 |    8   |
|  buf_0_0_2_reg_322 |    8   |
|  buf_0_0_4_reg_316 |    8   |
|   buf_0_0_reg_91   |    8   |
|buf_0_1_1_be_reg_149|    8   |
|  buf_0_1_1_reg_116 |    8   |
|  buf_0_1_2_reg_328 |    8   |
|   buf_0_1_reg_79   |    8   |
|  buf_0_3_1_reg_293 |    8   |
|   buf_0_3_reg_287  |    8   |
|  data_addr_reg_311 |    4   |
|     i_2_reg_103    |    1   |
|     k_1_reg_185    |    3   |
|     k_2_reg_302    |    3   |
|     k_3_reg_337    |    3   |
|      k_reg_138     |    3   |
|    tmp_1_reg_307   |    2   |
+--------------------+--------+
|        Total       |   107  |
+--------------------+--------+

* Multiplexer (MUX) list: 
|------------------|------|------|------|--------||---------||---------|
|       Comp       |  Pin | Size |  BW  | S x BW ||  Delay  ||   LUT   |
|------------------|------|------|------|--------||---------||---------|
| grp_access_fu_65 |  p0  |   3  |   4  |   12   ||    15   |
|  buf_0_1_reg_79  |  p0  |   2  |   8  |   16   ||    9    |
|  buf_0_0_reg_91  |  p0  |   2  |   8  |   16   ||    9    |
|    i_2_reg_103   |  p0  |   2  |   1  |    2   |
|------------------|------|------|------|--------||---------||---------|
|       Total      |      |      |      |   46   || 6.70075 ||    33   |
|------------------|------|------|------|--------||---------||---------|



* Summary:
+-----------+--------+--------+--------+--------+
|           |  BRAM  |  Delay |   FF   |   LUT  |
+-----------+--------+--------+--------+--------+
|  Function |    1   |    8   |   365  |   339  |
|   Memory  |    -   |    -   |    -   |    -   |
|Multiplexer|    -   |    6   |    -   |   33   |
|  Register |    -   |    -   |   107  |    -   |
+-----------+--------+--------+--------+--------+
|   Total   |    1   |   15   |   472  |   372  |
+-----------+--------+--------+--------+--------+
