#----------------------------------------
# JasperGold Version Info
# tool      : JasperGold 2016.09
# platform  : Linux 3.10.0-957.21.3.el7.x86_64
# version   : 2016.09p002 64 bits
# build date: 2016.11.28 18:08:41 PST
#----------------------------------------
# started Wed Apr 15 20:59:35 PDT 2020
# hostname  : rsg31.stanford.edu
# pid       : 32045
# arguments : '-label' 'session_0' '-console' 'rsg31.stanford.edu:38450' '-style' 'windows' '-use_native_tcl' '-proj' '/rsgs/pool0/Saranyu/AES_1/AES_abstracted/cpp/bug3/BUG3/solution1/syn/verilog/jgproject/sessionLogs/session_0' '-init' '-hidden' '/rsgs/pool0/Saranyu/AES_1/AES_abstracted/cpp/bug3/BUG3/solution1/syn/verilog/jgproject/.tmp/.initCmds.tcl' 'jasper.tcl'

Any disclosure about the Cadence Design Systems software or its use
model to any third party violates the written Non-Disclosure Agreement
between Cadence Design Systems, Inc. and the customer.

THIS SOFTWARE CONTAINS CONFIDENTIAL INFORMATION AND TRADE SECRETS OF
CADENCE DESIGN SYSTEMS, INC. USE, DISCLOSURE, OR REPRODUCTION IS
PROHIBITED WITHOUT THE PRIOR EXPRESS WRITTEN PERMISSION OF CADENCE
DESIGN SYSTEMS, INC.

Copyright (C) 2000-2016 Cadence Design Systems, Inc. All Rights
Reserved.  Unpublished -- rights reserved under the copyright laws of
the United States.

This product includes software developed by others and redistributed
according to license agreement. See doc/third_party_readme.txt for
further details.

RESTRICTED RIGHTS LEGEND

Use, duplication, or disclosure by the Government is subject to
restrictions as set forth in subparagraph (c) (1) (ii) of the Rights in
Technical Data and Computer Software clause at DFARS 252.227-7013 or
subparagraphs (c) (1) and (2) of Commercial Computer Software -- Restricted
Rights at 48 CFR 52.227-19, as applicable.


                          Cadence Design Systems, Inc. 
                          2655 Seely Avenue
                          San Jose, CA 95134
                          Phone: 408.943.1234

For technical assistance visit http://support.cadence.com.

JasperGold Apps Analysis Session - /rsgs/pool0/Saranyu/AES_1/AES_abstracted/cpp/bug3/BUG3/solution1/syn/verilog/jgproject/sessionLogs/session_0

INFO: successfully checked out licenses "jasper_interactive" and "jasper_fpv".
INFO: reading configuration file "/rsghome/saranyuc/.config/jasper/jaspergold.conf".
INFO (IPL003): This JasperGold instance uses a new interpreter implementation for Tcl evaluation.
    Launch JasperGold using the "-use_jtcl" command-line switch to restore it to the old implementation.
% 
% analyze -sv09 -f aes.flist 
[-- (VERI-1482)] Analyzing Verilog file /hd/cad/cadence/JASPERGOLD16.09.002.lnx86/lib/verilog/packages/std/std.sv into library std
[-- (VERI-1482)] Analyzing Verilog file aes256_encrypt_ecb_ctx_body_enckey.v
[-- (VERI-1482)] Analyzing Verilog file aes256_encrypt_ecb_ctx_body_key.v
[-- (VERI-1482)] Analyzing Verilog file aes256_encrypt_ecb_sbox.v
[-- (VERI-1482)] Analyzing Verilog file aes256_encrypt_ecb.v
[-- (VERI-1482)] Analyzing Verilog file aqed_in_state_key_V.v
[-- (VERI-1482)] Analyzing Verilog file aqed_in.v
[-- (VERI-1482)] Analyzing Verilog file aqed_out.v
[-- (VERI-1482)] Analyzing Verilog file aqed_top_bmc_in.v
[-- (VERI-1482)] Analyzing Verilog file aqed_top_mux_42_8_1_1.v
[-- (VERI-1482)] Analyzing Verilog file aqed_top.v
[-- (VERI-1482)] Analyzing Verilog file workload_local_key_0.v
[-- (VERI-1482)] Analyzing Verilog file workload.v
% elaborate -disable_auto_bbox -top aqed_top
INFO (ISW003): Top module name is "aqed_top".
[INFO (VERI-1018)] aqed_top.v(12): compiling module aqed_top
[WARN (VERI-1060)] aqed_top.v(141): 'initial' construct ignored
[INFO (VERI-1018)] aqed_top_bmc_in.v(58): compiling module aqed_top_bmc_in:(DataWidth=8,AddressRange=16,AddressWidth=4)
[INFO (VERI-1018)] aqed_top_bmc_in.v(9): compiling module aqed_top_bmc_in_ram
[WARN (VERI-1060)] aqed_top_bmc_in.v(29): 'initial' construct ignored
[INFO (VERI-1018)] workload.v(10): compiling module workload
[WARN (VERI-1060)] workload.v(106): 'initial' construct ignored
[INFO (VERI-1018)] workload_local_key_0.v(42): compiling module workload_local_key_0:(DataWidth=1,AddressRange=32,AddressWidth=5)
[INFO (VERI-1018)] workload_local_key_0.v(9): compiling module workload_local_key_0_rom
[WARN (VERI-1060)] workload_local_key_0.v(25): 'initial' construct ignored
[INFO (VERI-1018)] aes256_encrypt_ecb.v(10): compiling module aes256_encrypt_ecb
[WARN (VERI-1060)] aes256_encrypt_ecb.v(194): 'initial' construct ignored
[INFO (VERI-1018)] aes256_encrypt_ecb_sbox.v(302): compiling module aes256_encrypt_ecb_sbox:(DataWidth=8,AddressRange=256,AddressWidth=8)
[INFO (VERI-1018)] aes256_encrypt_ecb_sbox.v(9): compiling module aes256_encrypt_ecb_sbox_rom
[WARN (VERI-1060)] aes256_encrypt_ecb_sbox.v(25): 'initial' construct ignored
[INFO (VERI-1018)] aes256_encrypt_ecb_ctx_body_key.v(55): compiling module aes256_encrypt_ecb_ctx_body_key:(DataWidth=1,AddressRange=32,AddressWidth=5)
[INFO (VERI-1018)] aes256_encrypt_ecb_ctx_body_key.v(9): compiling module aes256_encrypt_ecb_ctx_body_key_ram
[INFO (VERI-9012)] aes256_encrypt_ecb_ctx_body_key.v(26): Unintentional Sequential element inferred for ram read before write using blocking assignment
[INFO (VERI-9012)] aes256_encrypt_ecb_ctx_body_key.v(19): Unintentional Sequential element inferred for q0 read before write using blocking assignment
[INFO (VERI-1018)] aes256_encrypt_ecb_ctx_body_enckey.v(55): compiling module aes256_encrypt_ecb_ctx_body_enckey:(DataWidth=1,AddressRange=32,AddressWidth=5)
[INFO (VERI-1018)] aes256_encrypt_ecb_ctx_body_enckey.v(9): compiling module aes256_encrypt_ecb_ctx_body_enckey_ram
[WARN (VERI-1209)] aes256_encrypt_ecb.v(619): expression size 64 truncated to fit in target size 5
[WARN (VERI-1209)] aes256_encrypt_ecb.v(621): expression size 64 truncated to fit in target size 5
[WARN (VERI-1209)] aes256_encrypt_ecb.v(623): expression size 32 truncated to fit in target size 5
[WARN (VERI-1209)] aes256_encrypt_ecb.v(653): expression size 64 truncated to fit in target size 5
[WARN (VERI-1209)] aes256_encrypt_ecb.v(655): expression size 64 truncated to fit in target size 5
[WARN (VERI-1209)] aes256_encrypt_ecb.v(657): expression size 32 truncated to fit in target size 5
[WARN (VERI-1209)] aes256_encrypt_ecb.v(767): expression size 32 truncated to fit in target size 9
[WARN (VERI-1209)] aes256_encrypt_ecb.v(866): expression size 64 truncated to fit in target size 5
[WARN (VERI-1209)] aes256_encrypt_ecb.v(868): expression size 64 truncated to fit in target size 5
[WARN (VERI-1209)] aes256_encrypt_ecb.v(886): expression size 64 truncated to fit in target size 5
[WARN (VERI-1209)] aes256_encrypt_ecb.v(888): expression size 64 truncated to fit in target size 8
[INFO (VERI-1018)] aqed_top_mux_42_8_1_1.v(11): compiling module aqed_top_mux_42_8_1_1:(ID=1,din0_WIDTH=8,din1_WIDTH=8,din2_WIDTH=8,din3_WIDTH=8,din4_WIDTH=2,dout_WIDTH=8)
[WARN (VERI-1209)] workload.v(294): expression size 64 truncated to fit in target size 4
[WARN (VERI-1209)] workload.v(296): expression size 64 truncated to fit in target size 4
[WARN (VERI-1209)] workload.v(298): expression size 32 truncated to fit in target size 4
[WARN (VERI-1209)] workload.v(362): expression size 32 truncated to fit in target size 7
[INFO (VERI-1018)] aqed_in.v(10): compiling module aqed_in
[WARN (VERI-1060)] aqed_in.v(209): 'initial' construct ignored
[INFO (VERI-1018)] aqed_in_state_key_V.v(58): compiling module aqed_in_state_key_V:(DataWidth=1,AddressRange=32,AddressWidth=5)
[INFO (VERI-1018)] aqed_in_state_key_V.v(9): compiling module aqed_in_state_key_V_ram
[WARN (VERI-1060)] aqed_in_state_key_V.v(30): 'initial' construct ignored
[INFO (VERI-9012)] aqed_in_state_key_V.v(26): Unintentional Sequential element inferred for ram read before write using blocking assignment
[INFO (VERI-9012)] aqed_in_state_key_V.v(19): Unintentional Sequential element inferred for q0 read before write using blocking assignment
[WARN (VERI-1209)] aqed_in.v(239): expression size 64 truncated to fit in target size 4
[WARN (VERI-1209)] aqed_in.v(302): expression size 64 truncated to fit in target size 4
[WARN (VERI-1209)] aqed_in.v(304): expression size 64 truncated to fit in target size 4
[WARN (VERI-1209)] aqed_in.v(306): expression size 32 truncated to fit in target size 4
[WARN (VERI-1209)] aqed_in.v(312): expression size 64 truncated to fit in target size 4
[WARN (VERI-1209)] aqed_in.v(314): expression size 64 truncated to fit in target size 4
[WARN (VERI-1209)] aqed_in.v(316): expression size 32 truncated to fit in target size 4
[WARN (VERI-1209)] aqed_in.v(418): expression size 32 truncated to fit in target size 5
[WARN (VERI-1209)] aqed_in.v(456): expression size 32 truncated to fit in target size 5
[WARN (VERI-1209)] aqed_in.v(584): expression size 32 truncated to fit in target size 19
[INFO (VERI-1018)] aqed_out.v(10): compiling module aqed_out
[WARN (VERI-1060)] aqed_out.v(136): 'initial' construct ignored
[WARN (VERI-1209)] aqed_out.v(275): expression size 64 truncated to fit in target size 4
[WARN (VERI-1209)] aqed_out.v(277): expression size 64 truncated to fit in target size 4
[WARN (VERI-1209)] aqed_out.v(279): expression size 32 truncated to fit in target size 4
[WARN (VERI-1209)] aqed_out.v(285): expression size 64 truncated to fit in target size 4
[WARN (VERI-1209)] aqed_out.v(287): expression size 64 truncated to fit in target size 4
[WARN (VERI-1209)] aqed_out.v(289): expression size 32 truncated to fit in target size 4
[WARN (VERI-1209)] aqed_out.v(316): expression size 32 truncated to fit in target size 1
[WARN (VERI-1209)] aqed_out.v(319): expression size 32 truncated to fit in target size 1
[WARN (VERI-1209)] aqed_out.v(350): expression size 32 truncated to fit in target size 4
[WARN (VERI-1209)] aqed_top.v(391): expression size 32 truncated to fit in target size 4
[WARN (VERI-1209)] aqed_top.v(401): expression size 32 truncated to fit in target size 4
[WARN (VERI-1209)] aqed_top.v(475): expression size 32 truncated to fit in target size 7
[WARN (VDB-1002)] workload_local_key_0.v(21): net ram[0][0] does not have a driver
[WARN (VDB-1000)] aqed_out.v(208): net state_out_count_V[15] is constantly driven from multiple places
[WARN (VDB-1001)] aqed_out.v(231): another driver from here
[INFO] Beginning multiple driver analysis
[INFO] Finished multiple driver analysis
[INFO] Module Name aqed_top
aqed_top
[<embedded>] % clock ap_clk
[<embedded>] % reset -expression ap_rst 
INFO (IPM031): Clearing proof results of all properties.
INFO (IRS006): Current reset condition is "ap_rst".
[<embedded>] % #set_engine_mode {Hp Ht Bm J Q3 U L R B K AB D I AD M N AM G C AG G2 C2 Hps Hts Tri}
[<embedded>] % #autoprove
[<embedded>] % 
[<embedded>] % 
[<embedded>] % prove -bg -property {<embedded>::aqed_top.assert_qed_match <embedded>::aqed_top.assert_qed_match:precondition1}
INFO (IPF031): Settings used for this proof:
    time_limit                    = 86400s
    per_property_time_limit       = 1s * 10 ^ scan
    engine_mode                   = Hp Ht N B 
    proofgrid_per_engine_max_jobs = 1
    max engine jobs               = Hp Ht N B, total 4
    proofgrid_mode                = local
    proofgrid_restarts            = 10
INFO (IPF036): Starting proof on task: "<embedded>", 2 properties to prove with 0 already proven/unreachable
background (thread 0)
INFO (IRS029): Starting reset analysis: phase 1 of 4.
INFO (IRS030): Running reset analysis phase 2 of 4.
INFO (IRS031): Running reset analysis phase 3 of 4.
INFO (IRS020): Starting the reset analysis simulation with a limit of 100 iterations (phase 4 of 4).
INFO (IRS024): Reset iterations 0 to 4 analyzed.
INFO (IRS018): Reset analysis simulation executed for 3 iterations. Assigned values for 292 of 839 design flops, 0 of 0 design latches, 74 of 124 internal elements.
Using multistage preprocessing
Starting reduce
Finished reduce in 0.008s
Performing Proof Simplification...
0.0.Hp: clocks: 1, declared: 1, disabling: 0, posedge: 1, negedge: 0, noedge: 0, bothedge: 0
0.0.Hp: Proof Simplification Iteration 1	[0.00 s]
0.0.Hp: Proof Simplification Iteration 2	[0.00 s]
0.0.Hp: Proof Simplification Iteration 3	[0.01 s]
Proof Simplification completed in 0.02 s
About to start centralized ProofGrid in its own thread with a limit of 10000 pending notifications and a limit of 10 traces.
=============================== ProofGrid start ===============================
ProofGrid usable level: 2
ProofGrid is starting event handling
0.0.N: Proofgrid shell started at 32219@rsg31.stanford.edu(local) jg_32045_rsg31.stanford.edu_1
0.0.N: clocks: 1, declared: 1, disabling: 0, posedge: 1, negedge: 0, noedge: 0, bothedge: 0
0.0.Ht: Proofgrid shell started at 32218@rsg31.stanford.edu(local) jg_32045_rsg31.stanford.edu_1
0.0.B: Proofgrid shell started at 32220@rsg31.stanford.edu(local) jg_32045_rsg31.stanford.edu_1
0.0.N: Next scan (0) will use per property time limit: 1s * 10 ^ 0 = 1s
0.0.N: Starting proof for property "aqed_top.assert_qed_match"	[0.00 s].
0.0.Hp: Proofgrid shell started at 32217@rsg31.stanford.edu(local) jg_32045_rsg31.stanford.edu_1
0.0.Ht: clocks: 1, declared: 1, disabling: 0, posedge: 1, negedge: 0, noedge: 0, bothedge: 0
0.0.B: clocks: 1, declared: 1, disabling: 0, posedge: 1, negedge: 0, noedge: 0, bothedge: 0
0.0.Hp: clocks: 1, declared: 1, disabling: 0, posedge: 1, negedge: 0, noedge: 0, bothedge: 0
0.0.N: Trace Attempt  1	[0.00 s]
0.0.N: Trace Attempt  1	[0.00 s]
0.0.N: Trace Attempt  2	[0.00 s]
0.0.N: Trace Attempt  3	[0.00 s]
0.0.B: Next scan (0) will use per property time limit: 1s * 10 ^ 0 = 1s
0.0.B: Starting proof for property "aqed_top.assert_qed_match"	[0.00 s].
0.0.N: Trace Attempt  3	[0.01 s]
0.0.B: Trace Attempt  1	[0.01 s]
0.0.N: Trace Attempt  3	[0.02 s]
0.0.N: Trace Attempt  4	[0.02 s]
0.0.Ht: Trace Attempt  1	[0.02 s]
0.0.Ht: Trace Attempt  2	[0.02 s]
0.0.Ht: Trace Attempt  3	[0.02 s]
0.0.Ht: Trace Attempt  4	[0.02 s]
0.0.Ht: Trace Attempt  5	[0.02 s]
0.0.B: Trace Attempt  2	[0.03 s]
0.0.B: Trace Attempt  3	[0.04 s]
0.0.N: Trace Attempt  3	[0.05 s]
0.0.B: Trace Attempt  4	[0.06 s]
0.0.B: Trace Attempt  5	[0.08 s]
0.0.N: Trace Attempt  3	[0.12 s]
0.0.N: Trace Attempt  3	[0.20 s]
0.0.N: Trace Attempt  3	[0.31 s]
0.0.N: Trace Attempt  3	[0.41 s]
0.0.N: Trace Attempt  3	[0.52 s]
0.0.N: Trace Attempt  3	[0.66 s]
0.0.N: Trace Attempt  3	[0.80 s]
0.0.N: Trace Attempt  3	[0.95 s]
0.0.N: Trace Attempt 10	[0.96 s]
0.0.N: Per property time limit expired (1.00 s) [1.00 s]
0.0.N: Stopped processing property "aqed_top.assert_qed_match"	[1.00 s].
0.0.N: Starting proof for property "aqed_top.assert_qed_match:precondition1"	[0.00 s].
0.0.N: Trace Attempt  1	[0.00 s]
0.0.N: Trace Attempt  1	[0.00 s]
0.0.N: Trace Attempt  2	[0.00 s]
0.0.N: Trace Attempt  3	[0.00 s]
0.0.N: Trace Attempt  3	[0.01 s]
0.0.N: Trace Attempt  3	[0.01 s]
0.0.N: Trace Attempt  4	[0.01 s]
0.0.N: Trace Attempt  3	[0.04 s]
0.0.B: Stopped processing property "aqed_top.assert_qed_match"	[1.03 s].
0.0.B: Starting proof for property "aqed_top.assert_qed_match:precondition1"	[0.00 s].
0.0.B: Trace Attempt  1	[0.00 s]
0.0.B: Trace Attempt  2	[0.01 s]
0.0.B: Trace Attempt  3	[0.02 s]
0.0.B: Trace Attempt  4	[0.03 s]
0.0.B: Trace Attempt  5	[0.04 s]
0.0.N: Trace Attempt  3	[0.09 s]
0.0.N: Trace Attempt  3	[0.17 s]
0.0.N: Trace Attempt  3	[0.25 s]
0.0.N: Trace Attempt  3	[0.33 s]
0.0.N: Trace Attempt  3	[0.43 s]
0.0.N: Trace Attempt  3	[0.54 s]
0.0.N: Trace Attempt  3	[0.67 s]
0.0.N: Trace Attempt  3	[0.81 s]
0.0.N: Trace Attempt  3	[0.96 s]
0.0.N: Trace Attempt 10	[0.97 s]
0.0.N: Per property time limit expired (1.00 s) [1.00 s]
0.0.N: Stopped processing property "aqed_top.assert_qed_match:precondition1"	[1.00 s].
0.0.N: Next scan (1) will use per property time limit: 1s * 10 ^ 1 = 10s
0.0.N: Starting proof for property "aqed_top.assert_qed_match"	[0.00 s].
0.0.B: Stopped processing property "aqed_top.assert_qed_match:precondition1"	[0.99 s].
0.0.B: Next scan (1) will use per property time limit: 1s * 10 ^ 1 = 10s
0.0.B: Starting proof for property "aqed_top.assert_qed_match"	[0.00 s].
0.0.B: Trace Attempt  1	[0.00 s]
0.0.B: Trace Attempt  2	[0.01 s]
0.0.N: Trace Attempt 18	[0.04 s]
0.0.B: Trace Attempt  3	[0.02 s]
0.0.B: Trace Attempt  4	[0.03 s]
0.0.B: Trace Attempt  5	[0.04 s]
0.0.N: Trace Attempt  3	[0.13 s]
0.0.N: Trace Attempt  3	[0.29 s]
0.0.N: Trace Attempt  3	[0.48 s]
0.0.N: Trace Attempt  3	[0.69 s]
0.0.N: Trace Attempt  3	[0.94 s]
0.0.N: Trace Attempt  3	[1.18 s]
0.0.N: Trace Attempt  3	[1.47 s]
0.0.N: Trace Attempt  3	[1.81 s]
0.0.Ht: Trace Attempt 74	[4.06 s]
0.0.N: Trace Attempt  3	[2.21 s]
0.0.N: Trace Attempt  3	[2.58 s]
0.0.N: Trace Attempt  3	[2.90 s]
0.0.N: Trace Attempt  3	[3.72 s]
0.0.Ht: Trace Attempt 81	[5.64 s]
0.0.Ht: A trace with 81 cycles was found. [6.09 s]
INFO (IPF055): 0.0.Ht: A counterexample (cex) with 81 cycles was found for the property "aqed_top.assert_qed_match" in 6.14 s.
INFO (IPF047): 0.0.Ht: The cover property "aqed_top.assert_qed_match:precondition1" was covered in 81 cycles in 6.14 s by the incidental trace "aqed_top.assert_qed_match".
0.0.Ht: All properties determined. [6.10 s]
0.0.Ht: Exited with Success (@ 6.11 s)
0.0.N: Stopped processing property "aqed_top.assert_qed_match"	[4.15 s].
0.0.N: Trace Attempt 41	[4.00 s]
0.0.N: All properties determined. [6.12 s]
0.0.N: Exited with Success (@ 6.17 s)
0.0.Hp: Interrupted (multi)
0.0.Hp: All properties determined. [6.16 s]
0.0.Hp: Exited with Success (@ 6.17 s)
ProofGrid usable level: 0
0.0.B: Stopped processing property "aqed_top.assert_qed_match"	[4.17 s].
0.0.B: Trace Attempt 81	[3.90 s]
0.0.B: All properties determined. [6.20 s]
0.0.B: Exited with Success (@ 6.20 s)
ProofGrid usable level: 0
All pending notifications were processed.
INFO (IPF059): Completed proof on task: "<embedded>"

==============================================================
SUMMARY
==============================================================
	Properties Considered : 2
	      assertions      : 1
	       - proven       : 0
	       - marked_proven: 0
	       - cex          : 1
	       - ar_cex       : 0
	       - undetermined : 0
	       - unprocessed  : 0
	       - error        : 0
	      covers          : 1
	       - unreachable  : 0
	       - covered      : 1
	       - ar_covered   : 0
	       - undetermined : 0
	       - unprocessed  : 0
	       - error        : 0
[<embedded>] % visualize -violation -property <embedded>::aqed_top.assert_qed_match -new_window
INFO (IVS015): Setting Visualize task to "<embedded>".
INFO (IVS008): Expanding analysis region to enable visualization of "<embedded>::aqed_top.assert_qed_match".
cex
