2020-04-08 16:28:22.741654 (31647) main____ INFO    ----------------------------------------
2020-04-08 16:28:22.741851 (31647) main____ INFO    JasperGold version info
2020-04-08 16:28:22.741880 (31647) main____ INFO      tool      : JasperGold 2016.09
2020-04-08 16:28:22.741901 (31647) main____ INFO      version   : 2016.09p002 64 bits
2020-04-08 16:28:22.741915 (31647) main____ INFO      build date: 2016.11.28 18:08:37 PST
2020-04-08 16:28:22.741925 (31647) main____ INFO    ----------------------------------------
2020-04-08 16:28:22.741935 (31647) main____ INFO    Runtime info:
2020-04-08 16:28:22.741948 (31647) main____ INFO      platform  : Linux 3.10.0-957.21.3.el7.x86_64 x86_64
2020-04-08 16:28:22.741965 (31647) main____ INFO      hostname  : rsg20.stanford.edu
2020-04-08 16:28:22.741976 (31647) main____ INFO      pid       : 31647
2020-04-08 16:28:22.741987 (31647) main____ INFO      arguments : '-style' 'windows' '-tcl' 'jasper.tcl'
2020-04-08 16:28:22.741997 (31647) main____ INFO    ----------------------------------------
2020-04-08 16:28:22.744642 (31647) lic__man INFO    Claim 'main' for <ui>.
2020-04-08 16:28:22.749502 (31647) lic_core INFO    (1) checking out 'jasper_interactive' ...
2020-04-08 16:28:22.772502 (31647) lic_core INFO    ... (1) checkout succeeded
2020-04-08 16:28:22.772616 (31647) lic__man INFO    Claim 'fpv' for <ui>.
2020-04-08 16:28:22.772665 (31647) lic_core INFO    (2) checking out 'jasper_fpv' ...
2020-04-08 16:28:22.792945 (31647) lic_core INFO    ... (2) checkout succeeded
2020-04-08 16:28:23.736032 (31647) lic__man INFO    Claim 'fpv' for <ui>.
2020-04-08 16:28:23.785862 (31647) lic__man INFO    Unclaim 'fpv' for <ui>.
2020-04-08 16:28:23.785895 (31647) lic__man INFO    Claim 'fpv' for <ui>.
2020-04-08 16:28:23.808789 (31647) session_ INFO    Starting analysis session with session id 'session_0' ...
2020-04-08 16:28:23.811244 (31647) session_ INFO    Analysis session with session id 'session_0' started (pid: 31663)
2020-04-08 16:28:28.187237 (31647) session_ INFO    Analysis session 'session_0' connected to the console (host: 172.24.74.47:54374)
2020-04-08 16:28:31.278695 (31647) lic__man INFO    Unclaim everything for 'session_0*'.
2020-04-08 16:28:31.996418 (31647) lic__man INFO    Claim 'fpv' for 'session_0'.
2020-04-08 16:28:36.314478 (31647) lic__man INFO    Unclaim everything for 'session_0/prove-0'.
2020-04-08 16:28:54.733933 (31647) main____ INFO    About to exit: requested from GUI
2020-04-08 16:28:54.891409 (31647) main____ INFO    Exiting.
