2020-04-08 16:48:15.346232 (5838) main____ INFO    ----------------------------------------
2020-04-08 16:48:15.346377 (5838) main____ INFO    JasperGold version info
2020-04-08 16:48:15.346402 (5838) main____ INFO      tool      : JasperGold 2016.09
2020-04-08 16:48:15.346419 (5838) main____ INFO      version   : 2016.09p002 64 bits
2020-04-08 16:48:15.346431 (5838) main____ INFO      build date: 2016.11.28 18:08:37 PST
2020-04-08 16:48:15.346441 (5838) main____ INFO    ----------------------------------------
2020-04-08 16:48:15.346463 (5838) main____ INFO    Runtime info:
2020-04-08 16:48:15.346476 (5838) main____ INFO      platform  : Linux 3.10.0-957.21.3.el7.x86_64 x86_64
2020-04-08 16:48:15.346492 (5838) main____ INFO      hostname  : rsg20.stanford.edu
2020-04-08 16:48:15.346502 (5838) main____ INFO      pid       : 5838
2020-04-08 16:48:15.346512 (5838) main____ INFO      arguments : '-style' 'windows' '-tcl' 'jasper.tcl'
2020-04-08 16:48:15.346521 (5838) main____ INFO    ----------------------------------------
2020-04-08 16:48:15.348543 (5838) lic__man INFO    Claim 'main' for <ui>.
2020-04-08 16:48:15.354759 (5838) lic_core INFO    (1) checking out 'jasper_interactive' ...
2020-04-08 16:48:15.378341 (5838) lic_core INFO    ... (1) checkout succeeded
2020-04-08 16:48:15.378485 (5838) lic__man INFO    Claim 'fpv' for <ui>.
2020-04-08 16:48:15.378543 (5838) lic_core INFO    (2) checking out 'jasper_fpv' ...
2020-04-08 16:48:15.425568 (5838) lic_core INFO    ... (2) checkout succeeded
2020-04-08 16:48:15.987054 (5838) lic__man INFO    Claim 'fpv' for <ui>.
2020-04-08 16:48:16.337314 (5838) lic__man INFO    Unclaim 'fpv' for <ui>.
2020-04-08 16:48:16.337379 (5838) lic__man INFO    Claim 'fpv' for <ui>.
2020-04-08 16:48:16.369265 (5838) session_ INFO    Starting analysis session with session id 'session_0' ...
2020-04-08 16:48:16.372388 (5838) session_ INFO    Analysis session with session id 'session_0' started (pid: 5850)
2020-04-08 16:48:21.005882 (5838) session_ INFO    Analysis session 'session_0' connected to the console (host: 172.24.74.47:52442)
2020-04-08 16:48:29.255182 (5838) main____ INFO    About to exit: requested from GUI
2020-04-08 16:48:29.413020 (5838) main____ INFO    Exiting.
