

================================================================
== Vivado HLS Report for 'workload'
================================================================
* Date:           Fri Apr 10 08:58:57 2020

* Version:        2018.2 (Build 2258646 on Thu Jun 14 20:25:20 MDT 2018)
* Project:        aqed_aes
* Solution:       buf4
* Product family: aartix7
* Target device:  xa7a12tcsg325-1q


================================================================
== Performance Estimates
================================================================
+ Timing (ns): 
    * Summary: 
    +--------+-------+----------+------------+
    |  Clock | Target| Estimated| Uncertainty|
    +--------+-------+----------+------------+
    |ap_clk  |  50.00|     9.254|        6.25|
    +--------+-------+----------+------------+

+ Latency (clock cycles): 
    * Summary: 
    +-----+-----+-----+-----+---------+
    |  Latency  |  Interval | Pipeline|
    | min | max | min | max |   Type  |
    +-----+-----+-----+-----+---------+
    |  109|  109|  109|  109|   none  |
    +-----+-----+-----+-----+---------+

    + Detail: 
        * Instance: 
        +-------------------------------+--------------------+-----+-----+-----+-----+---------+
        |                               |                    |  Latency  |  Interval | Pipeline|
        |            Instance           |       Module       | min | max | min | max |   Type  |
        +-------------------------------+--------------------+-----+-----+-----+-----+---------+
        |grp_aes256_encrypt_ecb_fu_339  |aes256_encrypt_ecb  |   46|   46|   46|   46|   none  |
        |grp_aes256_encrypt_ecb_fu_351  |aes256_encrypt_ecb  |   46|   46|   46|   46|   none  |
        +-------------------------------+--------------------+-----+-----+-----+-----+---------+

        * Loop: 
        +-----------------+-----+-----+----------+-----------+-----------+------+----------+
        |                 |  Latency  | Iteration|  Initiation Interval  | Trip |          |
        |    Loop Name    | min | max |  Latency |  achieved |   target  | Count| Pipelined|
        +-----------------+-----+-----+----------+-----------+-----------+------+----------+
        |- Loop 1         |   32|   32|         1|          1|          1|    32|    yes   |
        |- major_loop     |   74|   74|        74|          -|          -|     1|    no    |
        | + reshape1      |   16|   16|         8|          -|          -|     2|    no    |
        |  ++ reshape1.1  |    6|    6|         3|          -|          -|     2|    no    |
        | + reshape2      |    8|    8|         4|          -|          -|     2|    no    |
        |  ++ reshape2.1  |    2|    2|         1|          -|          -|     2|    no    |
        +-----------------+-----+-----+----------+-----------+-----------+------+----------+

============================================================
+ Verbose Summary: Synthesis Manager
============================================================
InlineROM: 1
ExposeGlobal: 0
============================================================
+ Verbose Summary: CDFG Model
============================================================
IsTopModel: 0
ResetActiveHigh: 1
IsCombinational: 0
IsDatapathOnly: 0
HasWiredReturn: 1
HasMFsm: 0
HasVarLatency: 1
IsPipeline: 0
IsRtlPipelined: 0
IsInstanceOverlapped: 0
IsDontTouch: 0
HasImplIP: 0
IsGatedGlobalClock: 0

+ Individual pipeline summary: 
  * Pipeline-0: initiation interval (II) = 1, depth = 1


============================================================
+ Verbose Summary: Schedule
============================================================
* Number of FSM states : 11
* Pipeline : 1
  Pipeline-0 : II = 1, D = 1, States = { 2 }
* Dataflow Pipeline: 0

* FSM state transitions: 
1 --> 
	2  / true
2 --> 
	3  / (exitcond2)
	2  / (!exitcond2)
3 --> 
	4  / true
4 --> 
	5  / (!i_2)
5 --> 
	9  / (exitcond3)
	6  / (!exitcond3)
6 --> 
	7  / (!exitcond5)
	5  / (exitcond5)
7 --> 
	8  / true
8 --> 
	6  / true
9 --> 
	10  / true
10 --> 
	11  / (!exitcond6)
	4  / (exitcond6)
11 --> 
	11  / (!exitcond)
	10  / (exitcond)

* FSM state operations: 

State 1 <SV = 0> <Delay = 1.66>
ST_1 : Operation 12 [1/1] (1.66ns)   --->   "br label %.preheader83" [buf4.cpp:254]   --->   Operation 12 'br' <Predicate = true> <Delay = 1.66>

State 2 <SV = 1> <Delay = 1.94>
ST_2 : Operation 13 [1/1] (0.00ns)   --->   "%j = phi i6 [ %j_2, %0 ], [ 0, %.preheader83.preheader ]"   --->   Operation 13 'phi' 'j' <Predicate = true> <Delay = 0.00>
ST_2 : Operation 14 [1/1] (1.45ns)   --->   "%exitcond2 = icmp eq i6 %j, -32" [buf4.cpp:254]   --->   Operation 14 'icmp' 'exitcond2' <Predicate = true> <Delay = 1.45> <Core = "Cmp">   --->   Core 25 'Cmp' <Latency = 0> <II = 1> <Delay = 0.93> <FuncUnit> <Opcode : 'icmp'> <InPorts = 2> <OutPorts = 1>
ST_2 : Operation 15 [1/1] (0.00ns)   --->   "%empty = call i32 (...)* @_ssdm_op_SpecLoopTripCount(i64 32, i64 32, i64 32)"   --->   Operation 15 'speclooptripcount' 'empty' <Predicate = true> <Delay = 0.00>
ST_2 : Operation 16 [1/1] (1.94ns)   --->   "%j_2 = add i6 %j, 1" [buf4.cpp:254]   --->   Operation 16 'add' 'j_2' <Predicate = true> <Delay = 1.94> <Core = "AddSub">   --->   Core 14 'AddSub' <Latency = 0> <II = 1> <Delay = 1.58> <FuncUnit> <Opcode : 'add' 'sub'> <InPorts = 2> <OutPorts = 1>
ST_2 : Operation 17 [1/1] (0.00ns)   --->   "br i1 %exitcond2, label %.preheader1.preheader, label %0" [buf4.cpp:254]   --->   Operation 17 'br' <Predicate = true> <Delay = 0.00>
ST_2 : Operation 18 [1/1] (0.00ns)   --->   "%tmp = call i32 (...)* @_ssdm_op_SpecRegionBegin([12 x i8]* @p_str10)" [buf4.cpp:254]   --->   Operation 18 'specregionbegin' 'tmp' <Predicate = (!exitcond2)> <Delay = 0.00>
ST_2 : Operation 19 [1/1] (0.00ns)   --->   "call void (...)* @_ssdm_op_SpecPipeline(i32 -1, i32 1, i32 1, i32 0, [1 x i8]* @p_str1) nounwind" [buf4.cpp:255]   --->   Operation 19 'specpipeline' <Predicate = (!exitcond2)> <Delay = 0.00>
ST_2 : Operation 20 [1/1] (0.00ns)   --->   "%empty_3 = call i32 (...)* @_ssdm_op_SpecRegionEnd([12 x i8]* @p_str10, i32 %tmp)" [buf4.cpp:260]   --->   Operation 20 'specregionend' 'empty_3' <Predicate = (!exitcond2)> <Delay = 0.00>
ST_2 : Operation 21 [1/1] (0.00ns)   --->   "br label %.preheader83" [buf4.cpp:254]   --->   Operation 21 'br' <Predicate = (!exitcond2)> <Delay = 0.00>

State 3 <SV = 2> <Delay = 1.66>
ST_3 : Operation 22 [1/1] (1.66ns)   --->   "br label %.preheader1"   --->   Operation 22 'br' <Predicate = true> <Delay = 1.66>

State 4 <SV = 3> <Delay = 1.66>
ST_4 : Operation 23 [1/1] (0.00ns)   --->   "%buf_1_1 = phi i8 [ %buf_1_1_3, %9 ], [ undef, %.preheader1.preheader ]"   --->   Operation 23 'phi' 'buf_1_1' <Predicate = true> <Delay = 0.00>
ST_4 : Operation 24 [1/1] (0.00ns)   --->   "%buf_1_0 = phi i8 [ %buf_1_0_3, %9 ], [ undef, %.preheader1.preheader ]"   --->   Operation 24 'phi' 'buf_1_0' <Predicate = true> <Delay = 0.00>
ST_4 : Operation 25 [1/1] (0.00ns)   --->   "%buf_0_1 = phi i8 [ %buf_0_1_3, %9 ], [ undef, %.preheader1.preheader ]"   --->   Operation 25 'phi' 'buf_0_1' <Predicate = true> <Delay = 0.00>
ST_4 : Operation 26 [1/1] (0.00ns)   --->   "%buf_0_0 = phi i8 [ %buf_0_0_3, %9 ], [ undef, %.preheader1.preheader ]"   --->   Operation 26 'phi' 'buf_0_0' <Predicate = true> <Delay = 0.00>
ST_4 : Operation 27 [1/1] (0.00ns)   --->   "%i_2 = phi i1 [ true, %9 ], [ false, %.preheader1.preheader ]"   --->   Operation 27 'phi' 'i_2' <Predicate = true> <Delay = 0.00>
ST_4 : Operation 28 [1/1] (0.00ns)   --->   "%empty_4 = call i32 (...)* @_ssdm_op_SpecLoopTripCount(i64 1, i64 1, i64 1)"   --->   Operation 28 'speclooptripcount' 'empty_4' <Predicate = true> <Delay = 0.00>
ST_4 : Operation 29 [1/1] (0.00ns)   --->   "br i1 %i_2, label %10, label %1" [buf4.cpp:269]   --->   Operation 29 'br' <Predicate = true> <Delay = 0.00>
ST_4 : Operation 30 [1/1] (0.00ns)   --->   "call void (...)* @_ssdm_op_SpecLoopName([11 x i8]* @p_str12) nounwind" [buf4.cpp:269]   --->   Operation 30 'specloopname' <Predicate = (!i_2)> <Delay = 0.00>
ST_4 : Operation 31 [1/1] (0.00ns)   --->   "%tmp_2 = call i32 (...)* @_ssdm_op_SpecRegionBegin([11 x i8]* @p_str12)" [buf4.cpp:269]   --->   Operation 31 'specregionbegin' 'tmp_2' <Predicate = (!i_2)> <Delay = 0.00>
ST_4 : Operation 32 [1/1] (1.66ns)   --->   "br label %2" [buf4.cpp:270]   --->   Operation 32 'br' <Predicate = (!i_2)> <Delay = 1.66>
ST_4 : Operation 33 [1/1] (0.00ns)   --->   "ret void" [buf4.cpp:291]   --->   Operation 33 'ret' <Predicate = (i_2)> <Delay = 0.00>

State 5 <SV = 4> <Delay = 1.97>
ST_5 : Operation 34 [1/1] (0.00ns)   --->   "%buf_1_1_1 = phi i8 [ %buf_1_1, %1 ], [ %buf_1_1_2, %5 ]" [buf4.cpp:234->buf4.cpp:280]   --->   Operation 34 'phi' 'buf_1_1_1' <Predicate = true> <Delay = 0.00>
ST_5 : Operation 35 [1/1] (0.00ns)   --->   "%buf_1_0_1 = phi i8 [ %buf_1_0, %1 ], [ %buf_1_0_2, %5 ]" [buf4.cpp:234->buf4.cpp:280]   --->   Operation 35 'phi' 'buf_1_0_1' <Predicate = true> <Delay = 0.00>
ST_5 : Operation 36 [1/1] (0.00ns)   --->   "%buf_0_1_1 = phi i8 [ %buf_0_1, %1 ], [ %buf_0_1_2, %5 ]" [buf4.cpp:234->buf4.cpp:280]   --->   Operation 36 'phi' 'buf_0_1_1' <Predicate = true> <Delay = 0.00>
ST_5 : Operation 37 [1/1] (0.00ns)   --->   "%buf_0_0_1 = phi i8 [ %buf_0_0, %1 ], [ %buf_0_0_2, %5 ]" [buf4.cpp:234->buf4.cpp:280]   --->   Operation 37 'phi' 'buf_0_0_1' <Predicate = true> <Delay = 0.00>
ST_5 : Operation 38 [1/1] (0.00ns)   --->   "%j_1 = phi i2 [ 0, %1 ], [ %j_4, %5 ]"   --->   Operation 38 'phi' 'j_1' <Predicate = true> <Delay = 0.00>
ST_5 : Operation 39 [1/1] (0.93ns)   --->   "%exitcond3 = icmp eq i2 %j_1, -2" [buf4.cpp:270]   --->   Operation 39 'icmp' 'exitcond3' <Predicate = true> <Delay = 0.93> <Core = "Cmp">   --->   Core 25 'Cmp' <Latency = 0> <II = 1> <Delay = 0.93> <FuncUnit> <Opcode : 'icmp'> <InPorts = 2> <OutPorts = 1>
ST_5 : Operation 40 [1/1] (0.00ns)   --->   "%empty_5 = call i32 (...)* @_ssdm_op_SpecLoopTripCount(i64 2, i64 2, i64 2)"   --->   Operation 40 'speclooptripcount' 'empty_5' <Predicate = true> <Delay = 0.00>
ST_5 : Operation 41 [1/1] (1.58ns)   --->   "%j_4 = add i2 %j_1, 1" [buf4.cpp:270]   --->   Operation 41 'add' 'j_4' <Predicate = true> <Delay = 1.58> <Core = "AddSub">   --->   Core 14 'AddSub' <Latency = 0> <II = 1> <Delay = 1.58> <FuncUnit> <Opcode : 'add' 'sub'> <InPorts = 2> <OutPorts = 1>
ST_5 : Operation 42 [1/1] (0.00ns)   --->   "br i1 %exitcond3, label %.preheader82.0, label %3" [buf4.cpp:270]   --->   Operation 42 'br' <Predicate = true> <Delay = 0.00>
ST_5 : Operation 43 [1/1] (0.00ns)   --->   "call void (...)* @_ssdm_op_SpecLoopName([9 x i8]* @p_str13) nounwind" [buf4.cpp:270]   --->   Operation 43 'specloopname' <Predicate = (!exitcond3)> <Delay = 0.00>
ST_5 : Operation 44 [1/1] (0.00ns)   --->   "%tmp_3 = call i32 (...)* @_ssdm_op_SpecRegionBegin([9 x i8]* @p_str13)" [buf4.cpp:270]   --->   Operation 44 'specregionbegin' 'tmp_3' <Predicate = (!exitcond3)> <Delay = 0.00>
ST_5 : Operation 45 [1/1] (0.00ns)   --->   "%tmp_1 = trunc i2 %j_1 to i1" [buf4.cpp:270]   --->   Operation 45 'trunc' 'tmp_1' <Predicate = (!exitcond3)> <Delay = 0.00>
ST_5 : Operation 46 [1/1] (0.00ns)   --->   "%tmp_4 = shl i2 %j_1, 1" [buf4.cpp:273]   --->   Operation 46 'shl' 'tmp_4' <Predicate = (!exitcond3)> <Delay = 0.00>
ST_5 : Operation 47 [1/1] (1.66ns)   --->   "br label %.backedge" [buf4.cpp:271]   --->   Operation 47 'br' <Predicate = (!exitcond3)> <Delay = 1.66>
ST_5 : Operation 48 [2/2] (1.66ns)   --->   "%call_ret4 = call fastcc { i8, i8 } @aes256_encrypt_ecb([32 x i8]* @local_key_0, i8 %buf_0_0_1, i8 %buf_0_1_1)" [buf4.cpp:234->buf4.cpp:280]   --->   Operation 48 'call' 'call_ret4' <Predicate = (exitcond3)> <Delay = 1.66> <CoreType = "Generic">   --->   Core 0 '' <Latency = 0> <II = 1> <Delay = 1.00> <Generic> <Opcode : >
ST_5 : Operation 49 [2/2] (1.66ns)   --->   "%call_ret = call fastcc { i8, i8 } @aes256_encrypt_ecb([32 x i8]* @local_key_1, i8 %buf_1_0_1, i8 %buf_1_1_1)" [buf4.cpp:234->buf4.cpp:280]   --->   Operation 49 'call' 'call_ret' <Predicate = (exitcond3)> <Delay = 1.66> <CoreType = "Generic">   --->   Core 0 '' <Latency = 0> <II = 1> <Delay = 1.00> <Generic> <Opcode : >

State 6 <SV = 5> <Delay = 3.73>
ST_6 : Operation 50 [1/1] (0.00ns)   --->   "%buf_1_1_2 = phi i8 [ %buf_1_1_1, %3 ], [ %buf_1_1_2_be, %.backedge.backedge ]" [buf4.cpp:234->buf4.cpp:280]   --->   Operation 50 'phi' 'buf_1_1_2' <Predicate = true> <Delay = 0.00>
ST_6 : Operation 51 [1/1] (0.00ns)   --->   "%buf_1_0_2 = phi i8 [ %buf_1_0_1, %3 ], [ %buf_1_0_2_be, %.backedge.backedge ]" [buf4.cpp:234->buf4.cpp:280]   --->   Operation 51 'phi' 'buf_1_0_2' <Predicate = true> <Delay = 0.00>
ST_6 : Operation 52 [1/1] (0.00ns)   --->   "%buf_0_1_2 = phi i8 [ %buf_0_1_1, %3 ], [ %buf_0_1_2_be, %.backedge.backedge ]" [buf4.cpp:234->buf4.cpp:280]   --->   Operation 52 'phi' 'buf_0_1_2' <Predicate = true> <Delay = 0.00>
ST_6 : Operation 53 [1/1] (0.00ns)   --->   "%buf_0_0_2 = phi i8 [ %buf_0_0_1, %3 ], [ %buf_0_0_2_be, %.backedge.backedge ]" [buf4.cpp:234->buf4.cpp:280]   --->   Operation 53 'phi' 'buf_0_0_2' <Predicate = true> <Delay = 0.00>
ST_6 : Operation 54 [1/1] (0.00ns)   --->   "%k = phi i2 [ 0, %3 ], [ %k_2, %.backedge.backedge ]"   --->   Operation 54 'phi' 'k' <Predicate = true> <Delay = 0.00>
ST_6 : Operation 55 [1/1] (0.93ns)   --->   "%exitcond5 = icmp eq i2 %k, -2" [buf4.cpp:271]   --->   Operation 55 'icmp' 'exitcond5' <Predicate = true> <Delay = 0.93> <Core = "Cmp">   --->   Core 25 'Cmp' <Latency = 0> <II = 1> <Delay = 0.93> <FuncUnit> <Opcode : 'icmp'> <InPorts = 2> <OutPorts = 1>
ST_6 : Operation 56 [1/1] (0.00ns)   --->   "%empty_6 = call i32 (...)* @_ssdm_op_SpecLoopTripCount(i64 2, i64 2, i64 2)"   --->   Operation 56 'speclooptripcount' 'empty_6' <Predicate = true> <Delay = 0.00>
ST_6 : Operation 57 [1/1] (1.58ns)   --->   "%k_2 = add i2 %k, 1" [buf4.cpp:271]   --->   Operation 57 'add' 'k_2' <Predicate = true> <Delay = 1.58> <Core = "AddSub">   --->   Core 14 'AddSub' <Latency = 0> <II = 1> <Delay = 1.58> <FuncUnit> <Opcode : 'add' 'sub'> <InPorts = 2> <OutPorts = 1>
ST_6 : Operation 58 [1/1] (0.00ns)   --->   "br i1 %exitcond5, label %5, label %4" [buf4.cpp:271]   --->   Operation 58 'br' <Predicate = true> <Delay = 0.00>
ST_6 : Operation 59 [1/1] (1.58ns)   --->   "%tmp7 = add i2 %k, %tmp_4" [buf4.cpp:271]   --->   Operation 59 'add' 'tmp7' <Predicate = (!exitcond5)> <Delay = 1.58> <Core = "AddSub">   --->   Core 14 'AddSub' <Latency = 0> <II = 1> <Delay = 1.58> <FuncUnit> <Opcode : 'add' 'sub'> <InPorts = 2> <OutPorts = 1>
ST_6 : Operation 60 [1/1] (0.00ns)   --->   "%sum_cast = zext i2 %tmp7 to i64" [buf4.cpp:271]   --->   Operation 60 'zext' 'sum_cast' <Predicate = (!exitcond5)> <Delay = 0.00>
ST_6 : Operation 61 [1/1] (0.00ns)   --->   "%data_addr = getelementptr [16 x i8]* %data, i64 0, i64 %sum_cast" [buf4.cpp:273]   --->   Operation 61 'getelementptr' 'data_addr' <Predicate = (!exitcond5)> <Delay = 0.00>
ST_6 : Operation 62 [2/2] (2.15ns)   --->   "%buf_0_1_5 = load i8* %data_addr, align 1" [buf4.cpp:273]   --->   Operation 62 'load' 'buf_0_1_5' <Predicate = (!exitcond5)> <Delay = 2.15> <Core = "RAM">   --->   Core 37 'RAM' <Latency = 1> <II = 1> <Delay = 2.15> <Storage> <Opcode : 'load' 'store'> <Ports = 2> <Width = 8> <Depth = 32> <RAM>
ST_6 : Operation 63 [1/1] (0.00ns)   --->   "%tmp_7 = trunc i2 %k to i1" [buf4.cpp:271]   --->   Operation 63 'trunc' 'tmp_7' <Predicate = (!exitcond5)> <Delay = 0.00>
ST_6 : Operation 64 [1/1] (0.00ns)   --->   "%empty_7 = call i32 (...)* @_ssdm_op_SpecRegionEnd([9 x i8]* @p_str13, i32 %tmp_3)" [buf4.cpp:277]   --->   Operation 64 'specregionend' 'empty_7' <Predicate = (exitcond5)> <Delay = 0.00>
ST_6 : Operation 65 [1/1] (0.00ns)   --->   "br label %2" [buf4.cpp:270]   --->   Operation 65 'br' <Predicate = (exitcond5)> <Delay = 0.00>

State 7 <SV = 6> <Delay = 3.52>
ST_7 : Operation 66 [1/2] (2.15ns)   --->   "%buf_0_1_5 = load i8* %data_addr, align 1" [buf4.cpp:273]   --->   Operation 66 'load' 'buf_0_1_5' <Predicate = true> <Delay = 2.15> <Core = "RAM">   --->   Core 37 'RAM' <Latency = 1> <II = 1> <Delay = 2.15> <Storage> <Opcode : 'load' 'store'> <Ports = 2> <Width = 8> <Depth = 32> <RAM>
ST_7 : Operation 67 [1/1] (0.00ns)   --->   "br i1 %tmp_1, label %branch3, label %branch2" [buf4.cpp:273]   --->   Operation 67 'br' <Predicate = true> <Delay = 0.00>
ST_7 : Operation 68 [1/1] (1.37ns)   --->   "%buf_1_1_7 = select i1 %tmp_7, i8 %buf_0_1_5, i8 %buf_0_1_2" [buf4.cpp:273]   --->   Operation 68 'select' 'buf_1_1_7' <Predicate = (!tmp_1)> <Delay = 1.37> <Core = "Sel">   --->   Core 26 'Sel' <Latency = 0> <II = 1> <Delay = 1.37> <FuncUnit> <Opcode : 'select'> <InPorts = 3> <OutPorts = 1>
ST_7 : Operation 69 [1/1] (1.37ns)   --->   "%buf_1_1_8 = select i1 %tmp_7, i8 %buf_0_0_2, i8 %buf_0_1_5" [buf4.cpp:273]   --->   Operation 69 'select' 'buf_1_1_8' <Predicate = (!tmp_1)> <Delay = 1.37> <Core = "Sel">   --->   Core 26 'Sel' <Latency = 0> <II = 1> <Delay = 1.37> <FuncUnit> <Opcode : 'select'> <InPorts = 3> <OutPorts = 1>
ST_7 : Operation 70 [1/1] (1.66ns)   --->   "br label %.backedge.backedge" [buf4.cpp:273]   --->   Operation 70 'br' <Predicate = (!tmp_1)> <Delay = 1.66>
ST_7 : Operation 71 [1/1] (1.37ns)   --->   "%buf_1_1_4 = select i1 %tmp_7, i8 %buf_0_1_5, i8 %buf_1_1_2" [buf4.cpp:273]   --->   Operation 71 'select' 'buf_1_1_4' <Predicate = (tmp_1)> <Delay = 1.37> <Core = "Sel">   --->   Core 26 'Sel' <Latency = 0> <II = 1> <Delay = 1.37> <FuncUnit> <Opcode : 'select'> <InPorts = 3> <OutPorts = 1>
ST_7 : Operation 72 [1/1] (1.37ns)   --->   "%buf_1_1_6 = select i1 %tmp_7, i8 %buf_1_0_2, i8 %buf_0_1_5" [buf4.cpp:273]   --->   Operation 72 'select' 'buf_1_1_6' <Predicate = (tmp_1)> <Delay = 1.37> <Core = "Sel">   --->   Core 26 'Sel' <Latency = 0> <II = 1> <Delay = 1.37> <FuncUnit> <Opcode : 'select'> <InPorts = 3> <OutPorts = 1>
ST_7 : Operation 73 [1/1] (1.66ns)   --->   "br label %.backedge.backedge" [buf4.cpp:273]   --->   Operation 73 'br' <Predicate = (tmp_1)> <Delay = 1.66>

State 8 <SV = 7> <Delay = 0.00>
ST_8 : Operation 74 [1/1] (0.00ns)   --->   "%buf_1_1_2_be = phi i8 [ %buf_1_1_4, %branch3 ], [ %buf_1_1_2, %branch2 ]"   --->   Operation 74 'phi' 'buf_1_1_2_be' <Predicate = true> <Delay = 0.00>
ST_8 : Operation 75 [1/1] (0.00ns)   --->   "%buf_1_0_2_be = phi i8 [ %buf_1_1_6, %branch3 ], [ %buf_1_0_2, %branch2 ]"   --->   Operation 75 'phi' 'buf_1_0_2_be' <Predicate = true> <Delay = 0.00>
ST_8 : Operation 76 [1/1] (0.00ns)   --->   "%buf_0_1_2_be = phi i8 [ %buf_0_1_2, %branch3 ], [ %buf_1_1_7, %branch2 ]"   --->   Operation 76 'phi' 'buf_0_1_2_be' <Predicate = true> <Delay = 0.00>
ST_8 : Operation 77 [1/1] (0.00ns)   --->   "%buf_0_0_2_be = phi i8 [ %buf_0_0_2, %branch3 ], [ %buf_1_1_8, %branch2 ]"   --->   Operation 77 'phi' 'buf_0_0_2_be' <Predicate = true> <Delay = 0.00>
ST_8 : Operation 78 [1/1] (0.00ns)   --->   "br label %.backedge"   --->   Operation 78 'br' <Predicate = true> <Delay = 0.00>

State 9 <SV = 5> <Delay = 1.66>
ST_9 : Operation 79 [1/2] (0.00ns)   --->   "%call_ret4 = call fastcc { i8, i8 } @aes256_encrypt_ecb([32 x i8]* @local_key_0, i8 %buf_0_0_1, i8 %buf_0_1_1)" [buf4.cpp:234->buf4.cpp:280]   --->   Operation 79 'call' 'call_ret4' <Predicate = true> <Delay = 0.00> <CoreType = "Generic">   --->   Core 0 '' <Latency = 0> <II = 1> <Delay = 1.00> <Generic> <Opcode : >
ST_9 : Operation 80 [1/1] (0.00ns)   --->   "%buf_0_0_3 = extractvalue { i8, i8 } %call_ret4, 0" [buf4.cpp:234->buf4.cpp:280]   --->   Operation 80 'extractvalue' 'buf_0_0_3' <Predicate = true> <Delay = 0.00>
ST_9 : Operation 81 [1/1] (0.00ns)   --->   "%buf_0_1_3 = extractvalue { i8, i8 } %call_ret4, 1" [buf4.cpp:234->buf4.cpp:280]   --->   Operation 81 'extractvalue' 'buf_0_1_3' <Predicate = true> <Delay = 0.00>
ST_9 : Operation 82 [1/2] (0.00ns)   --->   "%call_ret = call fastcc { i8, i8 } @aes256_encrypt_ecb([32 x i8]* @local_key_1, i8 %buf_1_0_1, i8 %buf_1_1_1)" [buf4.cpp:234->buf4.cpp:280]   --->   Operation 82 'call' 'call_ret' <Predicate = true> <Delay = 0.00> <CoreType = "Generic">   --->   Core 0 '' <Latency = 0> <II = 1> <Delay = 1.00> <Generic> <Opcode : >
ST_9 : Operation 83 [1/1] (0.00ns)   --->   "%buf_1_0_3 = extractvalue { i8, i8 } %call_ret, 0" [buf4.cpp:234->buf4.cpp:280]   --->   Operation 83 'extractvalue' 'buf_1_0_3' <Predicate = true> <Delay = 0.00>
ST_9 : Operation 84 [1/1] (0.00ns)   --->   "%buf_1_1_3 = extractvalue { i8, i8 } %call_ret, 1" [buf4.cpp:234->buf4.cpp:280]   --->   Operation 84 'extractvalue' 'buf_1_1_3' <Predicate = true> <Delay = 0.00>
ST_9 : Operation 85 [1/1] (1.66ns)   --->   "br label %.preheader" [buf4.cpp:282]   --->   Operation 85 'br' <Predicate = true> <Delay = 1.66>

State 10 <SV = 6> <Delay = 1.97>
ST_10 : Operation 86 [1/1] (0.00ns)   --->   "%j_3 = phi i2 [ %j_5, %8 ], [ 0, %.preheader82.0 ]"   --->   Operation 86 'phi' 'j_3' <Predicate = true> <Delay = 0.00>
ST_10 : Operation 87 [1/1] (0.93ns)   --->   "%exitcond6 = icmp eq i2 %j_3, -2" [buf4.cpp:282]   --->   Operation 87 'icmp' 'exitcond6' <Predicate = true> <Delay = 0.93> <Core = "Cmp">   --->   Core 25 'Cmp' <Latency = 0> <II = 1> <Delay = 0.93> <FuncUnit> <Opcode : 'icmp'> <InPorts = 2> <OutPorts = 1>
ST_10 : Operation 88 [1/1] (0.00ns)   --->   "%empty_8 = call i32 (...)* @_ssdm_op_SpecLoopTripCount(i64 2, i64 2, i64 2)"   --->   Operation 88 'speclooptripcount' 'empty_8' <Predicate = true> <Delay = 0.00>
ST_10 : Operation 89 [1/1] (1.58ns)   --->   "%j_5 = add i2 %j_3, 1" [buf4.cpp:282]   --->   Operation 89 'add' 'j_5' <Predicate = true> <Delay = 1.58> <Core = "AddSub">   --->   Core 14 'AddSub' <Latency = 0> <II = 1> <Delay = 1.58> <FuncUnit> <Opcode : 'add' 'sub'> <InPorts = 2> <OutPorts = 1>
ST_10 : Operation 90 [1/1] (0.00ns)   --->   "br i1 %exitcond6, label %9, label %6" [buf4.cpp:282]   --->   Operation 90 'br' <Predicate = true> <Delay = 0.00>
ST_10 : Operation 91 [1/1] (0.00ns)   --->   "call void (...)* @_ssdm_op_SpecLoopName([9 x i8]* @p_str15) nounwind" [buf4.cpp:282]   --->   Operation 91 'specloopname' <Predicate = (!exitcond6)> <Delay = 0.00>
ST_10 : Operation 92 [1/1] (0.00ns)   --->   "%tmp_8 = call i32 (...)* @_ssdm_op_SpecRegionBegin([9 x i8]* @p_str15)" [buf4.cpp:282]   --->   Operation 92 'specregionbegin' 'tmp_8' <Predicate = (!exitcond6)> <Delay = 0.00>
ST_10 : Operation 93 [1/1] (0.00ns)   --->   "%tmp_5 = trunc i2 %j_3 to i1" [buf4.cpp:282]   --->   Operation 93 'trunc' 'tmp_5' <Predicate = (!exitcond6)> <Delay = 0.00>
ST_10 : Operation 94 [1/1] (0.00ns)   --->   "%tmp_6 = shl i2 %j_3, 1" [buf4.cpp:285]   --->   Operation 94 'shl' 'tmp_6' <Predicate = (!exitcond6)> <Delay = 0.00>
ST_10 : Operation 95 [1/1] (1.66ns)   --->   "br label %7" [buf4.cpp:283]   --->   Operation 95 'br' <Predicate = (!exitcond6)> <Delay = 1.66>
ST_10 : Operation 96 [1/1] (0.00ns)   --->   "%empty_11 = call i32 (...)* @_ssdm_op_SpecRegionEnd([11 x i8]* @p_str12, i32 %tmp_2)" [buf4.cpp:290]   --->   Operation 96 'specregionend' 'empty_11' <Predicate = (exitcond6)> <Delay = 0.00>
ST_10 : Operation 97 [1/1] (0.00ns)   --->   "br label %.preheader1" [buf4.cpp:269]   --->   Operation 97 'br' <Predicate = (exitcond6)> <Delay = 0.00>

State 11 <SV = 7> <Delay = 4.89>
ST_11 : Operation 98 [1/1] (0.00ns)   --->   "%k_1 = phi i2 [ 0, %6 ], [ %k_3, %_ifconv ]"   --->   Operation 98 'phi' 'k_1' <Predicate = true> <Delay = 0.00>
ST_11 : Operation 99 [1/1] (0.93ns)   --->   "%exitcond = icmp eq i2 %k_1, -2" [buf4.cpp:283]   --->   Operation 99 'icmp' 'exitcond' <Predicate = true> <Delay = 0.93> <Core = "Cmp">   --->   Core 25 'Cmp' <Latency = 0> <II = 1> <Delay = 0.93> <FuncUnit> <Opcode : 'icmp'> <InPorts = 2> <OutPorts = 1>
ST_11 : Operation 100 [1/1] (0.00ns)   --->   "%empty_9 = call i32 (...)* @_ssdm_op_SpecLoopTripCount(i64 2, i64 2, i64 2)"   --->   Operation 100 'speclooptripcount' 'empty_9' <Predicate = true> <Delay = 0.00>
ST_11 : Operation 101 [1/1] (1.58ns)   --->   "%k_3 = add i2 %k_1, 1" [buf4.cpp:283]   --->   Operation 101 'add' 'k_3' <Predicate = true> <Delay = 1.58> <Core = "AddSub">   --->   Core 14 'AddSub' <Latency = 0> <II = 1> <Delay = 1.58> <FuncUnit> <Opcode : 'add' 'sub'> <InPorts = 2> <OutPorts = 1>
ST_11 : Operation 102 [1/1] (0.00ns)   --->   "br i1 %exitcond, label %8, label %_ifconv" [buf4.cpp:283]   --->   Operation 102 'br' <Predicate = true> <Delay = 0.00>
ST_11 : Operation 103 [1/1] (0.00ns)   --->   "%tmp_9 = trunc i2 %k_1 to i1" [buf4.cpp:283]   --->   Operation 103 'trunc' 'tmp_9' <Predicate = (!exitcond)> <Delay = 0.00>
ST_11 : Operation 104 [1/1] (0.00ns) (grouped into LUT with out node buf_load_phi)   --->   "%buf_1_load_phi = select i1 %tmp_9, i8 %buf_1_1_3, i8 %buf_1_0_3" [buf4.cpp:285]   --->   Operation 104 'select' 'buf_1_load_phi' <Predicate = (!exitcond & tmp_5)> <Delay = 0.00> <Core = "Sel">   --->   Core 26 'Sel' <Latency = 0> <II = 1> <Delay = 1.37> <FuncUnit> <Opcode : 'select'> <InPorts = 3> <OutPorts = 1>
ST_11 : Operation 105 [1/1] (1.37ns) (out node of the LUT)   --->   "%buf_0_load_phi = select i1 %tmp_9, i8 %buf_0_1_3, i8 %buf_0_0_3" [buf4.cpp:285]   --->   Operation 105 'select' 'buf_0_load_phi' <Predicate = (!exitcond & !tmp_5)> <Delay = 1.37> <Core = "Sel">   --->   Core 26 'Sel' <Latency = 0> <II = 1> <Delay = 1.37> <FuncUnit> <Opcode : 'select'> <InPorts = 3> <OutPorts = 1>
ST_11 : Operation 106 [1/1] (1.37ns) (out node of the LUT)   --->   "%buf_load_phi = select i1 %tmp_5, i8 %buf_1_load_phi, i8 %buf_0_load_phi" [buf4.cpp:285]   --->   Operation 106 'select' 'buf_load_phi' <Predicate = (!exitcond)> <Delay = 1.37> <Core = "Sel">   --->   Core 26 'Sel' <Latency = 0> <II = 1> <Delay = 1.37> <FuncUnit> <Opcode : 'select'> <InPorts = 3> <OutPorts = 1>
ST_11 : Operation 107 [1/1] (1.58ns)   --->   "%tmp8 = add i2 %k_1, %tmp_6" [buf4.cpp:283]   --->   Operation 107 'add' 'tmp8' <Predicate = (!exitcond)> <Delay = 1.58> <Core = "AddSub">   --->   Core 14 'AddSub' <Latency = 0> <II = 1> <Delay = 1.58> <FuncUnit> <Opcode : 'add' 'sub'> <InPorts = 2> <OutPorts = 1>
ST_11 : Operation 108 [1/1] (0.00ns)   --->   "%sum2_cast = zext i2 %tmp8 to i64" [buf4.cpp:283]   --->   Operation 108 'zext' 'sum2_cast' <Predicate = (!exitcond)> <Delay = 0.00>
ST_11 : Operation 109 [1/1] (0.00ns)   --->   "%data_addr_1 = getelementptr [16 x i8]* %data, i64 0, i64 %sum2_cast" [buf4.cpp:285]   --->   Operation 109 'getelementptr' 'data_addr_1' <Predicate = (!exitcond)> <Delay = 0.00>
ST_11 : Operation 110 [1/1] (2.15ns)   --->   "store i8 %buf_load_phi, i8* %data_addr_1, align 1" [buf4.cpp:285]   --->   Operation 110 'store' <Predicate = (!exitcond)> <Delay = 2.15> <Core = "RAM">   --->   Core 37 'RAM' <Latency = 1> <II = 1> <Delay = 2.15> <Storage> <Opcode : 'load' 'store'> <Ports = 2> <Width = 8> <Depth = 32> <RAM>
ST_11 : Operation 111 [1/1] (0.00ns)   --->   "br label %7" [buf4.cpp:283]   --->   Operation 111 'br' <Predicate = (!exitcond)> <Delay = 0.00>
ST_11 : Operation 112 [1/1] (0.00ns)   --->   "%empty_10 = call i32 (...)* @_ssdm_op_SpecRegionEnd([9 x i8]* @p_str15, i32 %tmp_8)" [buf4.cpp:289]   --->   Operation 112 'specregionend' 'empty_10' <Predicate = (exitcond)> <Delay = 0.00>
ST_11 : Operation 113 [1/1] (0.00ns)   --->   "br label %.preheader" [buf4.cpp:282]   --->   Operation 113 'br' <Predicate = (exitcond)> <Delay = 0.00>


============================================================
+ Verbose Summary: Binding
============================================================
STG Binding: 
---------------- STG Properties BEGIN ----------------
- Is combinational: 0
- Is one-state seq: 0
- Is datapath-only: 0
- Is pipelined: 0
- Is top level: 0
Port [ Return ] is wired: 1; IO mode=ap_ctrl_hs:ce=0
Port [ data]:  wired=1; compound=1; hidden=0; nouse=0; global=0; static=0; extern=0; dir=2; type=1; pingpong=0; private_global=0; MemPort=[23]; IO mode=ap_memory:ce=0
Port [ sbox]:  wired=0; compound=1; hidden=1; nouse=1; global=1; static=1; extern=0; dir=0; type=1; pingpong=0; private_global=0; linkage=7; visibility=0; MemPort=[1]; IO mode=ap_memory:ce=0
Port [ local_key_0]:  wired=0; compound=1; hidden=1; nouse=0; global=1; static=1; extern=0; dir=0; type=1; pingpong=0; private_global=1; linkage=7; visibility=0; MemPort=[13]; IO mode=ap_memory:ce=0
Port [ local_key_1]:  wired=0; compound=1; hidden=1; nouse=0; global=1; static=1; extern=0; dir=0; type=1; pingpong=0; private_global=1; linkage=7; visibility=0; MemPort=[13]; IO mode=ap_memory:ce=0
---------------- STG Properties END ------------------

---------------- Datapath Model BEGIN ----------------

<LifeTime>
<method=bitvector/>
StgValue_12    (br               ) [ 011000000000]
j              (phi              ) [ 001000000000]
exitcond2      (icmp             ) [ 001000000000]
empty          (speclooptripcount) [ 000000000000]
j_2            (add              ) [ 011000000000]
StgValue_17    (br               ) [ 000000000000]
tmp            (specregionbegin  ) [ 000000000000]
StgValue_19    (specpipeline     ) [ 000000000000]
empty_3        (specregionend    ) [ 000000000000]
StgValue_21    (br               ) [ 011000000000]
StgValue_22    (br               ) [ 000111111111]
buf_1_1        (phi              ) [ 000011111000]
buf_1_0        (phi              ) [ 000011111000]
buf_0_1        (phi              ) [ 000011111000]
buf_0_0        (phi              ) [ 000011111000]
i_2            (phi              ) [ 000011111111]
empty_4        (speclooptripcount) [ 000000000000]
StgValue_29    (br               ) [ 000000000000]
StgValue_30    (specloopname     ) [ 000000000000]
tmp_2          (specregionbegin  ) [ 000001111111]
StgValue_32    (br               ) [ 000011111111]
StgValue_33    (ret              ) [ 000000000000]
buf_1_1_1      (phi              ) [ 000001111100]
buf_1_0_1      (phi              ) [ 000001111100]
buf_0_1_1      (phi              ) [ 000001111100]
buf_0_0_1      (phi              ) [ 000001111100]
j_1            (phi              ) [ 000001000000]
exitcond3      (icmp             ) [ 000011111111]
empty_5        (speclooptripcount) [ 000000000000]
j_4            (add              ) [ 000011111111]
StgValue_42    (br               ) [ 000000000000]
StgValue_43    (specloopname     ) [ 000000000000]
tmp_3          (specregionbegin  ) [ 000000111000]
tmp_1          (trunc            ) [ 000000111000]
tmp_4          (shl              ) [ 000000111000]
StgValue_47    (br               ) [ 000011111111]
buf_1_1_2      (phi              ) [ 000011111111]
buf_1_0_2      (phi              ) [ 000011111111]
buf_0_1_2      (phi              ) [ 000011111111]
buf_0_0_2      (phi              ) [ 000011111111]
k              (phi              ) [ 000000100000]
exitcond5      (icmp             ) [ 000011111111]
empty_6        (speclooptripcount) [ 000000000000]
k_2            (add              ) [ 000011111111]
StgValue_58    (br               ) [ 000000000000]
tmp7           (add              ) [ 000000000000]
sum_cast       (zext             ) [ 000000000000]
data_addr      (getelementptr    ) [ 000000010000]
tmp_7          (trunc            ) [ 000000010000]
empty_7        (specregionend    ) [ 000000000000]
StgValue_65    (br               ) [ 000011111111]
buf_0_1_5      (load             ) [ 000000000000]
StgValue_67    (br               ) [ 000000000000]
buf_1_1_7      (select           ) [ 000011111111]
buf_1_1_8      (select           ) [ 000011111111]
StgValue_70    (br               ) [ 000011111111]
buf_1_1_4      (select           ) [ 000011111111]
buf_1_1_6      (select           ) [ 000011111111]
StgValue_73    (br               ) [ 000011111111]
buf_1_1_2_be   (phi              ) [ 000011101111]
buf_1_0_2_be   (phi              ) [ 000011101111]
buf_0_1_2_be   (phi              ) [ 000011101111]
buf_0_0_2_be   (phi              ) [ 000011101111]
StgValue_78    (br               ) [ 000011111111]
call_ret4      (call             ) [ 000000000000]
buf_0_0_3      (extractvalue     ) [ 000110000011]
buf_0_1_3      (extractvalue     ) [ 000110000011]
call_ret       (call             ) [ 000000000000]
buf_1_0_3      (extractvalue     ) [ 000110000011]
buf_1_1_3      (extractvalue     ) [ 000110000011]
StgValue_85    (br               ) [ 000011111111]
j_3            (phi              ) [ 000000000010]
exitcond6      (icmp             ) [ 000011111111]
empty_8        (speclooptripcount) [ 000000000000]
j_5            (add              ) [ 000011111111]
StgValue_90    (br               ) [ 000000000000]
StgValue_91    (specloopname     ) [ 000000000000]
tmp_8          (specregionbegin  ) [ 000000000001]
tmp_5          (trunc            ) [ 000000000001]
tmp_6          (shl              ) [ 000000000001]
StgValue_95    (br               ) [ 000011111111]
empty_11       (specregionend    ) [ 000000000000]
StgValue_97    (br               ) [ 000111111111]
k_1            (phi              ) [ 000000000001]
exitcond       (icmp             ) [ 000011111111]
empty_9        (speclooptripcount) [ 000000000000]
k_3            (add              ) [ 000011111111]
StgValue_102   (br               ) [ 000000000000]
tmp_9          (trunc            ) [ 000000000000]
buf_1_load_phi (select           ) [ 000000000000]
buf_0_load_phi (select           ) [ 000000000000]
buf_load_phi   (select           ) [ 000000000000]
tmp8           (add              ) [ 000000000000]
sum2_cast      (zext             ) [ 000000000000]
data_addr_1    (getelementptr    ) [ 000000000000]
StgValue_110   (store            ) [ 000000000000]
StgValue_111   (br               ) [ 000011111111]
empty_10       (specregionend    ) [ 000000000000]
StgValue_113   (br               ) [ 000011111111]
</LifeTime>

<model>

<comp_list>
<comp id="0" class="1000" name="data">
<pin_list>
<pin id="1" dir="1" index="0" bw="1" slack="0"/>
</pin_list>
<bind>
<StgValue><ssdm name="data"/><MemPortTyVec>2 3 </MemPortTyVec>
</StgValue>
</bind>
</comp>

<comp id="2" class="1000" name="sbox">
<pin_list>
<pin id="3" dir="1" index="0" bw="1" slack="0"/>
</pin_list>
<bind>
<StgValue><ssdm name="sbox"/><MemPortTyVec>1 </MemPortTyVec>
</StgValue>
</bind>
</comp>

<comp id="4" class="1000" name="local_key_0">
<pin_list>
<pin id="5" dir="1" index="0" bw="1" slack="0"/>
</pin_list>
<bind>
<StgValue><ssdm name="local_key_0"/><MemPortTyVec>1 3 </MemPortTyVec>
</StgValue>
</bind>
</comp>

<comp id="6" class="1000" name="local_key_1">
<pin_list>
<pin id="7" dir="1" index="0" bw="1" slack="0"/>
</pin_list>
<bind>
<StgValue><ssdm name="local_key_1"/><MemPortTyVec>1 3 </MemPortTyVec>
</StgValue>
</bind>
</comp>

<comp id="8" class="1001" name="const_8">
<pin_list>
<pin id="9" dir="1" index="0" bw="1" slack="1"/>
</pin_list>
<bind>
<StgValue><ssdm name=""/></StgValue>
</bind>
</comp>

<comp id="10" class="1001" name="const_10">
<pin_list>
<pin id="11" dir="1" index="0" bw="1" slack="0"/>
</pin_list>
<bind>
<StgValue><ssdm name=""/></StgValue>
</bind>
</comp>

<comp id="12" class="1001" name="const_12">
<pin_list>
<pin id="13" dir="1" index="0" bw="1" slack="2147483647"/>
</pin_list>
<bind>
<StgValue><ssdm name="_ssdm_op_SpecLoopTripCount"/></StgValue>
</bind>
</comp>

<comp id="14" class="1001" name="const_14">
<pin_list>
<pin id="15" dir="1" index="0" bw="1" slack="2147483647"/>
</pin_list>
<bind>
<StgValue><ssdm name=""/></StgValue>
</bind>
</comp>

<comp id="16" class="1001" name="const_16">
<pin_list>
<pin id="17" dir="1" index="0" bw="1" slack="0"/>
</pin_list>
<bind>
<StgValue><ssdm name=""/></StgValue>
</bind>
</comp>

<comp id="18" class="1001" name="const_18">
<pin_list>
<pin id="19" dir="1" index="0" bw="1" slack="2147483647"/>
</pin_list>
<bind>
<StgValue><ssdm name="_ssdm_op_SpecRegionBegin"/></StgValue>
</bind>
</comp>

<comp id="20" class="1001" name="const_20">
<pin_list>
<pin id="21" dir="1" index="0" bw="1" slack="2147483647"/>
</pin_list>
<bind>
<StgValue><ssdm name="p_str10"/></StgValue>
</bind>
</comp>

<comp id="22" class="1001" name="const_22">
<pin_list>
<pin id="23" dir="1" index="0" bw="1" slack="2147483647"/>
</pin_list>
<bind>
<StgValue><ssdm name="_ssdm_op_SpecPipeline"/></StgValue>
</bind>
</comp>

<comp id="24" class="1001" name="const_24">
<pin_list>
<pin id="25" dir="1" index="0" bw="1" slack="2147483647"/>
</pin_list>
<bind>
<StgValue><ssdm name=""/></StgValue>
</bind>
</comp>

<comp id="26" class="1001" name="const_26">
<pin_list>
<pin id="27" dir="1" index="0" bw="1" slack="2147483647"/>
</pin_list>
<bind>
<StgValue><ssdm name=""/></StgValue>
</bind>
</comp>

<comp id="28" class="1001" name="const_28">
<pin_list>
<pin id="29" dir="1" index="0" bw="1" slack="2147483647"/>
</pin_list>
<bind>
<StgValue><ssdm name=""/></StgValue>
</bind>
</comp>

<comp id="30" class="1001" name="const_30">
<pin_list>
<pin id="31" dir="1" index="0" bw="1" slack="2147483647"/>
</pin_list>
<bind>
<StgValue><ssdm name="p_str1"/></StgValue>
</bind>
</comp>

<comp id="32" class="1001" name="const_32">
<pin_list>
<pin id="33" dir="1" index="0" bw="1" slack="2147483647"/>
</pin_list>
<bind>
<StgValue><ssdm name="_ssdm_op_SpecRegionEnd"/></StgValue>
</bind>
</comp>

<comp id="34" class="1001" name="const_34">
<pin_list>
<pin id="35" dir="1" index="0" bw="1" slack="1"/>
</pin_list>
<bind>
<StgValue><ssdm name=""/></StgValue>
</bind>
</comp>

<comp id="36" class="1001" name="const_36">
<pin_list>
<pin id="37" dir="1" index="0" bw="1" slack="1"/>
</pin_list>
<bind>
<StgValue><ssdm name=""/></StgValue>
</bind>
</comp>

<comp id="38" class="1001" name="const_38">
<pin_list>
<pin id="39" dir="1" index="0" bw="1" slack="1"/>
</pin_list>
<bind>
<StgValue><ssdm name=""/></StgValue>
</bind>
</comp>

<comp id="40" class="1001" name="const_40">
<pin_list>
<pin id="41" dir="1" index="0" bw="1" slack="2147483647"/>
</pin_list>
<bind>
<StgValue><ssdm name=""/></StgValue>
</bind>
</comp>

<comp id="42" class="1001" name="const_42">
<pin_list>
<pin id="43" dir="1" index="0" bw="1" slack="2147483647"/>
</pin_list>
<bind>
<StgValue><ssdm name="_ssdm_op_SpecLoopName"/></StgValue>
</bind>
</comp>

<comp id="44" class="1001" name="const_44">
<pin_list>
<pin id="45" dir="1" index="0" bw="1" slack="2147483647"/>
</pin_list>
<bind>
<StgValue><ssdm name="p_str12"/></StgValue>
</bind>
</comp>

<comp id="46" class="1001" name="const_46">
<pin_list>
<pin id="47" dir="1" index="0" bw="1" slack="1"/>
</pin_list>
<bind>
<StgValue><ssdm name=""/></StgValue>
</bind>
</comp>

<comp id="48" class="1001" name="const_48">
<pin_list>
<pin id="49" dir="1" index="0" bw="1" slack="0"/>
</pin_list>
<bind>
<StgValue><ssdm name=""/></StgValue>
</bind>
</comp>

<comp id="50" class="1001" name="const_50">
<pin_list>
<pin id="51" dir="1" index="0" bw="1" slack="2147483647"/>
</pin_list>
<bind>
<StgValue><ssdm name=""/></StgValue>
</bind>
</comp>

<comp id="52" class="1001" name="const_52">
<pin_list>
<pin id="53" dir="1" index="0" bw="1" slack="0"/>
</pin_list>
<bind>
<StgValue><ssdm name=""/></StgValue>
</bind>
</comp>

<comp id="54" class="1001" name="const_54">
<pin_list>
<pin id="55" dir="1" index="0" bw="1" slack="2147483647"/>
</pin_list>
<bind>
<StgValue><ssdm name="p_str13"/></StgValue>
</bind>
</comp>

<comp id="56" class="1001" name="const_56">
<pin_list>
<pin id="57" dir="1" index="0" bw="1" slack="0"/>
</pin_list>
<bind>
<StgValue><ssdm name="aes256_encrypt_ecb"/></StgValue>
</bind>
</comp>

<comp id="58" class="1001" name="const_58">
<pin_list>
<pin id="59" dir="1" index="0" bw="1" slack="0"/>
</pin_list>
<bind>
<StgValue><ssdm name=""/></StgValue>
</bind>
</comp>

<comp id="60" class="1001" name="const_60">
<pin_list>
<pin id="61" dir="1" index="0" bw="1" slack="2147483647"/>
</pin_list>
<bind>
<StgValue><ssdm name="p_str15"/></StgValue>
</bind>
</comp>

<comp id="62" class="1004" name="data_addr_gep_fu_62">
<pin_list>
<pin id="63" dir="0" index="0" bw="8" slack="0"/>
<pin id="64" dir="0" index="1" bw="1" slack="0"/>
<pin id="65" dir="0" index="2" bw="2" slack="0"/>
<pin id="66" dir="1" index="3" bw="4" slack="0"/>
</pin_list>
<bind>
<opcode="getelementptr(29) " fcode="getelementptr"/>
<opset="data_addr/6 "/>
</bind>
</comp>

<comp id="69" class="1004" name="grp_access_fu_69">
<pin_list>
<pin id="70" dir="0" index="0" bw="4" slack="0"/>
<pin id="71" dir="0" index="1" bw="8" slack="0"/>
<pin id="72" dir="0" index="2" bw="0" slack="2147483647"/>
<pin id="73" dir="1" index="3" bw="8" slack="0"/>
</pin_list>
<bind>
<opcode="load(27) store(28) " fcode="store"/>
<opset="buf_0_1_5/6 StgValue_110/11 "/>
</bind>
</comp>

<comp id="75" class="1004" name="data_addr_1_gep_fu_75">
<pin_list>
<pin id="76" dir="0" index="0" bw="8" slack="0"/>
<pin id="77" dir="0" index="1" bw="1" slack="0"/>
<pin id="78" dir="0" index="2" bw="2" slack="0"/>
<pin id="79" dir="1" index="3" bw="4" slack="0"/>
</pin_list>
<bind>
<opcode="getelementptr(29) " fcode="getelementptr"/>
<opset="data_addr_1/11 "/>
</bind>
</comp>

<comp id="83" class="1005" name="j_reg_83">
<pin_list>
<pin id="84" dir="0" index="0" bw="6" slack="1"/>
<pin id="85" dir="1" index="1" bw="6" slack="1"/>
</pin_list>
<bind>
<opset="j (phireg) "/>
</bind>
</comp>

<comp id="87" class="1004" name="j_phi_fu_87">
<pin_list>
<pin id="88" dir="0" index="0" bw="6" slack="0"/>
<pin id="89" dir="0" index="1" bw="0" slack="2147483647"/>
<pin id="90" dir="0" index="2" bw="1" slack="1"/>
<pin id="91" dir="0" index="3" bw="0" slack="2147483647"/>
<pin id="92" dir="1" index="4" bw="6" slack="0"/>
</pin_list>
<bind>
<opcode="phi(47) " fcode="phi"/>
<opset="j/2 "/>
</bind>
</comp>

<comp id="94" class="1005" name="buf_1_1_reg_94">
<pin_list>
<pin id="95" dir="0" index="0" bw="8" slack="1"/>
<pin id="96" dir="1" index="1" bw="8" slack="1"/>
</pin_list>
<bind>
<opset="buf_1_1 (phireg) "/>
</bind>
</comp>

<comp id="98" class="1004" name="buf_1_1_phi_fu_98">
<pin_list>
<pin id="99" dir="0" index="0" bw="8" slack="1"/>
<pin id="100" dir="0" index="1" bw="0" slack="2147483647"/>
<pin id="101" dir="0" index="2" bw="1" slack="1"/>
<pin id="102" dir="0" index="3" bw="0" slack="2147483647"/>
<pin id="103" dir="1" index="4" bw="8" slack="1"/>
</pin_list>
<bind>
<opcode="phi(47) " fcode="phi"/>
<opset="buf_1_1/4 "/>
</bind>
</comp>

<comp id="106" class="1005" name="buf_1_0_reg_106">
<pin_list>
<pin id="107" dir="0" index="0" bw="8" slack="1"/>
<pin id="108" dir="1" index="1" bw="8" slack="1"/>
</pin_list>
<bind>
<opset="buf_1_0 (phireg) "/>
</bind>
</comp>

<comp id="110" class="1004" name="buf_1_0_phi_fu_110">
<pin_list>
<pin id="111" dir="0" index="0" bw="8" slack="1"/>
<pin id="112" dir="0" index="1" bw="0" slack="2147483647"/>
<pin id="113" dir="0" index="2" bw="1" slack="1"/>
<pin id="114" dir="0" index="3" bw="0" slack="2147483647"/>
<pin id="115" dir="1" index="4" bw="8" slack="1"/>
</pin_list>
<bind>
<opcode="phi(47) " fcode="phi"/>
<opset="buf_1_0/4 "/>
</bind>
</comp>

<comp id="118" class="1005" name="buf_0_1_reg_118">
<pin_list>
<pin id="119" dir="0" index="0" bw="8" slack="1"/>
<pin id="120" dir="1" index="1" bw="8" slack="1"/>
</pin_list>
<bind>
<opset="buf_0_1 (phireg) "/>
</bind>
</comp>

<comp id="122" class="1004" name="buf_0_1_phi_fu_122">
<pin_list>
<pin id="123" dir="0" index="0" bw="8" slack="1"/>
<pin id="124" dir="0" index="1" bw="0" slack="2147483647"/>
<pin id="125" dir="0" index="2" bw="1" slack="1"/>
<pin id="126" dir="0" index="3" bw="0" slack="2147483647"/>
<pin id="127" dir="1" index="4" bw="8" slack="1"/>
</pin_list>
<bind>
<opcode="phi(47) " fcode="phi"/>
<opset="buf_0_1/4 "/>
</bind>
</comp>

<comp id="130" class="1005" name="buf_0_0_reg_130">
<pin_list>
<pin id="131" dir="0" index="0" bw="8" slack="1"/>
<pin id="132" dir="1" index="1" bw="8" slack="1"/>
</pin_list>
<bind>
<opset="buf_0_0 (phireg) "/>
</bind>
</comp>

<comp id="134" class="1004" name="buf_0_0_phi_fu_134">
<pin_list>
<pin id="135" dir="0" index="0" bw="8" slack="1"/>
<pin id="136" dir="0" index="1" bw="0" slack="2147483647"/>
<pin id="137" dir="0" index="2" bw="1" slack="1"/>
<pin id="138" dir="0" index="3" bw="0" slack="2147483647"/>
<pin id="139" dir="1" index="4" bw="8" slack="1"/>
</pin_list>
<bind>
<opcode="phi(47) " fcode="phi"/>
<opset="buf_0_0/4 "/>
</bind>
</comp>

<comp id="142" class="1005" name="i_2_reg_142">
<pin_list>
<pin id="143" dir="0" index="0" bw="1" slack="1"/>
<pin id="144" dir="1" index="1" bw="1" slack="1"/>
</pin_list>
<bind>
<opset="i_2 (phireg) "/>
</bind>
</comp>

<comp id="147" class="1004" name="i_2_phi_fu_147">
<pin_list>
<pin id="148" dir="0" index="0" bw="1" slack="1"/>
<pin id="149" dir="0" index="1" bw="0" slack="2147483647"/>
<pin id="150" dir="0" index="2" bw="1" slack="1"/>
<pin id="151" dir="0" index="3" bw="0" slack="2147483647"/>
<pin id="152" dir="1" index="4" bw="1" slack="2147483647"/>
</pin_list>
<bind>
<opcode="phi(47) " fcode="phi"/>
<opset="i_2/4 "/>
</bind>
</comp>

<comp id="155" class="1005" name="buf_1_1_1_reg_155">
<pin_list>
<pin id="156" dir="0" index="0" bw="8" slack="1"/>
<pin id="157" dir="1" index="1" bw="8" slack="1"/>
</pin_list>
<bind>
<opset="buf_1_1_1 (phireg) "/>
</bind>
</comp>

<comp id="158" class="1004" name="buf_1_1_1_phi_fu_158">
<pin_list>
<pin id="159" dir="0" index="0" bw="8" slack="1"/>
<pin id="160" dir="0" index="1" bw="0" slack="2147483647"/>
<pin id="161" dir="0" index="2" bw="8" slack="1"/>
<pin id="162" dir="0" index="3" bw="0" slack="2147483647"/>
<pin id="163" dir="1" index="4" bw="8" slack="0"/>
</pin_list>
<bind>
<opcode="phi(47) " fcode="phi"/>
<opset="buf_1_1_1/5 "/>
</bind>
</comp>

<comp id="166" class="1005" name="buf_1_0_1_reg_166">
<pin_list>
<pin id="167" dir="0" index="0" bw="8" slack="1"/>
<pin id="168" dir="1" index="1" bw="8" slack="1"/>
</pin_list>
<bind>
<opset="buf_1_0_1 (phireg) "/>
</bind>
</comp>

<comp id="169" class="1004" name="buf_1_0_1_phi_fu_169">
<pin_list>
<pin id="170" dir="0" index="0" bw="8" slack="1"/>
<pin id="171" dir="0" index="1" bw="0" slack="2147483647"/>
<pin id="172" dir="0" index="2" bw="8" slack="1"/>
<pin id="173" dir="0" index="3" bw="0" slack="2147483647"/>
<pin id="174" dir="1" index="4" bw="8" slack="0"/>
</pin_list>
<bind>
<opcode="phi(47) " fcode="phi"/>
<opset="buf_1_0_1/5 "/>
</bind>
</comp>

<comp id="177" class="1005" name="buf_0_1_1_reg_177">
<pin_list>
<pin id="178" dir="0" index="0" bw="8" slack="1"/>
<pin id="179" dir="1" index="1" bw="8" slack="1"/>
</pin_list>
<bind>
<opset="buf_0_1_1 (phireg) "/>
</bind>
</comp>

<comp id="180" class="1004" name="buf_0_1_1_phi_fu_180">
<pin_list>
<pin id="181" dir="0" index="0" bw="8" slack="1"/>
<pin id="182" dir="0" index="1" bw="0" slack="2147483647"/>
<pin id="183" dir="0" index="2" bw="8" slack="1"/>
<pin id="184" dir="0" index="3" bw="0" slack="2147483647"/>
<pin id="185" dir="1" index="4" bw="8" slack="0"/>
</pin_list>
<bind>
<opcode="phi(47) " fcode="phi"/>
<opset="buf_0_1_1/5 "/>
</bind>
</comp>

<comp id="188" class="1005" name="buf_0_0_1_reg_188">
<pin_list>
<pin id="189" dir="0" index="0" bw="8" slack="1"/>
<pin id="190" dir="1" index="1" bw="8" slack="1"/>
</pin_list>
<bind>
<opset="buf_0_0_1 (phireg) "/>
</bind>
</comp>

<comp id="191" class="1004" name="buf_0_0_1_phi_fu_191">
<pin_list>
<pin id="192" dir="0" index="0" bw="8" slack="1"/>
<pin id="193" dir="0" index="1" bw="0" slack="2147483647"/>
<pin id="194" dir="0" index="2" bw="8" slack="1"/>
<pin id="195" dir="0" index="3" bw="0" slack="2147483647"/>
<pin id="196" dir="1" index="4" bw="8" slack="0"/>
</pin_list>
<bind>
<opcode="phi(47) " fcode="phi"/>
<opset="buf_0_0_1/5 "/>
</bind>
</comp>

<comp id="199" class="1005" name="j_1_reg_199">
<pin_list>
<pin id="200" dir="0" index="0" bw="2" slack="1"/>
<pin id="201" dir="1" index="1" bw="2" slack="1"/>
</pin_list>
<bind>
<opset="j_1 (phireg) "/>
</bind>
</comp>

<comp id="203" class="1004" name="j_1_phi_fu_203">
<pin_list>
<pin id="204" dir="0" index="0" bw="1" slack="1"/>
<pin id="205" dir="0" index="1" bw="0" slack="2147483647"/>
<pin id="206" dir="0" index="2" bw="2" slack="0"/>
<pin id="207" dir="0" index="3" bw="0" slack="2147483647"/>
<pin id="208" dir="1" index="4" bw="2" slack="0"/>
</pin_list>
<bind>
<opcode="phi(47) " fcode="phi"/>
<opset="j_1/5 "/>
</bind>
</comp>

<comp id="210" class="1005" name="buf_1_1_2_reg_210">
<pin_list>
<pin id="211" dir="0" index="0" bw="8" slack="1"/>
<pin id="212" dir="1" index="1" bw="8" slack="1"/>
</pin_list>
<bind>
<opset="buf_1_1_2 (phireg) "/>
</bind>
</comp>

<comp id="214" class="1004" name="buf_1_1_2_phi_fu_214">
<pin_list>
<pin id="215" dir="0" index="0" bw="8" slack="1"/>
<pin id="216" dir="0" index="1" bw="0" slack="2147483647"/>
<pin id="217" dir="0" index="2" bw="8" slack="1"/>
<pin id="218" dir="0" index="3" bw="0" slack="2147483647"/>
<pin id="219" dir="1" index="4" bw="8" slack="1"/>
</pin_list>
<bind>
<opcode="phi(47) " fcode="phi"/>
<opset="buf_1_1_2/6 "/>
</bind>
</comp>

<comp id="222" class="1005" name="buf_1_0_2_reg_222">
<pin_list>
<pin id="223" dir="0" index="0" bw="8" slack="1"/>
<pin id="224" dir="1" index="1" bw="8" slack="1"/>
</pin_list>
<bind>
<opset="buf_1_0_2 (phireg) "/>
</bind>
</comp>

<comp id="226" class="1004" name="buf_1_0_2_phi_fu_226">
<pin_list>
<pin id="227" dir="0" index="0" bw="8" slack="1"/>
<pin id="228" dir="0" index="1" bw="0" slack="2147483647"/>
<pin id="229" dir="0" index="2" bw="8" slack="1"/>
<pin id="230" dir="0" index="3" bw="0" slack="2147483647"/>
<pin id="231" dir="1" index="4" bw="8" slack="1"/>
</pin_list>
<bind>
<opcode="phi(47) " fcode="phi"/>
<opset="buf_1_0_2/6 "/>
</bind>
</comp>

<comp id="234" class="1005" name="buf_0_1_2_reg_234">
<pin_list>
<pin id="235" dir="0" index="0" bw="8" slack="1"/>
<pin id="236" dir="1" index="1" bw="8" slack="1"/>
</pin_list>
<bind>
<opset="buf_0_1_2 (phireg) "/>
</bind>
</comp>

<comp id="238" class="1004" name="buf_0_1_2_phi_fu_238">
<pin_list>
<pin id="239" dir="0" index="0" bw="8" slack="1"/>
<pin id="240" dir="0" index="1" bw="0" slack="2147483647"/>
<pin id="241" dir="0" index="2" bw="8" slack="1"/>
<pin id="242" dir="0" index="3" bw="0" slack="2147483647"/>
<pin id="243" dir="1" index="4" bw="8" slack="1"/>
</pin_list>
<bind>
<opcode="phi(47) " fcode="phi"/>
<opset="buf_0_1_2/6 "/>
</bind>
</comp>

<comp id="246" class="1005" name="buf_0_0_2_reg_246">
<pin_list>
<pin id="247" dir="0" index="0" bw="8" slack="1"/>
<pin id="248" dir="1" index="1" bw="8" slack="1"/>
</pin_list>
<bind>
<opset="buf_0_0_2 (phireg) "/>
</bind>
</comp>

<comp id="250" class="1004" name="buf_0_0_2_phi_fu_250">
<pin_list>
<pin id="251" dir="0" index="0" bw="8" slack="1"/>
<pin id="252" dir="0" index="1" bw="0" slack="2147483647"/>
<pin id="253" dir="0" index="2" bw="8" slack="1"/>
<pin id="254" dir="0" index="3" bw="0" slack="2147483647"/>
<pin id="255" dir="1" index="4" bw="8" slack="1"/>
</pin_list>
<bind>
<opcode="phi(47) " fcode="phi"/>
<opset="buf_0_0_2/6 "/>
</bind>
</comp>

<comp id="258" class="1005" name="k_reg_258">
<pin_list>
<pin id="259" dir="0" index="0" bw="2" slack="1"/>
<pin id="260" dir="1" index="1" bw="2" slack="1"/>
</pin_list>
<bind>
<opset="k (phireg) "/>
</bind>
</comp>

<comp id="262" class="1004" name="k_phi_fu_262">
<pin_list>
<pin id="263" dir="0" index="0" bw="1" slack="1"/>
<pin id="264" dir="0" index="1" bw="0" slack="2147483647"/>
<pin id="265" dir="0" index="2" bw="2" slack="0"/>
<pin id="266" dir="0" index="3" bw="0" slack="2147483647"/>
<pin id="267" dir="1" index="4" bw="2" slack="0"/>
</pin_list>
<bind>
<opcode="phi(47) " fcode="phi"/>
<opset="k/6 "/>
</bind>
</comp>

<comp id="269" class="1005" name="buf_1_1_2_be_reg_269">
<pin_list>
<pin id="270" dir="0" index="0" bw="8" slack="1"/>
<pin id="271" dir="1" index="1" bw="8" slack="1"/>
</pin_list>
<bind>
<opset="buf_1_1_2_be (phireg) "/>
</bind>
</comp>

<comp id="273" class="1004" name="buf_1_1_2_be_phi_fu_273">
<pin_list>
<pin id="274" dir="0" index="0" bw="8" slack="1"/>
<pin id="275" dir="0" index="1" bw="0" slack="2147483647"/>
<pin id="276" dir="0" index="2" bw="8" slack="2"/>
<pin id="277" dir="0" index="3" bw="0" slack="2147483647"/>
<pin id="278" dir="1" index="4" bw="8" slack="1"/>
</pin_list>
<bind>
<opcode="phi(47) " fcode="phi"/>
<opset="buf_1_1_2_be/8 "/>
</bind>
</comp>

<comp id="281" class="1005" name="buf_1_0_2_be_reg_281">
<pin_list>
<pin id="282" dir="0" index="0" bw="8" slack="1"/>
<pin id="283" dir="1" index="1" bw="8" slack="1"/>
</pin_list>
<bind>
<opset="buf_1_0_2_be (phireg) "/>
</bind>
</comp>

<comp id="285" class="1004" name="buf_1_0_2_be_phi_fu_285">
<pin_list>
<pin id="286" dir="0" index="0" bw="8" slack="1"/>
<pin id="287" dir="0" index="1" bw="0" slack="2147483647"/>
<pin id="288" dir="0" index="2" bw="8" slack="2"/>
<pin id="289" dir="0" index="3" bw="0" slack="2147483647"/>
<pin id="290" dir="1" index="4" bw="8" slack="1"/>
</pin_list>
<bind>
<opcode="phi(47) " fcode="phi"/>
<opset="buf_1_0_2_be/8 "/>
</bind>
</comp>

<comp id="293" class="1005" name="buf_0_1_2_be_reg_293">
<pin_list>
<pin id="294" dir="0" index="0" bw="8" slack="1"/>
<pin id="295" dir="1" index="1" bw="8" slack="1"/>
</pin_list>
<bind>
<opset="buf_0_1_2_be (phireg) "/>
</bind>
</comp>

<comp id="297" class="1004" name="buf_0_1_2_be_phi_fu_297">
<pin_list>
<pin id="298" dir="0" index="0" bw="8" slack="2"/>
<pin id="299" dir="0" index="1" bw="0" slack="2147483647"/>
<pin id="300" dir="0" index="2" bw="8" slack="1"/>
<pin id="301" dir="0" index="3" bw="0" slack="2147483647"/>
<pin id="302" dir="1" index="4" bw="8" slack="1"/>
</pin_list>
<bind>
<opcode="phi(47) " fcode="phi"/>
<opset="buf_0_1_2_be/8 "/>
</bind>
</comp>

<comp id="305" class="1005" name="buf_0_0_2_be_reg_305">
<pin_list>
<pin id="306" dir="0" index="0" bw="8" slack="1"/>
<pin id="307" dir="1" index="1" bw="8" slack="1"/>
</pin_list>
<bind>
<opset="buf_0_0_2_be (phireg) "/>
</bind>
</comp>

<comp id="309" class="1004" name="buf_0_0_2_be_phi_fu_309">
<pin_list>
<pin id="310" dir="0" index="0" bw="8" slack="2"/>
<pin id="311" dir="0" index="1" bw="0" slack="2147483647"/>
<pin id="312" dir="0" index="2" bw="8" slack="1"/>
<pin id="313" dir="0" index="3" bw="0" slack="2147483647"/>
<pin id="314" dir="1" index="4" bw="8" slack="1"/>
</pin_list>
<bind>
<opcode="phi(47) " fcode="phi"/>
<opset="buf_0_0_2_be/8 "/>
</bind>
</comp>

<comp id="317" class="1005" name="j_3_reg_317">
<pin_list>
<pin id="318" dir="0" index="0" bw="2" slack="1"/>
<pin id="319" dir="1" index="1" bw="2" slack="1"/>
</pin_list>
<bind>
<opset="j_3 (phireg) "/>
</bind>
</comp>

<comp id="321" class="1004" name="j_3_phi_fu_321">
<pin_list>
<pin id="322" dir="0" index="0" bw="2" slack="0"/>
<pin id="323" dir="0" index="1" bw="0" slack="2147483647"/>
<pin id="324" dir="0" index="2" bw="1" slack="1"/>
<pin id="325" dir="0" index="3" bw="0" slack="2147483647"/>
<pin id="326" dir="1" index="4" bw="2" slack="0"/>
</pin_list>
<bind>
<opcode="phi(47) " fcode="phi"/>
<opset="j_3/10 "/>
</bind>
</comp>

<comp id="328" class="1005" name="k_1_reg_328">
<pin_list>
<pin id="329" dir="0" index="0" bw="2" slack="1"/>
<pin id="330" dir="1" index="1" bw="2" slack="1"/>
</pin_list>
<bind>
<opset="k_1 (phireg) "/>
</bind>
</comp>

<comp id="332" class="1004" name="k_1_phi_fu_332">
<pin_list>
<pin id="333" dir="0" index="0" bw="1" slack="1"/>
<pin id="334" dir="0" index="1" bw="0" slack="2147483647"/>
<pin id="335" dir="0" index="2" bw="2" slack="0"/>
<pin id="336" dir="0" index="3" bw="0" slack="2147483647"/>
<pin id="337" dir="1" index="4" bw="2" slack="0"/>
</pin_list>
<bind>
<opcode="phi(47) " fcode="phi"/>
<opset="k_1/11 "/>
</bind>
</comp>

<comp id="339" class="1004" name="grp_aes256_encrypt_ecb_fu_339">
<pin_list>
<pin id="340" dir="0" index="0" bw="16" slack="0"/>
<pin id="341" dir="0" index="1" bw="8" slack="0"/>
<pin id="342" dir="0" index="2" bw="8" slack="0"/>
<pin id="343" dir="0" index="3" bw="8" slack="0"/>
<pin id="344" dir="0" index="4" bw="8" slack="0"/>
<pin id="345" dir="1" index="5" bw="16" slack="0"/>
</pin_list>
<bind>
<opcode="call(48) " fcode="call"/>
<opset="call_ret4/5 "/>
</bind>
</comp>

<comp id="351" class="1004" name="grp_aes256_encrypt_ecb_fu_351">
<pin_list>
<pin id="352" dir="0" index="0" bw="16" slack="0"/>
<pin id="353" dir="0" index="1" bw="8" slack="0"/>
<pin id="354" dir="0" index="2" bw="8" slack="0"/>
<pin id="355" dir="0" index="3" bw="8" slack="0"/>
<pin id="356" dir="0" index="4" bw="8" slack="0"/>
<pin id="357" dir="1" index="5" bw="16" slack="0"/>
</pin_list>
<bind>
<opcode="call(48) " fcode="call"/>
<opset="call_ret/5 "/>
</bind>
</comp>

<comp id="363" class="1004" name="exitcond2_fu_363">
<pin_list>
<pin id="364" dir="0" index="0" bw="6" slack="0"/>
<pin id="365" dir="0" index="1" bw="6" slack="0"/>
<pin id="366" dir="1" index="2" bw="1" slack="2147483647"/>
</pin_list>
<bind>
<opcode="icmp(45) " fcode="icmp"/>
<opset="exitcond2/2 "/>
</bind>
</comp>

<comp id="369" class="1004" name="j_2_fu_369">
<pin_list>
<pin id="370" dir="0" index="0" bw="6" slack="0"/>
<pin id="371" dir="0" index="1" bw="1" slack="0"/>
<pin id="372" dir="1" index="2" bw="6" slack="0"/>
</pin_list>
<bind>
<opcode="add(8) " fcode="add"/>
<opset="j_2/2 "/>
</bind>
</comp>

<comp id="375" class="1004" name="exitcond3_fu_375">
<pin_list>
<pin id="376" dir="0" index="0" bw="2" slack="0"/>
<pin id="377" dir="0" index="1" bw="2" slack="0"/>
<pin id="378" dir="1" index="2" bw="1" slack="2147483647"/>
</pin_list>
<bind>
<opcode="icmp(45) " fcode="icmp"/>
<opset="exitcond3/5 "/>
</bind>
</comp>

<comp id="381" class="1004" name="j_4_fu_381">
<pin_list>
<pin id="382" dir="0" index="0" bw="2" slack="0"/>
<pin id="383" dir="0" index="1" bw="1" slack="0"/>
<pin id="384" dir="1" index="2" bw="2" slack="0"/>
</pin_list>
<bind>
<opcode="add(8) " fcode="add"/>
<opset="j_4/5 "/>
</bind>
</comp>

<comp id="387" class="1004" name="tmp_1_fu_387">
<pin_list>
<pin id="388" dir="0" index="0" bw="2" slack="0"/>
<pin id="389" dir="1" index="1" bw="1" slack="2"/>
</pin_list>
<bind>
<opcode="trunc(33) " fcode="trunc"/>
<opset="tmp_1/5 "/>
</bind>
</comp>

<comp id="391" class="1004" name="tmp_4_fu_391">
<pin_list>
<pin id="392" dir="0" index="0" bw="2" slack="0"/>
<pin id="393" dir="0" index="1" bw="1" slack="0"/>
<pin id="394" dir="1" index="2" bw="2" slack="1"/>
</pin_list>
<bind>
<opcode="shl(20) " fcode="shl"/>
<opset="tmp_4/5 "/>
</bind>
</comp>

<comp id="397" class="1004" name="exitcond5_fu_397">
<pin_list>
<pin id="398" dir="0" index="0" bw="2" slack="0"/>
<pin id="399" dir="0" index="1" bw="2" slack="0"/>
<pin id="400" dir="1" index="2" bw="1" slack="2147483647"/>
</pin_list>
<bind>
<opcode="icmp(45) " fcode="icmp"/>
<opset="exitcond5/6 "/>
</bind>
</comp>

<comp id="403" class="1004" name="k_2_fu_403">
<pin_list>
<pin id="404" dir="0" index="0" bw="2" slack="0"/>
<pin id="405" dir="0" index="1" bw="1" slack="0"/>
<pin id="406" dir="1" index="2" bw="2" slack="0"/>
</pin_list>
<bind>
<opcode="add(8) " fcode="add"/>
<opset="k_2/6 "/>
</bind>
</comp>

<comp id="409" class="1004" name="tmp7_fu_409">
<pin_list>
<pin id="410" dir="0" index="0" bw="2" slack="0"/>
<pin id="411" dir="0" index="1" bw="2" slack="1"/>
<pin id="412" dir="1" index="2" bw="2" slack="0"/>
</pin_list>
<bind>
<opcode="add(8) " fcode="add"/>
<opset="tmp7/6 "/>
</bind>
</comp>

<comp id="414" class="1004" name="sum_cast_fu_414">
<pin_list>
<pin id="415" dir="0" index="0" bw="2" slack="0"/>
<pin id="416" dir="1" index="1" bw="64" slack="0"/>
</pin_list>
<bind>
<opcode="zext(34) " fcode="zext"/>
<opset="sum_cast/6 "/>
</bind>
</comp>

<comp id="419" class="1004" name="tmp_7_fu_419">
<pin_list>
<pin id="420" dir="0" index="0" bw="2" slack="0"/>
<pin id="421" dir="1" index="1" bw="1" slack="1"/>
</pin_list>
<bind>
<opcode="trunc(33) " fcode="trunc"/>
<opset="tmp_7/6 "/>
</bind>
</comp>

<comp id="423" class="1004" name="buf_1_1_7_fu_423">
<pin_list>
<pin id="424" dir="0" index="0" bw="1" slack="1"/>
<pin id="425" dir="0" index="1" bw="8" slack="0"/>
<pin id="426" dir="0" index="2" bw="8" slack="1"/>
<pin id="427" dir="1" index="3" bw="8" slack="1"/>
</pin_list>
<bind>
<opcode="select(49) " fcode="select"/>
<opset="buf_1_1_7/7 "/>
</bind>
</comp>

<comp id="430" class="1004" name="buf_1_1_8_fu_430">
<pin_list>
<pin id="431" dir="0" index="0" bw="1" slack="1"/>
<pin id="432" dir="0" index="1" bw="8" slack="1"/>
<pin id="433" dir="0" index="2" bw="8" slack="0"/>
<pin id="434" dir="1" index="3" bw="8" slack="1"/>
</pin_list>
<bind>
<opcode="select(49) " fcode="select"/>
<opset="buf_1_1_8/7 "/>
</bind>
</comp>

<comp id="437" class="1004" name="buf_1_1_4_fu_437">
<pin_list>
<pin id="438" dir="0" index="0" bw="1" slack="1"/>
<pin id="439" dir="0" index="1" bw="8" slack="0"/>
<pin id="440" dir="0" index="2" bw="8" slack="1"/>
<pin id="441" dir="1" index="3" bw="8" slack="1"/>
</pin_list>
<bind>
<opcode="select(49) " fcode="select"/>
<opset="buf_1_1_4/7 "/>
</bind>
</comp>

<comp id="444" class="1004" name="buf_1_1_6_fu_444">
<pin_list>
<pin id="445" dir="0" index="0" bw="1" slack="1"/>
<pin id="446" dir="0" index="1" bw="8" slack="1"/>
<pin id="447" dir="0" index="2" bw="8" slack="0"/>
<pin id="448" dir="1" index="3" bw="8" slack="1"/>
</pin_list>
<bind>
<opcode="select(49) " fcode="select"/>
<opset="buf_1_1_6/7 "/>
</bind>
</comp>

<comp id="451" class="1004" name="buf_0_0_3_fu_451">
<pin_list>
<pin id="452" dir="0" index="0" bw="16" slack="0"/>
<pin id="453" dir="1" index="1" bw="8" slack="1"/>
</pin_list>
<bind>
<opcode="extractvalue(56) " fcode="extractvalue"/>
<opset="buf_0_0_3/9 "/>
</bind>
</comp>

<comp id="455" class="1004" name="buf_0_1_3_fu_455">
<pin_list>
<pin id="456" dir="0" index="0" bw="16" slack="0"/>
<pin id="457" dir="1" index="1" bw="8" slack="1"/>
</pin_list>
<bind>
<opcode="extractvalue(56) " fcode="extractvalue"/>
<opset="buf_0_1_3/9 "/>
</bind>
</comp>

<comp id="459" class="1004" name="buf_1_0_3_fu_459">
<pin_list>
<pin id="460" dir="0" index="0" bw="16" slack="0"/>
<pin id="461" dir="1" index="1" bw="8" slack="1"/>
</pin_list>
<bind>
<opcode="extractvalue(56) " fcode="extractvalue"/>
<opset="buf_1_0_3/9 "/>
</bind>
</comp>

<comp id="463" class="1004" name="buf_1_1_3_fu_463">
<pin_list>
<pin id="464" dir="0" index="0" bw="16" slack="0"/>
<pin id="465" dir="1" index="1" bw="8" slack="1"/>
</pin_list>
<bind>
<opcode="extractvalue(56) " fcode="extractvalue"/>
<opset="buf_1_1_3/9 "/>
</bind>
</comp>

<comp id="467" class="1004" name="exitcond6_fu_467">
<pin_list>
<pin id="468" dir="0" index="0" bw="2" slack="0"/>
<pin id="469" dir="0" index="1" bw="2" slack="0"/>
<pin id="470" dir="1" index="2" bw="1" slack="2147483647"/>
</pin_list>
<bind>
<opcode="icmp(45) " fcode="icmp"/>
<opset="exitcond6/10 "/>
</bind>
</comp>

<comp id="473" class="1004" name="j_5_fu_473">
<pin_list>
<pin id="474" dir="0" index="0" bw="2" slack="0"/>
<pin id="475" dir="0" index="1" bw="1" slack="0"/>
<pin id="476" dir="1" index="2" bw="2" slack="0"/>
</pin_list>
<bind>
<opcode="add(8) " fcode="add"/>
<opset="j_5/10 "/>
</bind>
</comp>

<comp id="479" class="1004" name="tmp_5_fu_479">
<pin_list>
<pin id="480" dir="0" index="0" bw="2" slack="0"/>
<pin id="481" dir="1" index="1" bw="1" slack="1"/>
</pin_list>
<bind>
<opcode="trunc(33) " fcode="trunc"/>
<opset="tmp_5/10 "/>
</bind>
</comp>

<comp id="483" class="1004" name="tmp_6_fu_483">
<pin_list>
<pin id="484" dir="0" index="0" bw="2" slack="0"/>
<pin id="485" dir="0" index="1" bw="1" slack="0"/>
<pin id="486" dir="1" index="2" bw="2" slack="1"/>
</pin_list>
<bind>
<opcode="shl(20) " fcode="shl"/>
<opset="tmp_6/10 "/>
</bind>
</comp>

<comp id="489" class="1004" name="exitcond_fu_489">
<pin_list>
<pin id="490" dir="0" index="0" bw="2" slack="0"/>
<pin id="491" dir="0" index="1" bw="2" slack="0"/>
<pin id="492" dir="1" index="2" bw="1" slack="2147483647"/>
</pin_list>
<bind>
<opcode="icmp(45) " fcode="icmp"/>
<opset="exitcond/11 "/>
</bind>
</comp>

<comp id="495" class="1004" name="k_3_fu_495">
<pin_list>
<pin id="496" dir="0" index="0" bw="2" slack="0"/>
<pin id="497" dir="0" index="1" bw="1" slack="0"/>
<pin id="498" dir="1" index="2" bw="2" slack="0"/>
</pin_list>
<bind>
<opcode="add(8) " fcode="add"/>
<opset="k_3/11 "/>
</bind>
</comp>

<comp id="501" class="1004" name="tmp_9_fu_501">
<pin_list>
<pin id="502" dir="0" index="0" bw="2" slack="0"/>
<pin id="503" dir="1" index="1" bw="1" slack="0"/>
</pin_list>
<bind>
<opcode="trunc(33) " fcode="trunc"/>
<opset="tmp_9/11 "/>
</bind>
</comp>

<comp id="505" class="1004" name="buf_1_load_phi_fu_505">
<pin_list>
<pin id="506" dir="0" index="0" bw="1" slack="0"/>
<pin id="507" dir="0" index="1" bw="8" slack="2"/>
<pin id="508" dir="0" index="2" bw="8" slack="2"/>
<pin id="509" dir="1" index="3" bw="8" slack="0"/>
</pin_list>
<bind>
<opcode="select(49) " fcode="select"/>
<opset="buf_1_load_phi/11 "/>
</bind>
</comp>

<comp id="511" class="1004" name="buf_0_load_phi_fu_511">
<pin_list>
<pin id="512" dir="0" index="0" bw="1" slack="0"/>
<pin id="513" dir="0" index="1" bw="8" slack="2"/>
<pin id="514" dir="0" index="2" bw="8" slack="2"/>
<pin id="515" dir="1" index="3" bw="8" slack="0"/>
</pin_list>
<bind>
<opcode="select(49) " fcode="select"/>
<opset="buf_0_load_phi/11 "/>
</bind>
</comp>

<comp id="517" class="1004" name="buf_load_phi_fu_517">
<pin_list>
<pin id="518" dir="0" index="0" bw="1" slack="1"/>
<pin id="519" dir="0" index="1" bw="8" slack="0"/>
<pin id="520" dir="0" index="2" bw="8" slack="0"/>
<pin id="521" dir="1" index="3" bw="8" slack="0"/>
</pin_list>
<bind>
<opcode="select(49) " fcode="select"/>
<opset="buf_load_phi/11 "/>
</bind>
</comp>

<comp id="525" class="1004" name="tmp8_fu_525">
<pin_list>
<pin id="526" dir="0" index="0" bw="2" slack="0"/>
<pin id="527" dir="0" index="1" bw="2" slack="1"/>
<pin id="528" dir="1" index="2" bw="2" slack="0"/>
</pin_list>
<bind>
<opcode="add(8) " fcode="add"/>
<opset="tmp8/11 "/>
</bind>
</comp>

<comp id="530" class="1004" name="sum2_cast_fu_530">
<pin_list>
<pin id="531" dir="0" index="0" bw="2" slack="0"/>
<pin id="532" dir="1" index="1" bw="64" slack="0"/>
</pin_list>
<bind>
<opcode="zext(34) " fcode="zext"/>
<opset="sum2_cast/11 "/>
</bind>
</comp>

<comp id="538" class="1005" name="j_2_reg_538">
<pin_list>
<pin id="539" dir="0" index="0" bw="6" slack="0"/>
<pin id="540" dir="1" index="1" bw="6" slack="0"/>
</pin_list>
<bind>
<opset="j_2 "/>
</bind>
</comp>

<comp id="546" class="1005" name="j_4_reg_546">
<pin_list>
<pin id="547" dir="0" index="0" bw="2" slack="0"/>
<pin id="548" dir="1" index="1" bw="2" slack="0"/>
</pin_list>
<bind>
<opset="j_4 "/>
</bind>
</comp>

<comp id="551" class="1005" name="tmp_1_reg_551">
<pin_list>
<pin id="552" dir="0" index="0" bw="1" slack="2"/>
<pin id="553" dir="1" index="1" bw="1" slack="2147483647"/>
</pin_list>
<bind>
<opset="tmp_1 "/>
</bind>
</comp>

<comp id="555" class="1005" name="tmp_4_reg_555">
<pin_list>
<pin id="556" dir="0" index="0" bw="2" slack="1"/>
<pin id="557" dir="1" index="1" bw="2" slack="1"/>
</pin_list>
<bind>
<opset="tmp_4 "/>
</bind>
</comp>

<comp id="563" class="1005" name="k_2_reg_563">
<pin_list>
<pin id="564" dir="0" index="0" bw="2" slack="0"/>
<pin id="565" dir="1" index="1" bw="2" slack="0"/>
</pin_list>
<bind>
<opset="k_2 "/>
</bind>
</comp>

<comp id="568" class="1005" name="data_addr_reg_568">
<pin_list>
<pin id="569" dir="0" index="0" bw="4" slack="1"/>
<pin id="570" dir="1" index="1" bw="4" slack="1"/>
</pin_list>
<bind>
<opset="data_addr "/>
</bind>
</comp>

<comp id="573" class="1005" name="tmp_7_reg_573">
<pin_list>
<pin id="574" dir="0" index="0" bw="1" slack="1"/>
<pin id="575" dir="1" index="1" bw="1" slack="1"/>
</pin_list>
<bind>
<opset="tmp_7 "/>
</bind>
</comp>

<comp id="581" class="1005" name="buf_1_1_7_reg_581">
<pin_list>
<pin id="582" dir="0" index="0" bw="8" slack="1"/>
<pin id="583" dir="1" index="1" bw="8" slack="1"/>
</pin_list>
<bind>
<opset="buf_1_1_7 "/>
</bind>
</comp>

<comp id="586" class="1005" name="buf_1_1_8_reg_586">
<pin_list>
<pin id="587" dir="0" index="0" bw="8" slack="1"/>
<pin id="588" dir="1" index="1" bw="8" slack="1"/>
</pin_list>
<bind>
<opset="buf_1_1_8 "/>
</bind>
</comp>

<comp id="591" class="1005" name="buf_1_1_4_reg_591">
<pin_list>
<pin id="592" dir="0" index="0" bw="8" slack="1"/>
<pin id="593" dir="1" index="1" bw="8" slack="1"/>
</pin_list>
<bind>
<opset="buf_1_1_4 "/>
</bind>
</comp>

<comp id="596" class="1005" name="buf_1_1_6_reg_596">
<pin_list>
<pin id="597" dir="0" index="0" bw="8" slack="1"/>
<pin id="598" dir="1" index="1" bw="8" slack="1"/>
</pin_list>
<bind>
<opset="buf_1_1_6 "/>
</bind>
</comp>

<comp id="601" class="1005" name="buf_0_0_3_reg_601">
<pin_list>
<pin id="602" dir="0" index="0" bw="8" slack="1"/>
<pin id="603" dir="1" index="1" bw="8" slack="1"/>
</pin_list>
<bind>
<opset="buf_0_0_3 "/>
</bind>
</comp>

<comp id="607" class="1005" name="buf_0_1_3_reg_607">
<pin_list>
<pin id="608" dir="0" index="0" bw="8" slack="1"/>
<pin id="609" dir="1" index="1" bw="8" slack="1"/>
</pin_list>
<bind>
<opset="buf_0_1_3 "/>
</bind>
</comp>

<comp id="613" class="1005" name="buf_1_0_3_reg_613">
<pin_list>
<pin id="614" dir="0" index="0" bw="8" slack="1"/>
<pin id="615" dir="1" index="1" bw="8" slack="1"/>
</pin_list>
<bind>
<opset="buf_1_0_3 "/>
</bind>
</comp>

<comp id="619" class="1005" name="buf_1_1_3_reg_619">
<pin_list>
<pin id="620" dir="0" index="0" bw="8" slack="1"/>
<pin id="621" dir="1" index="1" bw="8" slack="1"/>
</pin_list>
<bind>
<opset="buf_1_1_3 "/>
</bind>
</comp>

<comp id="628" class="1005" name="j_5_reg_628">
<pin_list>
<pin id="629" dir="0" index="0" bw="2" slack="0"/>
<pin id="630" dir="1" index="1" bw="2" slack="0"/>
</pin_list>
<bind>
<opset="j_5 "/>
</bind>
</comp>

<comp id="633" class="1005" name="tmp_5_reg_633">
<pin_list>
<pin id="634" dir="0" index="0" bw="1" slack="1"/>
<pin id="635" dir="1" index="1" bw="1" slack="1"/>
</pin_list>
<bind>
<opset="tmp_5 "/>
</bind>
</comp>

<comp id="638" class="1005" name="tmp_6_reg_638">
<pin_list>
<pin id="639" dir="0" index="0" bw="2" slack="1"/>
<pin id="640" dir="1" index="1" bw="2" slack="1"/>
</pin_list>
<bind>
<opset="tmp_6 "/>
</bind>
</comp>

<comp id="646" class="1005" name="k_3_reg_646">
<pin_list>
<pin id="647" dir="0" index="0" bw="2" slack="0"/>
<pin id="648" dir="1" index="1" bw="2" slack="0"/>
</pin_list>
<bind>
<opset="k_3 "/>
</bind>
</comp>

</comp_list>

<net_list>
<net id="67"><net_src comp="0" pin="0"/><net_sink comp="62" pin=0"/></net>

<net id="68"><net_src comp="58" pin="0"/><net_sink comp="62" pin=1"/></net>

<net id="74"><net_src comp="62" pin="3"/><net_sink comp="69" pin=0"/></net>

<net id="80"><net_src comp="0" pin="0"/><net_sink comp="75" pin=0"/></net>

<net id="81"><net_src comp="58" pin="0"/><net_sink comp="75" pin=1"/></net>

<net id="82"><net_src comp="75" pin="3"/><net_sink comp="69" pin=0"/></net>

<net id="86"><net_src comp="8" pin="0"/><net_sink comp="83" pin=0"/></net>

<net id="93"><net_src comp="83" pin="1"/><net_sink comp="87" pin=2"/></net>

<net id="97"><net_src comp="34" pin="0"/><net_sink comp="94" pin=0"/></net>

<net id="104"><net_src comp="94" pin="1"/><net_sink comp="98" pin=2"/></net>

<net id="105"><net_src comp="98" pin="4"/><net_sink comp="94" pin=0"/></net>

<net id="109"><net_src comp="34" pin="0"/><net_sink comp="106" pin=0"/></net>

<net id="116"><net_src comp="106" pin="1"/><net_sink comp="110" pin=2"/></net>

<net id="117"><net_src comp="110" pin="4"/><net_sink comp="106" pin=0"/></net>

<net id="121"><net_src comp="34" pin="0"/><net_sink comp="118" pin=0"/></net>

<net id="128"><net_src comp="118" pin="1"/><net_sink comp="122" pin=2"/></net>

<net id="129"><net_src comp="122" pin="4"/><net_sink comp="118" pin=0"/></net>

<net id="133"><net_src comp="34" pin="0"/><net_sink comp="130" pin=0"/></net>

<net id="140"><net_src comp="130" pin="1"/><net_sink comp="134" pin=2"/></net>

<net id="141"><net_src comp="134" pin="4"/><net_sink comp="130" pin=0"/></net>

<net id="145"><net_src comp="36" pin="0"/><net_sink comp="142" pin=0"/></net>

<net id="146"><net_src comp="38" pin="0"/><net_sink comp="142" pin=0"/></net>

<net id="153"><net_src comp="142" pin="1"/><net_sink comp="147" pin=0"/></net>

<net id="154"><net_src comp="142" pin="1"/><net_sink comp="147" pin=2"/></net>

<net id="164"><net_src comp="94" pin="1"/><net_sink comp="158" pin=0"/></net>

<net id="165"><net_src comp="158" pin="4"/><net_sink comp="155" pin=0"/></net>

<net id="175"><net_src comp="106" pin="1"/><net_sink comp="169" pin=0"/></net>

<net id="176"><net_src comp="169" pin="4"/><net_sink comp="166" pin=0"/></net>

<net id="186"><net_src comp="118" pin="1"/><net_sink comp="180" pin=0"/></net>

<net id="187"><net_src comp="180" pin="4"/><net_sink comp="177" pin=0"/></net>

<net id="197"><net_src comp="130" pin="1"/><net_sink comp="191" pin=0"/></net>

<net id="198"><net_src comp="191" pin="4"/><net_sink comp="188" pin=0"/></net>

<net id="202"><net_src comp="46" pin="0"/><net_sink comp="199" pin=0"/></net>

<net id="209"><net_src comp="199" pin="1"/><net_sink comp="203" pin=0"/></net>

<net id="213"><net_src comp="210" pin="1"/><net_sink comp="158" pin=2"/></net>

<net id="220"><net_src comp="155" pin="1"/><net_sink comp="214" pin=0"/></net>

<net id="221"><net_src comp="214" pin="4"/><net_sink comp="210" pin=0"/></net>

<net id="225"><net_src comp="222" pin="1"/><net_sink comp="169" pin=2"/></net>

<net id="232"><net_src comp="166" pin="1"/><net_sink comp="226" pin=0"/></net>

<net id="233"><net_src comp="226" pin="4"/><net_sink comp="222" pin=0"/></net>

<net id="237"><net_src comp="234" pin="1"/><net_sink comp="180" pin=2"/></net>

<net id="244"><net_src comp="177" pin="1"/><net_sink comp="238" pin=0"/></net>

<net id="245"><net_src comp="238" pin="4"/><net_sink comp="234" pin=0"/></net>

<net id="249"><net_src comp="246" pin="1"/><net_sink comp="191" pin=2"/></net>

<net id="256"><net_src comp="188" pin="1"/><net_sink comp="250" pin=0"/></net>

<net id="257"><net_src comp="250" pin="4"/><net_sink comp="246" pin=0"/></net>

<net id="261"><net_src comp="46" pin="0"/><net_sink comp="258" pin=0"/></net>

<net id="268"><net_src comp="258" pin="1"/><net_sink comp="262" pin=0"/></net>

<net id="272"><net_src comp="269" pin="1"/><net_sink comp="214" pin=2"/></net>

<net id="279"><net_src comp="210" pin="1"/><net_sink comp="273" pin=2"/></net>

<net id="280"><net_src comp="273" pin="4"/><net_sink comp="269" pin=0"/></net>

<net id="284"><net_src comp="281" pin="1"/><net_sink comp="226" pin=2"/></net>

<net id="291"><net_src comp="222" pin="1"/><net_sink comp="285" pin=2"/></net>

<net id="292"><net_src comp="285" pin="4"/><net_sink comp="281" pin=0"/></net>

<net id="296"><net_src comp="293" pin="1"/><net_sink comp="238" pin=2"/></net>

<net id="303"><net_src comp="234" pin="1"/><net_sink comp="297" pin=0"/></net>

<net id="304"><net_src comp="297" pin="4"/><net_sink comp="293" pin=0"/></net>

<net id="308"><net_src comp="305" pin="1"/><net_sink comp="250" pin=2"/></net>

<net id="315"><net_src comp="246" pin="1"/><net_sink comp="309" pin=0"/></net>

<net id="316"><net_src comp="309" pin="4"/><net_sink comp="305" pin=0"/></net>

<net id="320"><net_src comp="46" pin="0"/><net_sink comp="317" pin=0"/></net>

<net id="327"><net_src comp="317" pin="1"/><net_sink comp="321" pin=2"/></net>

<net id="331"><net_src comp="46" pin="0"/><net_sink comp="328" pin=0"/></net>

<net id="338"><net_src comp="328" pin="1"/><net_sink comp="332" pin=0"/></net>

<net id="346"><net_src comp="56" pin="0"/><net_sink comp="339" pin=0"/></net>

<net id="347"><net_src comp="4" pin="0"/><net_sink comp="339" pin=1"/></net>

<net id="348"><net_src comp="191" pin="4"/><net_sink comp="339" pin=2"/></net>

<net id="349"><net_src comp="180" pin="4"/><net_sink comp="339" pin=3"/></net>

<net id="350"><net_src comp="2" pin="0"/><net_sink comp="339" pin=4"/></net>

<net id="358"><net_src comp="56" pin="0"/><net_sink comp="351" pin=0"/></net>

<net id="359"><net_src comp="6" pin="0"/><net_sink comp="351" pin=1"/></net>

<net id="360"><net_src comp="169" pin="4"/><net_sink comp="351" pin=2"/></net>

<net id="361"><net_src comp="158" pin="4"/><net_sink comp="351" pin=3"/></net>

<net id="362"><net_src comp="2" pin="0"/><net_sink comp="351" pin=4"/></net>

<net id="367"><net_src comp="87" pin="4"/><net_sink comp="363" pin=0"/></net>

<net id="368"><net_src comp="10" pin="0"/><net_sink comp="363" pin=1"/></net>

<net id="373"><net_src comp="87" pin="4"/><net_sink comp="369" pin=0"/></net>

<net id="374"><net_src comp="16" pin="0"/><net_sink comp="369" pin=1"/></net>

<net id="379"><net_src comp="203" pin="4"/><net_sink comp="375" pin=0"/></net>

<net id="380"><net_src comp="48" pin="0"/><net_sink comp="375" pin=1"/></net>

<net id="385"><net_src comp="203" pin="4"/><net_sink comp="381" pin=0"/></net>

<net id="386"><net_src comp="52" pin="0"/><net_sink comp="381" pin=1"/></net>

<net id="390"><net_src comp="203" pin="4"/><net_sink comp="387" pin=0"/></net>

<net id="395"><net_src comp="203" pin="4"/><net_sink comp="391" pin=0"/></net>

<net id="396"><net_src comp="52" pin="0"/><net_sink comp="391" pin=1"/></net>

<net id="401"><net_src comp="262" pin="4"/><net_sink comp="397" pin=0"/></net>

<net id="402"><net_src comp="48" pin="0"/><net_sink comp="397" pin=1"/></net>

<net id="407"><net_src comp="262" pin="4"/><net_sink comp="403" pin=0"/></net>

<net id="408"><net_src comp="52" pin="0"/><net_sink comp="403" pin=1"/></net>

<net id="413"><net_src comp="262" pin="4"/><net_sink comp="409" pin=0"/></net>

<net id="417"><net_src comp="409" pin="2"/><net_sink comp="414" pin=0"/></net>

<net id="418"><net_src comp="414" pin="1"/><net_sink comp="62" pin=2"/></net>

<net id="422"><net_src comp="262" pin="4"/><net_sink comp="419" pin=0"/></net>

<net id="428"><net_src comp="69" pin="3"/><net_sink comp="423" pin=1"/></net>

<net id="429"><net_src comp="234" pin="1"/><net_sink comp="423" pin=2"/></net>

<net id="435"><net_src comp="246" pin="1"/><net_sink comp="430" pin=1"/></net>

<net id="436"><net_src comp="69" pin="3"/><net_sink comp="430" pin=2"/></net>

<net id="442"><net_src comp="69" pin="3"/><net_sink comp="437" pin=1"/></net>

<net id="443"><net_src comp="210" pin="1"/><net_sink comp="437" pin=2"/></net>

<net id="449"><net_src comp="222" pin="1"/><net_sink comp="444" pin=1"/></net>

<net id="450"><net_src comp="69" pin="3"/><net_sink comp="444" pin=2"/></net>

<net id="454"><net_src comp="339" pin="5"/><net_sink comp="451" pin=0"/></net>

<net id="458"><net_src comp="339" pin="5"/><net_sink comp="455" pin=0"/></net>

<net id="462"><net_src comp="351" pin="5"/><net_sink comp="459" pin=0"/></net>

<net id="466"><net_src comp="351" pin="5"/><net_sink comp="463" pin=0"/></net>

<net id="471"><net_src comp="321" pin="4"/><net_sink comp="467" pin=0"/></net>

<net id="472"><net_src comp="48" pin="0"/><net_sink comp="467" pin=1"/></net>

<net id="477"><net_src comp="321" pin="4"/><net_sink comp="473" pin=0"/></net>

<net id="478"><net_src comp="52" pin="0"/><net_sink comp="473" pin=1"/></net>

<net id="482"><net_src comp="321" pin="4"/><net_sink comp="479" pin=0"/></net>

<net id="487"><net_src comp="321" pin="4"/><net_sink comp="483" pin=0"/></net>

<net id="488"><net_src comp="52" pin="0"/><net_sink comp="483" pin=1"/></net>

<net id="493"><net_src comp="332" pin="4"/><net_sink comp="489" pin=0"/></net>

<net id="494"><net_src comp="48" pin="0"/><net_sink comp="489" pin=1"/></net>

<net id="499"><net_src comp="332" pin="4"/><net_sink comp="495" pin=0"/></net>

<net id="500"><net_src comp="52" pin="0"/><net_sink comp="495" pin=1"/></net>

<net id="504"><net_src comp="332" pin="4"/><net_sink comp="501" pin=0"/></net>

<net id="510"><net_src comp="501" pin="1"/><net_sink comp="505" pin=0"/></net>

<net id="516"><net_src comp="501" pin="1"/><net_sink comp="511" pin=0"/></net>

<net id="522"><net_src comp="505" pin="3"/><net_sink comp="517" pin=1"/></net>

<net id="523"><net_src comp="511" pin="3"/><net_sink comp="517" pin=2"/></net>

<net id="524"><net_src comp="517" pin="3"/><net_sink comp="69" pin=1"/></net>

<net id="529"><net_src comp="332" pin="4"/><net_sink comp="525" pin=0"/></net>

<net id="533"><net_src comp="525" pin="2"/><net_sink comp="530" pin=0"/></net>

<net id="534"><net_src comp="530" pin="1"/><net_sink comp="75" pin=2"/></net>

<net id="541"><net_src comp="369" pin="2"/><net_sink comp="538" pin=0"/></net>

<net id="542"><net_src comp="538" pin="1"/><net_sink comp="87" pin=0"/></net>

<net id="549"><net_src comp="381" pin="2"/><net_sink comp="546" pin=0"/></net>

<net id="550"><net_src comp="546" pin="1"/><net_sink comp="203" pin=2"/></net>

<net id="554"><net_src comp="387" pin="1"/><net_sink comp="551" pin=0"/></net>

<net id="558"><net_src comp="391" pin="2"/><net_sink comp="555" pin=0"/></net>

<net id="559"><net_src comp="555" pin="1"/><net_sink comp="409" pin=1"/></net>

<net id="566"><net_src comp="403" pin="2"/><net_sink comp="563" pin=0"/></net>

<net id="567"><net_src comp="563" pin="1"/><net_sink comp="262" pin=2"/></net>

<net id="571"><net_src comp="62" pin="3"/><net_sink comp="568" pin=0"/></net>

<net id="572"><net_src comp="568" pin="1"/><net_sink comp="69" pin=0"/></net>

<net id="576"><net_src comp="419" pin="1"/><net_sink comp="573" pin=0"/></net>

<net id="577"><net_src comp="573" pin="1"/><net_sink comp="423" pin=0"/></net>

<net id="578"><net_src comp="573" pin="1"/><net_sink comp="430" pin=0"/></net>

<net id="579"><net_src comp="573" pin="1"/><net_sink comp="437" pin=0"/></net>

<net id="580"><net_src comp="573" pin="1"/><net_sink comp="444" pin=0"/></net>

<net id="584"><net_src comp="423" pin="3"/><net_sink comp="581" pin=0"/></net>

<net id="585"><net_src comp="581" pin="1"/><net_sink comp="297" pin=2"/></net>

<net id="589"><net_src comp="430" pin="3"/><net_sink comp="586" pin=0"/></net>

<net id="590"><net_src comp="586" pin="1"/><net_sink comp="309" pin=2"/></net>

<net id="594"><net_src comp="437" pin="3"/><net_sink comp="591" pin=0"/></net>

<net id="595"><net_src comp="591" pin="1"/><net_sink comp="273" pin=0"/></net>

<net id="599"><net_src comp="444" pin="3"/><net_sink comp="596" pin=0"/></net>

<net id="600"><net_src comp="596" pin="1"/><net_sink comp="285" pin=0"/></net>

<net id="604"><net_src comp="451" pin="1"/><net_sink comp="601" pin=0"/></net>

<net id="605"><net_src comp="601" pin="1"/><net_sink comp="134" pin=0"/></net>

<net id="606"><net_src comp="601" pin="1"/><net_sink comp="511" pin=2"/></net>

<net id="610"><net_src comp="455" pin="1"/><net_sink comp="607" pin=0"/></net>

<net id="611"><net_src comp="607" pin="1"/><net_sink comp="122" pin=0"/></net>

<net id="612"><net_src comp="607" pin="1"/><net_sink comp="511" pin=1"/></net>

<net id="616"><net_src comp="459" pin="1"/><net_sink comp="613" pin=0"/></net>

<net id="617"><net_src comp="613" pin="1"/><net_sink comp="110" pin=0"/></net>

<net id="618"><net_src comp="613" pin="1"/><net_sink comp="505" pin=2"/></net>

<net id="622"><net_src comp="463" pin="1"/><net_sink comp="619" pin=0"/></net>

<net id="623"><net_src comp="619" pin="1"/><net_sink comp="98" pin=0"/></net>

<net id="624"><net_src comp="619" pin="1"/><net_sink comp="505" pin=1"/></net>

<net id="631"><net_src comp="473" pin="2"/><net_sink comp="628" pin=0"/></net>

<net id="632"><net_src comp="628" pin="1"/><net_sink comp="321" pin=0"/></net>

<net id="636"><net_src comp="479" pin="1"/><net_sink comp="633" pin=0"/></net>

<net id="637"><net_src comp="633" pin="1"/><net_sink comp="517" pin=0"/></net>

<net id="641"><net_src comp="483" pin="2"/><net_sink comp="638" pin=0"/></net>

<net id="642"><net_src comp="638" pin="1"/><net_sink comp="525" pin=1"/></net>

<net id="649"><net_src comp="495" pin="2"/><net_sink comp="646" pin=0"/></net>

<net id="650"><net_src comp="646" pin="1"/><net_sink comp="332" pin=2"/></net>

</net_list>

</model> 
---------------- Datapath Model END ------------------

* FSMD analyzer results:
  - Output states:
	Port: data | {11 }
 - Input state : 
	Port: workload : data | {6 7 }
	Port: workload : sbox | {5 9 }
	Port: workload : local_key_0 | {5 9 }
	Port: workload : local_key_1 | {5 9 }
  - Chain level:
	State 1
	State 2
		exitcond2 : 1
		j_2 : 1
		StgValue_17 : 2
		empty_3 : 1
	State 3
	State 4
		StgValue_29 : 1
	State 5
		exitcond3 : 1
		j_4 : 1
		StgValue_42 : 2
		tmp_1 : 1
		tmp_4 : 1
		call_ret4 : 1
		call_ret : 1
	State 6
		exitcond5 : 1
		k_2 : 1
		StgValue_58 : 2
		tmp7 : 1
		sum_cast : 2
		data_addr : 3
		buf_0_1_5 : 4
		tmp_7 : 1
	State 7
		buf_1_1_7 : 1
		buf_1_1_8 : 1
		buf_1_1_4 : 1
		buf_1_1_6 : 1
	State 8
	State 9
		buf_0_0_3 : 1
		buf_0_1_3 : 1
		buf_1_0_3 : 1
		buf_1_1_3 : 1
	State 10
		exitcond6 : 1
		j_5 : 1
		StgValue_90 : 2
		tmp_5 : 1
		tmp_6 : 1
	State 11
		exitcond : 1
		k_3 : 1
		StgValue_102 : 2
		tmp_9 : 1
		buf_1_load_phi : 2
		buf_0_load_phi : 2
		buf_load_phi : 3
		tmp8 : 1
		sum2_cast : 2
		data_addr_1 : 3
		StgValue_110 : 4


============================================================
+ Verbose Summary: Datapath Resource usage 
============================================================

* Functional unit list:
|----------|-------------------------------|---------|---------|---------|---------|
| Operation|        Functional Unit        |   BRAM  |  Delay  |    FF   |   LUT   |
|----------|-------------------------------|---------|---------|---------|---------|
|   call   | grp_aes256_encrypt_ecb_fu_339 |    1    |  8.4095 |   379   |   255   |
|          | grp_aes256_encrypt_ecb_fu_351 |    1    |  8.4095 |   379   |   255   |
|----------|-------------------------------|---------|---------|---------|---------|
|          |           j_2_fu_369          |    0    |    0    |    0    |    15   |
|          |           j_4_fu_381          |    0    |    0    |    0    |    10   |
|          |           k_2_fu_403          |    0    |    0    |    0    |    10   |
|    add   |          tmp7_fu_409          |    0    |    0    |    0    |    10   |
|          |           j_5_fu_473          |    0    |    0    |    0    |    10   |
|          |           k_3_fu_495          |    0    |    0    |    0    |    10   |
|          |          tmp8_fu_525          |    0    |    0    |    0    |    10   |
|----------|-------------------------------|---------|---------|---------|---------|
|          |        buf_1_1_7_fu_423       |    0    |    0    |    0    |    8    |
|          |        buf_1_1_8_fu_430       |    0    |    0    |    0    |    8    |
|          |        buf_1_1_4_fu_437       |    0    |    0    |    0    |    8    |
|  select  |        buf_1_1_6_fu_444       |    0    |    0    |    0    |    8    |
|          |     buf_1_load_phi_fu_505     |    0    |    0    |    0    |    8    |
|          |     buf_0_load_phi_fu_511     |    0    |    0    |    0    |    8    |
|          |      buf_load_phi_fu_517      |    0    |    0    |    0    |    8    |
|----------|-------------------------------|---------|---------|---------|---------|
|          |        exitcond2_fu_363       |    0    |    0    |    0    |    11   |
|          |        exitcond3_fu_375       |    0    |    0    |    0    |    8    |
|   icmp   |        exitcond5_fu_397       |    0    |    0    |    0    |    8    |
|          |        exitcond6_fu_467       |    0    |    0    |    0    |    8    |
|          |        exitcond_fu_489        |    0    |    0    |    0    |    8    |
|----------|-------------------------------|---------|---------|---------|---------|
|          |          tmp_1_fu_387         |    0    |    0    |    0    |    0    |
|   trunc  |          tmp_7_fu_419         |    0    |    0    |    0    |    0    |
|          |          tmp_5_fu_479         |    0    |    0    |    0    |    0    |
|          |          tmp_9_fu_501         |    0    |    0    |    0    |    0    |
|----------|-------------------------------|---------|---------|---------|---------|
|    shl   |          tmp_4_fu_391         |    0    |    0    |    0    |    0    |
|          |          tmp_6_fu_483         |    0    |    0    |    0    |    0    |
|----------|-------------------------------|---------|---------|---------|---------|
|   zext   |        sum_cast_fu_414        |    0    |    0    |    0    |    0    |
|          |        sum2_cast_fu_530       |    0    |    0    |    0    |    0    |
|----------|-------------------------------|---------|---------|---------|---------|
|          |        buf_0_0_3_fu_451       |    0    |    0    |    0    |    0    |
|extractvalue|        buf_0_1_3_fu_455       |    0    |    0    |    0    |    0    |
|          |        buf_1_0_3_fu_459       |    0    |    0    |    0    |    0    |
|          |        buf_1_1_3_fu_463       |    0    |    0    |    0    |    0    |
|----------|-------------------------------|---------|---------|---------|---------|
|   Total  |                               |    2    |  16.819 |   758   |   684   |
|----------|-------------------------------|---------|---------|---------|---------|

Memories:
N/A

* Register list:
+--------------------+--------+
|                    |   FF   |
+--------------------+--------+
|  buf_0_0_1_reg_188 |    8   |
|buf_0_0_2_be_reg_305|    8   |
|  buf_0_0_2_reg_246 |    8   |
|  buf_0_0_3_reg_601 |    8   |
|   buf_0_0_reg_130  |    8   |
|  buf_0_1_1_reg_177 |    8   |
|buf_0_1_2_be_reg_293|    8   |
|  buf_0_1_2_reg_234 |    8   |
|  buf_0_1_3_reg_607 |    8   |
|   buf_0_1_reg_118  |    8   |
|  buf_1_0_1_reg_166 |    8   |
|buf_1_0_2_be_reg_281|    8   |
|  buf_1_0_2_reg_222 |    8   |
|  buf_1_0_3_reg_613 |    8   |
|   buf_1_0_reg_106  |    8   |
|  buf_1_1_1_reg_155 |    8   |
|buf_1_1_2_be_reg_269|    8   |
|  buf_1_1_2_reg_210 |    8   |
|  buf_1_1_3_reg_619 |    8   |
|  buf_1_1_4_reg_591 |    8   |
|  buf_1_1_6_reg_596 |    8   |
|  buf_1_1_7_reg_581 |    8   |
|  buf_1_1_8_reg_586 |    8   |
|   buf_1_1_reg_94   |    8   |
|  data_addr_reg_568 |    4   |
|     i_2_reg_142    |    1   |
|     j_1_reg_199    |    2   |
|     j_2_reg_538    |    6   |
|     j_3_reg_317    |    2   |
|     j_4_reg_546    |    2   |
|     j_5_reg_628    |    2   |
|      j_reg_83      |    6   |
|     k_1_reg_328    |    2   |
|     k_2_reg_563    |    2   |
|     k_3_reg_646    |    2   |
|      k_reg_258     |    2   |
|    tmp_1_reg_551   |    1   |
|    tmp_4_reg_555   |    2   |
|    tmp_5_reg_633   |    1   |
|    tmp_6_reg_638   |    2   |
|    tmp_7_reg_573   |    1   |
+--------------------+--------+
|        Total       |   232  |
+--------------------+--------+

* Multiplexer (MUX) list: 
|------------------|------|------|------|--------||---------||---------|
|       Comp       |  Pin | Size |  BW  | S x BW ||  Delay  ||   LUT   |
|------------------|------|------|------|--------||---------||---------|
| grp_access_fu_69 |  p0  |   3  |   4  |   12   ||    15   |
|  buf_1_1_reg_94  |  p0  |   2  |   8  |   16   ||    9    |
|  buf_1_0_reg_106 |  p0  |   2  |   8  |   16   ||    9    |
|  buf_0_1_reg_118 |  p0  |   2  |   8  |   16   ||    9    |
|  buf_0_0_reg_130 |  p0  |   2  |   8  |   16   ||    9    |
|    i_2_reg_142   |  p0  |   2  |   1  |    2   |
|------------------|------|------|------|--------||---------||---------|
|       Total      |      |      |      |   78   || 10.0287 ||    51   |
|------------------|------|------|------|--------||---------||---------|



* Summary:
+-----------+--------+--------+--------+--------+
|           |  BRAM  |  Delay |   FF   |   LUT  |
+-----------+--------+--------+--------+--------+
|  Function |    2   |   16   |   758  |   684  |
|   Memory  |    -   |    -   |    -   |    -   |
|Multiplexer|    -   |   10   |    -   |   51   |
|  Register |    -   |    -   |   232  |    -   |
+-----------+--------+--------+--------+--------+
|   Total   |    2   |   26   |   990  |   735  |
+-----------+--------+--------+--------+--------+
