2020-04-15 22:04:08.904780 (5411) main____ INFO    ----------------------------------------
2020-04-15 22:04:08.904954 (5411) main____ INFO    JasperGold version info
2020-04-15 22:04:08.904980 (5411) main____ INFO      tool      : JasperGold 2016.09
2020-04-15 22:04:08.904997 (5411) main____ INFO      version   : 2016.09p002 64 bits
2020-04-15 22:04:08.905009 (5411) main____ INFO      build date: 2016.11.28 18:08:37 PST
2020-04-15 22:04:08.905018 (5411) main____ INFO    ----------------------------------------
2020-04-15 22:04:08.905026 (5411) main____ INFO    Runtime info:
2020-04-15 22:04:08.905037 (5411) main____ INFO      platform  : Linux 3.10.0-957.21.3.el7.x86_64 x86_64
2020-04-15 22:04:08.905052 (5411) main____ INFO      hostname  : rsg31.stanford.edu
2020-04-15 22:04:08.905062 (5411) main____ INFO      pid       : 5411
2020-04-15 22:04:08.905071 (5411) main____ INFO      arguments : '-style' 'windows' '-tcl' 'jasper.tcl'
2020-04-15 22:04:08.905080 (5411) main____ INFO    ----------------------------------------
2020-04-15 22:04:08.909061 (5411) lic__man INFO    Claim 'main' for <ui>.
2020-04-15 22:04:09.346846 (5411) lic_core INFO    (1) checking out 'jasper_interactive' ...
2020-04-15 22:04:09.371550 (5411) lic_core INFO    ... (1) checkout succeeded
2020-04-15 22:04:09.371674 (5411) lic__man INFO    Claim 'fpv' for <ui>.
2020-04-15 22:04:09.371726 (5411) lic_core INFO    (2) checking out 'jasper_fpv' ...
2020-04-15 22:04:09.390359 (5411) lic_core INFO    ... (2) checkout succeeded
2020-04-15 22:04:10.258608 (5411) lic__man INFO    Claim 'fpv' for <ui>.
2020-04-15 22:04:10.440701 (5411) lic__man INFO    Unclaim 'fpv' for <ui>.
2020-04-15 22:04:10.440757 (5411) lic__man INFO    Claim 'fpv' for <ui>.
2020-04-15 22:04:10.462594 (5411) session_ INFO    Starting analysis session with session id 'session_0' ...
2020-04-15 22:04:10.466362 (5411) session_ INFO    Analysis session with session id 'session_0' started (pid: 5424)
2020-04-15 22:04:16.116018 (5411) session_ INFO    Analysis session 'session_0' connected to the console (host: 172.24.74.88:45880)
2020-04-15 22:04:18.195114 (5411) lic__man INFO    Unclaim everything for 'session_0*'.
2020-04-15 22:04:25.290540 (5411) lic__man INFO    Claim 'fpv' for 'session_0'.
2020-04-15 22:08:38.219159 (5411) lic__man INFO    Unclaim everything for 'session_0/prove-0'.
2020-04-15 22:22:31.101962 (5411) lic__man INFO    Entering idle state.
2020-04-15 22:27:59.202941 (5411) main____ INFO    About to exit: requested from GUI
2020-04-15 22:27:59.340497 (5411) main____ INFO    Exiting.
