

================================================================
== Vivado HLS Report for 'compute2'
================================================================
* Date:           Tue Apr 14 07:39:17 2020

* Version:        2017.1 (Build 1846317 on Thu Jun 22 18:17:09 MDT 2017)
* Project:        dataflow_stalls_kernel
* Solution:       solution_OCL_REGION_0
* Product family: virtex7
* Target device:  xc7vx690tffg1157-2


================================================================
== Performance Estimates
================================================================
+ Timing (ns): 
    * Summary: 
    +--------+-------+----------+------------+
    |  Clock | Target| Estimated| Uncertainty|
    +--------+-------+----------+------------+
    |ap_clk  |   5.00|      2.83|        1.35|
    +--------+-------+----------+------------+

+ Latency (clock cycles): 
    * Summary: 
    +-----+-----+-----+-----+---------+
    |  Latency  |  Interval | Pipeline|
    | min | max | min | max |   Type  |
    +-----+-----+-----+-----+---------+
    |    ?|    ?|    ?|    ?|   none  |
    +-----+-----+-----+-----+---------+

    + Detail: 
        * Instance: 
        N/A

        * Loop: 
        +------------------+-----+-----+----------+-----------+-----------+------+----------+
        |                  |  Latency  | Iteration|  Initiation Interval  | Trip |          |
        |     Loop Name    | min | max |  Latency |  achieved |   target  | Count| Pipelined|
        +------------------+-----+-----+----------+-----------+-----------+------+----------+
        |- compute2_epoch  |    ?|    ?|         8|          1|          1|     ?|    yes   |
        +------------------+-----+-----+----------+-----------+-----------+------+----------+

============================================================
+ Verbose Summary: Synthesis Manager
============================================================
InlineROM: 1
ExposeGlobal: 0
============================================================
+ Verbose Summary: CDFG Model
============================================================
IsTopModel: 0
ResetActiveHigh: 1
IsCombinational: 2
IsDatapathOnly: 0
HasWiredReturn: 1
HasMFsm: 0
HasVarLatency: 1
IsPipeline: 0
IsRtlPipelined: 0
IsInstanceOverlapped: 0
IsDontTouch: 0
HasImplIP: 0
IsGatedGlobalClock: 0

+ Individual pipeline summary: 
  * Pipeline-0: initiation interval (II) = 1, depth = 8


============================================================
+ Verbose Summary: Schedule
============================================================
* Number of FSM states: 10
* Pipeline: 1
  Pipeline-0: II = 1, D = 8, States = { 2 3 4 5 6 7 8 9 }
* Dataflow Pipeline: 0

* FSM state transitions: 
1 --> 
	2  / true
2 --> 
	10  / (!tmp_i)
	3  / (tmp_i)
3 --> 
	4  / true
4 --> 
	5  / true
5 --> 
	6  / true
6 --> 
	7  / true
7 --> 
	8  / true
8 --> 
	9  / true
9 --> 
	2  / true
10 --> 
* FSM state operations: 

 <State 1>: 1.15ns
ST_1: i_2 (4)  [1/1] 0.00ns
entry:0  %i_2 = alloca i32

ST_1: StgValue_12 (5)  [1/1] 0.00ns
entry:1  call void (...)* @_ssdm_op_SpecInterface(i64* %to_V, [8 x i8]* @ap_fifo_str, i32 0, i32 0, [1 x i8]* @p_str42, i32 0, i32 0, [1 x i8]* @p_str43, [1 x i8]* @p_str44, [1 x i8]* @p_str45, i32 2, i32 2, i32 16, i32 16, [1 x i8]* @p_str46, [1 x i8]* @p_str47)

ST_1: StgValue_13 (6)  [1/1] 0.00ns
entry:2  call void (...)* @_ssdm_op_SpecInterface(i64* %from_V, [8 x i8]* @ap_fifo_str, i32 0, i32 0, [1 x i8]* @p_str28, i32 0, i32 0, [1 x i8]* @p_str29, [1 x i8]* @p_str30, [1 x i8]* @p_str31, i32 2, i32 2, i32 16, i32 16, [1 x i8]* @p_str32, [1 x i8]* @p_str33)

ST_1: StgValue_14 (7)  [1/1] 0.00ns
entry:3  call void (...)* @_ssdm_op_SpecInterface(i32* %data_count, [8 x i8]* @ap_fifo_str, i32 0, i32 0, [1 x i8]* @p_str123, i32 0, i32 0, [1 x i8]* @p_str124, [1 x i8]* @p_str125, [1 x i8]* @p_str126, i32 2, i32 2, i32 16, i32 16, [1 x i8]* @p_str127, [1 x i8]* @p_str128)

ST_1: data_count_read (8)  [1/1] 1.15ns
entry:4  %data_count_read = call i32 @_ssdm_op_Read.ap_fifo.i32P(i32* %data_count)

ST_1: StgValue_16 (9)  [1/1] 0.85ns
entry:5  store i32 0, i32* %i_2

ST_1: StgValue_17 (10)  [1/1] 0.00ns  loc: /rsgs/pool0/esingh/aqed4saranyu/results/dataflow/dataflow-stalls_ab/src/dataflow_stalls_kernel.cpp:72
entry:6  br label %0


 <State 2>: 2.36ns
ST_2: i_2_load (12)  [1/1] 0.00ns  loc: /rsgs/pool0/esingh/aqed4saranyu/results/dataflow/dataflow-stalls_ab/src/dataflow_stalls_kernel.cpp:77
:0  %i_2_load = load i32* %i_2

ST_2: tmp_i (13)  [1/1] 1.26ns  loc: /rsgs/pool0/esingh/aqed4saranyu/results/dataflow/dataflow-stalls_ab/src/dataflow_stalls_kernel.cpp:72
:1  %tmp_i = icmp ult i32 %i_2_load, %data_count_read

ST_2: StgValue_20 (14)  [1/1] 0.00ns  loc: /rsgs/pool0/esingh/aqed4saranyu/results/dataflow/dataflow-stalls_ab/src/dataflow_stalls_kernel.cpp:72
:2  br i1 %tmp_i, label %1, label %.exit

ST_2: tmp (19)  [1/1] 0.00ns  loc: /rsgs/pool0/esingh/aqed4saranyu/results/dataflow/dataflow-stalls_ab/src/dataflow_stalls_kernel.cpp:74
:3  %tmp = call i1 @_ssdm_op_NbReadReq.ap_fifo.i64P(i64* %from_V, i32 1)

ST_2: StgValue_22 (20)  [1/1] 0.00ns  loc: /rsgs/pool0/esingh/aqed4saranyu/results/dataflow/dataflow-stalls_ab/src/dataflow_stalls_kernel.cpp:74
:4  br i1 %tmp, label %2, label %._crit_edge.i

ST_2: tmp_5 (22)  [1/1] 1.15ns  loc: /rsgs/pool0/esingh/aqed4saranyu/results/dataflow/dataflow-stalls_ab/src/dataflow_stalls_kernel.cpp:75
:0  %tmp_5 = call i64 @_ssdm_op_Read.ap_fifo.volatile.i64P(i64* %from_V)

ST_2: i (25)  [1/1] 1.51ns  loc: /rsgs/pool0/esingh/aqed4saranyu/results/dataflow/dataflow-stalls_ab/src/dataflow_stalls_kernel.cpp:77
:3  %i = add i32 %i_2_load, 1

ST_2: StgValue_25 (26)  [1/1] 0.85ns  loc: /rsgs/pool0/esingh/aqed4saranyu/results/dataflow/dataflow-stalls_ab/src/dataflow_stalls_kernel.cpp:77
:4  store i32 %i, i32* %i_2


 <State 3>: 2.83ns
ST_3: tmp_6 (23)  [6/6] 2.83ns  loc: /rsgs/pool0/esingh/aqed4saranyu/results/dataflow/dataflow-stalls_ab/src/dataflow_stalls_kernel.cpp:76
:1  %tmp_6 = mul i64 %tmp_5, %tmp_5


 <State 4>: 2.83ns
ST_4: tmp_6 (23)  [5/6] 2.83ns  loc: /rsgs/pool0/esingh/aqed4saranyu/results/dataflow/dataflow-stalls_ab/src/dataflow_stalls_kernel.cpp:76
:1  %tmp_6 = mul i64 %tmp_5, %tmp_5


 <State 5>: 2.83ns
ST_5: tmp_6 (23)  [4/6] 2.83ns  loc: /rsgs/pool0/esingh/aqed4saranyu/results/dataflow/dataflow-stalls_ab/src/dataflow_stalls_kernel.cpp:76
:1  %tmp_6 = mul i64 %tmp_5, %tmp_5


 <State 6>: 2.83ns
ST_6: tmp_6 (23)  [3/6] 2.83ns  loc: /rsgs/pool0/esingh/aqed4saranyu/results/dataflow/dataflow-stalls_ab/src/dataflow_stalls_kernel.cpp:76
:1  %tmp_6 = mul i64 %tmp_5, %tmp_5


 <State 7>: 2.83ns
ST_7: tmp_6 (23)  [2/6] 2.83ns  loc: /rsgs/pool0/esingh/aqed4saranyu/results/dataflow/dataflow-stalls_ab/src/dataflow_stalls_kernel.cpp:76
:1  %tmp_6 = mul i64 %tmp_5, %tmp_5


 <State 8>: 2.83ns
ST_8: tmp_6 (23)  [1/6] 2.83ns  loc: /rsgs/pool0/esingh/aqed4saranyu/results/dataflow/dataflow-stalls_ab/src/dataflow_stalls_kernel.cpp:76
:1  %tmp_6 = mul i64 %tmp_5, %tmp_5


 <State 9>: 1.15ns
ST_9: StgValue_32 (16)  [1/1] 0.00ns  loc: /rsgs/pool0/esingh/aqed4saranyu/results/dataflow/dataflow-stalls_ab/src/dataflow_stalls_kernel.cpp:72
:0  call void (...)* @_ssdm_op_SpecLoopName([15 x i8]* @p_str5) nounwind

ST_9: tmp_17_i (17)  [1/1] 0.00ns  loc: /rsgs/pool0/esingh/aqed4saranyu/results/dataflow/dataflow-stalls_ab/src/dataflow_stalls_kernel.cpp:72
:1  %tmp_17_i = call i32 (...)* @_ssdm_op_SpecRegionBegin([15 x i8]* @p_str5)

ST_9: StgValue_34 (18)  [1/1] 0.00ns  loc: /rsgs/pool0/esingh/aqed4saranyu/results/dataflow/dataflow-stalls_ab/src/dataflow_stalls_kernel.cpp:73
:2  call void (...)* @_ssdm_op_SpecPipeline(i32 -1, i32 1, i32 1, i32 0, [1 x i8]* @p_str1) nounwind

ST_9: StgValue_35 (24)  [1/1] 1.15ns  loc: /rsgs/pool0/esingh/aqed4saranyu/results/dataflow/dataflow-stalls_ab/src/dataflow_stalls_kernel.cpp:76
:2  call void @_ssdm_op_Write.ap_fifo.volatile.i64P(i64* %to_V, i64 %tmp_6)

ST_9: StgValue_36 (27)  [1/1] 0.00ns  loc: /rsgs/pool0/esingh/aqed4saranyu/results/dataflow/dataflow-stalls_ab/src/dataflow_stalls_kernel.cpp:78
:5  br label %._crit_edge.i

ST_9: empty (29)  [1/1] 0.00ns  loc: /rsgs/pool0/esingh/aqed4saranyu/results/dataflow/dataflow-stalls_ab/src/dataflow_stalls_kernel.cpp:79
._crit_edge.i:0  %empty = call i32 (...)* @_ssdm_op_SpecRegionEnd([15 x i8]* @p_str5, i32 %tmp_17_i)

ST_9: StgValue_38 (30)  [1/1] 0.00ns  loc: /rsgs/pool0/esingh/aqed4saranyu/results/dataflow/dataflow-stalls_ab/src/dataflow_stalls_kernel.cpp:79
._crit_edge.i:1  br label %0


 <State 10>: 0.00ns
ST_10: StgValue_39 (32)  [1/1] 0.00ns
.exit:0  ret void



============================================================
+ Verbose Summary: Binding
============================================================
STG Binding: 
---------------- STG Properties BEGIN ----------------
- Is combinational: 0
- Is one-state seq: 0
- Is datapath-only: 0
- Is pipelined: 0
- Is top level: 0
Port [ Return ] is wired: 1; IO mode=ap_ctrl_hs:ce=0
Port [ to_V]:  wired=1; compound=1; hidden=0; nouse=0; global=0; static=0; extern=0; dir=1; type=3; pingpong=0; private_global=0; IO mode=ap_fifo:ce=0
Port [ from_V]:  wired=1; compound=1; hidden=0; nouse=0; global=0; static=0; extern=0; dir=0; type=3; pingpong=0; private_global=0; IO mode=ap_fifo:ce=0
Port [ data_count]:  wired=1; compound=1; hidden=0; nouse=0; global=0; static=0; extern=0; dir=0; type=3; pingpong=0; private_global=0; IO mode=ap_fifo:ce=0
---------------- STG Properties END ------------------

---------------- Datapath Model BEGIN ----------------

<LifeTime>
<method=bitvector/>
i_2             (alloca         ) [ 01111111110]
StgValue_12     (specinterface  ) [ 00000000000]
StgValue_13     (specinterface  ) [ 00000000000]
StgValue_14     (specinterface  ) [ 00000000000]
data_count_read (read           ) [ 00111111110]
StgValue_16     (store          ) [ 00000000000]
StgValue_17     (br             ) [ 00000000000]
i_2_load        (load           ) [ 00000000000]
tmp_i           (icmp           ) [ 00111111110]
StgValue_20     (br             ) [ 00000000000]
tmp             (nbreadreq      ) [ 00111111110]
StgValue_22     (br             ) [ 00000000000]
tmp_5           (read           ) [ 00111111100]
i               (add            ) [ 00000000000]
StgValue_25     (store          ) [ 00000000000]
tmp_6           (mul            ) [ 00100000010]
StgValue_32     (specloopname   ) [ 00000000000]
tmp_17_i        (specregionbegin) [ 00000000000]
StgValue_34     (specpipeline   ) [ 00000000000]
StgValue_35     (write          ) [ 00000000000]
StgValue_36     (br             ) [ 00000000000]
empty           (specregionend  ) [ 00000000000]
StgValue_38     (br             ) [ 00000000000]
StgValue_39     (ret            ) [ 00000000000]
</LifeTime>

<model>

<comp_list>
<comp id="0" class="1000" name="to_V">
<pin_list>
<pin id="1" dir="1" index="0" bw="1" slack="0"/>
</pin_list>
<bind>
<StgValue><ssdm name="to_V"/></StgValue>
</bind>
</comp>

<comp id="2" class="1000" name="from_V">
<pin_list>
<pin id="3" dir="1" index="0" bw="1" slack="0"/>
</pin_list>
<bind>
<StgValue><ssdm name="from_V"/></StgValue>
</bind>
</comp>

<comp id="4" class="1000" name="data_count">
<pin_list>
<pin id="5" dir="1" index="0" bw="1" slack="0"/>
</pin_list>
<bind>
<StgValue><ssdm name="data_count"/></StgValue>
</bind>
</comp>

<comp id="6" class="1001" name="const_6">
<pin_list>
<pin id="7" dir="1" index="0" bw="1" slack="0"/>
</pin_list>
<bind>
<StgValue><ssdm name=""/></StgValue>
</bind>
</comp>

<comp id="8" class="1001" name="const_8">
<pin_list>
<pin id="9" dir="1" index="0" bw="1" slack="2147483647"/>
</pin_list>
<bind>
<StgValue><ssdm name="_ssdm_op_SpecInterface"/></StgValue>
</bind>
</comp>

<comp id="10" class="1001" name="const_10">
<pin_list>
<pin id="11" dir="1" index="0" bw="1" slack="2147483647"/>
</pin_list>
<bind>
<StgValue><ssdm name="ap_fifo_str"/></StgValue>
</bind>
</comp>

<comp id="12" class="1001" name="const_12">
<pin_list>
<pin id="13" dir="1" index="0" bw="1" slack="0"/>
</pin_list>
<bind>
<StgValue><ssdm name=""/></StgValue>
</bind>
</comp>

<comp id="14" class="1001" name="const_14">
<pin_list>
<pin id="15" dir="1" index="0" bw="1" slack="2147483647"/>
</pin_list>
<bind>
<StgValue><ssdm name="p_str42"/></StgValue>
</bind>
</comp>

<comp id="16" class="1001" name="const_16">
<pin_list>
<pin id="17" dir="1" index="0" bw="1" slack="2147483647"/>
</pin_list>
<bind>
<StgValue><ssdm name="p_str43"/></StgValue>
</bind>
</comp>

<comp id="18" class="1001" name="const_18">
<pin_list>
<pin id="19" dir="1" index="0" bw="1" slack="2147483647"/>
</pin_list>
<bind>
<StgValue><ssdm name="p_str44"/></StgValue>
</bind>
</comp>

<comp id="20" class="1001" name="const_20">
<pin_list>
<pin id="21" dir="1" index="0" bw="1" slack="2147483647"/>
</pin_list>
<bind>
<StgValue><ssdm name="p_str45"/></StgValue>
</bind>
</comp>

<comp id="22" class="1001" name="const_22">
<pin_list>
<pin id="23" dir="1" index="0" bw="1" slack="2147483647"/>
</pin_list>
<bind>
<StgValue><ssdm name=""/></StgValue>
</bind>
</comp>

<comp id="24" class="1001" name="const_24">
<pin_list>
<pin id="25" dir="1" index="0" bw="1" slack="2147483647"/>
</pin_list>
<bind>
<StgValue><ssdm name=""/></StgValue>
</bind>
</comp>

<comp id="26" class="1001" name="const_26">
<pin_list>
<pin id="27" dir="1" index="0" bw="1" slack="2147483647"/>
</pin_list>
<bind>
<StgValue><ssdm name="p_str46"/></StgValue>
</bind>
</comp>

<comp id="28" class="1001" name="const_28">
<pin_list>
<pin id="29" dir="1" index="0" bw="1" slack="2147483647"/>
</pin_list>
<bind>
<StgValue><ssdm name="p_str47"/></StgValue>
</bind>
</comp>

<comp id="30" class="1001" name="const_30">
<pin_list>
<pin id="31" dir="1" index="0" bw="1" slack="2147483647"/>
</pin_list>
<bind>
<StgValue><ssdm name="p_str28"/></StgValue>
</bind>
</comp>

<comp id="32" class="1001" name="const_32">
<pin_list>
<pin id="33" dir="1" index="0" bw="1" slack="2147483647"/>
</pin_list>
<bind>
<StgValue><ssdm name="p_str29"/></StgValue>
</bind>
</comp>

<comp id="34" class="1001" name="const_34">
<pin_list>
<pin id="35" dir="1" index="0" bw="1" slack="2147483647"/>
</pin_list>
<bind>
<StgValue><ssdm name="p_str30"/></StgValue>
</bind>
</comp>

<comp id="36" class="1001" name="const_36">
<pin_list>
<pin id="37" dir="1" index="0" bw="1" slack="2147483647"/>
</pin_list>
<bind>
<StgValue><ssdm name="p_str31"/></StgValue>
</bind>
</comp>

<comp id="38" class="1001" name="const_38">
<pin_list>
<pin id="39" dir="1" index="0" bw="1" slack="2147483647"/>
</pin_list>
<bind>
<StgValue><ssdm name="p_str32"/></StgValue>
</bind>
</comp>

<comp id="40" class="1001" name="const_40">
<pin_list>
<pin id="41" dir="1" index="0" bw="1" slack="2147483647"/>
</pin_list>
<bind>
<StgValue><ssdm name="p_str33"/></StgValue>
</bind>
</comp>

<comp id="42" class="1001" name="const_42">
<pin_list>
<pin id="43" dir="1" index="0" bw="1" slack="2147483647"/>
</pin_list>
<bind>
<StgValue><ssdm name="p_str123"/></StgValue>
</bind>
</comp>

<comp id="44" class="1001" name="const_44">
<pin_list>
<pin id="45" dir="1" index="0" bw="1" slack="2147483647"/>
</pin_list>
<bind>
<StgValue><ssdm name="p_str124"/></StgValue>
</bind>
</comp>

<comp id="46" class="1001" name="const_46">
<pin_list>
<pin id="47" dir="1" index="0" bw="1" slack="2147483647"/>
</pin_list>
<bind>
<StgValue><ssdm name="p_str125"/></StgValue>
</bind>
</comp>

<comp id="48" class="1001" name="const_48">
<pin_list>
<pin id="49" dir="1" index="0" bw="1" slack="2147483647"/>
</pin_list>
<bind>
<StgValue><ssdm name="p_str126"/></StgValue>
</bind>
</comp>

<comp id="50" class="1001" name="const_50">
<pin_list>
<pin id="51" dir="1" index="0" bw="1" slack="2147483647"/>
</pin_list>
<bind>
<StgValue><ssdm name="p_str127"/></StgValue>
</bind>
</comp>

<comp id="52" class="1001" name="const_52">
<pin_list>
<pin id="53" dir="1" index="0" bw="1" slack="2147483647"/>
</pin_list>
<bind>
<StgValue><ssdm name="p_str128"/></StgValue>
</bind>
</comp>

<comp id="54" class="1001" name="const_54">
<pin_list>
<pin id="55" dir="1" index="0" bw="1" slack="0"/>
</pin_list>
<bind>
<StgValue><ssdm name="_ssdm_op_Read.ap_fifo.i32P"/></StgValue>
</bind>
</comp>

<comp id="56" class="1001" name="const_56">
<pin_list>
<pin id="57" dir="1" index="0" bw="1" slack="0"/>
</pin_list>
<bind>
<StgValue><ssdm name="_ssdm_op_NbReadReq.ap_fifo.i64P"/></StgValue>
</bind>
</comp>

<comp id="58" class="1001" name="const_58">
<pin_list>
<pin id="59" dir="1" index="0" bw="1" slack="0"/>
</pin_list>
<bind>
<StgValue><ssdm name="_ssdm_op_Read.ap_fifo.volatile.i64P"/></StgValue>
</bind>
</comp>

<comp id="60" class="1001" name="const_60">
<pin_list>
<pin id="61" dir="1" index="0" bw="1" slack="2147483647"/>
</pin_list>
<bind>
<StgValue><ssdm name="_ssdm_op_SpecLoopName"/></StgValue>
</bind>
</comp>

<comp id="62" class="1001" name="const_62">
<pin_list>
<pin id="63" dir="1" index="0" bw="1" slack="2147483647"/>
</pin_list>
<bind>
<StgValue><ssdm name="p_str5"/></StgValue>
</bind>
</comp>

<comp id="64" class="1001" name="const_64">
<pin_list>
<pin id="65" dir="1" index="0" bw="1" slack="2147483647"/>
</pin_list>
<bind>
<StgValue><ssdm name="_ssdm_op_SpecRegionBegin"/></StgValue>
</bind>
</comp>

<comp id="66" class="1001" name="const_66">
<pin_list>
<pin id="67" dir="1" index="0" bw="1" slack="2147483647"/>
</pin_list>
<bind>
<StgValue><ssdm name="_ssdm_op_SpecPipeline"/></StgValue>
</bind>
</comp>

<comp id="68" class="1001" name="const_68">
<pin_list>
<pin id="69" dir="1" index="0" bw="1" slack="2147483647"/>
</pin_list>
<bind>
<StgValue><ssdm name=""/></StgValue>
</bind>
</comp>

<comp id="70" class="1001" name="const_70">
<pin_list>
<pin id="71" dir="1" index="0" bw="1" slack="2147483647"/>
</pin_list>
<bind>
<StgValue><ssdm name="p_str1"/></StgValue>
</bind>
</comp>

<comp id="72" class="1001" name="const_72">
<pin_list>
<pin id="73" dir="1" index="0" bw="1" slack="0"/>
</pin_list>
<bind>
<StgValue><ssdm name="_ssdm_op_Write.ap_fifo.volatile.i64P"/></StgValue>
</bind>
</comp>

<comp id="74" class="1001" name="const_74">
<pin_list>
<pin id="75" dir="1" index="0" bw="1" slack="2147483647"/>
</pin_list>
<bind>
<StgValue><ssdm name="_ssdm_op_SpecRegionEnd"/></StgValue>
</bind>
</comp>

<comp id="76" class="1004" name="i_2_fu_76">
<pin_list>
<pin id="77" dir="0" index="0" bw="1" slack="0"/>
<pin id="78" dir="1" index="1" bw="32" slack="0"/>
</pin_list>
<bind>
<opcode="alloca(26) " fcode="alloca"/>
<opset="i_2/1 "/>
</bind>
</comp>

<comp id="80" class="1004" name="data_count_read_read_fu_80">
<pin_list>
<pin id="81" dir="0" index="0" bw="32" slack="0"/>
<pin id="82" dir="0" index="1" bw="32" slack="0"/>
<pin id="83" dir="1" index="2" bw="32" slack="1"/>
</pin_list>
<bind>
<opcode="read(1150) " fcode="read"/>
<opset="data_count_read/1 "/>
</bind>
</comp>

<comp id="86" class="1004" name="tmp_nbreadreq_fu_86">
<pin_list>
<pin id="87" dir="0" index="0" bw="1" slack="0"/>
<pin id="88" dir="0" index="1" bw="64" slack="0"/>
<pin id="89" dir="0" index="2" bw="1" slack="0"/>
<pin id="90" dir="1" index="3" bw="1" slack="1"/>
</pin_list>
<bind>
<opcode="nbreadreq(1156) " fcode="nbreadreq"/>
<opset="tmp/2 "/>
</bind>
</comp>

<comp id="94" class="1004" name="tmp_5_read_fu_94">
<pin_list>
<pin id="95" dir="0" index="0" bw="64" slack="0"/>
<pin id="96" dir="0" index="1" bw="64" slack="0"/>
<pin id="97" dir="1" index="2" bw="64" slack="1"/>
</pin_list>
<bind>
<opcode="read(1150) " fcode="read"/>
<opset="tmp_5/2 "/>
</bind>
</comp>

<comp id="100" class="1004" name="StgValue_35_write_fu_100">
<pin_list>
<pin id="101" dir="0" index="0" bw="0" slack="0"/>
<pin id="102" dir="0" index="1" bw="64" slack="0"/>
<pin id="103" dir="0" index="2" bw="64" slack="1"/>
<pin id="104" dir="1" index="3" bw="0" slack="2147483647"/>
</pin_list>
<bind>
<opcode="write(1151) " fcode="write"/>
<opset="StgValue_35/9 "/>
</bind>
</comp>

<comp id="107" class="1004" name="StgValue_16_store_fu_107">
<pin_list>
<pin id="108" dir="0" index="0" bw="1" slack="0"/>
<pin id="109" dir="0" index="1" bw="32" slack="0"/>
<pin id="110" dir="1" index="2" bw="0" slack="2147483647"/>
</pin_list>
<bind>
<opcode="store(28) " fcode="store"/>
<opset="StgValue_16/1 "/>
</bind>
</comp>

<comp id="112" class="1004" name="i_2_load_load_fu_112">
<pin_list>
<pin id="113" dir="0" index="0" bw="32" slack="1"/>
<pin id="114" dir="1" index="1" bw="32" slack="0"/>
</pin_list>
<bind>
<opcode="load(27) " fcode="load"/>
<opset="i_2_load/2 "/>
</bind>
</comp>

<comp id="115" class="1004" name="tmp_i_fu_115">
<pin_list>
<pin id="116" dir="0" index="0" bw="32" slack="0"/>
<pin id="117" dir="0" index="1" bw="32" slack="1"/>
<pin id="118" dir="1" index="2" bw="1" slack="2147483647"/>
</pin_list>
<bind>
<opcode="icmp(45) " fcode="icmp"/>
<opset="tmp_i/2 "/>
</bind>
</comp>

<comp id="120" class="1004" name="i_fu_120">
<pin_list>
<pin id="121" dir="0" index="0" bw="32" slack="0"/>
<pin id="122" dir="0" index="1" bw="1" slack="0"/>
<pin id="123" dir="1" index="2" bw="32" slack="0"/>
</pin_list>
<bind>
<opcode="add(8) " fcode="add"/>
<opset="i/2 "/>
</bind>
</comp>

<comp id="126" class="1004" name="StgValue_25_store_fu_126">
<pin_list>
<pin id="127" dir="0" index="0" bw="32" slack="0"/>
<pin id="128" dir="0" index="1" bw="32" slack="1"/>
<pin id="129" dir="1" index="2" bw="0" slack="2147483647"/>
</pin_list>
<bind>
<opcode="store(28) " fcode="store"/>
<opset="StgValue_25/2 "/>
</bind>
</comp>

<comp id="131" class="1004" name="grp_fu_131">
<pin_list>
<pin id="132" dir="0" index="0" bw="64" slack="1"/>
<pin id="133" dir="0" index="1" bw="64" slack="1"/>
<pin id="134" dir="1" index="2" bw="64" slack="1"/>
</pin_list>
<bind>
<opcode="mul(12) " fcode="mul"/>
<opset="tmp_6/3 "/>
</bind>
</comp>

<comp id="135" class="1005" name="i_2_reg_135">
<pin_list>
<pin id="136" dir="0" index="0" bw="32" slack="0"/>
<pin id="137" dir="1" index="1" bw="32" slack="0"/>
</pin_list>
<bind>
<opset="i_2 "/>
</bind>
</comp>

<comp id="142" class="1005" name="data_count_read_reg_142">
<pin_list>
<pin id="143" dir="0" index="0" bw="32" slack="1"/>
<pin id="144" dir="1" index="1" bw="32" slack="1"/>
</pin_list>
<bind>
<opset="data_count_read "/>
</bind>
</comp>

<comp id="150" class="1005" name="tmp_reg_150">
<pin_list>
<pin id="151" dir="0" index="0" bw="1" slack="1"/>
<pin id="152" dir="1" index="1" bw="1" slack="2147483647"/>
</pin_list>
<bind>
<opset="tmp "/>
</bind>
</comp>

<comp id="154" class="1005" name="tmp_5_reg_154">
<pin_list>
<pin id="155" dir="0" index="0" bw="64" slack="1"/>
<pin id="156" dir="1" index="1" bw="64" slack="1"/>
</pin_list>
<bind>
<opset="tmp_5 "/>
</bind>
</comp>

<comp id="160" class="1005" name="tmp_6_reg_160">
<pin_list>
<pin id="161" dir="0" index="0" bw="64" slack="1"/>
<pin id="162" dir="1" index="1" bw="64" slack="1"/>
</pin_list>
<bind>
<opset="tmp_6 "/>
</bind>
</comp>

</comp_list>

<net_list>
<net id="79"><net_src comp="6" pin="0"/><net_sink comp="76" pin=0"/></net>

<net id="84"><net_src comp="54" pin="0"/><net_sink comp="80" pin=0"/></net>

<net id="85"><net_src comp="4" pin="0"/><net_sink comp="80" pin=1"/></net>

<net id="91"><net_src comp="56" pin="0"/><net_sink comp="86" pin=0"/></net>

<net id="92"><net_src comp="2" pin="0"/><net_sink comp="86" pin=1"/></net>

<net id="93"><net_src comp="6" pin="0"/><net_sink comp="86" pin=2"/></net>

<net id="98"><net_src comp="58" pin="0"/><net_sink comp="94" pin=0"/></net>

<net id="99"><net_src comp="2" pin="0"/><net_sink comp="94" pin=1"/></net>

<net id="105"><net_src comp="72" pin="0"/><net_sink comp="100" pin=0"/></net>

<net id="106"><net_src comp="0" pin="0"/><net_sink comp="100" pin=1"/></net>

<net id="111"><net_src comp="12" pin="0"/><net_sink comp="107" pin=0"/></net>

<net id="119"><net_src comp="112" pin="1"/><net_sink comp="115" pin=0"/></net>

<net id="124"><net_src comp="112" pin="1"/><net_sink comp="120" pin=0"/></net>

<net id="125"><net_src comp="6" pin="0"/><net_sink comp="120" pin=1"/></net>

<net id="130"><net_src comp="120" pin="2"/><net_sink comp="126" pin=0"/></net>

<net id="138"><net_src comp="76" pin="1"/><net_sink comp="135" pin=0"/></net>

<net id="139"><net_src comp="135" pin="1"/><net_sink comp="107" pin=1"/></net>

<net id="140"><net_src comp="135" pin="1"/><net_sink comp="112" pin=0"/></net>

<net id="141"><net_src comp="135" pin="1"/><net_sink comp="126" pin=1"/></net>

<net id="145"><net_src comp="80" pin="2"/><net_sink comp="142" pin=0"/></net>

<net id="146"><net_src comp="142" pin="1"/><net_sink comp="115" pin=1"/></net>

<net id="153"><net_src comp="86" pin="3"/><net_sink comp="150" pin=0"/></net>

<net id="157"><net_src comp="94" pin="2"/><net_sink comp="154" pin=0"/></net>

<net id="158"><net_src comp="154" pin="1"/><net_sink comp="131" pin=0"/></net>

<net id="159"><net_src comp="154" pin="1"/><net_sink comp="131" pin=1"/></net>

<net id="163"><net_src comp="131" pin="2"/><net_sink comp="160" pin=0"/></net>

<net id="164"><net_src comp="160" pin="1"/><net_sink comp="100" pin=2"/></net>

</net_list>

</model> 
---------------- Datapath Model END ------------------

* FSMD analyzer results:
  - Output states:
	Port: to_V | {9 }
 - Input state : 
	Port: compute2 : from_V | {2 }
	Port: compute2 : data_count | {1 }
  - Chain level:
	State 1
		StgValue_16 : 1
	State 2
		tmp_i : 1
		StgValue_20 : 2
		i : 1
		StgValue_25 : 2
	State 3
	State 4
	State 5
	State 6
	State 7
	State 8
	State 9
		empty : 1
	State 10


============================================================
+ Verbose Summary: Datapath Resource usage 
============================================================

* Functional unit list:
|----------|----------------------------|---------|---------|---------|
| Operation|       Functional Unit      |  DSP48E |    FF   |   LUT   |
|----------|----------------------------|---------|---------|---------|
|    mul   |         grp_fu_131         |    16   |   527   |   179   |
|----------|----------------------------|---------|---------|---------|
|    add   |          i_fu_120          |    0    |    0    |    39   |
|----------|----------------------------|---------|---------|---------|
|   icmp   |        tmp_i_fu_115        |    0    |    0    |    18   |
|----------|----------------------------|---------|---------|---------|
|   read   | data_count_read_read_fu_80 |    0    |    0    |    0    |
|          |      tmp_5_read_fu_94      |    0    |    0    |    0    |
|----------|----------------------------|---------|---------|---------|
| nbreadreq|     tmp_nbreadreq_fu_86    |    0    |    0    |    0    |
|----------|----------------------------|---------|---------|---------|
|   write  |  StgValue_35_write_fu_100  |    0    |    0    |    0    |
|----------|----------------------------|---------|---------|---------|
|   Total  |                            |    16   |   527   |   236   |
|----------|----------------------------|---------|---------|---------|

Memories:
N/A

* Register list:
+-----------------------+--------+
|                       |   FF   |
+-----------------------+--------+
|data_count_read_reg_142|   32   |
|      i_2_reg_135      |   32   |
|     tmp_5_reg_154     |   64   |
|     tmp_6_reg_160     |   64   |
|      tmp_reg_150      |    1   |
+-----------------------+--------+
|         Total         |   193  |
+-----------------------+--------+

* Multiplexer (MUX) list: 
|--------|------|------|------|--------|
|  Comp  |  Pin | Size |  BW  | S x BW |
|--------|------|------|------|--------|
|  Total |      |      |      |    0   |
|--------|------|------|------|--------|



* Summary:
+-----------+--------+--------+--------+
|           | DSP48E |   FF   |   LUT  |
+-----------+--------+--------+--------+
|  Function |   16   |   527  |   236  |
|   Memory  |    -   |    -   |    -   |
|Multiplexer|    -   |    -   |    -   |
|  Register |    -   |   193  |    -   |
+-----------+--------+--------+--------+
|   Total   |   16   |   720  |   236  |
+-----------+--------+--------+--------+
