

================================================================
== Vivado HLS Report for 'compute1'
================================================================
* Date:           Tue Apr 14 07:39:19 2020

* Version:        2017.1 (Build 1846317 on Thu Jun 22 18:17:09 MDT 2017)
* Project:        dataflow_stalls_kernel
* Solution:       solution_OCL_REGION_0
* Product family: virtex7
* Target device:  xc7vx690tffg1157-2


================================================================
== Performance Estimates
================================================================
+ Timing (ns): 
    * Summary: 
    +--------+-------+----------+------------+
    |  Clock | Target| Estimated| Uncertainty|
    +--------+-------+----------+------------+
    |ap_clk  |   5.00|      2.36|        1.35|
    +--------+-------+----------+------------+

+ Latency (clock cycles): 
    * Summary: 
    +-----+-----+-----+-----+---------+
    |  Latency  |  Interval | Pipeline|
    | min | max | min | max |   Type  |
    +-----+-----+-----+-----+---------+
    |    ?|    ?|    ?|    ?|   none  |
    +-----+-----+-----+-----+---------+

    + Detail: 
        * Instance: 
        N/A

        * Loop: 
        +------------------+-----+-----+----------+-----------+-----------+------+----------+
        |                  |  Latency  | Iteration|  Initiation Interval  | Trip |          |
        |     Loop Name    | min | max |  Latency |  achieved |   target  | Count| Pipelined|
        +------------------+-----+-----+----------+-----------+-----------+------+----------+
        |- compute1_epoch  |    ?|    ?|         2|          1|          1|     ?|    yes   |
        +------------------+-----+-----+----------+-----------+-----------+------+----------+



================================================================
== Utilization Estimates
================================================================
* Summary: 
+-----------------+---------+-------+--------+--------+
|       Name      | BRAM_18K| DSP48E|   FF   |   LUT  |
+-----------------+---------+-------+--------+--------+
|DSP              |        -|      -|       -|       -|
|Expression       |        -|      -|       0|     113|
|FIFO             |        -|      -|       -|       -|
|Instance         |        -|      -|       -|       -|
|Memory           |        -|      -|       -|       -|
|Multiplexer      |        -|      -|       -|      99|
|Register         |        -|      -|     138|       -|
+-----------------+---------+-------+--------+--------+
|Total            |        0|      0|     138|     212|
+-----------------+---------+-------+--------+--------+
|Available        |     2940|   3600|  866400|  433200|
+-----------------+---------+-------+--------+--------+
|Utilization (%)  |        0|      0|   ~0   |   ~0   |
+-----------------+---------+-------+--------+--------+

+ Detail: 
    * Instance: 
    N/A

    * DSP48: 
    N/A

    * Memory: 
    N/A

    * FIFO: 
    N/A

    * Expression: 
    +----------------------------------+----------+-------+---+----+------------+------------+
    |           Variable Name          | Operation| DSP48E| FF| LUT| Bitwidth P0| Bitwidth P1|
    +----------------------------------+----------+-------+---+----+------------+------------+
    |i_fu_146_p2                       |     +    |      0|  0|  39|           1|          32|
    |ap_block_state2_pp0_stage0_iter0  |    and   |      0|  0|   8|           1|           1|
    |ap_block_state3_pp0_stage0_iter1  |    and   |      0|  0|   8|           1|           1|
    |ap_predicate_op19_read_state2     |    and   |      0|  0|   8|           1|           1|
    |tmp_i_fu_141_p2                   |   icmp   |      0|  0|  18|          32|          32|
    |ap_block_pp0_stage0_01001         |    or    |      0|  0|   8|           1|           1|
    |ap_block_state1                   |    or    |      0|  0|   8|           1|           1|
    |ap_enable_pp0                     |    xor   |      0|  0|   8|           1|           2|
    |ap_enable_reg_pp0_iter1           |    xor   |      0|  0|   8|           1|           2|
    +----------------------------------+----------+-------+---+----+------------+------------+
    |Total                             |          |      0|  0| 113|          40|          73|
    +----------------------------------+----------+-------+---+----+------------+------------+

    * Multiplexer: 
    +-------------------------+----+-----------+-----+-----------+
    |           Name          | LUT| Input Size| Bits| Total Bits|
    +-------------------------+----+-----------+-----+-----------+
    |ap_NS_fsm                |  21|          4|    1|          4|
    |ap_done                  |   9|          2|    1|          2|
    |ap_enable_reg_pp0_iter1  |  15|          3|    1|          3|
    |data_count_blk_n         |   9|          2|    1|          2|
    |data_count_out_blk_n     |   9|          2|    1|          2|
    |from_V_blk_n             |   9|          2|    1|          2|
    |i_3_fu_94                |   9|          2|   32|         64|
    |real_start               |   9|          2|    1|          2|
    |to_V_blk_n               |   9|          2|    1|          2|
    +-------------------------+----+-----------+-----+-----------+
    |Total                    |  99|         21|   40|         83|
    +-------------------------+----+-----------+-----+-----------+

    * Register: 
    +-------------------------+----+----+-----+-----------+
    |           Name          | FF | LUT| Bits| Const Bits|
    +-------------------------+----+----+-----+-----------+
    |ap_CS_fsm                |   3|   0|    3|          0|
    |ap_done_reg              |   1|   0|    1|          0|
    |ap_enable_reg_pp0_iter0  |   1|   0|    1|          0|
    |ap_enable_reg_pp0_iter1  |   1|   0|    1|          0|
    |data_count_read_reg_170  |  32|   0|   32|          0|
    |i_3_fu_94                |  32|   0|   32|          0|
    |real_start_status_reg    |   1|   0|    1|          0|
    |start_control_reg        |   1|   0|    1|          0|
    |start_once_reg           |   1|   0|    1|          0|
    |tmp_7_reg_182            |  64|   0|   64|          0|
    |tmp_reg_178              |   1|   0|    1|          0|
    +-------------------------+----+----+-----+-----------+
    |Total                    | 138|   0|  138|          0|
    +-------------------------+----+----+-----+-----------+



================================================================
== Interface
================================================================
* Summary: 
+-----------------------+-----+-----+------------+----------------+--------------+
|       RTL Ports       | Dir | Bits|  Protocol  |  Source Object |    C Type    |
+-----------------------+-----+-----+------------+----------------+--------------+
|ap_clk                 |  in |    1| ap_ctrl_hs |    compute1    | return value |
|ap_rst                 |  in |    1| ap_ctrl_hs |    compute1    | return value |
|ap_start               |  in |    1| ap_ctrl_hs |    compute1    | return value |
|start_full_n           |  in |    1| ap_ctrl_hs |    compute1    | return value |
|ap_ready               | out |    1| ap_ctrl_hs |    compute1    | return value |
|ap_done                | out |    1| ap_ctrl_hs |    compute1    | return value |
|ap_continue            |  in |    1| ap_ctrl_hs |    compute1    | return value |
|ap_idle                | out |    1| ap_ctrl_hs |    compute1    | return value |
|start_out              | out |    1| ap_ctrl_hs |    compute1    | return value |
|start_write            | out |    1| ap_ctrl_hs |    compute1    | return value |
|to_V_din               | out |   64|   ap_fifo  |      to_V      |    pointer   |
|to_V_full_n            |  in |    1|   ap_fifo  |      to_V      |    pointer   |
|to_V_write             | out |    1|   ap_fifo  |      to_V      |    pointer   |
|from_V_dout            |  in |   64|   ap_fifo  |     from_V     |    pointer   |
|from_V_empty_n         |  in |    1|   ap_fifo  |     from_V     |    pointer   |
|from_V_read            | out |    1|   ap_fifo  |     from_V     |    pointer   |
|data_count_dout        |  in |   32|   ap_fifo  |   data_count   |    pointer   |
|data_count_empty_n     |  in |    1|   ap_fifo  |   data_count   |    pointer   |
|data_count_read        | out |    1|   ap_fifo  |   data_count   |    pointer   |
|data_count_out_din     | out |   32|   ap_fifo  | data_count_out |    pointer   |
|data_count_out_full_n  |  in |    1|   ap_fifo  | data_count_out |    pointer   |
|data_count_out_write   | out |    1|   ap_fifo  | data_count_out |    pointer   |
+-----------------------+-----+-----+------------+----------------+--------------+

============================================================
+ Verbose Summary: Synthesis Manager
============================================================
InlineROM: 1
ExposeGlobal: 0
============================================================
+ Verbose Summary: CDFG Model
============================================================
IsTopModel: 0
ResetActiveHigh: 1
IsCombinational: 2
IsDatapathOnly: 0
HasWiredReturn: 1
HasMFsm: 0
HasVarLatency: 1
IsPipeline: 0
IsRtlPipelined: 0
IsInstanceOverlapped: 0
IsDontTouch: 0
HasImplIP: 0
IsGatedGlobalClock: 0

+ Individual pipeline summary: 
  * Pipeline-0: initiation interval (II) = 1, depth = 2


============================================================
+ Verbose Summary: Schedule
============================================================
* Number of FSM states: 4
* Pipeline: 1
  Pipeline-0: II = 1, D = 2, States = { 2 3 }
* Dataflow Pipeline: 0

* FSM state transitions: 
1 --> 
	2  / true
2 --> 
	4  / (!tmp_i)
	3  / (tmp_i)
3 --> 
	2  / true
4 --> 
* FSM state operations: 

 <State 1>: 2.30ns
ST_1: i_3 (5)  [1/1] 0.00ns
entry:0  %i_3 = alloca i32

ST_1: StgValue_6 (6)  [1/1] 0.00ns
entry:1  call void (...)* @_ssdm_op_SpecInterface(i64* %to_V, [8 x i8]* @ap_fifo_str, i32 0, i32 0, [1 x i8]* @p_str35, i32 0, i32 0, [1 x i8]* @p_str36, [1 x i8]* @p_str37, [1 x i8]* @p_str38, i32 2, i32 2, i32 16, i32 16, [1 x i8]* @p_str39, [1 x i8]* @p_str40)

ST_1: StgValue_7 (7)  [1/1] 0.00ns
entry:2  call void (...)* @_ssdm_op_SpecInterface(i64* %from_V, [8 x i8]* @ap_fifo_str, i32 0, i32 0, [1 x i8]* @p_str21, i32 0, i32 0, [1 x i8]* @p_str22, [1 x i8]* @p_str23, [1 x i8]* @p_str24, i32 2, i32 2, i32 16, i32 16, [1 x i8]* @p_str25, [1 x i8]* @p_str26)

ST_1: StgValue_8 (8)  [1/1] 0.00ns
entry:3  call void (...)* @_ssdm_op_SpecInterface(i32* %data_count, [8 x i8]* @ap_fifo_str, i32 0, i32 0, [1 x i8]* @p_str103, i32 0, i32 0, [1 x i8]* @p_str104, [1 x i8]* @p_str105, [1 x i8]* @p_str106, i32 2, i32 2, i32 16, i32 16, [1 x i8]* @p_str107, [1 x i8]* @p_str108)

ST_1: data_count_read (9)  [1/1] 1.15ns
entry:4  %data_count_read = call i32 @_ssdm_op_Read.ap_fifo.i32P(i32* %data_count)

ST_1: StgValue_10 (10)  [1/1] 0.00ns
entry:5  call void (...)* @_ssdm_op_SpecInterface(i32* %data_count_out, [8 x i8]* @ap_fifo_str, i32 0, i32 0, [1 x i8]* @p_str109, i32 0, i32 0, [1 x i8]* @p_str110, [1 x i8]* @p_str111, [1 x i8]* @p_str112, i32 2, i32 2, i32 16, i32 16, [1 x i8]* @p_str113, [1 x i8]* @p_str114)

ST_1: StgValue_11 (11)  [1/1] 1.15ns
entry:6  call void @_ssdm_op_Write.ap_fifo.i32P(i32* %data_count_out, i32 %data_count_read)

ST_1: StgValue_12 (12)  [1/1] 0.85ns
entry:7  store i32 0, i32* %i_3

ST_1: StgValue_13 (13)  [1/1] 0.00ns  loc: /rsgs/pool0/esingh/aqed4saranyu/results/dataflow/dataflow-stalls_ab/src/dataflow_stalls_kernel.cpp:59
entry:8  br label %0


 <State 2>: 2.36ns
ST_2: i_3_load (15)  [1/1] 0.00ns  loc: /rsgs/pool0/esingh/aqed4saranyu/results/dataflow/dataflow-stalls_ab/src/dataflow_stalls_kernel.cpp:64
:0  %i_3_load = load i32* %i_3

ST_2: tmp_i (16)  [1/1] 1.26ns  loc: /rsgs/pool0/esingh/aqed4saranyu/results/dataflow/dataflow-stalls_ab/src/dataflow_stalls_kernel.cpp:59
:1  %tmp_i = icmp ult i32 %i_3_load, %data_count_read

ST_2: StgValue_16 (17)  [1/1] 0.00ns  loc: /rsgs/pool0/esingh/aqed4saranyu/results/dataflow/dataflow-stalls_ab/src/dataflow_stalls_kernel.cpp:59
:2  br i1 %tmp_i, label %1, label %.exit

ST_2: tmp (22)  [1/1] 0.00ns  loc: /rsgs/pool0/esingh/aqed4saranyu/results/dataflow/dataflow-stalls_ab/src/dataflow_stalls_kernel.cpp:61
:3  %tmp = call i1 @_ssdm_op_NbReadReq.ap_fifo.i64P(i64* %from_V, i32 1)

ST_2: StgValue_18 (23)  [1/1] 0.00ns  loc: /rsgs/pool0/esingh/aqed4saranyu/results/dataflow/dataflow-stalls_ab/src/dataflow_stalls_kernel.cpp:61
:4  br i1 %tmp, label %2, label %._crit_edge.i

ST_2: tmp_7 (25)  [1/1] 1.15ns  loc: /rsgs/pool0/esingh/aqed4saranyu/results/dataflow/dataflow-stalls_ab/src/dataflow_stalls_kernel.cpp:62
:0  %tmp_7 = call i64 @_ssdm_op_Read.ap_fifo.volatile.i64P(i64* %from_V)

ST_2: i (28)  [1/1] 1.51ns  loc: /rsgs/pool0/esingh/aqed4saranyu/results/dataflow/dataflow-stalls_ab/src/dataflow_stalls_kernel.cpp:64
:3  %i = add i32 1, %i_3_load

ST_2: StgValue_21 (29)  [1/1] 0.85ns  loc: /rsgs/pool0/esingh/aqed4saranyu/results/dataflow/dataflow-stalls_ab/src/dataflow_stalls_kernel.cpp:64
:4  store i32 %i, i32* %i_3


 <State 3>: 1.15ns
ST_3: StgValue_22 (19)  [1/1] 0.00ns  loc: /rsgs/pool0/esingh/aqed4saranyu/results/dataflow/dataflow-stalls_ab/src/dataflow_stalls_kernel.cpp:59
:0  call void (...)* @_ssdm_op_SpecLoopName([15 x i8]* @p_str4) nounwind

ST_3: tmp_22_i (20)  [1/1] 0.00ns  loc: /rsgs/pool0/esingh/aqed4saranyu/results/dataflow/dataflow-stalls_ab/src/dataflow_stalls_kernel.cpp:59
:1  %tmp_22_i = call i32 (...)* @_ssdm_op_SpecRegionBegin([15 x i8]* @p_str4)

ST_3: StgValue_24 (21)  [1/1] 0.00ns  loc: /rsgs/pool0/esingh/aqed4saranyu/results/dataflow/dataflow-stalls_ab/src/dataflow_stalls_kernel.cpp:60
:2  call void (...)* @_ssdm_op_SpecPipeline(i32 -1, i32 1, i32 1, i32 0, [1 x i8]* @p_str1) nounwind

ST_3: tmp_8 (26)  [1/1] 0.00ns  loc: /rsgs/pool0/esingh/aqed4saranyu/results/dataflow/dataflow-stalls_ab/src/dataflow_stalls_kernel.cpp:63
:1  %tmp_8 = shl i64 %tmp_7, 1

ST_3: StgValue_26 (27)  [1/1] 1.15ns  loc: /rsgs/pool0/esingh/aqed4saranyu/results/dataflow/dataflow-stalls_ab/src/dataflow_stalls_kernel.cpp:63
:2  call void @_ssdm_op_Write.ap_fifo.volatile.i64P(i64* %to_V, i64 %tmp_8)

ST_3: StgValue_27 (30)  [1/1] 0.00ns  loc: /rsgs/pool0/esingh/aqed4saranyu/results/dataflow/dataflow-stalls_ab/src/dataflow_stalls_kernel.cpp:65
:5  br label %._crit_edge.i

ST_3: empty (32)  [1/1] 0.00ns  loc: /rsgs/pool0/esingh/aqed4saranyu/results/dataflow/dataflow-stalls_ab/src/dataflow_stalls_kernel.cpp:66
._crit_edge.i:0  %empty = call i32 (...)* @_ssdm_op_SpecRegionEnd([15 x i8]* @p_str4, i32 %tmp_22_i)

ST_3: StgValue_29 (33)  [1/1] 0.00ns  loc: /rsgs/pool0/esingh/aqed4saranyu/results/dataflow/dataflow-stalls_ab/src/dataflow_stalls_kernel.cpp:66
._crit_edge.i:1  br label %0


 <State 4>: 0.00ns
ST_4: StgValue_30 (35)  [1/1] 0.00ns
.exit:0  ret void



============================================================
+ Verbose Summary: Binding
============================================================
STG Binding: 
---------------- STG Properties BEGIN ----------------
- Is combinational: 0
- Is one-state seq: 0
- Is datapath-only: 0
- Is pipelined: 0
- Is top level: 0
Port [ Return ] is wired: 1; IO mode=ap_ctrl_hs:ce=0
Port [ to_V]:  wired=1; compound=1; hidden=0; nouse=0; global=0; static=0; extern=0; dir=1; type=3; pingpong=0; private_global=0; IO mode=ap_fifo:ce=0
Port [ from_V]:  wired=1; compound=1; hidden=0; nouse=0; global=0; static=0; extern=0; dir=0; type=3; pingpong=0; private_global=0; IO mode=ap_fifo:ce=0
Port [ data_count]:  wired=1; compound=1; hidden=0; nouse=0; global=0; static=0; extern=0; dir=0; type=3; pingpong=0; private_global=0; IO mode=ap_fifo:ce=0
Port [ data_count_out]:  wired=1; compound=1; hidden=0; nouse=0; global=0; static=0; extern=0; dir=1; type=3; pingpong=0; private_global=0; IO mode=ap_fifo:ce=0
---------------- STG Properties END ------------------

---------------- Datapath Model BEGIN ----------------

<LifeTime>
<method=bitvector/>
i_3             (alloca         ) [ 01110]
StgValue_6      (specinterface  ) [ 00000]
StgValue_7      (specinterface  ) [ 00000]
StgValue_8      (specinterface  ) [ 00000]
data_count_read (read           ) [ 00110]
StgValue_10     (specinterface  ) [ 00000]
StgValue_11     (write          ) [ 00000]
StgValue_12     (store          ) [ 00000]
StgValue_13     (br             ) [ 00000]
i_3_load        (load           ) [ 00000]
tmp_i           (icmp           ) [ 00110]
StgValue_16     (br             ) [ 00000]
tmp             (nbreadreq      ) [ 00110]
StgValue_18     (br             ) [ 00000]
tmp_7           (read           ) [ 00110]
i               (add            ) [ 00000]
StgValue_21     (store          ) [ 00000]
StgValue_22     (specloopname   ) [ 00000]
tmp_22_i        (specregionbegin) [ 00000]
StgValue_24     (specpipeline   ) [ 00000]
tmp_8           (shl            ) [ 00000]
StgValue_26     (write          ) [ 00000]
StgValue_27     (br             ) [ 00000]
empty           (specregionend  ) [ 00000]
StgValue_29     (br             ) [ 00000]
StgValue_30     (ret            ) [ 00000]
</LifeTime>

<model>

<comp_list>
<comp id="0" class="1000" name="to_V">
<pin_list>
<pin id="1" dir="1" index="0" bw="1" slack="0"/>
</pin_list>
<bind>
<StgValue><ssdm name="to_V"/></StgValue>
</bind>
</comp>

<comp id="2" class="1000" name="from_V">
<pin_list>
<pin id="3" dir="1" index="0" bw="1" slack="0"/>
</pin_list>
<bind>
<StgValue><ssdm name="from_V"/></StgValue>
</bind>
</comp>

<comp id="4" class="1000" name="data_count">
<pin_list>
<pin id="5" dir="1" index="0" bw="1" slack="0"/>
</pin_list>
<bind>
<StgValue><ssdm name="data_count"/></StgValue>
</bind>
</comp>

<comp id="6" class="1000" name="data_count_out">
<pin_list>
<pin id="7" dir="1" index="0" bw="1" slack="0"/>
</pin_list>
<bind>
<StgValue><ssdm name="data_count_out"/></StgValue>
</bind>
</comp>

<comp id="8" class="1001" name="const_8">
<pin_list>
<pin id="9" dir="1" index="0" bw="1" slack="0"/>
</pin_list>
<bind>
<StgValue><ssdm name=""/></StgValue>
</bind>
</comp>

<comp id="10" class="1001" name="const_10">
<pin_list>
<pin id="11" dir="1" index="0" bw="1" slack="2147483647"/>
</pin_list>
<bind>
<StgValue><ssdm name="_ssdm_op_SpecInterface"/></StgValue>
</bind>
</comp>

<comp id="12" class="1001" name="const_12">
<pin_list>
<pin id="13" dir="1" index="0" bw="1" slack="2147483647"/>
</pin_list>
<bind>
<StgValue><ssdm name="ap_fifo_str"/></StgValue>
</bind>
</comp>

<comp id="14" class="1001" name="const_14">
<pin_list>
<pin id="15" dir="1" index="0" bw="1" slack="0"/>
</pin_list>
<bind>
<StgValue><ssdm name=""/></StgValue>
</bind>
</comp>

<comp id="16" class="1001" name="const_16">
<pin_list>
<pin id="17" dir="1" index="0" bw="1" slack="2147483647"/>
</pin_list>
<bind>
<StgValue><ssdm name="p_str35"/></StgValue>
</bind>
</comp>

<comp id="18" class="1001" name="const_18">
<pin_list>
<pin id="19" dir="1" index="0" bw="1" slack="2147483647"/>
</pin_list>
<bind>
<StgValue><ssdm name="p_str36"/></StgValue>
</bind>
</comp>

<comp id="20" class="1001" name="const_20">
<pin_list>
<pin id="21" dir="1" index="0" bw="1" slack="2147483647"/>
</pin_list>
<bind>
<StgValue><ssdm name="p_str37"/></StgValue>
</bind>
</comp>

<comp id="22" class="1001" name="const_22">
<pin_list>
<pin id="23" dir="1" index="0" bw="1" slack="2147483647"/>
</pin_list>
<bind>
<StgValue><ssdm name="p_str38"/></StgValue>
</bind>
</comp>

<comp id="24" class="1001" name="const_24">
<pin_list>
<pin id="25" dir="1" index="0" bw="1" slack="2147483647"/>
</pin_list>
<bind>
<StgValue><ssdm name=""/></StgValue>
</bind>
</comp>

<comp id="26" class="1001" name="const_26">
<pin_list>
<pin id="27" dir="1" index="0" bw="1" slack="2147483647"/>
</pin_list>
<bind>
<StgValue><ssdm name=""/></StgValue>
</bind>
</comp>

<comp id="28" class="1001" name="const_28">
<pin_list>
<pin id="29" dir="1" index="0" bw="1" slack="2147483647"/>
</pin_list>
<bind>
<StgValue><ssdm name="p_str39"/></StgValue>
</bind>
</comp>

<comp id="30" class="1001" name="const_30">
<pin_list>
<pin id="31" dir="1" index="0" bw="1" slack="2147483647"/>
</pin_list>
<bind>
<StgValue><ssdm name="p_str40"/></StgValue>
</bind>
</comp>

<comp id="32" class="1001" name="const_32">
<pin_list>
<pin id="33" dir="1" index="0" bw="1" slack="2147483647"/>
</pin_list>
<bind>
<StgValue><ssdm name="p_str21"/></StgValue>
</bind>
</comp>

<comp id="34" class="1001" name="const_34">
<pin_list>
<pin id="35" dir="1" index="0" bw="1" slack="2147483647"/>
</pin_list>
<bind>
<StgValue><ssdm name="p_str22"/></StgValue>
</bind>
</comp>

<comp id="36" class="1001" name="const_36">
<pin_list>
<pin id="37" dir="1" index="0" bw="1" slack="2147483647"/>
</pin_list>
<bind>
<StgValue><ssdm name="p_str23"/></StgValue>
</bind>
</comp>

<comp id="38" class="1001" name="const_38">
<pin_list>
<pin id="39" dir="1" index="0" bw="1" slack="2147483647"/>
</pin_list>
<bind>
<StgValue><ssdm name="p_str24"/></StgValue>
</bind>
</comp>

<comp id="40" class="1001" name="const_40">
<pin_list>
<pin id="41" dir="1" index="0" bw="1" slack="2147483647"/>
</pin_list>
<bind>
<StgValue><ssdm name="p_str25"/></StgValue>
</bind>
</comp>

<comp id="42" class="1001" name="const_42">
<pin_list>
<pin id="43" dir="1" index="0" bw="1" slack="2147483647"/>
</pin_list>
<bind>
<StgValue><ssdm name="p_str26"/></StgValue>
</bind>
</comp>

<comp id="44" class="1001" name="const_44">
<pin_list>
<pin id="45" dir="1" index="0" bw="1" slack="2147483647"/>
</pin_list>
<bind>
<StgValue><ssdm name="p_str103"/></StgValue>
</bind>
</comp>

<comp id="46" class="1001" name="const_46">
<pin_list>
<pin id="47" dir="1" index="0" bw="1" slack="2147483647"/>
</pin_list>
<bind>
<StgValue><ssdm name="p_str104"/></StgValue>
</bind>
</comp>

<comp id="48" class="1001" name="const_48">
<pin_list>
<pin id="49" dir="1" index="0" bw="1" slack="2147483647"/>
</pin_list>
<bind>
<StgValue><ssdm name="p_str105"/></StgValue>
</bind>
</comp>

<comp id="50" class="1001" name="const_50">
<pin_list>
<pin id="51" dir="1" index="0" bw="1" slack="2147483647"/>
</pin_list>
<bind>
<StgValue><ssdm name="p_str106"/></StgValue>
</bind>
</comp>

<comp id="52" class="1001" name="const_52">
<pin_list>
<pin id="53" dir="1" index="0" bw="1" slack="2147483647"/>
</pin_list>
<bind>
<StgValue><ssdm name="p_str107"/></StgValue>
</bind>
</comp>

<comp id="54" class="1001" name="const_54">
<pin_list>
<pin id="55" dir="1" index="0" bw="1" slack="2147483647"/>
</pin_list>
<bind>
<StgValue><ssdm name="p_str108"/></StgValue>
</bind>
</comp>

<comp id="56" class="1001" name="const_56">
<pin_list>
<pin id="57" dir="1" index="0" bw="1" slack="0"/>
</pin_list>
<bind>
<StgValue><ssdm name="_ssdm_op_Read.ap_fifo.i32P"/></StgValue>
</bind>
</comp>

<comp id="58" class="1001" name="const_58">
<pin_list>
<pin id="59" dir="1" index="0" bw="1" slack="2147483647"/>
</pin_list>
<bind>
<StgValue><ssdm name="p_str109"/></StgValue>
</bind>
</comp>

<comp id="60" class="1001" name="const_60">
<pin_list>
<pin id="61" dir="1" index="0" bw="1" slack="2147483647"/>
</pin_list>
<bind>
<StgValue><ssdm name="p_str110"/></StgValue>
</bind>
</comp>

<comp id="62" class="1001" name="const_62">
<pin_list>
<pin id="63" dir="1" index="0" bw="1" slack="2147483647"/>
</pin_list>
<bind>
<StgValue><ssdm name="p_str111"/></StgValue>
</bind>
</comp>

<comp id="64" class="1001" name="const_64">
<pin_list>
<pin id="65" dir="1" index="0" bw="1" slack="2147483647"/>
</pin_list>
<bind>
<StgValue><ssdm name="p_str112"/></StgValue>
</bind>
</comp>

<comp id="66" class="1001" name="const_66">
<pin_list>
<pin id="67" dir="1" index="0" bw="1" slack="2147483647"/>
</pin_list>
<bind>
<StgValue><ssdm name="p_str113"/></StgValue>
</bind>
</comp>

<comp id="68" class="1001" name="const_68">
<pin_list>
<pin id="69" dir="1" index="0" bw="1" slack="2147483647"/>
</pin_list>
<bind>
<StgValue><ssdm name="p_str114"/></StgValue>
</bind>
</comp>

<comp id="70" class="1001" name="const_70">
<pin_list>
<pin id="71" dir="1" index="0" bw="1" slack="0"/>
</pin_list>
<bind>
<StgValue><ssdm name="_ssdm_op_Write.ap_fifo.i32P"/></StgValue>
</bind>
</comp>

<comp id="72" class="1001" name="const_72">
<pin_list>
<pin id="73" dir="1" index="0" bw="1" slack="0"/>
</pin_list>
<bind>
<StgValue><ssdm name="_ssdm_op_NbReadReq.ap_fifo.i64P"/></StgValue>
</bind>
</comp>

<comp id="74" class="1001" name="const_74">
<pin_list>
<pin id="75" dir="1" index="0" bw="1" slack="0"/>
</pin_list>
<bind>
<StgValue><ssdm name="_ssdm_op_Read.ap_fifo.volatile.i64P"/></StgValue>
</bind>
</comp>

<comp id="76" class="1001" name="const_76">
<pin_list>
<pin id="77" dir="1" index="0" bw="1" slack="2147483647"/>
</pin_list>
<bind>
<StgValue><ssdm name="_ssdm_op_SpecLoopName"/></StgValue>
</bind>
</comp>

<comp id="78" class="1001" name="const_78">
<pin_list>
<pin id="79" dir="1" index="0" bw="1" slack="2147483647"/>
</pin_list>
<bind>
<StgValue><ssdm name="p_str4"/></StgValue>
</bind>
</comp>

<comp id="80" class="1001" name="const_80">
<pin_list>
<pin id="81" dir="1" index="0" bw="1" slack="2147483647"/>
</pin_list>
<bind>
<StgValue><ssdm name="_ssdm_op_SpecRegionBegin"/></StgValue>
</bind>
</comp>

<comp id="82" class="1001" name="const_82">
<pin_list>
<pin id="83" dir="1" index="0" bw="1" slack="2147483647"/>
</pin_list>
<bind>
<StgValue><ssdm name="_ssdm_op_SpecPipeline"/></StgValue>
</bind>
</comp>

<comp id="84" class="1001" name="const_84">
<pin_list>
<pin id="85" dir="1" index="0" bw="1" slack="2147483647"/>
</pin_list>
<bind>
<StgValue><ssdm name=""/></StgValue>
</bind>
</comp>

<comp id="86" class="1001" name="const_86">
<pin_list>
<pin id="87" dir="1" index="0" bw="1" slack="2147483647"/>
</pin_list>
<bind>
<StgValue><ssdm name="p_str1"/></StgValue>
</bind>
</comp>

<comp id="88" class="1001" name="const_88">
<pin_list>
<pin id="89" dir="1" index="0" bw="1" slack="0"/>
</pin_list>
<bind>
<StgValue><ssdm name=""/></StgValue>
</bind>
</comp>

<comp id="90" class="1001" name="const_90">
<pin_list>
<pin id="91" dir="1" index="0" bw="1" slack="0"/>
</pin_list>
<bind>
<StgValue><ssdm name="_ssdm_op_Write.ap_fifo.volatile.i64P"/></StgValue>
</bind>
</comp>

<comp id="92" class="1001" name="const_92">
<pin_list>
<pin id="93" dir="1" index="0" bw="1" slack="2147483647"/>
</pin_list>
<bind>
<StgValue><ssdm name="_ssdm_op_SpecRegionEnd"/></StgValue>
</bind>
</comp>

<comp id="94" class="1004" name="i_3_fu_94">
<pin_list>
<pin id="95" dir="0" index="0" bw="1" slack="0"/>
<pin id="96" dir="1" index="1" bw="32" slack="0"/>
</pin_list>
<bind>
<opcode="alloca(26) " fcode="alloca"/>
<opset="i_3/1 "/>
</bind>
</comp>

<comp id="98" class="1004" name="data_count_read_read_fu_98">
<pin_list>
<pin id="99" dir="0" index="0" bw="32" slack="0"/>
<pin id="100" dir="0" index="1" bw="32" slack="0"/>
<pin id="101" dir="1" index="2" bw="32" slack="0"/>
</pin_list>
<bind>
<opcode="read(1150) " fcode="read"/>
<opset="data_count_read/1 "/>
</bind>
</comp>

<comp id="104" class="1004" name="StgValue_11_write_fu_104">
<pin_list>
<pin id="105" dir="0" index="0" bw="0" slack="0"/>
<pin id="106" dir="0" index="1" bw="32" slack="0"/>
<pin id="107" dir="0" index="2" bw="32" slack="0"/>
<pin id="108" dir="1" index="3" bw="0" slack="2147483647"/>
</pin_list>
<bind>
<opcode="write(1151) " fcode="write"/>
<opset="StgValue_11/1 "/>
</bind>
</comp>

<comp id="112" class="1004" name="tmp_nbreadreq_fu_112">
<pin_list>
<pin id="113" dir="0" index="0" bw="1" slack="0"/>
<pin id="114" dir="0" index="1" bw="64" slack="0"/>
<pin id="115" dir="0" index="2" bw="1" slack="0"/>
<pin id="116" dir="1" index="3" bw="1" slack="1"/>
</pin_list>
<bind>
<opcode="nbreadreq(1156) " fcode="nbreadreq"/>
<opset="tmp/2 "/>
</bind>
</comp>

<comp id="120" class="1004" name="tmp_7_read_fu_120">
<pin_list>
<pin id="121" dir="0" index="0" bw="64" slack="0"/>
<pin id="122" dir="0" index="1" bw="64" slack="0"/>
<pin id="123" dir="1" index="2" bw="64" slack="1"/>
</pin_list>
<bind>
<opcode="read(1150) " fcode="read"/>
<opset="tmp_7/2 "/>
</bind>
</comp>

<comp id="126" class="1004" name="StgValue_26_write_fu_126">
<pin_list>
<pin id="127" dir="0" index="0" bw="0" slack="0"/>
<pin id="128" dir="0" index="1" bw="64" slack="0"/>
<pin id="129" dir="0" index="2" bw="64" slack="0"/>
<pin id="130" dir="1" index="3" bw="0" slack="2147483647"/>
</pin_list>
<bind>
<opcode="write(1151) " fcode="write"/>
<opset="StgValue_26/3 "/>
</bind>
</comp>

<comp id="133" class="1004" name="StgValue_12_store_fu_133">
<pin_list>
<pin id="134" dir="0" index="0" bw="1" slack="0"/>
<pin id="135" dir="0" index="1" bw="32" slack="0"/>
<pin id="136" dir="1" index="2" bw="0" slack="2147483647"/>
</pin_list>
<bind>
<opcode="store(28) " fcode="store"/>
<opset="StgValue_12/1 "/>
</bind>
</comp>

<comp id="138" class="1004" name="i_3_load_load_fu_138">
<pin_list>
<pin id="139" dir="0" index="0" bw="32" slack="1"/>
<pin id="140" dir="1" index="1" bw="32" slack="0"/>
</pin_list>
<bind>
<opcode="load(27) " fcode="load"/>
<opset="i_3_load/2 "/>
</bind>
</comp>

<comp id="141" class="1004" name="tmp_i_fu_141">
<pin_list>
<pin id="142" dir="0" index="0" bw="32" slack="0"/>
<pin id="143" dir="0" index="1" bw="32" slack="1"/>
<pin id="144" dir="1" index="2" bw="1" slack="2147483647"/>
</pin_list>
<bind>
<opcode="icmp(45) " fcode="icmp"/>
<opset="tmp_i/2 "/>
</bind>
</comp>

<comp id="146" class="1004" name="i_fu_146">
<pin_list>
<pin id="147" dir="0" index="0" bw="1" slack="0"/>
<pin id="148" dir="0" index="1" bw="32" slack="0"/>
<pin id="149" dir="1" index="2" bw="32" slack="0"/>
</pin_list>
<bind>
<opcode="add(8) " fcode="add"/>
<opset="i/2 "/>
</bind>
</comp>

<comp id="152" class="1004" name="StgValue_21_store_fu_152">
<pin_list>
<pin id="153" dir="0" index="0" bw="32" slack="0"/>
<pin id="154" dir="0" index="1" bw="32" slack="1"/>
<pin id="155" dir="1" index="2" bw="0" slack="2147483647"/>
</pin_list>
<bind>
<opcode="store(28) " fcode="store"/>
<opset="StgValue_21/2 "/>
</bind>
</comp>

<comp id="157" class="1004" name="tmp_8_fu_157">
<pin_list>
<pin id="158" dir="0" index="0" bw="64" slack="1"/>
<pin id="159" dir="0" index="1" bw="1" slack="0"/>
<pin id="160" dir="1" index="2" bw="64" slack="0"/>
</pin_list>
<bind>
<opcode="shl(20) " fcode="shl"/>
<opset="tmp_8/3 "/>
</bind>
</comp>

<comp id="163" class="1005" name="i_3_reg_163">
<pin_list>
<pin id="164" dir="0" index="0" bw="32" slack="0"/>
<pin id="165" dir="1" index="1" bw="32" slack="0"/>
</pin_list>
<bind>
<opset="i_3 "/>
</bind>
</comp>

<comp id="170" class="1005" name="data_count_read_reg_170">
<pin_list>
<pin id="171" dir="0" index="0" bw="32" slack="1"/>
<pin id="172" dir="1" index="1" bw="32" slack="1"/>
</pin_list>
<bind>
<opset="data_count_read "/>
</bind>
</comp>

<comp id="178" class="1005" name="tmp_reg_178">
<pin_list>
<pin id="179" dir="0" index="0" bw="1" slack="1"/>
<pin id="180" dir="1" index="1" bw="1" slack="2147483647"/>
</pin_list>
<bind>
<opset="tmp "/>
</bind>
</comp>

<comp id="182" class="1005" name="tmp_7_reg_182">
<pin_list>
<pin id="183" dir="0" index="0" bw="64" slack="1"/>
<pin id="184" dir="1" index="1" bw="64" slack="1"/>
</pin_list>
<bind>
<opset="tmp_7 "/>
</bind>
</comp>

</comp_list>

<net_list>
<net id="97"><net_src comp="8" pin="0"/><net_sink comp="94" pin=0"/></net>

<net id="102"><net_src comp="56" pin="0"/><net_sink comp="98" pin=0"/></net>

<net id="103"><net_src comp="4" pin="0"/><net_sink comp="98" pin=1"/></net>

<net id="109"><net_src comp="70" pin="0"/><net_sink comp="104" pin=0"/></net>

<net id="110"><net_src comp="6" pin="0"/><net_sink comp="104" pin=1"/></net>

<net id="111"><net_src comp="98" pin="2"/><net_sink comp="104" pin=2"/></net>

<net id="117"><net_src comp="72" pin="0"/><net_sink comp="112" pin=0"/></net>

<net id="118"><net_src comp="2" pin="0"/><net_sink comp="112" pin=1"/></net>

<net id="119"><net_src comp="8" pin="0"/><net_sink comp="112" pin=2"/></net>

<net id="124"><net_src comp="74" pin="0"/><net_sink comp="120" pin=0"/></net>

<net id="125"><net_src comp="2" pin="0"/><net_sink comp="120" pin=1"/></net>

<net id="131"><net_src comp="90" pin="0"/><net_sink comp="126" pin=0"/></net>

<net id="132"><net_src comp="0" pin="0"/><net_sink comp="126" pin=1"/></net>

<net id="137"><net_src comp="14" pin="0"/><net_sink comp="133" pin=0"/></net>

<net id="145"><net_src comp="138" pin="1"/><net_sink comp="141" pin=0"/></net>

<net id="150"><net_src comp="8" pin="0"/><net_sink comp="146" pin=0"/></net>

<net id="151"><net_src comp="138" pin="1"/><net_sink comp="146" pin=1"/></net>

<net id="156"><net_src comp="146" pin="2"/><net_sink comp="152" pin=0"/></net>

<net id="161"><net_src comp="88" pin="0"/><net_sink comp="157" pin=1"/></net>

<net id="162"><net_src comp="157" pin="2"/><net_sink comp="126" pin=2"/></net>

<net id="166"><net_src comp="94" pin="1"/><net_sink comp="163" pin=0"/></net>

<net id="167"><net_src comp="163" pin="1"/><net_sink comp="133" pin=1"/></net>

<net id="168"><net_src comp="163" pin="1"/><net_sink comp="138" pin=0"/></net>

<net id="169"><net_src comp="163" pin="1"/><net_sink comp="152" pin=1"/></net>

<net id="173"><net_src comp="98" pin="2"/><net_sink comp="170" pin=0"/></net>

<net id="174"><net_src comp="170" pin="1"/><net_sink comp="141" pin=1"/></net>

<net id="181"><net_src comp="112" pin="3"/><net_sink comp="178" pin=0"/></net>

<net id="185"><net_src comp="120" pin="2"/><net_sink comp="182" pin=0"/></net>

<net id="186"><net_src comp="182" pin="1"/><net_sink comp="157" pin=0"/></net>

</net_list>

</model> 
---------------- Datapath Model END ------------------

* FSMD analyzer results:
  - Output states:
	Port: to_V | {3 }
	Port: data_count_out | {1 }
 - Input state : 
	Port: compute1 : from_V | {2 }
	Port: compute1 : data_count | {1 }
  - Chain level:
	State 1
		StgValue_12 : 1
	State 2
		tmp_i : 1
		StgValue_16 : 2
		i : 1
		StgValue_21 : 2
	State 3
		empty : 1
	State 4


============================================================
+ Verbose Summary: Datapath Resource usage 
============================================================

* Functional unit list:
|----------|----------------------------|---------|---------|
| Operation|       Functional Unit      |    FF   |   LUT   |
|----------|----------------------------|---------|---------|
|    add   |          i_fu_146          |    0    |    39   |
|----------|----------------------------|---------|---------|
|   icmp   |        tmp_i_fu_141        |    0    |    18   |
|----------|----------------------------|---------|---------|
|   read   | data_count_read_read_fu_98 |    0    |    0    |
|          |      tmp_7_read_fu_120     |    0    |    0    |
|----------|----------------------------|---------|---------|
|   write  |  StgValue_11_write_fu_104  |    0    |    0    |
|          |  StgValue_26_write_fu_126  |    0    |    0    |
|----------|----------------------------|---------|---------|
| nbreadreq|    tmp_nbreadreq_fu_112    |    0    |    0    |
|----------|----------------------------|---------|---------|
|    shl   |        tmp_8_fu_157        |    0    |    0    |
|----------|----------------------------|---------|---------|
|   Total  |                            |    0    |    57   |
|----------|----------------------------|---------|---------|

Memories:
N/A

* Register list:
+-----------------------+--------+
|                       |   FF   |
+-----------------------+--------+
|data_count_read_reg_170|   32   |
|      i_3_reg_163      |   32   |
|     tmp_7_reg_182     |   64   |
|      tmp_reg_178      |    1   |
+-----------------------+--------+
|         Total         |   129  |
+-----------------------+--------+

* Multiplexer (MUX) list: 
|--------|------|------|------|--------|
|  Comp  |  Pin | Size |  BW  | S x BW |
|--------|------|------|------|--------|
|  Total |      |      |      |    0   |
|--------|------|------|------|--------|



* Summary:
+-----------+--------+--------+
|           |   FF   |   LUT  |
+-----------+--------+--------+
|  Function |    0   |   57   |
|   Memory  |    -   |    -   |
|Multiplexer|    -   |    -   |
|  Register |   129  |    -   |
+-----------+--------+--------+
|   Total   |   129  |   57   |
+-----------+--------+--------+
