

================================================================
== Vivado HLS Report for 'dataflow_stalls_kernel'
================================================================
* Date:           Tue Apr 14 07:39:18 2020

* Version:        2017.1 (Build 1846317 on Thu Jun 22 18:17:09 MDT 2017)
* Project:        dataflow_stalls_kernel
* Solution:       solution_OCL_REGION_0
* Product family: virtex7
* Target device:  xc7vx690tffg1157-2


================================================================
== Performance Estimates
================================================================
+ Timing (ns): 
    * Summary: 
    +--------+-------+----------+------------+
    |  Clock | Target| Estimated| Uncertainty|
    +--------+-------+----------+------------+
    |ap_clk  |   5.00|      3.65|        1.35|
    +--------+-------+----------+------------+

+ Latency (clock cycles): 
    * Summary: 
    +-----+-----+-----+-----+----------+
    |  Latency  |  Interval | Pipeline |
    | min | max | min | max |   Type   |
    +-----+-----+-----+-----+----------+
    |    ?|    ?|    ?|    ?| dataflow |
    +-----+-----+-----+-----+----------+

    + Detail: 
        * Instance: 
        +---------------------+----------+-----+-----+-----+-----+---------+
        |                     |          |  Latency  |  Interval | Pipeline|
        |       Instance      |  Module  | min | max | min | max |   Type  |
        +---------------------+----------+-----+-----+-----+-----+---------+
        |grp_compute2_fu_332  |compute2  |    ?|    ?|    ?|    ?|   none  |
        |grp_store_fu_339     |store     |    ?|    ?|    ?|    ?|   none  |
        |grp_load5_fu_348     |load5     |    ?|    ?|    ?|    ?|   none  |
        |grp_gather_fu_363    |gather    |    ?|    ?|    ?|    ?|   none  |
        |grp_compute1_fu_372  |compute1  |    ?|    ?|    ?|    ?|   none  |
        |grp_scatter_fu_380   |scatter   |    ?|    ?|    ?|    ?|   none  |
        +---------------------+----------+-----+-----+-----+-----+---------+

        * Loop: 
        N/A

============================================================
+ Verbose Summary: Synthesis Manager
============================================================
InlineROM: 1
ExposeGlobal: 0
============================================================
+ Verbose Summary: CDFG Model
============================================================
IsTopModel: 1
ResetActiveHigh: 1
IsCombinational: 2
IsDatapathOnly: 0
HasWiredReturn: 1
HasMFsm: 0
HasVarLatency: 1
IsPipeline: 0
IsRtlPipelined: 0
IsInstanceOverlapped: 0
IsDontTouch: 0
HasImplIP: 0
IsGatedGlobalClock: 0


============================================================
+ Verbose Summary: Schedule
============================================================
* Number of FSM states: 10
* Pipeline: 0
* Dataflow Pipeline: 1
  DF-Pipeline-0: Size = 10, States = { 1 2 3 4 5 6 7 8 9 10 }

* FSM state transitions: 
1 --> 
	2  / true
2 --> 
	3  / true
3 --> 
	4  / true
4 --> 
	5  / true
5 --> 
	6  / true
6 --> 
	7  / true
7 --> 
	8  / true
8 --> 
	9  / true
9 --> 
	10  / true
10 --> 
* FSM state operations: 

 <State 1>: 2.15ns
ST_1: data_count_read (6)  [1/1] 1.00ns
:0  %data_count_read = call i32 @_ssdm_op_Read.s_axilite.i32(i32 %data_count)

ST_1: input_ddr0_read (7)  [1/1] 1.00ns
:1  %input_ddr0_read = call i64 @_ssdm_op_Read.s_axilite.i64(i64 %input_ddr0)

ST_1: output_ddr0_read (8)  [1/1] 1.00ns
:2  %output_ddr0_read = call i64 @_ssdm_op_Read.s_axilite.i64(i64 %output_ddr0)

ST_1: output_ddr0_c (9)  [1/1] 0.00ns
:3  %output_ddr0_c = alloca i64, align 8

ST_1: data_count_c10 (12)  [1/1] 0.00ns
:6  %data_count_c10 = alloca i32, align 4

ST_1: data_count_c9 (13)  [1/1] 0.00ns
:7  %data_count_c9 = alloca i32, align 4

ST_1: data_count_c8 (14)  [1/1] 0.00ns
:8  %data_count_c8 = alloca i32, align 4

ST_1: data_count_c7 (15)  [1/1] 0.00ns
:9  %data_count_c7 = alloca i32, align 4

ST_1: data_count_c (16)  [1/1] 0.00ns
:10  %data_count_c = alloca i32, align 4

ST_1: data_stage0_V (20)  [1/1] 0.00ns  loc: /rsgs/pool0/esingh/aqed4saranyu/results/dataflow/dataflow-stalls_ab/src/dataflow_stalls_kernel.cpp:106
:14  %data_stage0_V = alloca i64, align 8

ST_1: data_stage1_V (23)  [1/1] 0.00ns  loc: /rsgs/pool0/esingh/aqed4saranyu/results/dataflow/dataflow-stalls_ab/src/dataflow_stalls_kernel.cpp:107
:17  %data_stage1_V = alloca i64, align 8

ST_1: data_stage2_V (26)  [1/1] 0.00ns  loc: /rsgs/pool0/esingh/aqed4saranyu/results/dataflow/dataflow-stalls_ab/src/dataflow_stalls_kernel.cpp:108
:20  %data_stage2_V = alloca i64, align 8

ST_1: data_stage3_V (29)  [1/1] 0.00ns  loc: /rsgs/pool0/esingh/aqed4saranyu/results/dataflow/dataflow-stalls_ab/src/dataflow_stalls_kernel.cpp:109
:23  %data_stage3_V = alloca i64, align 8

ST_1: data_stage4_V (32)  [1/1] 0.00ns  loc: /rsgs/pool0/esingh/aqed4saranyu/results/dataflow/dataflow-stalls_ab/src/dataflow_stalls_kernel.cpp:110
:26  %data_stage4_V = alloca i64, align 8

ST_1: data_stage5_V (35)  [1/1] 0.00ns  loc: /rsgs/pool0/esingh/aqed4saranyu/results/dataflow/dataflow-stalls_ab/src/dataflow_stalls_kernel.cpp:111
:29  %data_stage5_V = alloca i64, align 8

ST_1: StgValue_26 (48)  [2/2] 1.15ns
:42  call fastcc void @load5(i64* %data_stage0_V, i64* %gmemi, i64 %input_ddr0_read, i32 %data_count_read, i32* %data_count_c, i64 %output_ddr0_read, i64* %output_ddr0_c)


 <State 2>: 0.00ns
ST_2: StgValue_27 (48)  [1/2] 0.00ns
:42  call fastcc void @load5(i64* %data_stage0_V, i64* %gmemi, i64 %input_ddr0_read, i32 %data_count_read, i32* %data_count_c, i64 %output_ddr0_read, i64* %output_ddr0_c)


 <State 3>: 0.00ns
ST_3: StgValue_28 (53)  [2/2] 0.00ns  loc: /rsgs/pool0/esingh/aqed4saranyu/results/dataflow/dataflow-stalls_ab/src/dataflow_stalls_kernel.cpp:122
:47  call fastcc void @scatter(i64* %data_stage1_V, i64* %data_stage2_V, i64* %data_stage0_V, i32* nocapture %data_count_c, i32* %data_count_c7, i32* %data_count_c8) nounwind


 <State 4>: 0.00ns
ST_4: StgValue_29 (53)  [1/2] 0.00ns  loc: /rsgs/pool0/esingh/aqed4saranyu/results/dataflow/dataflow-stalls_ab/src/dataflow_stalls_kernel.cpp:122
:47  call fastcc void @scatter(i64* %data_stage1_V, i64* %data_stage2_V, i64* %data_stage0_V, i32* nocapture %data_count_c, i32* %data_count_c7, i32* %data_count_c8) nounwind


 <State 5>: 0.00ns
ST_5: StgValue_30 (56)  [2/2] 0.00ns  loc: /rsgs/pool0/esingh/aqed4saranyu/results/dataflow/dataflow-stalls_ab/src/dataflow_stalls_kernel.cpp:123
:50  call fastcc void @compute1(i64* %data_stage3_V, i64* %data_stage1_V, i32* nocapture %data_count_c7, i32* %data_count_c9) nounwind

ST_5: StgValue_31 (57)  [2/2] 0.00ns  loc: /rsgs/pool0/esingh/aqed4saranyu/results/dataflow/dataflow-stalls_ab/src/dataflow_stalls_kernel.cpp:124
:51  call fastcc void @compute2(i64* %data_stage4_V, i64* %data_stage2_V, i32* nocapture %data_count_c8) nounwind


 <State 6>: 0.00ns
ST_6: StgValue_32 (56)  [1/2] 0.00ns  loc: /rsgs/pool0/esingh/aqed4saranyu/results/dataflow/dataflow-stalls_ab/src/dataflow_stalls_kernel.cpp:123
:50  call fastcc void @compute1(i64* %data_stage3_V, i64* %data_stage1_V, i32* nocapture %data_count_c7, i32* %data_count_c9) nounwind

ST_6: StgValue_33 (57)  [1/2] 0.00ns  loc: /rsgs/pool0/esingh/aqed4saranyu/results/dataflow/dataflow-stalls_ab/src/dataflow_stalls_kernel.cpp:124
:51  call fastcc void @compute2(i64* %data_stage4_V, i64* %data_stage2_V, i32* nocapture %data_count_c8) nounwind


 <State 7>: 0.00ns
ST_7: StgValue_34 (60)  [2/2] 0.00ns  loc: /rsgs/pool0/esingh/aqed4saranyu/results/dataflow/dataflow-stalls_ab/src/dataflow_stalls_kernel.cpp:125
:54  call fastcc void @gather(i64* %data_stage5_V, i64* %data_stage3_V, i64* %data_stage4_V, i32* nocapture %data_count_c9, i32* %data_count_c10) nounwind


 <State 8>: 0.00ns
ST_8: StgValue_35 (60)  [1/2] 0.00ns  loc: /rsgs/pool0/esingh/aqed4saranyu/results/dataflow/dataflow-stalls_ab/src/dataflow_stalls_kernel.cpp:125
:54  call fastcc void @gather(i64* %data_stage5_V, i64* %data_stage3_V, i64* %data_stage4_V, i32* nocapture %data_count_c9, i32* %data_count_c10) nounwind


 <State 9>: 0.00ns
ST_9: StgValue_36 (61)  [2/2] 0.00ns  loc: /rsgs/pool0/esingh/aqed4saranyu/results/dataflow/dataflow-stalls_ab/src/dataflow_stalls_kernel.cpp:126
:55  call fastcc void @store(i64* %gmemo, i64* nocapture %output_ddr0_c, i64* %data_stage5_V, i32* nocapture %data_count_c10)


 <State 10>: 0.00ns
ST_10: StgValue_37 (10)  [1/1] 0.00ns
:4  call void (...)* @_ssdm_op_SpecBitsMap(i64* %gmemi), !map !50

ST_10: StgValue_38 (11)  [1/1] 0.00ns
:5  call void (...)* @_ssdm_op_SpecBitsMap(i64* %gmemo), !map !56

ST_10: StgValue_39 (17)  [1/1] 0.00ns  loc: /rsgs/pool0/esingh/aqed4saranyu/results/dataflow/dataflow-stalls_ab/src/dataflow_stalls_kernel.cpp:120
:11  call void (...)* @_ssdm_op_SpecDataflowPipeline(i32 -1, [1 x i8]* @p_str1) nounwind

ST_10: StgValue_40 (18)  [1/1] 0.00ns
:12  call void (...)* @_ssdm_op_SpecBitsMap(i32 %data_count) nounwind, !map !60

ST_10: StgValue_41 (19)  [1/1] 0.00ns
:13  call void (...)* @_ssdm_op_SpecTopModule([23 x i8]* @dataflow_stalls_kernel_str) nounwind

ST_10: empty (21)  [1/1] 0.00ns
:15  %empty = call i32 (...)* @_ssdm_op_SpecChannel([14 x i8]* @data_stage0_OC_V_str, i32 1, [1 x i8]* @p_str13, [1 x i8]* @p_str13, i32 10, i32 10, i64* %data_stage0_V, i64* %data_stage0_V) nounwind

ST_10: StgValue_43 (22)  [1/1] 0.00ns
:16  call void (...)* @_ssdm_op_SpecInterface(i64* %data_stage0_V, [8 x i8]* @ap_fifo_str, i32 0, i32 0, [1 x i8]* @p_str14, i32 0, i32 0, [1 x i8]* @p_str15, [1 x i8]* @p_str16, [1 x i8]* @p_str17, i32 2, i32 2, i32 16, i32 16, [1 x i8]* @p_str18, [1 x i8]* @p_str19)

ST_10: empty_7 (24)  [1/1] 0.00ns
:18  %empty_7 = call i32 (...)* @_ssdm_op_SpecChannel([14 x i8]* @data_stage1_OC_V_str, i32 1, [1 x i8]* @p_str20, [1 x i8]* @p_str20, i32 1, i32 1, i64* %data_stage1_V, i64* %data_stage1_V) nounwind

ST_10: StgValue_45 (25)  [1/1] 0.00ns
:19  call void (...)* @_ssdm_op_SpecInterface(i64* %data_stage1_V, [8 x i8]* @ap_fifo_str, i32 0, i32 0, [1 x i8]* @p_str21, i32 0, i32 0, [1 x i8]* @p_str22, [1 x i8]* @p_str23, [1 x i8]* @p_str24, i32 2, i32 2, i32 16, i32 16, [1 x i8]* @p_str25, [1 x i8]* @p_str26)

ST_10: empty_8 (27)  [1/1] 0.00ns
:21  %empty_8 = call i32 (...)* @_ssdm_op_SpecChannel([14 x i8]* @data_stage2_OC_V_str, i32 1, [1 x i8]* @p_str27, [1 x i8]* @p_str27, i32 1, i32 1, i64* %data_stage2_V, i64* %data_stage2_V) nounwind

ST_10: StgValue_47 (28)  [1/1] 0.00ns
:22  call void (...)* @_ssdm_op_SpecInterface(i64* %data_stage2_V, [8 x i8]* @ap_fifo_str, i32 0, i32 0, [1 x i8]* @p_str28, i32 0, i32 0, [1 x i8]* @p_str29, [1 x i8]* @p_str30, [1 x i8]* @p_str31, i32 2, i32 2, i32 16, i32 16, [1 x i8]* @p_str32, [1 x i8]* @p_str33)

ST_10: empty_9 (30)  [1/1] 0.00ns
:24  %empty_9 = call i32 (...)* @_ssdm_op_SpecChannel([14 x i8]* @data_stage3_OC_V_str, i32 1, [1 x i8]* @p_str34, [1 x i8]* @p_str34, i32 5, i32 5, i64* %data_stage3_V, i64* %data_stage3_V) nounwind

ST_10: StgValue_49 (31)  [1/1] 0.00ns
:25  call void (...)* @_ssdm_op_SpecInterface(i64* %data_stage3_V, [8 x i8]* @ap_fifo_str, i32 0, i32 0, [1 x i8]* @p_str35, i32 0, i32 0, [1 x i8]* @p_str36, [1 x i8]* @p_str37, [1 x i8]* @p_str38, i32 2, i32 2, i32 16, i32 16, [1 x i8]* @p_str39, [1 x i8]* @p_str40)

ST_10: empty_10 (33)  [1/1] 0.00ns
:27  %empty_10 = call i32 (...)* @_ssdm_op_SpecChannel([14 x i8]* @data_stage4_OC_V_str, i32 1, [1 x i8]* @p_str41, [1 x i8]* @p_str41, i32 1, i32 1, i64* %data_stage4_V, i64* %data_stage4_V) nounwind

ST_10: StgValue_51 (34)  [1/1] 0.00ns
:28  call void (...)* @_ssdm_op_SpecInterface(i64* %data_stage4_V, [8 x i8]* @ap_fifo_str, i32 0, i32 0, [1 x i8]* @p_str42, i32 0, i32 0, [1 x i8]* @p_str43, [1 x i8]* @p_str44, [1 x i8]* @p_str45, i32 2, i32 2, i32 16, i32 16, [1 x i8]* @p_str46, [1 x i8]* @p_str47)

ST_10: empty_11 (36)  [1/1] 0.00ns
:30  %empty_11 = call i32 (...)* @_ssdm_op_SpecChannel([14 x i8]* @data_stage5_OC_V_str, i32 1, [1 x i8]* @p_str48, [1 x i8]* @p_str48, i32 10, i32 10, i64* %data_stage5_V, i64* %data_stage5_V) nounwind

ST_10: StgValue_53 (37)  [1/1] 0.00ns
:31  call void (...)* @_ssdm_op_SpecInterface(i64* %data_stage5_V, [8 x i8]* @ap_fifo_str, i32 0, i32 0, [1 x i8]* @p_str49, i32 0, i32 0, [1 x i8]* @p_str50, [1 x i8]* @p_str51, [1 x i8]* @p_str52, i32 2, i32 2, i32 16, i32 16, [1 x i8]* @p_str53, [1 x i8]* @p_str54)

ST_10: StgValue_54 (38)  [1/1] 0.00ns  loc: /rsgs/pool0/esingh/aqed4saranyu/results/dataflow/dataflow-stalls_ab/src/dataflow_stalls_kernel.cpp:98
:32  call void (...)* @_ssdm_op_SpecInterface(i64* %gmemo, [6 x i8]* @p_str7, i32 0, i32 0, [1 x i8]* @p_str1, i32 0, i32 65536, [6 x i8]* @p_str8, [6 x i8]* @p_str9, [1 x i8]* @p_str1, i32 16, i32 16, i32 16, i32 16, [1 x i8]* @p_str1, [1 x i8]* @p_str1) nounwind

ST_10: StgValue_55 (39)  [1/1] 0.00ns  loc: /rsgs/pool0/esingh/aqed4saranyu/results/dataflow/dataflow-stalls_ab/src/dataflow_stalls_kernel.cpp:99
:33  call void (...)* @_ssdm_op_SpecInterface(i64* %gmemi, [6 x i8]* @p_str7, i32 0, i32 0, [1 x i8]* @p_str1, i32 0, i32 65536, [6 x i8]* @p_str10, [6 x i8]* @p_str9, [1 x i8]* @p_str1, i32 16, i32 16, i32 16, i32 16, [1 x i8]* @p_str1, [1 x i8]* @p_str1) nounwind

ST_10: StgValue_56 (40)  [1/1] 0.00ns  loc: /rsgs/pool0/esingh/aqed4saranyu/results/dataflow/dataflow-stalls_ab/src/dataflow_stalls_kernel.cpp:101
:34  call void (...)* @_ssdm_op_SpecInterface(i64 %output_ddr0, [10 x i8]* @p_str11, i32 0, i32 0, [1 x i8]* @p_str1, i32 0, i32 0, [8 x i8]* @p_str12, [1 x i8]* @p_str1, [1 x i8]* @p_str1, i32 0, i32 0, i32 0, i32 0, [1 x i8]* @p_str1, [1 x i8]* @p_str1) nounwind

ST_10: StgValue_57 (41)  [1/1] 0.00ns  loc: /rsgs/pool0/esingh/aqed4saranyu/results/dataflow/dataflow-stalls_ab/src/dataflow_stalls_kernel.cpp:102
:35  call void (...)* @_ssdm_op_SpecInterface(i64 %input_ddr0, [10 x i8]* @p_str11, i32 0, i32 0, [1 x i8]* @p_str1, i32 0, i32 0, [8 x i8]* @p_str12, [1 x i8]* @p_str1, [1 x i8]* @p_str1, i32 0, i32 0, i32 0, i32 0, [1 x i8]* @p_str1, [1 x i8]* @p_str1) nounwind

ST_10: StgValue_58 (42)  [1/1] 0.00ns  loc: /rsgs/pool0/esingh/aqed4saranyu/results/dataflow/dataflow-stalls_ab/src/dataflow_stalls_kernel.cpp:103
:36  call void (...)* @_ssdm_op_SpecInterface(i32 %data_count, [10 x i8]* @p_str11, i32 0, i32 0, [1 x i8]* @p_str1, i32 0, i32 0, [8 x i8]* @p_str12, [1 x i8]* @p_str1, [1 x i8]* @p_str1, i32 0, i32 0, i32 0, i32 0, [1 x i8]* @p_str1, [1 x i8]* @p_str1) nounwind

ST_10: StgValue_59 (43)  [1/1] 0.00ns  loc: /rsgs/pool0/esingh/aqed4saranyu/results/dataflow/dataflow-stalls_ab/src/dataflow_stalls_kernel.cpp:104
:37  call void (...)* @_ssdm_op_SpecInterface(i32 0, [10 x i8]* @p_str11, i32 0, i32 0, [1 x i8]* @p_str1, i32 0, i32 0, [8 x i8]* @p_str12, [1 x i8]* @p_str1, [1 x i8]* @p_str1, i32 0, i32 0, i32 0, i32 0, [1 x i8]* @p_str1, [1 x i8]* @p_str1) nounwind

ST_10: empty_12 (44)  [1/1] 0.00ns
:38  %empty_12 = call i32 (...)* @_ssdm_op_SpecChannel([13 x i8]* @data_count_c_str, i32 1, [1 x i8]* @p_str62, [1 x i8]* @p_str62, i32 1, i32 0, i32* %data_count_c, i32* %data_count_c) nounwind

ST_10: StgValue_61 (45)  [1/1] 0.00ns
:39  call void (...)* @_ssdm_op_SpecInterface(i32* %data_count_c, [8 x i8]* @ap_fifo_str, i32 0, i32 0, [1 x i8]* @p_str63, i32 0, i32 0, [1 x i8]* @p_str64, [1 x i8]* @p_str65, [1 x i8]* @p_str66, i32 2, i32 2, i32 16, i32 16, [1 x i8]* @p_str67, [1 x i8]* @p_str68)

ST_10: empty_13 (46)  [1/1] 0.00ns
:40  %empty_13 = call i32 (...)* @_ssdm_op_SpecChannel([14 x i8]* @output_ddr0_c_str, i32 1, [1 x i8]* @p_str156, [1 x i8]* @p_str156, i32 4, i32 0, i64* %output_ddr0_c, i64* %output_ddr0_c)

ST_10: StgValue_63 (47)  [1/1] 0.00ns
:41  call void (...)* @_ssdm_op_SpecInterface(i64* %output_ddr0_c, [8 x i8]* @ap_fifo_str, i32 0, i32 0, [1 x i8]* @p_str157, i32 0, i32 0, [1 x i8]* @p_str158, [1 x i8]* @p_str159, [1 x i8]* @p_str160, i32 2, i32 2, i32 16, i32 16, [1 x i8]* @p_str161, [1 x i8]* @p_str162)

ST_10: empty_14 (49)  [1/1] 0.00ns
:43  %empty_14 = call i32 (...)* @_ssdm_op_SpecChannel([14 x i8]* @data_count_c7_str, i32 1, [1 x i8]* @p_str88, [1 x i8]* @p_str88, i32 1, i32 0, i32* %data_count_c7, i32* %data_count_c7) nounwind

ST_10: StgValue_65 (50)  [1/1] 0.00ns
:44  call void (...)* @_ssdm_op_SpecInterface(i32* %data_count_c7, [8 x i8]* @ap_fifo_str, i32 0, i32 0, [1 x i8]* @p_str89, i32 0, i32 0, [1 x i8]* @p_str90, [1 x i8]* @p_str91, [1 x i8]* @p_str92, i32 2, i32 2, i32 16, i32 16, [1 x i8]* @p_str93, [1 x i8]* @p_str94)

ST_10: empty_15 (51)  [1/1] 0.00ns
:45  %empty_15 = call i32 (...)* @_ssdm_op_SpecChannel([14 x i8]* @data_count_c8_str, i32 1, [1 x i8]* @p_str95, [1 x i8]* @p_str95, i32 1, i32 0, i32* %data_count_c8, i32* %data_count_c8) nounwind

ST_10: StgValue_67 (52)  [1/1] 0.00ns
:46  call void (...)* @_ssdm_op_SpecInterface(i32* %data_count_c8, [8 x i8]* @ap_fifo_str, i32 0, i32 0, [1 x i8]* @p_str96, i32 0, i32 0, [1 x i8]* @p_str97, [1 x i8]* @p_str98, [1 x i8]* @p_str99, i32 2, i32 2, i32 16, i32 16, [1 x i8]* @p_str100, [1 x i8]* @p_str101)

ST_10: empty_16 (54)  [1/1] 0.00ns
:48  %empty_16 = call i32 (...)* @_ssdm_op_SpecChannel([14 x i8]* @data_count_c9_str, i32 1, [1 x i8]* @p_str115, [1 x i8]* @p_str115, i32 1, i32 0, i32* %data_count_c9, i32* %data_count_c9) nounwind

ST_10: StgValue_69 (55)  [1/1] 0.00ns
:49  call void (...)* @_ssdm_op_SpecInterface(i32* %data_count_c9, [8 x i8]* @ap_fifo_str, i32 0, i32 0, [1 x i8]* @p_str116, i32 0, i32 0, [1 x i8]* @p_str117, [1 x i8]* @p_str118, [1 x i8]* @p_str119, i32 2, i32 2, i32 16, i32 16, [1 x i8]* @p_str120, [1 x i8]* @p_str121)

ST_10: empty_17 (58)  [1/1] 0.00ns
:52  %empty_17 = call i32 (...)* @_ssdm_op_SpecChannel([15 x i8]* @data_count_c10_str, i32 1, [1 x i8]* @p_str142, [1 x i8]* @p_str142, i32 1, i32 0, i32* %data_count_c10, i32* %data_count_c10) nounwind

ST_10: StgValue_71 (59)  [1/1] 0.00ns
:53  call void (...)* @_ssdm_op_SpecInterface(i32* %data_count_c10, [8 x i8]* @ap_fifo_str, i32 0, i32 0, [1 x i8]* @p_str143, i32 0, i32 0, [1 x i8]* @p_str144, [1 x i8]* @p_str145, [1 x i8]* @p_str146, i32 2, i32 2, i32 16, i32 16, [1 x i8]* @p_str147, [1 x i8]* @p_str148)

ST_10: StgValue_72 (61)  [1/2] 0.00ns  loc: /rsgs/pool0/esingh/aqed4saranyu/results/dataflow/dataflow-stalls_ab/src/dataflow_stalls_kernel.cpp:126
:55  call fastcc void @store(i64* %gmemo, i64* nocapture %output_ddr0_c, i64* %data_stage5_V, i32* nocapture %data_count_c10)

ST_10: StgValue_73 (62)  [1/1] 0.00ns  loc: /rsgs/pool0/esingh/aqed4saranyu/results/dataflow/dataflow-stalls_ab/src/dataflow_stalls_kernel.cpp:127
:56  ret void



============================================================
+ Verbose Summary: Binding
============================================================
STG Binding: 
---------------- STG Properties BEGIN ----------------
- Is combinational: 0
- Is one-state seq: 0
- Is datapath-only: 0
- Is pipelined: 0
- Is top level: 1
Port [ Return ] is wired: 1; IO mode=ap_ctrl_hs:ce=0
Port [ gmemo]:  wired=1; compound=1; hidden=0; nouse=0; global=0; static=0; extern=0; dir=1; type=4; pingpong=0; private_global=0; IO mode=m_axi:ce=0
Port [ gmemi]:  wired=1; compound=1; hidden=0; nouse=0; global=0; static=0; extern=0; dir=0; type=4; pingpong=0; private_global=0; IO mode=m_axi:ce=0
Port [ output_ddr0]:  wired=1; compound=0; hidden=0; nouse=0; global=0; static=0; extern=0; dir=0; type=0; pingpong=0; private_global=0; IO mode=ap_none:ce=0
Port [ input_ddr0]:  wired=1; compound=0; hidden=0; nouse=0; global=0; static=0; extern=0; dir=0; type=0; pingpong=0; private_global=0; IO mode=ap_none:ce=0
Port [ data_count]:  wired=1; compound=0; hidden=0; nouse=0; global=0; static=0; extern=0; dir=0; type=0; pingpong=0; private_global=0; IO mode=ap_none:ce=0
---------------- STG Properties END ------------------

---------------- Datapath Model BEGIN ----------------

<LifeTime>
<method=bitvector/>
data_count_read  (read                ) [ 00100000000]
input_ddr0_read  (read                ) [ 00100000000]
output_ddr0_read (read                ) [ 00100000000]
output_ddr0_c    (alloca              ) [ 01111111111]
data_count_c10   (alloca              ) [ 00111111111]
data_count_c9    (alloca              ) [ 00111111111]
data_count_c8    (alloca              ) [ 00111111111]
data_count_c7    (alloca              ) [ 00111111111]
data_count_c     (alloca              ) [ 01111111111]
data_stage0_V    (alloca              ) [ 01111111111]
data_stage1_V    (alloca              ) [ 00111111111]
data_stage2_V    (alloca              ) [ 00111111111]
data_stage3_V    (alloca              ) [ 00111111111]
data_stage4_V    (alloca              ) [ 00111111111]
data_stage5_V    (alloca              ) [ 00111111111]
StgValue_27      (call                ) [ 00000000000]
StgValue_29      (call                ) [ 00000000000]
StgValue_32      (call                ) [ 00000000000]
StgValue_33      (call                ) [ 00000000000]
StgValue_35      (call                ) [ 00000000000]
StgValue_37      (specbitsmap         ) [ 00000000000]
StgValue_38      (specbitsmap         ) [ 00000000000]
StgValue_39      (specdataflowpipeline) [ 00000000000]
StgValue_40      (specbitsmap         ) [ 00000000000]
StgValue_41      (spectopmodule       ) [ 00000000000]
empty            (specchannel         ) [ 00000000000]
StgValue_43      (specinterface       ) [ 00000000000]
empty_7          (specchannel         ) [ 00000000000]
StgValue_45      (specinterface       ) [ 00000000000]
empty_8          (specchannel         ) [ 00000000000]
StgValue_47      (specinterface       ) [ 00000000000]
empty_9          (specchannel         ) [ 00000000000]
StgValue_49      (specinterface       ) [ 00000000000]
empty_10         (specchannel         ) [ 00000000000]
StgValue_51      (specinterface       ) [ 00000000000]
empty_11         (specchannel         ) [ 00000000000]
StgValue_53      (specinterface       ) [ 00000000000]
StgValue_54      (specinterface       ) [ 00000000000]
StgValue_55      (specinterface       ) [ 00000000000]
StgValue_56      (specinterface       ) [ 00000000000]
StgValue_57      (specinterface       ) [ 00000000000]
StgValue_58      (specinterface       ) [ 00000000000]
StgValue_59      (specinterface       ) [ 00000000000]
empty_12         (specchannel         ) [ 00000000000]
StgValue_61      (specinterface       ) [ 00000000000]
empty_13         (specchannel         ) [ 00000000000]
StgValue_63      (specinterface       ) [ 00000000000]
empty_14         (specchannel         ) [ 00000000000]
StgValue_65      (specinterface       ) [ 00000000000]
empty_15         (specchannel         ) [ 00000000000]
StgValue_67      (specinterface       ) [ 00000000000]
empty_16         (specchannel         ) [ 00000000000]
StgValue_69      (specinterface       ) [ 00000000000]
empty_17         (specchannel         ) [ 00000000000]
StgValue_71      (specinterface       ) [ 00000000000]
StgValue_72      (call                ) [ 00000000000]
StgValue_73      (ret                 ) [ 00000000000]
</LifeTime>

<model>

<comp_list>
<comp id="0" class="1000" name="gmemo">
<pin_list>
<pin id="1" dir="1" index="0" bw="1" slack="0"/>
</pin_list>
<bind>
<StgValue><ssdm name="gmemo"/></StgValue>
</bind>
</comp>

<comp id="2" class="1000" name="gmemi">
<pin_list>
<pin id="3" dir="1" index="0" bw="1" slack="0"/>
</pin_list>
<bind>
<StgValue><ssdm name="gmemi"/></StgValue>
</bind>
</comp>

<comp id="4" class="1000" name="output_ddr0">
<pin_list>
<pin id="5" dir="1" index="0" bw="1" slack="0"/>
</pin_list>
<bind>
<StgValue><ssdm name="output_ddr0"/></StgValue>
</bind>
</comp>

<comp id="6" class="1000" name="input_ddr0">
<pin_list>
<pin id="7" dir="1" index="0" bw="1" slack="0"/>
</pin_list>
<bind>
<StgValue><ssdm name="input_ddr0"/></StgValue>
</bind>
</comp>

<comp id="8" class="1000" name="data_count">
<pin_list>
<pin id="9" dir="1" index="0" bw="1" slack="0"/>
</pin_list>
<bind>
<StgValue><ssdm name="data_count"/></StgValue>
</bind>
</comp>

<comp id="10" class="1001" name="const_10">
<pin_list>
<pin id="11" dir="1" index="0" bw="1" slack="0"/>
</pin_list>
<bind>
<StgValue><ssdm name="_ssdm_op_Read.s_axilite.i32"/></StgValue>
</bind>
</comp>

<comp id="12" class="1001" name="const_12">
<pin_list>
<pin id="13" dir="1" index="0" bw="1" slack="0"/>
</pin_list>
<bind>
<StgValue><ssdm name="_ssdm_op_Read.s_axilite.i64"/></StgValue>
</bind>
</comp>

<comp id="14" class="1001" name="const_14">
<pin_list>
<pin id="15" dir="1" index="0" bw="1" slack="0"/>
</pin_list>
<bind>
<StgValue><ssdm name=""/></StgValue>
</bind>
</comp>

<comp id="16" class="1001" name="const_16">
<pin_list>
<pin id="17" dir="1" index="0" bw="1" slack="0"/>
</pin_list>
<bind>
<StgValue><ssdm name="load5"/></StgValue>
</bind>
</comp>

<comp id="18" class="1001" name="const_18">
<pin_list>
<pin id="19" dir="1" index="0" bw="1" slack="0"/>
</pin_list>
<bind>
<StgValue><ssdm name="scatter"/></StgValue>
</bind>
</comp>

<comp id="20" class="1001" name="const_20">
<pin_list>
<pin id="21" dir="1" index="0" bw="1" slack="0"/>
</pin_list>
<bind>
<StgValue><ssdm name="compute1"/></StgValue>
</bind>
</comp>

<comp id="22" class="1001" name="const_22">
<pin_list>
<pin id="23" dir="1" index="0" bw="1" slack="0"/>
</pin_list>
<bind>
<StgValue><ssdm name="compute2"/></StgValue>
</bind>
</comp>

<comp id="24" class="1001" name="const_24">
<pin_list>
<pin id="25" dir="1" index="0" bw="1" slack="0"/>
</pin_list>
<bind>
<StgValue><ssdm name="gather"/></StgValue>
</bind>
</comp>

<comp id="26" class="1001" name="const_26">
<pin_list>
<pin id="27" dir="1" index="0" bw="1" slack="0"/>
</pin_list>
<bind>
<StgValue><ssdm name="store"/></StgValue>
</bind>
</comp>

<comp id="28" class="1001" name="const_28">
<pin_list>
<pin id="29" dir="1" index="0" bw="1" slack="2147483647"/>
</pin_list>
<bind>
<StgValue><ssdm name="_ssdm_op_SpecBitsMap"/></StgValue>
</bind>
</comp>

<comp id="30" class="1001" name="const_30">
<pin_list>
<pin id="31" dir="1" index="0" bw="1" slack="2147483647"/>
</pin_list>
<bind>
<StgValue><ssdm name="_ssdm_op_SpecDataflowPipeline"/></StgValue>
</bind>
</comp>

<comp id="32" class="1001" name="const_32">
<pin_list>
<pin id="33" dir="1" index="0" bw="1" slack="2147483647"/>
</pin_list>
<bind>
<StgValue><ssdm name=""/></StgValue>
</bind>
</comp>

<comp id="34" class="1001" name="const_34">
<pin_list>
<pin id="35" dir="1" index="0" bw="1" slack="2147483647"/>
</pin_list>
<bind>
<StgValue><ssdm name="p_str1"/></StgValue>
</bind>
</comp>

<comp id="36" class="1001" name="const_36">
<pin_list>
<pin id="37" dir="1" index="0" bw="1" slack="2147483647"/>
</pin_list>
<bind>
<StgValue><ssdm name="_ssdm_op_SpecTopModule"/></StgValue>
</bind>
</comp>

<comp id="38" class="1001" name="const_38">
<pin_list>
<pin id="39" dir="1" index="0" bw="1" slack="2147483647"/>
</pin_list>
<bind>
<StgValue><ssdm name="dataflow_stalls_kernel_str"/></StgValue>
</bind>
</comp>

<comp id="40" class="1001" name="const_40">
<pin_list>
<pin id="41" dir="1" index="0" bw="1" slack="2147483647"/>
</pin_list>
<bind>
<StgValue><ssdm name="_ssdm_op_SpecChannel"/></StgValue>
</bind>
</comp>

<comp id="42" class="1001" name="const_42">
<pin_list>
<pin id="43" dir="1" index="0" bw="1" slack="2147483647"/>
</pin_list>
<bind>
<StgValue><ssdm name="data_stage0_OC_V_str"/></StgValue>
</bind>
</comp>

<comp id="44" class="1001" name="const_44">
<pin_list>
<pin id="45" dir="1" index="0" bw="1" slack="2147483647"/>
</pin_list>
<bind>
<StgValue><ssdm name=""/></StgValue>
</bind>
</comp>

<comp id="46" class="1001" name="const_46">
<pin_list>
<pin id="47" dir="1" index="0" bw="1" slack="2147483647"/>
</pin_list>
<bind>
<StgValue><ssdm name="p_str13"/></StgValue>
</bind>
</comp>

<comp id="48" class="1001" name="const_48">
<pin_list>
<pin id="49" dir="1" index="0" bw="1" slack="2147483647"/>
</pin_list>
<bind>
<StgValue><ssdm name=""/></StgValue>
</bind>
</comp>

<comp id="50" class="1001" name="const_50">
<pin_list>
<pin id="51" dir="1" index="0" bw="1" slack="2147483647"/>
</pin_list>
<bind>
<StgValue><ssdm name="_ssdm_op_SpecInterface"/></StgValue>
</bind>
</comp>

<comp id="52" class="1001" name="const_52">
<pin_list>
<pin id="53" dir="1" index="0" bw="1" slack="2147483647"/>
</pin_list>
<bind>
<StgValue><ssdm name="ap_fifo_str"/></StgValue>
</bind>
</comp>

<comp id="54" class="1001" name="const_54">
<pin_list>
<pin id="55" dir="1" index="0" bw="1" slack="2147483647"/>
</pin_list>
<bind>
<StgValue><ssdm name=""/></StgValue>
</bind>
</comp>

<comp id="56" class="1001" name="const_56">
<pin_list>
<pin id="57" dir="1" index="0" bw="1" slack="2147483647"/>
</pin_list>
<bind>
<StgValue><ssdm name="p_str14"/></StgValue>
</bind>
</comp>

<comp id="58" class="1001" name="const_58">
<pin_list>
<pin id="59" dir="1" index="0" bw="1" slack="2147483647"/>
</pin_list>
<bind>
<StgValue><ssdm name="p_str15"/></StgValue>
</bind>
</comp>

<comp id="60" class="1001" name="const_60">
<pin_list>
<pin id="61" dir="1" index="0" bw="1" slack="2147483647"/>
</pin_list>
<bind>
<StgValue><ssdm name="p_str16"/></StgValue>
</bind>
</comp>

<comp id="62" class="1001" name="const_62">
<pin_list>
<pin id="63" dir="1" index="0" bw="1" slack="2147483647"/>
</pin_list>
<bind>
<StgValue><ssdm name="p_str17"/></StgValue>
</bind>
</comp>

<comp id="64" class="1001" name="const_64">
<pin_list>
<pin id="65" dir="1" index="0" bw="1" slack="2147483647"/>
</pin_list>
<bind>
<StgValue><ssdm name=""/></StgValue>
</bind>
</comp>

<comp id="66" class="1001" name="const_66">
<pin_list>
<pin id="67" dir="1" index="0" bw="1" slack="2147483647"/>
</pin_list>
<bind>
<StgValue><ssdm name=""/></StgValue>
</bind>
</comp>

<comp id="68" class="1001" name="const_68">
<pin_list>
<pin id="69" dir="1" index="0" bw="1" slack="2147483647"/>
</pin_list>
<bind>
<StgValue><ssdm name="p_str18"/></StgValue>
</bind>
</comp>

<comp id="70" class="1001" name="const_70">
<pin_list>
<pin id="71" dir="1" index="0" bw="1" slack="2147483647"/>
</pin_list>
<bind>
<StgValue><ssdm name="p_str19"/></StgValue>
</bind>
</comp>

<comp id="72" class="1001" name="const_72">
<pin_list>
<pin id="73" dir="1" index="0" bw="1" slack="2147483647"/>
</pin_list>
<bind>
<StgValue><ssdm name="data_stage1_OC_V_str"/></StgValue>
</bind>
</comp>

<comp id="74" class="1001" name="const_74">
<pin_list>
<pin id="75" dir="1" index="0" bw="1" slack="2147483647"/>
</pin_list>
<bind>
<StgValue><ssdm name="p_str20"/></StgValue>
</bind>
</comp>

<comp id="76" class="1001" name="const_76">
<pin_list>
<pin id="77" dir="1" index="0" bw="1" slack="2147483647"/>
</pin_list>
<bind>
<StgValue><ssdm name="p_str21"/></StgValue>
</bind>
</comp>

<comp id="78" class="1001" name="const_78">
<pin_list>
<pin id="79" dir="1" index="0" bw="1" slack="2147483647"/>
</pin_list>
<bind>
<StgValue><ssdm name="p_str22"/></StgValue>
</bind>
</comp>

<comp id="80" class="1001" name="const_80">
<pin_list>
<pin id="81" dir="1" index="0" bw="1" slack="2147483647"/>
</pin_list>
<bind>
<StgValue><ssdm name="p_str23"/></StgValue>
</bind>
</comp>

<comp id="82" class="1001" name="const_82">
<pin_list>
<pin id="83" dir="1" index="0" bw="1" slack="2147483647"/>
</pin_list>
<bind>
<StgValue><ssdm name="p_str24"/></StgValue>
</bind>
</comp>

<comp id="84" class="1001" name="const_84">
<pin_list>
<pin id="85" dir="1" index="0" bw="1" slack="2147483647"/>
</pin_list>
<bind>
<StgValue><ssdm name="p_str25"/></StgValue>
</bind>
</comp>

<comp id="86" class="1001" name="const_86">
<pin_list>
<pin id="87" dir="1" index="0" bw="1" slack="2147483647"/>
</pin_list>
<bind>
<StgValue><ssdm name="p_str26"/></StgValue>
</bind>
</comp>

<comp id="88" class="1001" name="const_88">
<pin_list>
<pin id="89" dir="1" index="0" bw="1" slack="2147483647"/>
</pin_list>
<bind>
<StgValue><ssdm name="data_stage2_OC_V_str"/></StgValue>
</bind>
</comp>

<comp id="90" class="1001" name="const_90">
<pin_list>
<pin id="91" dir="1" index="0" bw="1" slack="2147483647"/>
</pin_list>
<bind>
<StgValue><ssdm name="p_str27"/></StgValue>
</bind>
</comp>

<comp id="92" class="1001" name="const_92">
<pin_list>
<pin id="93" dir="1" index="0" bw="1" slack="2147483647"/>
</pin_list>
<bind>
<StgValue><ssdm name="p_str28"/></StgValue>
</bind>
</comp>

<comp id="94" class="1001" name="const_94">
<pin_list>
<pin id="95" dir="1" index="0" bw="1" slack="2147483647"/>
</pin_list>
<bind>
<StgValue><ssdm name="p_str29"/></StgValue>
</bind>
</comp>

<comp id="96" class="1001" name="const_96">
<pin_list>
<pin id="97" dir="1" index="0" bw="1" slack="2147483647"/>
</pin_list>
<bind>
<StgValue><ssdm name="p_str30"/></StgValue>
</bind>
</comp>

<comp id="98" class="1001" name="const_98">
<pin_list>
<pin id="99" dir="1" index="0" bw="1" slack="2147483647"/>
</pin_list>
<bind>
<StgValue><ssdm name="p_str31"/></StgValue>
</bind>
</comp>

<comp id="100" class="1001" name="const_100">
<pin_list>
<pin id="101" dir="1" index="0" bw="1" slack="2147483647"/>
</pin_list>
<bind>
<StgValue><ssdm name="p_str32"/></StgValue>
</bind>
</comp>

<comp id="102" class="1001" name="const_102">
<pin_list>
<pin id="103" dir="1" index="0" bw="1" slack="2147483647"/>
</pin_list>
<bind>
<StgValue><ssdm name="p_str33"/></StgValue>
</bind>
</comp>

<comp id="104" class="1001" name="const_104">
<pin_list>
<pin id="105" dir="1" index="0" bw="1" slack="2147483647"/>
</pin_list>
<bind>
<StgValue><ssdm name="data_stage3_OC_V_str"/></StgValue>
</bind>
</comp>

<comp id="106" class="1001" name="const_106">
<pin_list>
<pin id="107" dir="1" index="0" bw="1" slack="2147483647"/>
</pin_list>
<bind>
<StgValue><ssdm name="p_str34"/></StgValue>
</bind>
</comp>

<comp id="108" class="1001" name="const_108">
<pin_list>
<pin id="109" dir="1" index="0" bw="1" slack="2147483647"/>
</pin_list>
<bind>
<StgValue><ssdm name=""/></StgValue>
</bind>
</comp>

<comp id="110" class="1001" name="const_110">
<pin_list>
<pin id="111" dir="1" index="0" bw="1" slack="2147483647"/>
</pin_list>
<bind>
<StgValue><ssdm name="p_str35"/></StgValue>
</bind>
</comp>

<comp id="112" class="1001" name="const_112">
<pin_list>
<pin id="113" dir="1" index="0" bw="1" slack="2147483647"/>
</pin_list>
<bind>
<StgValue><ssdm name="p_str36"/></StgValue>
</bind>
</comp>

<comp id="114" class="1001" name="const_114">
<pin_list>
<pin id="115" dir="1" index="0" bw="1" slack="2147483647"/>
</pin_list>
<bind>
<StgValue><ssdm name="p_str37"/></StgValue>
</bind>
</comp>

<comp id="116" class="1001" name="const_116">
<pin_list>
<pin id="117" dir="1" index="0" bw="1" slack="2147483647"/>
</pin_list>
<bind>
<StgValue><ssdm name="p_str38"/></StgValue>
</bind>
</comp>

<comp id="118" class="1001" name="const_118">
<pin_list>
<pin id="119" dir="1" index="0" bw="1" slack="2147483647"/>
</pin_list>
<bind>
<StgValue><ssdm name="p_str39"/></StgValue>
</bind>
</comp>

<comp id="120" class="1001" name="const_120">
<pin_list>
<pin id="121" dir="1" index="0" bw="1" slack="2147483647"/>
</pin_list>
<bind>
<StgValue><ssdm name="p_str40"/></StgValue>
</bind>
</comp>

<comp id="122" class="1001" name="const_122">
<pin_list>
<pin id="123" dir="1" index="0" bw="1" slack="2147483647"/>
</pin_list>
<bind>
<StgValue><ssdm name="data_stage4_OC_V_str"/></StgValue>
</bind>
</comp>

<comp id="124" class="1001" name="const_124">
<pin_list>
<pin id="125" dir="1" index="0" bw="1" slack="2147483647"/>
</pin_list>
<bind>
<StgValue><ssdm name="p_str41"/></StgValue>
</bind>
</comp>

<comp id="126" class="1001" name="const_126">
<pin_list>
<pin id="127" dir="1" index="0" bw="1" slack="2147483647"/>
</pin_list>
<bind>
<StgValue><ssdm name="p_str42"/></StgValue>
</bind>
</comp>

<comp id="128" class="1001" name="const_128">
<pin_list>
<pin id="129" dir="1" index="0" bw="1" slack="2147483647"/>
</pin_list>
<bind>
<StgValue><ssdm name="p_str43"/></StgValue>
</bind>
</comp>

<comp id="130" class="1001" name="const_130">
<pin_list>
<pin id="131" dir="1" index="0" bw="1" slack="2147483647"/>
</pin_list>
<bind>
<StgValue><ssdm name="p_str44"/></StgValue>
</bind>
</comp>

<comp id="132" class="1001" name="const_132">
<pin_list>
<pin id="133" dir="1" index="0" bw="1" slack="2147483647"/>
</pin_list>
<bind>
<StgValue><ssdm name="p_str45"/></StgValue>
</bind>
</comp>

<comp id="134" class="1001" name="const_134">
<pin_list>
<pin id="135" dir="1" index="0" bw="1" slack="2147483647"/>
</pin_list>
<bind>
<StgValue><ssdm name="p_str46"/></StgValue>
</bind>
</comp>

<comp id="136" class="1001" name="const_136">
<pin_list>
<pin id="137" dir="1" index="0" bw="1" slack="2147483647"/>
</pin_list>
<bind>
<StgValue><ssdm name="p_str47"/></StgValue>
</bind>
</comp>

<comp id="138" class="1001" name="const_138">
<pin_list>
<pin id="139" dir="1" index="0" bw="1" slack="2147483647"/>
</pin_list>
<bind>
<StgValue><ssdm name="data_stage5_OC_V_str"/></StgValue>
</bind>
</comp>

<comp id="140" class="1001" name="const_140">
<pin_list>
<pin id="141" dir="1" index="0" bw="1" slack="2147483647"/>
</pin_list>
<bind>
<StgValue><ssdm name="p_str48"/></StgValue>
</bind>
</comp>

<comp id="142" class="1001" name="const_142">
<pin_list>
<pin id="143" dir="1" index="0" bw="1" slack="2147483647"/>
</pin_list>
<bind>
<StgValue><ssdm name="p_str49"/></StgValue>
</bind>
</comp>

<comp id="144" class="1001" name="const_144">
<pin_list>
<pin id="145" dir="1" index="0" bw="1" slack="2147483647"/>
</pin_list>
<bind>
<StgValue><ssdm name="p_str50"/></StgValue>
</bind>
</comp>

<comp id="146" class="1001" name="const_146">
<pin_list>
<pin id="147" dir="1" index="0" bw="1" slack="2147483647"/>
</pin_list>
<bind>
<StgValue><ssdm name="p_str51"/></StgValue>
</bind>
</comp>

<comp id="148" class="1001" name="const_148">
<pin_list>
<pin id="149" dir="1" index="0" bw="1" slack="2147483647"/>
</pin_list>
<bind>
<StgValue><ssdm name="p_str52"/></StgValue>
</bind>
</comp>

<comp id="150" class="1001" name="const_150">
<pin_list>
<pin id="151" dir="1" index="0" bw="1" slack="2147483647"/>
</pin_list>
<bind>
<StgValue><ssdm name="p_str53"/></StgValue>
</bind>
</comp>

<comp id="152" class="1001" name="const_152">
<pin_list>
<pin id="153" dir="1" index="0" bw="1" slack="2147483647"/>
</pin_list>
<bind>
<StgValue><ssdm name="p_str54"/></StgValue>
</bind>
</comp>

<comp id="154" class="1001" name="const_154">
<pin_list>
<pin id="155" dir="1" index="0" bw="1" slack="2147483647"/>
</pin_list>
<bind>
<StgValue><ssdm name="p_str7"/></StgValue>
</bind>
</comp>

<comp id="156" class="1001" name="const_156">
<pin_list>
<pin id="157" dir="1" index="0" bw="1" slack="2147483647"/>
</pin_list>
<bind>
<StgValue><ssdm name=""/></StgValue>
</bind>
</comp>

<comp id="158" class="1001" name="const_158">
<pin_list>
<pin id="159" dir="1" index="0" bw="1" slack="2147483647"/>
</pin_list>
<bind>
<StgValue><ssdm name="p_str8"/></StgValue>
</bind>
</comp>

<comp id="160" class="1001" name="const_160">
<pin_list>
<pin id="161" dir="1" index="0" bw="1" slack="2147483647"/>
</pin_list>
<bind>
<StgValue><ssdm name="p_str9"/></StgValue>
</bind>
</comp>

<comp id="162" class="1001" name="const_162">
<pin_list>
<pin id="163" dir="1" index="0" bw="1" slack="2147483647"/>
</pin_list>
<bind>
<StgValue><ssdm name="p_str10"/></StgValue>
</bind>
</comp>

<comp id="164" class="1001" name="const_164">
<pin_list>
<pin id="165" dir="1" index="0" bw="1" slack="2147483647"/>
</pin_list>
<bind>
<StgValue><ssdm name="p_str11"/></StgValue>
</bind>
</comp>

<comp id="166" class="1001" name="const_166">
<pin_list>
<pin id="167" dir="1" index="0" bw="1" slack="2147483647"/>
</pin_list>
<bind>
<StgValue><ssdm name="p_str12"/></StgValue>
</bind>
</comp>

<comp id="168" class="1001" name="const_168">
<pin_list>
<pin id="169" dir="1" index="0" bw="1" slack="2147483647"/>
</pin_list>
<bind>
<StgValue><ssdm name="data_count_c_str"/></StgValue>
</bind>
</comp>

<comp id="170" class="1001" name="const_170">
<pin_list>
<pin id="171" dir="1" index="0" bw="1" slack="2147483647"/>
</pin_list>
<bind>
<StgValue><ssdm name="p_str62"/></StgValue>
</bind>
</comp>

<comp id="172" class="1001" name="const_172">
<pin_list>
<pin id="173" dir="1" index="0" bw="1" slack="2147483647"/>
</pin_list>
<bind>
<StgValue><ssdm name="p_str63"/></StgValue>
</bind>
</comp>

<comp id="174" class="1001" name="const_174">
<pin_list>
<pin id="175" dir="1" index="0" bw="1" slack="2147483647"/>
</pin_list>
<bind>
<StgValue><ssdm name="p_str64"/></StgValue>
</bind>
</comp>

<comp id="176" class="1001" name="const_176">
<pin_list>
<pin id="177" dir="1" index="0" bw="1" slack="2147483647"/>
</pin_list>
<bind>
<StgValue><ssdm name="p_str65"/></StgValue>
</bind>
</comp>

<comp id="178" class="1001" name="const_178">
<pin_list>
<pin id="179" dir="1" index="0" bw="1" slack="2147483647"/>
</pin_list>
<bind>
<StgValue><ssdm name="p_str66"/></StgValue>
</bind>
</comp>

<comp id="180" class="1001" name="const_180">
<pin_list>
<pin id="181" dir="1" index="0" bw="1" slack="2147483647"/>
</pin_list>
<bind>
<StgValue><ssdm name="p_str67"/></StgValue>
</bind>
</comp>

<comp id="182" class="1001" name="const_182">
<pin_list>
<pin id="183" dir="1" index="0" bw="1" slack="2147483647"/>
</pin_list>
<bind>
<StgValue><ssdm name="p_str68"/></StgValue>
</bind>
</comp>

<comp id="184" class="1001" name="const_184">
<pin_list>
<pin id="185" dir="1" index="0" bw="1" slack="2147483647"/>
</pin_list>
<bind>
<StgValue><ssdm name="output_ddr0_c_str"/></StgValue>
</bind>
</comp>

<comp id="186" class="1001" name="const_186">
<pin_list>
<pin id="187" dir="1" index="0" bw="1" slack="2147483647"/>
</pin_list>
<bind>
<StgValue><ssdm name="p_str156"/></StgValue>
</bind>
</comp>

<comp id="188" class="1001" name="const_188">
<pin_list>
<pin id="189" dir="1" index="0" bw="1" slack="2147483647"/>
</pin_list>
<bind>
<StgValue><ssdm name=""/></StgValue>
</bind>
</comp>

<comp id="190" class="1001" name="const_190">
<pin_list>
<pin id="191" dir="1" index="0" bw="1" slack="2147483647"/>
</pin_list>
<bind>
<StgValue><ssdm name="p_str157"/></StgValue>
</bind>
</comp>

<comp id="192" class="1001" name="const_192">
<pin_list>
<pin id="193" dir="1" index="0" bw="1" slack="2147483647"/>
</pin_list>
<bind>
<StgValue><ssdm name="p_str158"/></StgValue>
</bind>
</comp>

<comp id="194" class="1001" name="const_194">
<pin_list>
<pin id="195" dir="1" index="0" bw="1" slack="2147483647"/>
</pin_list>
<bind>
<StgValue><ssdm name="p_str159"/></StgValue>
</bind>
</comp>

<comp id="196" class="1001" name="const_196">
<pin_list>
<pin id="197" dir="1" index="0" bw="1" slack="2147483647"/>
</pin_list>
<bind>
<StgValue><ssdm name="p_str160"/></StgValue>
</bind>
</comp>

<comp id="198" class="1001" name="const_198">
<pin_list>
<pin id="199" dir="1" index="0" bw="1" slack="2147483647"/>
</pin_list>
<bind>
<StgValue><ssdm name="p_str161"/></StgValue>
</bind>
</comp>

<comp id="200" class="1001" name="const_200">
<pin_list>
<pin id="201" dir="1" index="0" bw="1" slack="2147483647"/>
</pin_list>
<bind>
<StgValue><ssdm name="p_str162"/></StgValue>
</bind>
</comp>

<comp id="202" class="1001" name="const_202">
<pin_list>
<pin id="203" dir="1" index="0" bw="1" slack="2147483647"/>
</pin_list>
<bind>
<StgValue><ssdm name="data_count_c7_str"/></StgValue>
</bind>
</comp>

<comp id="204" class="1001" name="const_204">
<pin_list>
<pin id="205" dir="1" index="0" bw="1" slack="2147483647"/>
</pin_list>
<bind>
<StgValue><ssdm name="p_str88"/></StgValue>
</bind>
</comp>

<comp id="206" class="1001" name="const_206">
<pin_list>
<pin id="207" dir="1" index="0" bw="1" slack="2147483647"/>
</pin_list>
<bind>
<StgValue><ssdm name="p_str89"/></StgValue>
</bind>
</comp>

<comp id="208" class="1001" name="const_208">
<pin_list>
<pin id="209" dir="1" index="0" bw="1" slack="2147483647"/>
</pin_list>
<bind>
<StgValue><ssdm name="p_str90"/></StgValue>
</bind>
</comp>

<comp id="210" class="1001" name="const_210">
<pin_list>
<pin id="211" dir="1" index="0" bw="1" slack="2147483647"/>
</pin_list>
<bind>
<StgValue><ssdm name="p_str91"/></StgValue>
</bind>
</comp>

<comp id="212" class="1001" name="const_212">
<pin_list>
<pin id="213" dir="1" index="0" bw="1" slack="2147483647"/>
</pin_list>
<bind>
<StgValue><ssdm name="p_str92"/></StgValue>
</bind>
</comp>

<comp id="214" class="1001" name="const_214">
<pin_list>
<pin id="215" dir="1" index="0" bw="1" slack="2147483647"/>
</pin_list>
<bind>
<StgValue><ssdm name="p_str93"/></StgValue>
</bind>
</comp>

<comp id="216" class="1001" name="const_216">
<pin_list>
<pin id="217" dir="1" index="0" bw="1" slack="2147483647"/>
</pin_list>
<bind>
<StgValue><ssdm name="p_str94"/></StgValue>
</bind>
</comp>

<comp id="218" class="1001" name="const_218">
<pin_list>
<pin id="219" dir="1" index="0" bw="1" slack="2147483647"/>
</pin_list>
<bind>
<StgValue><ssdm name="data_count_c8_str"/></StgValue>
</bind>
</comp>

<comp id="220" class="1001" name="const_220">
<pin_list>
<pin id="221" dir="1" index="0" bw="1" slack="2147483647"/>
</pin_list>
<bind>
<StgValue><ssdm name="p_str95"/></StgValue>
</bind>
</comp>

<comp id="222" class="1001" name="const_222">
<pin_list>
<pin id="223" dir="1" index="0" bw="1" slack="2147483647"/>
</pin_list>
<bind>
<StgValue><ssdm name="p_str96"/></StgValue>
</bind>
</comp>

<comp id="224" class="1001" name="const_224">
<pin_list>
<pin id="225" dir="1" index="0" bw="1" slack="2147483647"/>
</pin_list>
<bind>
<StgValue><ssdm name="p_str97"/></StgValue>
</bind>
</comp>

<comp id="226" class="1001" name="const_226">
<pin_list>
<pin id="227" dir="1" index="0" bw="1" slack="2147483647"/>
</pin_list>
<bind>
<StgValue><ssdm name="p_str98"/></StgValue>
</bind>
</comp>

<comp id="228" class="1001" name="const_228">
<pin_list>
<pin id="229" dir="1" index="0" bw="1" slack="2147483647"/>
</pin_list>
<bind>
<StgValue><ssdm name="p_str99"/></StgValue>
</bind>
</comp>

<comp id="230" class="1001" name="const_230">
<pin_list>
<pin id="231" dir="1" index="0" bw="1" slack="2147483647"/>
</pin_list>
<bind>
<StgValue><ssdm name="p_str100"/></StgValue>
</bind>
</comp>

<comp id="232" class="1001" name="const_232">
<pin_list>
<pin id="233" dir="1" index="0" bw="1" slack="2147483647"/>
</pin_list>
<bind>
<StgValue><ssdm name="p_str101"/></StgValue>
</bind>
</comp>

<comp id="234" class="1001" name="const_234">
<pin_list>
<pin id="235" dir="1" index="0" bw="1" slack="2147483647"/>
</pin_list>
<bind>
<StgValue><ssdm name="data_count_c9_str"/></StgValue>
</bind>
</comp>

<comp id="236" class="1001" name="const_236">
<pin_list>
<pin id="237" dir="1" index="0" bw="1" slack="2147483647"/>
</pin_list>
<bind>
<StgValue><ssdm name="p_str115"/></StgValue>
</bind>
</comp>

<comp id="238" class="1001" name="const_238">
<pin_list>
<pin id="239" dir="1" index="0" bw="1" slack="2147483647"/>
</pin_list>
<bind>
<StgValue><ssdm name="p_str116"/></StgValue>
</bind>
</comp>

<comp id="240" class="1001" name="const_240">
<pin_list>
<pin id="241" dir="1" index="0" bw="1" slack="2147483647"/>
</pin_list>
<bind>
<StgValue><ssdm name="p_str117"/></StgValue>
</bind>
</comp>

<comp id="242" class="1001" name="const_242">
<pin_list>
<pin id="243" dir="1" index="0" bw="1" slack="2147483647"/>
</pin_list>
<bind>
<StgValue><ssdm name="p_str118"/></StgValue>
</bind>
</comp>

<comp id="244" class="1001" name="const_244">
<pin_list>
<pin id="245" dir="1" index="0" bw="1" slack="2147483647"/>
</pin_list>
<bind>
<StgValue><ssdm name="p_str119"/></StgValue>
</bind>
</comp>

<comp id="246" class="1001" name="const_246">
<pin_list>
<pin id="247" dir="1" index="0" bw="1" slack="2147483647"/>
</pin_list>
<bind>
<StgValue><ssdm name="p_str120"/></StgValue>
</bind>
</comp>

<comp id="248" class="1001" name="const_248">
<pin_list>
<pin id="249" dir="1" index="0" bw="1" slack="2147483647"/>
</pin_list>
<bind>
<StgValue><ssdm name="p_str121"/></StgValue>
</bind>
</comp>

<comp id="250" class="1001" name="const_250">
<pin_list>
<pin id="251" dir="1" index="0" bw="1" slack="2147483647"/>
</pin_list>
<bind>
<StgValue><ssdm name="data_count_c10_str"/></StgValue>
</bind>
</comp>

<comp id="252" class="1001" name="const_252">
<pin_list>
<pin id="253" dir="1" index="0" bw="1" slack="2147483647"/>
</pin_list>
<bind>
<StgValue><ssdm name="p_str142"/></StgValue>
</bind>
</comp>

<comp id="254" class="1001" name="const_254">
<pin_list>
<pin id="255" dir="1" index="0" bw="1" slack="2147483647"/>
</pin_list>
<bind>
<StgValue><ssdm name="p_str143"/></StgValue>
</bind>
</comp>

<comp id="256" class="1001" name="const_256">
<pin_list>
<pin id="257" dir="1" index="0" bw="1" slack="2147483647"/>
</pin_list>
<bind>
<StgValue><ssdm name="p_str144"/></StgValue>
</bind>
</comp>

<comp id="258" class="1001" name="const_258">
<pin_list>
<pin id="259" dir="1" index="0" bw="1" slack="2147483647"/>
</pin_list>
<bind>
<StgValue><ssdm name="p_str145"/></StgValue>
</bind>
</comp>

<comp id="260" class="1001" name="const_260">
<pin_list>
<pin id="261" dir="1" index="0" bw="1" slack="2147483647"/>
</pin_list>
<bind>
<StgValue><ssdm name="p_str146"/></StgValue>
</bind>
</comp>

<comp id="262" class="1001" name="const_262">
<pin_list>
<pin id="263" dir="1" index="0" bw="1" slack="2147483647"/>
</pin_list>
<bind>
<StgValue><ssdm name="p_str147"/></StgValue>
</bind>
</comp>

<comp id="264" class="1001" name="const_264">
<pin_list>
<pin id="265" dir="1" index="0" bw="1" slack="2147483647"/>
</pin_list>
<bind>
<StgValue><ssdm name="p_str148"/></StgValue>
</bind>
</comp>

<comp id="266" class="1004" name="output_ddr0_c_fu_266">
<pin_list>
<pin id="267" dir="0" index="0" bw="1" slack="0"/>
<pin id="268" dir="1" index="1" bw="64" slack="0"/>
</pin_list>
<bind>
<opcode="alloca(26) " fcode="alloca"/>
<opset="output_ddr0_c/1 "/>
</bind>
</comp>

<comp id="270" class="1004" name="data_count_c10_fu_270">
<pin_list>
<pin id="271" dir="0" index="0" bw="1" slack="0"/>
<pin id="272" dir="1" index="1" bw="32" slack="6"/>
</pin_list>
<bind>
<opcode="alloca(26) " fcode="alloca"/>
<opset="data_count_c10/1 "/>
</bind>
</comp>

<comp id="274" class="1004" name="data_count_c9_fu_274">
<pin_list>
<pin id="275" dir="0" index="0" bw="1" slack="0"/>
<pin id="276" dir="1" index="1" bw="32" slack="4"/>
</pin_list>
<bind>
<opcode="alloca(26) " fcode="alloca"/>
<opset="data_count_c9/1 "/>
</bind>
</comp>

<comp id="278" class="1004" name="data_count_c8_fu_278">
<pin_list>
<pin id="279" dir="0" index="0" bw="1" slack="0"/>
<pin id="280" dir="1" index="1" bw="32" slack="2"/>
</pin_list>
<bind>
<opcode="alloca(26) " fcode="alloca"/>
<opset="data_count_c8/1 "/>
</bind>
</comp>

<comp id="282" class="1004" name="data_count_c7_fu_282">
<pin_list>
<pin id="283" dir="0" index="0" bw="1" slack="0"/>
<pin id="284" dir="1" index="1" bw="32" slack="2"/>
</pin_list>
<bind>
<opcode="alloca(26) " fcode="alloca"/>
<opset="data_count_c7/1 "/>
</bind>
</comp>

<comp id="286" class="1004" name="data_count_c_fu_286">
<pin_list>
<pin id="287" dir="0" index="0" bw="1" slack="0"/>
<pin id="288" dir="1" index="1" bw="32" slack="0"/>
</pin_list>
<bind>
<opcode="alloca(26) " fcode="alloca"/>
<opset="data_count_c/1 "/>
</bind>
</comp>

<comp id="290" class="1004" name="data_stage0_V_fu_290">
<pin_list>
<pin id="291" dir="0" index="0" bw="1" slack="0"/>
<pin id="292" dir="1" index="1" bw="64" slack="0"/>
</pin_list>
<bind>
<opcode="alloca(26) " fcode="alloca"/>
<opset="data_stage0_V/1 "/>
</bind>
</comp>

<comp id="294" class="1004" name="data_stage1_V_fu_294">
<pin_list>
<pin id="295" dir="0" index="0" bw="1" slack="0"/>
<pin id="296" dir="1" index="1" bw="64" slack="2"/>
</pin_list>
<bind>
<opcode="alloca(26) " fcode="alloca"/>
<opset="data_stage1_V/1 "/>
</bind>
</comp>

<comp id="298" class="1004" name="data_stage2_V_fu_298">
<pin_list>
<pin id="299" dir="0" index="0" bw="1" slack="0"/>
<pin id="300" dir="1" index="1" bw="64" slack="2"/>
</pin_list>
<bind>
<opcode="alloca(26) " fcode="alloca"/>
<opset="data_stage2_V/1 "/>
</bind>
</comp>

<comp id="302" class="1004" name="data_stage3_V_fu_302">
<pin_list>
<pin id="303" dir="0" index="0" bw="1" slack="0"/>
<pin id="304" dir="1" index="1" bw="64" slack="4"/>
</pin_list>
<bind>
<opcode="alloca(26) " fcode="alloca"/>
<opset="data_stage3_V/1 "/>
</bind>
</comp>

<comp id="306" class="1004" name="data_stage4_V_fu_306">
<pin_list>
<pin id="307" dir="0" index="0" bw="1" slack="0"/>
<pin id="308" dir="1" index="1" bw="64" slack="4"/>
</pin_list>
<bind>
<opcode="alloca(26) " fcode="alloca"/>
<opset="data_stage4_V/1 "/>
</bind>
</comp>

<comp id="310" class="1004" name="data_stage5_V_fu_310">
<pin_list>
<pin id="311" dir="0" index="0" bw="1" slack="0"/>
<pin id="312" dir="1" index="1" bw="64" slack="6"/>
</pin_list>
<bind>
<opcode="alloca(26) " fcode="alloca"/>
<opset="data_stage5_V/1 "/>
</bind>
</comp>

<comp id="314" class="1004" name="data_count_read_read_fu_314">
<pin_list>
<pin id="315" dir="0" index="0" bw="32" slack="0"/>
<pin id="316" dir="0" index="1" bw="32" slack="0"/>
<pin id="317" dir="1" index="2" bw="32" slack="0"/>
</pin_list>
<bind>
<opcode="read(1150) " fcode="read"/>
<opset="data_count_read/1 "/>
</bind>
</comp>

<comp id="320" class="1004" name="input_ddr0_read_read_fu_320">
<pin_list>
<pin id="321" dir="0" index="0" bw="64" slack="0"/>
<pin id="322" dir="0" index="1" bw="64" slack="0"/>
<pin id="323" dir="1" index="2" bw="64" slack="0"/>
</pin_list>
<bind>
<opcode="read(1150) " fcode="read"/>
<opset="input_ddr0_read/1 "/>
</bind>
</comp>

<comp id="326" class="1004" name="output_ddr0_read_read_fu_326">
<pin_list>
<pin id="327" dir="0" index="0" bw="64" slack="0"/>
<pin id="328" dir="0" index="1" bw="64" slack="0"/>
<pin id="329" dir="1" index="2" bw="64" slack="0"/>
</pin_list>
<bind>
<opcode="read(1150) " fcode="read"/>
<opset="output_ddr0_read/1 "/>
</bind>
</comp>

<comp id="332" class="1004" name="grp_compute2_fu_332">
<pin_list>
<pin id="333" dir="0" index="0" bw="0" slack="0"/>
<pin id="334" dir="0" index="1" bw="64" slack="4"/>
<pin id="335" dir="0" index="2" bw="64" slack="4"/>
<pin id="336" dir="0" index="3" bw="32" slack="4"/>
<pin id="337" dir="1" index="4" bw="0" slack="2147483647"/>
</pin_list>
<bind>
<opcode="call(48) " fcode="call"/>
<opset="StgValue_31/5 "/>
</bind>
</comp>

<comp id="339" class="1004" name="grp_store_fu_339">
<pin_list>
<pin id="340" dir="0" index="0" bw="0" slack="0"/>
<pin id="341" dir="0" index="1" bw="64" slack="0"/>
<pin id="342" dir="0" index="2" bw="64" slack="8"/>
<pin id="343" dir="0" index="3" bw="64" slack="8"/>
<pin id="344" dir="0" index="4" bw="32" slack="8"/>
<pin id="345" dir="1" index="5" bw="0" slack="2147483647"/>
</pin_list>
<bind>
<opcode="call(48) " fcode="call"/>
<opset="StgValue_36/9 "/>
</bind>
</comp>

<comp id="348" class="1004" name="grp_load5_fu_348">
<pin_list>
<pin id="349" dir="0" index="0" bw="0" slack="0"/>
<pin id="350" dir="0" index="1" bw="64" slack="0"/>
<pin id="351" dir="0" index="2" bw="64" slack="0"/>
<pin id="352" dir="0" index="3" bw="64" slack="0"/>
<pin id="353" dir="0" index="4" bw="32" slack="0"/>
<pin id="354" dir="0" index="5" bw="32" slack="0"/>
<pin id="355" dir="0" index="6" bw="64" slack="0"/>
<pin id="356" dir="0" index="7" bw="64" slack="0"/>
<pin id="357" dir="1" index="8" bw="0" slack="2147483647"/>
</pin_list>
<bind>
<opcode="call(48) " fcode="call"/>
<opset="StgValue_26/1 "/>
</bind>
</comp>

<comp id="363" class="1004" name="grp_gather_fu_363">
<pin_list>
<pin id="364" dir="0" index="0" bw="0" slack="0"/>
<pin id="365" dir="0" index="1" bw="64" slack="6"/>
<pin id="366" dir="0" index="2" bw="64" slack="6"/>
<pin id="367" dir="0" index="3" bw="64" slack="6"/>
<pin id="368" dir="0" index="4" bw="32" slack="6"/>
<pin id="369" dir="0" index="5" bw="32" slack="6"/>
<pin id="370" dir="1" index="6" bw="0" slack="2147483647"/>
</pin_list>
<bind>
<opcode="call(48) " fcode="call"/>
<opset="StgValue_34/7 "/>
</bind>
</comp>

<comp id="372" class="1004" name="grp_compute1_fu_372">
<pin_list>
<pin id="373" dir="0" index="0" bw="0" slack="0"/>
<pin id="374" dir="0" index="1" bw="64" slack="4"/>
<pin id="375" dir="0" index="2" bw="64" slack="4"/>
<pin id="376" dir="0" index="3" bw="32" slack="4"/>
<pin id="377" dir="0" index="4" bw="32" slack="4"/>
<pin id="378" dir="1" index="5" bw="0" slack="2147483647"/>
</pin_list>
<bind>
<opcode="call(48) " fcode="call"/>
<opset="StgValue_30/5 "/>
</bind>
</comp>

<comp id="380" class="1004" name="grp_scatter_fu_380">
<pin_list>
<pin id="381" dir="0" index="0" bw="0" slack="0"/>
<pin id="382" dir="0" index="1" bw="64" slack="2"/>
<pin id="383" dir="0" index="2" bw="64" slack="2"/>
<pin id="384" dir="0" index="3" bw="64" slack="2"/>
<pin id="385" dir="0" index="4" bw="32" slack="2"/>
<pin id="386" dir="0" index="5" bw="32" slack="2"/>
<pin id="387" dir="0" index="6" bw="32" slack="2"/>
<pin id="388" dir="1" index="7" bw="0" slack="2147483647"/>
</pin_list>
<bind>
<opcode="call(48) " fcode="call"/>
<opset="StgValue_28/3 "/>
</bind>
</comp>

<comp id="390" class="1005" name="data_count_read_reg_390">
<pin_list>
<pin id="391" dir="0" index="0" bw="32" slack="1"/>
<pin id="392" dir="1" index="1" bw="32" slack="1"/>
</pin_list>
<bind>
<opset="data_count_read "/>
</bind>
</comp>

<comp id="395" class="1005" name="input_ddr0_read_reg_395">
<pin_list>
<pin id="396" dir="0" index="0" bw="64" slack="1"/>
<pin id="397" dir="1" index="1" bw="64" slack="1"/>
</pin_list>
<bind>
<opset="input_ddr0_read "/>
</bind>
</comp>

<comp id="400" class="1005" name="output_ddr0_read_reg_400">
<pin_list>
<pin id="401" dir="0" index="0" bw="64" slack="1"/>
<pin id="402" dir="1" index="1" bw="64" slack="1"/>
</pin_list>
<bind>
<opset="output_ddr0_read "/>
</bind>
</comp>

<comp id="405" class="1005" name="output_ddr0_c_reg_405">
<pin_list>
<pin id="406" dir="0" index="0" bw="64" slack="0"/>
<pin id="407" dir="1" index="1" bw="64" slack="0"/>
</pin_list>
<bind>
<opset="output_ddr0_c "/>
</bind>
</comp>

<comp id="411" class="1005" name="data_count_c10_reg_411">
<pin_list>
<pin id="412" dir="0" index="0" bw="32" slack="6"/>
<pin id="413" dir="1" index="1" bw="32" slack="6"/>
</pin_list>
<bind>
<opset="data_count_c10 "/>
</bind>
</comp>

<comp id="417" class="1005" name="data_count_c9_reg_417">
<pin_list>
<pin id="418" dir="0" index="0" bw="32" slack="4"/>
<pin id="419" dir="1" index="1" bw="32" slack="4"/>
</pin_list>
<bind>
<opset="data_count_c9 "/>
</bind>
</comp>

<comp id="423" class="1005" name="data_count_c8_reg_423">
<pin_list>
<pin id="424" dir="0" index="0" bw="32" slack="2"/>
<pin id="425" dir="1" index="1" bw="32" slack="2"/>
</pin_list>
<bind>
<opset="data_count_c8 "/>
</bind>
</comp>

<comp id="429" class="1005" name="data_count_c7_reg_429">
<pin_list>
<pin id="430" dir="0" index="0" bw="32" slack="2"/>
<pin id="431" dir="1" index="1" bw="32" slack="2"/>
</pin_list>
<bind>
<opset="data_count_c7 "/>
</bind>
</comp>

<comp id="435" class="1005" name="data_count_c_reg_435">
<pin_list>
<pin id="436" dir="0" index="0" bw="32" slack="0"/>
<pin id="437" dir="1" index="1" bw="32" slack="0"/>
</pin_list>
<bind>
<opset="data_count_c "/>
</bind>
</comp>

<comp id="441" class="1005" name="data_stage0_V_reg_441">
<pin_list>
<pin id="442" dir="0" index="0" bw="64" slack="0"/>
<pin id="443" dir="1" index="1" bw="64" slack="0"/>
</pin_list>
<bind>
<opset="data_stage0_V "/>
</bind>
</comp>

<comp id="447" class="1005" name="data_stage1_V_reg_447">
<pin_list>
<pin id="448" dir="0" index="0" bw="64" slack="2"/>
<pin id="449" dir="1" index="1" bw="64" slack="2"/>
</pin_list>
<bind>
<opset="data_stage1_V "/>
</bind>
</comp>

<comp id="453" class="1005" name="data_stage2_V_reg_453">
<pin_list>
<pin id="454" dir="0" index="0" bw="64" slack="2"/>
<pin id="455" dir="1" index="1" bw="64" slack="2"/>
</pin_list>
<bind>
<opset="data_stage2_V "/>
</bind>
</comp>

<comp id="459" class="1005" name="data_stage3_V_reg_459">
<pin_list>
<pin id="460" dir="0" index="0" bw="64" slack="4"/>
<pin id="461" dir="1" index="1" bw="64" slack="4"/>
</pin_list>
<bind>
<opset="data_stage3_V "/>
</bind>
</comp>

<comp id="465" class="1005" name="data_stage4_V_reg_465">
<pin_list>
<pin id="466" dir="0" index="0" bw="64" slack="4"/>
<pin id="467" dir="1" index="1" bw="64" slack="4"/>
</pin_list>
<bind>
<opset="data_stage4_V "/>
</bind>
</comp>

<comp id="471" class="1005" name="data_stage5_V_reg_471">
<pin_list>
<pin id="472" dir="0" index="0" bw="64" slack="6"/>
<pin id="473" dir="1" index="1" bw="64" slack="6"/>
</pin_list>
<bind>
<opset="data_stage5_V "/>
</bind>
</comp>

</comp_list>

<net_list>
<net id="269"><net_src comp="14" pin="0"/><net_sink comp="266" pin=0"/></net>

<net id="273"><net_src comp="14" pin="0"/><net_sink comp="270" pin=0"/></net>

<net id="277"><net_src comp="14" pin="0"/><net_sink comp="274" pin=0"/></net>

<net id="281"><net_src comp="14" pin="0"/><net_sink comp="278" pin=0"/></net>

<net id="285"><net_src comp="14" pin="0"/><net_sink comp="282" pin=0"/></net>

<net id="289"><net_src comp="14" pin="0"/><net_sink comp="286" pin=0"/></net>

<net id="293"><net_src comp="14" pin="0"/><net_sink comp="290" pin=0"/></net>

<net id="297"><net_src comp="14" pin="0"/><net_sink comp="294" pin=0"/></net>

<net id="301"><net_src comp="14" pin="0"/><net_sink comp="298" pin=0"/></net>

<net id="305"><net_src comp="14" pin="0"/><net_sink comp="302" pin=0"/></net>

<net id="309"><net_src comp="14" pin="0"/><net_sink comp="306" pin=0"/></net>

<net id="313"><net_src comp="14" pin="0"/><net_sink comp="310" pin=0"/></net>

<net id="318"><net_src comp="10" pin="0"/><net_sink comp="314" pin=0"/></net>

<net id="319"><net_src comp="8" pin="0"/><net_sink comp="314" pin=1"/></net>

<net id="324"><net_src comp="12" pin="0"/><net_sink comp="320" pin=0"/></net>

<net id="325"><net_src comp="6" pin="0"/><net_sink comp="320" pin=1"/></net>

<net id="330"><net_src comp="12" pin="0"/><net_sink comp="326" pin=0"/></net>

<net id="331"><net_src comp="4" pin="0"/><net_sink comp="326" pin=1"/></net>

<net id="338"><net_src comp="22" pin="0"/><net_sink comp="332" pin=0"/></net>

<net id="346"><net_src comp="26" pin="0"/><net_sink comp="339" pin=0"/></net>

<net id="347"><net_src comp="0" pin="0"/><net_sink comp="339" pin=1"/></net>

<net id="358"><net_src comp="16" pin="0"/><net_sink comp="348" pin=0"/></net>

<net id="359"><net_src comp="2" pin="0"/><net_sink comp="348" pin=2"/></net>

<net id="360"><net_src comp="320" pin="2"/><net_sink comp="348" pin=3"/></net>

<net id="361"><net_src comp="314" pin="2"/><net_sink comp="348" pin=4"/></net>

<net id="362"><net_src comp="326" pin="2"/><net_sink comp="348" pin=6"/></net>

<net id="371"><net_src comp="24" pin="0"/><net_sink comp="363" pin=0"/></net>

<net id="379"><net_src comp="20" pin="0"/><net_sink comp="372" pin=0"/></net>

<net id="389"><net_src comp="18" pin="0"/><net_sink comp="380" pin=0"/></net>

<net id="393"><net_src comp="314" pin="2"/><net_sink comp="390" pin=0"/></net>

<net id="394"><net_src comp="390" pin="1"/><net_sink comp="348" pin=4"/></net>

<net id="398"><net_src comp="320" pin="2"/><net_sink comp="395" pin=0"/></net>

<net id="399"><net_src comp="395" pin="1"/><net_sink comp="348" pin=3"/></net>

<net id="403"><net_src comp="326" pin="2"/><net_sink comp="400" pin=0"/></net>

<net id="404"><net_src comp="400" pin="1"/><net_sink comp="348" pin=6"/></net>

<net id="408"><net_src comp="266" pin="1"/><net_sink comp="405" pin=0"/></net>

<net id="409"><net_src comp="405" pin="1"/><net_sink comp="348" pin=7"/></net>

<net id="410"><net_src comp="405" pin="1"/><net_sink comp="339" pin=2"/></net>

<net id="414"><net_src comp="270" pin="1"/><net_sink comp="411" pin=0"/></net>

<net id="415"><net_src comp="411" pin="1"/><net_sink comp="363" pin=5"/></net>

<net id="416"><net_src comp="411" pin="1"/><net_sink comp="339" pin=4"/></net>

<net id="420"><net_src comp="274" pin="1"/><net_sink comp="417" pin=0"/></net>

<net id="421"><net_src comp="417" pin="1"/><net_sink comp="372" pin=4"/></net>

<net id="422"><net_src comp="417" pin="1"/><net_sink comp="363" pin=4"/></net>

<net id="426"><net_src comp="278" pin="1"/><net_sink comp="423" pin=0"/></net>

<net id="427"><net_src comp="423" pin="1"/><net_sink comp="380" pin=6"/></net>

<net id="428"><net_src comp="423" pin="1"/><net_sink comp="332" pin=3"/></net>

<net id="432"><net_src comp="282" pin="1"/><net_sink comp="429" pin=0"/></net>

<net id="433"><net_src comp="429" pin="1"/><net_sink comp="380" pin=5"/></net>

<net id="434"><net_src comp="429" pin="1"/><net_sink comp="372" pin=3"/></net>

<net id="438"><net_src comp="286" pin="1"/><net_sink comp="435" pin=0"/></net>

<net id="439"><net_src comp="435" pin="1"/><net_sink comp="348" pin=5"/></net>

<net id="440"><net_src comp="435" pin="1"/><net_sink comp="380" pin=4"/></net>

<net id="444"><net_src comp="290" pin="1"/><net_sink comp="441" pin=0"/></net>

<net id="445"><net_src comp="441" pin="1"/><net_sink comp="348" pin=1"/></net>

<net id="446"><net_src comp="441" pin="1"/><net_sink comp="380" pin=3"/></net>

<net id="450"><net_src comp="294" pin="1"/><net_sink comp="447" pin=0"/></net>

<net id="451"><net_src comp="447" pin="1"/><net_sink comp="380" pin=1"/></net>

<net id="452"><net_src comp="447" pin="1"/><net_sink comp="372" pin=2"/></net>

<net id="456"><net_src comp="298" pin="1"/><net_sink comp="453" pin=0"/></net>

<net id="457"><net_src comp="453" pin="1"/><net_sink comp="380" pin=2"/></net>

<net id="458"><net_src comp="453" pin="1"/><net_sink comp="332" pin=2"/></net>

<net id="462"><net_src comp="302" pin="1"/><net_sink comp="459" pin=0"/></net>

<net id="463"><net_src comp="459" pin="1"/><net_sink comp="372" pin=1"/></net>

<net id="464"><net_src comp="459" pin="1"/><net_sink comp="363" pin=2"/></net>

<net id="468"><net_src comp="306" pin="1"/><net_sink comp="465" pin=0"/></net>

<net id="469"><net_src comp="465" pin="1"/><net_sink comp="332" pin=1"/></net>

<net id="470"><net_src comp="465" pin="1"/><net_sink comp="363" pin=3"/></net>

<net id="474"><net_src comp="310" pin="1"/><net_sink comp="471" pin=0"/></net>

<net id="475"><net_src comp="471" pin="1"/><net_sink comp="363" pin=1"/></net>

<net id="476"><net_src comp="471" pin="1"/><net_sink comp="339" pin=3"/></net>

</net_list>

</model> 
---------------- Datapath Model END ------------------

* FSMD analyzer results:
  - Output states:
	Port: gmemo | {9 10 }
 - Input state : 
	Port: dataflow_stalls_kernel : gmemi | {1 2 }
	Port: dataflow_stalls_kernel : output_ddr0 | {1 }
	Port: dataflow_stalls_kernel : input_ddr0 | {1 }
	Port: dataflow_stalls_kernel : data_count | {1 }
  - Chain level:
	State 1
		StgValue_26 : 1
	State 2
	State 3
	State 4
	State 5
	State 6
	State 7
	State 8
	State 9
	State 10


============================================================
+ Verbose Summary: Datapath Resource usage 
============================================================

* Functional unit list:
|----------|------------------------------|---------|---------|---------|---------|
| Operation|        Functional Unit       |  DSP48E |  Delay  |    FF   |   LUT   |
|----------|------------------------------|---------|---------|---------|---------|
|          |      grp_compute2_fu_332     |    16   |    0    |   720   |   236   |
|          |       grp_store_fu_339       |    0    |   1.7   |   286   |    66   |
|   call   |       grp_load5_fu_348       |    0    |   1.7   |   225   |    75   |
|          |       grp_gather_fu_363      |    0    |    0    |   130   |   128   |
|          |      grp_compute1_fu_372     |    0    |    0    |   129   |    57   |
|          |      grp_scatter_fu_380      |    0    |    0    |    97   |    57   |
|----------|------------------------------|---------|---------|---------|---------|
|          |  data_count_read_read_fu_314 |    0    |    0    |    0    |    0    |
|   read   |  input_ddr0_read_read_fu_320 |    0    |    0    |    0    |    0    |
|          | output_ddr0_read_read_fu_326 |    0    |    0    |    0    |    0    |
|----------|------------------------------|---------|---------|---------|---------|
|   Total  |                              |    16   |   3.4   |   1587  |   619   |
|----------|------------------------------|---------|---------|---------|---------|

Memories:
N/A

* Register list:
+------------------------+--------+
|                        |   FF   |
+------------------------+--------+
| data_count_c10_reg_411 |   32   |
|  data_count_c7_reg_429 |   32   |
|  data_count_c8_reg_423 |   32   |
|  data_count_c9_reg_417 |   32   |
|  data_count_c_reg_435  |   32   |
| data_count_read_reg_390|   32   |
|  data_stage0_V_reg_441 |   64   |
|  data_stage1_V_reg_447 |   64   |
|  data_stage2_V_reg_453 |   64   |
|  data_stage3_V_reg_459 |   64   |
|  data_stage4_V_reg_465 |   64   |
|  data_stage5_V_reg_471 |   64   |
| input_ddr0_read_reg_395|   64   |
|  output_ddr0_c_reg_405 |   64   |
|output_ddr0_read_reg_400|   64   |
+------------------------+--------+
|          Total         |   768  |
+------------------------+--------+

* Multiplexer (MUX) list: 
|------------------|------|------|------|--------||---------||---------|
|       Comp       |  Pin | Size |  BW  | S x BW ||  Delay  ||   LUT   |
|------------------|------|------|------|--------||---------||---------|
| grp_load5_fu_348 |  p3  |   2  |  64  |   128  ||    9    |
| grp_load5_fu_348 |  p4  |   2  |  32  |   64   ||    9    |
| grp_load5_fu_348 |  p6  |   2  |  64  |   128  ||    9    |
|------------------|------|------|------|--------||---------||---------|
|       Total      |      |      |      |   320  ||   2.55  ||    27   |
|------------------|------|------|------|--------||---------||---------|



* Summary:
+-----------+--------+--------+--------+--------+
|           | DSP48E |  Delay |   FF   |   LUT  |
+-----------+--------+--------+--------+--------+
|  Function |   16   |    3   |  1587  |   619  |
|   Memory  |    -   |    -   |    -   |    -   |
|Multiplexer|    -   |    2   |    -   |   27   |
|  Register |    -   |    -   |   768  |    -   |
+-----------+--------+--------+--------+--------+
|   Total   |   16   |    5   |  2355  |   646  |
+-----------+--------+--------+--------+--------+
