

================================================================
== Vivado HLS Report for 'gather'
================================================================
* Date:           Tue Apr 14 07:39:18 2020

* Version:        2017.1 (Build 1846317 on Thu Jun 22 18:17:09 MDT 2017)
* Project:        dataflow_stalls_kernel
* Solution:       solution_OCL_REGION_0
* Product family: virtex7
* Target device:  xc7vx690tffg1157-2


================================================================
== Performance Estimates
================================================================
+ Timing (ns): 
    * Summary: 
    +--------+-------+----------+------------+
    |  Clock | Target| Estimated| Uncertainty|
    +--------+-------+----------+------------+
    |ap_clk  |   5.00|      2.96|        1.35|
    +--------+-------+----------+------------+

+ Latency (clock cycles): 
    * Summary: 
    +-----+-----+-----+-----+---------+
    |  Latency  |  Interval | Pipeline|
    | min | max | min | max |   Type  |
    +-----+-----+-----+-----+---------+
    |    ?|    ?|    ?|    ?|   none  |
    +-----+-----+-----+-----+---------+

    + Detail: 
        * Instance: 
        N/A

        * Loop: 
        +----------------+-----+-----+----------+-----------+-----------+------+----------+
        |                |  Latency  | Iteration|  Initiation Interval  | Trip |          |
        |    Loop Name   | min | max |  Latency |  achieved |   target  | Count| Pipelined|
        +----------------+-----+-----+----------+-----------+-----------+------+----------+
        |- gather_epoch  |    ?|    ?|         2|          1|          1|     ?|    yes   |
        +----------------+-----+-----+----------+-----------+-----------+------+----------+

============================================================
+ Verbose Summary: Synthesis Manager
============================================================
InlineROM: 1
ExposeGlobal: 0
============================================================
+ Verbose Summary: CDFG Model
============================================================
IsTopModel: 0
ResetActiveHigh: 1
IsCombinational: 2
IsDatapathOnly: 0
HasWiredReturn: 1
HasMFsm: 0
HasVarLatency: 1
IsPipeline: 0
IsRtlPipelined: 0
IsInstanceOverlapped: 0
IsDontTouch: 0
HasImplIP: 0
IsGatedGlobalClock: 0

+ Individual pipeline summary: 
  * Pipeline-0: initiation interval (II) = 1, depth = 2


============================================================
+ Verbose Summary: Schedule
============================================================
* Number of FSM states: 4
* Pipeline: 1
  Pipeline-0: II = 1, D = 2, States = { 2 3 }
* Dataflow Pipeline: 0

* FSM state transitions: 
1 --> 
	2  / true
2 --> 
	4  / (!tmp_i)
	3  / (tmp_i)
3 --> 
	2  / true
4 --> 
* FSM state operations: 

 <State 1>: 2.30ns
ST_1: i_1 (6)  [1/1] 0.00ns
entry:0  %i_1 = alloca i32

ST_1: StgValue_6 (7)  [1/1] 0.00ns
entry:1  call void (...)* @_ssdm_op_SpecInterface(i64* %to_V, [8 x i8]* @ap_fifo_str, i32 0, i32 0, [1 x i8]* @p_str49, i32 0, i32 0, [1 x i8]* @p_str50, [1 x i8]* @p_str51, [1 x i8]* @p_str52, i32 2, i32 2, i32 16, i32 16, [1 x i8]* @p_str53, [1 x i8]* @p_str54)

ST_1: StgValue_7 (8)  [1/1] 0.00ns
entry:2  call void (...)* @_ssdm_op_SpecInterface(i64* %from1_V, [8 x i8]* @ap_fifo_str, i32 0, i32 0, [1 x i8]* @p_str42, i32 0, i32 0, [1 x i8]* @p_str43, [1 x i8]* @p_str44, [1 x i8]* @p_str45, i32 2, i32 2, i32 16, i32 16, [1 x i8]* @p_str46, [1 x i8]* @p_str47)

ST_1: StgValue_8 (9)  [1/1] 0.00ns
entry:3  call void (...)* @_ssdm_op_SpecInterface(i64* %from0_V, [8 x i8]* @ap_fifo_str, i32 0, i32 0, [1 x i8]* @p_str35, i32 0, i32 0, [1 x i8]* @p_str36, [1 x i8]* @p_str37, [1 x i8]* @p_str38, i32 2, i32 2, i32 16, i32 16, [1 x i8]* @p_str39, [1 x i8]* @p_str40)

ST_1: StgValue_9 (10)  [1/1] 0.00ns
entry:4  call void (...)* @_ssdm_op_SpecInterface(i32* %data_count, [8 x i8]* @ap_fifo_str, i32 0, i32 0, [1 x i8]* @p_str130, i32 0, i32 0, [1 x i8]* @p_str131, [1 x i8]* @p_str132, [1 x i8]* @p_str133, i32 2, i32 2, i32 16, i32 16, [1 x i8]* @p_str134, [1 x i8]* @p_str135)

ST_1: data_count_read (11)  [1/1] 1.15ns
entry:5  %data_count_read = call i32 @_ssdm_op_Read.ap_fifo.i32P(i32* %data_count)

ST_1: StgValue_11 (12)  [1/1] 0.00ns
entry:6  call void (...)* @_ssdm_op_SpecInterface(i32* %data_count_out, [8 x i8]* @ap_fifo_str, i32 0, i32 0, [1 x i8]* @p_str136, i32 0, i32 0, [1 x i8]* @p_str137, [1 x i8]* @p_str138, [1 x i8]* @p_str139, i32 2, i32 2, i32 16, i32 16, [1 x i8]* @p_str140, [1 x i8]* @p_str141)

ST_1: StgValue_12 (13)  [1/1] 1.15ns
entry:7  call void @_ssdm_op_Write.ap_fifo.i32P(i32* %data_count_out, i32 %data_count_read)

ST_1: StgValue_13 (14)  [1/1] 0.85ns
entry:8  store i32 0, i32* %i_1

ST_1: StgValue_14 (15)  [1/1] 0.00ns  loc: /rsgs/pool0/esingh/aqed4saranyu/results/dataflow/dataflow-stalls_ab/src/dataflow_stalls_kernel.cpp:85
entry:9  br label %0


 <State 2>: 2.96ns
ST_2: i_1_load (17)  [1/1] 0.00ns  loc: /rsgs/pool0/esingh/aqed4saranyu/results/dataflow/dataflow-stalls_ab/src/dataflow_stalls_kernel.cpp:89
:0  %i_1_load = load i32* %i_1

ST_2: tmp_i (18)  [1/1] 1.26ns  loc: /rsgs/pool0/esingh/aqed4saranyu/results/dataflow/dataflow-stalls_ab/src/dataflow_stalls_kernel.cpp:85
:1  %tmp_i = icmp ult i32 %i_1_load, %data_count_read

ST_2: StgValue_17 (19)  [1/1] 0.00ns  loc: /rsgs/pool0/esingh/aqed4saranyu/results/dataflow/dataflow-stalls_ab/src/dataflow_stalls_kernel.cpp:85
:2  br i1 %tmp_i, label %1, label %.exit

ST_2: tmp (24)  [1/1] 0.00ns  loc: /rsgs/pool0/esingh/aqed4saranyu/results/dataflow/dataflow-stalls_ab/src/dataflow_stalls_kernel.cpp:87
:3  %tmp = call i1 @_ssdm_op_NbReadReq.ap_fifo.i64P(i64* %from0_V, i32 1)

ST_2: StgValue_19 (25)  [1/1] 0.00ns  loc: /rsgs/pool0/esingh/aqed4saranyu/results/dataflow/dataflow-stalls_ab/src/dataflow_stalls_kernel.cpp:87
:4  br i1 %tmp, label %2, label %._crit_edge.i

ST_2: tmp_1 (27)  [1/1] 0.00ns  loc: /rsgs/pool0/esingh/aqed4saranyu/results/dataflow/dataflow-stalls_ab/src/dataflow_stalls_kernel.cpp:87
:0  %tmp_1 = call i1 @_ssdm_op_NbReadReq.ap_fifo.i64P(i64* %from1_V, i32 1)

ST_2: StgValue_21 (28)  [1/1] 0.00ns  loc: /rsgs/pool0/esingh/aqed4saranyu/results/dataflow/dataflow-stalls_ab/src/dataflow_stalls_kernel.cpp:87
:1  br i1 %tmp_1, label %3, label %._crit_edge.i

ST_2: tmp_2 (30)  [1/1] 1.15ns  loc: /rsgs/pool0/esingh/aqed4saranyu/results/dataflow/dataflow-stalls_ab/src/dataflow_stalls_kernel.cpp:88
:0  %tmp_2 = call i64 @_ssdm_op_Read.ap_fifo.volatile.i64P(i64* %from0_V)

ST_2: tmp_3 (31)  [1/1] 1.15ns  loc: /rsgs/pool0/esingh/aqed4saranyu/results/dataflow/dataflow-stalls_ab/src/dataflow_stalls_kernel.cpp:88
:1  %tmp_3 = call i64 @_ssdm_op_Read.ap_fifo.volatile.i64P(i64* %from1_V)

ST_2: tmp_4 (32)  [1/1] 1.81ns  loc: /rsgs/pool0/esingh/aqed4saranyu/results/dataflow/dataflow-stalls_ab/src/dataflow_stalls_kernel.cpp:88
:2  %tmp_4 = sub i64 %tmp_2, %tmp_3

ST_2: i (34)  [1/1] 1.51ns  loc: /rsgs/pool0/esingh/aqed4saranyu/results/dataflow/dataflow-stalls_ab/src/dataflow_stalls_kernel.cpp:89
:4  %i = add i32 %i_1_load, 1

ST_2: StgValue_26 (35)  [1/1] 0.85ns  loc: /rsgs/pool0/esingh/aqed4saranyu/results/dataflow/dataflow-stalls_ab/src/dataflow_stalls_kernel.cpp:89
:5  store i32 %i, i32* %i_1


 <State 3>: 1.15ns
ST_3: StgValue_27 (21)  [1/1] 0.00ns  loc: /rsgs/pool0/esingh/aqed4saranyu/results/dataflow/dataflow-stalls_ab/src/dataflow_stalls_kernel.cpp:85
:0  call void (...)* @_ssdm_op_SpecLoopName([13 x i8]* @p_str6) nounwind

ST_3: tmp_12_i (22)  [1/1] 0.00ns  loc: /rsgs/pool0/esingh/aqed4saranyu/results/dataflow/dataflow-stalls_ab/src/dataflow_stalls_kernel.cpp:85
:1  %tmp_12_i = call i32 (...)* @_ssdm_op_SpecRegionBegin([13 x i8]* @p_str6)

ST_3: StgValue_29 (23)  [1/1] 0.00ns  loc: /rsgs/pool0/esingh/aqed4saranyu/results/dataflow/dataflow-stalls_ab/src/dataflow_stalls_kernel.cpp:86
:2  call void (...)* @_ssdm_op_SpecPipeline(i32 -1, i32 1, i32 1, i32 0, [1 x i8]* @p_str1) nounwind

ST_3: StgValue_30 (33)  [1/1] 1.15ns  loc: /rsgs/pool0/esingh/aqed4saranyu/results/dataflow/dataflow-stalls_ab/src/dataflow_stalls_kernel.cpp:88
:3  call void @_ssdm_op_Write.ap_fifo.volatile.i64P(i64* %to_V, i64 %tmp_4)

ST_3: StgValue_31 (36)  [1/1] 0.00ns  loc: /rsgs/pool0/esingh/aqed4saranyu/results/dataflow/dataflow-stalls_ab/src/dataflow_stalls_kernel.cpp:90
:6  br label %._crit_edge.i

ST_3: empty (38)  [1/1] 0.00ns  loc: /rsgs/pool0/esingh/aqed4saranyu/results/dataflow/dataflow-stalls_ab/src/dataflow_stalls_kernel.cpp:91
._crit_edge.i:0  %empty = call i32 (...)* @_ssdm_op_SpecRegionEnd([13 x i8]* @p_str6, i32 %tmp_12_i)

ST_3: StgValue_33 (39)  [1/1] 0.00ns  loc: /rsgs/pool0/esingh/aqed4saranyu/results/dataflow/dataflow-stalls_ab/src/dataflow_stalls_kernel.cpp:91
._crit_edge.i:1  br label %0


 <State 4>: 0.00ns
ST_4: StgValue_34 (41)  [1/1] 0.00ns
.exit:0  ret void



============================================================
+ Verbose Summary: Timing violations
============================================================
Target clock period: 5ns, clock uncertainty: 1.35ns.

 <State 1>: 2.3ns
The critical path consists of the following:
	fifo read on port 'data_count' [11]  (1.15 ns)
	fifo write on port 'data_count_out' [13]  (1.15 ns)

 <State 2>: 2.96ns
The critical path consists of the following:
	fifo read on port 'from0_V' (/rsgs/pool0/esingh/aqed4saranyu/results/dataflow/dataflow-stalls_ab/src/dataflow_stalls_kernel.cpp:88) [30]  (1.15 ns)
	'sub' operation ('tmp', /rsgs/pool0/esingh/aqed4saranyu/results/dataflow/dataflow-stalls_ab/src/dataflow_stalls_kernel.cpp:88) [32]  (1.81 ns)

 <State 3>: 1.15ns
The critical path consists of the following:
	fifo write on port 'to_V' (/rsgs/pool0/esingh/aqed4saranyu/results/dataflow/dataflow-stalls_ab/src/dataflow_stalls_kernel.cpp:88) [33]  (1.15 ns)

 <State 4>: 0ns
The critical path consists of the following:


============================================================
+ Verbose Summary: Binding
============================================================
N/A
* FSMD analyzer results:
  - Output states:
 - Input state : 
  - Chain level:
	State 1
	State 2
	State 3
	State 4


============================================================
+ Verbose Summary: Datapath Resource usage 
============================================================
N/A
