2020-04-08 16:46:00.271778 (4707) main____ INFO    ----------------------------------------
2020-04-08 16:46:00.271974 (4707) main____ INFO    JasperGold version info
2020-04-08 16:46:00.272006 (4707) main____ INFO      tool      : JasperGold 2016.09
2020-04-08 16:46:00.272029 (4707) main____ INFO      version   : 2016.09p002 64 bits
2020-04-08 16:46:00.272045 (4707) main____ INFO      build date: 2016.11.28 18:08:37 PST
2020-04-08 16:46:00.272058 (4707) main____ INFO    ----------------------------------------
2020-04-08 16:46:00.272069 (4707) main____ INFO    Runtime info:
2020-04-08 16:46:00.272084 (4707) main____ INFO      platform  : Linux 3.10.0-957.21.3.el7.x86_64 x86_64
2020-04-08 16:46:00.272103 (4707) main____ INFO      hostname  : rsg20.stanford.edu
2020-04-08 16:46:00.272116 (4707) main____ INFO      pid       : 4707
2020-04-08 16:46:00.272129 (4707) main____ INFO      arguments : '-style' 'windows' '-tcl' 'jasper.tcl'
2020-04-08 16:46:00.272141 (4707) main____ INFO    ----------------------------------------
2020-04-08 16:46:00.274760 (4707) lic__man INFO    Claim 'main' for <ui>.
2020-04-08 16:46:00.279243 (4707) lic_core INFO    (1) checking out 'jasper_interactive' ...
2020-04-08 16:46:00.304267 (4707) lic_core INFO    ... (1) checkout succeeded
2020-04-08 16:46:00.304387 (4707) lic__man INFO    Claim 'fpv' for <ui>.
2020-04-08 16:46:00.304447 (4707) lic_core INFO    (2) checking out 'jasper_fpv' ...
2020-04-08 16:46:00.325161 (4707) lic_core INFO    ... (2) checkout succeeded
2020-04-08 16:46:01.101865 (4707) lic__man INFO    Claim 'fpv' for <ui>.
2020-04-08 16:46:01.151511 (4707) lic__man INFO    Unclaim 'fpv' for <ui>.
2020-04-08 16:46:01.151545 (4707) lic__man INFO    Claim 'fpv' for <ui>.
2020-04-08 16:46:01.165284 (4707) session_ INFO    Starting analysis session with session id 'session_0' ...
2020-04-08 16:46:01.167377 (4707) session_ INFO    Analysis session with session id 'session_0' started (pid: 4722)
2020-04-08 16:46:05.574228 (4707) session_ INFO    Analysis session 'session_0' connected to the console (host: 172.24.74.47:48032)
2020-04-08 16:46:08.612103 (4707) lic__man INFO    Unclaim everything for 'session_0*'.
2020-04-08 16:46:08.852983 (4707) lic__man INFO    Claim 'fpv' for 'session_0'.
2020-04-08 16:46:12.360665 (4707) lic__man INFO    Unclaim everything for 'session_0/prove-0'.
2020-04-08 16:46:14.581001 (4707) main____ INFO    About to exit: requested from GUI
2020-04-08 16:46:14.830402 (4707) main____ INFO    Exiting.
