2020-04-08 16:46:15.273624 (4903) main____ INFO    ----------------------------------------
2020-04-08 16:46:15.273797 (4903) main____ INFO    JasperGold version info
2020-04-08 16:46:15.273824 (4903) main____ INFO      tool      : JasperGold 2016.09
2020-04-08 16:46:15.273842 (4903) main____ INFO      version   : 2016.09p002 64 bits
2020-04-08 16:46:15.273854 (4903) main____ INFO      build date: 2016.11.28 18:08:37 PST
2020-04-08 16:46:15.273863 (4903) main____ INFO    ----------------------------------------
2020-04-08 16:46:15.273872 (4903) main____ INFO    Runtime info:
2020-04-08 16:46:15.273883 (4903) main____ INFO      platform  : Linux 3.10.0-957.21.3.el7.x86_64 x86_64
2020-04-08 16:46:15.273898 (4903) main____ INFO      hostname  : rsg20.stanford.edu
2020-04-08 16:46:15.273908 (4903) main____ INFO      pid       : 4903
2020-04-08 16:46:15.273917 (4903) main____ INFO      arguments : '-style' 'windows' '-tcl' 'jasper.tcl'
2020-04-08 16:46:15.273926 (4903) main____ INFO    ----------------------------------------
2020-04-08 16:46:15.276219 (4903) lic__man INFO    Claim 'main' for <ui>.
2020-04-08 16:46:15.282195 (4903) lic_core INFO    (1) checking out 'jasper_interactive' ...
2020-04-08 16:46:15.305734 (4903) lic_core INFO    ... (1) checkout succeeded
2020-04-08 16:46:15.305849 (4903) lic__man INFO    Claim 'fpv' for <ui>.
2020-04-08 16:46:15.305899 (4903) lic_core INFO    (2) checking out 'jasper_fpv' ...
2020-04-08 16:46:15.326619 (4903) lic_core INFO    ... (2) checkout succeeded
2020-04-08 16:46:15.979882 (4903) lic__man INFO    Claim 'fpv' for <ui>.
2020-04-08 16:46:16.031196 (4903) lic__man INFO    Unclaim 'fpv' for <ui>.
2020-04-08 16:46:16.031227 (4903) lic__man INFO    Claim 'fpv' for <ui>.
2020-04-08 16:46:16.049719 (4903) session_ INFO    Starting analysis session with session id 'session_0' ...
2020-04-08 16:46:16.052063 (4903) session_ INFO    Analysis session with session id 'session_0' started (pid: 4918)
2020-04-08 16:46:21.000130 (4903) session_ INFO    Analysis session 'session_0' connected to the console (host: 172.24.74.47:34486)
2020-04-08 16:46:23.182387 (4903) lic__man INFO    Unclaim everything for 'session_0*'.
2020-04-08 16:46:23.450496 (4903) lic__man INFO    Claim 'fpv' for 'session_0'.
2020-04-08 16:46:36.248694 (4903) lic__man INFO    Claim 'fpv' for 'session_0/prove-1'.
2020-04-08 16:46:36.248803 (4903) lic_core INFO    (3) checking out 'jasper_fpv' ...
2020-04-08 16:46:36.304440 (4903) lic_core INFO    ... (3) checkout succeeded
2020-04-08 16:46:37.295728 (4903) lic__man INFO    Unclaim everything for 'session_0/prove-0'.
2020-04-08 16:46:40.230485 (4903) lic__man INFO    Unclaim everything for 'session_0/prove-1'.
2020-04-08 16:48:12.653272 (4903) lic__man INFO    Unclaim everything for 'session_0/prove-2'.
2020-04-08 16:48:14.728032 (4903) main____ INFO    About to exit: requested from GUI
2020-04-08 16:48:14.871966 (4903) main____ INFO    Exiting.
