2020-04-08 16:44:52.202654 (4073) main____ INFO    ----------------------------------------
2020-04-08 16:44:52.202849 (4073) main____ INFO    JasperGold version info
2020-04-08 16:44:52.202879 (4073) main____ INFO      tool      : JasperGold 2016.09
2020-04-08 16:44:52.202902 (4073) main____ INFO      version   : 2016.09p002 64 bits
2020-04-08 16:44:52.202916 (4073) main____ INFO      build date: 2016.11.28 18:08:37 PST
2020-04-08 16:44:52.202927 (4073) main____ INFO    ----------------------------------------
2020-04-08 16:44:52.202937 (4073) main____ INFO    Runtime info:
2020-04-08 16:44:52.202950 (4073) main____ INFO      platform  : Linux 3.10.0-957.21.3.el7.x86_64 x86_64
2020-04-08 16:44:52.202966 (4073) main____ INFO      hostname  : rsg20.stanford.edu
2020-04-08 16:44:52.202978 (4073) main____ INFO      pid       : 4073
2020-04-08 16:44:52.202990 (4073) main____ INFO      arguments : '-style' 'windows' '-tcl' 'jasper.tcl'
2020-04-08 16:44:52.203000 (4073) main____ INFO    ----------------------------------------
2020-04-08 16:44:52.205621 (4073) lic__man INFO    Claim 'main' for <ui>.
2020-04-08 16:44:52.210987 (4073) lic_core INFO    (1) checking out 'jasper_interactive' ...
2020-04-08 16:44:52.234429 (4073) lic_core INFO    ... (1) checkout succeeded
2020-04-08 16:44:52.234578 (4073) lic__man INFO    Claim 'fpv' for <ui>.
2020-04-08 16:44:52.234629 (4073) lic_core INFO    (2) checking out 'jasper_fpv' ...
2020-04-08 16:44:52.254892 (4073) lic_core INFO    ... (2) checkout succeeded
2020-04-08 16:44:52.975663 (4073) lic__man INFO    Claim 'fpv' for <ui>.
2020-04-08 16:44:53.025317 (4073) lic__man INFO    Unclaim 'fpv' for <ui>.
2020-04-08 16:44:53.025350 (4073) lic__man INFO    Claim 'fpv' for <ui>.
2020-04-08 16:44:53.061148 (4073) session_ INFO    Starting analysis session with session id 'session_0' ...
2020-04-08 16:44:53.064313 (4073) session_ INFO    Analysis session with session id 'session_0' started (pid: 4088)
2020-04-08 16:44:57.586966 (4073) session_ INFO    Analysis session 'session_0' connected to the console (host: 172.24.74.47:59710)
2020-04-08 16:45:00.612119 (4073) lic__man INFO    Unclaim everything for 'session_0*'.
2020-04-08 16:45:00.813892 (4073) lic__man INFO    Claim 'fpv' for 'session_0'.
2020-04-08 16:45:03.805032 (4073) lic__man INFO    Unclaim everything for 'session_0/prove-0'.
2020-04-08 16:45:06.882855 (4073) main____ INFO    About to exit: requested from GUI
2020-04-08 16:45:07.029291 (4073) main____ INFO    Exiting.
