

================================================================
== Vivado HLS Report for 'workload'
================================================================
* Date:           Wed Apr 15 19:05:07 2020

* Version:        2018.3 (Build 2405991 on Thu Dec 06 23:56:15 MST 2018)
* Project:        BUG2
* Solution:       solution1
* Product family: aartix7
* Target device:  xa7a12tcsg325-1q


================================================================
== Performance Estimates
================================================================
+ Timing (ns): 
    * Summary: 
    +--------+-------+----------+------------+
    |  Clock | Target| Estimated| Uncertainty|
    +--------+-------+----------+------------+
    |ap_clk  |  50.00|     9.254|        6.25|
    +--------+-------+----------+------------+

+ Latency (clock cycles): 
    * Summary: 
    +-----+-----+-----+-----+---------+
    |  Latency  |  Interval | Pipeline|
    | min | max | min | max |   Type  |
    +-----+-----+-----+-----+---------+
    |  105|  105|  105|  105|   none  |
    +-----+-----+-----+-----+---------+

    + Detail: 
        * Instance: 
        +-------------------------------+--------------------+-----+-----+-----+-----+---------+
        |                               |                    |  Latency  |  Interval | Pipeline|
        |            Instance           |       Module       | min | max | min | max |   Type  |
        +-------------------------------+--------------------+-----+-----+-----+-----+---------+
        |grp_aes256_encrypt_ecb_fu_239  |aes256_encrypt_ecb  |   46|   46|   46|   46|   none  |
        |grp_aes256_encrypt_ecb_fu_251  |aes256_encrypt_ecb  |   46|   46|   46|   46|   none  |
        +-------------------------------+--------------------+-----+-----+-----+-----+---------+

        * Loop: 
        +-----------------+-----+-----+----------+-----------+-----------+------+----------+
        |                 |  Latency  | Iteration|  Initiation Interval  | Trip |          |
        |    Loop Name    | min | max |  Latency |  achieved |   target  | Count| Pipelined|
        +-----------------+-----+-----+----------+-----------+-----------+------+----------+
        |- Loop 1         |   32|   32|         1|          1|          1|    32|    yes   |
        |- major_loop     |   70|   70|        70|          -|          -|     1|    no    |
        | + reshape1      |   12|   12|         6|          -|          -|     2|    no    |
        |  ++ reshape1.1  |    4|    4|         2|          -|          -|     2|    no    |
        | + reshape2      |    8|    8|         4|          -|          -|     2|    no    |
        |  ++ reshape2.1  |    2|    2|         1|          -|          -|     2|    no    |
        +-----------------+-----+-----+----------+-----------+-----------+------+----------+



================================================================
== Utilization Estimates
================================================================
* Summary: 
+-----------------+---------+-------+-------+------+
|       Name      | BRAM_18K| DSP48E|   FF  |  LUT |
+-----------------+---------+-------+-------+------+
|DSP              |        -|      -|      -|     -|
|Expression       |        -|      -|      0|   196|
|FIFO             |        -|      -|      -|     -|
|Instance         |        4|      -|    246|  1052|
|Memory           |        0|      -|     32|     8|
|Multiplexer      |        -|      -|      -|   146|
|Register         |        -|      -|    133|     -|
+-----------------+---------+-------+-------+------+
|Total            |        4|      0|    411|  1402|
+-----------------+---------+-------+-------+------+
|Available        |       40|     40|  16000|  8000|
+-----------------+---------+-------+-------+------+
|Utilization (%)  |       10|      0|      2|    17|
+-----------------+---------+-------+-------+------+

+ Detail: 
    * Instance: 
    +-------------------------------+--------------------+---------+-------+-----+-----+
    |            Instance           |       Module       | BRAM_18K| DSP48E|  FF | LUT |
    +-------------------------------+--------------------+---------+-------+-----+-----+
    |grp_aes256_encrypt_ecb_fu_239  |aes256_encrypt_ecb  |        2|      0|  123|  526|
    |grp_aes256_encrypt_ecb_fu_251  |aes256_encrypt_ecb  |        2|      0|  123|  526|
    +-------------------------------+--------------------+---------+-------+-----+-----+
    |Total                          |                    |        4|      0|  246| 1052|
    +-------------------------------+--------------------+---------+-------+-----+-----+

    * DSP48: 
    N/A

    * Memory: 
    +---------------+----------------------+---------+----+----+------+-----+------+-------------+
    |     Memory    |        Module        | BRAM_18K| FF | LUT| Words| Bits| Banks| W*Bits*Banks|
    +---------------+----------------------+---------+----+----+------+-----+------+-------------+
    |local_key_0_U  |workload_local_key_0  |        0|  16|   4|    32|    8|     1|          256|
    |local_key_1_U  |workload_local_key_0  |        0|  16|   4|    32|    8|     1|          256|
    +---------------+----------------------+---------+----+----+------+-----+------+-------------+
    |Total          |                      |        0|  32|   8|    64|   16|     2|          512|
    +---------------+----------------------+---------+----+----+------+-----+------+-------------+

    * FIFO: 
    N/A

    * Expression: 
    +---------------------------------+----------+-------+---+----+------------+------------+
    |          Variable Name          | Operation| DSP48E| FF| LUT| Bitwidth P0| Bitwidth P1|
    +---------------------------------+----------+-------+---+----+------------+------------+
    |j_2_fu_267_p2                    |     +    |      0|  0|  15|           6|           1|
    |j_4_fu_279_p2                    |     +    |      0|  0|  10|           2|           1|
    |j_5_fu_380_p2                    |     +    |      0|  0|  10|           2|           1|
    |k_2_fu_305_p2                    |     +    |      0|  0|  10|           2|           1|
    |k_3_fu_402_p2                    |     +    |      0|  0|  10|           2|           1|
    |sum2_fu_441_p2                   |     +    |      0|  0|  13|           4|           4|
    |sum_fu_320_p2                    |     +    |      0|  0|  13|           4|           4|
    |tmp1_fu_432_p2                   |     +    |      0|  0|  10|           2|           2|
    |tmp8_fu_311_p2                   |     +    |      0|  0|  10|           2|           2|
    |exitcond2_fu_261_p2              |   icmp   |      0|  0|  11|           6|           7|
    |exitcond3_fu_273_p2              |   icmp   |      0|  0|   9|           2|           3|
    |exitcond5_fu_299_p2              |   icmp   |      0|  0|   9|           2|           3|
    |exitcond6_fu_374_p2              |   icmp   |      0|  0|   9|           2|           3|
    |exitcond_fu_396_p2               |   icmp   |      0|  0|   9|           2|           3|
    |ap_block_state8_on_subcall_done  |    or    |      0|  0|   8|           1|           1|
    |buf_0_load_phi_fu_418_p3         |  select  |      0|  0|   8|           1|           8|
    |buf_1_1_2_fu_334_p3              |  select  |      0|  0|   8|           1|           8|
    |buf_1_1_3_fu_341_p3              |  select  |      0|  0|   8|           1|           8|
    |buf_1_load_phi_fu_412_p3         |  select  |      0|  0|   8|           1|           8|
    |data_d0                          |  select  |      0|  0|   8|           1|           8|
    +---------------------------------+----------+-------+---+----+------------+------------+
    |Total                            |          |      0|  0| 196|          46|          77|
    +---------------------------------+----------+-------+---+----+------------+------------+

    * Multiplexer: 
    +-------------------+----+-----------+-----+-----------+
    |        Name       | LUT| Input Size| Bits| Total Bits|
    +-------------------+----+-----------+-----+-----------+
    |ap_NS_fsm          |  50|         11|    1|         11|
    |buf_0_0_1_reg_160  |   9|          2|    8|         16|
    |buf_0_0_2_reg_194  |   9|          2|    8|         16|
    |buf_0_1_1_reg_149  |   9|          2|    8|         16|
    |buf_0_1_2_reg_182  |   9|          2|    8|         16|
    |data_address0      |  15|          3|    4|         12|
    |j_1_reg_171        |   9|          2|    2|          4|
    |j_3_reg_217        |   9|          2|    2|          4|
    |j_reg_101          |   9|          2|    6|         12|
    |k_1_reg_228        |   9|          2|    2|          4|
    |k_reg_206          |   9|          2|    2|          4|
    +-------------------+----+-----------+-----+-----------+
    |Total              | 146|         32|   51|        115|
    +-------------------+----+-----------+-----+-----------+

    * Register: 
    +--------------------------------------------+----+----+-----+-----------+
    |                    Name                    | FF | LUT| Bits| Const Bits|
    +--------------------------------------------+----+----+-----+-----------+
    |ap_CS_fsm                                   |  10|   0|   10|          0|
    |buf_0_0_1_reg_160                           |   8|   0|    8|          0|
    |buf_0_0_2_reg_194                           |   8|   0|    8|          0|
    |buf_0_0_3_reg_529                           |   8|   0|    8|          0|
    |buf_0_0_reg_124                             |   8|   0|    8|          0|
    |buf_0_1_1_reg_149                           |   8|   0|    8|          0|
    |buf_0_1_2_reg_182                           |   8|   0|    8|          0|
    |buf_0_1_3_reg_535                           |   8|   0|    8|          0|
    |buf_0_1_reg_112                             |   8|   0|    8|          0|
    |buf_1_0_1_reg_541                           |   8|   0|    8|          0|
    |buf_1_0_fu_66                               |   8|   0|    8|          0|
    |buf_1_1_1_reg_546                           |   8|   0|    8|          0|
    |buf_1_1_fu_70                               |   8|   0|    8|          0|
    |grp_aes256_encrypt_ecb_fu_239_ap_start_reg  |   1|   0|    1|          0|
    |grp_aes256_encrypt_ecb_fu_251_ap_start_reg  |   1|   0|    1|          0|
    |i_2_reg_136                                 |   1|   0|    1|          0|
    |j_1_reg_171                                 |   2|   0|    2|          0|
    |j_3_reg_217                                 |   2|   0|    2|          0|
    |j_4_reg_480                                 |   2|   0|    2|          0|
    |j_5_reg_554                                 |   2|   0|    2|          0|
    |j_reg_101                                   |   6|   0|    6|          0|
    |k_1_reg_228                                 |   2|   0|    2|          0|
    |k_2_reg_503                                 |   2|   0|    2|          0|
    |k_reg_206                                   |   2|   0|    2|          0|
    |tmp_1_reg_485                               |   1|   0|    2|          1|
    |tmp_4_reg_559                               |   1|   0|    1|          0|
    |tmp_5_reg_564                               |   1|   0|    2|          1|
    |tmp_6_reg_513                               |   1|   0|    1|          0|
    +--------------------------------------------+----+----+-----+-----------+
    |Total                                       | 133|   0|  135|          2|
    +--------------------------------------------+----+----+-----+-----------+



================================================================
== Interface
================================================================
* Summary: 
+---------------+-----+-----+------------+--------------+--------------+
|   RTL Ports   | Dir | Bits|  Protocol  | Source Object|    C Type    |
+---------------+-----+-----+------------+--------------+--------------+
|ap_clk         |  in |    1| ap_ctrl_hs |   workload   | return value |
|ap_rst         |  in |    1| ap_ctrl_hs |   workload   | return value |
|ap_start       |  in |    1| ap_ctrl_hs |   workload   | return value |
|ap_done        | out |    1| ap_ctrl_hs |   workload   | return value |
|ap_idle        | out |    1| ap_ctrl_hs |   workload   | return value |
|ap_ready       | out |    1| ap_ctrl_hs |   workload   | return value |
|data_address0  | out |    4|  ap_memory |     data     |     array    |
|data_ce0       | out |    1|  ap_memory |     data     |     array    |
|data_we0       | out |    1|  ap_memory |     data     |     array    |
|data_d0        | out |    8|  ap_memory |     data     |     array    |
|data_q0        |  in |    8|  ap_memory |     data     |     array    |
|data_offset    |  in |    4|   ap_none  |  data_offset |    scalar    |
+---------------+-----+-----+------------+--------------+--------------+

