#----------------------------------------
# JasperGold Version Info
# tool      : JasperGold 2016.09
# platform  : Linux 3.10.0-957.21.3.el7.x86_64
# version   : 2016.09p002 64 bits
# build date: 2016.11.28 18:08:41 PST
#----------------------------------------
# started Wed Apr 15 19:48:14 PDT 2020
# hostname  : rsg31.stanford.edu
# pid       : 26611
# arguments : '-label' 'session_0' '-console' 'rsg31.stanford.edu:35091' '-style' 'windows' '-use_native_tcl' '-proj' '/rsgs/pool0/Saranyu/AES_1/AES_abstracted/cpp/bugless/BUGLESS/solution1/syn/verilog/jgproject/sessionLogs/session_0' '-init' '-hidden' '/rsgs/pool0/Saranyu/AES_1/AES_abstracted/cpp/bugless/BUGLESS/solution1/syn/verilog/jgproject/.tmp/.initCmds.tcl' 'jasper.tcl'

Any disclosure about the Cadence Design Systems software or its use
model to any third party violates the written Non-Disclosure Agreement
between Cadence Design Systems, Inc. and the customer.

THIS SOFTWARE CONTAINS CONFIDENTIAL INFORMATION AND TRADE SECRETS OF
CADENCE DESIGN SYSTEMS, INC. USE, DISCLOSURE, OR REPRODUCTION IS
PROHIBITED WITHOUT THE PRIOR EXPRESS WRITTEN PERMISSION OF CADENCE
DESIGN SYSTEMS, INC.

Copyright (C) 2000-2016 Cadence Design Systems, Inc. All Rights
Reserved.  Unpublished -- rights reserved under the copyright laws of
the United States.

This product includes software developed by others and redistributed
according to license agreement. See doc/third_party_readme.txt for
further details.

RESTRICTED RIGHTS LEGEND

Use, duplication, or disclosure by the Government is subject to
restrictions as set forth in subparagraph (c) (1) (ii) of the Rights in
Technical Data and Computer Software clause at DFARS 252.227-7013 or
subparagraphs (c) (1) and (2) of Commercial Computer Software -- Restricted
Rights at 48 CFR 52.227-19, as applicable.


                          Cadence Design Systems, Inc. 
                          2655 Seely Avenue
                          San Jose, CA 95134
                          Phone: 408.943.1234

For technical assistance visit http://support.cadence.com.

JasperGold Apps Analysis Session - /rsgs/pool0/Saranyu/AES_1/AES_abstracted/cpp/bugless/BUGLESS/solution1/syn/verilog/jgproject/sessionLogs/session_0

INFO: successfully checked out licenses "jasper_interactive" and "jasper_fpv".
INFO: reading configuration file "/rsghome/saranyuc/.config/jasper/jaspergold.conf".
INFO (IPL003): This JasperGold instance uses a new interpreter implementation for Tcl evaluation.
    Launch JasperGold using the "-use_jtcl" command-line switch to restore it to the old implementation.
% 
% analyze -sv09 -f aes.flist 
[-- (VERI-1482)] Analyzing Verilog file /hd/cad/cadence/JASPERGOLD16.09.002.lnx86/lib/verilog/packages/std/std.sv into library std
[-- (VERI-1482)] Analyzing Verilog file aes256_encrypt_ecb_ctx_body_enckey.v
[-- (VERI-1482)] Analyzing Verilog file aes256_encrypt_ecb_ctx_body_key.v
[-- (VERI-1482)] Analyzing Verilog file aes256_encrypt_ecb_sbox.v
[-- (VERI-1482)] Analyzing Verilog file aes256_encrypt_ecb.v
[-- (VERI-1482)] Analyzing Verilog file aqed_in_state_key_V.v
[-- (VERI-1482)] Analyzing Verilog file aqed_in.v
[-- (VERI-1482)] Analyzing Verilog file aqed_out.v
[-- (VERI-1482)] Analyzing Verilog file aqed_top_bmc_in.v
[-- (VERI-1482)] Analyzing Verilog file aqed_top.v
[-- (VERI-1482)] Analyzing Verilog file workload_local_key_0.v
[-- (VERI-1482)] Analyzing Verilog file workload.v
% elaborate -disable_auto_bbox -top aqed_top
INFO (ISW003): Top module name is "aqed_top".
[INFO (VERI-1018)] aqed_top.v(12): compiling module aqed_top
[WARN (VERI-1060)] aqed_top.v(145): 'initial' construct ignored
[INFO (VERI-1018)] aqed_top_bmc_in.v(58): compiling module aqed_top_bmc_in:(DataWidth=8,AddressRange=16,AddressWidth=4)
[INFO (VERI-1018)] aqed_top_bmc_in.v(9): compiling module aqed_top_bmc_in_ram
[WARN (VERI-1060)] aqed_top_bmc_in.v(29): 'initial' construct ignored
[INFO (VERI-1018)] workload.v(10): compiling module workload
[WARN (VERI-1060)] workload.v(162): 'initial' construct ignored
[INFO (VERI-1018)] workload_local_key_0.v(42): compiling module workload_local_key_0:(DataWidth=8,AddressRange=32,AddressWidth=5)_0
[INFO (VERI-1018)] workload_local_key_0.v(9): compiling module workload_local_key_0_rom_0
[WARN (VERI-1060)] workload_local_key_0.v(25): 'initial' construct ignored
[INFO (VERI-1018)] workload_local_key_0.v(42): compiling module workload_local_key_0:(DataWidth=8,AddressRange=32,AddressWidth=5)_1
[INFO (VERI-1018)] workload_local_key_0.v(9): compiling module workload_local_key_0_rom_1
[INFO (VERI-1018)] aes256_encrypt_ecb.v(10): compiling module aes256_encrypt_ecb
[WARN (VERI-1060)] aes256_encrypt_ecb.v(178): 'initial' construct ignored
[INFO (VERI-1018)] aes256_encrypt_ecb_sbox.v(300): compiling module aes256_encrypt_ecb_sbox:(DataWidth=8,AddressRange=256,AddressWidth=8)
[INFO (VERI-1018)] aes256_encrypt_ecb_sbox.v(9): compiling module aes256_encrypt_ecb_sbox_rom
[WARN (VERI-1060)] aes256_encrypt_ecb_sbox.v(25): 'initial' construct ignored
[INFO (VERI-1018)] aes256_encrypt_ecb_ctx_body_key.v(55): compiling module aes256_encrypt_ecb_ctx_body_key:(DataWidth=8,AddressRange=32,AddressWidth=5)
[INFO (VERI-1018)] aes256_encrypt_ecb_ctx_body_key.v(9): compiling module aes256_encrypt_ecb_ctx_body_key_ram
[INFO (VERI-9012)] aes256_encrypt_ecb_ctx_body_key.v(26): Unintentional Sequential element inferred for ram read before write using blocking assignment
[INFO (VERI-9012)] aes256_encrypt_ecb_ctx_body_key.v(19): Unintentional Sequential element inferred for q0 read before write using blocking assignment
[INFO (VERI-1018)] aes256_encrypt_ecb_ctx_body_enckey.v(55): compiling module aes256_encrypt_ecb_ctx_body_enckey:(DataWidth=8,AddressRange=32,AddressWidth=5)
[INFO (VERI-1018)] aes256_encrypt_ecb_ctx_body_enckey.v(9): compiling module aes256_encrypt_ecb_ctx_body_enckey_ram
[WARN (VERI-1209)] aes256_encrypt_ecb.v(547): expression size 64 truncated to fit in target size 5
[WARN (VERI-1209)] aes256_encrypt_ecb.v(549): expression size 64 truncated to fit in target size 5
[WARN (VERI-1209)] aes256_encrypt_ecb.v(551): expression size 32 truncated to fit in target size 5
[WARN (VERI-1209)] aes256_encrypt_ecb.v(581): expression size 64 truncated to fit in target size 5
[WARN (VERI-1209)] aes256_encrypt_ecb.v(583): expression size 64 truncated to fit in target size 5
[WARN (VERI-1209)] aes256_encrypt_ecb.v(585): expression size 32 truncated to fit in target size 5
[WARN (VERI-1209)] aes256_encrypt_ecb.v(693): expression size 32 truncated to fit in target size 9
[WARN (VERI-1209)] aes256_encrypt_ecb.v(774): expression size 64 truncated to fit in target size 5
[WARN (VERI-1209)] aes256_encrypt_ecb.v(776): expression size 64 truncated to fit in target size 5
[WARN (VERI-1209)] aes256_encrypt_ecb.v(790): expression size 64 truncated to fit in target size 5
[WARN (VERI-1209)] aes256_encrypt_ecb.v(792): expression size 64 truncated to fit in target size 8
[WARN (VERI-1209)] workload.v(486): expression size 64 truncated to fit in target size 4
[WARN (VERI-1209)] workload.v(488): expression size 64 truncated to fit in target size 4
[WARN (VERI-1209)] workload.v(490): expression size 32 truncated to fit in target size 4
[WARN (VERI-1209)] workload.v(578): expression size 32 truncated to fit in target size 11
[INFO (VERI-1018)] aqed_in.v(10): compiling module aqed_in
[WARN (VERI-1060)] aqed_in.v(219): 'initial' construct ignored
[INFO (VERI-1018)] aqed_in_state_key_V.v(58): compiling module aqed_in_state_key_V:(DataWidth=1,AddressRange=32,AddressWidth=5)
[INFO (VERI-1018)] aqed_in_state_key_V.v(9): compiling module aqed_in_state_key_V_ram
[WARN (VERI-1060)] aqed_in_state_key_V.v(30): 'initial' construct ignored
[INFO (VERI-9012)] aqed_in_state_key_V.v(26): Unintentional Sequential element inferred for ram read before write using blocking assignment
[INFO (VERI-9012)] aqed_in_state_key_V.v(19): Unintentional Sequential element inferred for q0 read before write using blocking assignment
[WARN (VERI-1209)] aqed_in.v(311): expression size 64 truncated to fit in target size 4
[WARN (VERI-1209)] aqed_in.v(313): expression size 64 truncated to fit in target size 4
[WARN (VERI-1209)] aqed_in.v(315): expression size 32 truncated to fit in target size 4
[WARN (VERI-1209)] aqed_in.v(321): expression size 64 truncated to fit in target size 4
[WARN (VERI-1209)] aqed_in.v(323): expression size 64 truncated to fit in target size 4
[WARN (VERI-1209)] aqed_in.v(325): expression size 32 truncated to fit in target size 4
[WARN (VERI-1209)] aqed_in.v(427): expression size 32 truncated to fit in target size 5
[WARN (VERI-1209)] aqed_in.v(465): expression size 32 truncated to fit in target size 5
[WARN (VERI-1209)] aqed_in.v(598): expression size 32 truncated to fit in target size 18
[INFO (VERI-1018)] aqed_out.v(10): compiling module aqed_out
[WARN (VERI-1060)] aqed_out.v(142): 'initial' construct ignored
[WARN (VERI-1209)] aqed_out.v(281): expression size 64 truncated to fit in target size 4
[WARN (VERI-1209)] aqed_out.v(283): expression size 64 truncated to fit in target size 4
[WARN (VERI-1209)] aqed_out.v(285): expression size 32 truncated to fit in target size 4
[WARN (VERI-1209)] aqed_out.v(291): expression size 64 truncated to fit in target size 4
[WARN (VERI-1209)] aqed_out.v(293): expression size 64 truncated to fit in target size 4
[WARN (VERI-1209)] aqed_out.v(295): expression size 32 truncated to fit in target size 4
[WARN (VERI-1209)] aqed_out.v(322): expression size 32 truncated to fit in target size 1
[WARN (VERI-1209)] aqed_out.v(325): expression size 32 truncated to fit in target size 1
[WARN (VERI-1209)] aqed_out.v(356): expression size 32 truncated to fit in target size 4
[WARN (VERI-1209)] aqed_top.v(406): expression size 32 truncated to fit in target size 4
[WARN (VERI-1209)] aqed_top.v(416): expression size 32 truncated to fit in target size 4
[WARN (VERI-1209)] aqed_top.v(490): expression size 32 truncated to fit in target size 7
[WARN (VDB-1002)] workload_local_key_0.v(21): net ram[0][7] does not have a driver
[INFO] Beginning multiple driver analysis
[INFO] Finished multiple driver analysis
[INFO] Module Name aqed_top
aqed_top
[<embedded>] % clock ap_clk
[<embedded>] % reset -expression ap_rst 
INFO (IPM031): Clearing proof results of all properties.
INFO (IRS006): Current reset condition is "ap_rst".
[<embedded>] % #set_engine_mode {Hp Ht Bm J Q3 U L R B K AB D I AD M N AM G C AG G2 C2 Hps Hts Tri}
[<embedded>] % #autoprove
[<embedded>] % set_engine_mode {B Bm}
[<embedded>] % 
[<embedded>] % prove -bg -property {<embedded>::aqed_top.assert_qed_match <embedded>::aqed_top.assert_qed_match:precondition1}
INFO (IPF031): Settings used for this proof:
    time_limit                    = 86400s
    per_property_time_limit       = 1s * 10 ^ scan
    engine_mode                   = B Bm 
    proofgrid_per_engine_max_jobs = 1
    max engine jobs               = B Bm, total 2
    proofgrid_mode                = local
    proofgrid_restarts            = 10
INFO (IPF036): Starting proof on task: "<embedded>", 2 properties to prove with 0 already proven/unreachable
background (thread 0)
INFO (IRS029): Starting reset analysis: phase 1 of 4.
INFO (IRS030): Running reset analysis phase 2 of 4.
INFO (IRS031): Running reset analysis phase 3 of 4.
INFO (IRS020): Starting the reset analysis simulation with a limit of 100 iterations (phase 4 of 4).
INFO (IRS024): Reset iterations 0 to 4 analyzed.
INFO (IRS018): Reset analysis simulation executed for 3 iterations. Assigned values for 506 of 2263 design flops, 0 of 0 design latches, 42 of 316 internal elements.
Using multistage preprocessing
Starting reduce
Finished reduce in 0.025s
Performing Proof Simplification...
0.0.B: clocks: 1, declared: 1, disabling: 0, posedge: 1, negedge: 0, noedge: 0, bothedge: 0
0.0.B: Proof Simplification Iteration 1	[0.00 s]
0.0.B: Proof Simplification Iteration 2	[0.01 s]
0.0.B: Proof Simplification Iteration 3	[0.02 s]
Proof Simplification completed in 0.06 s
About to start centralized ProofGrid in its own thread with a limit of 10000 pending notifications and a limit of 10 traces.
=============================== ProofGrid start ===============================
ProofGrid usable level: 2
ProofGrid is starting event handling
0.0.Bm: Proofgrid shell started at 26795@rsg31.stanford.edu(local) jg_26611_rsg31.stanford.edu_1
0.0.B: Proofgrid shell started at 26794@rsg31.stanford.edu(local) jg_26611_rsg31.stanford.edu_1
0.0.Bm: clocks: 1, declared: 1, disabling: 0, posedge: 1, negedge: 0, noedge: 0, bothedge: 0
0.0.B: clocks: 1, declared: 1, disabling: 0, posedge: 1, negedge: 0, noedge: 0, bothedge: 0
0.0.B: Next scan (0) will use per property time limit: 1s * 10 ^ 0 = 1s
0.0.B: Starting proof for property "aqed_top.assert_qed_match"	[0.00 s].
0.0.Bm: Trace Attempt  1	[0.02 s]
0.0.B: Trace Attempt  1	[0.01 s]
0.0.Bm: Trace Attempt  2	[0.07 s]
0.0.B: Trace Attempt  2	[0.06 s]
0.0.Bm: Trace Attempt  3	[0.12 s]
0.0.B: Trace Attempt  3	[0.11 s]
0.0.Bm: Trace Attempt  4	[0.17 s]
0.0.B: Trace Attempt  4	[0.17 s]
0.0.Bm: Trace Attempt  5	[0.22 s]
0.0.B: Trace Attempt  5	[0.23 s]
0.0.B: Trace Attempt 14	[1.02 s]
0.0.B: Per property time limit expired (1.00 s) [1.14 s]
0.0.B: Stopped processing property "aqed_top.assert_qed_match"	[1.14 s].
0.0.B: Starting proof for property "aqed_top.assert_qed_match:precondition1"	[0.00 s].
0.0.B: Trace Attempt  1	[0.01 s]
0.0.B: Trace Attempt  2	[0.04 s]
0.0.B: Trace Attempt  3	[0.09 s]
0.0.B: Trace Attempt  4	[0.13 s]
0.0.B: Trace Attempt  5	[0.18 s]
0.0.B: Trace Attempt 14	[0.97 s]
0.0.B: Per property time limit expired (1.00 s) [1.18 s]
0.0.B: Stopped processing property "aqed_top.assert_qed_match:precondition1"	[1.18 s].
0.0.B: Next scan (1) will use per property time limit: 1s * 10 ^ 1 = 10s
0.0.B: Starting proof for property "aqed_top.assert_qed_match"	[0.00 s].
0.0.B: Trace Attempt  1	[0.02 s]
0.0.B: Trace Attempt  2	[0.06 s]
0.0.B: Trace Attempt  3	[0.09 s]
0.0.B: Trace Attempt  4	[0.13 s]
0.0.B: Trace Attempt  5	[0.18 s]
0.0.Bm: Trace Attempt 37	[4.24 s]
0.0.B: Trace Attempt 37	[4.20 s]
0.0.Bm: Trace Attempt 58	[8.76 s]
0.0.B: Trace Attempt 62	[8.23 s]
0.0.B: Trace Attempt 69	[9.90 s]
0.0.B: Per property time limit expired (10.00 s) [10.33 s]
0.0.B: Stopped processing property "aqed_top.assert_qed_match"	[10.33 s].
0.0.B: Starting proof for property "aqed_top.assert_qed_match:precondition1"	[0.00 s].
0.0.B: Trace Attempt  1	[0.02 s]
0.0.B: Trace Attempt  2	[0.07 s]
0.0.B: Trace Attempt  3	[0.12 s]
0.0.B: Trace Attempt  4	[0.18 s]
0.0.Bm: Trace Attempt 76	[12.83 s]
0.0.B: Trace Attempt  5	[0.24 s]
0.0.Bm: Trace Attempt 91	[16.92 s]
0.0.B: Trace Attempt 37	[4.29 s]
0.0.Bm: Trace Attempt 102	[21.03 s]
0.0.B: Trace Attempt 60	[8.42 s]
0.0.B: Trace Attempt 66	[10.02 s]
0.0.B: Per property time limit expired (10.00 s) [10.36 s]
0.0.B: Stopped processing property "aqed_top.assert_qed_match:precondition1"	[10.36 s].
0.0.B: Next scan (2) will use per property time limit: 1s * 10 ^ 2 = 100s
0.0.B: Starting proof for property "aqed_top.assert_qed_match"	[0.00 s].
0.0.B: Trace Attempt  1	[0.02 s]
0.0.B: Trace Attempt  2	[0.07 s]
0.0.B: Trace Attempt  3	[0.12 s]
0.0.B: Trace Attempt  4	[0.17 s]
0.0.B: Trace Attempt  5	[0.22 s]
0.0.Bm: Trace Attempt 108	[25.25 s]
0.0.B: Trace Attempt 38	[4.23 s]
0.0.Bm: Trace Attempt 116	[29.27 s]
0.0.B: Trace Attempt 63	[8.29 s]
0.0.Bm: Trace Attempt 123	[33.33 s]
0.0.B: Trace Attempt 79	[12.60 s]
0.0.Bm: Trace Attempt 129	[37.95 s]
0.0.B: Trace Attempt 90	[17.07 s]
0.0.Bm: Trace Attempt 133	[43.17 s]
0.0.B: Trace Attempt 98	[21.64 s]
0.0.Bm: Trace Attempt 136	[48.29 s]
0.0.B: Trace Attempt 104	[26.17 s]
0.0.Bm: Trace Attempt 137	[49.52 s]
0.0.Bm: A trace with 137 cycles was found. [52.69 s]
INFO (IPF047): 0.0.Bm: The cover property "aqed_top.assert_qed_match:precondition1" was covered in 137 cycles in 52.77 s.
ProofGrid usable level: 1
0.0.B: Trace Attempt 108	[30.43 s]
0.0.B: Trace Attempt 114	[35.23 s]
0.0.B: Trace Attempt 120	[39.82 s]
0.0.B: Trace Attempt 125	[44.87 s]
0.0.B: Trace Attempt 129	[49.50 s]
0.0.B: Trace Attempt 132	[55.86 s]
0.0.B: Trace Attempt 135	[60.41 s]
0.0.Bm: Trace Attempt 138	[106.46 s]
0.0.B: Trace Attempt 138	[100.10 s]
0.0.B: Per property time limit expired (100.00 s) [100.90 s]
0.0.B: Stopped processing property "aqed_top.assert_qed_match"	[100.90 s].
0.0.B: Last scan. Per property time limit: 0s
0.0.B: Starting proof for property "aqed_top.assert_qed_match"	[0.00 s].
0.0.B: Trace Attempt  1	[0.02 s]
0.0.B: Trace Attempt  2	[0.07 s]
0.0.B: Trace Attempt  3	[0.12 s]
0.0.B: Trace Attempt  4	[0.17 s]
0.0.B: Trace Attempt  5	[0.23 s]
0.0.B: Trace Attempt 38	[4.32 s]
0.0.Bm: Trace Attempt 139	[131.94 s]
0.0.B: Trace Attempt 63	[8.60 s]
0.0.B: Trace Attempt 79	[12.79 s]
0.0.B: Trace Attempt 90	[17.12 s]
0.0.B: Trace Attempt 98	[21.86 s]
0.0.B: Trace Attempt 104	[26.43 s]
0.0.B: Trace Attempt 108	[30.90 s]
0.0.B: Trace Attempt 113	[35.00 s]
0.0.B: Trace Attempt 118	[39.27 s]
0.0.Bm: Trace Attempt 140	[163.56 s]
0.0.B: Trace Attempt 123	[43.91 s]
0.0.B: Trace Attempt 127	[48.01 s]
0.0.B: Trace Attempt 130	[52.43 s]
0.0.B: Trace Attempt 132	[56.45 s]
0.0.B: Trace Attempt 135	[61.05 s]
0.0.Bm: Trace Attempt 141	[200.31 s]
0.0.B: Trace Attempt 138	[100.27 s]
0.0.Bm: Trace Attempt 142	[249.52 s]
0.0.B: Trace Attempt 139	[142.02 s]
0.0.Bm: Trace Attempt 143	[279.12 s]
0.0.B: Trace Attempt 140	[172.41 s]
0.0.Bm: Trace Attempt 144	[317.94 s]
0.0.B: Trace Attempt 141	[205.58 s]
0.0.Bm: Trace Attempt 145	[350.45 s]
0.0.B: Trace Attempt 142	[234.36 s]
0.0.B: Trace Attempt 143	[257.74 s]
0.0.Bm: Trace Attempt 146	[383.45 s]
0.0.Bm: Trace Attempt 147	[412.49 s]
0.0.B: Trace Attempt 144	[296.13 s]
0.0.Bm: Trace Attempt 148	[438.72 s]
0.0.B: Trace Attempt 145	[338.65 s]
0.0.Bm: Trace Attempt 149	[480.37 s]
0.0.Bm: Trace Attempt 150	[507.31 s]
0.0.B: Trace Attempt 146	[383.83 s]
0.0.Bm: Trace Attempt 151	[539.28 s]
0.0.B: Trace Attempt 147	[419.16 s]
0.0.B: Trace Attempt 148	[441.80 s]
0.0.Bm: Trace Attempt 152	[566.96 s]
0.0.B: Trace Attempt 149	[468.83 s]
0.0.Bm: Trace Attempt 153	[604.37 s]
0.0.B: Trace Attempt 150	[500.87 s]
0.0.Bm: Trace Attempt 154	[644.16 s]
0.0.B: Trace Attempt 151	[539.12 s]
0.0.Bm: Trace Attempt 155	[668.25 s]
0.0.Bm: Trace Attempt 156	[700.44 s]
0.0.B: Trace Attempt 152	[576.91 s]
0.0.Bm: Trace Attempt 157	[728.73 s]
0.0.B: Trace Attempt 153	[612.92 s]
0.0.Bm: Trace Attempt 158	[760.21 s]
0.0.B: Trace Attempt 154	[642.27 s]
0.0.Bm: Trace Attempt 159	[794.38 s]
0.0.B: Trace Attempt 155	[671.32 s]
0.0.Bm: Trace Attempt 160	[829.74 s]
0.0.B: Trace Attempt 156	[718.54 s]
0.0.Bm: Trace Attempt 161	[862.32 s]
0.0.B: Trace Attempt 157	[762.96 s]
0.0.Bm: Trace Attempt 162	[893.70 s]
0.0.B: Trace Attempt 158	[798.39 s]
0.0.Bm: Trace Attempt 163	[930.06 s]
0.0.B: Trace Attempt 159	[828.00 s]
0.0.Bm: Trace Attempt 164	[965.52 s]
0.0.B: Trace Attempt 160	[864.26 s]
0.0.Bm: Trace Attempt 165	[997.51 s]
0.0.Bm: Trace Attempt 166	[1032.97 s]
0.0.B: Trace Attempt 161	[917.78 s]
0.0.Bm: Trace Attempt 167	[1066.05 s]
0.0.B: Trace Attempt 162	[951.27 s]
0.0.Bm: Trace Attempt 168	[1099.53 s]
0.0.B: Trace Attempt 163	[995.75 s]
0.0.Bm: Trace Attempt 169	[1132.09 s]
0.0.Bm: Trace Attempt 170	[1167.98 s]
0.0.B: Trace Attempt 164	[1057.21 s]
0.0.Bm: Trace Attempt 171	[1200.65 s]
0.0.B: Trace Attempt 165	[1089.20 s]
0.0.Bm: Trace Attempt 172	[1233.57 s]
0.0.B: Trace Attempt 166	[1115.52 s]
0.0.Bm: Trace Attempt 173	[1270.20 s]
0.0.B: Trace Attempt 167	[1156.02 s]
0.0.Bm: Trace Attempt 174	[1303.73 s]
0.0.B: Trace Attempt 168	[1193.23 s]
0.0.Bm: Trace Attempt 175	[1347.90 s]
0.0.B: Trace Attempt 169	[1234.10 s]
0.0.Bm: Trace Attempt 176	[1391.48 s]
0.0.B: Trace Attempt 170	[1274.98 s]
0.0.Bm: Trace Attempt 177	[1425.71 s]
0.0.B: Trace Attempt 171	[1315.54 s]
0.0.Bm: Trace Attempt 178	[1465.89 s]
0.0.B: Trace Attempt 172	[1346.50 s]
0.0.B: Trace Attempt 173	[1368.78 s]
0.0.Bm: Trace Attempt 179	[1510.90 s]
0.0.Bm: Trace Attempt 180	[1547.60 s]
0.0.B: Trace Attempt 174	[1424.08 s]
0.0.Bm: Trace Attempt 181	[1575.14 s]
0.0.B: Trace Attempt 175	[1471.96 s]
0.0.Bm: Trace Attempt 182	[1609.90 s]
0.0.B: Trace Attempt 176	[1506.81 s]
0.0.Bm: Trace Attempt 183	[1654.76 s]
0.0.B: Trace Attempt 177	[1537.05 s]
0.0.Bm: Trace Attempt 184	[1688.83 s]
0.0.B: Trace Attempt 178	[1597.64 s]
0.0.Bm: Trace Attempt 185	[1727.01 s]
0.0.B: Trace Attempt 179	[1630.42 s]
0.0.Bm: Trace Attempt 186	[1768.96 s]
0.0.B: Trace Attempt 180	[1675.49 s]
0.0.Bm: Trace Attempt 187	[1828.00 s]
0.0.B: Trace Attempt 181	[1724.90 s]
0.0.Bm: Trace Attempt 188	[1867.47 s]
0.0.B: Trace Attempt 182	[1772.73 s]
0.0.Bm: Trace Attempt 189	[1902.37 s]
0.0.Bm: Trace Attempt 190	[1941.13 s]
0.0.B: Trace Attempt 183	[1817.96 s]
0.0.B: Trace Attempt 184	[1849.97 s]
0.0.Bm: Trace Attempt 191	[1976.61 s]
0.0.Bm: Trace Attempt 192	[2009.68 s]
0.0.B: Trace Attempt 185	[1902.17 s]
0.0.Bm: Trace Attempt 193	[2046.35 s]
0.0.B: Trace Attempt 186	[1941.15 s]
0.0.Bm: Trace Attempt 194	[2087.95 s]
0.0.B: Trace Attempt 187	[1989.57 s]
0.0.Bm: Trace Attempt 195	[2124.69 s]
0.0.B: Trace Attempt 188	[2033.14 s]
0.0.Bm: Trace Attempt 196	[2176.25 s]
0.0.B: Trace Attempt 189	[2072.75 s]
0.0.Bm: Trace Attempt 197	[2226.06 s]
0.0.B: Trace Attempt 190	[2113.77 s]
0.0.Bm: Trace Attempt 198	[2262.62 s]
0.0.B: Trace Attempt 191	[2148.81 s]
0.0.Bm: Trace Attempt 199	[2303.30 s]
0.0.Bm: Trace Attempt 200	[2332.56 s]
0.0.B: Trace Attempt 192	[2223.11 s]
0.0.B: Trace Attempt 193	[2259.44 s]
0.0.Bm: Trace Attempt 201	[2396.12 s]
0.0.B: Trace Attempt 194	[2296.75 s]
0.0.Bm: Trace Attempt 202	[2436.02 s]
0.0.B: Trace Attempt 195	[2340.65 s]
0.0.Bm: Trace Attempt 203	[2476.21 s]
0.0.B: Trace Attempt 196	[2394.88 s]
0.0.Bm: Trace Attempt 204	[2525.30 s]
0.0.Bm: Trace Attempt 205	[2555.27 s]
0.0.B: Trace Attempt 197	[2449.61 s]
0.0.Bm: Trace Attempt 206	[2598.81 s]
0.0.B: Trace Attempt 198	[2485.19 s]
0.0.Bm: Trace Attempt 207	[2665.96 s]
0.0.B: Trace Attempt 199	[2557.80 s]
0.0.Bm: Trace Attempt 208	[2719.84 s]
0.0.B: Trace Attempt 200	[2627.02 s]
0.0.Bm: Trace Attempt 209	[2764.52 s]
0.0.B: Trace Attempt 201	[2646.46 s]
0.0.B: Trace Attempt 202	[2658.89 s]
0.0.Bm: Trace Attempt 210	[2783.86 s]
0.0.B: Trace Attempt 203	[2667.76 s]
0.0.Bm: Trace Attempt 211	[2800.17 s]
0.0.B: Trace Attempt 204	[2683.20 s]
0.0.Bm: Trace Attempt 212	[2815.13 s]
0.0.B: Trace Attempt 205	[2696.13 s]
0.0.Bm: Trace Attempt 213	[2832.71 s]
0.0.B: Trace Attempt 206	[2711.94 s]
0.0.Bm: Trace Attempt 214	[2850.15 s]
0.0.B: Trace Attempt 207	[2728.27 s]
0.0.Bm: Trace Attempt 215	[2864.11 s]
0.0.B: Trace Attempt 208	[2746.93 s]
0.0.Bm: Trace Attempt 216	[2876.06 s]
0.0.B: Trace Attempt 209	[2761.97 s]
0.0.Bm: Trace Attempt 217	[2893.14 s]
0.0.B: Trace Attempt 210	[2774.90 s]
0.0.Bm: Trace Attempt 218	[2908.18 s]
0.0.B: Trace Attempt 211	[2792.42 s]
0.0.Bm: Trace Attempt 219	[2919.35 s]
0.0.B: Trace Attempt 212	[2805.82 s]
0.0.B: Trace Attempt 213	[2815.27 s]
0.0.Bm: Trace Attempt 220	[2940.35 s]
0.0.Bm: Trace Attempt 221	[2955.35 s]
0.0.B: Trace Attempt 214	[2832.16 s]
0.0.B: Trace Attempt 215	[2843.56 s]
0.0.Bm: Trace Attempt 222	[2968.94 s]
0.0.Bm: Trace Attempt 223	[2982.97 s]
0.0.B: Trace Attempt 216	[2860.88 s]
0.0.Bm: Trace Attempt 224	[2996.78 s]
0.0.B: Trace Attempt 217	[2879.51 s]
0.0.Bm: Trace Attempt 225	[3011.76 s]
0.0.B: Trace Attempt 218	[2894.90 s]
0.0.Bm: Trace Attempt 226	[3027.36 s]
0.0.B: Trace Attempt 219	[2910.66 s]
0.0.Bm: Trace Attempt 227	[3042.62 s]
0.0.B: Trace Attempt 220	[2928.34 s]
0.0.Bm: Trace Attempt 228	[3064.00 s]
0.0.B: Trace Attempt 221	[2943.05 s]
0.0.Bm: Trace Attempt 229	[3078.52 s]
0.0.B: Trace Attempt 222	[2962.68 s]
0.0.Bm: Trace Attempt 230	[3092.83 s]
0.0.B: Trace Attempt 223	[2974.55 s]
0.0.Bm: Trace Attempt 231	[3109.64 s]
0.0.B: Trace Attempt 224	[2991.49 s]
0.0.Bm: Trace Attempt 232	[3122.84 s]
0.0.Bm: Trace Attempt 233	[3136.55 s]
0.0.B: Trace Attempt 225	[3013.56 s]
0.0.B: Trace Attempt 226	[3022.99 s]
0.0.Bm: Trace Attempt 234	[3153.04 s]
0.0.B: Trace Attempt 227	[3037.57 s]
0.0.B: Trace Attempt 228	[3048.06 s]
0.0.Bm: Trace Attempt 235	[3173.86 s]
0.0.B: Trace Attempt 229	[3060.79 s]
0.0.Bm: Trace Attempt 236	[3186.53 s]
0.0.B: Trace Attempt 230	[3071.68 s]
0.0.Bm: Trace Attempt 237	[3202.99 s]
0.0.B: Trace Attempt 231	[3087.90 s]
0.0.Bm: Trace Attempt 238	[3218.10 s]
0.0.B: Trace Attempt 232	[3103.75 s]
0.0.Bm: Trace Attempt 239	[3233.35 s]
0.0.B: Trace Attempt 233	[3121.84 s]
0.0.Bm: Trace Attempt 240	[3248.82 s]
0.0.B: Trace Attempt 234	[3136.74 s]
0.0.Bm: Trace Attempt 241	[3267.08 s]
0.0.B: Trace Attempt 235	[3149.56 s]
0.0.Bm: Trace Attempt 242	[3286.54 s]
0.0.B: Trace Attempt 236	[3167.39 s]
0.0.Bm: Trace Attempt 243	[3305.22 s]
0.0.B: Trace Attempt 237	[3183.39 s]
0.0.B: Trace Attempt 238	[3192.32 s]
0.0.Bm: Trace Attempt 244	[3320.47 s]
0.0.B: Trace Attempt 239	[3208.14 s]
0.0.Bm: Trace Attempt 245	[3344.14 s]
0.0.B: Trace Attempt 240	[3223.03 s]
0.0.Bm: Trace Attempt 246	[3360.06 s]
0.0.B: Trace Attempt 241	[3240.67 s]
0.0.Bm: Trace Attempt 247	[3371.10 s]
0.0.B: Trace Attempt 242	[3258.89 s]
0.0.Bm: Trace Attempt 248	[3386.57 s]
0.0.Bm: Trace Attempt 249	[3399.46 s]
0.0.B: Trace Attempt 243	[3279.86 s]
0.0.Bm: Trace Attempt 250	[3417.00 s]
0.0.B: Trace Attempt 244	[3297.44 s]
0.0.B: Trace Attempt 245	[3310.08 s]
0.0.Bm: Trace Attempt 251	[3435.67 s]
0.0.B: Trace Attempt 246	[3322.08 s]
0.0.Bm: Trace Attempt 252	[3447.90 s]
0.0.B: Trace Attempt 247	[3332.74 s]
0.0.Bm: Trace Attempt 253	[3463.28 s]
0.0.B: Trace Attempt 248	[3345.73 s]
0.0.Bm: Trace Attempt 254	[3486.18 s]
0.0.B: Trace Attempt 249	[3364.55 s]
0.0.Bm: Trace Attempt 255	[3501.47 s]
0.0.B: Trace Attempt 250	[3378.86 s]
0.0.Bm: Trace Attempt 256	[3514.97 s]
0.0.B: Trace Attempt 251	[3397.07 s]
0.0.Bm: Trace Attempt 257	[3529.41 s]
0.0.B: Trace Attempt 252	[3411.18 s]
0.0.Bm: Trace Attempt 258	[3544.16 s]
0.0.B: Trace Attempt 253	[3425.27 s]
0.0.Bm: Trace Attempt 259	[3568.34 s]
0.0.B: Trace Attempt 254	[3446.18 s]
0.0.B: Trace Attempt 255	[3462.45 s]
0.0.Bm: Trace Attempt 260	[3592.95 s]
0.0.B: Trace Attempt 256	[3482.23 s]
0.0.B: Trace Attempt 257	[3503.97 s]
0.0.B: Trace Attempt 258	[3521.08 s]
0.0.Bm: Trace Attempt 261	[3662.19 s]
0.0.B: Trace Attempt 259	[3545.51 s]
0.0.B: Trace Attempt 260	[3563.46 s]
0.0.Bm: Trace Attempt 262	[3781.76 s]
0.0.B: Trace Attempt 261	[3667.37 s]
0.0.Bm: Trace Attempt 263	[3976.53 s]
0.0.B: Trace Attempt 262	[3868.10 s]
0.0.Bm: Trace Attempt 264	[4160.36 s]
0.0.B: Trace Attempt 263	[4044.71 s]
0.0.Bm: Trace Attempt 265	[4425.61 s]
0.0.B: Trace Attempt 264	[4304.89 s]
0.0.B: Trace Attempt 265	[4583.34 s]
0.0.Bm: Trace Attempt 266	[4724.71 s]
0.0.B: Trace Attempt 266	[4839.19 s]
0.0.Bm: Trace Attempt 267	[5059.37 s]
0.0.B: Trace Attempt 267	[5165.64 s]
0.0.Bm: Trace Attempt 268	[5419.71 s]
0.0.B: Trace Attempt 268	[5613.25 s]
0.0.Bm: Trace Attempt 269	[5885.62 s]
0.0.B: Trace Attempt 269	[6194.66 s]
0.0.Bm: Trace Attempt 270	[6406.19 s]
0.0.Bm: Trace Attempt 271	[6887.64 s]
0.0.B: Trace Attempt 270	[6788.56 s]
INFO: Waiting for proof threads to stop...
Initiating shutdown of proof (@ 7460.97 s)
0.0.B: Stopped processing property "aqed_top.assert_qed_match"	[7337.99 s].
0.0.B: All properties either determined or skipped. [7459.60 s]
0.0.B: Exited with Success (@ 7461.91 s)
0.0.Bm: Next scan (0) will use per property time limit: 1s * 10 ^ 0 = 1s
0.0.Bm: Interrupted. [7459.69 s]
0.0.Bm: Exited with Success (@ 7461.98 s)
ProofGrid usable level: 0
ProofGrid usable level: 0
All pending notifications were processed.
INFO (IPM007): "prove" command stopped.

==============================================================
SUMMARY
==============================================================
	Properties Considered : 2
	      assertions      : 1
	       - proven       : 0
	       - marked_proven: 0
	       - cex          : 0
	       - ar_cex       : 0
	       - undetermined : 1
	       - unprocessed  : 0
	       - error        : 0
	      covers          : 1
	       - unreachable  : 0
	       - covered      : 1
	       - ar_covered   : 0
	       - undetermined : 0
	       - unprocessed  : 0
	       - error        : 0
INFO: Proof threads stopped.
