2020-04-08 16:44:19.932599 (3672) main____ INFO    ----------------------------------------
2020-04-08 16:44:19.932790 (3672) main____ INFO    JasperGold version info
2020-04-08 16:44:19.932821 (3672) main____ INFO      tool      : JasperGold 2016.09
2020-04-08 16:44:19.932843 (3672) main____ INFO      version   : 2016.09p002 64 bits
2020-04-08 16:44:19.932858 (3672) main____ INFO      build date: 2016.11.28 18:08:37 PST
2020-04-08 16:44:19.932869 (3672) main____ INFO    ----------------------------------------
2020-04-08 16:44:19.932879 (3672) main____ INFO    Runtime info:
2020-04-08 16:44:19.932893 (3672) main____ INFO      platform  : Linux 3.10.0-957.21.3.el7.x86_64 x86_64
2020-04-08 16:44:19.932910 (3672) main____ INFO      hostname  : rsg20.stanford.edu
2020-04-08 16:44:19.932922 (3672) main____ INFO      pid       : 3672
2020-04-08 16:44:19.932934 (3672) main____ INFO      arguments : '-style' 'windows' '-tcl' 'jasper.tcl'
2020-04-08 16:44:19.932944 (3672) main____ INFO    ----------------------------------------
2020-04-08 16:44:19.935540 (3672) lic__man INFO    Claim 'main' for <ui>.
2020-04-08 16:44:19.940905 (3672) lic_core INFO    (1) checking out 'jasper_interactive' ...
2020-04-08 16:44:19.964371 (3672) lic_core INFO    ... (1) checkout succeeded
2020-04-08 16:44:19.964505 (3672) lic__man INFO    Claim 'fpv' for <ui>.
2020-04-08 16:44:19.964558 (3672) lic_core INFO    (2) checking out 'jasper_fpv' ...
2020-04-08 16:44:19.984689 (3672) lic_core INFO    ... (2) checkout succeeded
2020-04-08 16:44:20.742868 (3672) lic__man INFO    Claim 'fpv' for <ui>.
2020-04-08 16:44:20.792581 (3672) lic__man INFO    Unclaim 'fpv' for <ui>.
2020-04-08 16:44:20.792612 (3672) lic__man INFO    Claim 'fpv' for <ui>.
2020-04-08 16:44:20.811561 (3672) session_ INFO    Starting analysis session with session id 'session_0' ...
2020-04-08 16:44:20.814399 (3672) session_ INFO    Analysis session with session id 'session_0' started (pid: 3687)
2020-04-08 16:44:25.824544 (3672) session_ INFO    Analysis session 'session_0' connected to the console (host: 172.24.74.47:53108)
2020-04-08 16:44:27.920041 (3672) lic__man INFO    Unclaim everything for 'session_0*'.
2020-04-08 16:44:28.154760 (3672) lic__man INFO    Claim 'fpv' for 'session_0'.
2020-04-08 16:44:31.146259 (3672) lic__man INFO    Unclaim everything for 'session_0/prove-0'.
2020-04-08 16:44:36.257110 (3672) main____ INFO    About to exit: requested from GUI
2020-04-08 16:44:36.534468 (3672) main____ INFO    Exiting.
