2020-04-08 16:29:41.415576 (32125) main____ INFO    ----------------------------------------
2020-04-08 16:29:41.415742 (32125) main____ INFO    JasperGold version info
2020-04-08 16:29:41.415772 (32125) main____ INFO      tool      : JasperGold 2016.09
2020-04-08 16:29:41.415793 (32125) main____ INFO      version   : 2016.09p002 64 bits
2020-04-08 16:29:41.415806 (32125) main____ INFO      build date: 2016.11.28 18:08:37 PST
2020-04-08 16:29:41.415815 (32125) main____ INFO    ----------------------------------------
2020-04-08 16:29:41.415824 (32125) main____ INFO    Runtime info:
2020-04-08 16:29:41.415836 (32125) main____ INFO      platform  : Linux 3.10.0-957.21.3.el7.x86_64 x86_64
2020-04-08 16:29:41.415851 (32125) main____ INFO      hostname  : rsg20.stanford.edu
2020-04-08 16:29:41.415861 (32125) main____ INFO      pid       : 32125
2020-04-08 16:29:41.415871 (32125) main____ INFO      arguments : '-style' 'windows' '-tcl' 'jasper.tcl'
2020-04-08 16:29:41.415880 (32125) main____ INFO    ----------------------------------------
2020-04-08 16:29:41.418111 (32125) lic__man INFO    Claim 'main' for <ui>.
2020-04-08 16:29:41.422968 (32125) lic_core INFO    (1) checking out 'jasper_interactive' ...
2020-04-08 16:29:41.446094 (32125) lic_core INFO    ... (1) checkout succeeded
2020-04-08 16:29:41.446193 (32125) lic__man INFO    Claim 'fpv' for <ui>.
2020-04-08 16:29:41.446244 (32125) lic_core INFO    (2) checking out 'jasper_fpv' ...
2020-04-08 16:29:41.463277 (32125) lic_core INFO    ... (2) checkout succeeded
2020-04-08 16:29:42.104438 (32125) lic__man INFO    Claim 'fpv' for <ui>.
2020-04-08 16:29:42.154007 (32125) lic__man INFO    Unclaim 'fpv' for <ui>.
2020-04-08 16:29:42.154039 (32125) lic__man INFO    Claim 'fpv' for <ui>.
2020-04-08 16:29:42.173195 (32125) session_ INFO    Starting analysis session with session id 'session_0' ...
2020-04-08 16:29:42.175324 (32125) session_ INFO    Analysis session with session id 'session_0' started (pid: 32140)
2020-04-08 16:29:46.967074 (32125) session_ INFO    Analysis session 'session_0' connected to the console (host: 172.24.74.47:49380)
2020-04-08 16:29:50.227790 (32125) lic__man INFO    Unclaim everything for 'session_0*'.
2020-04-08 16:29:50.929264 (32125) lic__man INFO    Claim 'fpv' for 'session_0'.
2020-04-08 16:29:55.644798 (32125) lic__man INFO    Unclaim everything for 'session_0/prove-0'.
2020-04-08 16:30:13.251911 (32125) main____ INFO    About to exit: requested from GUI
2020-04-08 16:30:13.394934 (32125) main____ INFO    Exiting.
