

================================================================
== Vivado HLS Report for 'aes256_encrypt_ecb'
================================================================
* Date:           Wed Apr 15 21:54:59 2020

* Version:        2018.3 (Build 2405991 on Thu Dec 06 23:56:15 MST 2018)
* Project:        BUG1
* Solution:       solution1
* Product family: aartix7
* Target device:  xa7a12tcsg325-1q


================================================================
== Performance Estimates
================================================================
+ Timing (ns): 
    * Summary: 
    +--------+-------+----------+------------+
    |  Clock | Target| Estimated| Uncertainty|
    +--------+-------+----------+------------+
    |ap_clk  |  50.00|     9.254|        6.25|
    +--------+-------+----------+------------+

+ Latency (clock cycles): 
    * Summary: 
    +-----+-----+-----+-----+---------+
    |  Latency  |  Interval | Pipeline|
    | min | max | min | max |   Type  |
    +-----+-----+-----+-----+---------+
    |   46|   46|   46|   46|   none  |
    +-----+-----+-----+-----+---------+

    + Detail: 
        * Instance: 
        N/A

        * Loop: 
        +----------+-----+-----+----------+-----------+-----------+------+----------+
        |          |  Latency  | Iteration|  Initiation Interval  | Trip |          |
        | Loop Name| min | max |  Latency |  achieved |   target  | Count| Pipelined|
        +----------+-----+-----+----------+-----------+-----------+------+----------+
        |- ecb1    |   32|   32|         2|          1|          1|    32|    yes   |
        |- cpkey   |    2|    2|         2|          1|          1|     2|    yes   |
        |- sub     |    2|    2|         2|          1|          1|     2|    yes   |
        |- addkey  |    2|    2|         2|          1|          1|     2|    yes   |
        +----------+-----+-----+----------+-----------+-----------+------+----------+



================================================================
== Utilization Estimates
================================================================
* Summary: 
+-----------------+---------+-------+-------+------+
|       Name      | BRAM_18K| DSP48E|   FF  |  LUT |
+-----------------+---------+-------+-------+------+
|DSP              |        -|      -|      -|     -|
|Expression       |        -|      -|      0|   259|
|FIFO             |        -|      -|      -|     -|
|Instance         |        -|      -|      -|     -|
|Memory           |        2|      -|     16|     4|
|Multiplexer      |        -|      -|      -|   263|
|Register         |        -|      -|    107|     -|
+-----------------+---------+-------+-------+------+
|Total            |        2|      0|    123|   526|
+-----------------+---------+-------+-------+------+
|Available        |       40|     40|  16000|  8000|
+-----------------+---------+-------+-------+------+
|Utilization (%)  |        5|      0|   ~0  |     6|
+-----------------+---------+-------+-------+------+

+ Detail: 
    * Instance: 
    N/A

    * DSP48: 
    N/A

    * Memory: 
    +-------------------+------------------------------------+---------+----+----+------+-----+------+-------------+
    |       Memory      |               Module               | BRAM_18K| FF | LUT| Words| Bits| Banks| W*Bits*Banks|
    +-------------------+------------------------------------+---------+----+----+------+-----+------+-------------+
    |ctx_body_enckey_U  |aes256_encrypt_ecb_ctx_body_enckey  |        0|  16|   4|    32|    8|     1|          256|
    |ctx_body_key_U     |aes256_encrypt_ecb_ctx_body_key     |        1|   0|   0|    32|    8|     1|          256|
    |sbox_U             |aes256_encrypt_ecb_sbox             |        1|   0|   0|   256|    8|     1|         2048|
    +-------------------+------------------------------------+---------+----+----+------+-----+------+-------------+
    |Total              |                                    |        2|  16|   4|   320|   24|     3|         2560|
    +-------------------+------------------------------------+---------+----+----+------+-----+------+-------------+

    * FIFO: 
    N/A

    * Expression: 
    +----------------------------+----------+-------+---+----+------------+------------+
    |        Variable Name       | Operation| DSP48E| FF| LUT| Bitwidth P0| Bitwidth P1|
    +----------------------------+----------+-------+---+----+------------+------------+
    |i_1_fu_283_p2               |     +    |      0|  0|  15|           6|           1|
    |i_2_fu_304_p2               |     +    |      0|  0|  10|           2|           2|
    |i_3_fu_371_p2               |     +    |      0|  0|  10|           2|           2|
    |i_4_fu_414_p2               |     +    |      0|  0|  10|           2|           2|
    |tmp_fu_277_p2               |   icmp   |      0|  0|  11|           6|           7|
    |tmp_i2_fu_361_p2            |   icmp   |      0|  0|   8|           2|           1|
    |tmp_i8_fu_404_p2            |   icmp   |      0|  0|   8|           2|           1|
    |tmp_i_fu_294_p2             |   icmp   |      0|  0|   8|           2|           1|
    |buf13_1_fu_354_p3           |  select  |      0|  0|   8|           1|           8|
    |buf13_3_fu_397_p3           |  select  |      0|  0|   8|           1|           8|
    |buf13_5_fu_449_p3           |  select  |      0|  0|   8|           1|           8|
    |buf_1_fu_347_p3             |  select  |      0|  0|   8|           1|           8|
    |buf_3_fu_390_p3             |  select  |      0|  0|   8|           1|           8|
    |buf_5_fu_442_p3             |  select  |      0|  0|   8|           1|           8|
    |buf_load_i13_phi_fu_429_p3  |  select  |      0|  0|   8|           1|           8|
    |buf_load_i5_phi_fu_377_p3   |  select  |      0|  0|   8|           1|           8|
    |buf_load_i_phi_fu_334_p3    |  select  |      0|  0|   8|           1|           8|
    |ap_enable_pp0               |    xor   |      0|  0|   8|           1|           2|
    |ap_enable_pp1               |    xor   |      0|  0|   8|           1|           2|
    |ap_enable_pp2               |    xor   |      0|  0|   8|           1|           2|
    |ap_enable_pp3               |    xor   |      0|  0|   8|           1|           2|
    |ap_enable_reg_pp0_iter1     |    xor   |      0|  0|   8|           2|           1|
    |ap_enable_reg_pp1_iter1     |    xor   |      0|  0|   8|           2|           1|
    |ap_enable_reg_pp2_iter1     |    xor   |      0|  0|   8|           2|           1|
    |ap_enable_reg_pp3_iter1     |    xor   |      0|  0|   8|           2|           1|
    |tmp_41_i_fu_341_p2          |    xor   |      0|  0|  15|           8|           8|
    |tmp_43_i_fu_323_p2          |    xor   |      0|  0|  13|           5|           6|
    |tmp_45_i_fu_436_p2          |    xor   |      0|  0|  15|           8|           8|
    +----------------------------+----------+-------+---+----+------------+------------+
    |Total                       |          |      0|  0| 259|          66|         123|
    +----------------------------+----------+-------+---+----+------------+------------+

    * Multiplexer: 
    +----------------------------------+----+-----------+-----+-----------+
    |               Name               | LUT| Input Size| Bits| Total Bits|
    +----------------------------------+----+-----------+-----+-----------+
    |ap_NS_fsm                         |  47|         10|    1|         10|
    |ap_enable_reg_pp0_iter1           |  15|          3|    1|          3|
    |ap_enable_reg_pp1_iter1           |  15|          3|    1|          3|
    |ap_enable_reg_pp2_iter1           |  15|          3|    1|          3|
    |ap_enable_reg_pp3_iter1           |  15|          3|    1|          3|
    |ap_phi_mux_buf13_2_phi_fu_225_p4  |   9|          2|    8|         16|
    |ap_phi_mux_buf_2_phi_fu_214_p4    |   9|          2|    8|         16|
    |ap_phi_mux_i_i7_phi_fu_270_p4     |   9|          2|    2|          4|
    |ap_phi_mux_i_i_phi_fu_204_p4      |   9|          2|    2|          4|
    |buf13_2_reg_222                   |   9|          2|    8|         16|
    |buf13_4_reg_255                   |   9|          2|    8|         16|
    |buf1_reg_190                      |   9|          2|    8|         16|
    |buf_2_reg_211                     |   9|          2|    8|         16|
    |buf_4_reg_244                     |   9|          2|    8|         16|
    |buf_reg_180                       |   9|          2|    8|         16|
    |ctx_body_enckey_address0          |  15|          3|    5|         15|
    |ctx_body_key_address0             |  15|          3|    5|         15|
    |i_i1_reg_233                      |   9|          2|    2|          4|
    |i_i7_reg_266                      |   9|          2|    2|          4|
    |i_i_reg_200                       |   9|          2|    2|          4|
    |i_reg_169                         |   9|          2|    6|         12|
    +----------------------------------+----+-----------+-----+-----------+
    |Total                             | 263|         56|   95|        212|
    +----------------------------------+----+-----------+-----+-----------+

    * Register: 
    +-------------------------+---+----+-----+-----------+
    |           Name          | FF| LUT| Bits| Const Bits|
    +-------------------------+---+----+-----+-----------+
    |ap_CS_fsm                |  9|   0|    9|          0|
    |ap_enable_reg_pp0_iter0  |  1|   0|    1|          0|
    |ap_enable_reg_pp0_iter1  |  1|   0|    1|          0|
    |ap_enable_reg_pp1_iter0  |  1|   0|    1|          0|
    |ap_enable_reg_pp1_iter1  |  1|   0|    1|          0|
    |ap_enable_reg_pp2_iter0  |  1|   0|    1|          0|
    |ap_enable_reg_pp2_iter1  |  1|   0|    1|          0|
    |ap_enable_reg_pp3_iter0  |  1|   0|    1|          0|
    |ap_enable_reg_pp3_iter1  |  1|   0|    1|          0|
    |buf13_2_reg_222          |  8|   0|    8|          0|
    |buf13_4_reg_255          |  8|   0|    8|          0|
    |buf1_reg_190             |  8|   0|    8|          0|
    |buf_2_reg_211            |  8|   0|    8|          0|
    |buf_4_reg_244            |  8|   0|    8|          0|
    |buf_reg_180              |  8|   0|    8|          0|
    |i_2_reg_508              |  2|   0|    2|          0|
    |i_4_reg_584              |  2|   0|    2|          0|
    |i_i1_reg_233             |  2|   0|    2|          0|
    |i_i7_reg_266             |  2|   0|    2|          0|
    |i_i_reg_200              |  2|   0|    2|          0|
    |i_reg_169                |  6|   0|    6|          0|
    |tmp_16_reg_501           |  1|   0|    1|          0|
    |tmp_17_reg_547           |  1|   0|    1|          0|
    |tmp_18_reg_577           |  1|   0|    1|          0|
    |tmp_44_i_reg_523         |  5|   0|   64|         59|
    |tmp_i2_reg_543           |  1|   0|    1|          0|
    |tmp_i8_reg_573           |  1|   0|    1|          0|
    |tmp_i_16_reg_513         |  8|   0|   64|         56|
    |tmp_i_reg_497            |  1|   0|    1|          0|
    |tmp_reg_478              |  1|   0|    1|          0|
    |tmp_s_reg_487            |  6|   0|   64|         58|
    +-------------------------+---+----+-----+-----------+
    |Total                    |107|   0|  280|        173|
    +-------------------------+---+----+-----+-----------+



================================================================
== Interface
================================================================
* Summary: 
+-------------+-----+-----+------------+--------------------+--------------+
|  RTL Ports  | Dir | Bits|  Protocol  |    Source Object   |    C Type    |
+-------------+-----+-----+------------+--------------------+--------------+
|ap_clk       |  in |    1| ap_ctrl_hs | aes256_encrypt_ecb | return value |
|ap_rst       |  in |    1| ap_ctrl_hs | aes256_encrypt_ecb | return value |
|ap_start     |  in |    1| ap_ctrl_hs | aes256_encrypt_ecb | return value |
|ap_done      | out |    1| ap_ctrl_hs | aes256_encrypt_ecb | return value |
|ap_idle      | out |    1| ap_ctrl_hs | aes256_encrypt_ecb | return value |
|ap_ready     | out |    1| ap_ctrl_hs | aes256_encrypt_ecb | return value |
|ap_return_0  | out |    8| ap_ctrl_hs | aes256_encrypt_ecb | return value |
|ap_return_1  | out |    8| ap_ctrl_hs | aes256_encrypt_ecb | return value |
|k_address0   | out |    5|  ap_memory |          k         |     array    |
|k_ce0        | out |    1|  ap_memory |          k         |     array    |
|k_q0         |  in |    8|  ap_memory |          k         |     array    |
|p_read       |  in |    8|   ap_none  |       p_read       |    scalar    |
|p_read1      |  in |    8|   ap_none  |       p_read1      |    scalar    |
+-------------+-----+-----+------------+--------------------+--------------+

