

================================================================
== Vivado HLS Report for 'workload'
================================================================
* Date:           Wed Apr 15 21:55:00 2020

* Version:        2018.3 (Build 2405991 on Thu Dec 06 23:56:15 MST 2018)
* Project:        BUG1
* Solution:       solution1
* Product family: aartix7
* Target device:  xa7a12tcsg325-1q


================================================================
== Performance Estimates
================================================================
+ Timing (ns): 
    * Summary: 
    +--------+-------+----------+------------+
    |  Clock | Target| Estimated| Uncertainty|
    +--------+-------+----------+------------+
    |ap_clk  |  50.00|     9.254|        6.25|
    +--------+-------+----------+------------+

+ Latency (clock cycles): 
    * Summary: 
    +-----+-----+-----+-----+---------+
    |  Latency  |  Interval | Pipeline|
    | min | max | min | max |   Type  |
    +-----+-----+-----+-----+---------+
    |  125|  125|  125|  125|   none  |
    +-----+-----+-----+-----+---------+

    + Detail: 
        * Instance: 
        +-------------------------------+--------------------+-----+-----+-----+-----+---------+
        |                               |                    |  Latency  |  Interval | Pipeline|
        |            Instance           |       Module       | min | max | min | max |   Type  |
        +-------------------------------+--------------------+-----+-----+-----+-----+---------+
        |grp_aes256_encrypt_ecb_fu_359  |aes256_encrypt_ecb  |   46|   46|   46|   46|   none  |
        |grp_aes256_encrypt_ecb_fu_371  |aes256_encrypt_ecb  |   46|   46|   46|   46|   none  |
        +-------------------------------+--------------------+-----+-----+-----+-----+---------+

        * Loop: 
        +-----------------+-----+-----+----------+-----------+-----------+------+----------+
        |                 |  Latency  | Iteration|  Initiation Interval  | Trip |          |
        |    Loop Name    | min | max |  Latency |  achieved |   target  | Count| Pipelined|
        +-----------------+-----+-----+----------+-----------+-----------+------+----------+
        |- Loop 1         |   32|   32|         1|          1|          1|    32|    yes   |
        |- major_loop     |   90|   90|        90|          -|          -|     1|    no    |
        | + reshape1      |   28|   28|        14|          -|          -|     2|    no    |
        |  ++ reshape1.1  |   12|   12|         3|          -|          -|     4|    no    |
        | + reshape2      |   12|   12|         6|          -|          -|     2|    no    |
        |  ++ reshape2.1  |    4|    4|         1|          -|          -|     4|    no    |
        +-----------------+-----+-----+----------+-----------+-----------+------+----------+



================================================================
== Utilization Estimates
================================================================
* Summary: 
+-----------------+---------+-------+-------+------+
|       Name      | BRAM_18K| DSP48E|   FF  |  LUT |
+-----------------+---------+-------+-------+------+
|DSP              |        -|      -|      -|     -|
|Expression       |        -|      -|      0|   224|
|FIFO             |        -|      -|      -|     -|
|Instance         |        4|      -|    246|  1052|
|Memory           |        0|      -|     32|     8|
|Multiplexer      |        -|      -|      -|   221|
|Register         |        -|      -|    206|     -|
+-----------------+---------+-------+-------+------+
|Total            |        4|      0|    484|  1505|
+-----------------+---------+-------+-------+------+
|Available        |       40|     40|  16000|  8000|
+-----------------+---------+-------+-------+------+
|Utilization (%)  |       10|      0|      3|    18|
+-----------------+---------+-------+-------+------+

+ Detail: 
    * Instance: 
    +-------------------------------+--------------------+---------+-------+-----+-----+
    |            Instance           |       Module       | BRAM_18K| DSP48E|  FF | LUT |
    +-------------------------------+--------------------+---------+-------+-----+-----+
    |grp_aes256_encrypt_ecb_fu_359  |aes256_encrypt_ecb  |        2|      0|  123|  526|
    |grp_aes256_encrypt_ecb_fu_371  |aes256_encrypt_ecb  |        2|      0|  123|  526|
    +-------------------------------+--------------------+---------+-------+-----+-----+
    |Total                          |                    |        4|      0|  246| 1052|
    +-------------------------------+--------------------+---------+-------+-----+-----+

    * DSP48: 
    N/A

    * Memory: 
    +---------------+----------------------+---------+----+----+------+-----+------+-------------+
    |     Memory    |        Module        | BRAM_18K| FF | LUT| Words| Bits| Banks| W*Bits*Banks|
    +---------------+----------------------+---------+----+----+------+-----+------+-------------+
    |local_key_0_U  |workload_local_key_0  |        0|  16|   4|    32|    8|     1|          256|
    |local_key_1_U  |workload_local_key_0  |        0|  16|   4|    32|    8|     1|          256|
    +---------------+----------------------+---------+----+----+------+-----+------+-------------+
    |Total          |                      |        0|  32|   8|    64|   16|     2|          512|
    +---------------+----------------------+---------+----+----+------+-----+------+-------------+

    * FIFO: 
    N/A

    * Expression: 
    +---------------------------------+----------+-------+---+----+------------+------------+
    |          Variable Name          | Operation| DSP48E| FF| LUT| Bitwidth P0| Bitwidth P1|
    +---------------------------------+----------+-------+---+----+------------+------------+
    |j_2_fu_389_p2                    |     +    |      0|  0|  15|           6|           1|
    |j_4_fu_404_p2                    |     +    |      0|  0|  10|           2|           1|
    |j_5_fu_507_p2                    |     +    |      0|  0|  10|           2|           1|
    |k_2_fu_428_p2                    |     +    |      0|  0|  12|           3|           1|
    |k_3_fu_531_p2                    |     +    |      0|  0|  12|           3|           1|
    |sum2_fu_570_p2                   |     +    |      0|  0|  15|           5|           5|
    |sum_fu_443_p2                    |     +    |      0|  0|  15|           5|           5|
    |tmp1_fu_561_p2                   |     +    |      0|  0|  12|           3|           3|
    |tmp8_fu_434_p2                   |     +    |      0|  0|  12|           3|           3|
    |exitcond2_fu_383_p2              |   icmp   |      0|  0|  11|           6|           7|
    |exitcond3_fu_398_p2              |   icmp   |      0|  0|   9|           2|           3|
    |exitcond5_fu_422_p2              |   icmp   |      0|  0|   9|           3|           4|
    |exitcond6_fu_501_p2              |   icmp   |      0|  0|   9|           2|           3|
    |exitcond_fu_525_p2               |   icmp   |      0|  0|   9|           3|           4|
    |ap_block_state9_on_subcall_done  |    or    |      0|  0|   8|           1|           1|
    |buf_0_load_phi_fu_547_p3         |  select  |      0|  0|   8|           1|           8|
    |buf_1_1_4_fu_471_p3              |  select  |      0|  0|   8|           1|           8|
    |buf_1_1_6_fu_478_p3              |  select  |      0|  0|   8|           1|           8|
    |buf_1_1_7_fu_457_p3              |  select  |      0|  0|   8|           1|           8|
    |buf_1_1_8_fu_464_p3              |  select  |      0|  0|   8|           1|           8|
    |buf_1_load_phi_fu_541_p3         |  select  |      0|  0|   8|           1|           8|
    |data_d0                          |  select  |      0|  0|   8|           1|           8|
    +---------------------------------+----------+-------+---+----+------------+------------+
    |Total                            |          |      0|  0| 224|          56|          99|
    +---------------------------------+----------+-------+---+----+------------+------------+

    * Multiplexer: 
    +----------------------+----+-----------+-----+-----------+
    |         Name         | LUT| Input Size| Bits| Total Bits|
    +----------------------+----+-----------+-----+-----------+
    |ap_NS_fsm             |  53|         12|    1|         12|
    |buf_0_0_1_reg_208     |   9|          2|    8|         16|
    |buf_0_0_2_be_reg_325  |   9|          2|    8|         16|
    |buf_0_0_2_reg_266     |   9|          2|    8|         16|
    |buf_0_1_1_reg_197     |   9|          2|    8|         16|
    |buf_0_1_2_be_reg_313  |   9|          2|    8|         16|
    |buf_0_1_2_reg_254     |   9|          2|    8|         16|
    |buf_1_0_1_reg_186     |   9|          2|    8|         16|
    |buf_1_0_2_be_reg_301  |   9|          2|    8|         16|
    |buf_1_0_2_reg_242     |   9|          2|    8|         16|
    |buf_1_1_1_reg_175     |   9|          2|    8|         16|
    |buf_1_1_2_be_reg_289  |   9|          2|    8|         16|
    |buf_1_1_2_reg_230     |   9|          2|    8|         16|
    |data_address0         |  15|          3|    4|         12|
    |j_1_reg_219           |   9|          2|    2|          4|
    |j_3_reg_337           |   9|          2|    2|          4|
    |j_reg_103             |   9|          2|    6|         12|
    |k_1_reg_348           |   9|          2|    3|          6|
    |k_reg_278             |   9|          2|    3|          6|
    +----------------------+----+-----------+-----+-----------+
    |Total                 | 221|         49|  117|        248|
    +----------------------+----+-----------+-----+-----------+

    * Register: 
    +--------------------------------------------+----+----+-----+-----------+
    |                    Name                    | FF | LUT| Bits| Const Bits|
    +--------------------------------------------+----+----+-----+-----------+
    |ap_CS_fsm                                   |  11|   0|   11|          0|
    |buf_0_0_1_reg_208                           |   8|   0|    8|          0|
    |buf_0_0_2_be_reg_325                        |   8|   0|    8|          0|
    |buf_0_0_2_reg_266                           |   8|   0|    8|          0|
    |buf_0_0_3_reg_657                           |   8|   0|    8|          0|
    |buf_0_0_reg_150                             |   8|   0|    8|          0|
    |buf_0_1_1_reg_197                           |   8|   0|    8|          0|
    |buf_0_1_2_be_reg_313                        |   8|   0|    8|          0|
    |buf_0_1_2_reg_254                           |   8|   0|    8|          0|
    |buf_0_1_3_reg_663                           |   8|   0|    8|          0|
    |buf_0_1_reg_138                             |   8|   0|    8|          0|
    |buf_1_0_1_reg_186                           |   8|   0|    8|          0|
    |buf_1_0_2_be_reg_301                        |   8|   0|    8|          0|
    |buf_1_0_2_reg_242                           |   8|   0|    8|          0|
    |buf_1_0_3_reg_669                           |   8|   0|    8|          0|
    |buf_1_0_reg_126                             |   8|   0|    8|          0|
    |buf_1_1_1_reg_175                           |   8|   0|    8|          0|
    |buf_1_1_2_be_reg_289                        |   8|   0|    8|          0|
    |buf_1_1_2_reg_230                           |   8|   0|    8|          0|
    |buf_1_1_3_reg_675                           |   8|   0|    8|          0|
    |buf_1_1_reg_114                             |   8|   0|    8|          0|
    |grp_aes256_encrypt_ecb_fu_359_ap_start_reg  |   1|   0|    1|          0|
    |grp_aes256_encrypt_ecb_fu_371_ap_start_reg  |   1|   0|    1|          0|
    |i_2_reg_162                                 |   1|   0|    1|          0|
    |j_1_reg_219                                 |   2|   0|    2|          0|
    |j_3_reg_337                                 |   2|   0|    2|          0|
    |j_4_reg_602                                 |   2|   0|    2|          0|
    |j_5_reg_684                                 |   2|   0|    2|          0|
    |j_reg_103                                   |   6|   0|    6|          0|
    |k_1_reg_348                                 |   3|   0|    3|          0|
    |k_2_reg_619                                 |   3|   0|    3|          0|
    |k_reg_278                                   |   3|   0|    3|          0|
    |tmp7_cast_reg_593                           |   4|   0|    5|          1|
    |tmp_1_reg_607                               |   1|   0|    1|          0|
    |tmp_2_reg_611                               |   1|   0|    3|          2|
    |tmp_3_reg_689                               |   1|   0|    1|          0|
    |tmp_7_reg_629                               |   1|   0|    1|          0|
    |tmp_9_reg_694                               |   1|   0|    3|          2|
    +--------------------------------------------+----+----+-----+-----------+
    |Total                                       | 206|   0|  211|          5|
    +--------------------------------------------+----+----+-----+-----------+



================================================================
== Interface
================================================================
* Summary: 
+---------------+-----+-----+------------+--------------+--------------+
|   RTL Ports   | Dir | Bits|  Protocol  | Source Object|    C Type    |
+---------------+-----+-----+------------+--------------+--------------+
|ap_clk         |  in |    1| ap_ctrl_hs |   workload   | return value |
|ap_rst         |  in |    1| ap_ctrl_hs |   workload   | return value |
|ap_start       |  in |    1| ap_ctrl_hs |   workload   | return value |
|ap_done        | out |    1| ap_ctrl_hs |   workload   | return value |
|ap_idle        | out |    1| ap_ctrl_hs |   workload   | return value |
|ap_ready       | out |    1| ap_ctrl_hs |   workload   | return value |
|data_address0  | out |    4|  ap_memory |     data     |     array    |
|data_ce0       | out |    1|  ap_memory |     data     |     array    |
|data_we0       | out |    1|  ap_memory |     data     |     array    |
|data_d0        | out |    8|  ap_memory |     data     |     array    |
|data_q0        |  in |    8|  ap_memory |     data     |     array    |
|data_offset    |  in |    4|   ap_none  |  data_offset |    scalar    |
+---------------+-----+-----+------------+--------------+--------------+

