#----------------------------------------
# JasperGold Version Info
# tool      : JasperGold 2016.09
# platform  : Linux 3.10.0-957.21.3.el7.x86_64
# version   : 2016.09p002 64 bits
# build date: 2016.11.28 18:08:41 PST
#----------------------------------------
# started Sun Apr 12 16:08:38 PDT 2020
# hostname  : rsg27.stanford.edu
# pid       : 11688
# arguments : '-label' 'session_0' '-console' 'rsg27.stanford.edu:40346' '-style' 'windows' '-use_native_tcl' '-proj' '/rsgs/pool0/Saranyu/AES_1/AES_abstracted/cpp/bug2/BUG2/solution1/syn/verilog/jgproject/sessionLogs/session_0' '-init' '-hidden' '/rsgs/pool0/Saranyu/AES_1/AES_abstracted/cpp/bug2/BUG2/solution1/syn/verilog/jgproject/.tmp/.initCmds.tcl' 'jasper.tcl'

Any disclosure about the Cadence Design Systems software or its use
model to any third party violates the written Non-Disclosure Agreement
between Cadence Design Systems, Inc. and the customer.

THIS SOFTWARE CONTAINS CONFIDENTIAL INFORMATION AND TRADE SECRETS OF
CADENCE DESIGN SYSTEMS, INC. USE, DISCLOSURE, OR REPRODUCTION IS
PROHIBITED WITHOUT THE PRIOR EXPRESS WRITTEN PERMISSION OF CADENCE
DESIGN SYSTEMS, INC.

Copyright (C) 2000-2016 Cadence Design Systems, Inc. All Rights
Reserved.  Unpublished -- rights reserved under the copyright laws of
the United States.

This product includes software developed by others and redistributed
according to license agreement. See doc/third_party_readme.txt for
further details.

RESTRICTED RIGHTS LEGEND

Use, duplication, or disclosure by the Government is subject to
restrictions as set forth in subparagraph (c) (1) (ii) of the Rights in
Technical Data and Computer Software clause at DFARS 252.227-7013 or
subparagraphs (c) (1) and (2) of Commercial Computer Software -- Restricted
Rights at 48 CFR 52.227-19, as applicable.


                          Cadence Design Systems, Inc. 
                          2655 Seely Avenue
                          San Jose, CA 95134
                          Phone: 408.943.1234

For technical assistance visit http://support.cadence.com.

JasperGold Apps Analysis Session - /rsgs/pool0/Saranyu/AES_1/AES_abstracted/cpp/bug2/BUG2/solution1/syn/verilog/jgproject/sessionLogs/session_0

INFO: successfully checked out licenses "jasper_interactive" and "jasper_fpv".
INFO: reading configuration file "/rsghome/saranyuc/.config/jasper/jaspergold.conf".
INFO (IPL003): This JasperGold instance uses a new interpreter implementation for Tcl evaluation.
    Launch JasperGold using the "-use_jtcl" command-line switch to restore it to the old implementation.
% 
% analyze -sv09 -f aes.flist 
[-- (VERI-1482)] Analyzing Verilog file /hd/cad/cadence/JASPERGOLD16.09.002.lnx86/lib/verilog/packages/std/std.sv into library std
[-- (VERI-1482)] Analyzing Verilog file aes256_encrypt_ecb_ctx_body_enckey.v
[-- (VERI-1482)] Analyzing Verilog file aes256_encrypt_ecb_ctx_body_key.v
[-- (VERI-1482)] Analyzing Verilog file aes256_encrypt_ecb.v
[-- (VERI-1482)] Analyzing Verilog file aqed_in.v
[-- (VERI-1482)] Analyzing Verilog file aqed_out.v
[-- (VERI-1482)] Analyzing Verilog file aqed_top_bmc_in.v
[-- (VERI-1482)] Analyzing Verilog file aqed_top.v
[-- (VERI-1482)] Analyzing Verilog file workload_local_key_0.v
[-- (VERI-1482)] Analyzing Verilog file workload_local_key_1.v
[-- (VERI-1482)] Analyzing Verilog file workload.v
% elaborate -disable_auto_bbox -top aqed_top
INFO (ISW003): Top module name is "aqed_top".
[INFO (VERI-1018)] aqed_top.v(12): compiling module aqed_top
[WARN (VERI-1060)] aqed_top.v(142): 'initial' construct ignored
[INFO (VERI-1018)] aqed_top_bmc_in.v(58): compiling module aqed_top_bmc_in:(DataWidth=8,AddressRange=16,AddressWidth=4)
[INFO (VERI-1018)] aqed_top_bmc_in.v(9): compiling module aqed_top_bmc_in_ram
[WARN (VERI-1060)] aqed_top_bmc_in.v(29): 'initial' construct ignored
[INFO (VERI-1018)] workload.v(10): compiling module workload
[WARN (VERI-1060)] workload.v(162): 'initial' construct ignored
[INFO (VERI-1018)] workload_local_key_0.v(42): compiling module workload_local_key_0:(DataWidth=8,AddressRange=32,AddressWidth=5)
[INFO (VERI-1018)] workload_local_key_0.v(9): compiling module workload_local_key_0_rom
[WARN (VERI-1060)] workload_local_key_0.v(25): 'initial' construct ignored
[INFO (VERI-1018)] workload_local_key_1.v(43): compiling module workload_local_key_1:(DataWidth=8,AddressRange=32,AddressWidth=5)
[INFO (VERI-1018)] workload_local_key_1.v(9): compiling module workload_local_key_1_ram
[INFO (VERI-1018)] aes256_encrypt_ecb.v(10): compiling module aes256_encrypt_ecb
[WARN (VERI-1060)] aes256_encrypt_ecb.v(159): 'initial' construct ignored
[INFO (VERI-1018)] aes256_encrypt_ecb_ctx_body_key.v(66): compiling module aes256_encrypt_ecb_ctx_body_key:(DataWidth=8,AddressRange=32,AddressWidth=5)
[INFO (VERI-1018)] aes256_encrypt_ecb_ctx_body_key.v(9): compiling module aes256_encrypt_ecb_ctx_body_key_ram
[INFO (VERI-9012)] aes256_encrypt_ecb_ctx_body_key.v(26): Unintentional Sequential element inferred for ram read before write using blocking assignment
[INFO (VERI-9012)] aes256_encrypt_ecb_ctx_body_key.v(19): Unintentional Sequential element inferred for q0 read before write using blocking assignment
[INFO (VERI-1018)] aes256_encrypt_ecb_ctx_body_enckey.v(55): compiling module aes256_encrypt_ecb_ctx_body_enckey:(DataWidth=8,AddressRange=32,AddressWidth=5)
[INFO (VERI-1018)] aes256_encrypt_ecb_ctx_body_enckey.v(9): compiling module aes256_encrypt_ecb_ctx_body_enckey_ram
[WARN (VERI-1209)] aes256_encrypt_ecb.v(478): expression size 64 truncated to fit in target size 5
[WARN (VERI-1209)] aes256_encrypt_ecb.v(480): expression size 64 truncated to fit in target size 5
[WARN (VERI-1209)] aes256_encrypt_ecb.v(482): expression size 32 truncated to fit in target size 5
[WARN (VERI-1209)] aes256_encrypt_ecb.v(512): expression size 64 truncated to fit in target size 5
[WARN (VERI-1209)] aes256_encrypt_ecb.v(514): expression size 64 truncated to fit in target size 5
[WARN (VERI-1209)] aes256_encrypt_ecb.v(516): expression size 32 truncated to fit in target size 5
[WARN (VERI-1209)] aes256_encrypt_ecb.v(606): expression size 32 truncated to fit in target size 7
[WARN (VERI-1209)] aes256_encrypt_ecb.v(677): expression size 64 truncated to fit in target size 5
[WARN (VERI-1209)] aes256_encrypt_ecb.v(679): expression size 64 truncated to fit in target size 5
[WARN (VERI-1209)] aes256_encrypt_ecb.v(691): expression size 64 truncated to fit in target size 5
[WARN (VERI-1209)] workload.v(469): expression size 64 truncated to fit in target size 4
[WARN (VERI-1209)] workload.v(471): expression size 64 truncated to fit in target size 4
[WARN (VERI-1209)] workload.v(473): expression size 32 truncated to fit in target size 4
[WARN (VERI-1209)] workload.v(495): expression size 64 truncated to fit in target size 5
[WARN (VERI-1209)] workload.v(499): expression size 32 truncated to fit in target size 5
[WARN (VERI-1209)] workload.v(515): expression size 64 truncated to fit in target size 5
[WARN (VERI-1209)] workload.v(519): expression size 32 truncated to fit in target size 5
[WARN (VERI-1209)] workload.v(608): expression size 32 truncated to fit in target size 10
[INFO (VERI-1018)] aqed_in.v(10): compiling module aqed_in
[WARN (VERI-1060)] aqed_in.v(166): 'initial' construct ignored
[WARN (VERI-1209)] aqed_in.v(227): expression size 64 truncated to fit in target size 4
[WARN (VERI-1209)] aqed_in.v(229): expression size 64 truncated to fit in target size 4
[WARN (VERI-1209)] aqed_in.v(231): expression size 32 truncated to fit in target size 4
[WARN (VERI-1209)] aqed_in.v(237): expression size 64 truncated to fit in target size 4
[WARN (VERI-1209)] aqed_in.v(239): expression size 64 truncated to fit in target size 4
[WARN (VERI-1209)] aqed_in.v(241): expression size 32 truncated to fit in target size 4
[WARN (VERI-1209)] aqed_in.v(357): expression size 32 truncated to fit in target size 3
[INFO (VERI-1018)] aqed_out.v(10): compiling module aqed_out
[WARN (VERI-1060)] aqed_out.v(130): 'initial' construct ignored
[WARN (VERI-1209)] aqed_out.v(273): expression size 64 truncated to fit in target size 4
[WARN (VERI-1209)] aqed_out.v(275): expression size 64 truncated to fit in target size 4
[WARN (VERI-1209)] aqed_out.v(277): expression size 32 truncated to fit in target size 4
[WARN (VERI-1209)] aqed_out.v(283): expression size 64 truncated to fit in target size 4
[WARN (VERI-1209)] aqed_out.v(285): expression size 64 truncated to fit in target size 4
[WARN (VERI-1209)] aqed_out.v(287): expression size 32 truncated to fit in target size 4
[WARN (VERI-1209)] aqed_out.v(314): expression size 32 truncated to fit in target size 1
[WARN (VERI-1209)] aqed_out.v(317): expression size 32 truncated to fit in target size 1
[WARN (VERI-1209)] aqed_out.v(348): expression size 32 truncated to fit in target size 4
[WARN (VERI-1209)] aqed_top.v(395): expression size 32 truncated to fit in target size 4
[WARN (VERI-1209)] aqed_top.v(405): expression size 32 truncated to fit in target size 4
[WARN (VERI-1209)] aqed_top.v(479): expression size 32 truncated to fit in target size 7
[INFO (VERI-8001)] aqed_top.v(526): Creating netbus grp_workload_fu_107.local_key_1_U.workload_local_key_0_rom_U.ram [0:0]
[WARN (VDB-1002)] workload_local_key_0.v(21): net ram[0][7] does not have a driver
[INFO] Beginning multiple driver analysis
[INFO] Finished multiple driver analysis
[INFO] Module Name aqed_top
WARNING (WNL021): aqed_top.v(526): external reference "grp_workload_fu_107.local_key_1_U.workload_local_key_0_rom_U.ram" remains unresolved and will be treated as a free net.
aqed_top
[<embedded>] % clock ap_clk
[<embedded>] % reset -expression ap_rst 
INFO (IPM031): Clearing proof results of all properties.
INFO (IRS006): Current reset condition is "ap_rst".
[<embedded>] % set_engine_mode {Bm B}
[<embedded>] % #autoprove
[<embedded>] % 
[<embedded>] % 
[<embedded>] % prove -bg -all
INFO (IPF031): Settings used for this proof:
    time_limit                    = 86400s
    per_property_time_limit       = 1s * 10 ^ scan
    engine_mode                   = Bm B 
    proofgrid_per_engine_max_jobs = 1
    max engine jobs               = Bm B, total 2
    proofgrid_mode                = local
    proofgrid_restarts            = 10
background (thread 0)
INFO (IPF036): Starting proof on task: "<embedded>", 4 properties to prove with 0 already proven/unreachable
INFO (IRS029): Starting reset analysis: phase 1 of 4.
INFO (IRS030): Running reset analysis phase 2 of 4.
INFO (IRS031): Running reset analysis phase 3 of 4.
INFO (IRS020): Starting the reset analysis simulation with a limit of 100 iterations (phase 4 of 4).
INFO (IRS024): Reset iterations 0 to 4 analyzed.
INFO (IRS018): Reset analysis simulation executed for 3 iterations. Assigned values for 588 of 2382 design flops, 0 of 0 design latches, 44 of 50 internal elements.
Using multistage preprocessing
Starting reduce
Finished reduce in 0.02s
Performing Proof Simplification...
0.0.Bm: clocks: 1, declared: 1, disabling: 0, posedge: 1, negedge: 0, noedge: 0, bothedge: 0
0.0.Bm: Proof Simplification Iteration 1	[0.00 s]
0.0.Bm: Proof Simplification Iteration 2	[0.01 s]
0.0.Bm: Proof Simplification Iteration 3	[0.01 s]
Proof Simplification completed in 0.04 s
0.0.Bm: Identified and disabled 1 duplicated target.
About to start centralized ProofGrid in its own thread with a limit of 10000 pending notifications and a limit of 10 traces.
=============================== ProofGrid start ===============================
ProofGrid usable level: 3
ProofGrid is starting event handling
0.0.Bm: Proofgrid shell started at 11917@rsg27.stanford.edu(local) jg_11688_rsg27.stanford.edu_1
0.0.B: Proofgrid shell started at 11918@rsg27.stanford.edu(local) jg_11688_rsg27.stanford.edu_1
0.0.Bm: clocks: 1, declared: 1, disabling: 0, posedge: 1, negedge: 0, noedge: 0, bothedge: 0
0.0.B: clocks: 1, declared: 1, disabling: 0, posedge: 1, negedge: 0, noedge: 0, bothedge: 0
0.0.Bm: A trace with 1 cycles was found. [0.01 s]
INFO (IPF047): 0.0.Bm: The cover property "aqed_top.assume_stable_orig_idx:precondition1" was covered in 1 cycles in 0.00 s.
INFO (IPF047): 0.0.Bm: The cover property "aqed_top.assume_stable_dup_idx:precondition1" was covered in 1 cycles in 0.00 s by the incidental trace "aqed_top.assume_stable_orig_idx:precondition1".
0.0.B: Next scan (0) will use per property time limit: 1s * 10 ^ 0 = 1s
0.0.B: Starting proof for property "aqed_top.assert_qed_match"	[0.00 s].
0.0.Bm: Trace Attempt  1	[0.03 s]
0.0.B: Trace Attempt  1	[0.02 s]
0.0.Bm: Trace Attempt  2	[0.06 s]
0.0.B: Trace Attempt  2	[0.05 s]
0.0.Bm: Trace Attempt  3	[0.08 s]
0.0.B: Trace Attempt  3	[0.07 s]
0.0.Bm: Trace Attempt  4	[0.11 s]
0.0.B: Trace Attempt  4	[0.10 s]
0.0.Bm: Trace Attempt  5	[0.13 s]
0.0.B: Trace Attempt  5	[0.12 s]
ProofGrid usable level: 2
0.0.B: Trace Attempt 20	[0.91 s]
0.0.B: Per property time limit expired (1.00 s) [1.06 s]
0.0.B: Stopped processing property "aqed_top.assert_qed_match"	[1.02 s].
0.0.B: Starting proof for property "aqed_top.assert_qed_match:precondition1"	[0.00 s].
0.0.B: Trace Attempt  1	[0.01 s]
0.0.B: Trace Attempt  2	[0.03 s]
0.0.B: Trace Attempt  3	[0.06 s]
0.0.B: Trace Attempt  4	[0.08 s]
0.0.B: Trace Attempt  5	[0.10 s]
0.0.B: Trace Attempt 19	[0.99 s]
0.0.B: Per property time limit expired (1.00 s) [1.06 s]
0.0.B: Stopped processing property "aqed_top.assert_qed_match:precondition1"	[1.07 s].
0.0.B: Next scan (1) will use per property time limit: 1s * 10 ^ 1 = 10s
0.0.B: Starting proof for property "aqed_top.assert_qed_match"	[0.00 s].
0.0.B: Trace Attempt  1	[0.01 s]
0.0.B: Trace Attempt  2	[0.03 s]
0.0.B: Trace Attempt  3	[0.04 s]
0.0.B: Trace Attempt  4	[0.07 s]
0.0.B: Trace Attempt  5	[0.09 s]
Initiating shutdown of proof (@ 3.30 s)
0.0.Bm: Next scan (0) will use per property time limit: 1s * 10 ^ 0 = 1s
0.0.Bm: Trace Attempt 47	[3.25 s]
0.0.Bm: Interrupted. [3.40 s]
0.0.Bm: Exited with Success (@ 3.40 s)
0.0.B: Stopped processing property "aqed_top.assert_qed_match"	[1.32 s].
0.0.B: Trace Attempt 21	[1.18 s]
0.0.B: All properties either determined or skipped. [3.45 s]
0.0.B: Exited with Success (@ 3.45 s)
ProofGrid usable level: 0
ProofGrid usable level: 0
All pending notifications were processed.
INFO (IPM007): "prove" command stopped.

==============================================================
SUMMARY
==============================================================
	Properties Considered : 4
	      assertions      : 1
	       - proven       : 0 (0%)
	       - marked_proven: 0 (0%)
	       - cex          : 0 (0%)
	       - ar_cex       : 0 (0%)
	       - undetermined : 1 (100%)
	       - unprocessed  : 0 (0%)
	       - error        : 0 (0%)
	      covers          : 3
	       - unreachable  : 0 (0%)
	       - covered      : 2 (66.6667%)
	       - ar_covered   : 0 (0%)
	       - undetermined : 1 (33.3333%)
	       - unprocessed  : 0 (0%)
	       - error        : 0 (0%)
[<embedded>] % prove -bg -task {<embedded>}
INFO (IPF031): Settings used for this proof:
    time_limit                    = 86400s
    per_property_time_limit       = 1s * 10 ^ scan
    engine_mode                   = Bm B 
    proofgrid_per_engine_max_jobs = 1
    max engine jobs               = Bm B, total 2
    proofgrid_mode                = local
    proofgrid_restarts            = 10
INFO (IPF036): Starting proof on task: "<embedded>", 2 properties to prove with 0 already proven/unreachable
background (thread 1)
Using multistage preprocessing
Starting reduce
Finished reduce in 0.018s
Performing Proof Simplification...
1.0.Bm: clocks: 1, declared: 1, disabling: 0, posedge: 1, negedge: 0, noedge: 0, bothedge: 0
1.0.Bm: Proof Simplification Iteration 1	[0.00 s]
1.0.Bm: Proof Simplification Iteration 2	[0.01 s]
1.0.Bm: Proof Simplification Iteration 3	[0.01 s]
Proof Simplification completed in 0.04 s
About to start centralized ProofGrid in its own thread with a limit of 10000 pending notifications and a limit of 10 traces.
=============================== ProofGrid start ===============================
ProofGrid usable level: 2
ProofGrid is starting event handling
1.0.B: Proofgrid shell started at 11958@rsg27.stanford.edu(local) jg_11688_rsg27.stanford.edu_2
1.0.Bm: Proofgrid shell started at 11957@rsg27.stanford.edu(local) jg_11688_rsg27.stanford.edu_2
1.0.B: clocks: 1, declared: 1, disabling: 0, posedge: 1, negedge: 0, noedge: 0, bothedge: 0
1.0.Bm: clocks: 1, declared: 1, disabling: 0, posedge: 1, negedge: 0, noedge: 0, bothedge: 0
1.0.B: Next scan (0) will use per property time limit: 1s * 10 ^ 0 = 1s
1.0.B: Starting proof for property "aqed_top.assert_qed_match"	[0.00 s].
1.0.B: Trace Attempt  1	[0.02 s]
1.0.Bm: Trace Attempt  1	[0.03 s]
1.0.Bm: Trace Attempt  2	[0.06 s]
1.0.B: Trace Attempt  2	[0.06 s]
1.0.Bm: Trace Attempt  3	[0.09 s]
1.0.B: Trace Attempt  3	[0.09 s]
1.0.Bm: Trace Attempt  4	[0.12 s]
1.0.B: Trace Attempt  4	[0.11 s]
1.0.Bm: Trace Attempt  5	[0.14 s]
1.0.B: Trace Attempt  5	[0.14 s]
1.0.B: Trace Attempt 20	[0.94 s]
1.0.B: Per property time limit expired (1.00 s) [1.03 s]
1.0.B: Stopped processing property "aqed_top.assert_qed_match"	[1.03 s].
1.0.B: Starting proof for property "aqed_top.assert_qed_match:precondition1"	[0.00 s].
1.0.B: Trace Attempt  1	[0.01 s]
1.0.B: Trace Attempt  2	[0.03 s]
1.0.B: Trace Attempt  3	[0.05 s]
1.0.B: Trace Attempt  4	[0.07 s]
1.0.B: Trace Attempt  5	[0.09 s]
1.0.B: Trace Attempt 22	[0.99 s]
1.0.B: Per property time limit expired (1.00 s) [1.06 s]
1.0.B: Stopped processing property "aqed_top.assert_qed_match:precondition1"	[1.07 s].
1.0.B: Next scan (1) will use per property time limit: 1s * 10 ^ 1 = 10s
1.0.B: Starting proof for property "aqed_top.assert_qed_match"	[0.00 s].
1.0.B: Trace Attempt  1	[0.01 s]
1.0.B: Trace Attempt  2	[0.03 s]
1.0.B: Trace Attempt  3	[0.04 s]
1.0.B: Trace Attempt  4	[0.07 s]
1.0.B: Trace Attempt  5	[0.09 s]
1.0.Bm: Trace Attempt 59	[4.19 s]
1.0.B: Trace Attempt 60	[4.12 s]
Initiating shutdown of proof (@ 6.64 s)
1.0.Bm: Next scan (0) will use per property time limit: 1s * 10 ^ 0 = 1s
1.0.Bm: Trace Attempt 71	[6.57 s]
1.0.Bm: Interrupted. [6.78 s]
1.0.Bm: Exited with Success (@ 6.78 s)
1.0.B: Stopped processing property "aqed_top.assert_qed_match"	[4.72 s].
1.0.B: Trace Attempt 62	[4.55 s]
1.0.B: All properties either determined or skipped. [6.83 s]
1.0.B: Exited with Success (@ 6.83 s)
ProofGrid usable level: 0
ProofGrid usable level: 0
All pending notifications were processed.
INFO (IPM007): "prove" command stopped.

==============================================================
SUMMARY
==============================================================
	Properties Considered : 4
	      assertions      : 1
	       - proven       : 0 (0%)
	       - marked_proven: 0 (0%)
	       - cex          : 0 (0%)
	       - ar_cex       : 0 (0%)
	       - undetermined : 1 (100%)
	       - unprocessed  : 0 (0%)
	       - error        : 0 (0%)
	      covers          : 3
	       - unreachable  : 0 (0%)
	       - covered      : 2 (66.6667%)
	       - ar_covered   : 0 (0%)
	       - undetermined : 1 (33.3333%)
	       - unprocessed  : 0 (0%)
	       - error        : 0 (0%)
[<embedded>] % source jasper.tcl
[-- (VERI-1482)] Analyzing Verilog file aes256_encrypt_ecb_ctx_body_enckey.v
[WARN (VERI-1206)] aes256_encrypt_ecb_ctx_body_enckey.v(52): overwriting previous definition of module aes256_encrypt_ecb_ctx_body_enckey_ram
[INFO (VERI-2142)] aes256_encrypt_ecb_ctx_body_enckey.v(52): previous definition of module aes256_encrypt_ecb_ctx_body_enckey_ram is here
[WARN (VERI-1206)] aes256_encrypt_ecb_ctx_body_enckey.v(94): overwriting previous definition of module aes256_encrypt_ecb_ctx_body_enckey
[INFO (VERI-2142)] aes256_encrypt_ecb_ctx_body_enckey.v(94): previous definition of module aes256_encrypt_ecb_ctx_body_enckey is here
[-- (VERI-1482)] Analyzing Verilog file aes256_encrypt_ecb_ctx_body_key.v
[WARN (VERI-1206)] aes256_encrypt_ecb_ctx_body_key.v(63): overwriting previous definition of module aes256_encrypt_ecb_ctx_body_key_ram
[INFO (VERI-2142)] aes256_encrypt_ecb_ctx_body_key.v(63): previous definition of module aes256_encrypt_ecb_ctx_body_key_ram is here
[WARN (VERI-1206)] aes256_encrypt_ecb_ctx_body_key.v(108): overwriting previous definition of module aes256_encrypt_ecb_ctx_body_key
[INFO (VERI-2142)] aes256_encrypt_ecb_ctx_body_key.v(108): previous definition of module aes256_encrypt_ecb_ctx_body_key is here
[-- (VERI-1482)] Analyzing Verilog file aes256_encrypt_ecb.v
[WARN (VERI-1206)] aes256_encrypt_ecb.v(725): overwriting previous definition of module aes256_encrypt_ecb
[INFO (VERI-2142)] aes256_encrypt_ecb.v(725): previous definition of module aes256_encrypt_ecb is here
[-- (VERI-1482)] Analyzing Verilog file aqed_in.v
[WARN (VERI-1206)] aqed_in.v(470): overwriting previous definition of module aqed_in
[INFO (VERI-2142)] aqed_in.v(470): previous definition of module aqed_in is here
[-- (VERI-1482)] Analyzing Verilog file aqed_out.v
[WARN (VERI-1206)] aqed_out.v(409): overwriting previous definition of module aqed_out
[INFO (VERI-2142)] aqed_out.v(409): previous definition of module aqed_out is here
[-- (VERI-1482)] Analyzing Verilog file aqed_top_bmc_in.v
[WARN (VERI-1206)] aqed_top_bmc_in.v(55): overwriting previous definition of module aqed_top_bmc_in_ram
[INFO (VERI-2142)] aqed_top_bmc_in.v(55): previous definition of module aqed_top_bmc_in_ram is here
[WARN (VERI-1206)] aqed_top_bmc_in.v(97): overwriting previous definition of module aqed_top_bmc_in
[INFO (VERI-2142)] aqed_top_bmc_in.v(97): previous definition of module aqed_top_bmc_in is here
[-- (VERI-1482)] Analyzing Verilog file aqed_top.v
[WARN (VERI-1206)] aqed_top.v(532): overwriting previous definition of module aqed_top
[INFO (VERI-2142)] aqed_top.v(532): previous definition of module aqed_top is here
[-- (VERI-1482)] Analyzing Verilog file workload_local_key_0.v
[WARN (VERI-1206)] workload_local_key_0.v(39): overwriting previous definition of module workload_local_key_0_rom
[INFO (VERI-2142)] workload_local_key_0.v(39): previous definition of module workload_local_key_0_rom is here
[WARN (VERI-1206)] workload_local_key_0.v(66): overwriting previous definition of module workload_local_key_0
[INFO (VERI-2142)] workload_local_key_0.v(66): previous definition of module workload_local_key_0 is here
[-- (VERI-1482)] Analyzing Verilog file workload_local_key_1.v
[WARN (VERI-1206)] workload_local_key_1.v(40): overwriting previous definition of module workload_local_key_1_ram
[INFO (VERI-2142)] workload_local_key_1.v(40): previous definition of module workload_local_key_1_ram is here
[WARN (VERI-1206)] workload_local_key_1.v(73): overwriting previous definition of module workload_local_key_1
[INFO (VERI-2142)] workload_local_key_1.v(73): previous definition of module workload_local_key_1 is here
[-- (VERI-1482)] Analyzing Verilog file workload.v
[WARN (VERI-1206)] workload.v(711): overwriting previous definition of module workload
[INFO (VERI-2142)] workload.v(711): previous definition of module workload is here
INFO (ISW003): Top module name is "aqed_top".
WARNING (WNL044): Performing forced "elaborate -clear" due to conflicts related to external reference handling.
[INFO (VERI-1018)] aqed_top.v(12): compiling module aqed_top
[WARN (VERI-1060)] aqed_top.v(142): 'initial' construct ignored
[INFO (VERI-1018)] aqed_top_bmc_in.v(58): compiling module aqed_top_bmc_in:(DataWidth=8,AddressRange=16,AddressWidth=4)
[INFO (VERI-1018)] aqed_top_bmc_in.v(9): compiling module aqed_top_bmc_in_ram
[WARN (VERI-1060)] aqed_top_bmc_in.v(29): 'initial' construct ignored
[INFO (VERI-1018)] workload.v(10): compiling module workload
[WARN (VERI-1060)] workload.v(162): 'initial' construct ignored
[INFO (VERI-1018)] workload_local_key_0.v(42): compiling module workload_local_key_0:(DataWidth=8,AddressRange=32,AddressWidth=5)
[INFO (VERI-1018)] workload_local_key_0.v(9): compiling module workload_local_key_0_rom
[WARN (VERI-1060)] workload_local_key_0.v(25): 'initial' construct ignored
[INFO (VERI-1018)] workload_local_key_1.v(43): compiling module workload_local_key_1:(DataWidth=8,AddressRange=32,AddressWidth=5)
[INFO (VERI-1018)] workload_local_key_1.v(9): compiling module workload_local_key_1_ram
[INFO (VERI-1018)] aes256_encrypt_ecb.v(10): compiling module aes256_encrypt_ecb
[WARN (VERI-1060)] aes256_encrypt_ecb.v(159): 'initial' construct ignored
[INFO (VERI-1018)] aes256_encrypt_ecb_ctx_body_key.v(66): compiling module aes256_encrypt_ecb_ctx_body_key:(DataWidth=8,AddressRange=32,AddressWidth=5)
[INFO (VERI-1018)] aes256_encrypt_ecb_ctx_body_key.v(9): compiling module aes256_encrypt_ecb_ctx_body_key_ram
[INFO (VERI-9012)] aes256_encrypt_ecb_ctx_body_key.v(26): Unintentional Sequential element inferred for ram read before write using blocking assignment
[INFO (VERI-9012)] aes256_encrypt_ecb_ctx_body_key.v(19): Unintentional Sequential element inferred for q0 read before write using blocking assignment
[INFO (VERI-1018)] aes256_encrypt_ecb_ctx_body_enckey.v(55): compiling module aes256_encrypt_ecb_ctx_body_enckey:(DataWidth=8,AddressRange=32,AddressWidth=5)
[INFO (VERI-1018)] aes256_encrypt_ecb_ctx_body_enckey.v(9): compiling module aes256_encrypt_ecb_ctx_body_enckey_ram
[WARN (VERI-1209)] aes256_encrypt_ecb.v(478): expression size 64 truncated to fit in target size 5
[WARN (VERI-1209)] aes256_encrypt_ecb.v(480): expression size 64 truncated to fit in target size 5
[WARN (VERI-1209)] aes256_encrypt_ecb.v(482): expression size 32 truncated to fit in target size 5
[WARN (VERI-1209)] aes256_encrypt_ecb.v(512): expression size 64 truncated to fit in target size 5
[WARN (VERI-1209)] aes256_encrypt_ecb.v(514): expression size 64 truncated to fit in target size 5
[WARN (VERI-1209)] aes256_encrypt_ecb.v(516): expression size 32 truncated to fit in target size 5
[WARN (VERI-1209)] aes256_encrypt_ecb.v(606): expression size 32 truncated to fit in target size 7
[WARN (VERI-1209)] aes256_encrypt_ecb.v(677): expression size 64 truncated to fit in target size 5
[WARN (VERI-1209)] aes256_encrypt_ecb.v(679): expression size 64 truncated to fit in target size 5
[WARN (VERI-1209)] aes256_encrypt_ecb.v(691): expression size 64 truncated to fit in target size 5
[WARN (VERI-1209)] workload.v(469): expression size 64 truncated to fit in target size 4
[WARN (VERI-1209)] workload.v(471): expression size 64 truncated to fit in target size 4
[WARN (VERI-1209)] workload.v(473): expression size 32 truncated to fit in target size 4
[WARN (VERI-1209)] workload.v(495): expression size 64 truncated to fit in target size 5
[WARN (VERI-1209)] workload.v(499): expression size 32 truncated to fit in target size 5
[WARN (VERI-1209)] workload.v(515): expression size 64 truncated to fit in target size 5
[WARN (VERI-1209)] workload.v(519): expression size 32 truncated to fit in target size 5
[WARN (VERI-1209)] workload.v(608): expression size 32 truncated to fit in target size 10
[INFO (VERI-1018)] aqed_in.v(10): compiling module aqed_in
[WARN (VERI-1060)] aqed_in.v(166): 'initial' construct ignored
[WARN (VERI-1209)] aqed_in.v(227): expression size 64 truncated to fit in target size 4
[WARN (VERI-1209)] aqed_in.v(229): expression size 64 truncated to fit in target size 4
[WARN (VERI-1209)] aqed_in.v(231): expression size 32 truncated to fit in target size 4
[WARN (VERI-1209)] aqed_in.v(237): expression size 64 truncated to fit in target size 4
[WARN (VERI-1209)] aqed_in.v(239): expression size 64 truncated to fit in target size 4
[WARN (VERI-1209)] aqed_in.v(241): expression size 32 truncated to fit in target size 4
[WARN (VERI-1209)] aqed_in.v(357): expression size 32 truncated to fit in target size 3
[INFO (VERI-1018)] aqed_out.v(10): compiling module aqed_out
[WARN (VERI-1060)] aqed_out.v(130): 'initial' construct ignored
[WARN (VERI-1209)] aqed_out.v(273): expression size 64 truncated to fit in target size 4
[WARN (VERI-1209)] aqed_out.v(275): expression size 64 truncated to fit in target size 4
[WARN (VERI-1209)] aqed_out.v(277): expression size 32 truncated to fit in target size 4
[WARN (VERI-1209)] aqed_out.v(283): expression size 64 truncated to fit in target size 4
[WARN (VERI-1209)] aqed_out.v(285): expression size 64 truncated to fit in target size 4
[WARN (VERI-1209)] aqed_out.v(287): expression size 32 truncated to fit in target size 4
[WARN (VERI-1209)] aqed_out.v(314): expression size 32 truncated to fit in target size 1
[WARN (VERI-1209)] aqed_out.v(317): expression size 32 truncated to fit in target size 1
[WARN (VERI-1209)] aqed_out.v(348): expression size 32 truncated to fit in target size 4
[WARN (VERI-1209)] aqed_top.v(395): expression size 32 truncated to fit in target size 4
[WARN (VERI-1209)] aqed_top.v(405): expression size 32 truncated to fit in target size 4
[WARN (VERI-1209)] aqed_top.v(479): expression size 32 truncated to fit in target size 7
[INFO (VERI-8001)] aqed_top.v(526): Creating netbus grp_workload_fu_107.local_key_1_U.workload_local_key_0_rom_U.ram [0:0]
[WARN (VDB-1002)] workload_local_key_0.v(21): net ram[0][7] does not have a driver
[INFO] Beginning multiple driver analysis
[INFO] Finished multiple driver analysis
[INFO] Module Name aqed_top
WARNING (WNL021): aqed_top.v(526): external reference "grp_workload_fu_107.local_key_1_U.workload_local_key_0_rom_U.ram" remains unresolved and will be treated as a free net.
INFO (INL003): Clearing all state information (assumes, stopats, etc.).
INFO (IPM031): Clearing proof results of all properties.
INFO (IRS006): Current reset condition is "ap_rst".
[<embedded>] % prove -bg -property {<embedded>::aqed_top.assert_qed_match}
INFO (IPF031): Settings used for this proof:
    time_limit                    = 86400s
    per_property_time_limit       = 1s * 10 ^ scan
    engine_mode                   = Bm B 
    proofgrid_per_engine_max_jobs = 1
    max engine jobs               = Bm B, total 2
    proofgrid_mode                = local
    proofgrid_restarts            = 10
INFO (IPF036): Starting proof on task: "<embedded>", 1 properties to prove with 0 already proven/unreachable
background (thread 2)
INFO (IRS029): Starting reset analysis: phase 1 of 4.
INFO (IRS030): Running reset analysis phase 2 of 4.
INFO (IRS031): Running reset analysis phase 3 of 4.
INFO (IRS020): Starting the reset analysis simulation with a limit of 100 iterations (phase 4 of 4).
INFO (IRS024): Reset iterations 0 to 4 analyzed.
INFO (IRS018): Reset analysis simulation executed for 3 iterations. Assigned values for 588 of 2382 design flops, 0 of 0 design latches, 44 of 50 internal elements.
WARNING (WPF042): A single property remains, and one of the engines "Ht", "Hts", "B", or "Bm" is already running. Ignoring "B".
Using multistage preprocessing
Starting reduce
Finished reduce in 0.018s
Performing Proof Simplification...
2.0.Bm: clocks: 1, declared: 1, disabling: 0, posedge: 1, negedge: 0, noedge: 0, bothedge: 0
2.0.Bm: Proof Simplification Iteration 1	[0.00 s]
2.0.Bm: Proof Simplification Iteration 2	[0.01 s]
2.0.Bm: Proof Simplification Iteration 3	[0.01 s]
Proof Simplification completed in 0.03 s
About to start centralized ProofGrid in its own thread with a limit of 10000 pending notifications and a limit of 10 traces.
=============================== ProofGrid start ===============================
ProofGrid usable level: 1
ProofGrid is starting event handling
2.0.Bm: Proofgrid shell started at 12040@rsg27.stanford.edu(local) jg_11688_rsg27.stanford.edu_3
2.0.Bm: clocks: 1, declared: 1, disabling: 0, posedge: 1, negedge: 0, noedge: 0, bothedge: 0
2.0.Bm: Trace Attempt  1	[0.03 s]
2.0.Bm: Trace Attempt  2	[0.05 s]
2.0.Bm: Trace Attempt  3	[0.08 s]
2.0.Bm: Trace Attempt  4	[0.10 s]
2.0.Bm: Trace Attempt  5	[0.13 s]
2.0.Bm: Trace Attempt 61	[4.17 s]
2.0.Bm: Trace Attempt 85	[8.32 s]
2.0.Bm: Trace Attempt 96	[12.47 s]
2.0.Bm: Trace Attempt 105	[16.67 s]
2.0.Bm: Trace Attempt 111	[21.30 s]
2.0.Bm: Trace Attempt 113	[22.82 s]
2.0.Bm: A trace with 113 cycles was found. [24.61 s]
INFO (IPF055): 2.0.Bm: A counterexample (cex) with 113 cycles was found for the property "aqed_top.assert_qed_match" in 24.68 s.
2.0.Bm: Next scan (0) will use per property time limit: 1s * 10 ^ 0 = 1s
2.0.Bm: All properties determined. [24.82 s]
2.0.Bm: Exited with Success (@ 24.84 s)
ProofGrid usable level: 0
ProofGrid usable level: 0
All pending notifications were processed.
INFO (IPF059): Completed proof on task: "<embedded>"
INFO: delete ampa start in Shell
INFO: delete ampa end in Shell
INFO: Waiting for proof threads to stop...
INFO: Proof threads stopped.
