2020-04-12 16:08:36.776970 (11675) main____ INFO    ----------------------------------------
2020-04-12 16:08:36.777121 (11675) main____ INFO    JasperGold version info
2020-04-12 16:08:36.777142 (11675) main____ INFO      tool      : JasperGold 2016.09
2020-04-12 16:08:36.777156 (11675) main____ INFO      version   : 2016.09p002 64 bits
2020-04-12 16:08:36.777166 (11675) main____ INFO      build date: 2016.11.28 18:08:37 PST
2020-04-12 16:08:36.777174 (11675) main____ INFO    ----------------------------------------
2020-04-12 16:08:36.777181 (11675) main____ INFO    Runtime info:
2020-04-12 16:08:36.777191 (11675) main____ INFO      platform  : Linux 3.10.0-957.21.3.el7.x86_64 x86_64
2020-04-12 16:08:36.777203 (11675) main____ INFO      hostname  : rsg27.stanford.edu
2020-04-12 16:08:36.777211 (11675) main____ INFO      pid       : 11675
2020-04-12 16:08:36.777220 (11675) main____ INFO      arguments : '-style' 'windows' '-tcl' 'jasper.tcl'
2020-04-12 16:08:36.777227 (11675) main____ INFO    ----------------------------------------
2020-04-12 16:08:36.781759 (11675) lic__man INFO    Claim 'main' for <ui>.
2020-04-12 16:08:36.860959 (11675) lic_core INFO    (1) checking out 'jasper_interactive' ...
2020-04-12 16:08:36.879552 (11675) lic_core INFO    ... (1) checkout succeeded
2020-04-12 16:08:36.879690 (11675) lic__man INFO    Claim 'fpv' for <ui>.
2020-04-12 16:08:36.879734 (11675) lic_core INFO    (2) checking out 'jasper_fpv' ...
2020-04-12 16:08:36.892512 (11675) lic_core INFO    ... (2) checkout succeeded
2020-04-12 16:08:37.999528 (11675) lic__man INFO    Claim 'fpv' for <ui>.
2020-04-12 16:08:38.173106 (11675) lic__man INFO    Unclaim 'fpv' for <ui>.
2020-04-12 16:08:38.173191 (11675) lic__man INFO    Claim 'fpv' for <ui>.
2020-04-12 16:08:38.192176 (11675) session_ INFO    Starting analysis session with session id 'session_0' ...
2020-04-12 16:08:38.195174 (11675) session_ INFO    Analysis session with session id 'session_0' started (pid: 11688)
2020-04-12 16:08:43.319713 (11675) session_ INFO    Analysis session 'session_0' connected to the console (host: 172.24.74.60:34748)
2020-04-12 16:08:44.679691 (11675) lic__man INFO    Unclaim everything for 'session_0*'.
2020-04-12 16:09:48.423172 (11675) lic__man INFO    Claim 'fpv' for 'session_0'.
2020-04-12 16:09:52.372287 (11675) lic__man INFO    Unclaim everything for 'session_0/prove-0'.
2020-04-12 16:10:03.630617 (11675) lic__man INFO    Unclaim everything for 'session_0/prove-1'.
2020-04-12 16:10:12.593005 (11675) lic__man INFO    Unclaim everything for 'session_0*'.
2020-04-12 16:10:18.524774 (11675) lic__man INFO    Claim 'fpv' for 'session_0'.
2020-04-12 16:10:43.921295 (11675) lic__man INFO    Unclaim everything for 'session_0/prove-2'.
2020-04-12 16:14:06.543016 (11675) main____ INFO    About to exit: requested from GUI
2020-04-12 16:14:06.708572 (11675) main____ INFO    Exiting.
