2020-04-08 16:50:33.610933 (6918) main____ INFO    ----------------------------------------
2020-04-08 16:50:33.611115 (6918) main____ INFO    JasperGold version info
2020-04-08 16:50:33.611142 (6918) main____ INFO      tool      : JasperGold 2016.09
2020-04-08 16:50:33.611162 (6918) main____ INFO      version   : 2016.09p002 64 bits
2020-04-08 16:50:33.611174 (6918) main____ INFO      build date: 2016.11.28 18:08:37 PST
2020-04-08 16:50:33.611184 (6918) main____ INFO    ----------------------------------------
2020-04-08 16:50:33.611193 (6918) main____ INFO    Runtime info:
2020-04-08 16:50:33.611205 (6918) main____ INFO      platform  : Linux 3.10.0-957.21.3.el7.x86_64 x86_64
2020-04-08 16:50:33.611221 (6918) main____ INFO      hostname  : rsg20.stanford.edu
2020-04-08 16:50:33.611231 (6918) main____ INFO      pid       : 6918
2020-04-08 16:50:33.611242 (6918) main____ INFO      arguments : '-style' 'windows' '-tcl' 'jasper.tcl'
2020-04-08 16:50:33.611251 (6918) main____ INFO    ----------------------------------------
2020-04-08 16:50:33.614324 (6918) lic__man INFO    Claim 'main' for <ui>.
2020-04-08 16:50:33.619548 (6918) lic_core INFO    (1) checking out 'jasper_interactive' ...
2020-04-08 16:50:33.643626 (6918) lic_core INFO    ... (1) checkout succeeded
2020-04-08 16:50:33.643746 (6918) lic__man INFO    Claim 'fpv' for <ui>.
2020-04-08 16:50:33.643799 (6918) lic_core INFO    (2) checking out 'jasper_fpv' ...
2020-04-08 16:50:33.661958 (6918) lic_core INFO    ... (2) checkout succeeded
2020-04-08 16:50:34.295324 (6918) lic__man INFO    Claim 'fpv' for <ui>.
2020-04-08 16:50:34.450918 (6918) lic__man INFO    Unclaim 'fpv' for <ui>.
2020-04-08 16:50:34.450982 (6918) lic__man INFO    Claim 'fpv' for <ui>.
2020-04-08 16:50:34.482310 (6918) session_ INFO    Starting analysis session with session id 'session_0' ...
2020-04-08 16:50:34.486096 (6918) session_ INFO    Analysis session with session id 'session_0' started (pid: 6932)
2020-04-08 16:50:39.521914 (6918) session_ INFO    Analysis session 'session_0' connected to the console (host: 172.24.74.47:45668)
2020-04-08 16:50:42.481098 (6918) lic__man INFO    Unclaim everything for 'session_0*'.
2020-04-08 16:50:42.687718 (6918) lic__man INFO    Claim 'fpv' for 'session_0'.
2020-04-08 16:50:46.009030 (6918) lic__man INFO    Unclaim everything for 'session_0/prove-0'.
2020-04-08 16:50:57.524366 (6918) main____ INFO    About to exit: requested from GUI
2020-04-08 16:50:57.672333 (6918) main____ INFO    Exiting.
