2020-04-08 16:41:28.579468 (2201) main____ INFO    ----------------------------------------
2020-04-08 16:41:28.579664 (2201) main____ INFO    JasperGold version info
2020-04-08 16:41:28.579696 (2201) main____ INFO      tool      : JasperGold 2016.09
2020-04-08 16:41:28.579720 (2201) main____ INFO      version   : 2016.09p002 64 bits
2020-04-08 16:41:28.579736 (2201) main____ INFO      build date: 2016.11.28 18:08:37 PST
2020-04-08 16:41:28.579748 (2201) main____ INFO    ----------------------------------------
2020-04-08 16:41:28.579760 (2201) main____ INFO    Runtime info:
2020-04-08 16:41:28.579775 (2201) main____ INFO      platform  : Linux 3.10.0-957.21.3.el7.x86_64 x86_64
2020-04-08 16:41:28.579794 (2201) main____ INFO      hostname  : rsg20.stanford.edu
2020-04-08 16:41:28.579807 (2201) main____ INFO      pid       : 2201
2020-04-08 16:41:28.579820 (2201) main____ INFO      arguments : '-style' 'windows' '-tcl' 'jasper.tcl'
2020-04-08 16:41:28.579831 (2201) main____ INFO    ----------------------------------------
2020-04-08 16:41:28.582406 (2201) lic__man INFO    Claim 'main' for <ui>.
2020-04-08 16:41:28.587899 (2201) lic_core INFO    (1) checking out 'jasper_interactive' ...
2020-04-08 16:41:28.607376 (2201) lic_core INFO    ... (1) checkout succeeded
2020-04-08 16:41:28.607495 (2201) lic__man INFO    Claim 'fpv' for <ui>.
2020-04-08 16:41:28.607546 (2201) lic_core INFO    (2) checking out 'jasper_fpv' ...
2020-04-08 16:41:28.627008 (2201) lic_core INFO    ... (2) checkout succeeded
2020-04-08 16:41:29.435210 (2201) lic__man INFO    Claim 'fpv' for <ui>.
2020-04-08 16:41:29.485130 (2201) lic__man INFO    Unclaim 'fpv' for <ui>.
2020-04-08 16:41:29.485165 (2201) lic__man INFO    Claim 'fpv' for <ui>.
2020-04-08 16:41:29.502725 (2201) session_ INFO    Starting analysis session with session id 'session_0' ...
2020-04-08 16:41:29.504940 (2201) session_ INFO    Analysis session with session id 'session_0' started (pid: 2216)
2020-04-08 16:41:34.360165 (2201) session_ INFO    Analysis session 'session_0' connected to the console (host: 172.24.74.47:37058)
2020-04-08 16:41:36.495121 (2201) lic__man INFO    Unclaim everything for 'session_0*'.
2020-04-08 16:41:36.688319 (2201) lic__man INFO    Claim 'fpv' for 'session_0'.
2020-04-08 16:41:40.262708 (2201) lic__man INFO    Unclaim everything for 'session_0/prove-0'.
2020-04-08 16:41:53.760756 (2201) main____ INFO    About to exit: requested from GUI
2020-04-08 16:41:53.920360 (2201) main____ INFO    Exiting.
