

================================================================
== Vivado HLS Report for 'aqed_in'
================================================================
* Date:           Fri Apr 10 08:58:59 2020

* Version:        2018.2 (Build 2258646 on Thu Jun 14 20:25:20 MDT 2018)
* Project:        aqed_aes
* Solution:       buf4
* Product family: aartix7
* Target device:  xa7a12tcsg325-1q


================================================================
== Performance Estimates
================================================================
+ Timing (ns): 
    * Summary: 
    +--------+-------+----------+------------+
    |  Clock | Target| Estimated| Uncertainty|
    +--------+-------+----------+------------+
    |ap_clk  |  50.00|     6.348|        6.25|
    +--------+-------+----------+------------+

+ Latency (clock cycles): 
    * Summary: 
    +-----+-----+-----+-----+---------+
    |  Latency  |  Interval | Pipeline|
    | min | max | min | max |   Type  |
    +-----+-----+-----+-----+---------+
    |    4|   18|    4|   18|   none  |
    +-----+-----+-----+-----+---------+

    + Detail: 
        * Instance: 
        N/A

        * Loop: 
        N/A



================================================================
== Utilization Estimates
================================================================
* Summary: 
+-----------------+---------+-------+-------+------+
|       Name      | BRAM_18K| DSP48E|   FF  |  LUT |
+-----------------+---------+-------+-------+------+
|DSP              |        -|      -|      -|     -|
|Expression       |        -|      -|      0|   310|
|FIFO             |        -|      -|      -|     -|
|Instance         |        -|      -|      -|     -|
|Memory           |        1|      -|      0|     0|
|Multiplexer      |        -|      -|      -|   336|
|Register         |        -|      -|     99|     -|
+-----------------+---------+-------+-------+------+
|Total            |        1|      0|     99|   646|
+-----------------+---------+-------+-------+------+
|Available        |       40|     40|  16000|  8000|
+-----------------+---------+-------+-------+------+
|Utilization (%)  |        2|      0|   ~0  |     8|
+-----------------+---------+-------+-------+------+

+ Detail: 
    * Instance: 
    N/A

    * DSP48: 
    N/A

    * Memory: 
    +---------------+---------------------+---------+---+----+------+-----+------+-------------+
    |     Memory    |        Module       | BRAM_18K| FF| LUT| Words| Bits| Banks| W*Bits*Banks|
    +---------------+---------------------+---------+---+----+------+-----+------+-------------+
    |state_key_V_U  |aqed_in_state_key_V  |        1|  0|   0|    32|    1|     1|           32|
    +---------------+---------------------+---------+---+----+------+-----+------+-------------+
    |Total          |                     |        1|  0|   0|    32|    1|     1|           32|
    +---------------+---------------------+---------+---+----+------+-----+------+-------------+

    * FIFO: 
    N/A

    * Expression: 
    +------------------------+----------+-------+---+----+------------+------------+
    |      Variable Name     | Operation| DSP48E| FF| LUT| Bitwidth P0| Bitwidth P1|
    +------------------------+----------+-------+---+----+------------+------------+
    |tmp_3_fu_559_p2         |     +    |      0|  0|  23|          16|           1|
    |issue_dup_V_fu_499_p2   |    and   |      0|  0|   8|           1|           1|
    |issue_orig_V_fu_320_p2  |    and   |      0|  0|   8|           1|           1|
    |or_cond1_fu_305_p2      |    and   |      0|  0|   8|           1|           1|
    |or_cond2_fu_331_p2      |    and   |      0|  0|   8|           1|           1|
    |or_cond_fu_366_p2       |    and   |      0|  0|   8|           1|           1|
    |sel_tmp11_fu_487_p2     |    and   |      0|  0|   8|           1|           1|
    |sel_tmp1_fu_414_p2      |    and   |      0|  0|   8|           1|           1|
    |sel_tmp3_fu_426_p2      |    and   |      0|  0|   8|           1|           1|
    |sel_tmp6_fu_449_p2      |    and   |      0|  0|   8|           1|           1|
    |sel_tmp8_fu_455_p2      |    and   |      0|  0|   8|           1|           1|
    |tmp1_fu_408_p2          |    and   |      0|  0|   8|           1|           1|
    |tmp2_fu_444_p2          |    and   |      0|  0|   8|           1|           1|
    |tmp_fu_402_p2           |    and   |      0|  0|   8|           1|           1|
    |grp_fu_242_p2           |   icmp   |      0|  0|  11|           8|           8|
    |tmp_6_fu_326_p2         |   icmp   |      0|  0|   8|           2|           1|
    |tmp_7_fu_345_p2         |   icmp   |      0|  0|  11|           8|           8|
    |tmp_8_fu_355_p2         |   icmp   |      0|  0|  11|           8|           8|
    |tmp_s_fu_253_p2         |   icmp   |      0|  0|   8|           2|           1|
    |brmerge_fu_384_p2       |    or    |      0|  0|   8|           1|           1|
    |p_0234_sum_fu_295_p2    |    or    |      0|  0|  10|           3|           1|
    |p_0265_sum_fu_285_p2    |    or    |      0|  0|  10|           3|           1|
    |p_0467_not_fu_378_p2    |    or    |      0|  0|   8|           1|           1|
    |sel_tmp10_fu_481_p2     |    or    |      0|  0|   8|           1|           1|
    |sel_tmp4_fu_432_p2      |    or    |      0|  0|   8|           1|           1|
    |tmp3_fu_469_p2          |    or    |      0|  0|   8|           1|           1|
    |tmp4_fu_475_p2          |    or    |      0|  0|   8|           1|           1|
    |sel_tmp9_fu_461_p3      |  select  |      0|  0|   2|           1|           1|
    |not_sel_tmp_fu_493_p2   |    xor   |      0|  0|   8|           1|           2|
    |or_cond1_not_fu_372_p2  |    xor   |      0|  0|   8|           1|           2|
    |sel_tmp2_fu_420_p2      |    xor   |      0|  0|   8|           1|           2|
    |sel_tmp5_fu_438_p2      |    xor   |      0|  0|   8|           1|           2|
    |sel_tmp7_fu_396_p2      |    xor   |      0|  0|   8|           1|           2|
    |sel_tmp_fu_390_p2       |    xor   |      0|  0|   8|           1|           2|
    |tmp_5_fu_314_p2         |    xor   |      0|  0|   8|           1|           2|
    |tmp_9_fu_360_p2         |    xor   |      0|  0|   8|           1|           2|
    +------------------------+----------+-------+---+----+------------+------------+
    |Total                   |          |      0|  0| 310|          78|          65|
    +------------------------+----------+-------+---+----+------------+------------+

    * Multiplexer: 
    +-----------------------+----+-----------+-----+-----------+
    |          Name         | LUT| Input Size| Bits| Total Bits|
    +-----------------------+----+-----------+-----+-----------+
    |ap_NS_fsm              |  97|         20|    1|         20|
    |bmc_in_address0        |  21|          4|    4|         16|
    |bmc_in_address1        |  21|          4|    4|         16|
    |reg_248                |   9|          2|    8|         16|
    |state_dup_issued_V_o   |   9|          2|    1|          2|
    |state_key_V_address0   |  85|         17|    5|         85|
    |state_key_V_address1   |  85|         17|    5|         85|
    |state_orig_issued_V_o  |   9|          2|    1|          2|
    +-----------------------+----+-----------+-----+-----------+
    |Total                  | 336|         68|   29|        242|
    +-----------------------+----+-----------+-----+-----------+

    * Register: 
    +------------------------------+----+----+-----+-----------+
    |             Name             | FF | LUT| Bits| Const Bits|
    +------------------------------+----+----+-----+-----------+
    |ap_CS_fsm                     |  19|   0|   19|          0|
    |bmc_in_load_5_reg_591         |   8|   0|    8|          0|
    |bmc_in_load_6_reg_617         |   8|   0|    8|          0|
    |issue_dup_V_reg_641           |   1|   0|    1|          0|
    |issue_orig_V_reg_637          |   1|   0|    1|          0|
    |r_V_1_reg_607                 |   2|   0|    3|          1|
    |r_V_reg_597                   |   2|   0|    3|          1|
    |reg_248                       |   8|   0|    8|          0|
    |state_in_count_V              |  16|   0|   16|          0|
    |state_in_count_V_loa_reg_645  |  16|   0|   16|          0|
    |state_orig_val_V_0            |   8|   0|    8|          0|
    |state_orig_val_V_1            |   8|   0|    8|          0|
    |tmp_1_reg_622                 |   1|   0|    1|          0|
    |tmp_s_reg_586                 |   1|   0|    1|          0|
    +------------------------------+----+----+-----+-----------+
    |Total                         |  99|   0|  101|          2|
    +------------------------------+----+----+-----+-----------+



================================================================
== Interface
================================================================
* Summary: 
+------------------------------+-----+-----+------------+---------------------+--------------+
|           RTL Ports          | Dir | Bits|  Protocol  |    Source Object    |    C Type    |
+------------------------------+-----+-----+------------+---------------------+--------------+
|ap_clk                        |  in |    1| ap_ctrl_hs |       aqed_in       | return value |
|ap_rst                        |  in |    1| ap_ctrl_hs |       aqed_in       | return value |
|ap_start                      |  in |    1| ap_ctrl_hs |       aqed_in       | return value |
|ap_done                       | out |    1| ap_ctrl_hs |       aqed_in       | return value |
|ap_idle                       | out |    1| ap_ctrl_hs |       aqed_in       | return value |
|ap_ready                      | out |    1| ap_ctrl_hs |       aqed_in       | return value |
|bmc_in_address0               | out |    4|  ap_memory |        bmc_in       |     array    |
|bmc_in_ce0                    | out |    1|  ap_memory |        bmc_in       |     array    |
|bmc_in_q0                     |  in |    8|  ap_memory |        bmc_in       |     array    |
|bmc_in_address1               | out |    4|  ap_memory |        bmc_in       |     array    |
|bmc_in_ce1                    | out |    1|  ap_memory |        bmc_in       |     array    |
|bmc_in_q1                     |  in |    8|  ap_memory |        bmc_in       |     array    |
|orig_V                        |  in |    1|   ap_none  |        orig_V       |    scalar    |
|dup_V                         |  in |    1|   ap_none  |        dup_V        |    scalar    |
|orig_idx_V                    |  in |    2|   ap_none  |      orig_idx_V     |    scalar    |
|dup_idx_V                     |  in |    2|   ap_none  |      dup_idx_V      |    scalar    |
|state_orig_issued_V_i         |  in |    1|   ap_ovld  | state_orig_issued_V |    pointer   |
|state_orig_issued_V_o         | out |    1|   ap_ovld  | state_orig_issued_V |    pointer   |
|state_orig_issued_V_o_ap_vld  | out |    1|   ap_ovld  | state_orig_issued_V |    pointer   |
|state_dup_issued_V_i          |  in |    1|   ap_ovld  |  state_dup_issued_V |    pointer   |
|state_dup_issued_V_o          | out |    1|   ap_ovld  |  state_dup_issued_V |    pointer   |
|state_dup_issued_V_o_ap_vld   | out |    1|   ap_ovld  |  state_dup_issued_V |    pointer   |
|state_orig_in_V               | out |   16|   ap_vld   |   state_orig_in_V   |    pointer   |
|state_orig_in_V_ap_vld        | out |    1|   ap_vld   |   state_orig_in_V   |    pointer   |
|state_dup_in_V                | out |   16|   ap_vld   |    state_dup_in_V   |    pointer   |
|state_dup_in_V_ap_vld         | out |    1|   ap_vld   |    state_dup_in_V   |    pointer   |
|state_dup_idx_V               | out |    2|   ap_vld   |   state_dup_idx_V   |    pointer   |
|state_dup_idx_V_ap_vld        | out |    1|   ap_vld   |   state_dup_idx_V   |    pointer   |
|state_dup_val_V_0             | out |    8|   ap_vld   |  state_dup_val_V_0  |    pointer   |
|state_dup_val_V_0_ap_vld      | out |    1|   ap_vld   |  state_dup_val_V_0  |    pointer   |
|state_dup_val_V_1             | out |    8|   ap_vld   |  state_dup_val_V_1  |    pointer   |
|state_dup_val_V_1_ap_vld      | out |    1|   ap_vld   |  state_dup_val_V_1  |    pointer   |
+------------------------------+-----+-----+------------+---------------------+--------------+

