2020-04-15 20:59:33.958725 (32032) main____ INFO    ----------------------------------------
2020-04-15 20:59:33.958888 (32032) main____ INFO    JasperGold version info
2020-04-15 20:59:33.958913 (32032) main____ INFO      tool      : JasperGold 2016.09
2020-04-15 20:59:33.958929 (32032) main____ INFO      version   : 2016.09p002 64 bits
2020-04-15 20:59:33.958941 (32032) main____ INFO      build date: 2016.11.28 18:08:37 PST
2020-04-15 20:59:33.958950 (32032) main____ INFO    ----------------------------------------
2020-04-15 20:59:33.958958 (32032) main____ INFO    Runtime info:
2020-04-15 20:59:33.958970 (32032) main____ INFO      platform  : Linux 3.10.0-957.21.3.el7.x86_64 x86_64
2020-04-15 20:59:33.958983 (32032) main____ INFO      hostname  : rsg31.stanford.edu
2020-04-15 20:59:33.958993 (32032) main____ INFO      pid       : 32032
2020-04-15 20:59:33.959003 (32032) main____ INFO      arguments : '-style' 'windows' '-tcl' 'jasper.tcl'
2020-04-15 20:59:33.959011 (32032) main____ INFO    ----------------------------------------
2020-04-15 20:59:33.964892 (32032) lic__man INFO    Claim 'main' for <ui>.
2020-04-15 20:59:33.971771 (32032) lic_core INFO    (1) checking out 'jasper_interactive' ...
2020-04-15 20:59:33.997212 (32032) lic_core INFO    ... (1) checkout succeeded
2020-04-15 20:59:33.997417 (32032) lic__man INFO    Claim 'fpv' for <ui>.
2020-04-15 20:59:33.997475 (32032) lic_core INFO    (2) checking out 'jasper_fpv' ...
2020-04-15 20:59:34.017047 (32032) lic_core INFO    ... (2) checkout succeeded
2020-04-15 20:59:35.418360 (32032) lic__man INFO    Claim 'fpv' for <ui>.
2020-04-15 20:59:35.578139 (32032) lic__man INFO    Unclaim 'fpv' for <ui>.
2020-04-15 20:59:35.578202 (32032) lic__man INFO    Claim 'fpv' for <ui>.
2020-04-15 20:59:35.604780 (32032) session_ INFO    Starting analysis session with session id 'session_0' ...
2020-04-15 20:59:35.607297 (32032) session_ INFO    Analysis session with session id 'session_0' started (pid: 32045)
2020-04-15 20:59:40.555599 (32032) session_ INFO    Analysis session 'session_0' connected to the console (host: 172.24.74.88:38822)
2020-04-15 20:59:42.612315 (32032) lic__man INFO    Unclaim everything for 'session_0*'.
2020-04-15 20:59:48.685785 (32032) lic__man INFO    Claim 'fpv' for 'session_0'.
2020-04-15 20:59:55.356191 (32032) lic__man INFO    Unclaim everything for 'session_0/prove-0'.
2020-04-15 21:09:10.543434 (32032) lic__man INFO    Entering idle state.
