#----------------------------------------
# JasperGold Version Info
# tool      : JasperGold 2016.09
# platform  : Linux 3.10.0-957.21.3.el7.x86_64
# version   : 2016.09p002 64 bits
# build date: 2016.11.28 18:08:41 PST
#----------------------------------------
# started Wed Apr 08 16:31:20 PDT 2020
# hostname  : rsg20.stanford.edu
# pid       : 32667
# arguments : '-label' 'session_0' '-console' 'rsg20.stanford.edu:42981' '-style' 'windows' '-use_native_tcl' '-proj' '/rsgs/pool0/Saranyu/aqed/memory_core_clean3/genesis_verif_step9_fifo/jgproject/sessionLogs/session_0' '-init' '-hidden' '/rsgs/pool0/Saranyu/aqed/memory_core_clean3/genesis_verif_step9_fifo/jgproject/.tmp/.initCmds.tcl' 'jasper.tcl'

Any disclosure about the Cadence Design Systems software or its use
model to any third party violates the written Non-Disclosure Agreement
between Cadence Design Systems, Inc. and the customer.

THIS SOFTWARE CONTAINS CONFIDENTIAL INFORMATION AND TRADE SECRETS OF
CADENCE DESIGN SYSTEMS, INC. USE, DISCLOSURE, OR REPRODUCTION IS
PROHIBITED WITHOUT THE PRIOR EXPRESS WRITTEN PERMISSION OF CADENCE
DESIGN SYSTEMS, INC.

Copyright (C) 2000-2016 Cadence Design Systems, Inc. All Rights
Reserved.  Unpublished -- rights reserved under the copyright laws of
the United States.

This product includes software developed by others and redistributed
according to license agreement. See doc/third_party_readme.txt for
further details.

RESTRICTED RIGHTS LEGEND

Use, duplication, or disclosure by the Government is subject to
restrictions as set forth in subparagraph (c) (1) (ii) of the Rights in
Technical Data and Computer Software clause at DFARS 252.227-7013 or
subparagraphs (c) (1) and (2) of Commercial Computer Software -- Restricted
Rights at 48 CFR 52.227-19, as applicable.


                          Cadence Design Systems, Inc. 
                          2655 Seely Avenue
                          San Jose, CA 95134
                          Phone: 408.943.1234

For technical assistance visit http://support.cadence.com.

JasperGold Apps Analysis Session - /rsgs/pool0/Saranyu/aqed/memory_core_clean3/genesis_verif_step9_fifo/jgproject/sessionLogs/session_0

INFO: successfully checked out licenses "jasper_interactive" and "jasper_fpv".
INFO: reading configuration file "/rsghome/saranyuc/.config/jasper/jaspergold.conf".
INFO (IPL003): This JasperGold instance uses a new interpreter implementation for Tcl evaluation.
    Launch JasperGold using the "-use_jtcl" command-line switch to restore it to the old implementation.
% 
% analyze -sv09 -f memory_core.flist mem_core_top_1.sv
[-- (VERI-1482)] Analyzing Verilog file /hd/cad/cadence/JASPERGOLD16.09.002.lnx86/lib/verilog/packages/std/std.sv into library std
[-- (VERI-1482)] Analyzing Verilog file ./doublebuffer_control_unq1.sv
[-- (VERI-1482)] Analyzing Verilog file ./fifo_control_unq1.sv
[-- (VERI-1482)] Analyzing Verilog file ./linebuffer_control_unq1.sv
[-- (VERI-1482)] Analyzing Verilog file ./memory_core.sv
[-- (VERI-1482)] Analyzing Verilog file ./mem_unq1.v
[-- (VERI-1482)] Analyzing Verilog file ./sram_control_unq1.sv
[-- (VERI-1482)] Analyzing Verilog file ./sram_stub_unq1.v
[-- (VERI-1482)] Analyzing Verilog file ./aqed.v
[-- (VERI-1482)] Analyzing Verilog file ./mem_core_top_1.sv
[-- (VERI-1482)] Analyzing Verilog file ./concat_rtl.v
[-- (VERI-1482)] Analyzing Verilog file mem_core_top_1.sv
[WARN (VERI-1206)] mem_core_top_1.sv(203): overwriting previous definition of module mem_core_top
[INFO (VERI-2142)] mem_core_top_1.sv(203): previous definition of module mem_core_top is here
% elaborate -disable_auto_bbox -top mem_core_top
INFO (ISW003): Top module name is "mem_core_top".
[WARN (VERI-1927)] mem_core_top_1.sv(138): port full remains unconnected for this instance
[WARN (VERI-1927)] mem_core_top_1.sv(141): port original_rsc_dat remains unconnected for this instance
[INFO (VERI-1018)] mem_core_top_1.sv(7): compiling module mem_core_top
[INFO (VERI-1018)] ./memory_core.sv(62): compiling module memory_core
[INFO (VERI-1018)] ./linebuffer_control_unq1.sv(55): compiling module linebuffer_control_unq1
[WARN (VERI-1209)] ./linebuffer_control_unq1.sv(87): expression size 32 truncated to fit in target size 1
[WARN (VERI-1330)] ./memory_core.sv(452): actual bit length 16 differs from formal bit length 13 for port depth
[INFO (VERI-1018)] ./fifo_control_unq1.sv(55): compiling module fifo_control_unq1
[INFO (VERI-1018)] ./sram_control_unq1.sv(56): compiling module sram_control_unq1
[INFO (VERI-1018)] ./doublebuffer_control_unq1.sv(58): compiling module doublebuffer_control_unq1
[WARN (VERI-1209)] ./doublebuffer_control_unq1.sv(159): expression size 17 truncated to fit in target size 16
[WARN (VERI-1209)] ./doublebuffer_control_unq1.sv(233): expression size 16 truncated to fit in target size 9
[WARN (VERI-1209)] ./doublebuffer_control_unq1.sv(234): expression size 16 truncated to fit in target size 9
[WARN (VERI-1209)] ./doublebuffer_control_unq1.sv(244): expression size 32 truncated to fit in target size 16
[WARN (VERI-1209)] ./doublebuffer_control_unq1.sv(286): expression size 32 truncated to fit in target size 1
[WARN (VERI-1209)] ./doublebuffer_control_unq1.sv(379): expression size 32 truncated to fit in target size 16
[WARN (VERI-1330)] ./memory_core.sv(535): actual bit length 16 differs from formal bit length 13 for port depth
[INFO (VERI-1018)] ./mem_unq1.v(53): compiling module mem_unq1
[INFO (VERI-1018)] ./sram_stub_unq1.v(54): compiling module sram_stub_unq1
[WARN (VERI-1330)] mem_core_top_1.sv(114): actual bit length 16 differs from formal bit length 32 for port stencil_width
[WARN (VERI-1330)] mem_core_top_1.sv(116): actual bit length 16 differs from formal bit length 32 for port starting_addr
[WARN (VERI-1330)] mem_core_top_1.sv(118): actual bit length 4 differs from formal bit length 32 for port dimensionality
[WARN (VERI-1330)] mem_core_top_1.sv(119): actual bit length 16 differs from formal bit length 32 for port stride_0
[WARN (VERI-1330)] mem_core_top_1.sv(120): actual bit length 16 differs from formal bit length 32 for port stride_1
[WARN (VERI-1330)] mem_core_top_1.sv(121): actual bit length 16 differs from formal bit length 32 for port stride_2
[WARN (VERI-1330)] mem_core_top_1.sv(122): actual bit length 16 differs from formal bit length 32 for port stride_3
[WARN (VERI-1330)] mem_core_top_1.sv(123): actual bit length 16 differs from formal bit length 32 for port stride_4
[WARN (VERI-1330)] mem_core_top_1.sv(124): actual bit length 16 differs from formal bit length 32 for port stride_5
[WARN (VERI-9028)] mem_core_top_1.sv(138): missing/open ports on instance DUT of module memory_core
[INFO (VERI-1018)] ./concat_rtl.v(496): compiling module aqed_top
[INFO (VERI-1018)] ./concat_rtl.v(87): compiling module aqed_top_core
[INFO (VERI-1018)] ./concat_rtl.v(21): compiling module ccs_in_v1:(rscid=32'sb01,width=32'sb010000)
[INFO (VERI-1018)] ./concat_rtl.v(21): compiling module ccs_in_v1:(rscid=32'sb010,width=32'sb01)
[INFO (VERI-1018)] ./concat_rtl.v(21): compiling module ccs_in_v1:(rscid=32'sb011,width=32'sb01)
[INFO (VERI-1018)] ./concat_rtl.v(21): compiling module ccs_in_v1:(rscid=32'sb0100,width=32'sb01)
[INFO (VERI-1018)] ./concat_rtl.v(21): compiling module ccs_in_v1:(rscid=32'sb0101,width=32'sb01)
[INFO (VERI-1018)] ./concat_rtl.v(21): compiling module ccs_in_v1:(rscid=32'sb0110,width=32'sb01)
[INFO (VERI-1018)] ./concat_rtl.v(21): compiling module ccs_in_v1:(rscid=32'sb0111,width=32'sb010000)
[INFO (VERI-1018)] ./concat_rtl.v(21): compiling module ccs_in_v1:(rscid=32'sb01000,width=32'sb01)
[INFO (VERI-1018)] ./concat_rtl.v(21): compiling module ccs_in_v1:(rscid=32'sb01001,width=32'sb01)
[INFO (VERI-1018)] ./concat_rtl.v(54): compiling module ccs_out_v1:(rscid=32'sb01010,width=32'sb010000)
[INFO (VERI-1018)] ./concat_rtl.v(54): compiling module ccs_out_v1:(rscid=32'sb01011,width=32'sb01)
[INFO (VERI-1018)] ./concat_rtl.v(54): compiling module ccs_out_v1:(rscid=32'sb01100,width=32'sb01)
[INFO (VERI-1018)] ./concat_rtl.v(54): compiling module ccs_out_v1:(rscid=32'sb01101,width=32'sb01)
[INFO (VERI-1018)] ./concat_rtl.v(54): compiling module ccs_out_v1:(rscid=32'sb01110,width=32'sb01)
[INFO (VERI-1018)] ./concat_rtl.v(54): compiling module ccs_out_v1:(rscid=32'sb01111,width=32'sb01)
[WARN (VERI-9028)] mem_core_top_1.sv(141): missing/open ports on instance aqed of module aqed_top
[WARN (VERI-1209)] mem_core_top_1.sv(151): expression size 32 truncated to fit in target size 17
[WARN (VERI-1209)] mem_core_top_1.sv(152): expression size 32 truncated to fit in target size 17
[INFO (VERI-8000)] mem_core_top_1.sv(172): Creating net aqed.seq_pointer
[INFO (VERI-8000)] mem_core_top_1.sv(176): Creating net aqed.insert_cond
[INFO (VERI-8000)] mem_core_top_1.sv(180): Creating net aqed.delete_cond
[WARN (VERI-1209)] mem_core_top_1.sv(194): expression size 32 truncated to fit in target size 16
[WARN (VERI-1209)] mem_core_top_1.sv(196): expression size 32 truncated to fit in target size 16
[WARN (VDB-1002)] ./memory_core.sv(246): net gclk does not have a driver
[WARN (VDB-1002)] mem_core_top_1.sv(10): net stencil_width[15] does not have a driver
[WARN (VDB-1002)] mem_core_top_1.sv(11): net arbitrary_addr does not have a driver
[WARN (VDB-1002)] mem_core_top_1.sv(12): net starting_addr[15] does not have a driver
[WARN (VDB-1002)] mem_core_top_1.sv(13): net iter_cnt[31] does not have a driver
[WARN (VDB-1002)] mem_core_top_1.sv(14): net dimensionality[3] does not have a driver
[WARN (VDB-1002)] mem_core_top_1.sv(16): net stride_0[15] does not have a driver
[WARN (VDB-1002)] mem_core_top_1.sv(17): net stride_1[15] does not have a driver
[WARN (VDB-1002)] mem_core_top_1.sv(18): net stride_2[15] does not have a driver
[WARN (VDB-1002)] mem_core_top_1.sv(19): net stride_3[15] does not have a driver
[WARN (VDB-1002)] mem_core_top_1.sv(20): net stride_4[15] does not have a driver
[WARN (VDB-1002)] mem_core_top_1.sv(21): net stride_5[15] does not have a driver
[WARN (VDB-1002)] mem_core_top_1.sv(22): net range_0[31] does not have a driver
[WARN (VDB-1002)] mem_core_top_1.sv(23): net range_1[31] does not have a driver
[WARN (VDB-1002)] mem_core_top_1.sv(24): net range_2[31] does not have a driver
[WARN (VDB-1002)] mem_core_top_1.sv(25): net range_3[31] does not have a driver
[WARN (VDB-1002)] mem_core_top_1.sv(26): net range_4[31] does not have a driver
[WARN (VDB-1002)] mem_core_top_1.sv(27): net range_5[31] does not have a driver
[WARN (VDB-1002)] mem_core_top_1.sv(28): net circular_en does not have a driver
[WARN (VDB-1002)] mem_core_top_1.sv(29): net almost_count[3] does not have a driver
[WARN (VDB-1002)] mem_core_top_1.sv(30): net enable_chain does not have a driver
[WARN (VDB-1002)] mem_core_top_1.sv(31): net mode[1] does not have a driver
[WARN (VDB-1002)] mem_core_top_1.sv(32): net tile_en does not have a driver
[WARN (VDB-1002)] mem_core_top_1.sv(33): net chain_idx[3] does not have a driver
[WARN (VDB-1002)] mem_core_top_1.sv(34): net depth[15] does not have a driver
[WARN (VDB-1002)] mem_core_top_1.sv(43): net clk_en does not have a driver
[WARN (VDB-1002)] mem_core_top_1.sv(44): net flush does not have a driver
[WARN (VDB-1002)] mem_core_top_1.sv(46): net addr_in[15] does not have a driver
[WARN (VDB-1002)] mem_core_top_1.sv(47): net ren_in does not have a driver
[WARN (VDB-1002)] mem_core_top_1.sv(52): net chain_in[15] does not have a driver
[WARN (VDB-1002)] mem_core_top_1.sv(55): net chain_wen_in does not have a driver
[WARN (VDB-1002)] mem_core_top_1.sv(57): net switch_db does not have a driver
[WARN (VDB-1002)] mem_core_top_1.sv(64): net config_addr[31] does not have a driver
[WARN (VDB-1002)] mem_core_top_1.sv(65): net config_data[31] does not have a driver
[WARN (VDB-1002)] mem_core_top_1.sv(66): net config_read does not have a driver
[WARN (VDB-1002)] mem_core_top_1.sv(67): net config_write does not have a driver
[WARN (VDB-1002)] mem_core_top_1.sv(68): net config_en_sram[3] does not have a driver
[WARN (VDB-1013)] mem_core_top_1.sv(138): input port read_mode is not connected on this instance
[WARN (VDB-1013)] mem_core_top_1.sv(141): input port original_rsc_dat is not connected on this instance
[INFO] Beginning multiple driver analysis
[INFO] Finished multiple driver analysis
[INFO] Module Name mem_core_top
WARNING (WNL021): mem_core_top_1.sv(172): external reference "aqed.seq_pointer" remains unresolved and will be treated as a free net.
WARNING (WNL021): mem_core_top_1.sv(176): external reference "aqed.insert_cond" remains unresolved and will be treated as a free net.
WARNING (WNL021): mem_core_top_1.sv(180): external reference "aqed.delete_cond" remains unresolved and will be treated as a free net.
mem_core_top
[<embedded>] % clock clk
[<embedded>] % reset -expression reset
INFO (IPM031): Clearing proof results of all properties.
INFO (IRS006): Current reset condition is "reset".
[<embedded>] % set_engine_mode {Bm B}
[<embedded>] % prove -bg -property {<embedded>::mem_core_top.assert_qed_match}
INFO (IPF031): Settings used for this proof:
    time_limit                    = 86400s
    per_property_time_limit       = 1s * 10 ^ scan
    engine_mode                   = Bm B 
    proofgrid_per_engine_max_jobs = 1
    max engine jobs               = Bm B, total 2
    proofgrid_mode                = local
    proofgrid_restarts            = 10
background (thread 0)
INFO (IPF036): Starting proof on task: "<embedded>", 1 properties to prove with 0 already proven/unreachable
[<embedded>] % 
INFO (IRS029): Starting reset analysis: phase 1 of 4.
INFO (IRS030): Running reset analysis phase 2 of 4.
INFO (IRS031): Running reset analysis phase 3 of 4.
INFO (IRS020): Starting the reset analysis simulation with a limit of 100 iterations (phase 4 of 4).
INFO (IRS024): Reset iterations 0 to 4 analyzed.
INFO (IRS018): Reset analysis simulation executed for 3 iterations. Assigned values for 865 of 17299 design flops, 0 of 0 design latches, 9 of 9 internal elements.
WARNING (WPF042): A single property remains, and one of the engines "Ht", "Hts", "B", or "Bm" is already running. Ignoring "B".
Using multistage preprocessing
Starting reduce
Finished reduce in 0.146s
Performing Proof Simplification...
0.0.Bm: clocks: 2, declared: 1, disabling: 0, posedge: 2, negedge: 0, noedge: 0, bothedge: 0
0.0.Bm: Proof Simplification Iteration 1	[0.00 s]
0.0.Bm: Proof Simplification Iteration 2	[0.03 s]
0.0.Bm: Proof Simplification Iteration 3	[0.06 s]
Proof Simplification completed in 0.20 s
About to start centralized ProofGrid in its own thread with a limit of 10000 pending notifications and a limit of 10 traces.
=============================== ProofGrid start ===============================
ProofGrid usable level: 1
ProofGrid is starting event handling
0.0.Bm: Proofgrid shell started at 364@rsg20.stanford.edu(local) jg_32667_rsg20.stanford.edu_1
0.0.Bm: clocks: 1, declared: 1, disabling: 0, posedge: 1, negedge: 0, noedge: 0, bothedge: 0
0.0.Bm: Trace Attempt  1	[0.10 s]
0.0.Bm: Trace Attempt  2	[0.21 s]
0.0.Bm: Trace Attempt  3	[0.36 s]
0.0.Bm: Trace Attempt  4	[0.57 s]
0.0.Bm: Trace Attempt  5	[0.77 s]
Initiating shutdown of proof (@ 1.96 s)
0.0.Bm: Next scan (0) will use per property time limit: 1s * 10 ^ 0 = 1s
0.0.Bm: Trace Attempt  8	[1.39 s]
0.0.Bm: Interrupted. [2.02 s]
0.0.Bm: Exited with Success (@ 2.03 s)
ProofGrid usable level: 0
ProofGrid usable level: 0
All pending notifications were processed.
INFO (IPM007): "prove" command stopped.
[<embedded>] % set_engine_mode {Hp Ht Bm J Q3 U L R B K AB D I AD M N AM G C AG G2 C2 Hps Hts Tri}
[<embedded>] % prove -bg -all
INFO (IPF031): Settings used for this proof:
    time_limit                    = 86400s
    per_property_time_limit       = 1s * 10 ^ scan
    engine_mode                   = Hp Ht Bm J Q3 U L R B K AB D I AD M N AM G C AG G2 C2 Hps Hts Tri 
    proofgrid_per_engine_max_jobs = 1
    max engine jobs               = Hp Ht Bm J Q3 U L R B K AB D I AD M N AM G C AG G2 C2 Hps Hts Tri, total 25
    proofgrid_mode                = local
    proofgrid_restarts            = 10
background (thread 1)
INFO (IPF036): Starting proof on task: "<embedded>", 7 properties to prove with 0 already proven/unreachable
Using multistage preprocessing
Starting reduce
Finished reduce in 0.148s
Performing Proof Simplification...
1.0.Hp: clocks: 2, declared: 1, disabling: 0, posedge: 2, negedge: 0, noedge: 0, bothedge: 0
1.0.Hp: Proof Simplification Iteration 1	[0.00 s]
1.0.Hp: Proof Simplification Iteration 2	[0.03 s]
1.0.Hp: Proof Simplification Iteration 3	[0.06 s]
Proof Simplification completed in 0.19 s
About to start centralized ProofGrid in its own thread with a limit of 10000 pending notifications and a limit of 10 traces.
=============================== ProofGrid start ===============================
ProofGrid usable level: 4294967295
ProofGrid is starting event handling
1.0.L: Proofgrid shell started at 432@rsg20.stanford.edu(local) jg_32667_rsg20.stanford.edu_2
1.0.G: Proofgrid shell started at 443@rsg20.stanford.edu(local) jg_32667_rsg20.stanford.edu_2
1.0.AB: Proofgrid shell started at 436@rsg20.stanford.edu(local) jg_32667_rsg20.stanford.edu_2
1.0.C: Proofgrid shell started at 444@rsg20.stanford.edu(local) jg_32667_rsg20.stanford.edu_2
1.0.Q3: Proofgrid shell started at 430@rsg20.stanford.edu(local) jg_32667_rsg20.stanford.edu_2
1.0.AM: Proofgrid shell started at 442@rsg20.stanford.edu(local) jg_32667_rsg20.stanford.edu_2
1.0.N: Proofgrid shell started at 441@rsg20.stanford.edu(local) jg_32667_rsg20.stanford.edu_2
1.0.G: clocks: 1, declared: 1, disabling: 0, posedge: 1, negedge: 0, noedge: 0, bothedge: 0
1.0.L: clocks: 1, declared: 1, disabling: 0, posedge: 1, negedge: 0, noedge: 0, bothedge: 0
1.0.B: Proofgrid shell started at 434@rsg20.stanford.edu(local) jg_32667_rsg20.stanford.edu_2
1.0.AM: clocks: 1, declared: 1, disabling: 0, posedge: 1, negedge: 0, noedge: 0, bothedge: 0
1.0.AB: clocks: 1, declared: 1, disabling: 0, posedge: 1, negedge: 0, noedge: 0, bothedge: 0
1.0.C: clocks: 1, declared: 1, disabling: 0, posedge: 1, negedge: 0, noedge: 0, bothedge: 0
1.0.G2: Proofgrid shell started at 446@rsg20.stanford.edu(local) jg_32667_rsg20.stanford.edu_2
1.0.Tri: Proofgrid shell started at 450@rsg20.stanford.edu(local) jg_32667_rsg20.stanford.edu_2
1.0.Q3: clocks: 1, declared: 1, disabling: 0, posedge: 1, negedge: 0, noedge: 0, bothedge: 0
1.0.N: clocks: 1, declared: 1, disabling: 0, posedge: 1, negedge: 0, noedge: 0, bothedge: 0
1.0.B: clocks: 1, declared: 1, disabling: 0, posedge: 1, negedge: 0, noedge: 0, bothedge: 0
1.0.AD: Proofgrid shell started at 439@rsg20.stanford.edu(local) jg_32667_rsg20.stanford.edu_2
1.0.G2: clocks: 1, declared: 1, disabling: 0, posedge: 1, negedge: 0, noedge: 0, bothedge: 0
1.0.Tri: clocks: 1, declared: 1, disabling: 0, posedge: 1, negedge: 0, noedge: 0, bothedge: 0
1.0.J: Proofgrid shell started at 429@rsg20.stanford.edu(local) jg_32667_rsg20.stanford.edu_2
1.0.Hts: Proofgrid shell started at 449@rsg20.stanford.edu(local) jg_32667_rsg20.stanford.edu_2
1.0.R: Proofgrid shell started at 433@rsg20.stanford.edu(local) jg_32667_rsg20.stanford.edu_2
1.0.AG: Proofgrid shell started at 445@rsg20.stanford.edu(local) jg_32667_rsg20.stanford.edu_2
1.0.U: Proofgrid shell started at 431@rsg20.stanford.edu(local) jg_32667_rsg20.stanford.edu_2
1.0.I: Proofgrid shell started at 438@rsg20.stanford.edu(local) jg_32667_rsg20.stanford.edu_2
1.0.Ht: Proofgrid shell started at 427@rsg20.stanford.edu(local) jg_32667_rsg20.stanford.edu_2
1.0.D: Proofgrid shell started at 437@rsg20.stanford.edu(local) jg_32667_rsg20.stanford.edu_2
1.0.M: Proofgrid shell started at 440@rsg20.stanford.edu(local) jg_32667_rsg20.stanford.edu_2
1.0.C2: Proofgrid shell started at 447@rsg20.stanford.edu(local) jg_32667_rsg20.stanford.edu_2
1.0.Bm: Proofgrid shell started at 428@rsg20.stanford.edu(local) jg_32667_rsg20.stanford.edu_2
1.0.AD: clocks: 1, declared: 1, disabling: 0, posedge: 1, negedge: 0, noedge: 0, bothedge: 0
1.0.Hp: Proofgrid shell started at 426@rsg20.stanford.edu(local) jg_32667_rsg20.stanford.edu_2
1.0.Hps: Proofgrid shell started at 448@rsg20.stanford.edu(local) jg_32667_rsg20.stanford.edu_2
1.0.Hts: clocks: 1, declared: 1, disabling: 0, posedge: 1, negedge: 0, noedge: 0, bothedge: 0
1.0.R: clocks: 1, declared: 1, disabling: 0, posedge: 1, negedge: 0, noedge: 0, bothedge: 0
1.0.J: clocks: 1, declared: 1, disabling: 0, posedge: 1, negedge: 0, noedge: 0, bothedge: 0
1.0.K: Proofgrid shell started at 435@rsg20.stanford.edu(local) jg_32667_rsg20.stanford.edu_2
1.0.AG: clocks: 1, declared: 1, disabling: 0, posedge: 1, negedge: 0, noedge: 0, bothedge: 0
1.0.C2: clocks: 1, declared: 1, disabling: 0, posedge: 1, negedge: 0, noedge: 0, bothedge: 0
1.0.I: clocks: 1, declared: 1, disabling: 0, posedge: 1, negedge: 0, noedge: 0, bothedge: 0
1.0.U: clocks: 1, declared: 1, disabling: 0, posedge: 1, negedge: 0, noedge: 0, bothedge: 0
1.0.D: clocks: 1, declared: 1, disabling: 0, posedge: 1, negedge: 0, noedge: 0, bothedge: 0
1.0.Ht: clocks: 1, declared: 1, disabling: 0, posedge: 1, negedge: 0, noedge: 0, bothedge: 0
1.0.Bm: clocks: 1, declared: 1, disabling: 0, posedge: 1, negedge: 0, noedge: 0, bothedge: 0
1.0.M: clocks: 1, declared: 1, disabling: 0, posedge: 1, negedge: 0, noedge: 0, bothedge: 0
1.0.Hp: clocks: 1, declared: 1, disabling: 0, posedge: 1, negedge: 0, noedge: 0, bothedge: 0
1.0.Hps: clocks: 1, declared: 1, disabling: 0, posedge: 1, negedge: 0, noedge: 0, bothedge: 0
1.0.G: Next scan (0) will use per property time limit: 1s * 10 ^ 0 = 1s
1.0.G: Starting proof for property "mem_core_top.assert_response_bound"	[0.00 s].
1.0.K: clocks: 1, declared: 1, disabling: 0, posedge: 1, negedge: 0, noedge: 0, bothedge: 0
1.0.N: Next scan (0) will use per property time limit: 1s * 10 ^ 0 = 1s
1.0.N: Starting proof for property "mem_core_top.assert_response_bound"	[0.00 s].
1.0.G2: Next scan (0) will use per property time limit: 1s * 10 ^ 0 = 1s
1.0.G2: Starting proof for property "mem_core_top.assert_response_bound"	[0.00 s].
1.0.AM: Next scan (0) will use per property time limit: 1s * 10 ^ 0 = 1s
1.0.AM: Starting proof for property "mem_core_top.assert_response_bound"	[0.00 s].
1.0.C: Next scan (0) will use per property time limit: 1s * 10 ^ 0 = 1s
1.0.C: Starting proof for property "mem_core_top.assert_response_bound"	[0.00 s].
1.0.N: Trace Attempt  1	[0.02 s]
1.0.B: Next scan (0) will use per property time limit: 1s * 10 ^ 0 = 1s
1.0.B: Starting proof for property "mem_core_top.assert_response_bound"	[0.00 s].
1.0.Hts: Next scan (0) will use per property time limit: 1s * 10 ^ 0 = 1s
1.0.Hts: Starting proof for property "mem_core_top.assert_response_bound"	[0.00 s].
1.0.AB: Next scan (0) will use per property time limit: 1s * 10 ^ 0 = 1s
1.0.AB: Starting proof for property "mem_core_top.assert_response_bound"	[0.00 s].
1.0.L: Using trace diversification with seed 1 (0.05)
1.0.L: Using LRU state removal heuristic
1.0.Hts: Trace Attempt  1	[0.00 s]
1.0.Hts: Trace Attempt  2	[0.00 s]
1.0.Hts: Trace Attempt  3	[0.00 s]
1.0.Hts: Trace Attempt  4	[0.00 s]
1.0.Q3: Seed 7, 50%
1.0.Hts: Trace Attempt  5	[0.00 s]
1.0.AM: Trace Attempt  1	[0.01 s]
1.0.Q3: Restart 0, Seed 7, 50.0%
1.0.Q3: Trace Attempt  1	[0.07 s]
1.0.C2: Next scan (0) will use per property time limit: 1s * 10 ^ 0 = 1s
1.0.C2: Starting proof for property "mem_core_top.assert_response_bound"	[0.00 s].
1.0.B: Trace Attempt  1	[0.01 s]
1.0.Q3: Cycle 1, State Sig: 5cdb8f7c
1.0.N: Trace Attempt  1	[0.03 s]
1.0.B: Trace Attempt  2	[0.01 s]
1.0.N: Trace Attempt  2	[0.03 s]
1.0.B: Trace Attempt  3	[0.01 s]
1.0.AG: Next scan (0) will use per property time limit: 1s * 10 ^ 0 = 1s
1.0.AG: Starting proof for property "mem_core_top.assert_response_bound"	[0.00 s].
1.0.N: Trace Attempt  3	[0.03 s]
1.0.C: Trace Attempt  1	[0.02 s]
1.0.B: Trace Attempt  4	[0.01 s]
1.0.I: Next scan (0) will use per property time limit: 1s * 10 ^ 0 = 1s
1.0.I: Starting proof for property "mem_core_top.assert_response_bound"	[0.00 s].
1.0.AD: Next scan (0) will use per property time limit: 1s * 10 ^ 0 = 1s
1.0.AD: Starting proof for property "mem_core_top.assert_response_bound"	[0.00 s].
1.0.C2: Trace Attempt  1	[0.01 s]
1.0.B: Trace Attempt  5	[0.02 s]
1.0.AB: Trace Attempt  1	[0.02 s]
1.0.AG: Trace Attempt  1	[0.01 s]
1.0.N: Trace Attempt  3	[0.04 s]
1.0.AM: Trace Attempt  1	[0.03 s]
1.0.AM: Trace Attempt  2	[0.04 s]
1.0.Hps: Next scan (0) will use per property time limit: 1s * 10 ^ 0 = 1s
1.0.Hps: Starting proof for property "mem_core_top.assert_response_bound"	[0.00 s].
1.0.Q3: A trace with 1 cycles was found. [0.07 s]
INFO (IPF047): 1.0.Q3: The cover property "mem_core_top.cover_seq_10" was covered in 1 cycles in 0.16 s.
1.0.AB: Trace Attempt  1	[0.04 s]
1.0.AB: Trace Attempt  2	[0.04 s]
1.0.AB: Trace Attempt  3	[0.04 s]
1.0.AB: Trace Attempt  1	[0.04 s]
1.0.AB: Trace Attempt  2	[0.04 s]
1.0.D: Next scan (0) will use per property time limit: 1s * 10 ^ 0 = 1s
1.0.D: Starting proof for property "mem_core_top.assert_response_bound"	[0.00 s].
1.0.D: Trace Attempt  1	[0.02 s]
1.0.I: Trace Attempt  2	[0.01 s]
1.0.I: Trace Attempt  2	[0.03 s]
1.0.AD: Trace Attempt  1	[0.01 s]
1.0.AD: Trace Attempt  1	[0.03 s]
1.0.AD: Trace Attempt  2	[0.03 s]
1.0.M: Next scan (0) will use per property time limit: 1s * 10 ^ 0 = 1s
1.0.M: Starting proof for property "mem_core_top.assert_response_bound"	[0.00 s].
1.0.M: Trace Attempt  1	[0.01 s]
1.0.M: Trace Attempt  2	[0.01 s]
1.0.N: Trace Attempt  3	[0.06 s]
1.0.AM: Trace Attempt  3	[0.04 s]
1.0.C: Partitioning 2 assumptions over 32 inputs...
1.0.C2: Partitioning 2 assumptions over 32 inputs...
1.0.C2: Trace Attempt  3	[0.03 s]
1.0.Hps: Trace Attempt  1	[0.01 s]
1.0.Hps: Trace Attempt  2	[0.01 s]
1.0.Hps: Trace Attempt  3	[0.01 s]
1.0.Q3: Trace Attempt  2	[0.09 s]
1.0.Q3: Cycle 2, State Sig: cbdd9d62
1.0.K: Next scan (0) will use per property time limit: 1s * 10 ^ 0 = 1s
1.0.K: Starting proof for property "mem_core_top.assert_response_bound"	[0.00 s].
1.0.AB: Trace Attempt  3	[0.04 s]
1.0.AB: Trace Attempt  4	[0.04 s]
1.0.AB: Trace Attempt  5	[0.04 s]
1.0.D: Trace Attempt  2	[0.02 s]
1.0.AD: Trace Attempt  3	[0.03 s]
1.0.I: Trace Attempt  3	[0.03 s]
1.0.C: Trace Attempt  3	[0.05 s]
1.0.U: Seed 1
1.0.M: Trace Attempt  3	[0.02 s]
1.0.N: Trace Attempt  4	[0.07 s]
1.0.Q3: A trace with 2 cycles was found. There may exist shorter traces (as short as 1 cycles) [0.09 s]
INFO (IPF047): 1.0.Q3: The cover property "mem_core_top.cover_insert" was covered in 2 cycles in 0.22 s.
1.0.K: Trace Attempt  4	[0.02 s]
1.0.D: Trace Attempt  3	[0.03 s]
1.0.I: Trace Attempt  4	[0.04 s]
1.0.AD: Trace Attempt  1	[0.03 s]
1.0.AD: Trace Attempt  2	[0.03 s]
1.0.AD: Trace Attempt  3	[0.04 s]
1.0.AD: Trace Attempt  4	[0.04 s]
1.0.AD: Trace Attempt  5	[0.04 s]
1.0.AM: Trace Attempt  1	[0.06 s]
1.0.AM: Trace Attempt  2	[0.06 s]
1.0.AM: Trace Attempt  3	[0.07 s]
1.0.AM: Trace Attempt  4	[0.07 s]
1.0.AM: Trace Attempt  5	[0.07 s]
1.0.C: Trace Attempt  4	[0.06 s]
1.0.Q3: Trace Attempt  3	[0.12 s]
1.0.Tri: Next scan (0) will use per property time limit: 1s * 10 ^ 0 = 1s
1.0.Tri: Starting proof for property "mem_core_top.assert_response_bound"	[0.00 s].
1.0.Tri: Trace Attempt  1	[0.00 s]
1.0.N: Trace Attempt  3	[0.09 s]
1.0.C2: Trace Attempt  4	[0.06 s]
1.0.K: Trace Attempt  1	[0.04 s]
1.0.I: Trace Attempt  2	[0.05 s]
1.0.K: Trace Attempt  2	[0.04 s]
1.0.K: Trace Attempt  3	[0.04 s]
1.0.K: Trace Attempt  4	[0.04 s]
1.0.K: Trace Attempt  5	[0.04 s]
1.0.I: Trace Attempt  3	[0.06 s]
1.0.Q3: A trace with 3 cycles was found. There may exist shorter traces (as short as 1 cycles) [0.12 s]
INFO (IPF047): 1.0.Q3: The cover property "mem_core_top.cover_delete" was covered in 3 cycles in 0.27 s.
1.0.D: Trace Attempt  5	[0.05 s]
1.0.I: Trace Attempt  5	[0.07 s]
1.0.M: Trace Attempt  5	[0.05 s]
1.0.N: Trace Attempt  5	[0.10 s]
1.0.N: Trace Attempt  5	[0.12 s]
1.0.C: Partitioning 2 assumptions over 32 inputs...
1.0.AG: Partitioning 2 assumptions over 48 inputs...
1.0.C2: Partitioning 2 assumptions over 32 inputs...
1.0.Q3: Trace Attempt  4	[0.14 s]
1.0.Q3: Cycle 4, State Sig: ac2e0e3e
1.0.Q3: Trace Attempt  5	[0.14 s]
1.0.Q3: Cycle 8, State Sig: ffb75f43
1.0.K: Trace Attempt  1	[0.07 s]
1.0.I: Trace Attempt  5	[0.09 s]
1.0.K: Trace Attempt  2	[0.07 s]
1.0.K: Trace Attempt  3	[0.08 s]
1.0.K: Trace Attempt  4	[0.08 s]
1.0.K: Trace Attempt  5	[0.08 s]
1.0.Hps: Trace Attempt  4	[0.09 s]
1.0.N: Trace Attempt  3	[0.14 s]
1.0.I: Trace Attempt  2	[0.10 s]
1.0.I: Trace Attempt  3	[0.11 s]
1.0.L: Trace Attempt  1	[0.20 s]
1.0.Q3: Cycle 16, State Sig: 587cb479
1.0.Bm: Trace Attempt  1	[0.17 s]
1.0.AB: Trace Attempt  1	[0.16 s]
1.0.AG: Iteration  1	[0.02 s]
1.0.AB: Trace Attempt  2	[0.16 s]
1.0.AB: Trace Attempt  3	[0.16 s]
1.0.AG: Iteration  2	[0.02 s]
1.0.AB: Trace Attempt  4	[0.16 s]
1.0.AB: Trace Attempt  5	[0.16 s]
1.0.AG: Iteration  3	[0.02 s]
1.0.I: Trace Attempt  2	[0.15 s]
1.0.AG: Trace Attempt  1	[0.15 s]
1.0.AG: Trace Attempt  2	[0.15 s]
1.0.AD: Trace Attempt  2	[0.15 s]
1.0.AG: Trace Attempt  3	[0.16 s]
1.0.I: Trace Attempt  3	[0.16 s]
1.0.AG: Trace Attempt  4	[0.16 s]
1.0.AG: Trace Attempt  5	[0.16 s]
1.0.Hps: Trace Attempt  5	[0.15 s]
1.0.AD: Trace Attempt  3	[0.16 s]
1.0.AM: Trace Attempt  3	[0.19 s]
1.0.K: Trace Attempt  1	[0.16 s]
1.0.AM: Trace Attempt  5	[0.20 s]
1.0.Ht: Trace Attempt  1	[0.23 s]
1.0.Ht: Trace Attempt  2	[0.23 s]
1.0.I: Trace Attempt  5	[0.17 s]
1.0.Ht: Trace Attempt  3	[0.23 s]
1.0.K: Trace Attempt  2	[0.16 s]
1.0.K: Trace Attempt  3	[0.16 s]
1.0.K: Trace Attempt  4	[0.17 s]
1.0.N: Trace Attempt  3	[0.21 s]
1.0.K: Trace Attempt  5	[0.17 s]
1.0.AD: Trace Attempt  5	[0.18 s]
1.0.N: Trace Attempt  5	[0.22 s]
1.0.Ht: Trace Attempt  4	[0.25 s]
1.0.Ht: A trace with 4 cycles was found. [0.26 s]
INFO (IPF047): 1.0.Ht: The cover property "mem_core_top.assert_qed_match:precondition1" was covered in 4 cycles in 0.32 s.
1.0.Bm: A trace with 1 cycles was found. [0.12 s]
INFO (IPF047): 1.0.Bm: The cover property "mem_core_top.cover_delete" was covered in 1 cycles in 0.36 s.
1.0.Q3: Cycle 32, State Sig: c1f1fb29
1.0.Ht: Trace Attempt  5	[0.30 s]
1.0.Ht: Trace Attempt  6	[0.35 s]
1.0.Ht: A trace with 6 cycles was found. [0.35 s]
INFO (IPF047): 1.0.Ht: The cover property "mem_core_top.assert_response_bound:precondition1" was covered in 6 cycles in 0.44 s.
1.0.L: Trace Attempt  1	[0.42 s]
1.0.Bm: Trace Attempt  2	[0.41 s]
1.0.I: Trace Attempt  2	[0.38 s]
1.0.I: Trace Attempt  3	[0.39 s]
1.0.Ht: Trace Attempt  7	[0.45 s]
1.0.J: Trace Attempt  1	[0.45 s]
1.0.J: Trace Attempt  1	[0.46 s]
1.0.J: Trace Attempt  1	[0.46 s]
1.0.J: Trace Attempt  2	[0.46 s]
1.0.J: Trace Attempt  1	[0.46 s]
1.0.J: Trace Attempt  3	[0.46 s]
1.0.J: Trace Attempt  1	[0.46 s]
1.0.J: Trace Attempt  4	[0.46 s]
1.0.J: Trace Attempt  1	[0.46 s]
1.0.J: Trace Attempt  4	[0.47 s]
1.0.J: Trace Attempt  1	[0.47 s]
1.0.I: Trace Attempt  5	[0.41 s]
1.0.J: Trace Attempt  5	[0.47 s]
1.0.J: Trace Attempt  1	[0.47 s]
1.0.J: Trace Attempt  1	[0.47 s]
1.0.J: Trace Attempt  1	[0.48 s]
1.0.J: Trace Attempt  1	[0.49 s]
1.0.J: Trace Attempt  1	[0.50 s]
1.0.N: Trace Attempt  3	[0.49 s]
1.0.K: Trace Attempt  1	[0.45 s]
1.0.K: Trace Attempt  2	[0.45 s]
1.0.J: Trace Attempt  1	[0.52 s]
1.0.K: Trace Attempt  3	[0.45 s]
1.0.K: Trace Attempt  4	[0.45 s]
1.0.N: Trace Attempt  5	[0.50 s]
1.0.K: Trace Attempt  5	[0.46 s]
1.0.J: Trace Attempt  1	[0.55 s]
1.0.J: Trace Attempt  1	[0.60 s]
1.0.L: Trace Attempt  1	[0.63 s]
1.0.AG: Partitioning 2 assumptions over 14 inputs...
1.0.J: Trace Attempt  1	[0.66 s]
1.0.Q3: Cycle 64, State Sig: ecec6eea
1.0.U: Trace Attempt  1	[0.67 s]
1.0.Bm: Trace Attempt  3	[0.70 s]
1.0.C2: Partitioning 2 assumptions over 13 inputs...
1.0.J: Trace Attempt  1	[0.75 s]
1.0.L: Trace Attempt  1	[0.82 s]
1.0.C: Partitioning 2 assumptions over 13 inputs...
1.0.G: Partitioning 2 assumptions over 0 inputs...
1.0.J: Trace Attempt  1	[0.85 s]
1.0.G2: Partitioning 2 assumptions over 0 inputs...
1.0.J: Trace Attempt  1	[0.95 s]
1.0.L: Trace Attempt  2	[0.98 s]
1.0.Bm: Trace Attempt  4	[0.98 s]
1.0.U: Trace Attempt  2	[1.00 s]
1.0.Hts: Trace Attempt 14	[0.56 s]
1.0.Hts: Per property time limit expired (0.97 s) [0.97 s]
1.0.Hts: Stopped processing property "mem_core_top.assert_response_bound"	[0.97 s].
1.0.Hts: Starting proof for property "mem_core_top.assert_qed_match"	[0.00 s].
1.0.Hps: Stopped processing property "mem_core_top.assert_response_bound"	[0.95 s].
1.0.Hps: Starting proof for property "mem_core_top.assert_qed_match"	[0.00 s].
1.0.AG: Stopped processing property "mem_core_top.assert_response_bound"	[0.96 s].
1.0.AG: Starting proof for property "mem_core_top.assert_qed_match"	[0.00 s].
1.0.AD: Stopped processing property "mem_core_top.assert_response_bound"	[0.96 s].
1.0.K: Stopped processing property "mem_core_top.assert_response_bound"	[0.80 s].
1.0.K: Starting proof for property "mem_core_top.assert_qed_match"	[0.00 s].
1.0.AD: Starting proof for property "mem_core_top.assert_qed_match"	[0.00 s].
1.0.C: Stopped processing property "mem_core_top.assert_response_bound"	[0.98 s].
1.0.C: Starting proof for property "mem_core_top.assert_qed_match"	[0.00 s].
1.0.C2: Stopped processing property "mem_core_top.assert_response_bound"	[0.97 s].
1.0.C2: Starting proof for property "mem_core_top.assert_qed_match"	[0.00 s].
1.0.G2: Per property time limit expired (0.99 s) [0.99 s]
1.0.G2: Stopped processing property "mem_core_top.assert_response_bound"	[0.99 s].
1.0.G2: Starting proof for property "mem_core_top.assert_qed_match"	[0.00 s].
1.0.N: Stopped processing property "mem_core_top.assert_response_bound"	[0.99 s].
1.0.N: Starting proof for property "mem_core_top.assert_qed_match"	[0.00 s].
1.0.G: Stopped processing property "mem_core_top.assert_response_bound"	[1.00 s].
1.0.G: Starting proof for property "mem_core_top.assert_qed_match"	[0.00 s].
1.0.AM: Stopped processing property "mem_core_top.assert_response_bound"	[0.99 s].
1.0.AM: Starting proof for property "mem_core_top.assert_qed_match"	[0.00 s].
1.0.I: Stopped processing property "mem_core_top.assert_response_bound"	[0.96 s].
1.0.I: Starting proof for property "mem_core_top.assert_qed_match"	[0.00 s].
1.0.M: Stopped processing property "mem_core_top.assert_response_bound"	[0.81 s].
1.0.M: Starting proof for property "mem_core_top.assert_qed_match"	[0.00 s].
1.0.B: Stopped processing property "mem_core_top.assert_response_bound"	[0.98 s].
1.0.B: Starting proof for property "mem_core_top.assert_qed_match"	[0.00 s].
1.0.AB: Stopped processing property "mem_core_top.assert_response_bound"	[0.97 s].
1.0.AB: Starting proof for property "mem_core_top.assert_qed_match"	[0.00 s].
1.0.D: Stopped processing property "mem_core_top.assert_response_bound"	[0.81 s].
1.0.D: Starting proof for property "mem_core_top.assert_qed_match"	[0.00 s].
1.0.R:    0.04" ---- Attempting simultaneous proof of 7 remaining properties ----
1.0.AD: Trace Attempt  1	[0.01 s]
1.0.AG: Trace Attempt  1	[0.01 s]
1.0.C: Trace Attempt  1	[0.01 s]
1.0.AD: Trace Attempt  1	[0.02 s]
1.0.AD: Trace Attempt  2	[0.02 s]
1.0.AD: Trace Attempt  3	[0.02 s]
1.0.I: Trace Attempt  1	[0.02 s]
1.0.C: Partitioning 0 assumptions over 0 inputs...
1.0.C: Iteration  1	[0.02 s]
1.0.C: Iteration  2	[0.02 s]
1.0.C: Iteration  3	[0.02 s]
1.0.K: Trace Attempt  1	[0.03 s]
1.0.AD: Trace Attempt  1	[0.03 s]
1.0.AB: Trace Attempt  1	[0.03 s]
1.0.AD: Trace Attempt  2	[0.03 s]
1.0.AD: Trace Attempt  3	[0.03 s]
1.0.C2: Trace Attempt  1	[0.03 s]
1.0.AM: Trace Attempt  1	[0.03 s]
1.0.I: Trace Attempt  1	[0.03 s]
1.0.J: Trace Attempt  1	[1.05 s]
1.0.K: Trace Attempt  1	[0.04 s]
1.0.AM: Trace Attempt  1	[0.04 s]
1.0.AB: Trace Attempt  1	[0.04 s]
1.0.AM: Trace Attempt  2	[0.04 s]
1.0.AB: Trace Attempt  2	[0.04 s]
1.0.C2: Partitioning 0 assumptions over 0 inputs...
1.0.C2: Iteration  1	[0.04 s]
1.0.AB: Trace Attempt  3	[0.04 s]
1.0.C2: Iteration  2	[0.04 s]
1.0.AM: Trace Attempt  3	[0.04 s]
1.0.D: Trace Attempt  1	[0.04 s]
1.0.AB: Trace Attempt  1	[0.05 s]
1.0.AB: Trace Attempt  2	[0.05 s]
1.0.Tri:    0.08" ---- Launching main thread ----
1.0.AB: Trace Attempt  3	[0.05 s]
1.0.Tri: Stopped processing property "mem_core_top.assert_response_bound"	[0.80 s].
1.0.Tri: Starting proof for property "mem_core_top.assert_qed_match"	[0.00 s].
1.0.Tri: Trace Attempt  1	[0.00 s]
1.0.AG: Partitioning 0 assumptions over 0 inputs...
1.0.AM: Trace Attempt  1	[0.06 s]
1.0.AM: Trace Attempt  2	[0.06 s]
1.0.AM: Trace Attempt  3	[0.06 s]
1.0.M: Trace Attempt  1	[0.08 s]
1.0.B: Trace Attempt  1	[0.08 s]
1.0.I: Trace Attempt  2	[0.09 s]
1.0.AG: Iteration  1	[0.03 s]
1.0.AG: Iteration  2	[0.03 s]
1.0.AG: Iteration  3	[0.03 s]
1.0.D: Trace Attempt  2	[0.12 s]
1.0.AG: Trace Attempt  1	[0.12 s]
1.0.AG: Trace Attempt  2	[0.12 s]
1.0.AG: Trace Attempt  3	[0.12 s]
1.0.I: Trace Attempt  2	[0.14 s]
1.0.I: Trace Attempt  3	[0.14 s]
1.0.J: Trace Attempt  1	[1.16 s]
1.0.M: Trace Attempt  2	[0.14 s]
1.0.Hts: Trace Attempt  1	[0.16 s]
1.0.Hts: Trace Attempt  2	[0.16 s]
1.0.Hts: Trace Attempt  3	[0.16 s]
1.0.Hts: Trace Attempt  4	[0.18 s]
1.0.K: Trace Attempt  3	[0.19 s]
1.0.C: Trace Attempt  3	[0.20 s]
1.0.L: Trace Attempt  3	[1.25 s]
1.0.C2: Trace Attempt  3	[0.20 s]
1.0.N: Trace Attempt  3	[0.21 s]
1.0.Hts: Trace Attempt  5	[0.21 s]
1.0.AM: Trace Attempt  4	[0.24 s]
1.0.AB: Trace Attempt  4	[0.24 s]
1.0.K: Trace Attempt  1	[0.25 s]
1.0.K: Trace Attempt  2	[0.25 s]
1.0.K: Trace Attempt  3	[0.25 s]
1.0.K: Trace Attempt  4	[0.25 s]
1.0.J: Trace Attempt  1	[1.27 s]
1.0.AD: Trace Attempt  4	[0.26 s]
1.0.U: Trace Attempt  3	[1.27 s]
1.0.C: Partitioning 0 assumptions over 0 inputs...
1.0.B: Trace Attempt  2	[0.27 s]
1.0.C: Iteration  1	[0.27 s]
1.0.Bm: Trace Attempt  5	[1.29 s]
1.0.C: Iteration  2	[0.27 s]
1.0.AG: Trace Attempt  4	[0.28 s]
1.0.C2: Partitioning 0 assumptions over 0 inputs...
1.0.I: Trace Attempt  3	[0.29 s]
1.0.C2: Iteration  1	[0.28 s]
1.0.C2: Iteration  2	[0.28 s]
1.0.Hps: Trace Attempt  1	[0.30 s]
1.0.J: Trace Attempt  1	[1.39 s]
1.0.M: Trace Attempt  3	[0.37 s]
1.0.Tri:    0.47" ---- Launching abstraction thread ----
1.0.Tri:    0.48" ---- Launching multi-phase simplification thread ----
1.0.AB: Trace Attempt  5	[0.47 s]
1.0.U: Trace Attempt  4	[1.48 s]
1.0.J: Trace Attempt  1	[1.50 s]
1.0.AM: Trace Attempt  5	[0.48 s]
1.0.Hps: Trace Attempt  2	[0.48 s]
1.0.K: Trace Attempt  4	[0.50 s]
1.0.N: Trace Attempt  4	[0.50 s]
1.0.AD: Trace Attempt  5	[0.53 s]
1.0.D: Trace Attempt  3	[0.53 s]
1.0.L: Trace Attempt  4	[1.58 s]
1.0.Q3: Cycle 128, State Sig: 7fa644bb
1.0.Tri:    0.56" ---- Launching main thread ----
1.0.C2: Trace Attempt  4	[0.54 s]
1.0.C: Trace Attempt  4	[0.55 s]
1.0.B: Trace Attempt  3	[0.56 s]
1.0.AG: Trace Attempt  5	[0.56 s]
1.0.J: Trace Attempt  1	[1.61 s]
1.0.I: Trace Attempt  4	[0.60 s]
1.0.U: Trace Attempt  5	[1.69 s]
1.0.Tri:    0.71" ---- Launching abstraction thread ----
1.0.J: Trace Attempt  1	[1.72 s]
1.0.Tri:    0.73" ---- Launching multi-phase simplification thread ----
1.0.N: Trace Attempt  3	[0.71 s]
1.0.N: Trace Attempt  4	[0.72 s]
1.0.K: Trace Attempt  1	[0.73 s]
1.0.K: Trace Attempt  2	[0.74 s]
1.0.K: Trace Attempt  3	[0.74 s]
1.0.K: Trace Attempt  4	[0.74 s]
1.0.K: Trace Attempt  5	[0.75 s]
1.0.C2: Partitioning 0 assumptions over 0 inputs...
1.0.C: Partitioning 0 assumptions over 0 inputs...
1.0.J: Trace Attempt  1	[1.83 s]
1.0.Hps: Trace Attempt  3	[0.84 s]
1.0.B: Trace Attempt  4	[0.93 s]
1.0.J: Trace Attempt  1	[1.95 s]
1.0.Tri: Trace Attempt  2	[0.93 s]
1.0.Tri: Trace Attempt  3	[0.94 s]
1.0.Hts: Trace Attempt  8	[0.47 s]
1.0.Hts: Per property time limit expired (1.00 s) [1.00 s]
1.0.Hts: Stopped processing property "mem_core_top.assert_qed_match"	[1.00 s].
1.0.Hts: Next scan (1) will use per property time limit: 1s * 10 ^ 1 = 10s
1.0.Hts: Starting proof for property "mem_core_top.assert_response_bound"	[0.00 s].
1.0.Hts: Trace Attempt  1	[0.01 s]
1.0.Hts: Trace Attempt  2	[0.01 s]
1.0.Hts: Trace Attempt  3	[0.01 s]
1.0.Hts: Trace Attempt  4	[0.01 s]
1.0.Hts: Trace Attempt  5	[0.01 s]
1.0.Hps: Per property time limit expired (1.00 s) [1.01 s]
1.0.Hps: Stopped processing property "mem_core_top.assert_qed_match"	[1.01 s].
1.0.Hps: Next scan (1) will use per property time limit: 1s * 10 ^ 1 = 10s
1.0.Hps: Starting proof for property "mem_core_top.assert_response_bound"	[0.00 s].
1.0.AD: Stopped processing property "mem_core_top.assert_qed_match"	[1.02 s].
1.0.AD: Next scan (1) will use per property time limit: 1s * 10 ^ 1 = 10s
1.0.AD: Starting proof for property "mem_core_top.assert_response_bound"	[0.00 s].
1.0.AG: Stopped processing property "mem_core_top.assert_qed_match"	[1.02 s].
1.0.AG: Next scan (1) will use per property time limit: 1s * 10 ^ 1 = 10s
1.0.AG: Starting proof for property "mem_core_top.assert_response_bound"	[0.00 s].
1.0.AM: Stopped processing property "mem_core_top.assert_qed_match"	[1.02 s].
1.0.AM: Next scan (1) will use per property time limit: 1s * 10 ^ 1 = 10s
1.0.AM: Starting proof for property "mem_core_top.assert_response_bound"	[0.00 s].
1.0.AB: Stopped processing property "mem_core_top.assert_qed_match"	[1.02 s].
1.0.AB: Next scan (1) will use per property time limit: 1s * 10 ^ 1 = 10s
1.0.AB: Starting proof for property "mem_core_top.assert_response_bound"	[0.00 s].
1.0.AD: Trace Attempt  1	[0.02 s]
1.0.AG: Trace Attempt  1	[0.01 s]
1.0.AM: Trace Attempt  1	[0.01 s]
1.0.AB: Trace Attempt  1	[0.01 s]
1.0.C: Per property time limit expired (1.00 s) [1.05 s]
1.0.C: Stopped processing property "mem_core_top.assert_qed_match"	[1.05 s].
1.0.C: Next scan (1) will use per property time limit: 1s * 10 ^ 1 = 10s
1.0.C: Starting proof for property "mem_core_top.assert_response_bound"	[0.00 s].
1.0.J: Trace Attempt  1	[2.07 s]
1.0.AD: Trace Attempt  1	[0.04 s]
1.0.AM: Trace Attempt  1	[0.03 s]
1.0.AD: Trace Attempt  2	[0.04 s]
1.0.AM: Trace Attempt  2	[0.03 s]
1.0.D: Stopped processing property "mem_core_top.assert_qed_match"	[1.05 s].
1.0.D: Next scan (1) will use per property time limit: 1s * 10 ^ 1 = 10s
1.0.D: Starting proof for property "mem_core_top.assert_response_bound"	[0.00 s].
1.0.AB: Trace Attempt  1	[0.03 s]
1.0.AB: Trace Attempt  2	[0.03 s]
1.0.AB: Trace Attempt  3	[0.03 s]
1.0.AM: Trace Attempt  3	[0.03 s]
1.0.AB: Trace Attempt  1	[0.03 s]
1.0.AB: Trace Attempt  2	[0.03 s]
1.0.AB: Trace Attempt  3	[0.03 s]
1.0.L: Trace Attempt  1	[2.10 s]
1.0.AD: Trace Attempt  3	[0.04 s]
1.0.AB: Trace Attempt  4	[0.04 s]
1.0.AB: Trace Attempt  5	[0.04 s]
1.0.AD: Trace Attempt  1	[0.04 s]
1.0.AD: Trace Attempt  2	[0.05 s]
1.0.Hps: Trace Attempt  1	[0.05 s]
1.0.AD: Trace Attempt  3	[0.05 s]
1.0.AD: Trace Attempt  4	[0.05 s]
1.0.Hps: Trace Attempt  2	[0.06 s]
1.0.AD: Trace Attempt  5	[0.05 s]
1.0.R: Trace Attempt  1	[2.09 s]
1.0.Hps: Trace Attempt  3	[0.06 s]
1.0.R: Trace Attempt  2	[2.09 s]
1.0.I: Per property time limit expired (1.00 s) [1.07 s]
1.0.I: Stopped processing property "mem_core_top.assert_qed_match"	[1.08 s].
1.0.I: Next scan (1) will use per property time limit: 1s * 10 ^ 1 = 10s
1.0.I: Starting proof for property "mem_core_top.assert_response_bound"	[0.00 s].
1.0.AM: Trace Attempt  1	[0.05 s]
1.0.AM: Trace Attempt  2	[0.05 s]
1.0.AM: Trace Attempt  3	[0.06 s]
1.0.AM: Trace Attempt  4	[0.06 s]
1.0.AM: Trace Attempt  5	[0.06 s]
1.0.K: Per property time limit expired (1.00 s) [1.09 s]
1.0.K: Stopped processing property "mem_core_top.assert_qed_match"	[1.09 s].
1.0.K: Next scan (1) will use per property time limit: 1s * 10 ^ 1 = 10s
1.0.K: Starting proof for property "mem_core_top.assert_response_bound"	[0.00 s].
1.0.R:    1.12" ---- Attempting simultaneous proof of 2 remaining properties ----
1.0.AG: Partitioning 2 assumptions over 48 inputs...
1.0.M: Stopped processing property "mem_core_top.assert_qed_match"	[1.10 s].
1.0.M: Next scan (1) will use per property time limit: 1s * 10 ^ 1 = 10s
1.0.M: Starting proof for property "mem_core_top.assert_response_bound"	[0.00 s].
1.0.N: Per property time limit expired (1.00 s) [1.11 s]
1.0.N: Stopped processing property "mem_core_top.assert_qed_match"	[1.11 s].
1.0.N: Next scan (1) will use per property time limit: 1s * 10 ^ 1 = 10s
1.0.N: Starting proof for property "mem_core_top.assert_response_bound"	[0.00 s].
1.0.M: Trace Attempt  1	[0.01 s]
1.0.M: Trace Attempt  2	[0.01 s]
1.0.M: Trace Attempt  3	[0.02 s]
1.0.C2: Per property time limit expired (1.00 s) [1.14 s]
1.0.C2: Stopped processing property "mem_core_top.assert_qed_match"	[1.14 s].
1.0.C2: Next scan (1) will use per property time limit: 1s * 10 ^ 1 = 10s
1.0.C2: Starting proof for property "mem_core_top.assert_response_bound"	[0.00 s].
1.0.M: Trace Attempt  5	[0.04 s]
1.0.Hps: Trace Attempt  4	[0.14 s]
1.0.AB: Trace Attempt  1	[0.14 s]
1.0.AB: Trace Attempt  2	[0.14 s]
1.0.AB: Trace Attempt  3	[0.14 s]
1.0.AB: Trace Attempt  4	[0.15 s]
1.0.AB: Trace Attempt  5	[0.15 s]
1.0.J: Trace Attempt  1	[2.20 s]
1.0.AD: Trace Attempt  2	[0.17 s]
1.0.AG: Iteration  1	[0.03 s]
1.0.AG: Iteration  2	[0.03 s]
1.0.Tri: Per property time limit expired (1.00 s) [1.14 s]
1.0.Tri: Stopped processing property "mem_core_top.assert_qed_match"	[1.14 s].
1.0.Tri: Next scan (1) will use per property time limit: 1s * 10 ^ 1 = 10s
1.0.Tri: Starting proof for property "mem_core_top.assert_response_bound"	[0.00 s].
1.0.Tri: Trace Attempt  1	[0.00 s]
1.0.AG: Iteration  3	[0.03 s]
1.0.AM: Trace Attempt  3	[0.17 s]
1.0.AG: Trace Attempt  1	[0.17 s]
1.0.AD: Trace Attempt  3	[0.18 s]
1.0.AG: Trace Attempt  2	[0.17 s]
1.0.AG: Trace Attempt  3	[0.17 s]
1.0.AG: Trace Attempt  4	[0.18 s]
1.0.AG: Trace Attempt  5	[0.18 s]
1.0.AM: Trace Attempt  5	[0.18 s]
1.0.Tri: Trace Attempt  4	[0.02 s]
1.0.Hps: Trace Attempt  5	[0.20 s]
1.0.AD: Trace Attempt  5	[0.20 s]
1.0.B: Stopped processing property "mem_core_top.assert_qed_match"	[1.22 s].
1.0.B: Next scan (1) will use per property time limit: 1s * 10 ^ 1 = 10s
1.0.B: Starting proof for property "mem_core_top.assert_response_bound"	[0.00 s].
1.0.I: Trace Attempt  2	[0.15 s]
1.0.B: Trace Attempt  1	[0.01 s]
1.0.B: Trace Attempt  2	[0.02 s]
1.0.I: Trace Attempt  3	[0.16 s]
1.0.B: Trace Attempt  3	[0.02 s]
1.0.B: Trace Attempt  4	[0.02 s]
1.0.B: Trace Attempt  5	[0.03 s]
1.0.I: Trace Attempt  5	[0.18 s]
1.0.Tri:    1.29" ---- Launching main thread ----
1.0.K: Trace Attempt  1	[0.20 s]
1.0.K: Trace Attempt  2	[0.20 s]
1.0.K: Trace Attempt  3	[0.20 s]
1.0.K: Trace Attempt  4	[0.20 s]
1.0.K: Trace Attempt  5	[0.21 s]
1.0.J: Trace Attempt  1	[2.32 s]
1.0.Tri:    1.34" ---- Launching abstraction thread ----
1.0.Tri:    1.35" ---- Launching multi-phase simplification thread ----
1.0.N: Trace Attempt  3	[0.22 s]
1.0.N: Trace Attempt  5	[0.23 s]
1.0.Tri: Trace Attempt  5	[0.18 s]
1.0.J: Trace Attempt  1	[2.44 s]
1.0.C: Partitioning 2 assumptions over 13 inputs...
1.0.Tri:    1.53" Simplification phase 1 complete
1.0.J: Trace Attempt  1	[2.58 s]
1.0.C2: Partitioning 2 assumptions over 13 inputs...
1.0.AG: Partitioning 2 assumptions over 14 inputs...
1.0.Tri:    1.64" Simplification phase 2 complete
1.0.J: Trace Attempt  1	[2.73 s]
1.0.Tri:    1.85" Simplification phase 3 complete
   1.85" ---- Completed simplification thread ----
   1.85" ---- Restarting main thread on simplified netlist ----
1.0.Tri:    1.88" ---- Restarting abstraction thread on simplified netlist ----
1.0.J: Trace Attempt  1	[2.88 s]
1.0.J: Trace Attempt  1	[3.00 s]
1.0.L: Trace Attempt  2	[3.10 s]
1.0.R: Trace Attempt  1	[3.08 s]
1.0.R: Trace Attempt  2	[3.08 s]
1.0.R: Trace Attempt  3	[3.10 s]
1.0.R: Trace Attempt  4	[3.10 s]
1.0.R: Trace Attempt  5	[3.11 s]
1.0.J: Trace Attempt  1	[3.11 s]
1.0.R:    2.14" ---- Attempting simultaneous proof of 2 remaining properties ----
1.0.J: Trace Attempt  1	[3.22 s]
1.0.J: Trace Attempt  1	[3.33 s]
1.0.J: Trace Attempt  1	[3.46 s]
1.0.I: Trace Attempt  2	[1.44 s]
1.0.I: Trace Attempt  3	[1.44 s]
1.0.I: Trace Attempt  5	[1.47 s]
1.0.J: Trace Attempt  1	[3.58 s]
1.0.Q3: Trace Attempt 200	[3.44 s]
1.0.Q3: A sanity trace with 200 cycles was found. [3.44 s]
1.0.J: Trace Attempt  1	[3.71 s]
1.0.Q3: Restart 1, Seed 3d6ac7505b4d6a6c, 50.0%
1.0.Q3: Trace Attempt  1	[3.66 s]
1.0.Q3: A trace with 1 cycles was found. [0.09 s]
INFO (IPF047): 1.0.Q3: The cover property "mem_core_top.cover_insert" was covered in 1 cycles in 4.11 s.
1.0.Q3: Trace Attempt  2	[3.82 s]
1.0.AG: Iteration  1	[0.27 s]
1.0.J: Trace Attempt  1	[3.83 s]
1.0.Q3: Trace Attempt  3	[3.85 s]
1.0.Q3: Trace Attempt  4	[3.85 s]
1.0.Q3: Trace Attempt  5	[3.85 s]
1.0.J: Trace Attempt  1	[3.96 s]
1.0.R: Trace Attempt  1	[4.07 s]
1.0.R: Trace Attempt  2	[4.07 s]
1.0.J: Trace Attempt  1	[4.09 s]
1.0.R: Trace Attempt  3	[4.10 s]
1.0.R: Trace Attempt  4	[4.13 s]
1.0.R: Trace Attempt  5	[4.14 s]
1.0.R:    3.23" ---- Attempting simultaneous proof of 2 remaining properties ----
1.0.J: Trace Attempt  1	[4.21 s]
1.0.AG: Iteration  2	[0.27 s]
1.0.AG: Iteration  3	[0.27 s]
1.0.AG: Iteration  4	[0.27 s]
1.0.J: Trace Attempt  1	[4.35 s]
1.0.J: Trace Attempt  1	[4.48 s]
1.0.J: Trace Attempt  1	[4.61 s]
1.0.J: Trace Attempt  1	[4.73 s]
1.0.J: Trace Attempt  1	[4.86 s]
1.0.J: Trace Attempt  1	[4.99 s]
1.0.AG: Iteration  5	[0.27 s]
1.0.AG: Iteration  6	[0.27 s]
1.0.AG: Iteration  7	[0.27 s]
1.0.J: Trace Attempt  1	[5.12 s]
1.0.R: Trace Attempt  1	[5.15 s]
1.0.R: Trace Attempt  2	[5.15 s]
1.0.R: Trace Attempt  3	[5.17 s]
1.0.R: Trace Attempt  4	[5.23 s]
1.0.J: Trace Attempt  1	[5.25 s]
1.0.R: Trace Attempt  5	[5.31 s]
1.0.J: Trace Attempt  1	[5.38 s]
1.0.R:    4.52" ---- Attempting simultaneous proof of 2 remaining properties ----
1.0.J: Trace Attempt  1	[5.51 s]
1.0.J: Trace Attempt  1	[5.64 s]
1.0.L: Trace Attempt  3	[5.69 s]
1.0.J: Trace Attempt  1	[5.77 s]
1.0.J: Trace Attempt  1	[5.90 s]
1.0.U: Trace Attempt 20	[5.95 s]
1.0.AG: Iteration  8	[0.27 s]
1.0.J: Trace Attempt  1	[6.03 s]
1.0.AG: Iteration  9	[0.27 s]
1.0.AG: Iteration 10	[0.27 s]
1.0.J: Trace Attempt  1	[6.15 s]
1.0.Hps: Trace Attempt 16	[4.21 s]
1.0.J: Trace Attempt  1	[6.28 s]
1.0.AG: Trace Attempt 11	[4.27 s]
1.0.J: Trace Attempt  1	[6.40 s]
1.0.R: Trace Attempt  1	[6.43 s]
1.0.R: Trace Attempt  2	[6.43 s]
1.0.R: Trace Attempt  3	[6.45 s]
1.0.R: Trace Attempt  4	[6.51 s]
1.0.J: Trace Attempt  1	[6.53 s]
1.0.J: Trace Attempt  1	[6.65 s]
1.0.J: Trace Attempt  1	[6.78 s]
1.0.J: Trace Attempt  1	[6.90 s]
1.0.J: Trace Attempt  1	[7.03 s]
1.0.Tri: Trace Attempt 17	[4.82 s]
1.0.Hts: Trace Attempt 17	[5.08 s]
1.0.R: Trace Attempt  5	[7.10 s]
1.0.J: Trace Attempt  1	[7.16 s]
1.0.J: Trace Attempt  1	[7.29 s]
1.0.Q3: Restart 2, Seed 8039ff370aefafd0, 50.0%
1.0.Q3: Trace Attempt  1	[7.41 s]
1.0.J: Trace Attempt  1	[7.42 s]
1.0.Q3: Trace Attempt  2	[7.43 s]
1.0.Q3: Trace Attempt  3	[7.43 s]
1.0.Q3: Trace Attempt  4	[7.44 s]
1.0.Q3: Trace Attempt  5	[7.44 s]
1.0.M: Trace Attempt 10	[5.36 s]
1.0.J: Trace Attempt  1	[7.55 s]
1.0.J: Trace Attempt  1	[7.68 s]
1.0.Ht: Trace Attempt 10	[7.75 s]
1.0.AM: Trace Attempt 14	[5.75 s]
1.0.J: Trace Attempt  1	[7.82 s]
1.0.J: Trace Attempt  1	[7.95 s]
1.0.R:    6.96" ---- Attempting simultaneous proof of 2 remaining properties ----
1.0.J: Trace Attempt  1	[8.08 s]
1.0.J: Trace Attempt  1	[8.21 s]
1.0.L: Trace Attempt  4	[8.26 s]
1.0.J: Trace Attempt  1	[8.35 s]
1.0.J: Trace Attempt  1	[8.48 s]
1.0.J: Trace Attempt  1	[8.61 s]
1.0.K: Trace Attempt  1	[6.61 s]
1.0.K: Trace Attempt  2	[6.61 s]
1.0.K: Trace Attempt  3	[6.61 s]
1.0.K: Trace Attempt  4	[6.61 s]
1.0.K: Trace Attempt  5	[6.62 s]
1.0.J: Trace Attempt  1	[8.74 s]
1.0.J: Trace Attempt  1	[8.87 s]
1.0.C: Partitioning 2 assumptions over 12 inputs...
1.0.R: Trace Attempt  1	[8.98 s]
1.0.R: Trace Attempt  2	[8.98 s]
1.0.J: Trace Attempt  1	[9.00 s]
1.0.R: Trace Attempt  3	[9.00 s]
1.0.R: Trace Attempt  4	[9.08 s]
1.0.J: Trace Attempt  1	[9.13 s]
1.0.J: Trace Attempt  1	[9.25 s]
1.0.J: Trace Attempt  1	[9.38 s]
1.0.J: Trace Attempt  1	[9.50 s]
1.0.C2: Partitioning 2 assumptions over 12 inputs...
1.0.B: Trace Attempt 17	[7.33 s]
1.0.N: Trace Attempt  3	[7.49 s]
1.0.J: Trace Attempt  1	[9.62 s]
1.0.N: Trace Attempt  5	[7.50 s]
1.0.J: Trace Attempt  1	[9.75 s]
1.0.C: Iteration  1	[6.63 s]
1.0.J: Trace Attempt  1	[9.88 s]
1.0.Bm: Trace Attempt 10	[9.95 s]
1.0.J: Trace Attempt  1	[10.00 s]
1.0.R: Trace Attempt  5	[10.00 s]
1.0.J: Trace Attempt  1	[10.13 s]
1.0.U: Trace Attempt 33	[10.16 s]
1.0.J: Trace Attempt  1	[10.25 s]
1.0.J: Trace Attempt  1	[10.38 s]
1.0.C2: Iteration  1	[7.17 s]
1.0.AB: Trace Attempt 15	[8.41 s]
1.0.J: Trace Attempt  1	[10.50 s]
1.0.J: Trace Attempt  1	[10.63 s]
1.0.L: Trace Attempt  5	[10.69 s]
1.0.J: Trace Attempt  1	[10.75 s]
1.0.J: Trace Attempt  1	[10.88 s]
1.0.J: Trace Attempt  1	[11.00 s]
1.0.J: Trace Attempt  1	[11.12 s]
1.0.Q3: Restart 3, Seed 8b5c65424248d36f, 50.0%
1.0.Q3: Trace Attempt  1	[11.23 s]
1.0.Q3: Trace Attempt  2	[11.23 s]
1.0.Q3: Trace Attempt  3	[11.23 s]
1.0.Q3: Trace Attempt  4	[11.24 s]
1.0.Q3: Trace Attempt  5	[11.24 s]
1.0.C: Iteration  2	[6.63 s]
1.0.J: Trace Attempt  1	[11.25 s]
1.0.C: Iteration  3	[6.63 s]
1.0.Hts: Trace Attempt 18	[9.35 s]
1.0.J: Trace Attempt  1	[11.37 s]
1.0.J: Trace Attempt  1	[11.50 s]
1.0.AD: Trace Attempt 15	[9.51 s]
1.0.J: Trace Attempt  1	[11.62 s]
1.0.J: Trace Attempt  1	[11.75 s]
1.0.J: Trace Attempt  1	[11.87 s]
1.0.C2: Iteration  2	[7.17 s]
1.0.C2: Iteration  3	[7.17 s]
1.0.J: Trace Attempt  1	[12.00 s]
1.0.Hts: Per property time limit expired (10.00 s) [10.00 s]
1.0.Hts: Stopped processing property "mem_core_top.assert_response_bound"	[10.00 s].
1.0.Hts: Starting proof for property "mem_core_top.assert_qed_match"	[0.00 s].
1.0.Hps: Stopped processing property "mem_core_top.assert_response_bound"	[9.99 s].
1.0.Hps: Starting proof for property "mem_core_top.assert_qed_match"	[0.00 s].
1.0.K: Stopped processing property "mem_core_top.assert_response_bound"	[9.91 s].
1.0.K: Starting proof for property "mem_core_top.assert_qed_match"	[0.00 s].
1.0.AD: Stopped processing property "mem_core_top.assert_response_bound"	[9.98 s].
1.0.AD: Starting proof for property "mem_core_top.assert_qed_match"	[0.00 s].
1.0.AB: Stopped processing property "mem_core_top.assert_response_bound"	[9.97 s].
1.0.AB: Starting proof for property "mem_core_top.assert_qed_match"	[0.00 s].
1.0.AM: Stopped processing property "mem_core_top.assert_response_bound"	[9.98 s].
1.0.AM: Starting proof for property "mem_core_top.assert_qed_match"	[0.00 s].
1.0.C2: Stopped processing property "mem_core_top.assert_response_bound"	[9.86 s].
1.0.C2: Starting proof for property "mem_core_top.assert_qed_match"	[0.00 s].
1.0.C: Stopped processing property "mem_core_top.assert_response_bound"	[9.95 s].
1.0.C: Starting proof for property "mem_core_top.assert_qed_match"	[0.00 s].
1.0.N: Stopped processing property "mem_core_top.assert_response_bound"	[9.89 s].
1.0.N: Starting proof for property "mem_core_top.assert_qed_match"	[0.00 s].
1.0.B: Stopped processing property "mem_core_top.assert_response_bound"	[9.78 s].
1.0.B: Starting proof for property "mem_core_top.assert_qed_match"	[0.00 s].
1.0.M: Stopped processing property "mem_core_top.assert_response_bound"	[9.90 s].
1.0.M: Starting proof for property "mem_core_top.assert_qed_match"	[0.00 s].
1.0.D: Stopped processing property "mem_core_top.assert_response_bound"	[9.95 s].
1.0.D: Starting proof for property "mem_core_top.assert_qed_match"	[0.00 s].
1.0.AG: Stopped processing property "mem_core_top.assert_response_bound"	[9.99 s].
1.0.AG: Starting proof for property "mem_core_top.assert_qed_match"	[0.00 s].
1.0.AB: Trace Attempt  1	[0.01 s]
1.0.I: Stopped processing property "mem_core_top.assert_response_bound"	[9.94 s].
1.0.I: Starting proof for property "mem_core_top.assert_qed_match"	[0.00 s].
1.0.AB: Trace Attempt  1	[0.02 s]
1.0.AB: Trace Attempt  2	[0.02 s]
1.0.AB: Trace Attempt  3	[0.02 s]
1.0.AD: Trace Attempt  1	[0.03 s]
1.0.AB: Trace Attempt  1	[0.03 s]
1.0.AB: Trace Attempt  2	[0.03 s]
1.0.AB: Trace Attempt  3	[0.03 s]
1.0.AM: Trace Attempt  1	[0.03 s]
1.0.AD: Trace Attempt  1	[0.04 s]
1.0.AD: Trace Attempt  2	[0.04 s]
1.0.AM: Trace Attempt  1	[0.04 s]
1.0.AM: Trace Attempt  2	[0.04 s]
1.0.AM: Trace Attempt  3	[0.04 s]
1.0.AD: Trace Attempt  3	[0.04 s]
1.0.AM: Trace Attempt  1	[0.05 s]
1.0.AM: Trace Attempt  2	[0.05 s]
1.0.AM: Trace Attempt  3	[0.05 s]
1.0.AD: Trace Attempt  1	[0.05 s]
1.0.AD: Trace Attempt  2	[0.05 s]
1.0.AD: Trace Attempt  3	[0.06 s]
1.0.AG: Trace Attempt  1	[0.06 s]
1.0.M: Trace Attempt  1	[0.07 s]
1.0.J: Trace Attempt  1	[12.11 s]
1.0.Tri: Stopped processing property "mem_core_top.assert_response_bound"	[9.91 s].
1.0.Tri: Starting proof for property "mem_core_top.assert_qed_match"	[0.00 s].
1.0.Tri: Trace Attempt  1	[0.00 s]
1.0.AG: Partitioning 0 assumptions over 0 inputs...
1.0.Hts: Trace Attempt  1	[0.14 s]
1.0.Hts: Trace Attempt  2	[0.14 s]
1.0.Hts: Trace Attempt  3	[0.14 s]
1.0.Hts: Trace Attempt  4	[0.15 s]
1.0.B: Trace Attempt  1	[0.15 s]
1.0.M: Trace Attempt  2	[0.15 s]
1.0.AG: Iteration  1	[0.07 s]
1.0.AG: Iteration  2	[0.07 s]
1.0.AG: Iteration  3	[0.07 s]
1.0.Hts: Trace Attempt  5	[0.17 s]
1.0.Tri:   11.20" ---- Launching main thread ----
1.0.AG: Trace Attempt  1	[0.17 s]
1.0.AG: Trace Attempt  2	[0.17 s]
1.0.AG: Trace Attempt  3	[0.17 s]
1.0.J: Trace Attempt  1	[12.22 s]
1.0.AM: Trace Attempt  4	[0.22 s]
1.0.AB: Trace Attempt  4	[0.24 s]
1.0.D: Trace Attempt  3	[0.23 s]
1.0.AD: Trace Attempt  4	[0.28 s]
1.0.I: Trace Attempt  5	[0.29 s]
1.0.J: Trace Attempt  1	[12.33 s]
1.0.C: Trace Attempt  5	[0.32 s]
1.0.Hps: Trace Attempt  1	[0.34 s]
1.0.K: Trace Attempt  5	[0.35 s]
1.0.AG: Trace Attempt  4	[0.34 s]
1.0.C2: Trace Attempt  5	[0.36 s]
1.0.B: Trace Attempt  2	[0.37 s]
1.0.Tri:   11.40" ---- Launching abstraction thread ----
1.0.M: Trace Attempt  3	[0.40 s]
1.0.N: Trace Attempt  5	[0.40 s]
1.0.Tri:   11.43" ---- Launching multi-phase simplification thread ----
1.0.J: Trace Attempt  1	[12.45 s]
1.0.AM: Trace Attempt  5	[0.47 s]
1.0.Hps: Trace Attempt  2	[0.50 s]
1.0.J: Trace Attempt  1	[12.58 s]
1.0.AB: Trace Attempt  5	[0.58 s]
1.0.AG: Trace Attempt  5	[0.65 s]
1.0.J: Trace Attempt  1	[12.70 s]
1.0.AD: Trace Attempt  5	[0.70 s]
1.0.B: Trace Attempt  3	[0.70 s]
1.0.J: Trace Attempt  1	[12.82 s]
1.0.Hps: Trace Attempt  3	[0.81 s]
1.0.J: Trace Attempt  1	[12.95 s]
1.0.I: Trace Attempt  2	[0.93 s]
1.0.I: Trace Attempt  3	[0.94 s]
1.0.K: Trace Attempt  1	[0.97 s]
1.0.I: Trace Attempt  4	[0.95 s]
1.0.K: Trace Attempt  2	[0.97 s]
1.0.K: Trace Attempt  3	[0.98 s]
1.0.K: Trace Attempt  4	[0.98 s]
1.0.K: Trace Attempt  5	[0.99 s]
1.0.I: Trace Attempt  5	[0.98 s]
1.0.J: Trace Attempt  1	[13.07 s]
1.0.D: Trace Attempt  4	[1.11 s]
1.0.Hps: Trace Attempt  4	[1.16 s]
1.0.M: Trace Attempt  4	[1.16 s]
1.0.J: Trace Attempt  1	[13.19 s]
1.0.B: Trace Attempt  4	[1.22 s]
1.0.J: Trace Attempt  1	[13.31 s]
1.0.J: Trace Attempt  1	[13.44 s]
1.0.Tri: Trace Attempt  5	[1.39 s]
1.0.J: Trace Attempt  1	[13.55 s]
1.0.J: Trace Attempt  1	[13.68 s]
1.0.B: Trace Attempt  5	[1.71 s]
1.0.J: Trace Attempt  1	[13.79 s]
1.0.J: Trace Attempt  1	[13.92 s]
1.0.J: Trace Attempt  1	[14.04 s]
1.0.J: Trace Attempt  1	[14.16 s]
1.0.R: Trace Attempt  8	[14.18 s]
1.0.J: Trace Attempt  1	[14.28 s]
1.0.J: Trace Attempt  1	[14.40 s]
1.0.U: Trace Attempt 45	[14.41 s]
1.0.D: Trace Attempt  5	[2.40 s]
1.0.J: Trace Attempt  1	[14.52 s]
1.0.J: Trace Attempt  1	[14.64 s]
1.0.Q3: Restart 4, Seed 26cc4a3045a595e0, 50.0%
1.0.Q3: Trace Attempt  1	[14.69 s]
1.0.Q3: Trace Attempt  2	[14.69 s]
1.0.Q3: Trace Attempt  3	[14.70 s]
1.0.Q3: Trace Attempt  4	[14.70 s]
1.0.Q3: Trace Attempt  5	[14.71 s]
1.0.J: Trace Attempt  1	[14.76 s]
1.0.J: Trace Attempt  1	[14.88 s]
1.0.J: Trace Attempt  1	[15.00 s]
1.0.J: Trace Attempt  1	[15.12 s]
1.0.J: Trace Attempt  1	[15.24 s]
1.0.J: Trace Attempt  1	[15.36 s]
1.0.J: Trace Attempt  1	[15.48 s]
1.0.J: Trace Attempt  1	[15.60 s]
1.0.L: Trace Attempt  1	[15.70 s]
1.0.R:   14.71" ---- Attempting simultaneous proof of 2 remaining properties ----
1.0.J: Trace Attempt  1	[15.72 s]
1.0.K: Trace Attempt  1	[3.75 s]
1.0.J: Trace Attempt  1	[15.84 s]
1.0.K: Trace Attempt  2	[3.87 s]
1.0.J: Trace Attempt  1	[15.96 s]
1.0.I: Trace Attempt  2	[3.92 s]
1.0.N: Trace Attempt  3	[3.98 s]
1.0.K: Trace Attempt  3	[4.01 s]
1.0.L: Trace Attempt  2	[16.09 s]
1.0.J: Trace Attempt  1	[16.07 s]
1.0.J: Trace Attempt  1	[16.19 s]
1.0.K: Trace Attempt  4	[4.18 s]
1.0.I: Trace Attempt  3	[4.24 s]
1.0.J: Trace Attempt  1	[16.31 s]
1.0.K: Trace Attempt  5	[4.34 s]
1.0.N: Trace Attempt  4	[4.35 s]
1.0.J: Trace Attempt  1	[16.43 s]
1.0.J: Trace Attempt  1	[16.55 s]
1.0.R: Trace Attempt  1	[16.57 s]
1.0.R: Trace Attempt  2	[16.57 s]
1.0.R: Trace Attempt  3	[16.59 s]
1.0.J: Trace Attempt  1	[16.66 s]
1.0.L: Trace Attempt  3	[16.70 s]
1.0.R: Trace Attempt  4	[16.67 s]
1.0.I: Trace Attempt  4	[4.71 s]
1.0.J: Trace Attempt  1	[16.78 s]
1.0.J: Trace Attempt  1	[16.90 s]
1.0.G: Stopped processing property "mem_core_top.assert_qed_match"	[15.99 s].
1.0.G: Next scan (1) will use per property time limit: 1s * 10 ^ 1 = 10s
1.0.G: Starting proof for property "mem_core_top.assert_qed_match"	[0.00 s].
1.0.J: Trace Attempt  1	[17.02 s]
1.0.J: Trace Attempt  1	[17.14 s]
1.0.J: Trace Attempt  1	[17.26 s]
1.0.L: Trace Attempt  4	[17.31 s]
1.0.J: Trace Attempt  1	[17.38 s]
1.0.I: Trace Attempt  5	[5.39 s]
1.0.G2: Stopped processing property "mem_core_top.assert_qed_match"	[16.43 s].
1.0.G2: Next scan (1) will use per property time limit: 1s * 10 ^ 1 = 10s
1.0.G2: Starting proof for property "mem_core_top.assert_qed_match"	[0.00 s].
1.0.R: Trace Attempt  5	[17.49 s]
1.0.J: Trace Attempt  1	[17.50 s]
1.0.J: Trace Attempt  1	[17.62 s]
1.0.J: Trace Attempt  1	[17.74 s]
1.0.J: Trace Attempt  1	[17.86 s]
1.0.L: Trace Attempt  5	[17.93 s]
1.0.J: Trace Attempt  1	[17.98 s]
1.0.J: Trace Attempt  1	[18.10 s]
1.0.Q3: Restart 5, Seed e28d9e7b0b4ce4f, 50.0%
1.0.Q3: Trace Attempt  1	[18.23 s]
1.0.Q3: Trace Attempt  2	[18.23 s]
1.0.Q3: Trace Attempt  3	[18.23 s]
1.0.Q3: Trace Attempt  4	[18.23 s]
1.0.Q3: Trace Attempt  5	[18.24 s]
1.0.J: Trace Attempt  1	[18.22 s]
1.0.J: Trace Attempt  1	[18.34 s]
1.0.J: Trace Attempt  1	[18.46 s]
1.0.J: Trace Attempt  1	[18.58 s]
1.0.J: Trace Attempt  1	[18.70 s]
1.0.U: Trace Attempt 56	[18.75 s]
1.0.Hts: Trace Attempt 10	[6.75 s]
1.0.J: Trace Attempt  1	[18.82 s]
1.0.J: Trace Attempt  1	[18.94 s]
1.0.J: Trace Attempt  1	[19.07 s]
1.0.J: Trace Attempt  1	[19.19 s]
1.0.J: Trace Attempt  1	[19.31 s]
1.0.J: Trace Attempt  1	[19.43 s]
1.0.J: Trace Attempt  1	[19.56 s]
1.0.J: Trace Attempt  1	[19.68 s]
1.0.J: Trace Attempt  1	[19.80 s]
1.0.J: Trace Attempt  1	[19.92 s]
1.0.J: Trace Attempt  1	[20.04 s]
1.0.J: Trace Attempt  1	[20.16 s]
1.0.J: Trace Attempt  1	[20.28 s]
1.0.J: Trace Attempt  1	[20.40 s]
1.0.J: Trace Attempt  1	[20.52 s]
1.0.J: Trace Attempt  1	[20.64 s]
1.0.J: Trace Attempt  1	[20.76 s]
1.0.Tri: Trace Attempt 10	[8.70 s]
1.0.J: Trace Attempt  1	[20.88 s]
1.0.J: Trace Attempt  1	[21.00 s]
1.0.J: Trace Attempt  1	[21.12 s]
1.0.J: Trace Attempt  1	[21.25 s]
1.0.J: Trace Attempt  1	[21.37 s]
1.0.B: Trace Attempt 10	[9.39 s]
1.0.J: Trace Attempt  1	[21.49 s]
1.0.J: Trace Attempt  1	[21.61 s]
1.0.J: Trace Attempt  1	[21.73 s]
1.0.D: Trace Attempt  7	[9.83 s]
1.0.J: Trace Attempt  1	[21.86 s]
1.0.Q3: Restart 6, Seed df925f4ea33cfd8e, 50.0%
1.0.Q3: Trace Attempt  1	[21.98 s]
1.0.Q3: Trace Attempt  2	[21.98 s]
1.0.Q3: Trace Attempt  3	[21.98 s]
1.0.Q3: Trace Attempt  4	[21.99 s]
1.0.Q3: Trace Attempt  5	[21.99 s]
1.0.J: Trace Attempt  1	[21.98 s]
1.0.Hts: Per property time limit expired (10.00 s) [10.00 s]
1.0.Hts: Stopped processing property "mem_core_top.assert_qed_match"	[10.00 s].
1.0.Hts: Next scan (2) will use per property time limit: 1s * 10 ^ 2 = 100s
1.0.Hts: Starting proof for property "mem_core_top.assert_response_bound"	[0.00 s].
1.0.Hps: Per property time limit expired (10.00 s) [10.00 s]
1.0.Hps: Stopped processing property "mem_core_top.assert_qed_match"	[10.00 s].
1.0.Hps: Next scan (2) will use per property time limit: 1s * 10 ^ 2 = 100s
1.0.Hps: Starting proof for property "mem_core_top.assert_response_bound"	[0.00 s].
1.0.Hts: Trace Attempt  1	[0.01 s]
1.0.Hts: Trace Attempt  2	[0.01 s]
1.0.Hts: Trace Attempt  3	[0.01 s]
1.0.Hts: Trace Attempt  4	[0.01 s]
1.0.Hts: Trace Attempt  5	[0.01 s]
1.0.Tri: Stopped processing property "mem_core_top.assert_qed_match"	[9.91 s].
1.0.Tri: Next scan (2) will use per property time limit: 1s * 10 ^ 2 = 100s
1.0.Tri: Starting proof for property "mem_core_top.assert_response_bound"	[0.00 s].
1.0.Tri: Trace Attempt  1	[0.00 s]
1.0.K: Stopped processing property "mem_core_top.assert_qed_match"	[10.07 s].
1.0.K: Next scan (2) will use per property time limit: 1s * 10 ^ 2 = 100s
1.0.K: Starting proof for property "mem_core_top.assert_response_bound"	[0.00 s].
1.0.D: Stopped processing property "mem_core_top.assert_qed_match"	[10.08 s].
1.0.D: Next scan (2) will use per property time limit: 1s * 10 ^ 2 = 100s
1.0.D: Starting proof for property "mem_core_top.assert_response_bound"	[0.00 s].
1.0.Hps: Trace Attempt  1	[0.08 s]
1.0.N: Stopped processing property "mem_core_top.assert_qed_match"	[10.08 s].
1.0.N: Next scan (2) will use per property time limit: 1s * 10 ^ 2 = 100s
1.0.N: Starting proof for property "mem_core_top.assert_response_bound"	[0.00 s].
1.0.Hps: Trace Attempt  2	[0.08 s]
1.0.M: Stopped processing property "mem_core_top.assert_qed_match"	[10.08 s].
1.0.M: Next scan (2) will use per property time limit: 1s * 10 ^ 2 = 100s
1.0.M: Starting proof for property "mem_core_top.assert_response_bound"	[0.00 s].
1.0.Hps: Trace Attempt  3	[0.09 s]
1.0.J: Trace Attempt  1	[22.11 s]
1.0.M: Trace Attempt  1	[0.01 s]
1.0.M: Trace Attempt  2	[0.01 s]
1.0.AG: Stopped processing property "mem_core_top.assert_qed_match"	[10.08 s].
1.0.AG: Next scan (2) will use per property time limit: 1s * 10 ^ 2 = 100s
1.0.AG: Starting proof for property "mem_core_top.assert_response_bound"	[0.00 s].
1.0.M: Trace Attempt  3	[0.01 s]
1.0.AG: Trace Attempt  1	[0.01 s]
1.0.Tri:   21.13" ---- Launching main thread ----
1.0.I: Stopped processing property "mem_core_top.assert_qed_match"	[10.09 s].
1.0.I: Next scan (2) will use per property time limit: 1s * 10 ^ 2 = 100s
1.0.I: Starting proof for property "mem_core_top.assert_response_bound"	[0.00 s].
1.0.M: Trace Attempt  5	[0.03 s]
1.0.Tri:   21.17" ---- Launching abstraction thread ----
1.0.AG: Partitioning 2 assumptions over 48 inputs...
1.0.Tri:   21.17" ---- Launching multi-phase simplification thread ----
1.0.B: Stopped processing property "mem_core_top.assert_qed_match"	[10.15 s].
1.0.B: Next scan (2) will use per property time limit: 1s * 10 ^ 2 = 100s
1.0.B: Starting proof for property "mem_core_top.assert_response_bound"	[0.00 s].
1.0.B: Trace Attempt  1	[0.01 s]
1.0.B: Trace Attempt  2	[0.01 s]
1.0.B: Trace Attempt  3	[0.01 s]
1.0.B: Trace Attempt  4	[0.01 s]
1.0.B: Trace Attempt  5	[0.02 s]
1.0.Hps: Trace Attempt  4	[0.17 s]
1.0.J: Trace Attempt  1	[22.22 s]
1.0.C: Trace Attempt  6	[1.52 s]
1.0.C: Per property time limit expired (10.00 s) [10.22 s]
1.0.C: Stopped processing property "mem_core_top.assert_qed_match"	[10.22 s].
1.0.C: Next scan (2) will use per property time limit: 1s * 10 ^ 2 = 100s
1.0.C: Starting proof for property "mem_core_top.assert_response_bound"	[0.00 s].
1.0.Hps: Trace Attempt  5	[0.22 s]
1.0.AG: Iteration  1	[0.01 s]
1.0.AG: Iteration  2	[0.01 s]
1.0.AG: Iteration  3	[0.01 s]
1.0.AG: Trace Attempt  1	[0.14 s]
1.0.AG: Trace Attempt  2	[0.14 s]
1.0.AM: Stopped processing property "mem_core_top.assert_qed_match"	[10.24 s].
1.0.AM: Next scan (2) will use per property time limit: 1s * 10 ^ 2 = 100s
1.0.AM: Starting proof for property "mem_core_top.assert_response_bound"	[0.00 s].
1.0.AG: Trace Attempt  3	[0.14 s]
1.0.AG: Trace Attempt  4	[0.14 s]
1.0.AG: Trace Attempt  5	[0.14 s]
1.0.AM: Trace Attempt  1	[0.01 s]
1.0.C: Trace Attempt 14	[0.04 s]
1.0.AM: Trace Attempt  1	[0.03 s]
1.0.AM: Trace Attempt  2	[0.03 s]
1.0.AM: Trace Attempt  3	[0.03 s]
1.0.AM: Trace Attempt  1	[0.06 s]
1.0.AM: Trace Attempt  2	[0.06 s]
1.0.AM: Trace Attempt  3	[0.06 s]
1.0.AM: Trace Attempt  4	[0.06 s]
1.0.AM: Trace Attempt  5	[0.06 s]
1.0.J: Trace Attempt  1	[22.34 s]
1.0.Tri:   21.35" Simplification phase 1 complete
1.0.AD: Stopped processing property "mem_core_top.assert_qed_match"	[10.36 s].
1.0.AD: Next scan (2) will use per property time limit: 1s * 10 ^ 2 = 100s
1.0.AD: Starting proof for property "mem_core_top.assert_response_bound"	[0.00 s].
1.0.AB: Stopped processing property "mem_core_top.assert_qed_match"	[10.37 s].
1.0.AB: Next scan (2) will use per property time limit: 1s * 10 ^ 2 = 100s
1.0.AB: Starting proof for property "mem_core_top.assert_response_bound"	[0.00 s].
1.0.AD: Trace Attempt  1	[0.02 s]
1.0.AB: Trace Attempt  1	[0.02 s]
1.0.AD: Trace Attempt  1	[0.03 s]
1.0.AD: Trace Attempt  2	[0.03 s]
1.0.AB: Trace Attempt  1	[0.03 s]
1.0.AB: Trace Attempt  2	[0.03 s]
1.0.AD: Trace Attempt  3	[0.04 s]
1.0.AB: Trace Attempt  3	[0.03 s]
1.0.AB: Trace Attempt  1	[0.04 s]
1.0.AD: Trace Attempt  1	[0.04 s]
1.0.AB: Trace Attempt  2	[0.04 s]
1.0.AD: Trace Attempt  2	[0.04 s]
1.0.AB: Trace Attempt  3	[0.04 s]
1.0.AD: Trace Attempt  3	[0.04 s]
1.0.AB: Trace Attempt  4	[0.04 s]
1.0.AD: Trace Attempt  4	[0.05 s]
1.0.AB: Trace Attempt  5	[0.04 s]
1.0.AD: Trace Attempt  5	[0.05 s]
1.0.AM: Trace Attempt  3	[0.17 s]
1.0.AM: Trace Attempt  5	[0.18 s]
1.0.J: Trace Attempt  1	[22.47 s]
1.0.Tri:   21.48" Simplification phase 2 complete
1.0.AB: Trace Attempt  1	[0.15 s]
1.0.AB: Trace Attempt  2	[0.15 s]
1.0.AB: Trace Attempt  3	[0.15 s]
1.0.AB: Trace Attempt  4	[0.15 s]
1.0.AD: Trace Attempt  2	[0.16 s]
1.0.AB: Trace Attempt  5	[0.15 s]
1.0.AD: Trace Attempt  3	[0.17 s]
1.0.AD: Trace Attempt  5	[0.19 s]
1.0.I: Trace Attempt  2	[0.45 s]
1.0.C2: Trace Attempt  6	[1.49 s]
1.0.C2: Per property time limit expired (10.00 s) [10.56 s]
1.0.C2: Stopped processing property "mem_core_top.assert_qed_match"	[10.57 s].
1.0.C2: Next scan (2) will use per property time limit: 1s * 10 ^ 2 = 100s
1.0.C2: Starting proof for property "mem_core_top.assert_response_bound"	[0.00 s].
1.0.I: Trace Attempt  3	[0.46 s]
1.0.J: Trace Attempt  1	[22.59 s]
1.0.I: Trace Attempt  5	[0.48 s]
1.0.C2: Trace Attempt 14	[0.04 s]
1.0.AG: Partitioning 2 assumptions over 14 inputs...
1.0.Tri:   21.68" Simplification phase 3 complete
1.0.Tri:   21.68" ---- Completed simplification thread ----
1.0.Tri:   21.68" ---- Restarting main thread on simplified netlist ----
1.0.Tri:   21.72" ---- Restarting abstraction thread on simplified netlist ----
1.0.J: Trace Attempt  1	[22.71 s]
1.0.J: Trace Attempt  1	[22.83 s]
1.0.J: Trace Attempt  1	[22.94 s]
1.0.U: Trace Attempt 66	[22.97 s]
1.0.J: Trace Attempt  1	[23.05 s]
1.0.J: Trace Attempt  1	[23.17 s]
1.0.J: Trace Attempt  1	[23.28 s]
1.0.J: Trace Attempt  1	[23.40 s]
1.0.J: Trace Attempt  1	[23.52 s]
1.0.J: Trace Attempt  1	[23.64 s]
1.0.J: Trace Attempt  1	[23.75 s]
1.0.L: Trace Attempt  9	[23.83 s]
1.0.J: Trace Attempt  1	[23.87 s]
1.0.AG: Iteration  1	[0.24 s]
1.0.J: Trace Attempt  1	[24.00 s]
1.0.J: Trace Attempt  1	[24.12 s]
1.0.J: Trace Attempt  1	[24.24 s]
1.0.AG: Iteration  2	[0.24 s]
1.0.J: Trace Attempt  1	[24.45 s]
1.0.AG: Iteration  3	[0.24 s]
1.0.AG: Iteration  4	[0.24 s]
1.0.J: Trace Attempt  1	[24.60 s]
1.0.J: Trace Attempt  1	[24.76 s]
1.0.J: Trace Attempt  1	[24.91 s]
1.0.J: Trace Attempt  1	[25.05 s]
1.0.J: Trace Attempt  1	[25.18 s]
1.0.J: Trace Attempt  1	[25.32 s]
1.0.AG: Iteration  5	[0.24 s]
1.0.AG: Iteration  6	[0.24 s]
1.0.AG: Iteration  7	[0.24 s]
1.0.J: Trace Attempt  1	[25.46 s]
1.0.J: Trace Attempt  1	[25.59 s]
1.0.J: Trace Attempt  1	[25.72 s]
1.0.Q3: Restart 7, Seed ad1bcd2c5db7334b, 50.0%
1.0.Q3: Trace Attempt  1	[25.81 s]
1.0.Q3: Trace Attempt  2	[25.81 s]
1.0.Q3: Trace Attempt  3	[25.82 s]
1.0.Q3: Trace Attempt  4	[25.82 s]
1.0.Q3: Trace Attempt  5	[25.83 s]
1.0.J: Trace Attempt  1	[25.85 s]
1.0.J: Trace Attempt  1	[25.99 s]
1.0.J: Trace Attempt  1	[26.13 s]
1.0.J: Trace Attempt  1	[26.27 s]
1.0.J: Trace Attempt  1	[26.40 s]
1.0.J: Trace Attempt  1	[26.55 s]
1.0.Hps: Trace Attempt 16	[4.62 s]
1.0.AG: Iteration  8	[0.24 s]
1.0.J: Trace Attempt  1	[26.68 s]
1.0.AG: Iteration  9	[0.24 s]
1.0.AG: Iteration 10	[0.24 s]
1.0.J: Trace Attempt  1	[26.82 s]
1.0.AG: Trace Attempt  8	[4.73 s]
1.0.J: Trace Attempt  1	[26.95 s]
1.0.M: Trace Attempt 10	[4.89 s]
1.0.J: Trace Attempt  1	[27.07 s]
1.0.U: Trace Attempt 75	[27.17 s]
1.0.J: Trace Attempt  1	[27.19 s]
1.0.J: Trace Attempt  1	[27.29 s]
1.0.J: Trace Attempt  1	[27.41 s]
1.0.J: Trace Attempt  1	[27.52 s]
1.0.J: Trace Attempt  1	[27.64 s]
1.0.Hts: Trace Attempt 17	[5.68 s]
1.0.J: Trace Attempt  1	[27.76 s]
1.0.J: Trace Attempt  1	[27.88 s]
1.0.K: Trace Attempt  1	[5.85 s]
1.0.K: Trace Attempt  2	[5.85 s]
1.0.K: Trace Attempt  3	[5.85 s]
1.0.K: Trace Attempt  4	[5.86 s]
1.0.K: Trace Attempt  5	[5.86 s]
1.0.J: Trace Attempt  1	[28.00 s]
1.0.N: Trace Attempt  3	[5.95 s]
1.0.N: Trace Attempt  5	[5.96 s]
1.0.J: Trace Attempt  1	[28.11 s]
1.0.G2: Stopped processing property "mem_core_top.assert_qed_match"	[10.74 s].
1.0.G2: Next scan (2) will use per property time limit: 1s * 10 ^ 2 = 100s
1.0.G2: Starting proof for property "mem_core_top.assert_response_bound"	[0.00 s].
1.0.J: Trace Attempt  1	[28.23 s]
1.0.J: Trace Attempt  1	[28.34 s]
1.0.AM: Trace Attempt 14	[6.19 s]
1.0.J: Trace Attempt  1	[28.45 s]
1.0.J: Trace Attempt  1	[28.57 s]
1.0.J: Trace Attempt  1	[28.68 s]
1.0.C: Partitioning 2 assumptions over 12 inputs...
1.0.J: Trace Attempt  1	[28.80 s]
1.0.J: Trace Attempt  1	[28.91 s]
1.0.B: Trace Attempt 17	[6.78 s]
1.0.J: Trace Attempt  1	[29.03 s]
1.0.G2: Partitioning 2 assumptions over 0 inputs...
1.0.J: Trace Attempt  1	[29.14 s]
1.0.J: Trace Attempt  1	[29.26 s]
1.0.C2: Partitioning 2 assumptions over 12 inputs...
1.0.J: Trace Attempt  1	[29.38 s]
1.0.J: Trace Attempt  1	[29.51 s]
1.0.C: Iteration  1	[6.23 s]
1.0.J: Trace Attempt  1	[29.63 s]
1.0.Q3: Restart 8, Seed 809a06ee30b14492, 50.0%
1.0.Q3: Trace Attempt  1	[29.75 s]
1.0.Q3: Trace Attempt  2	[29.75 s]
1.0.Q3: Trace Attempt  3	[29.76 s]
1.0.Q3: Trace Attempt  4	[29.76 s]
1.0.Q3: Trace Attempt  5	[29.77 s]
1.0.J: Trace Attempt  1	[29.75 s]
1.0.J: Trace Attempt  1	[29.89 s]
1.0.J: Trace Attempt  1	[30.02 s]
1.0.G: Stopped processing property "mem_core_top.assert_qed_match"	[13.11 s].
1.0.G: Next scan (2) will use per property time limit: 1s * 10 ^ 2 = 100s
1.0.G: Starting proof for property "mem_core_top.assert_response_bound"	[0.00 s].
1.0.J: Trace Attempt  1	[30.14 s]
1.0.AD: Trace Attempt 15	[7.88 s]
1.0.J: Trace Attempt  1	[30.26 s]
1.0.C2: Iteration  1	[6.50 s]
1.0.J: Trace Attempt  1	[30.39 s]
1.0.G2: Iteration  1	[0.00 s]
1.0.J: Trace Attempt  1	[30.51 s]
1.0.J: Trace Attempt  1	[30.64 s]
1.0.J: Trace Attempt  1	[30.76 s]
1.0.AB: Trace Attempt 15	[8.47 s]
1.0.J: Trace Attempt  1	[30.89 s]
1.0.G: Partitioning 2 assumptions over 0 inputs...
1.0.J: Trace Attempt  1	[31.01 s]
1.0.C: Iteration  2	[6.23 s]
1.0.C: Iteration  3	[6.23 s]
1.0.J: Trace Attempt  1	[31.13 s]
1.0.J: Trace Attempt  1	[31.25 s]
1.0.J: Trace Attempt  1	[31.38 s]
1.0.M: Trace Attempt 12	[9.34 s]
1.0.U: Trace Attempt 84	[31.49 s]
1.0.J: Trace Attempt  1	[31.50 s]
1.0.J: Trace Attempt  1	[31.63 s]
1.0.J: Trace Attempt  1	[31.75 s]
1.0.C2: Iteration  2	[6.50 s]
1.0.J: Trace Attempt  1	[31.88 s]
1.0.C2: Iteration  3	[6.50 s]
1.0.C: Iteration  4	[6.23 s]
1.0.J: Trace Attempt  1	[32.01 s]
1.0.J: Trace Attempt  1	[32.13 s]
1.0.G2: Iteration  2	[0.00 s]
1.0.J: Trace Attempt  1	[32.26 s]
1.0.G: Iteration  1	[0.00 s]
1.0.Hts: Trace Attempt 18	[10.31 s]
1.0.J: Trace Attempt  1	[32.38 s]
1.0.J: Trace Attempt  1	[32.52 s]
1.0.J: Trace Attempt  1	[32.70 s]
1.0.C2: Iteration  4	[6.50 s]
1.0.C2: Iteration  5	[6.50 s]
1.0.J: Trace Attempt  1	[32.83 s]
1.0.AM: Trace Attempt 15	[10.66 s]
1.0.J: Trace Attempt  1	[32.95 s]
1.0.C: Iteration  5	[6.23 s]
1.0.C: Iteration  6	[6.23 s]
1.0.J: Trace Attempt  1	[33.07 s]
1.0.C: Iteration  7	[6.23 s]
1.0.J: Trace Attempt  1	[33.19 s]
1.0.J: Trace Attempt  1	[33.31 s]
1.0.J: Trace Attempt  1	[33.43 s]
1.0.G2: Iteration  3	[0.00 s]
1.0.K: Trace Attempt 17	[11.42 s]
1.0.J: Trace Attempt  1	[33.55 s]
1.0.G2: Iteration  4	[0.00 s]
1.0.C2: Iteration  6	[6.50 s]
1.0.J: Trace Attempt  1	[33.67 s]
1.0.G: Iteration  2	[0.00 s]
1.0.Q3: Restart 9, Seed fa0a0831c7a90d1a, 50.0%
1.0.Q3: Trace Attempt  1	[33.73 s]
1.0.Q3: Trace Attempt  2	[33.73 s]
1.0.Q3: Trace Attempt  3	[33.73 s]
1.0.Q3: Trace Attempt  4	[33.73 s]
1.0.Q3: Trace Attempt  5	[33.74 s]
1.0.J: Trace Attempt  1	[33.80 s]
1.0.Hps: Trace Attempt 18	[11.84 s]
1.0.N: Trace Attempt 10	[11.79 s]
1.0.J: Trace Attempt  1	[33.93 s]
1.0.AG: Trace Attempt 15	[11.96 s]
1.0.J: Trace Attempt  1	[34.10 s]
1.0.J: Trace Attempt  1	[34.23 s]
1.0.J: Trace Attempt  1	[34.35 s]
1.0.J: Trace Attempt  1	[34.47 s]
1.0.C: Iteration  8	[6.23 s]
1.0.J: Trace Attempt  1	[34.59 s]
1.0.J: Trace Attempt  1	[34.72 s]
1.0.J: Trace Attempt  1	[34.84 s]
1.0.G: Iteration  3	[0.00 s]
1.0.J: Trace Attempt  1	[34.97 s]
1.0.G: Iteration  4	[0.00 s]
1.0.Tri: Trace Attempt 19	[13.00 s]
1.0.G2: Iteration  5	[0.00 s]
1.0.J: Trace Attempt  1	[35.09 s]
1.0.C2: Iteration  7	[6.50 s]
1.0.Bm: Trace Attempt 11	[35.16 s]
1.0.J: Trace Attempt  1	[35.21 s]
1.0.C2: Iteration  8	[6.50 s]
1.0.C2: Iteration  9	[6.50 s]
1.0.J: Trace Attempt  1	[35.36 s]
1.0.J: Trace Attempt  1	[35.51 s]
1.0.J: Trace Attempt  1	[35.63 s]
1.0.I: Trace Attempt 14	[13.62 s]
1.0.J: Trace Attempt  1	[35.76 s]
1.0.J: Trace Attempt  1	[35.88 s]
1.0.J: Trace Attempt  1	[35.99 s]
1.0.U: Trace Attempt 92	[36.02 s]
1.0.B: Trace Attempt 19	[13.91 s]
1.0.J: Trace Attempt  1	[36.12 s]
1.0.L: Trace Attempt 10	[36.26 s]
1.0.J: Trace Attempt  1	[36.24 s]
1.0.J: Trace Attempt  1	[36.36 s]
1.0.J: Trace Attempt  1	[36.48 s]
1.0.G: Iteration  5	[0.00 s]
1.0.J: Trace Attempt  1	[36.61 s]
1.0.J: Trace Attempt  1	[36.73 s]
1.0.C: Iteration  9	[6.23 s]
1.0.J: Trace Attempt  1	[36.85 s]
1.0.C: Iteration 10	[6.23 s]
1.0.J: Trace Attempt  1	[36.98 s]
1.0.C: Iteration 11	[6.23 s]
1.0.G2: Iteration  6	[0.00 s]
1.0.J: Trace Attempt  1	[37.10 s]
1.0.Hts: Trace Attempt 19	[15.18 s]
1.0.J: Trace Attempt  1	[37.23 s]
1.0.G2: Iteration  7	[0.00 s]
1.0.J: Trace Attempt  1	[37.35 s]
1.0.R: Trace Attempt  6	[37.41 s]
1.0.AD: Trace Attempt  2	[15.10 s]
1.0.J: Trace Attempt  1	[37.48 s]
1.0.AD: Trace Attempt  3	[15.11 s]
1.0.I: Trace Attempt  2	[15.38 s]
1.0.AD: Trace Attempt  5	[15.13 s]
1.0.I: Trace Attempt  3	[15.38 s]
1.0.I: Trace Attempt  5	[15.40 s]
1.0.J: Trace Attempt  1	[37.60 s]
1.0.Q3: Restart 10, Seed a519386cbb21da3c, 50.0%
1.0.Q3: Trace Attempt  1	[37.65 s]
1.0.Q3: Trace Attempt  2	[37.65 s]
1.0.Q3: Trace Attempt  3	[37.65 s]
1.0.Q3: Trace Attempt  4	[37.66 s]
1.0.Q3: Trace Attempt  5	[37.66 s]
1.0.J: Trace Attempt  1	[37.72 s]
1.0.J: Trace Attempt  1	[37.84 s]
1.0.J: Trace Attempt  1	[37.97 s]
1.0.N: Trace Attempt 11	[15.91 s]
1.0.C2: Iteration 10	[6.50 s]
1.0.J: Trace Attempt  1	[38.09 s]
1.0.J: Trace Attempt  1	[38.21 s]
1.0.C2: Iteration 11	[6.50 s]
1.0.J: Trace Attempt  1	[38.33 s]
1.0.AB: Trace Attempt  1	[15.99 s]
1.0.AB: Trace Attempt  2	[15.99 s]
1.0.AB: Trace Attempt  3	[15.99 s]
1.0.AB: Trace Attempt  4	[16.00 s]
1.0.AB: Trace Attempt  5	[16.00 s]
1.0.C2: Iteration 12	[6.50 s]
1.0.J: Trace Attempt  1	[38.45 s]
1.0.J: Trace Attempt  1	[38.56 s]
1.0.J: Trace Attempt  1	[38.69 s]
1.0.G: Iteration  6	[0.00 s]
1.0.J: Trace Attempt  1	[38.81 s]
1.0.G: Iteration  7	[0.00 s]
1.0.J: Trace Attempt  1	[38.93 s]
1.0.Hps: Trace Attempt 19	[17.03 s]
1.0.J: Trace Attempt  1	[39.05 s]
1.0.K: Trace Attempt 19	[17.06 s]
1.0.J: Trace Attempt  1	[39.17 s]
1.0.J: Trace Attempt  1	[39.29 s]
1.0.J: Trace Attempt  1	[39.41 s]
1.0.J: Trace Attempt  1	[39.53 s]
1.0.J: Trace Attempt  1	[39.65 s]
1.0.J: Trace Attempt  1	[39.77 s]
1.0.J: Trace Attempt  1	[39.89 s]
1.0.AM: Trace Attempt 16	[17.76 s]
1.0.J: Trace Attempt  1	[40.02 s]
1.0.J: Trace Attempt  1	[40.14 s]
1.0.Ht: Trace Attempt 11	[40.25 s]
1.0.J: Trace Attempt  1	[40.27 s]
1.0.G2: Iteration  8	[0.00 s]
1.0.J: Trace Attempt  1	[40.41 s]
1.0.J: Trace Attempt  1	[40.54 s]
1.0.G2: Iteration  9	[0.00 s]
1.0.Tri: Trace Attempt 20	[18.56 s]
1.0.U: Trace Attempt 100	[40.62 s]
1.0.J: Trace Attempt  1	[40.67 s]
1.0.J: Trace Attempt  1	[40.80 s]
1.0.J: Trace Attempt  1	[40.92 s]
1.0.G2: Iteration 10	[0.00 s]
1.0.J: Trace Attempt  1	[41.05 s]
1.0.J: Trace Attempt  1	[41.18 s]
1.0.J: Trace Attempt  1	[41.31 s]
1.0.Q3: Restart 11, Seed ff44f3af13d329b4, 50.0%
1.0.Q3: Trace Attempt  1	[41.38 s]
1.0.Q3: Trace Attempt  2	[41.38 s]
1.0.Q3: Trace Attempt  3	[41.38 s]
1.0.Q3: Trace Attempt  4	[41.39 s]
1.0.Q3: Trace Attempt  5	[41.39 s]
1.0.J: Trace Attempt  1	[41.43 s]
1.0.C: Iteration 12	[6.23 s]
1.0.J: Trace Attempt  1	[41.56 s]
1.0.J: Trace Attempt  1	[41.68 s]
1.0.C: Iteration 13	[6.23 s]
1.0.AG: Partitioning 2 assumptions over 11 inputs...
1.0.J: Trace Attempt  1	[41.83 s]
1.0.J: Trace Attempt  1	[41.96 s]
1.0.C: Iteration 14	[6.23 s]
1.0.J: Trace Attempt  1	[42.09 s]
1.0.J: Trace Attempt  1	[42.21 s]
1.0.G: Iteration  8	[0.00 s]
1.0.U: Trace Attempt  1	[42.26 s]
1.0.J: Trace Attempt  1	[42.33 s]
1.0.B: Trace Attempt 20	[20.19 s]
1.0.G: Iteration  9	[0.00 s]
1.0.J: Trace Attempt  1	[42.45 s]
1.0.R: Trace Attempt  7	[42.55 s]
1.0.J: Trace Attempt  1	[42.57 s]
1.0.J: Trace Attempt  1	[42.68 s]
1.0.U: Trace Attempt  2	[42.67 s]
1.0.G: Iteration 10	[0.00 s]
1.0.J: Trace Attempt  1	[42.80 s]
1.0.J: Trace Attempt  1	[42.91 s]
1.0.J: Trace Attempt  1	[43.03 s]
1.0.J: Trace Attempt  1	[43.14 s]
1.0.U: Trace Attempt  3	[43.17 s]
1.0.K: Trace Attempt 20	[21.12 s]
1.0.J: Trace Attempt  1	[43.26 s]
1.0.AG: Iteration  1	[19.19 s]
1.0.J: Trace Attempt  1	[43.38 s]
1.0.M: Trace Attempt 13	[21.33 s]
1.0.U: Trace Attempt  4	[43.46 s]
1.0.J: Trace Attempt  1	[43.49 s]
1.0.J: Trace Attempt  1	[43.60 s]
1.0.J: Trace Attempt  1	[43.72 s]
1.0.U: Trace Attempt  5	[43.73 s]
1.0.J: Trace Attempt  1	[43.83 s]
1.0.J: Trace Attempt  1	[43.95 s]
1.0.J: Trace Attempt  1	[44.06 s]
1.0.Hts: Trace Attempt 20	[22.10 s]
1.0.C2: Iteration 13	[6.50 s]
1.0.J: Trace Attempt  1	[44.18 s]
1.0.J: Trace Attempt  1	[44.30 s]
1.0.AG: Iteration  2	[19.19 s]
1.0.AG: Iteration  3	[19.19 s]
1.0.J: Trace Attempt  1	[44.42 s]
1.0.AG: Iteration  4	[19.19 s]
1.0.C2: Iteration 14	[6.50 s]
1.0.J: Trace Attempt  1	[44.54 s]
1.0.Tri: Trace Attempt 22	[22.62 s]
1.0.J: Trace Attempt  1	[44.66 s]
1.0.C2: Iteration 15	[6.50 s]
1.0.J: Trace Attempt  1	[44.77 s]
1.0.J: Trace Attempt  1	[44.89 s]
1.0.N: Trace Attempt 12	[22.86 s]
1.0.J: Trace Attempt  1	[45.01 s]
1.0.Q3: Restart 12, Seed ce91d6ad72ca8e89, 50.0%
1.0.Q3: Trace Attempt  1	[45.04 s]
1.0.Q3: Trace Attempt  2	[45.04 s]
1.0.Q3: Trace Attempt  3	[45.04 s]
1.0.Q3: Trace Attempt  4	[45.05 s]
1.0.Q3: Trace Attempt  5	[45.05 s]
1.0.J: Trace Attempt  1	[45.13 s]
1.0.J: Trace Attempt  1	[45.25 s]
1.0.J: Trace Attempt  1	[45.37 s]
1.0.G2: Iteration 11	[0.00 s]
1.0.J: Trace Attempt  1	[45.49 s]
1.0.AG: Iteration  5	[19.19 s]
1.0.AG: Iteration  6	[19.19 s]
1.0.AG: Iteration  7	[19.19 s]
1.0.J: Trace Attempt  1	[45.61 s]
1.0.J: Trace Attempt  1	[45.73 s]
1.0.J: Trace Attempt  1	[45.86 s]
1.0.Hps: Trace Attempt 20	[23.85 s]
1.0.J: Trace Attempt  1	[45.97 s]
1.0.J: Trace Attempt  1	[46.09 s]
1.0.AB: Trace Attempt 16	[23.75 s]
1.0.J: Trace Attempt  1	[46.22 s]
1.0.J: Trace Attempt  1	[46.33 s]
1.0.J: Trace Attempt  1	[46.45 s]
1.0.J: Trace Attempt  1	[46.58 s]
1.0.J: Trace Attempt  1	[46.70 s]
1.0.AG: Iteration  8	[19.19 s]
1.0.AG: Iteration  9	[19.19 s]
1.0.J: Trace Attempt  1	[46.82 s]
1.0.AG: Iteration 10	[19.19 s]
1.0.G: Iteration 11	[0.00 s]
1.0.AG: Iteration 11	[19.19 s]
1.0.J: Trace Attempt  1	[46.93 s]
1.0.J: Trace Attempt  1	[47.06 s]
1.0.J: Trace Attempt  1	[47.19 s]
1.0.J: Trace Attempt  1	[47.33 s]
1.0.J: Trace Attempt  1	[47.45 s]
1.0.J: Trace Attempt  1	[47.58 s]
1.0.J: Trace Attempt  1	[47.70 s]
1.0.J: Trace Attempt  1	[47.82 s]
1.0.J: Trace Attempt  1	[47.94 s]
1.0.U: Trace Attempt 18	[47.96 s]
1.0.J: Trace Attempt  1	[48.06 s]
1.0.J: Trace Attempt  1	[48.18 s]
1.0.J: Trace Attempt  1	[48.30 s]
1.0.J: Trace Attempt  1	[48.42 s]
1.0.R:   47.47" ---- Attempting simultaneous proof of 2 remaining properties ----
1.0.J: Trace Attempt  1	[48.54 s]
1.0.AG: Iteration 12	[19.19 s]
1.0.J: Trace Attempt  1	[48.66 s]
1.0.Tri: Trace Attempt 25	[26.65 s]
1.0.AG: Iteration 13	[19.19 s]
1.0.Q3: Restart 13, Seed 67641ffd851c5bd6, 50.0%
1.0.Q3: Trace Attempt  1	[48.78 s]
1.0.Q3: Trace Attempt  2	[48.78 s]
1.0.AG: Iteration 14	[19.19 s]
1.0.Q3: Trace Attempt  3	[48.78 s]
1.0.Q3: Trace Attempt  4	[48.78 s]
1.0.Q3: Trace Attempt  5	[48.79 s]
1.0.J: Trace Attempt  1	[48.79 s]
1.0.AG: Iteration 15	[19.19 s]
1.0.J: Trace Attempt  1	[48.91 s]
1.0.J: Trace Attempt  1	[49.03 s]
1.0.J: Trace Attempt  1	[49.15 s]
1.0.J: Trace Attempt  1	[49.27 s]
1.0.J: Trace Attempt  1	[49.39 s]
1.0.R: Trace Attempt  1	[49.44 s]
1.0.R: Trace Attempt  2	[49.44 s]
1.0.R: Trace Attempt  3	[49.49 s]
1.0.J: Trace Attempt  1	[49.52 s]
1.0.R: Trace Attempt  4	[49.62 s]
1.0.J: Trace Attempt  1	[49.64 s]
1.0.J: Trace Attempt  1	[49.76 s]
1.0.B: Trace Attempt 21	[27.66 s]
1.0.J: Trace Attempt  1	[49.87 s]
1.0.J: Trace Attempt  1	[49.99 s]
1.0.J: Trace Attempt  1	[50.11 s]
1.0.J: Trace Attempt  1	[50.23 s]
1.0.J: Trace Attempt  1	[50.34 s]
1.0.J: Trace Attempt  1	[50.46 s]
1.0.J: Trace Attempt  1	[50.58 s]
1.0.R: Trace Attempt  5	[50.63 s]
1.0.J: Trace Attempt  1	[50.70 s]
1.0.J: Trace Attempt  1	[50.83 s]
1.0.J: Trace Attempt  1	[50.95 s]
1.0.J: Trace Attempt  1	[51.08 s]
1.0.J: Trace Attempt  1	[51.20 s]
1.0.J: Trace Attempt  1	[51.32 s]
1.0.N: Trace Attempt 13	[29.29 s]
1.0.J: Trace Attempt  1	[51.45 s]
1.0.J: Trace Attempt  1	[51.57 s]
1.0.C: Iteration 15	[6.23 s]
1.0.J: Trace Attempt  1	[51.71 s]
1.0.K: Trace Attempt 21	[29.67 s]
1.0.G2: Iteration 12	[0.00 s]
1.0.J: Trace Attempt  1	[51.83 s]
1.0.C: Iteration 16	[6.23 s]
1.0.J: Trace Attempt  1	[51.94 s]
1.0.J: Trace Attempt  1	[52.05 s]
1.0.G2: Iteration 13	[0.00 s]
1.0.Hts: Trace Attempt 21	[30.09 s]
1.0.J: Trace Attempt  1	[52.18 s]
1.0.Q3: Restart 14, Seed 11e1398a95ac4fbb, 50.0%
1.0.Q3: Trace Attempt  1	[52.22 s]
1.0.Q3: Trace Attempt  2	[52.22 s]
1.0.Q3: Trace Attempt  3	[52.22 s]
1.0.Q3: Trace Attempt  4	[52.23 s]
1.0.Q3: Trace Attempt  5	[52.23 s]
1.0.U: Trace Attempt 31	[52.27 s]
1.0.J: Trace Attempt  1	[52.30 s]
1.0.C: Iteration 17	[6.23 s]
1.0.J: Trace Attempt  1	[52.42 s]
1.0.G2: Iteration 14	[0.00 s]
1.0.AG: Iteration 16	[19.19 s]
1.0.J: Trace Attempt  1	[52.54 s]
1.0.AG: Iteration 17	[19.19 s]
1.0.J: Trace Attempt  1	[52.67 s]
1.0.AG: Iteration 18	[19.19 s]
1.0.J: Trace Attempt  1	[52.79 s]
1.0.AG: Iteration 19	[19.19 s]
1.0.G2: Iteration 15	[0.00 s]
1.0.Tri: Trace Attempt 33	[30.84 s]
1.0.C: Iteration 18	[6.23 s]
1.0.J: Trace Attempt  1	[52.91 s]
1.0.J: Trace Attempt  1	[53.03 s]
1.0.J: Trace Attempt  1	[53.15 s]
1.0.J: Trace Attempt  1	[53.27 s]
1.0.G: Iteration 12	[0.00 s]
1.0.J: Trace Attempt  1	[53.38 s]
1.0.J: Trace Attempt  1	[53.50 s]
1.0.G: Iteration 13	[0.00 s]
1.0.J: Trace Attempt  1	[53.62 s]
1.0.Hps: Trace Attempt 21	[31.64 s]
1.0.J: Trace Attempt  1	[53.74 s]
1.0.G: Iteration 14	[0.00 s]
1.0.J: Trace Attempt  1	[53.86 s]
1.0.J: Trace Attempt  1	[54.00 s]
1.0.J: Trace Attempt  1	[54.13 s]
1.0.G: Iteration 15	[0.00 s]
1.0.J: Trace Attempt  1	[54.26 s]
1.0.J: Trace Attempt  1	[54.38 s]
1.0.J: Trace Attempt  1	[54.50 s]
1.0.J: Trace Attempt  1	[54.62 s]
1.0.J: Trace Attempt  1	[54.74 s]
1.0.J: Trace Attempt  1	[54.86 s]
1.0.J: Trace Attempt  1	[54.98 s]
1.0.J: Trace Attempt  1	[55.09 s]
1.0.J: Trace Attempt  1	[55.22 s]
1.0.J: Trace Attempt  1	[55.34 s]
1.0.J: Trace Attempt  1	[55.46 s]
1.0.J: Trace Attempt  1	[55.57 s]
1.0.J: Trace Attempt  1	[55.69 s]
1.0.J: Trace Attempt  1	[55.80 s]
1.0.J: Trace Attempt  1	[55.92 s]
1.0.J: Trace Attempt  1	[56.03 s]
1.0.Q3: Restart 15, Seed 6d10126a45396f7b, 50.0%
1.0.Q3: Trace Attempt  1	[56.15 s]
1.0.Q3: Trace Attempt  2	[56.15 s]
1.0.Q3: Trace Attempt  3	[56.15 s]
1.0.Q3: Trace Attempt  4	[56.16 s]
1.0.Q3: Trace Attempt  5	[56.16 s]
1.0.J: Trace Attempt  1	[56.15 s]
1.0.J: Trace Attempt  1	[56.26 s]
1.0.J: Trace Attempt  1	[56.38 s]
1.0.B: Trace Attempt 22	[34.23 s]
1.0.J: Trace Attempt  1	[56.50 s]
1.0.U: Trace Attempt 42	[56.58 s]
1.0.AM: Trace Attempt 17	[34.36 s]
1.0.J: Trace Attempt  1	[56.62 s]
1.0.AB: Trace Attempt 17	[34.31 s]
1.0.J: Trace Attempt  1	[56.74 s]
1.0.J: Trace Attempt  1	[56.87 s]
1.0.J: Trace Attempt  1	[56.99 s]
1.0.J: Trace Attempt  1	[57.11 s]
1.0.J: Trace Attempt  1	[57.23 s]
1.0.J: Trace Attempt  1	[57.35 s]
1.0.J: Trace Attempt  1	[57.48 s]
1.0.J: Trace Attempt  1	[57.61 s]
1.0.J: Trace Attempt  1	[57.74 s]
1.0.J: Trace Attempt  1	[57.86 s]
1.0.J: Trace Attempt  1	[57.99 s]
1.0.J: Trace Attempt  1	[58.13 s]
1.0.J: Trace Attempt  1	[58.27 s]
1.0.J: Trace Attempt  1	[58.39 s]
1.0.J: Trace Attempt  1	[58.52 s]
1.0.Tri: Trace Attempt 38	[36.57 s]
1.0.J: Trace Attempt  1	[58.64 s]
1.0.J: Trace Attempt  1	[58.77 s]
1.0.J: Trace Attempt  1	[58.89 s]
1.0.J: Trace Attempt  1	[59.01 s]
1.0.J: Trace Attempt  1	[59.13 s]
1.0.J: Trace Attempt  1	[59.25 s]
1.0.J: Trace Attempt  1	[59.37 s]
1.0.J: Trace Attempt  1	[59.49 s]
1.0.J: Trace Attempt  1	[59.61 s]
1.0.J: Trace Attempt  1	[59.73 s]
1.0.J: Trace Attempt  1	[59.85 s]
1.0.Q3: Restart 16, Seed ce87a9ee7f2ec02a, 50.0%
1.0.Q3: Trace Attempt  1	[59.91 s]
1.0.Q3: Trace Attempt  2	[59.91 s]
1.0.Q3: Trace Attempt  3	[59.91 s]
1.0.Q3: Trace Attempt  4	[59.91 s]
1.0.Q3: Trace Attempt  5	[59.92 s]
1.0.J: Trace Attempt  1	[59.97 s]
1.0.J: Trace Attempt  1	[60.09 s]
1.0.J: Trace Attempt  1	[60.21 s]
1.0.K: Trace Attempt 22	[38.24 s]
1.0.J: Trace Attempt  1	[60.33 s]
1.0.J: Trace Attempt  1	[60.45 s]
1.0.J: Trace Attempt  1	[60.57 s]
1.0.J: Trace Attempt  1	[60.69 s]
1.0.U: Trace Attempt 52	[60.74 s]
1.0.J: Trace Attempt  1	[60.81 s]
1.0.AG: Iteration 20	[19.19 s]
1.0.J: Trace Attempt  1	[60.93 s]
1.0.J: Trace Attempt  1	[61.05 s]
1.0.AG: Iteration 21	[19.19 s]
1.0.J: Trace Attempt  1	[61.17 s]
1.0.J: Trace Attempt  1	[61.29 s]
1.0.AG: Iteration 22	[19.19 s]
1.0.J: Trace Attempt  1	[61.41 s]
1.0.J: Trace Attempt  1	[61.53 s]
1.0.AG: Iteration 23	[19.19 s]
1.0.J: Trace Attempt  1	[61.66 s]
1.0.J: Trace Attempt  1	[61.78 s]
1.0.AG: Iteration 24	[19.19 s]
1.0.J: Trace Attempt  1	[61.90 s]
1.0.J: Trace Attempt  1	[62.02 s]
1.0.AG: Iteration 25	[19.19 s]
1.0.J: Trace Attempt  1	[62.14 s]
1.0.C2: Iteration 16	[6.50 s]
1.0.J: Trace Attempt  1	[62.26 s]
1.0.J: Trace Attempt  1	[62.38 s]
1.0.J: Trace Attempt  1	[62.51 s]
1.0.J: Trace Attempt  1	[62.62 s]
1.0.C2: Iteration 17	[6.50 s]
1.0.J: Trace Attempt  1	[62.75 s]
1.0.J: Trace Attempt  1	[62.87 s]
1.0.J: Trace Attempt  1	[62.99 s]
1.0.J: Trace Attempt  1	[63.12 s]
1.0.J: Trace Attempt  1	[63.24 s]
1.0.J: Trace Attempt  1	[63.36 s]
1.0.C2: Iteration 18	[6.50 s]
1.0.Q3: Restart 17, Seed 3f737b9fa4666956, 50.0%
1.0.Q3: Trace Attempt  1	[63.47 s]
1.0.Q3: Trace Attempt  2	[63.47 s]
1.0.Q3: Trace Attempt  3	[63.47 s]
1.0.Q3: Trace Attempt  4	[63.48 s]
1.0.Q3: Trace Attempt  5	[63.48 s]
1.0.J: Trace Attempt  1	[63.48 s]
1.0.J: Trace Attempt  1	[63.61 s]
1.0.J: Trace Attempt  1	[63.73 s]
1.0.J: Trace Attempt  1	[63.86 s]
1.0.J: Trace Attempt  1	[63.98 s]
1.0.J: Trace Attempt  1	[64.11 s]
1.0.J: Trace Attempt  1	[64.23 s]
1.0.J: Trace Attempt  1	[64.35 s]
1.0.Hts: Trace Attempt 22	[42.44 s]
1.0.J: Trace Attempt  1	[64.47 s]
1.0.J: Trace Attempt  1	[64.60 s]
1.0.J: Trace Attempt  1	[64.72 s]
1.0.U: Trace Attempt 60	[64.80 s]
1.0.J: Trace Attempt  1	[64.84 s]
1.0.J: Trace Attempt  1	[64.97 s]
1.0.Hps: Trace Attempt 22	[43.02 s]
1.0.J: Trace Attempt  1	[65.09 s]
1.0.J: Trace Attempt  1	[65.21 s]
1.0.J: Trace Attempt  1	[65.33 s]
1.0.J: Trace Attempt  1	[65.46 s]
1.0.G: Iteration 16	[0.00 s]
1.0.J: Trace Attempt  1	[65.58 s]
1.0.J: Trace Attempt  1	[65.70 s]
1.0.B: Trace Attempt 23	[43.55 s]
1.0.J: Trace Attempt  1	[65.83 s]
1.0.J: Trace Attempt  1	[65.95 s]
1.0.G: Iteration 17	[0.00 s]
1.0.J: Trace Attempt  1	[66.08 s]
1.0.J: Trace Attempt  1	[66.20 s]
1.0.J: Trace Attempt  1	[66.32 s]
1.0.K: Trace Attempt 22	[44.33 s]
1.0.N: Trace Attempt 22	[44.35 s]
1.0.J: Trace Attempt  1	[66.45 s]
1.0.I: Trace Attempt 15	[44.32 s]
1.0.C: Trace Attempt 22	[44.23 s]
1.0.C2: Trace Attempt 22	[43.91 s]
1.0.G: Iteration 18	[0.00 s]
1.0.J: Trace Attempt  1	[66.58 s]
1.0.J: Trace Attempt  1	[66.71 s]
1.0.J: Trace Attempt  1	[66.84 s]
1.0.G2: Iteration 16	[0.00 s]
1.0.J: Trace Attempt  1	[66.97 s]
1.0.J: Trace Attempt  1	[67.10 s]
1.0.J: Trace Attempt  1	[67.23 s]
1.0.Q3: Restart 18, Seed 7f8f462ced5a840e, 50.0%
1.0.Q3: Trace Attempt  1	[67.32 s]
1.0.Q3: Trace Attempt  2	[67.32 s]
1.0.Q3: Trace Attempt  3	[67.32 s]
1.0.Q3: Trace Attempt  4	[67.33 s]
1.0.Q3: Trace Attempt  5	[67.33 s]
1.0.J: Trace Attempt  1	[67.36 s]
1.0.J: Trace Attempt  1	[67.49 s]
1.0.G2: Iteration 17	[0.00 s]
1.0.J: Trace Attempt  1	[67.62 s]
1.0.J: Trace Attempt  1	[67.75 s]
1.0.J: Trace Attempt  1	[67.88 s]
1.0.J: Trace Attempt  1	[68.02 s]
1.0.G2: Iteration 18	[0.00 s]
1.0.J: Trace Attempt  1	[68.14 s]
1.0.J: Trace Attempt  1	[68.27 s]
1.0.J: Trace Attempt  1	[68.40 s]
1.0.J: Trace Attempt  1	[68.54 s]
1.0.J: Trace Attempt  1	[68.67 s]
1.0.Tri: Trace Attempt 39	[46.64 s]
1.0.J: Trace Attempt  1	[68.80 s]
1.0.J: Trace Attempt  1	[68.93 s]
1.0.J: Trace Attempt  1	[69.06 s]
1.0.J: Trace Attempt  1	[69.19 s]
1.0.J: Trace Attempt  1	[69.32 s]
1.0.U: Trace Attempt 69	[69.35 s]
1.0.J: Trace Attempt  1	[69.45 s]
1.0.J: Trace Attempt  1	[69.58 s]
1.0.J: Trace Attempt  1	[69.72 s]
1.0.J: Trace Attempt  1	[69.85 s]
1.0.J: Trace Attempt  1	[69.98 s]
1.0.J: Trace Attempt  1	[70.11 s]
1.0.J: Trace Attempt  1	[70.24 s]
1.0.J: Trace Attempt  1	[70.37 s]
1.0.J: Trace Attempt  1	[70.50 s]
1.0.J: Trace Attempt  1	[70.63 s]
1.0.J: Trace Attempt  1	[70.76 s]
1.0.J: Trace Attempt  1	[70.89 s]
1.0.J: Trace Attempt  1	[71.03 s]
1.0.Q3: Restart 19, Seed f041bc43f67f33e3, 50.0%
1.0.Q3: Trace Attempt  1	[71.14 s]
1.0.Q3: Trace Attempt  2	[71.14 s]
1.0.Q3: Trace Attempt  3	[71.14 s]
1.0.Q3: Trace Attempt  4	[71.15 s]
1.0.Q3: Trace Attempt  5	[71.15 s]
1.0.J: Trace Attempt  1	[71.16 s]
1.0.J: Trace Attempt  1	[71.29 s]
1.0.J: Trace Attempt  1	[71.42 s]
1.0.J: Trace Attempt  1	[71.56 s]
1.0.J: Trace Attempt  1	[71.69 s]
1.0.J: Trace Attempt  1	[71.82 s]
1.0.J: Trace Attempt  1	[71.95 s]
1.0.J: Trace Attempt  1	[72.09 s]
1.0.J: Trace Attempt  1	[72.22 s]
1.0.J: Trace Attempt  1	[72.35 s]
1.0.J: Trace Attempt  1	[72.48 s]
1.0.J: Trace Attempt  1	[72.61 s]
1.0.J: Trace Attempt  1	[72.74 s]
1.0.J: Trace Attempt  1	[72.87 s]
1.0.J: Trace Attempt  1	[73.00 s]
1.0.J: Trace Attempt  1	[73.13 s]
INFO: Waiting for proof threads to stop...
Initiating shutdown of proof (@ 73.19 s)
1.0.Hts: Stopped processing property "mem_core_top.assert_response_bound"	[51.15 s].
1.0.Hps: Stopped processing property "mem_core_top.assert_response_bound"	[51.14 s].
1.0.Hts: All properties either determined or skipped. [72.74 s]
1.0.Hps: All properties either determined or skipped. [72.49 s]
1.0.Q3: Trace Attempt 142	[73.18 s]
1.0.Q3: Interrupted. [72.03 s]
1.0.Ht: Interrupted (multi)
1.0.Ht: Interrupted. [72.64 s]
1.0.J: Interrupted (multi)
1.0.J: Trace Attempt 41	[73.16 s]
1.0.J: Interrupted. [72.39 s]
1.0.AB: Stopped processing property "mem_core_top.assert_response_bound"	[50.78 s].
1.0.AB: All properties either determined or skipped. [72.34 s]
1.0.AM: Stopped processing property "mem_core_top.assert_response_bound"	[50.91 s].
1.0.AM: All properties either determined or skipped. [72.75 s]
1.0.Hts: Exited with Success (@ 73.19 s)
1.0.B: Stopped processing property "mem_core_top.assert_response_bound"	[51.00 s].
1.0.K: Stopped processing property "mem_core_top.assert_response_bound"	[51.07 s].
1.0.K: All properties either determined or skipped. [72.27 s]
1.0.J: Exited with Success (@ 73.19 s)
1.0.C2: Stopped processing property "mem_core_top.assert_response_bound"	[50.58 s].
1.0.C2: All properties either determined or skipped. [71.78 s]
1.0.C: Stopped processing property "mem_core_top.assert_response_bound"	[50.93 s].
1.0.C: All properties either determined or skipped. [72.94 s]
1.0.Ht: Exited with Success (@ 73.19 s)
1.0.N: Stopped processing property "mem_core_top.assert_response_bound"	[51.07 s].
1.0.Hps: Exited with Success (@ 73.19 s)
1.0.N: All properties either determined or skipped. [72.74 s]
1.0.Q3: Exited with Success (@ 73.20 s)
1.0.B: All properties either determined or skipped. [72.81 s]
1.0.Hp: Interrupted (multi)
1.0.Hp: Interrupted. [72.75 s]
1.0.AB: Exited with Success (@ 73.20 s)
1.0.AM: Exited with Success (@ 73.20 s)
1.0.C: Exited with Success (@ 73.21 s)
1.0.N: Exited with Success (@ 73.21 s)
1.0.C2: Exited with Success (@ 73.21 s)
1.0.B: Exited with Success (@ 73.21 s)
1.0.K: Exited with Success (@ 73.21 s)
1.0.I: Stopped processing property "mem_core_top.assert_response_bound"	[51.06 s].
1.0.I: All properties either determined or skipped. [72.53 s]
1.0.M: Stopped processing property "mem_core_top.assert_response_bound"	[51.08 s].
1.0.Hp: Exited with Success (@ 73.21 s)
1.0.M: Trace Attempt 14	[22.41 s]
1.0.M: All properties either determined or skipped. [72.46 s]
1.0.AD: Stopped processing property "mem_core_top.assert_response_bound"	[50.81 s].
1.0.AD: Trace Attempt 13	[18.51 s]
1.0.AD: All properties either determined or skipped. [72.88 s]
1.0.I: Exited with Success (@ 73.22 s)
1.0.AD: Exited with Success (@ 73.23 s)
1.0.M: Exited with Success (@ 73.23 s)
1.0.D: Stopped processing property "mem_core_top.assert_response_bound"	[51.10 s].
1.0.D: Trace Attempt 12	[0.01 s]
1.0.D: All properties either determined or skipped. [72.71 s]
1.0.D: Exited with Success (@ 73.24 s)
1.0.G2: Stopped processing property "mem_core_top.assert_response_bound"	[45.06 s].
1.0.G2: All properties either determined or skipped. [72.39 s]
1.0.G2: Exited with Success (@ 73.28 s)
1.0.Tri: Stopped processing property "mem_core_top.assert_response_bound"	[51.23 s].
1.0.Tri: Trace Attempt 50	[48.82 s]
1.0.Tri: All properties either determined or skipped. [0.09 s]
1.0.Tri: Exited with Success (@ 73.30 s)
1.0.AG: Stopped processing property "mem_core_top.assert_response_bound"	[51.17 s].
1.0.AG: All properties either determined or skipped. [73.05 s]
1.0.Bm: Next scan (0) will use per property time limit: 1s * 10 ^ 0 = 1s
1.0.Bm: Interrupted. [72.56 s]
1.0.AG: Exited with Success (@ 73.32 s)
1.0.Bm: Exited with Success (@ 73.32 s)
1.0.R: All properties either determined or skipped. [0.10 s]
1.0.R: Exited with Success (@ 73.34 s)
1.0.G: Stopped processing property "mem_core_top.assert_response_bound"	[43.20 s].
1.0.G: All properties either determined or skipped. [72.67 s]
1.0.G: Exited with Success (@ 73.36 s)
1.0.L: Interrupted. [73.00 s]
1.0.L: Exited with Success (@ 73.38 s)
1.0.U: Next scan (0) will use per property time limit: 1s * 10 ^ 0 = 1s
1.0.U: Trace Attempt 76	[73.18 s]
1.0.U: Interrupted. [72.86 s]
1.0.U: Exited with Success (@ 73.93 s)
ProofGrid usable level: 0
ProofGrid usable level: 0
All pending notifications were processed.
INFO (IPM007): "prove" command stopped.

==============================================================
SUMMARY
==============================================================
	Properties Considered : 7
	      assertions      : 2
	       - proven       : 0 (0%)
	       - marked_proven: 0 (0%)
	       - cex          : 0 (0%)
	       - ar_cex       : 0 (0%)
	       - undetermined : 2 (100%)
	       - unprocessed  : 0 (0%)
	       - error        : 0 (0%)
	      covers          : 5
	       - unreachable  : 0 (0%)
	       - covered      : 5 (100%)
	       - ar_covered   : 0 (0%)
	       - undetermined : 0 (0%)
	       - unprocessed  : 0 (0%)
	       - error        : 0 (0%)
INFO: Proof threads stopped.
