==============================================================
File generated on Sat Apr 11 12:35:12 PDT 2020
Vivado(TM) HLS - High-Level Synthesis from C, C++ and SystemC v2018.3 (64-bit)
SW Build 2405991 on Thu Dec  6 23:36:41 MST 2018
IP Build 2404404 on Fri Dec  7 01:43:56 MST 2018
Copyright 1986-2018 Xilinx, Inc. All Rights Reserved.
==============================================================
INFO: [SYN 201-201] Setting up clock 'default' with a period of 50ns.
INFO: [HLS 200-10] Setting target device to 'xa7a12tcsg325-1q'
INFO: [SYN 201-201] Setting up clock 'default' with a period of 50ns.
INFO: [SCHED 204-61] Option 'relax_ii_for_timing' is enabled, will increase II to preserve clock frequency constraints.
INFO: [HLS 200-10] Analyzing design file 'buf4bug2.cpp' ... 
WARNING: [HLS 200-40] In file included from buf4bug2.cpp:1:
buf4bug2.cpp:299:23: warning: in-class initialization of non-static data member is a C++11 extension [-Wc++11-extensions]
ap_uint<8> orig_val[2]={0}; ap_uint<8> dup_val[2]={0}; ap_uint<8> key[32]; ap_uint<16> orig_in=0xFFFF; ap_uint<8> orig_out[2]={0}; ap_uint<8> dup_out[2]={0}; ap_uint<1> orig_issued=0; ap_uint<1> dup_issued=0; ap_uint<16> dup_in=0xFFFF; ap_uint<16> in_count=0; ap_uint<16> out_count=0; ap_uint<1> orig_done=0; ap_uint<1> dup_done=0; ap_uint<8> output[128]; ap_uint<1> qed_done; ap_uint<1> qed_check; ap_uint<2> orig_idx; ap_uint<2> dup_idx;};
                      ^
buf4bug2.cpp:299:50: warning: in-class initialization of non-static data member is a C++11 extension [-Wc++11-extensions]
ap_uint<8> orig_val[2]={0}; ap_uint<8> dup_val[2]={0}; ap_uint<8> key[32]; ap_uint<16> orig_in=0xFFFF; ap_uint<8> orig_out[2]={0}; ap_uint<8> dup_out[2]={0}; ap_uint<1> orig_issued=0; ap_uint<1> dup_issued=0; ap_uint<16> dup_in=0xFFFF; ap_uint<16> in_count=0; ap_uint<16> out_count=0; ap_uint<1> orig_done=0; ap_uint<1> dup_done=0; ap_uint<8> output[128]; ap_uint<1> qed_done; ap_uint<1> qed_check; ap_uint<2> orig_idx; ap_uint<2> dup_idx;};
                                                 ^
buf4bug2.cpp:299:95: warning: in-class initialization of non-static data member is a C++11 extension [-Wc++11-extensions]
ap_uint<8> orig_val[2]={0}; ap_uint<8> dup_val[2]={0}; ap_uint<8> key[32]; ap_uint<16> orig_in=0xFFFF; ap_uint<8> orig_out[2]={0}; ap_uint<8> dup_out[2]={0}; ap_uint<1> orig_issued=0; ap_uint<1> dup_issued=0; ap_uint<16> dup_in=0xFFFF; ap_uint<16> in_count=0; ap_uint<16> out_count=0; ap_uint<1> orig_done=0; ap_uint<1> dup_done=0; ap_uint<8> output[128]; ap_uint<1> qed_done; ap_uint<1> qed_check; ap_uint<2> orig_idx; ap_uint<2> dup_idx;};
                                                                                              ^
buf4bug2.cpp:299:126: warning: in-class initialization of non-static data member is a C++11 extension [-Wc++11-extensions]
ap_uint<8> orig_val[2]={0}; ap_uint<8> dup_val[2]={0}; ap_uint<8> key[32]; ap_uint<16> orig_in=0xFFFF; ap_uint<8> orig_out[2]={0}; ap_uint<8> dup_out[2]={0}; ap_uint<1> orig_issued=0; ap_uint<1> dup_issued=0; ap_uint<16> dup_in=0xFFFF; ap_uint<16> in_count=0; ap_uint<16> out_count=0; ap_uint<1> orig_done=0; ap_uint<1> dup_done=0; ap_uint<8> output[128]; ap_uint<1> qed_done; ap_uint<1> qed_check; ap_uint<2> orig_idx; ap_uint<2> dup_idx;};
                                                                                                                             ^
buf4bug2.cpp:299:153: warning: in-class initialization of non-static data member is a C++11 extension [-Wc++11-extensions]
ap_uint<8> orig_val[2]={0}; ap_uint<8> dup_val[2]={0}; ap_uint<8> key[32]; ap_uint<16> orig_in=0xFFFF; ap_uint<8> orig_out[2]={0}; ap_uint<8> dup_out[2]={0}; ap_uint<1> orig_issued=0; ap_uint<1> dup_issued=0; ap_uint<16> dup_in=0xFFFF; ap_uint<16> in_count=0; ap_uint<16> out_count=0; ap_uint<1> orig_done=0; ap_uint<1> dup_done=0; ap_uint<8> output[128]; ap_uint<1> qed_done; ap_uint<1> qed_check; ap_uint<2> orig_idx; ap_uint<2> dup_idx;};
                                                                                                                                                        ^
buf4bug2.cpp:299:181: warning: in-class initialization of non-static data member is a C++11 extension [-Wc++11-extensions]
ap_uint<8> orig_val[2]={0}; ap_uint<8> dup_val[2]={0}; ap_uint<8> key[32]; ap_uint<16> orig_in=0xFFFF; ap_uint<8> orig_out[2]={0}; ap_uint<8> dup_out[2]={0}; ap_uint<1> orig_issued=0; ap_uint<1> dup_issued=0; ap_uint<16> dup_in=0xFFFF; ap_uint<16> in_count=0; ap_uint<16> out_count=0; ap_uint<1> orig_done=0; ap_uint<1> dup_done=0; ap_uint<8> output[128]; ap_uint<1> qed_done; ap_uint<1> qed_check; ap_uint<2> orig_idx; ap_uint<2> dup_idx;};
                                                                                                                                                                                    ^
buf4bug2.cpp:299:206: warning: in-class initialization of non-static data member is a C++11 extension [-Wc++11-extensions]
ap_uint<8> orig_val[2]={0}; ap_uint<8> dup_val[2]={0}; ap_uint<8> key[32]; ap_uint<16> orig_in=0xFFFF; ap_uint<8> orig_out[2]={0}; ap_uint<8> dup_out[2]={0}; ap_uint<1> orig_issued=0; ap_uint<1> dup_issued=0; ap_uint<16> dup_in=0xFFFF; ap_uint<16> in_count=0; ap_uint<16> out_count=0; ap_uint<1> orig_done=0; ap_uint<1> dup_done=0; ap_uint<8> output[128]; ap_uint<1> qed_done; ap_uint<1> qed_check; ap_uint<2> orig_idx; ap_uint<2> dup_idx;};
                                                                                                                                                                                                             ^
buf4bug2.cpp:299:228: warning: in-class initialization of non-static data member is a C++11 extension [-Wc++11-extensions]
ap_uint<8> orig_val[2]={0}; ap_uint<8> dup_val[2]={0}; ap_uint<8> key[32]; ap_uint<16> orig_in=0xFFFF; ap_uint<8> orig_out[2]={0}; ap_uint<8> dup_out[2]={0}; ap_uint<1> orig_issued=0; ap_uint<1> dup_issued=0; ap_uint<16> dup_in=0xFFFF; ap_uint<16> in_count=0; ap_uint<16> out_count=0; ap_uint<1> orig_done=0; ap_uint<1> dup_done=0; ap_uint<8> output[128]; ap_uint<1> qed_done; ap_uint<1> qed_check; ap_uint<2> orig_idx; ap_uint<2> dup_idx;};
                                                                                                                                                                                                                                   ^
buf4bug2.cpp:299:257: warning: in-class initialization of non-static data member is a C++11 extension [-Wc++11-extensions]
ap_uint<8> orig_val[2]={0}; ap_uint<8> dup_val[2]={0}; ap_uint<8> key[32]; ap_uint<16> orig_in=0xFFFF; ap_uint<8> orig_out[2]={0}; ap_uint<8> dup_out[2]={0}; ap_uint<1> orig_issued=0; ap_uint<1> dup_issued=0; ap_uint<16> dup_in=0xFFFF; ap_uint<16> in_count=0; ap_uint<16> out_count=0; ap_uint<1> orig_done=0; ap_uint<1> dup_done=0; ap_uint<8> output[128]; ap_uint<1> qed_done; ap_uint<1> qed_check; ap_uint<2> orig_idx; ap_uint<2> dup_idx;};
                                                                                                                                                                                                                                                                ^
buf4bug2.cpp:299:282: warning: in-class initialization of non-static data member is a C++11 extension [-Wc++11-extensions]
ap_uint<8> orig_val[2]={0}; ap_uint<8> dup_val[2]={0}; ap_uint<8> key[32]; ap_uint<16> orig_in=0xFFFF; ap_uint<8> orig_out[2]={0}; ap_uint<8> dup_out[2]={0}; ap_uint<1> orig_issued=0; ap_uint<1> dup_issued=0; ap_uint<16> dup_in=0xFFFF; ap_uint<16> in_count=0; ap_uint<16> out_count=0; ap_uint<1> orig_done=0; ap_uint<1> dup_done=0; ap_uint<8> output[128]; ap_uint<1> qed_done; ap_uint<1> qed_check; ap_uint<2> orig_idx; ap_uint<2> dup_idx;};
                                                                                                                                                                                                                                                                                         ^
buf4bug2.cpp:299:306: warning: in-class initialization of non-static data member is a C++11 extension [-Wc++11-extensions]
ap_uint<8> orig_val[2]={0}; ap_uint<8> dup_val[2]={0}; ap_uint<8> key[32]; ap_uint<16> orig_in=0xFFFF; ap_uint<8> orig_out[2]={0}; ap_uint<8> dup_out[2]={0}; ap_uint<1> orig_issued=0; ap_uint<1> dup_issued=0; ap_uint<16> dup_in=0xFFFF; ap_uint<16> in_count=0; ap_uint<16> out_count=0; ap_uint<1> orig_done=0; ap_uint<1> dup_done=0; ap_uint<8> output[128]; ap_uint<1> qed_done; ap_uint<1> qed_check; ap_uint<2> orig_idx; ap_uint<2> dup_idx;};
                                                                                                                                                                                                                                                                                                                 ^
buf4bug2.cpp:299:329: warning: in-class initialization of non-static data member is a C++11 extension [-Wc++11-extensions]
ap_uint<8> orig_val[2]={0}; ap_uint<8> dup_val[2]={0}; ap_uint<8> key[32]; ap_uint<16> orig_in=0xFFFF; ap_uint<8> orig_out[2]={0}; ap_uint<8> dup_out[2]={0}; ap_uint<1> orig_issued=0; ap_uint<1> dup_issued=0; ap_uint<16> dup_in=0xFFFF; ap_uint<16> in_count=0; ap_uint<16> out_count=0; ap_uint<1> orig_done=0; ap_uint<1> dup_done=0; ap_uint<8> output[128]; ap_uint<1> qed_done; ap_uint<1> qed_check; ap_uint<2> orig_idx; ap_uint<2> dup_idx;};
                                                                                                                                                                                                                                                                                                                                        ^
buf4bug2.cpp:346:228: warning: '&&' within '||' [-Wlogical-op-parentheses]
      ap_uint<1> issue_dup = (dup) && (dup_idx<=num) && (!state.dup_issued) && ((state.orig_issued && (*(bmc_in + dup_idx*((1) << (2))/2) == state.orig_val[0])) && (*(bmc_in + 1 + dup_idx*((1) << (2))/2) == state.orig_val[1])) && (key_sum == 0) || ((issue_orig == 1) && (*(bmc_in + orig_idx*((1) << (2))/2) == *(bmc_in + dup_idx*((1) << (2))/2)) && (*(bmc_in + 1 + orig_idx*((1) << (2))/2) == *(bmc_in + 1 + dup_idx*((1) << (2))/2)));
                             ~~~~~~~~~~~~~~~~~~~~~~~~~~~~~~~~~~~~~~~~~~~~~~~~~~~~~~~~~~~~~~~~~~~~~~~~~~~~~~~~~~~~~~~~~~~~~~~~~~~~~~~~~~~~~~~~~~~~~~~~~~~~~~~~~~~~~~~~~~~~~~~~~~~~~~~~~~~~~~~~~~~~~~~~~~~~~~~~~~~~~~~~~~~~~~~~~~~~~~^~~~~~~~~~~~~~~~~ ~~
buf4bug2.cpp:346:228: note: place parentheses around the '&&' expression to silence this warning
      ap_uint<1> issue_dup = (dup) && (dup_idx<=num) && (!state.dup_issued) && ((state.orig_issued && (*(bmc_in + dup_idx*((1) << (2))/2) == state.orig_val[0])) && (*(bmc_in + 1 + dup_idx*((1) << (2))/2) == state.orig_val[1])) && (key_sum == 0) || ((issue_orig == 1) && (*(bmc_in + orig_idx*((1) << (2))/2) == *(bmc_in + dup_idx*((1) << (2))/2)) && (*(bmc_in + 1 + orig_idx*((1) << (2))/2) == *(bmc_in + 1 + dup_idx*((1) << (2))/2)));
                                                                                                                                                                                                                                   ^
                             (                                                                                                                                                                                                                      )
13 warnings generated.
INFO: [HLS 200-111] Finished Linking Time (s): cpu = 00:00:13 ; elapsed = 00:00:16 . Memory (MB): peak = 535.258 ; gain = 0.113 ; free physical = 117068 ; free virtual = 125819
INFO: [HLS 200-111] Finished Checking Pragmas Time (s): cpu = 00:00:13 ; elapsed = 00:00:16 . Memory (MB): peak = 535.258 ; gain = 0.113 ; free physical = 117068 ; free virtual = 125819
INFO: [HLS 200-10] Starting code transformations ...
INFO: [HLS 200-489] Unrolling loop 'Loop-2.1' (buf4bug2.cpp:256) in function 'workload' completely with a factor of 1.
INFO: [HLS 200-111] Finished Standard Transforms Time (s): cpu = 00:00:14 ; elapsed = 00:00:17 . Memory (MB): peak = 535.426 ; gain = 0.281 ; free physical = 116991 ; free virtual = 125744
INFO: [HLS 200-10] Checking synthesizability ...
INFO: [XFORM 203-602] Inlining function 'aes_addRoundKey_cpy' into 'aes256_encrypt_ecb' (buf4bug2.cpp:217) automatically.
INFO: [XFORM 203-602] Inlining function 'aes_addRoundKey' into 'aes256_encrypt_ecb' (buf4bug2.cpp:229) automatically.
INFO: [XFORM 203-602] Inlining function 'aes_tiling' into 'workload' (buf4bug2.cpp:279) automatically.
INFO: [HLS 200-111] Finished Checking Synthesizability Time (s): cpu = 00:00:15 ; elapsed = 00:00:18 . Memory (MB): peak = 535.426 ; gain = 0.281 ; free physical = 116982 ; free virtual = 125736
INFO: [XFORM 203-1101] Packing variable 'o1' (buf4bug2.cpp:436) into a 24-bit variable.
INFO: [XFORM 203-1101] Packing variable 'o2' (buf4bug2.cpp:438) into a 3-bit variable.
INFO: [XFORM 203-1101] Packing variable 'agg.result' (buf4bug2.cpp:428) into a 20-bit variable.
INFO: [XFORM 203-502] Unrolling small iteration loop 'Loop-1' (buf4bug2.cpp:233) in function 'aes_tiling' automatically.
INFO: [HLS 200-489] Unrolling loop 'Loop-1' (buf4bug2.cpp:249) in function 'workload' completely with a factor of 32.
INFO: [HLS 200-489] Unrolling loop 'unroll_loop' (buf4bug2.cpp:277) in function 'workload' completely with a factor of 2.
INFO: [HLS 200-489] Unrolling loop 'Loop-1' (buf4bug2.cpp:341) in function 'aqed_in' completely with a factor of 32.
INFO: [HLS 200-489] Unrolling loop 'Loop-2' (buf4bug2.cpp:360) in function 'aqed_in' completely with a factor of 32.
INFO: [HLS 200-489] Unrolling loop 'Loop-1' (buf4bug2.cpp:233) in function 'aes_tiling' completely with a factor of 1.
INFO: [XFORM 203-102] Partitioning array 'key_in' (buf4bug2.cpp:443) automatically.
INFO: [XFORM 203-101] Partitioning array 'local_key' (buf4bug2.cpp:245) in dimension 1 completely.
INFO: [XFORM 203-101] Partitioning array 'buf' (buf4bug2.cpp:266) in dimension 1 completely.
INFO: [XFORM 203-602] Inlining function 'aes_addRoundKey_cpy' into 'aes256_encrypt_ecb' (buf4bug2.cpp:217) automatically.
INFO: [XFORM 203-602] Inlining function 'aes_addRoundKey' into 'aes256_encrypt_ecb' (buf4bug2.cpp:229) automatically.
INFO: [XFORM 203-602] Inlining function 'aes_tiling' into 'workload' (buf4bug2.cpp:279) automatically.
WARNING: [XFORM 203-561] Updating loop upper bound from 2 to 1 for loop 'major_loop' in function 'workload'.
WARNING: [XFORM 203-561] Updating loop lower bound from 0 to 1 for loop 'major_loop' in function 'workload'.
INFO: [XFORM 203-102] Automatically partitioning small array 'state.orig_val.V' completely based on array size.
INFO: [XFORM 203-102] Automatically partitioning small array 'state.orig_out.V' completely based on array size.
INFO: [XFORM 203-102] Automatically partitioning small array 'state.dup_val.V' completely based on array size.
INFO: [XFORM 203-102] Automatically partitioning small array 'buf[0]' (buf4bug2.cpp:266) completely based on array size.
INFO: [XFORM 203-102] Automatically partitioning small array 'buf[1]' (buf4bug2.cpp:266) completely based on array size.
INFO: [XFORM 203-101] Partitioning array 'state.orig_val.V' in dimension 1 completely.
INFO: [XFORM 203-101] Partitioning array 'state.orig_out.V' in dimension 1 completely.
INFO: [XFORM 203-101] Partitioning array 'state.dup_val.V' in dimension 1 completely.
INFO: [XFORM 203-101] Partitioning array 'buf[0]' (buf4bug2.cpp:266) in dimension 1 completely.
INFO: [XFORM 203-101] Partitioning array 'buf[1]' (buf4bug2.cpp:266) in dimension 1 completely.
INFO: [XFORM 203-401] Performing if-conversion on hyperblock from (buf4bug2.cpp:284:3) to (buf4bug2.cpp:282:31) in function 'workload'... converting 4 basic blocks.
INFO: [XFORM 203-401] Performing if-conversion on hyperblock from (buf4bug2.cpp:406:31) to (buf4bug2.cpp:409:9) in function 'aqed_out'... converting 3 basic blocks.
INFO: [XFORM 203-401] Performing if-conversion on hyperblock from (buf4bug2.cpp:330:24) to (buf4bug2.cpp:355:11) in function 'aqed_in'... converting 11 basic blocks.
INFO: [XFORM 203-401] Performing if-conversion on hyperblock from (buf4bug2.cpp:137:26) to (buf4bug2.cpp:139:2) in function 'aes256_encrypt_ecb'... converting 4 basic blocks.
INFO: [XFORM 203-401] Performing if-conversion on hyperblock from (buf4bug2.cpp:126:27) to (buf4bug2.cpp:128:2) in function 'aes256_encrypt_ecb'... converting 4 basic blocks.
INFO: [XFORM 203-11] Balancing expressions in function 'aqed_in' (buf4bug2.cpp:330)...10 expression(s) balanced.
INFO: [HLS 200-111] Finished Pre-synthesis Time (s): cpu = 00:00:15 ; elapsed = 00:00:19 . Memory (MB): peak = 663.148 ; gain = 128.004 ; free physical = 116935 ; free virtual = 125689
INFO: [HLS 200-111] Finished Architecture Synthesis Time (s): cpu = 00:00:16 ; elapsed = 00:00:19 . Memory (MB): peak = 663.148 ; gain = 128.004 ; free physical = 116892 ; free virtual = 125647
INFO: [HLS 200-10] Starting hardware synthesis ...
INFO: [HLS 200-10] Synthesizing 'aqed_top' ...
INFO: [HLS 200-10] ----------------------------------------------------------------
INFO: [HLS 200-42] -- Implementing module 'aqed_in' 
INFO: [HLS 200-10] ----------------------------------------------------------------
INFO: [SCHED 204-11] Starting scheduling ...
INFO: [SCHED 204-11] Finished scheduling.
INFO: [HLS 200-111]  Elapsed time: 19.39 seconds; current allocated memory: 120.935 MB.
INFO: [BIND 205-100] Starting micro-architecture generation ...
INFO: [BIND 205-101] Performing variable lifetime analysis.
INFO: [BIND 205-101] Exploring resource sharing.
INFO: [BIND 205-101] Binding ...
INFO: [BIND 205-100] Finished micro-architecture generation.
INFO: [HLS 200-111]  Elapsed time: 0.22 seconds; current allocated memory: 121.219 MB.
INFO: [HLS 200-10] ----------------------------------------------------------------
INFO: [HLS 200-42] -- Implementing module 'aes256_encrypt_ecb' 
INFO: [HLS 200-10] ----------------------------------------------------------------
INFO: [SCHED 204-11] Starting scheduling ...
INFO: [SCHED 204-61] Pipelining loop 'ecb1'.
INFO: [SCHED 204-61] Pipelining result : Target II = 1, Final II = 1, Depth = 2.
INFO: [SCHED 204-61] Pipelining loop 'cpkey'.
INFO: [SCHED 204-61] Pipelining result : Target II = 1, Final II = 1, Depth = 2.
INFO: [SCHED 204-61] Pipelining loop 'addkey'.
INFO: [SCHED 204-61] Pipelining result : Target II = 1, Final II = 1, Depth = 2.
INFO: [SCHED 204-11] Finished scheduling.
INFO: [HLS 200-111]  Elapsed time: 0.42 seconds; current allocated memory: 121.556 MB.
INFO: [BIND 205-100] Starting micro-architecture generation ...
INFO: [BIND 205-101] Performing variable lifetime analysis.
INFO: [BIND 205-101] Exploring resource sharing.
INFO: [BIND 205-101] Binding ...
INFO: [BIND 205-100] Finished micro-architecture generation.
INFO: [HLS 200-111]  Elapsed time: 0.23 seconds; current allocated memory: 121.851 MB.
INFO: [HLS 200-10] ----------------------------------------------------------------
INFO: [HLS 200-42] -- Implementing module 'workload' 
INFO: [HLS 200-10] ----------------------------------------------------------------
INFO: [SCHED 204-11] Starting scheduling ...
INFO: [SCHED 204-61] Pipelining loop 'Loop 1'.
INFO: [SCHED 204-61] Pipelining result : Target II = 1, Final II = 1, Depth = 2.
INFO: [SCHED 204-11] Finished scheduling.
INFO: [HLS 200-111]  Elapsed time: 0.58 seconds; current allocated memory: 122.117 MB.
INFO: [HLS 200-434] Only 1 loops out of a total 6 loops have been pipelined in this design.
INFO: [BIND 205-100] Starting micro-architecture generation ...
INFO: [BIND 205-101] Performing variable lifetime analysis.
==============================================================
File generated on Wed Apr 15 18:32:31 PDT 2020
Vivado(TM) HLS - High-Level Synthesis from C, C++ and SystemC v2018.3 (64-bit)
SW Build 2405991 on Thu Dec  6 23:36:41 MST 2018
IP Build 2404404 on Fri Dec  7 01:43:56 MST 2018
Copyright 1986-2018 Xilinx, Inc. All Rights Reserved.
==============================================================
INFO: [SYN 201-201] Setting up clock 'default' with a period of 50ns.
INFO: [HLS 200-10] Setting target device to 'xa7a12tcsg325-1q'
INFO: [SCHED 204-61] Option 'relax_ii_for_timing' is enabled, will increase II to preserve clock frequency constraints.
INFO: [HLS 200-10] Analyzing design file 'buf4bug2.cpp' ... 
WARNING: [HLS 200-40] In file included from buf4bug2.cpp:1:
buf4bug2.cpp:299:23: warning: in-class initialization of non-static data member is a C++11 extension [-Wc++11-extensions]
ap_uint<8> orig_val[2]={0}; ap_uint<8> dup_val[2]={0}; ap_uint<8> key[32]; ap_uint<16> orig_in=0xFFFF; ap_uint<8> orig_out[2]={0}; ap_uint<8> dup_out[2]={0}; ap_uint<1> orig_issued=0; ap_uint<1> dup_issued=0; ap_uint<16> dup_in=0xFFFF; ap_uint<16> in_count=0; ap_uint<16> out_count=0; ap_uint<1> orig_done=0; ap_uint<1> dup_done=0; ap_uint<8> output[128]; ap_uint<1> qed_done; ap_uint<1> qed_check; ap_uint<2> orig_idx; ap_uint<2> dup_idx;};
                      ^
buf4bug2.cpp:299:50: warning: in-class initialization of non-static data member is a C++11 extension [-Wc++11-extensions]
ap_uint<8> orig_val[2]={0}; ap_uint<8> dup_val[2]={0}; ap_uint<8> key[32]; ap_uint<16> orig_in=0xFFFF; ap_uint<8> orig_out[2]={0}; ap_uint<8> dup_out[2]={0}; ap_uint<1> orig_issued=0; ap_uint<1> dup_issued=0; ap_uint<16> dup_in=0xFFFF; ap_uint<16> in_count=0; ap_uint<16> out_count=0; ap_uint<1> orig_done=0; ap_uint<1> dup_done=0; ap_uint<8> output[128]; ap_uint<1> qed_done; ap_uint<1> qed_check; ap_uint<2> orig_idx; ap_uint<2> dup_idx;};
                                                 ^
buf4bug2.cpp:299:95: warning: in-class initialization of non-static data member is a C++11 extension [-Wc++11-extensions]
ap_uint<8> orig_val[2]={0}; ap_uint<8> dup_val[2]={0}; ap_uint<8> key[32]; ap_uint<16> orig_in=0xFFFF; ap_uint<8> orig_out[2]={0}; ap_uint<8> dup_out[2]={0}; ap_uint<1> orig_issued=0; ap_uint<1> dup_issued=0; ap_uint<16> dup_in=0xFFFF; ap_uint<16> in_count=0; ap_uint<16> out_count=0; ap_uint<1> orig_done=0; ap_uint<1> dup_done=0; ap_uint<8> output[128]; ap_uint<1> qed_done; ap_uint<1> qed_check; ap_uint<2> orig_idx; ap_uint<2> dup_idx;};
                                                                                              ^
buf4bug2.cpp:299:126: warning: in-class initialization of non-static data member is a C++11 extension [-Wc++11-extensions]
ap_uint<8> orig_val[2]={0}; ap_uint<8> dup_val[2]={0}; ap_uint<8> key[32]; ap_uint<16> orig_in=0xFFFF; ap_uint<8> orig_out[2]={0}; ap_uint<8> dup_out[2]={0}; ap_uint<1> orig_issued=0; ap_uint<1> dup_issued=0; ap_uint<16> dup_in=0xFFFF; ap_uint<16> in_count=0; ap_uint<16> out_count=0; ap_uint<1> orig_done=0; ap_uint<1> dup_done=0; ap_uint<8> output[128]; ap_uint<1> qed_done; ap_uint<1> qed_check; ap_uint<2> orig_idx; ap_uint<2> dup_idx;};
                                                                                                                             ^
buf4bug2.cpp:299:153: warning: in-class initialization of non-static data member is a C++11 extension [-Wc++11-extensions]
ap_uint<8> orig_val[2]={0}; ap_uint<8> dup_val[2]={0}; ap_uint<8> key[32]; ap_uint<16> orig_in=0xFFFF; ap_uint<8> orig_out[2]={0}; ap_uint<8> dup_out[2]={0}; ap_uint<1> orig_issued=0; ap_uint<1> dup_issued=0; ap_uint<16> dup_in=0xFFFF; ap_uint<16> in_count=0; ap_uint<16> out_count=0; ap_uint<1> orig_done=0; ap_uint<1> dup_done=0; ap_uint<8> output[128]; ap_uint<1> qed_done; ap_uint<1> qed_check; ap_uint<2> orig_idx; ap_uint<2> dup_idx;};
                                                                                                                                                        ^
buf4bug2.cpp:299:181: warning: in-class initialization of non-static data member is a C++11 extension [-Wc++11-extensions]
ap_uint<8> orig_val[2]={0}; ap_uint<8> dup_val[2]={0}; ap_uint<8> key[32]; ap_uint<16> orig_in=0xFFFF; ap_uint<8> orig_out[2]={0}; ap_uint<8> dup_out[2]={0}; ap_uint<1> orig_issued=0; ap_uint<1> dup_issued=0; ap_uint<16> dup_in=0xFFFF; ap_uint<16> in_count=0; ap_uint<16> out_count=0; ap_uint<1> orig_done=0; ap_uint<1> dup_done=0; ap_uint<8> output[128]; ap_uint<1> qed_done; ap_uint<1> qed_check; ap_uint<2> orig_idx; ap_uint<2> dup_idx;};
                                                                                                                                                                                    ^
buf4bug2.cpp:299:206: warning: in-class initialization of non-static data member is a C++11 extension [-Wc++11-extensions]
ap_uint<8> orig_val[2]={0}; ap_uint<8> dup_val[2]={0}; ap_uint<8> key[32]; ap_uint<16> orig_in=0xFFFF; ap_uint<8> orig_out[2]={0}; ap_uint<8> dup_out[2]={0}; ap_uint<1> orig_issued=0; ap_uint<1> dup_issued=0; ap_uint<16> dup_in=0xFFFF; ap_uint<16> in_count=0; ap_uint<16> out_count=0; ap_uint<1> orig_done=0; ap_uint<1> dup_done=0; ap_uint<8> output[128]; ap_uint<1> qed_done; ap_uint<1> qed_check; ap_uint<2> orig_idx; ap_uint<2> dup_idx;};
                                                                                                                                                                                                             ^
buf4bug2.cpp:299:228: warning: in-class initialization of non-static data member is a C++11 extension [-Wc++11-extensions]
ap_uint<8> orig_val[2]={0}; ap_uint<8> dup_val[2]={0}; ap_uint<8> key[32]; ap_uint<16> orig_in=0xFFFF; ap_uint<8> orig_out[2]={0}; ap_uint<8> dup_out[2]={0}; ap_uint<1> orig_issued=0; ap_uint<1> dup_issued=0; ap_uint<16> dup_in=0xFFFF; ap_uint<16> in_count=0; ap_uint<16> out_count=0; ap_uint<1> orig_done=0; ap_uint<1> dup_done=0; ap_uint<8> output[128]; ap_uint<1> qed_done; ap_uint<1> qed_check; ap_uint<2> orig_idx; ap_uint<2> dup_idx;};
                                                                                                                                                                                                                                   ^
buf4bug2.cpp:299:257: warning: in-class initialization of non-static data member is a C++11 extension [-Wc++11-extensions]
ap_uint<8> orig_val[2]={0}; ap_uint<8> dup_val[2]={0}; ap_uint<8> key[32]; ap_uint<16> orig_in=0xFFFF; ap_uint<8> orig_out[2]={0}; ap_uint<8> dup_out[2]={0}; ap_uint<1> orig_issued=0; ap_uint<1> dup_issued=0; ap_uint<16> dup_in=0xFFFF; ap_uint<16> in_count=0; ap_uint<16> out_count=0; ap_uint<1> orig_done=0; ap_uint<1> dup_done=0; ap_uint<8> output[128]; ap_uint<1> qed_done; ap_uint<1> qed_check; ap_uint<2> orig_idx; ap_uint<2> dup_idx;};
                                                                                                                                                                                                                                                                ^
buf4bug2.cpp:299:282: warning: in-class initialization of non-static data member is a C++11 extension [-Wc++11-extensions]
ap_uint<8> orig_val[2]={0}; ap_uint<8> dup_val[2]={0}; ap_uint<8> key[32]; ap_uint<16> orig_in=0xFFFF; ap_uint<8> orig_out[2]={0}; ap_uint<8> dup_out[2]={0}; ap_uint<1> orig_issued=0; ap_uint<1> dup_issued=0; ap_uint<16> dup_in=0xFFFF; ap_uint<16> in_count=0; ap_uint<16> out_count=0; ap_uint<1> orig_done=0; ap_uint<1> dup_done=0; ap_uint<8> output[128]; ap_uint<1> qed_done; ap_uint<1> qed_check; ap_uint<2> orig_idx; ap_uint<2> dup_idx;};
                                                                                                                                                                                                                                                                                         ^
buf4bug2.cpp:299:306: warning: in-class initialization of non-static data member is a C++11 extension [-Wc++11-extensions]
ap_uint<8> orig_val[2]={0}; ap_uint<8> dup_val[2]={0}; ap_uint<8> key[32]; ap_uint<16> orig_in=0xFFFF; ap_uint<8> orig_out[2]={0}; ap_uint<8> dup_out[2]={0}; ap_uint<1> orig_issued=0; ap_uint<1> dup_issued=0; ap_uint<16> dup_in=0xFFFF; ap_uint<16> in_count=0; ap_uint<16> out_count=0; ap_uint<1> orig_done=0; ap_uint<1> dup_done=0; ap_uint<8> output[128]; ap_uint<1> qed_done; ap_uint<1> qed_check; ap_uint<2> orig_idx; ap_uint<2> dup_idx;};
                                                                                                                                                                                                                                                                                                                 ^
buf4bug2.cpp:299:329: warning: in-class initialization of non-static data member is a C++11 extension [-Wc++11-extensions]
ap_uint<8> orig_val[2]={0}; ap_uint<8> dup_val[2]={0}; ap_uint<8> key[32]; ap_uint<16> orig_in=0xFFFF; ap_uint<8> orig_out[2]={0}; ap_uint<8> dup_out[2]={0}; ap_uint<1> orig_issued=0; ap_uint<1> dup_issued=0; ap_uint<16> dup_in=0xFFFF; ap_uint<16> in_count=0; ap_uint<16> out_count=0; ap_uint<1> orig_done=0; ap_uint<1> dup_done=0; ap_uint<8> output[128]; ap_uint<1> qed_done; ap_uint<1> qed_check; ap_uint<2> orig_idx; ap_uint<2> dup_idx;};
                                                                                                                                                                                                                                                                                                                                        ^
12 warnings generated.
INFO: [HLS 200-111] Finished Linking Time (s): cpu = 00:00:16 ; elapsed = 00:00:18 . Memory (MB): peak = 535.254 ; gain = 0.109 ; free physical = 75030 ; free virtual = 80243
INFO: [HLS 200-111] Finished Checking Pragmas Time (s): cpu = 00:00:16 ; elapsed = 00:00:18 . Memory (MB): peak = 535.254 ; gain = 0.109 ; free physical = 75030 ; free virtual = 80243
INFO: [HLS 200-10] Starting code transformations ...
INFO: [HLS 200-489] Unrolling loop 'Loop-2.1' (buf4bug2.cpp:256) in function 'workload' completely with a factor of 1.
INFO: [HLS 200-111] Finished Standard Transforms Time (s): cpu = 00:00:17 ; elapsed = 00:00:20 . Memory (MB): peak = 535.430 ; gain = 0.285 ; free physical = 74998 ; free virtual = 80212
INFO: [HLS 200-10] Checking synthesizability ...
INFO: [XFORM 203-602] Inlining function 'aes_addRoundKey_cpy' into 'aes256_encrypt_ecb' (buf4bug2.cpp:217) automatically.
INFO: [XFORM 203-602] Inlining function 'aes_addRoundKey' into 'aes256_encrypt_ecb' (buf4bug2.cpp:229) automatically.
INFO: [XFORM 203-602] Inlining function 'aes_tiling' into 'workload' (buf4bug2.cpp:279) automatically.
INFO: [HLS 200-111] Finished Checking Synthesizability Time (s): cpu = 00:00:17 ; elapsed = 00:00:20 . Memory (MB): peak = 535.430 ; gain = 0.285 ; free physical = 74992 ; free virtual = 80207
INFO: [XFORM 203-1101] Packing variable 'o1' (buf4bug2.cpp:437) into a 24-bit variable.
INFO: [XFORM 203-1101] Packing variable 'o2' (buf4bug2.cpp:439) into a 3-bit variable.
INFO: [XFORM 203-1101] Packing variable 'agg.result' (buf4bug2.cpp:429) into a 20-bit variable.
INFO: [XFORM 203-502] Unrolling small iteration loop 'Loop-1' (buf4bug2.cpp:233) in function 'aes_tiling' automatically.
INFO: [HLS 200-489] Unrolling loop 'Loop-1' (buf4bug2.cpp:249) in function 'workload' completely with a factor of 32.
INFO: [HLS 200-489] Unrolling loop 'unroll_loop' (buf4bug2.cpp:277) in function 'workload' completely with a factor of 2.
INFO: [HLS 200-489] Unrolling loop 'Loop-1' (buf4bug2.cpp:233) in function 'aes_tiling' completely with a factor of 1.
INFO: [HLS 200-489] Unrolling loop 'Loop-1' (buf4bug2.cpp:341) in function 'aqed_in' completely with a factor of 32.
INFO: [HLS 200-489] Unrolling loop 'Loop-2' (buf4bug2.cpp:360) in function 'aqed_in' completely with a factor of 32.
INFO: [XFORM 203-101] Partitioning array 'local_key' (buf4bug2.cpp:245) in dimension 1 completely.
INFO: [XFORM 203-101] Partitioning array 'buf' (buf4bug2.cpp:266) in dimension 1 completely.
INFO: [XFORM 203-602] Inlining function 'aes_addRoundKey_cpy' into 'aes256_encrypt_ecb' (buf4bug2.cpp:217) automatically.
INFO: [XFORM 203-602] Inlining function 'aes_addRoundKey' into 'aes256_encrypt_ecb' (buf4bug2.cpp:229) automatically.
INFO: [XFORM 203-602] Inlining function 'aes_tiling' into 'workload' (buf4bug2.cpp:279) automatically.
WARNING: [XFORM 203-561] Updating loop upper bound from 2 to 1 for loop 'major_loop' in function 'workload'.
WARNING: [XFORM 203-561] Updating loop lower bound from 0 to 1 for loop 'major_loop' in function 'workload'.
INFO: [XFORM 203-102] Automatically partitioning small array 'state.orig_val.V' completely based on array size.
INFO: [XFORM 203-102] Automatically partitioning small array 'state.orig_out.V' completely based on array size.
INFO: [XFORM 203-102] Automatically partitioning small array 'state.dup_val.V' completely based on array size.
INFO: [XFORM 203-102] Automatically partitioning small array 'buf[0]' (buf4bug2.cpp:266) completely based on array size.
INFO: [XFORM 203-102] Automatically partitioning small array 'buf[1]' (buf4bug2.cpp:266) completely based on array size.
INFO: [XFORM 203-101] Partitioning array 'state.orig_val.V' in dimension 1 completely.
INFO: [XFORM 203-101] Partitioning array 'state.orig_out.V' in dimension 1 completely.
INFO: [XFORM 203-101] Partitioning array 'state.dup_val.V' in dimension 1 completely.
INFO: [XFORM 203-101] Partitioning array 'buf[0]' (buf4bug2.cpp:266) in dimension 1 completely.
INFO: [XFORM 203-101] Partitioning array 'buf[1]' (buf4bug2.cpp:266) in dimension 1 completely.
INFO: [XFORM 203-401] Performing if-conversion on hyperblock from (buf4bug2.cpp:284:3) to (buf4bug2.cpp:282:31) in function 'workload'... converting 4 basic blocks.
INFO: [XFORM 203-401] Performing if-conversion on hyperblock from (buf4bug2.cpp:406:31) to (buf4bug2.cpp:409:9) in function 'aqed_out'... converting 3 basic blocks.
INFO: [XFORM 203-401] Performing if-conversion on hyperblock to (buf4bug2.cpp:355:11) in function 'aqed_in'... converting 11 basic blocks.
INFO: [XFORM 203-401] Performing if-conversion on hyperblock from (buf4bug2.cpp:137:26) to (buf4bug2.cpp:139:2) in function 'aes256_encrypt_ecb'... converting 4 basic blocks.
INFO: [XFORM 203-401] Performing if-conversion on hyperblock from (buf4bug2.cpp:126:27) to (buf4bug2.cpp:128:2) in function 'aes256_encrypt_ecb'... converting 4 basic blocks.
INFO: [XFORM 203-11] Balancing expressions in function 'workload' (buf4bug2.cpp:237)...6 expression(s) balanced.
INFO: [XFORM 203-11] Balancing expressions in function 'aqed_in' (buf4bug2.cpp:330)...7 expression(s) balanced.
INFO: [HLS 200-111] Finished Pre-synthesis Time (s): cpu = 00:00:18 ; elapsed = 00:00:21 . Memory (MB): peak = 663.148 ; gain = 128.004 ; free physical = 74942 ; free virtual = 80158
INFO: [HLS 200-111] Finished Architecture Synthesis Time (s): cpu = 00:00:19 ; elapsed = 00:00:22 . Memory (MB): peak = 663.148 ; gain = 128.004 ; free physical = 74905 ; free virtual = 80120
INFO: [HLS 200-10] Starting hardware synthesis ...
INFO: [HLS 200-10] Synthesizing 'aqed_top' ...
INFO: [HLS 200-10] ----------------------------------------------------------------
INFO: [HLS 200-42] -- Implementing module 'aqed_in' 
INFO: [HLS 200-10] ----------------------------------------------------------------
INFO: [SCHED 204-11] Starting scheduling ...
INFO: [SCHED 204-11] Finished scheduling.
INFO: [HLS 200-111]  Elapsed time: 22.26 seconds; current allocated memory: 121.610 MB.
INFO: [BIND 205-100] Starting micro-architecture generation ...
INFO: [BIND 205-101] Performing variable lifetime analysis.
INFO: [BIND 205-101] Exploring resource sharing.
INFO: [BIND 205-101] Binding ...
INFO: [BIND 205-100] Finished micro-architecture generation.
INFO: [HLS 200-111]  Elapsed time: 0.38 seconds; current allocated memory: 122.042 MB.
INFO: [HLS 200-10] ----------------------------------------------------------------
INFO: [HLS 200-42] -- Implementing module 'aes256_encrypt_ecb' 
INFO: [HLS 200-10] ----------------------------------------------------------------
INFO: [SCHED 204-11] Starting scheduling ...
INFO: [SCHED 204-61] Pipelining loop 'ecb1'.
INFO: [SCHED 204-61] Pipelining result : Target II = 1, Final II = 1, Depth = 2.
INFO: [SCHED 204-61] Pipelining loop 'cpkey'.
INFO: [SCHED 204-61] Pipelining result : Target II = 1, Final II = 1, Depth = 2.
INFO: [SCHED 204-61] Pipelining loop 'addkey'.
INFO: [SCHED 204-61] Pipelining result : Target II = 1, Final II = 1, Depth = 2.
INFO: [SCHED 204-11] Finished scheduling.
INFO: [HLS 200-111]  Elapsed time: 0.82 seconds; current allocated memory: 122.365 MB.
INFO: [BIND 205-100] Starting micro-architecture generation ...
INFO: [BIND 205-101] Performing variable lifetime analysis.
INFO: [BIND 205-101] Exploring resource sharing.
INFO: [BIND 205-101] Binding ...
INFO: [BIND 205-100] Finished micro-architecture generation.
INFO: [HLS 200-111]  Elapsed time: 0.23 seconds; current allocated memory: 122.660 MB.
INFO: [HLS 200-10] ----------------------------------------------------------------
INFO: [HLS 200-42] -- Implementing module 'workload' 
INFO: [HLS 200-10] ----------------------------------------------------------------
INFO: [SCHED 204-11] Starting scheduling ...
INFO: [SCHED 204-61] Pipelining loop 'Loop 1'.
INFO: [SCHED 204-61] Pipelining result : Target II = 1, Final II = 1, Depth = 1.
INFO: [SCHED 204-11] Finished scheduling.
INFO: [HLS 200-111]  Elapsed time: 0.37 seconds; current allocated memory: 122.948 MB.
INFO: [HLS 200-434] Only 1 loops out of a total 6 loops have been pipelined in this design.
INFO: [BIND 205-100] Starting micro-architecture generation ...
INFO: [BIND 205-101] Performing variable lifetime analysis.
==============================================================
File generated on Wed Apr 15 18:33:23 PDT 2020
Vivado(TM) HLS - High-Level Synthesis from C, C++ and SystemC v2018.3 (64-bit)
SW Build 2405991 on Thu Dec  6 23:36:41 MST 2018
IP Build 2404404 on Fri Dec  7 01:43:56 MST 2018
Copyright 1986-2018 Xilinx, Inc. All Rights Reserved.
==============================================================
INFO: [SYN 201-201] Setting up clock 'default' with a period of 50ns.
INFO: [HLS 200-10] Setting target device to 'xa7a12tcsg325-1q'
INFO: [SCHED 204-61] Option 'relax_ii_for_timing' is enabled, will increase II to preserve clock frequency constraints.
INFO: [HLS 200-10] Analyzing design file 'buf4bug2.cpp' ... 
WARNING: [HLS 200-40] In file included from buf4bug2.cpp:1:
buf4bug2.cpp:299:23: warning: in-class initialization of non-static data member is a C++11 extension [-Wc++11-extensions]
ap_uint<8> orig_val[2]={0}; ap_uint<8> dup_val[2]={0}; ap_uint<8> key[32]; ap_uint<16> orig_in=0xFFFF; ap_uint<8> orig_out[2]={0}; ap_uint<8> dup_out[2]={0}; ap_uint<1> orig_issued=0; ap_uint<1> dup_issued=0; ap_uint<16> dup_in=0xFFFF; ap_uint<16> in_count=0; ap_uint<16> out_count=0; ap_uint<1> orig_done=0; ap_uint<1> dup_done=0; ap_uint<8> output[128]; ap_uint<1> qed_done; ap_uint<1> qed_check; ap_uint<2> orig_idx; ap_uint<2> dup_idx;};
                      ^
buf4bug2.cpp:299:50: warning: in-class initialization of non-static data member is a C++11 extension [-Wc++11-extensions]
ap_uint<8> orig_val[2]={0}; ap_uint<8> dup_val[2]={0}; ap_uint<8> key[32]; ap_uint<16> orig_in=0xFFFF; ap_uint<8> orig_out[2]={0}; ap_uint<8> dup_out[2]={0}; ap_uint<1> orig_issued=0; ap_uint<1> dup_issued=0; ap_uint<16> dup_in=0xFFFF; ap_uint<16> in_count=0; ap_uint<16> out_count=0; ap_uint<1> orig_done=0; ap_uint<1> dup_done=0; ap_uint<8> output[128]; ap_uint<1> qed_done; ap_uint<1> qed_check; ap_uint<2> orig_idx; ap_uint<2> dup_idx;};
                                                 ^
buf4bug2.cpp:299:95: warning: in-class initialization of non-static data member is a C++11 extension [-Wc++11-extensions]
ap_uint<8> orig_val[2]={0}; ap_uint<8> dup_val[2]={0}; ap_uint<8> key[32]; ap_uint<16> orig_in=0xFFFF; ap_uint<8> orig_out[2]={0}; ap_uint<8> dup_out[2]={0}; ap_uint<1> orig_issued=0; ap_uint<1> dup_issued=0; ap_uint<16> dup_in=0xFFFF; ap_uint<16> in_count=0; ap_uint<16> out_count=0; ap_uint<1> orig_done=0; ap_uint<1> dup_done=0; ap_uint<8> output[128]; ap_uint<1> qed_done; ap_uint<1> qed_check; ap_uint<2> orig_idx; ap_uint<2> dup_idx;};
                                                                                              ^
buf4bug2.cpp:299:126: warning: in-class initialization of non-static data member is a C++11 extension [-Wc++11-extensions]
ap_uint<8> orig_val[2]={0}; ap_uint<8> dup_val[2]={0}; ap_uint<8> key[32]; ap_uint<16> orig_in=0xFFFF; ap_uint<8> orig_out[2]={0}; ap_uint<8> dup_out[2]={0}; ap_uint<1> orig_issued=0; ap_uint<1> dup_issued=0; ap_uint<16> dup_in=0xFFFF; ap_uint<16> in_count=0; ap_uint<16> out_count=0; ap_uint<1> orig_done=0; ap_uint<1> dup_done=0; ap_uint<8> output[128]; ap_uint<1> qed_done; ap_uint<1> qed_check; ap_uint<2> orig_idx; ap_uint<2> dup_idx;};
                                                                                                                             ^
buf4bug2.cpp:299:153: warning: in-class initialization of non-static data member is a C++11 extension [-Wc++11-extensions]
ap_uint<8> orig_val[2]={0}; ap_uint<8> dup_val[2]={0}; ap_uint<8> key[32]; ap_uint<16> orig_in=0xFFFF; ap_uint<8> orig_out[2]={0}; ap_uint<8> dup_out[2]={0}; ap_uint<1> orig_issued=0; ap_uint<1> dup_issued=0; ap_uint<16> dup_in=0xFFFF; ap_uint<16> in_count=0; ap_uint<16> out_count=0; ap_uint<1> orig_done=0; ap_uint<1> dup_done=0; ap_uint<8> output[128]; ap_uint<1> qed_done; ap_uint<1> qed_check; ap_uint<2> orig_idx; ap_uint<2> dup_idx;};
                                                                                                                                                        ^
buf4bug2.cpp:299:181: warning: in-class initialization of non-static data member is a C++11 extension [-Wc++11-extensions]
ap_uint<8> orig_val[2]={0}; ap_uint<8> dup_val[2]={0}; ap_uint<8> key[32]; ap_uint<16> orig_in=0xFFFF; ap_uint<8> orig_out[2]={0}; ap_uint<8> dup_out[2]={0}; ap_uint<1> orig_issued=0; ap_uint<1> dup_issued=0; ap_uint<16> dup_in=0xFFFF; ap_uint<16> in_count=0; ap_uint<16> out_count=0; ap_uint<1> orig_done=0; ap_uint<1> dup_done=0; ap_uint<8> output[128]; ap_uint<1> qed_done; ap_uint<1> qed_check; ap_uint<2> orig_idx; ap_uint<2> dup_idx;};
                                                                                                                                                                                    ^
buf4bug2.cpp:299:206: warning: in-class initialization of non-static data member is a C++11 extension [-Wc++11-extensions]
ap_uint<8> orig_val[2]={0}; ap_uint<8> dup_val[2]={0}; ap_uint<8> key[32]; ap_uint<16> orig_in=0xFFFF; ap_uint<8> orig_out[2]={0}; ap_uint<8> dup_out[2]={0}; ap_uint<1> orig_issued=0; ap_uint<1> dup_issued=0; ap_uint<16> dup_in=0xFFFF; ap_uint<16> in_count=0; ap_uint<16> out_count=0; ap_uint<1> orig_done=0; ap_uint<1> dup_done=0; ap_uint<8> output[128]; ap_uint<1> qed_done; ap_uint<1> qed_check; ap_uint<2> orig_idx; ap_uint<2> dup_idx;};
                                                                                                                                                                                                             ^
buf4bug2.cpp:299:228: warning: in-class initialization of non-static data member is a C++11 extension [-Wc++11-extensions]
ap_uint<8> orig_val[2]={0}; ap_uint<8> dup_val[2]={0}; ap_uint<8> key[32]; ap_uint<16> orig_in=0xFFFF; ap_uint<8> orig_out[2]={0}; ap_uint<8> dup_out[2]={0}; ap_uint<1> orig_issued=0; ap_uint<1> dup_issued=0; ap_uint<16> dup_in=0xFFFF; ap_uint<16> in_count=0; ap_uint<16> out_count=0; ap_uint<1> orig_done=0; ap_uint<1> dup_done=0; ap_uint<8> output[128]; ap_uint<1> qed_done; ap_uint<1> qed_check; ap_uint<2> orig_idx; ap_uint<2> dup_idx;};
                                                                                                                                                                                                                                   ^
buf4bug2.cpp:299:257: warning: in-class initialization of non-static data member is a C++11 extension [-Wc++11-extensions]
ap_uint<8> orig_val[2]={0}; ap_uint<8> dup_val[2]={0}; ap_uint<8> key[32]; ap_uint<16> orig_in=0xFFFF; ap_uint<8> orig_out[2]={0}; ap_uint<8> dup_out[2]={0}; ap_uint<1> orig_issued=0; ap_uint<1> dup_issued=0; ap_uint<16> dup_in=0xFFFF; ap_uint<16> in_count=0; ap_uint<16> out_count=0; ap_uint<1> orig_done=0; ap_uint<1> dup_done=0; ap_uint<8> output[128]; ap_uint<1> qed_done; ap_uint<1> qed_check; ap_uint<2> orig_idx; ap_uint<2> dup_idx;};
                                                                                                                                                                                                                                                                ^
buf4bug2.cpp:299:282: warning: in-class initialization of non-static data member is a C++11 extension [-Wc++11-extensions]
ap_uint<8> orig_val[2]={0}; ap_uint<8> dup_val[2]={0}; ap_uint<8> key[32]; ap_uint<16> orig_in=0xFFFF; ap_uint<8> orig_out[2]={0}; ap_uint<8> dup_out[2]={0}; ap_uint<1> orig_issued=0; ap_uint<1> dup_issued=0; ap_uint<16> dup_in=0xFFFF; ap_uint<16> in_count=0; ap_uint<16> out_count=0; ap_uint<1> orig_done=0; ap_uint<1> dup_done=0; ap_uint<8> output[128]; ap_uint<1> qed_done; ap_uint<1> qed_check; ap_uint<2> orig_idx; ap_uint<2> dup_idx;};
                                                                                                                                                                                                                                                                                         ^
buf4bug2.cpp:299:306: warning: in-class initialization of non-static data member is a C++11 extension [-Wc++11-extensions]
ap_uint<8> orig_val[2]={0}; ap_uint<8> dup_val[2]={0}; ap_uint<8> key[32]; ap_uint<16> orig_in=0xFFFF; ap_uint<8> orig_out[2]={0}; ap_uint<8> dup_out[2]={0}; ap_uint<1> orig_issued=0; ap_uint<1> dup_issued=0; ap_uint<16> dup_in=0xFFFF; ap_uint<16> in_count=0; ap_uint<16> out_count=0; ap_uint<1> orig_done=0; ap_uint<1> dup_done=0; ap_uint<8> output[128]; ap_uint<1> qed_done; ap_uint<1> qed_check; ap_uint<2> orig_idx; ap_uint<2> dup_idx;};
                                                                                                                                                                                                                                                                                                                 ^
buf4bug2.cpp:299:329: warning: in-class initialization of non-static data member is a C++11 extension [-Wc++11-extensions]
ap_uint<8> orig_val[2]={0}; ap_uint<8> dup_val[2]={0}; ap_uint<8> key[32]; ap_uint<16> orig_in=0xFFFF; ap_uint<8> orig_out[2]={0}; ap_uint<8> dup_out[2]={0}; ap_uint<1> orig_issued=0; ap_uint<1> dup_issued=0; ap_uint<16> dup_in=0xFFFF; ap_uint<16> in_count=0; ap_uint<16> out_count=0; ap_uint<1> orig_done=0; ap_uint<1> dup_done=0; ap_uint<8> output[128]; ap_uint<1> qed_done; ap_uint<1> qed_check; ap_uint<2> orig_idx; ap_uint<2> dup_idx;};
                                                                                                                                                                                                                                                                                                                                        ^
12 warnings generated.
INFO: [HLS 200-111] Finished Linking Time (s): cpu = 00:00:16 ; elapsed = 00:00:18 . Memory (MB): peak = 535.250 ; gain = 0.109 ; free physical = 74418 ; free virtual = 79631
INFO: [HLS 200-111] Finished Checking Pragmas Time (s): cpu = 00:00:16 ; elapsed = 00:00:18 . Memory (MB): peak = 535.250 ; gain = 0.109 ; free physical = 74418 ; free virtual = 79631
INFO: [HLS 200-10] Starting code transformations ...
INFO: [HLS 200-489] Unrolling loop 'Loop-2.1' (buf4bug2.cpp:256) in function 'workload' completely with a factor of 1.
INFO: [HLS 200-111] Finished Standard Transforms Time (s): cpu = 00:00:17 ; elapsed = 00:00:19 . Memory (MB): peak = 535.426 ; gain = 0.285 ; free physical = 74389 ; free virtual = 79604
INFO: [HLS 200-10] Checking synthesizability ...
INFO: [XFORM 203-602] Inlining function 'aes_addRoundKey_cpy' into 'aes256_encrypt_ecb' (buf4bug2.cpp:217) automatically.
INFO: [XFORM 203-602] Inlining function 'aes_addRoundKey' into 'aes256_encrypt_ecb' (buf4bug2.cpp:229) automatically.
INFO: [XFORM 203-602] Inlining function 'aes_tiling' into 'workload' (buf4bug2.cpp:279) automatically.
INFO: [HLS 200-111] Finished Checking Synthesizability Time (s): cpu = 00:00:17 ; elapsed = 00:00:20 . Memory (MB): peak = 535.426 ; gain = 0.285 ; free physical = 74384 ; free virtual = 79599
INFO: [XFORM 203-1101] Packing variable 'o1' (buf4bug2.cpp:437) into a 24-bit variable.
INFO: [XFORM 203-1101] Packing variable 'o2' (buf4bug2.cpp:439) into a 3-bit variable.
INFO: [XFORM 203-1101] Packing variable 'agg.result' (buf4bug2.cpp:429) into a 20-bit variable.
INFO: [XFORM 203-502] Unrolling small iteration loop 'Loop-1' (buf4bug2.cpp:233) in function 'aes_tiling' automatically.
INFO: [HLS 200-489] Unrolling loop 'Loop-1' (buf4bug2.cpp:249) in function 'workload' completely with a factor of 32.
INFO: [HLS 200-489] Unrolling loop 'unroll_loop' (buf4bug2.cpp:277) in function 'workload' completely with a factor of 2.
INFO: [HLS 200-489] Unrolling loop 'Loop-1' (buf4bug2.cpp:233) in function 'aes_tiling' completely with a factor of 1.
INFO: [HLS 200-489] Unrolling loop 'Loop-1' (buf4bug2.cpp:341) in function 'aqed_in' completely with a factor of 32.
INFO: [HLS 200-489] Unrolling loop 'Loop-2' (buf4bug2.cpp:360) in function 'aqed_in' completely with a factor of 32.
INFO: [XFORM 203-101] Partitioning array 'local_key' (buf4bug2.cpp:245) in dimension 1 completely.
INFO: [XFORM 203-101] Partitioning array 'buf' (buf4bug2.cpp:266) in dimension 1 completely.
INFO: [XFORM 203-602] Inlining function 'aes_addRoundKey_cpy' into 'aes256_encrypt_ecb' (buf4bug2.cpp:217) automatically.
INFO: [XFORM 203-602] Inlining function 'aes_addRoundKey' into 'aes256_encrypt_ecb' (buf4bug2.cpp:229) automatically.
INFO: [XFORM 203-602] Inlining function 'aes_tiling' into 'workload' (buf4bug2.cpp:279) automatically.
WARNING: [XFORM 203-561] Updating loop upper bound from 2 to 1 for loop 'major_loop' in function 'workload'.
WARNING: [XFORM 203-561] Updating loop lower bound from 0 to 1 for loop 'major_loop' in function 'workload'.
INFO: [XFORM 203-102] Automatically partitioning small array 'state.orig_val.V' completely based on array size.
INFO: [XFORM 203-102] Automatically partitioning small array 'state.orig_out.V' completely based on array size.
INFO: [XFORM 203-102] Automatically partitioning small array 'state.dup_val.V' completely based on array size.
INFO: [XFORM 203-102] Automatically partitioning small array 'buf[0]' (buf4bug2.cpp:266) completely based on array size.
INFO: [XFORM 203-102] Automatically partitioning small array 'buf[1]' (buf4bug2.cpp:266) completely based on array size.
INFO: [XFORM 203-101] Partitioning array 'state.orig_val.V' in dimension 1 completely.
INFO: [XFORM 203-101] Partitioning array 'state.orig_out.V' in dimension 1 completely.
INFO: [XFORM 203-101] Partitioning array 'state.dup_val.V' in dimension 1 completely.
INFO: [XFORM 203-101] Partitioning array 'buf[0]' (buf4bug2.cpp:266) in dimension 1 completely.
INFO: [XFORM 203-101] Partitioning array 'buf[1]' (buf4bug2.cpp:266) in dimension 1 completely.
INFO: [XFORM 203-401] Performing if-conversion on hyperblock from (buf4bug2.cpp:284:3) to (buf4bug2.cpp:282:31) in function 'workload'... converting 4 basic blocks.
INFO: [XFORM 203-401] Performing if-conversion on hyperblock from (buf4bug2.cpp:406:31) to (buf4bug2.cpp:409:9) in function 'aqed_out'... converting 3 basic blocks.
INFO: [XFORM 203-401] Performing if-conversion on hyperblock to (buf4bug2.cpp:355:11) in function 'aqed_in'... converting 11 basic blocks.
INFO: [XFORM 203-401] Performing if-conversion on hyperblock from (buf4bug2.cpp:137:26) to (buf4bug2.cpp:139:2) in function 'aes256_encrypt_ecb'... converting 4 basic blocks.
INFO: [XFORM 203-401] Performing if-conversion on hyperblock from (buf4bug2.cpp:126:27) to (buf4bug2.cpp:128:2) in function 'aes256_encrypt_ecb'... converting 4 basic blocks.
INFO: [XFORM 203-11] Balancing expressions in function 'workload' (buf4bug2.cpp:237)...6 expression(s) balanced.
INFO: [XFORM 203-11] Balancing expressions in function 'aqed_in' (buf4bug2.cpp:330)...7 expression(s) balanced.
INFO: [HLS 200-111] Finished Pre-synthesis Time (s): cpu = 00:00:18 ; elapsed = 00:00:21 . Memory (MB): peak = 663.145 ; gain = 128.004 ; free physical = 74343 ; free virtual = 79559
INFO: [HLS 200-111] Finished Architecture Synthesis Time (s): cpu = 00:00:19 ; elapsed = 00:00:22 . Memory (MB): peak = 663.145 ; gain = 128.004 ; free physical = 74309 ; free virtual = 79525
INFO: [HLS 200-10] Starting hardware synthesis ...
INFO: [HLS 200-10] Synthesizing 'aqed_top' ...
INFO: [HLS 200-10] ----------------------------------------------------------------
INFO: [HLS 200-42] -- Implementing module 'aqed_in' 
INFO: [HLS 200-10] ----------------------------------------------------------------
INFO: [SCHED 204-11] Starting scheduling ...
INFO: [SCHED 204-11] Finished scheduling.
INFO: [HLS 200-111]  Elapsed time: 21.78 seconds; current allocated memory: 121.613 MB.
INFO: [BIND 205-100] Starting micro-architecture generation ...
INFO: [BIND 205-101] Performing variable lifetime analysis.
INFO: [BIND 205-101] Exploring resource sharing.
INFO: [BIND 205-101] Binding ...
INFO: [BIND 205-100] Finished micro-architecture generation.
INFO: [HLS 200-111]  Elapsed time: 0.37 seconds; current allocated memory: 122.045 MB.
INFO: [HLS 200-10] ----------------------------------------------------------------
INFO: [HLS 200-42] -- Implementing module 'aes256_encrypt_ecb' 
INFO: [HLS 200-10] ----------------------------------------------------------------
INFO: [SCHED 204-11] Starting scheduling ...
INFO: [SCHED 204-61] Pipelining loop 'ecb1'.
INFO: [SCHED 204-61] Pipelining result : Target II = 1, Final II = 1, Depth = 2.
INFO: [SCHED 204-61] Pipelining loop 'cpkey'.
INFO: [SCHED 204-61] Pipelining result : Target II = 1, Final II = 1, Depth = 2.
INFO: [SCHED 204-61] Pipelining loop 'addkey'.
INFO: [SCHED 204-61] Pipelining result : Target II = 1, Final II = 1, Depth = 2.
INFO: [SCHED 204-11] Finished scheduling.
INFO: [HLS 200-111]  Elapsed time: 0.87 seconds; current allocated memory: 122.368 MB.
INFO: [BIND 205-100] Starting micro-architecture generation ...
INFO: [BIND 205-101] Performing variable lifetime analysis.
INFO: [BIND 205-101] Exploring resource sharing.
INFO: [BIND 205-101] Binding ...
INFO: [BIND 205-100] Finished micro-architecture generation.
INFO: [HLS 200-111]  Elapsed time: 0.26 seconds; current allocated memory: 122.663 MB.
INFO: [HLS 200-10] ----------------------------------------------------------------
INFO: [HLS 200-42] -- Implementing module 'workload' 
INFO: [HLS 200-10] ----------------------------------------------------------------
INFO: [SCHED 204-11] Starting scheduling ...
INFO: [SCHED 204-61] Pipelining loop 'Loop 1'.
INFO: [SCHED 204-61] Pipelining result : Target II = 1, Final II = 1, Depth = 1.
INFO: [SCHED 204-11] Finished scheduling.
INFO: [HLS 200-111]  Elapsed time: 0.39 seconds; current allocated memory: 122.942 MB.
INFO: [HLS 200-434] Only 1 loops out of a total 6 loops have been pipelined in this design.
INFO: [BIND 205-100] Starting micro-architecture generation ...
INFO: [BIND 205-101] Performing variable lifetime analysis.
==============================================================
File generated on Wed Apr 15 18:58:20 PDT 2020
Vivado(TM) HLS - High-Level Synthesis from C, C++ and SystemC v2018.3 (64-bit)
SW Build 2405991 on Thu Dec  6 23:36:41 MST 2018
IP Build 2404404 on Fri Dec  7 01:43:56 MST 2018
Copyright 1986-2018 Xilinx, Inc. All Rights Reserved.
==============================================================
INFO: [SYN 201-201] Setting up clock 'default' with a period of 50ns.
INFO: [HLS 200-10] Setting target device to 'xa7a12tcsg325-1q'
INFO: [SCHED 204-61] Option 'relax_ii_for_timing' is enabled, will increase II to preserve clock frequency constraints.
INFO: [HLS 200-10] Analyzing design file 'buf4bug2.cpp' ... 
WARNING: [HLS 200-40] In file included from buf4bug2.cpp:1:
buf4bug2.cpp:299:23: warning: in-class initialization of non-static data member is a C++11 extension [-Wc++11-extensions]
ap_uint<8> orig_val[2]={0}; ap_uint<8> dup_val[2]={0}; ap_uint<8> key[32]; ap_uint<16> orig_in=0xFFFF; ap_uint<8> orig_out[2]={0}; ap_uint<8> dup_out[2]={0}; ap_uint<1> orig_issued=0; ap_uint<1> dup_issued=0; ap_uint<16> dup_in=0xFFFF; ap_uint<16> in_count=0; ap_uint<16> out_count=0; ap_uint<1> orig_done=0; ap_uint<1> dup_done=0; ap_uint<8> output[128]; ap_uint<1> qed_done; ap_uint<1> qed_check; ap_uint<2> orig_idx; ap_uint<2> dup_idx;};
                      ^
buf4bug2.cpp:299:50: warning: in-class initialization of non-static data member is a C++11 extension [-Wc++11-extensions]
ap_uint<8> orig_val[2]={0}; ap_uint<8> dup_val[2]={0}; ap_uint<8> key[32]; ap_uint<16> orig_in=0xFFFF; ap_uint<8> orig_out[2]={0}; ap_uint<8> dup_out[2]={0}; ap_uint<1> orig_issued=0; ap_uint<1> dup_issued=0; ap_uint<16> dup_in=0xFFFF; ap_uint<16> in_count=0; ap_uint<16> out_count=0; ap_uint<1> orig_done=0; ap_uint<1> dup_done=0; ap_uint<8> output[128]; ap_uint<1> qed_done; ap_uint<1> qed_check; ap_uint<2> orig_idx; ap_uint<2> dup_idx;};
                                                 ^
buf4bug2.cpp:299:95: warning: in-class initialization of non-static data member is a C++11 extension [-Wc++11-extensions]
ap_uint<8> orig_val[2]={0}; ap_uint<8> dup_val[2]={0}; ap_uint<8> key[32]; ap_uint<16> orig_in=0xFFFF; ap_uint<8> orig_out[2]={0}; ap_uint<8> dup_out[2]={0}; ap_uint<1> orig_issued=0; ap_uint<1> dup_issued=0; ap_uint<16> dup_in=0xFFFF; ap_uint<16> in_count=0; ap_uint<16> out_count=0; ap_uint<1> orig_done=0; ap_uint<1> dup_done=0; ap_uint<8> output[128]; ap_uint<1> qed_done; ap_uint<1> qed_check; ap_uint<2> orig_idx; ap_uint<2> dup_idx;};
                                                                                              ^
buf4bug2.cpp:299:126: warning: in-class initialization of non-static data member is a C++11 extension [-Wc++11-extensions]
ap_uint<8> orig_val[2]={0}; ap_uint<8> dup_val[2]={0}; ap_uint<8> key[32]; ap_uint<16> orig_in=0xFFFF; ap_uint<8> orig_out[2]={0}; ap_uint<8> dup_out[2]={0}; ap_uint<1> orig_issued=0; ap_uint<1> dup_issued=0; ap_uint<16> dup_in=0xFFFF; ap_uint<16> in_count=0; ap_uint<16> out_count=0; ap_uint<1> orig_done=0; ap_uint<1> dup_done=0; ap_uint<8> output[128]; ap_uint<1> qed_done; ap_uint<1> qed_check; ap_uint<2> orig_idx; ap_uint<2> dup_idx;};
                                                                                                                             ^
buf4bug2.cpp:299:153: warning: in-class initialization of non-static data member is a C++11 extension [-Wc++11-extensions]
ap_uint<8> orig_val[2]={0}; ap_uint<8> dup_val[2]={0}; ap_uint<8> key[32]; ap_uint<16> orig_in=0xFFFF; ap_uint<8> orig_out[2]={0}; ap_uint<8> dup_out[2]={0}; ap_uint<1> orig_issued=0; ap_uint<1> dup_issued=0; ap_uint<16> dup_in=0xFFFF; ap_uint<16> in_count=0; ap_uint<16> out_count=0; ap_uint<1> orig_done=0; ap_uint<1> dup_done=0; ap_uint<8> output[128]; ap_uint<1> qed_done; ap_uint<1> qed_check; ap_uint<2> orig_idx; ap_uint<2> dup_idx;};
                                                                                                                                                        ^
buf4bug2.cpp:299:181: warning: in-class initialization of non-static data member is a C++11 extension [-Wc++11-extensions]
ap_uint<8> orig_val[2]={0}; ap_uint<8> dup_val[2]={0}; ap_uint<8> key[32]; ap_uint<16> orig_in=0xFFFF; ap_uint<8> orig_out[2]={0}; ap_uint<8> dup_out[2]={0}; ap_uint<1> orig_issued=0; ap_uint<1> dup_issued=0; ap_uint<16> dup_in=0xFFFF; ap_uint<16> in_count=0; ap_uint<16> out_count=0; ap_uint<1> orig_done=0; ap_uint<1> dup_done=0; ap_uint<8> output[128]; ap_uint<1> qed_done; ap_uint<1> qed_check; ap_uint<2> orig_idx; ap_uint<2> dup_idx;};
                                                                                                                                                                                    ^
buf4bug2.cpp:299:206: warning: in-class initialization of non-static data member is a C++11 extension [-Wc++11-extensions]
ap_uint<8> orig_val[2]={0}; ap_uint<8> dup_val[2]={0}; ap_uint<8> key[32]; ap_uint<16> orig_in=0xFFFF; ap_uint<8> orig_out[2]={0}; ap_uint<8> dup_out[2]={0}; ap_uint<1> orig_issued=0; ap_uint<1> dup_issued=0; ap_uint<16> dup_in=0xFFFF; ap_uint<16> in_count=0; ap_uint<16> out_count=0; ap_uint<1> orig_done=0; ap_uint<1> dup_done=0; ap_uint<8> output[128]; ap_uint<1> qed_done; ap_uint<1> qed_check; ap_uint<2> orig_idx; ap_uint<2> dup_idx;};
                                                                                                                                                                                                             ^
buf4bug2.cpp:299:228: warning: in-class initialization of non-static data member is a C++11 extension [-Wc++11-extensions]
ap_uint<8> orig_val[2]={0}; ap_uint<8> dup_val[2]={0}; ap_uint<8> key[32]; ap_uint<16> orig_in=0xFFFF; ap_uint<8> orig_out[2]={0}; ap_uint<8> dup_out[2]={0}; ap_uint<1> orig_issued=0; ap_uint<1> dup_issued=0; ap_uint<16> dup_in=0xFFFF; ap_uint<16> in_count=0; ap_uint<16> out_count=0; ap_uint<1> orig_done=0; ap_uint<1> dup_done=0; ap_uint<8> output[128]; ap_uint<1> qed_done; ap_uint<1> qed_check; ap_uint<2> orig_idx; ap_uint<2> dup_idx;};
                                                                                                                                                                                                                                   ^
buf4bug2.cpp:299:257: warning: in-class initialization of non-static data member is a C++11 extension [-Wc++11-extensions]
ap_uint<8> orig_val[2]={0}; ap_uint<8> dup_val[2]={0}; ap_uint<8> key[32]; ap_uint<16> orig_in=0xFFFF; ap_uint<8> orig_out[2]={0}; ap_uint<8> dup_out[2]={0}; ap_uint<1> orig_issued=0; ap_uint<1> dup_issued=0; ap_uint<16> dup_in=0xFFFF; ap_uint<16> in_count=0; ap_uint<16> out_count=0; ap_uint<1> orig_done=0; ap_uint<1> dup_done=0; ap_uint<8> output[128]; ap_uint<1> qed_done; ap_uint<1> qed_check; ap_uint<2> orig_idx; ap_uint<2> dup_idx;};
                                                                                                                                                                                                                                                                ^
buf4bug2.cpp:299:282: warning: in-class initialization of non-static data member is a C++11 extension [-Wc++11-extensions]
ap_uint<8> orig_val[2]={0}; ap_uint<8> dup_val[2]={0}; ap_uint<8> key[32]; ap_uint<16> orig_in=0xFFFF; ap_uint<8> orig_out[2]={0}; ap_uint<8> dup_out[2]={0}; ap_uint<1> orig_issued=0; ap_uint<1> dup_issued=0; ap_uint<16> dup_in=0xFFFF; ap_uint<16> in_count=0; ap_uint<16> out_count=0; ap_uint<1> orig_done=0; ap_uint<1> dup_done=0; ap_uint<8> output[128]; ap_uint<1> qed_done; ap_uint<1> qed_check; ap_uint<2> orig_idx; ap_uint<2> dup_idx;};
                                                                                                                                                                                                                                                                                         ^
buf4bug2.cpp:299:306: warning: in-class initialization of non-static data member is a C++11 extension [-Wc++11-extensions]
ap_uint<8> orig_val[2]={0}; ap_uint<8> dup_val[2]={0}; ap_uint<8> key[32]; ap_uint<16> orig_in=0xFFFF; ap_uint<8> orig_out[2]={0}; ap_uint<8> dup_out[2]={0}; ap_uint<1> orig_issued=0; ap_uint<1> dup_issued=0; ap_uint<16> dup_in=0xFFFF; ap_uint<16> in_count=0; ap_uint<16> out_count=0; ap_uint<1> orig_done=0; ap_uint<1> dup_done=0; ap_uint<8> output[128]; ap_uint<1> qed_done; ap_uint<1> qed_check; ap_uint<2> orig_idx; ap_uint<2> dup_idx;};
                                                                                                                                                                                                                                                                                                                 ^
buf4bug2.cpp:299:329: warning: in-class initialization of non-static data member is a C++11 extension [-Wc++11-extensions]
ap_uint<8> orig_val[2]={0}; ap_uint<8> dup_val[2]={0}; ap_uint<8> key[32]; ap_uint<16> orig_in=0xFFFF; ap_uint<8> orig_out[2]={0}; ap_uint<8> dup_out[2]={0}; ap_uint<1> orig_issued=0; ap_uint<1> dup_issued=0; ap_uint<16> dup_in=0xFFFF; ap_uint<16> in_count=0; ap_uint<16> out_count=0; ap_uint<1> orig_done=0; ap_uint<1> dup_done=0; ap_uint<8> output[128]; ap_uint<1> qed_done; ap_uint<1> qed_check; ap_uint<2> orig_idx; ap_uint<2> dup_idx;};
                                                                                                                                                                                                                                                                                                                                        ^
12 warnings generated.
INFO: [HLS 200-111] Finished Linking Time (s): cpu = 00:00:16 ; elapsed = 00:00:18 . Memory (MB): peak = 535.254 ; gain = 0.109 ; free physical = 76052 ; free virtual = 81266
INFO: [HLS 200-111] Finished Checking Pragmas Time (s): cpu = 00:00:16 ; elapsed = 00:00:18 . Memory (MB): peak = 535.254 ; gain = 0.109 ; free physical = 76052 ; free virtual = 81266
INFO: [HLS 200-10] Starting code transformations ...
INFO: [HLS 200-489] Unrolling loop 'Loop-2.1' (buf4bug2.cpp:256) in function 'workload' completely with a factor of 1.
INFO: [HLS 200-111] Finished Standard Transforms Time (s): cpu = 00:00:17 ; elapsed = 00:00:19 . Memory (MB): peak = 535.430 ; gain = 0.285 ; free physical = 76035 ; free virtual = 81249
INFO: [HLS 200-10] Checking synthesizability ...
INFO: [XFORM 203-602] Inlining function 'aes_addRoundKey_cpy' into 'aes256_encrypt_ecb' (buf4bug2.cpp:217) automatically.
INFO: [XFORM 203-602] Inlining function 'aes_addRoundKey' into 'aes256_encrypt_ecb' (buf4bug2.cpp:229) automatically.
INFO: [XFORM 203-602] Inlining function 'aes_tiling' into 'workload' (buf4bug2.cpp:279) automatically.
INFO: [HLS 200-111] Finished Checking Synthesizability Time (s): cpu = 00:00:17 ; elapsed = 00:00:20 . Memory (MB): peak = 535.430 ; gain = 0.285 ; free physical = 76030 ; free virtual = 81245
INFO: [XFORM 203-1101] Packing variable 'o1' (buf4bug2.cpp:437) into a 24-bit variable.
INFO: [XFORM 203-1101] Packing variable 'o2' (buf4bug2.cpp:439) into a 3-bit variable.
INFO: [XFORM 203-1101] Packing variable 'agg.result' (buf4bug2.cpp:429) into a 20-bit variable.
INFO: [XFORM 203-502] Unrolling small iteration loop 'Loop-1' (buf4bug2.cpp:233) in function 'aes_tiling' automatically.
INFO: [HLS 200-489] Unrolling loop 'Loop-1' (buf4bug2.cpp:249) in function 'workload' completely with a factor of 32.
INFO: [HLS 200-489] Unrolling loop 'unroll_loop' (buf4bug2.cpp:277) in function 'workload' completely with a factor of 2.
INFO: [HLS 200-489] Unrolling loop 'Loop-1' (buf4bug2.cpp:233) in function 'aes_tiling' completely with a factor of 1.
INFO: [HLS 200-489] Unrolling loop 'Loop-1' (buf4bug2.cpp:341) in function 'aqed_in' completely with a factor of 32.
INFO: [HLS 200-489] Unrolling loop 'Loop-2' (buf4bug2.cpp:360) in function 'aqed_in' completely with a factor of 32.
INFO: [XFORM 203-101] Partitioning array 'local_key' (buf4bug2.cpp:245) in dimension 1 completely.
INFO: [XFORM 203-101] Partitioning array 'buf' (buf4bug2.cpp:266) in dimension 1 completely.
INFO: [XFORM 203-602] Inlining function 'aes_addRoundKey_cpy' into 'aes256_encrypt_ecb' (buf4bug2.cpp:217) automatically.
INFO: [XFORM 203-602] Inlining function 'aes_addRoundKey' into 'aes256_encrypt_ecb' (buf4bug2.cpp:229) automatically.
INFO: [XFORM 203-602] Inlining function 'aes_tiling' into 'workload' (buf4bug2.cpp:279) automatically.
WARNING: [XFORM 203-561] Updating loop upper bound from 2 to 1 for loop 'major_loop' in function 'workload'.
WARNING: [XFORM 203-561] Updating loop lower bound from 0 to 1 for loop 'major_loop' in function 'workload'.
INFO: [XFORM 203-102] Automatically partitioning small array 'state.orig_val.V' completely based on array size.
INFO: [XFORM 203-102] Automatically partitioning small array 'state.orig_out.V' completely based on array size.
INFO: [XFORM 203-102] Automatically partitioning small array 'state.dup_val.V' completely based on array size.
INFO: [XFORM 203-102] Automatically partitioning small array 'buf[0]' (buf4bug2.cpp:266) completely based on array size.
INFO: [XFORM 203-102] Automatically partitioning small array 'buf[1]' (buf4bug2.cpp:266) completely based on array size.
INFO: [XFORM 203-101] Partitioning array 'state.orig_val.V' in dimension 1 completely.
INFO: [XFORM 203-101] Partitioning array 'state.orig_out.V' in dimension 1 completely.
INFO: [XFORM 203-101] Partitioning array 'state.dup_val.V' in dimension 1 completely.
INFO: [XFORM 203-101] Partitioning array 'buf[0]' (buf4bug2.cpp:266) in dimension 1 completely.
INFO: [XFORM 203-101] Partitioning array 'buf[1]' (buf4bug2.cpp:266) in dimension 1 completely.
INFO: [XFORM 203-401] Performing if-conversion on hyperblock from (buf4bug2.cpp:284:3) to (buf4bug2.cpp:282:31) in function 'workload'... converting 4 basic blocks.
INFO: [XFORM 203-401] Performing if-conversion on hyperblock from (buf4bug2.cpp:406:31) to (buf4bug2.cpp:409:9) in function 'aqed_out'... converting 3 basic blocks.
INFO: [XFORM 203-401] Performing if-conversion on hyperblock to (buf4bug2.cpp:355:11) in function 'aqed_in'... converting 11 basic blocks.
INFO: [XFORM 203-401] Performing if-conversion on hyperblock from (buf4bug2.cpp:137:26) to (buf4bug2.cpp:139:2) in function 'aes256_encrypt_ecb'... converting 4 basic blocks.
INFO: [XFORM 203-401] Performing if-conversion on hyperblock from (buf4bug2.cpp:126:27) to (buf4bug2.cpp:128:2) in function 'aes256_encrypt_ecb'... converting 4 basic blocks.
INFO: [XFORM 203-11] Balancing expressions in function 'workload' (buf4bug2.cpp:237)...6 expression(s) balanced.
INFO: [XFORM 203-11] Balancing expressions in function 'aqed_in' (buf4bug2.cpp:330)...7 expression(s) balanced.
INFO: [HLS 200-111] Finished Pre-synthesis Time (s): cpu = 00:00:18 ; elapsed = 00:00:21 . Memory (MB): peak = 663.148 ; gain = 128.004 ; free physical = 75986 ; free virtual = 81203
INFO: [HLS 200-111] Finished Architecture Synthesis Time (s): cpu = 00:00:18 ; elapsed = 00:00:22 . Memory (MB): peak = 663.148 ; gain = 128.004 ; free physical = 75954 ; free virtual = 81171
INFO: [HLS 200-10] Starting hardware synthesis ...
INFO: [HLS 200-10] Synthesizing 'aqed_top' ...
INFO: [HLS 200-10] ----------------------------------------------------------------
INFO: [HLS 200-42] -- Implementing module 'aqed_in' 
INFO: [HLS 200-10] ----------------------------------------------------------------
INFO: [SCHED 204-11] Starting scheduling ...
INFO: [SCHED 204-11] Finished scheduling.
INFO: [HLS 200-111]  Elapsed time: 21.77 seconds; current allocated memory: 121.629 MB.
INFO: [BIND 205-100] Starting micro-architecture generation ...
INFO: [BIND 205-101] Performing variable lifetime analysis.
INFO: [BIND 205-101] Exploring resource sharing.
INFO: [BIND 205-101] Binding ...
INFO: [BIND 205-100] Finished micro-architecture generation.
INFO: [HLS 200-111]  Elapsed time: 0.4 seconds; current allocated memory: 122.061 MB.
INFO: [HLS 200-10] ----------------------------------------------------------------
INFO: [HLS 200-42] -- Implementing module 'aes256_encrypt_ecb' 
INFO: [HLS 200-10] ----------------------------------------------------------------
INFO: [SCHED 204-11] Starting scheduling ...
INFO: [SCHED 204-61] Pipelining loop 'ecb1'.
INFO: [SCHED 204-61] Pipelining result : Target II = 1, Final II = 1, Depth = 2.
INFO: [SCHED 204-61] Pipelining loop 'cpkey'.
INFO: [SCHED 204-61] Pipelining result : Target II = 1, Final II = 1, Depth = 2.
INFO: [SCHED 204-61] Pipelining loop 'addkey'.
INFO: [SCHED 204-61] Pipelining result : Target II = 1, Final II = 1, Depth = 2.
INFO: [SCHED 204-11] Finished scheduling.
INFO: [HLS 200-111]  Elapsed time: 0.72 seconds; current allocated memory: 122.384 MB.
INFO: [BIND 205-100] Starting micro-architecture generation ...
INFO: [BIND 205-101] Performing variable lifetime analysis.
INFO: [BIND 205-101] Exploring resource sharing.
INFO: [BIND 205-101] Binding ...
INFO: [BIND 205-100] Finished micro-architecture generation.
INFO: [HLS 200-111]  Elapsed time: 0.2 seconds; current allocated memory: 122.679 MB.
INFO: [HLS 200-10] ----------------------------------------------------------------
INFO: [HLS 200-42] -- Implementing module 'workload' 
INFO: [HLS 200-10] ----------------------------------------------------------------
INFO: [SCHED 204-11] Starting scheduling ...
INFO: [SCHED 204-61] Pipelining loop 'Loop 1'.
INFO: [SCHED 204-61] Pipelining result : Target II = 1, Final II = 1, Depth = 1.
INFO: [SCHED 204-11] Finished scheduling.
INFO: [HLS 200-111]  Elapsed time: 0.32 seconds; current allocated memory: 122.967 MB.
INFO: [HLS 200-434] Only 1 loops out of a total 6 loops have been pipelined in this design.
INFO: [BIND 205-100] Starting micro-architecture generation ...
INFO: [BIND 205-101] Performing variable lifetime analysis.
==============================================================
File generated on Wed Apr 15 19:04:41 PDT 2020
Vivado(TM) HLS - High-Level Synthesis from C, C++ and SystemC v2018.3 (64-bit)
SW Build 2405991 on Thu Dec  6 23:36:41 MST 2018
IP Build 2404404 on Fri Dec  7 01:43:56 MST 2018
Copyright 1986-2018 Xilinx, Inc. All Rights Reserved.
==============================================================
INFO: [SYN 201-201] Setting up clock 'default' with a period of 50ns.
INFO: [HLS 200-10] Setting target device to 'xa7a12tcsg325-1q'
INFO: [SCHED 204-61] Option 'relax_ii_for_timing' is enabled, will increase II to preserve clock frequency constraints.
INFO: [HLS 200-10] Analyzing design file 'buf4bug2.cpp' ... 
WARNING: [HLS 200-40] In file included from buf4bug2.cpp:1:
buf4bug2.cpp:299:23: warning: in-class initialization of non-static data member is a C++11 extension [-Wc++11-extensions]
ap_uint<8> orig_val[2]={0}; ap_uint<8> dup_val[2]={0}; ap_uint<8> key[32]; ap_uint<16> orig_in=0xFFFF; ap_uint<8> orig_out[2]={0}; ap_uint<8> dup_out[2]={0}; ap_uint<1> orig_issued=0; ap_uint<1> dup_issued=0; ap_uint<16> dup_in=0xFFFF; ap_uint<16> in_count=0; ap_uint<16> out_count=0; ap_uint<1> orig_done=0; ap_uint<1> dup_done=0; ap_uint<8> output[128]; ap_uint<1> qed_done; ap_uint<1> qed_check; ap_uint<2> orig_idx; ap_uint<2> dup_idx;};
                      ^
buf4bug2.cpp:299:50: warning: in-class initialization of non-static data member is a C++11 extension [-Wc++11-extensions]
ap_uint<8> orig_val[2]={0}; ap_uint<8> dup_val[2]={0}; ap_uint<8> key[32]; ap_uint<16> orig_in=0xFFFF; ap_uint<8> orig_out[2]={0}; ap_uint<8> dup_out[2]={0}; ap_uint<1> orig_issued=0; ap_uint<1> dup_issued=0; ap_uint<16> dup_in=0xFFFF; ap_uint<16> in_count=0; ap_uint<16> out_count=0; ap_uint<1> orig_done=0; ap_uint<1> dup_done=0; ap_uint<8> output[128]; ap_uint<1> qed_done; ap_uint<1> qed_check; ap_uint<2> orig_idx; ap_uint<2> dup_idx;};
                                                 ^
buf4bug2.cpp:299:95: warning: in-class initialization of non-static data member is a C++11 extension [-Wc++11-extensions]
ap_uint<8> orig_val[2]={0}; ap_uint<8> dup_val[2]={0}; ap_uint<8> key[32]; ap_uint<16> orig_in=0xFFFF; ap_uint<8> orig_out[2]={0}; ap_uint<8> dup_out[2]={0}; ap_uint<1> orig_issued=0; ap_uint<1> dup_issued=0; ap_uint<16> dup_in=0xFFFF; ap_uint<16> in_count=0; ap_uint<16> out_count=0; ap_uint<1> orig_done=0; ap_uint<1> dup_done=0; ap_uint<8> output[128]; ap_uint<1> qed_done; ap_uint<1> qed_check; ap_uint<2> orig_idx; ap_uint<2> dup_idx;};
                                                                                              ^
buf4bug2.cpp:299:126: warning: in-class initialization of non-static data member is a C++11 extension [-Wc++11-extensions]
ap_uint<8> orig_val[2]={0}; ap_uint<8> dup_val[2]={0}; ap_uint<8> key[32]; ap_uint<16> orig_in=0xFFFF; ap_uint<8> orig_out[2]={0}; ap_uint<8> dup_out[2]={0}; ap_uint<1> orig_issued=0; ap_uint<1> dup_issued=0; ap_uint<16> dup_in=0xFFFF; ap_uint<16> in_count=0; ap_uint<16> out_count=0; ap_uint<1> orig_done=0; ap_uint<1> dup_done=0; ap_uint<8> output[128]; ap_uint<1> qed_done; ap_uint<1> qed_check; ap_uint<2> orig_idx; ap_uint<2> dup_idx;};
                                                                                                                             ^
buf4bug2.cpp:299:153: warning: in-class initialization of non-static data member is a C++11 extension [-Wc++11-extensions]
ap_uint<8> orig_val[2]={0}; ap_uint<8> dup_val[2]={0}; ap_uint<8> key[32]; ap_uint<16> orig_in=0xFFFF; ap_uint<8> orig_out[2]={0}; ap_uint<8> dup_out[2]={0}; ap_uint<1> orig_issued=0; ap_uint<1> dup_issued=0; ap_uint<16> dup_in=0xFFFF; ap_uint<16> in_count=0; ap_uint<16> out_count=0; ap_uint<1> orig_done=0; ap_uint<1> dup_done=0; ap_uint<8> output[128]; ap_uint<1> qed_done; ap_uint<1> qed_check; ap_uint<2> orig_idx; ap_uint<2> dup_idx;};
                                                                                                                                                        ^
buf4bug2.cpp:299:181: warning: in-class initialization of non-static data member is a C++11 extension [-Wc++11-extensions]
ap_uint<8> orig_val[2]={0}; ap_uint<8> dup_val[2]={0}; ap_uint<8> key[32]; ap_uint<16> orig_in=0xFFFF; ap_uint<8> orig_out[2]={0}; ap_uint<8> dup_out[2]={0}; ap_uint<1> orig_issued=0; ap_uint<1> dup_issued=0; ap_uint<16> dup_in=0xFFFF; ap_uint<16> in_count=0; ap_uint<16> out_count=0; ap_uint<1> orig_done=0; ap_uint<1> dup_done=0; ap_uint<8> output[128]; ap_uint<1> qed_done; ap_uint<1> qed_check; ap_uint<2> orig_idx; ap_uint<2> dup_idx;};
                                                                                                                                                                                    ^
buf4bug2.cpp:299:206: warning: in-class initialization of non-static data member is a C++11 extension [-Wc++11-extensions]
ap_uint<8> orig_val[2]={0}; ap_uint<8> dup_val[2]={0}; ap_uint<8> key[32]; ap_uint<16> orig_in=0xFFFF; ap_uint<8> orig_out[2]={0}; ap_uint<8> dup_out[2]={0}; ap_uint<1> orig_issued=0; ap_uint<1> dup_issued=0; ap_uint<16> dup_in=0xFFFF; ap_uint<16> in_count=0; ap_uint<16> out_count=0; ap_uint<1> orig_done=0; ap_uint<1> dup_done=0; ap_uint<8> output[128]; ap_uint<1> qed_done; ap_uint<1> qed_check; ap_uint<2> orig_idx; ap_uint<2> dup_idx;};
                                                                                                                                                                                                             ^
buf4bug2.cpp:299:228: warning: in-class initialization of non-static data member is a C++11 extension [-Wc++11-extensions]
ap_uint<8> orig_val[2]={0}; ap_uint<8> dup_val[2]={0}; ap_uint<8> key[32]; ap_uint<16> orig_in=0xFFFF; ap_uint<8> orig_out[2]={0}; ap_uint<8> dup_out[2]={0}; ap_uint<1> orig_issued=0; ap_uint<1> dup_issued=0; ap_uint<16> dup_in=0xFFFF; ap_uint<16> in_count=0; ap_uint<16> out_count=0; ap_uint<1> orig_done=0; ap_uint<1> dup_done=0; ap_uint<8> output[128]; ap_uint<1> qed_done; ap_uint<1> qed_check; ap_uint<2> orig_idx; ap_uint<2> dup_idx;};
                                                                                                                                                                                                                                   ^
buf4bug2.cpp:299:257: warning: in-class initialization of non-static data member is a C++11 extension [-Wc++11-extensions]
ap_uint<8> orig_val[2]={0}; ap_uint<8> dup_val[2]={0}; ap_uint<8> key[32]; ap_uint<16> orig_in=0xFFFF; ap_uint<8> orig_out[2]={0}; ap_uint<8> dup_out[2]={0}; ap_uint<1> orig_issued=0; ap_uint<1> dup_issued=0; ap_uint<16> dup_in=0xFFFF; ap_uint<16> in_count=0; ap_uint<16> out_count=0; ap_uint<1> orig_done=0; ap_uint<1> dup_done=0; ap_uint<8> output[128]; ap_uint<1> qed_done; ap_uint<1> qed_check; ap_uint<2> orig_idx; ap_uint<2> dup_idx;};
                                                                                                                                                                                                                                                                ^
buf4bug2.cpp:299:282: warning: in-class initialization of non-static data member is a C++11 extension [-Wc++11-extensions]
ap_uint<8> orig_val[2]={0}; ap_uint<8> dup_val[2]={0}; ap_uint<8> key[32]; ap_uint<16> orig_in=0xFFFF; ap_uint<8> orig_out[2]={0}; ap_uint<8> dup_out[2]={0}; ap_uint<1> orig_issued=0; ap_uint<1> dup_issued=0; ap_uint<16> dup_in=0xFFFF; ap_uint<16> in_count=0; ap_uint<16> out_count=0; ap_uint<1> orig_done=0; ap_uint<1> dup_done=0; ap_uint<8> output[128]; ap_uint<1> qed_done; ap_uint<1> qed_check; ap_uint<2> orig_idx; ap_uint<2> dup_idx;};
                                                                                                                                                                                                                                                                                         ^
buf4bug2.cpp:299:306: warning: in-class initialization of non-static data member is a C++11 extension [-Wc++11-extensions]
ap_uint<8> orig_val[2]={0}; ap_uint<8> dup_val[2]={0}; ap_uint<8> key[32]; ap_uint<16> orig_in=0xFFFF; ap_uint<8> orig_out[2]={0}; ap_uint<8> dup_out[2]={0}; ap_uint<1> orig_issued=0; ap_uint<1> dup_issued=0; ap_uint<16> dup_in=0xFFFF; ap_uint<16> in_count=0; ap_uint<16> out_count=0; ap_uint<1> orig_done=0; ap_uint<1> dup_done=0; ap_uint<8> output[128]; ap_uint<1> qed_done; ap_uint<1> qed_check; ap_uint<2> orig_idx; ap_uint<2> dup_idx;};
                                                                                                                                                                                                                                                                                                                 ^
buf4bug2.cpp:299:329: warning: in-class initialization of non-static data member is a C++11 extension [-Wc++11-extensions]
ap_uint<8> orig_val[2]={0}; ap_uint<8> dup_val[2]={0}; ap_uint<8> key[32]; ap_uint<16> orig_in=0xFFFF; ap_uint<8> orig_out[2]={0}; ap_uint<8> dup_out[2]={0}; ap_uint<1> orig_issued=0; ap_uint<1> dup_issued=0; ap_uint<16> dup_in=0xFFFF; ap_uint<16> in_count=0; ap_uint<16> out_count=0; ap_uint<1> orig_done=0; ap_uint<1> dup_done=0; ap_uint<8> output[128]; ap_uint<1> qed_done; ap_uint<1> qed_check; ap_uint<2> orig_idx; ap_uint<2> dup_idx;};
                                                                                                                                                                                                                                                                                                                                        ^
12 warnings generated.
INFO: [HLS 200-111] Finished Linking Time (s): cpu = 00:00:15 ; elapsed = 00:00:18 . Memory (MB): peak = 535.254 ; gain = 0.109 ; free physical = 75088 ; free virtual = 80301
INFO: [HLS 200-111] Finished Checking Pragmas Time (s): cpu = 00:00:15 ; elapsed = 00:00:18 . Memory (MB): peak = 535.254 ; gain = 0.109 ; free physical = 75088 ; free virtual = 80301
INFO: [HLS 200-10] Starting code transformations ...
INFO: [HLS 200-489] Unrolling loop 'Loop-2.1' (buf4bug2.cpp:256) in function 'workload' completely with a factor of 1.
INFO: [HLS 200-111] Finished Standard Transforms Time (s): cpu = 00:00:17 ; elapsed = 00:00:19 . Memory (MB): peak = 535.430 ; gain = 0.285 ; free physical = 75035 ; free virtual = 80251
INFO: [HLS 200-10] Checking synthesizability ...
INFO: [XFORM 203-602] Inlining function 'aes_addRoundKey_cpy' into 'aes256_encrypt_ecb' (buf4bug2.cpp:217) automatically.
INFO: [XFORM 203-602] Inlining function 'aes_subBytes' into 'aes256_encrypt_ecb' (buf4bug2.cpp:226) automatically.
INFO: [XFORM 203-602] Inlining function 'aes_addRoundKey' into 'aes256_encrypt_ecb' (buf4bug2.cpp:229) automatically.
INFO: [XFORM 203-602] Inlining function 'aes_tiling' into 'workload' (buf4bug2.cpp:279) automatically.
INFO: [HLS 200-111] Finished Checking Synthesizability Time (s): cpu = 00:00:17 ; elapsed = 00:00:20 . Memory (MB): peak = 535.430 ; gain = 0.285 ; free physical = 75029 ; free virtual = 80245
INFO: [XFORM 203-1101] Packing variable 'o1' (buf4bug2.cpp:437) into a 24-bit variable.
INFO: [XFORM 203-1101] Packing variable 'o2' (buf4bug2.cpp:439) into a 3-bit variable.
INFO: [XFORM 203-1101] Packing variable 'agg.result' (buf4bug2.cpp:429) into a 20-bit variable.
INFO: [XFORM 203-502] Unrolling small iteration loop 'Loop-1' (buf4bug2.cpp:233) in function 'aes_tiling' automatically.
INFO: [HLS 200-489] Unrolling loop 'Loop-1' (buf4bug2.cpp:249) in function 'workload' completely with a factor of 32.
INFO: [HLS 200-489] Unrolling loop 'unroll_loop' (buf4bug2.cpp:277) in function 'workload' completely with a factor of 2.
INFO: [HLS 200-489] Unrolling loop 'Loop-1' (buf4bug2.cpp:233) in function 'aes_tiling' completely with a factor of 1.
INFO: [HLS 200-489] Unrolling loop 'Loop-1' (buf4bug2.cpp:341) in function 'aqed_in' completely with a factor of 32.
INFO: [HLS 200-489] Unrolling loop 'Loop-2' (buf4bug2.cpp:360) in function 'aqed_in' completely with a factor of 32.
INFO: [XFORM 203-101] Partitioning array 'local_key' (buf4bug2.cpp:245) in dimension 1 completely.
INFO: [XFORM 203-101] Partitioning array 'buf' (buf4bug2.cpp:266) in dimension 1 completely.
INFO: [XFORM 203-602] Inlining function 'aes_addRoundKey_cpy' into 'aes256_encrypt_ecb' (buf4bug2.cpp:217) automatically.
INFO: [XFORM 203-602] Inlining function 'aes_subBytes' into 'aes256_encrypt_ecb' (buf4bug2.cpp:226) automatically.
INFO: [XFORM 203-602] Inlining function 'aes_addRoundKey' into 'aes256_encrypt_ecb' (buf4bug2.cpp:229) automatically.
INFO: [XFORM 203-602] Inlining function 'aes_tiling' into 'workload' (buf4bug2.cpp:279) automatically.
WARNING: [XFORM 203-561] Updating loop upper bound from 2 to 1 for loop 'major_loop' in function 'workload'.
WARNING: [XFORM 203-561] Updating loop lower bound from 0 to 1 for loop 'major_loop' in function 'workload'.
INFO: [XFORM 203-102] Automatically partitioning small array 'state.orig_val.V' completely based on array size.
INFO: [XFORM 203-102] Automatically partitioning small array 'state.orig_out.V' completely based on array size.
INFO: [XFORM 203-102] Automatically partitioning small array 'state.dup_val.V' completely based on array size.
INFO: [XFORM 203-102] Automatically partitioning small array 'buf[0]' (buf4bug2.cpp:266) completely based on array size.
INFO: [XFORM 203-102] Automatically partitioning small array 'buf[1]' (buf4bug2.cpp:266) completely based on array size.
INFO: [XFORM 203-101] Partitioning array 'state.orig_val.V' in dimension 1 completely.
INFO: [XFORM 203-101] Partitioning array 'state.orig_out.V' in dimension 1 completely.
INFO: [XFORM 203-101] Partitioning array 'state.dup_val.V' in dimension 1 completely.
INFO: [XFORM 203-101] Partitioning array 'buf[0]' (buf4bug2.cpp:266) in dimension 1 completely.
INFO: [XFORM 203-101] Partitioning array 'buf[1]' (buf4bug2.cpp:266) in dimension 1 completely.
INFO: [XFORM 203-401] Performing if-conversion on hyperblock from (buf4bug2.cpp:284:3) to (buf4bug2.cpp:282:31) in function 'workload'... converting 4 basic blocks.
INFO: [XFORM 203-401] Performing if-conversion on hyperblock from (buf4bug2.cpp:406:31) to (buf4bug2.cpp:409:9) in function 'aqed_out'... converting 3 basic blocks.
INFO: [XFORM 203-401] Performing if-conversion on hyperblock to (buf4bug2.cpp:355:11) in function 'aqed_in'... converting 11 basic blocks.
INFO: [XFORM 203-401] Performing if-conversion on hyperblock from (buf4bug2.cpp:137:26) to (buf4bug2.cpp:139:2) in function 'aes256_encrypt_ecb'... converting 4 basic blocks.
INFO: [XFORM 203-401] Performing if-conversion on hyperblock from (buf4bug2.cpp:115:24) to (buf4bug2.cpp:117:2) in function 'aes256_encrypt_ecb'... converting 4 basic blocks.
INFO: [XFORM 203-401] Performing if-conversion on hyperblock from (buf4bug2.cpp:126:27) to (buf4bug2.cpp:128:2) in function 'aes256_encrypt_ecb'... converting 4 basic blocks.
INFO: [XFORM 203-11] Balancing expressions in function 'workload' (buf4bug2.cpp:237)...6 expression(s) balanced.
INFO: [XFORM 203-11] Balancing expressions in function 'aqed_in' (buf4bug2.cpp:330)...7 expression(s) balanced.
INFO: [HLS 200-111] Finished Pre-synthesis Time (s): cpu = 00:00:18 ; elapsed = 00:00:21 . Memory (MB): peak = 663.148 ; gain = 128.004 ; free physical = 74995 ; free virtual = 80211
INFO: [HLS 200-111] Finished Architecture Synthesis Time (s): cpu = 00:00:18 ; elapsed = 00:00:21 . Memory (MB): peak = 663.148 ; gain = 128.004 ; free physical = 74955 ; free virtual = 80172
INFO: [HLS 200-10] Starting hardware synthesis ...
INFO: [HLS 200-10] Synthesizing 'aqed_top' ...
INFO: [HLS 200-10] ----------------------------------------------------------------
INFO: [HLS 200-42] -- Implementing module 'aqed_in' 
INFO: [HLS 200-10] ----------------------------------------------------------------
INFO: [SCHED 204-11] Starting scheduling ...
INFO: [SCHED 204-11] Finished scheduling.
INFO: [HLS 200-111]  Elapsed time: 21.6 seconds; current allocated memory: 121.839 MB.
INFO: [BIND 205-100] Starting micro-architecture generation ...
INFO: [BIND 205-101] Performing variable lifetime analysis.
INFO: [BIND 205-101] Exploring resource sharing.
INFO: [BIND 205-101] Binding ...
INFO: [BIND 205-100] Finished micro-architecture generation.
INFO: [HLS 200-111]  Elapsed time: 0.33 seconds; current allocated memory: 122.271 MB.
INFO: [HLS 200-10] ----------------------------------------------------------------
INFO: [HLS 200-42] -- Implementing module 'aes256_encrypt_ecb' 
INFO: [HLS 200-10] ----------------------------------------------------------------
INFO: [SCHED 204-11] Starting scheduling ...
INFO: [SCHED 204-61] Pipelining loop 'ecb1'.
INFO: [SCHED 204-61] Pipelining result : Target II = 1, Final II = 1, Depth = 2.
INFO: [SCHED 204-61] Pipelining loop 'cpkey'.
INFO: [SCHED 204-61] Pipelining result : Target II = 1, Final II = 1, Depth = 2.
INFO: [SCHED 204-61] Pipelining loop 'sub'.
INFO: [SCHED 204-61] Pipelining result : Target II = 1, Final II = 1, Depth = 2.
INFO: [SCHED 204-61] Pipelining loop 'addkey'.
INFO: [SCHED 204-61] Pipelining result : Target II = 1, Final II = 1, Depth = 2.
INFO: [SCHED 204-11] Finished scheduling.
INFO: [HLS 200-111]  Elapsed time: 0.58 seconds; current allocated memory: 122.661 MB.
INFO: [BIND 205-100] Starting micro-architecture generation ...
INFO: [BIND 205-101] Performing variable lifetime analysis.
INFO: [BIND 205-101] Exploring resource sharing.
INFO: [BIND 205-101] Binding ...
INFO: [BIND 205-100] Finished micro-architecture generation.
INFO: [HLS 200-111]  Elapsed time: 0.21 seconds; current allocated memory: 123.035 MB.
INFO: [HLS 200-10] ----------------------------------------------------------------
INFO: [HLS 200-42] -- Implementing module 'workload' 
INFO: [HLS 200-10] ----------------------------------------------------------------
