#----------------------------------------
# JasperGold Version Info
# tool      : JasperGold 2016.09
# platform  : Linux 3.10.0-957.21.3.el7.x86_64
# version   : 2016.09p002 64 bits
# build date: 2016.11.28 18:08:41 PST
#----------------------------------------
# started Wed Apr 08 16:30:14 PDT 2020
# hostname  : rsg20.stanford.edu
# pid       : 32388
# arguments : '-label' 'session_0' '-console' 'rsg20.stanford.edu:40710' '-style' 'windows' '-use_native_tcl' '-proj' '/rsgs/pool0/Saranyu/aqed/memory_core_clean3/genesis_verif_step8_fifo/jgproject/sessionLogs/session_0' '-init' '-hidden' '/rsgs/pool0/Saranyu/aqed/memory_core_clean3/genesis_verif_step8_fifo/jgproject/.tmp/.initCmds.tcl' 'jasper.tcl'

Any disclosure about the Cadence Design Systems software or its use
model to any third party violates the written Non-Disclosure Agreement
between Cadence Design Systems, Inc. and the customer.

THIS SOFTWARE CONTAINS CONFIDENTIAL INFORMATION AND TRADE SECRETS OF
CADENCE DESIGN SYSTEMS, INC. USE, DISCLOSURE, OR REPRODUCTION IS
PROHIBITED WITHOUT THE PRIOR EXPRESS WRITTEN PERMISSION OF CADENCE
DESIGN SYSTEMS, INC.

Copyright (C) 2000-2016 Cadence Design Systems, Inc. All Rights
Reserved.  Unpublished -- rights reserved under the copyright laws of
the United States.

This product includes software developed by others and redistributed
according to license agreement. See doc/third_party_readme.txt for
further details.

RESTRICTED RIGHTS LEGEND

Use, duplication, or disclosure by the Government is subject to
restrictions as set forth in subparagraph (c) (1) (ii) of the Rights in
Technical Data and Computer Software clause at DFARS 252.227-7013 or
subparagraphs (c) (1) and (2) of Commercial Computer Software -- Restricted
Rights at 48 CFR 52.227-19, as applicable.


                          Cadence Design Systems, Inc. 
                          2655 Seely Avenue
                          San Jose, CA 95134
                          Phone: 408.943.1234

For technical assistance visit http://support.cadence.com.

JasperGold Apps Analysis Session - /rsgs/pool0/Saranyu/aqed/memory_core_clean3/genesis_verif_step8_fifo/jgproject/sessionLogs/session_0

INFO: successfully checked out licenses "jasper_interactive" and "jasper_fpv".
INFO: reading configuration file "/rsghome/saranyuc/.config/jasper/jaspergold.conf".
INFO (IPL003): This JasperGold instance uses a new interpreter implementation for Tcl evaluation.
    Launch JasperGold using the "-use_jtcl" command-line switch to restore it to the old implementation.
% 
% analyze -sv09 -f memory_core.flist mem_core_top_1.sv
[-- (VERI-1482)] Analyzing Verilog file /hd/cad/cadence/JASPERGOLD16.09.002.lnx86/lib/verilog/packages/std/std.sv into library std
[-- (VERI-1482)] Analyzing Verilog file ./doublebuffer_control_unq1.sv
[-- (VERI-1482)] Analyzing Verilog file ./fifo_control_unq1.sv
[-- (VERI-1482)] Analyzing Verilog file ./linebuffer_control_unq1.sv
[-- (VERI-1482)] Analyzing Verilog file ./memory_core.sv
[-- (VERI-1482)] Analyzing Verilog file ./mem_unq1.v
[-- (VERI-1482)] Analyzing Verilog file ./sram_control_unq1.sv
[-- (VERI-1482)] Analyzing Verilog file ./sram_stub_unq1.v
[-- (VERI-1482)] Analyzing Verilog file ./aqed.v
[-- (VERI-1482)] Analyzing Verilog file ./mem_core_top_1.sv
[-- (VERI-1482)] Analyzing Verilog file ./concat_rtl.v
[-- (VERI-1482)] Analyzing Verilog file mem_core_top_1.sv
[WARN (VERI-1206)] mem_core_top_1.sv(203): overwriting previous definition of module mem_core_top
[INFO (VERI-2142)] mem_core_top_1.sv(203): previous definition of module mem_core_top is here
% elaborate -disable_auto_bbox -top mem_core_top
INFO (ISW003): Top module name is "mem_core_top".
[WARN (VERI-1927)] mem_core_top_1.sv(138): port full remains unconnected for this instance
[WARN (VERI-1927)] mem_core_top_1.sv(141): port original_rsc_dat remains unconnected for this instance
[INFO (VERI-1018)] mem_core_top_1.sv(7): compiling module mem_core_top
[INFO (VERI-1018)] ./memory_core.sv(62): compiling module memory_core
[INFO (VERI-1018)] ./linebuffer_control_unq1.sv(55): compiling module linebuffer_control_unq1
[WARN (VERI-1209)] ./linebuffer_control_unq1.sv(87): expression size 32 truncated to fit in target size 1
[WARN (VERI-1330)] ./memory_core.sv(452): actual bit length 16 differs from formal bit length 13 for port depth
[INFO (VERI-1018)] ./fifo_control_unq1.sv(55): compiling module fifo_control_unq1
[INFO (VERI-1018)] ./sram_control_unq1.sv(56): compiling module sram_control_unq1
[INFO (VERI-1018)] ./doublebuffer_control_unq1.sv(58): compiling module doublebuffer_control_unq1
[WARN (VERI-1209)] ./doublebuffer_control_unq1.sv(159): expression size 17 truncated to fit in target size 16
[WARN (VERI-1209)] ./doublebuffer_control_unq1.sv(233): expression size 16 truncated to fit in target size 9
[WARN (VERI-1209)] ./doublebuffer_control_unq1.sv(234): expression size 16 truncated to fit in target size 9
[WARN (VERI-1209)] ./doublebuffer_control_unq1.sv(244): expression size 32 truncated to fit in target size 16
[WARN (VERI-1209)] ./doublebuffer_control_unq1.sv(286): expression size 32 truncated to fit in target size 1
[WARN (VERI-1209)] ./doublebuffer_control_unq1.sv(379): expression size 32 truncated to fit in target size 16
[WARN (VERI-1330)] ./memory_core.sv(535): actual bit length 16 differs from formal bit length 13 for port depth
[INFO (VERI-1018)] ./mem_unq1.v(53): compiling module mem_unq1
[INFO (VERI-1018)] ./sram_stub_unq1.v(54): compiling module sram_stub_unq1
[WARN (VERI-1330)] mem_core_top_1.sv(114): actual bit length 16 differs from formal bit length 32 for port stencil_width
[WARN (VERI-1330)] mem_core_top_1.sv(116): actual bit length 16 differs from formal bit length 32 for port starting_addr
[WARN (VERI-1330)] mem_core_top_1.sv(118): actual bit length 4 differs from formal bit length 32 for port dimensionality
[WARN (VERI-1330)] mem_core_top_1.sv(119): actual bit length 16 differs from formal bit length 32 for port stride_0
[WARN (VERI-1330)] mem_core_top_1.sv(120): actual bit length 16 differs from formal bit length 32 for port stride_1
[WARN (VERI-1330)] mem_core_top_1.sv(121): actual bit length 16 differs from formal bit length 32 for port stride_2
[WARN (VERI-1330)] mem_core_top_1.sv(122): actual bit length 16 differs from formal bit length 32 for port stride_3
[WARN (VERI-1330)] mem_core_top_1.sv(123): actual bit length 16 differs from formal bit length 32 for port stride_4
[WARN (VERI-1330)] mem_core_top_1.sv(124): actual bit length 16 differs from formal bit length 32 for port stride_5
[WARN (VERI-9028)] mem_core_top_1.sv(138): missing/open ports on instance DUT of module memory_core
[INFO (VERI-1018)] ./concat_rtl.v(496): compiling module aqed_top
[INFO (VERI-1018)] ./concat_rtl.v(87): compiling module aqed_top_core
[INFO (VERI-1018)] ./concat_rtl.v(21): compiling module ccs_in_v1:(rscid=32'sb01,width=32'sb010000)
[INFO (VERI-1018)] ./concat_rtl.v(21): compiling module ccs_in_v1:(rscid=32'sb010,width=32'sb01)
[INFO (VERI-1018)] ./concat_rtl.v(21): compiling module ccs_in_v1:(rscid=32'sb011,width=32'sb01)
[INFO (VERI-1018)] ./concat_rtl.v(21): compiling module ccs_in_v1:(rscid=32'sb0100,width=32'sb01)
[INFO (VERI-1018)] ./concat_rtl.v(21): compiling module ccs_in_v1:(rscid=32'sb0101,width=32'sb01)
[INFO (VERI-1018)] ./concat_rtl.v(21): compiling module ccs_in_v1:(rscid=32'sb0110,width=32'sb01)
[INFO (VERI-1018)] ./concat_rtl.v(21): compiling module ccs_in_v1:(rscid=32'sb0111,width=32'sb010000)
[INFO (VERI-1018)] ./concat_rtl.v(21): compiling module ccs_in_v1:(rscid=32'sb01000,width=32'sb01)
[INFO (VERI-1018)] ./concat_rtl.v(21): compiling module ccs_in_v1:(rscid=32'sb01001,width=32'sb01)
[INFO (VERI-1018)] ./concat_rtl.v(54): compiling module ccs_out_v1:(rscid=32'sb01010,width=32'sb010000)
[INFO (VERI-1018)] ./concat_rtl.v(54): compiling module ccs_out_v1:(rscid=32'sb01011,width=32'sb01)
[INFO (VERI-1018)] ./concat_rtl.v(54): compiling module ccs_out_v1:(rscid=32'sb01100,width=32'sb01)
[INFO (VERI-1018)] ./concat_rtl.v(54): compiling module ccs_out_v1:(rscid=32'sb01101,width=32'sb01)
[INFO (VERI-1018)] ./concat_rtl.v(54): compiling module ccs_out_v1:(rscid=32'sb01110,width=32'sb01)
[INFO (VERI-1018)] ./concat_rtl.v(54): compiling module ccs_out_v1:(rscid=32'sb01111,width=32'sb01)
[WARN (VERI-9028)] mem_core_top_1.sv(141): missing/open ports on instance aqed of module aqed_top
[WARN (VERI-1209)] mem_core_top_1.sv(151): expression size 32 truncated to fit in target size 17
[WARN (VERI-1209)] mem_core_top_1.sv(152): expression size 32 truncated to fit in target size 17
[INFO (VERI-8000)] mem_core_top_1.sv(172): Creating net aqed.seq_pointer
[INFO (VERI-8000)] mem_core_top_1.sv(176): Creating net aqed.insert_cond
[INFO (VERI-8000)] mem_core_top_1.sv(180): Creating net aqed.delete_cond
[WARN (VERI-1209)] mem_core_top_1.sv(194): expression size 32 truncated to fit in target size 16
[WARN (VERI-1209)] mem_core_top_1.sv(196): expression size 32 truncated to fit in target size 16
[WARN (VDB-1002)] ./memory_core.sv(246): net gclk does not have a driver
[WARN (VDB-1002)] mem_core_top_1.sv(10): net stencil_width[15] does not have a driver
[WARN (VDB-1002)] mem_core_top_1.sv(11): net arbitrary_addr does not have a driver
[WARN (VDB-1002)] mem_core_top_1.sv(12): net starting_addr[15] does not have a driver
[WARN (VDB-1002)] mem_core_top_1.sv(13): net iter_cnt[31] does not have a driver
[WARN (VDB-1002)] mem_core_top_1.sv(14): net dimensionality[3] does not have a driver
[WARN (VDB-1002)] mem_core_top_1.sv(16): net stride_0[15] does not have a driver
[WARN (VDB-1002)] mem_core_top_1.sv(17): net stride_1[15] does not have a driver
[WARN (VDB-1002)] mem_core_top_1.sv(18): net stride_2[15] does not have a driver
[WARN (VDB-1002)] mem_core_top_1.sv(19): net stride_3[15] does not have a driver
[WARN (VDB-1002)] mem_core_top_1.sv(20): net stride_4[15] does not have a driver
[WARN (VDB-1002)] mem_core_top_1.sv(21): net stride_5[15] does not have a driver
[WARN (VDB-1002)] mem_core_top_1.sv(22): net range_0[31] does not have a driver
[WARN (VDB-1002)] mem_core_top_1.sv(23): net range_1[31] does not have a driver
[WARN (VDB-1002)] mem_core_top_1.sv(24): net range_2[31] does not have a driver
[WARN (VDB-1002)] mem_core_top_1.sv(25): net range_3[31] does not have a driver
[WARN (VDB-1002)] mem_core_top_1.sv(26): net range_4[31] does not have a driver
[WARN (VDB-1002)] mem_core_top_1.sv(27): net range_5[31] does not have a driver
[WARN (VDB-1002)] mem_core_top_1.sv(28): net circular_en does not have a driver
[WARN (VDB-1002)] mem_core_top_1.sv(29): net almost_count[3] does not have a driver
[WARN (VDB-1002)] mem_core_top_1.sv(30): net enable_chain does not have a driver
[WARN (VDB-1002)] mem_core_top_1.sv(31): net mode[1] does not have a driver
[WARN (VDB-1002)] mem_core_top_1.sv(32): net tile_en does not have a driver
[WARN (VDB-1002)] mem_core_top_1.sv(33): net chain_idx[3] does not have a driver
[WARN (VDB-1002)] mem_core_top_1.sv(34): net depth[15] does not have a driver
[WARN (VDB-1002)] mem_core_top_1.sv(43): net clk_en does not have a driver
[WARN (VDB-1002)] mem_core_top_1.sv(44): net flush does not have a driver
[WARN (VDB-1002)] mem_core_top_1.sv(46): net addr_in[15] does not have a driver
[WARN (VDB-1002)] mem_core_top_1.sv(47): net ren_in does not have a driver
[WARN (VDB-1002)] mem_core_top_1.sv(52): net chain_in[15] does not have a driver
[WARN (VDB-1002)] mem_core_top_1.sv(55): net chain_wen_in does not have a driver
[WARN (VDB-1002)] mem_core_top_1.sv(57): net switch_db does not have a driver
[WARN (VDB-1002)] mem_core_top_1.sv(64): net config_addr[31] does not have a driver
[WARN (VDB-1002)] mem_core_top_1.sv(65): net config_data[31] does not have a driver
[WARN (VDB-1002)] mem_core_top_1.sv(66): net config_read does not have a driver
[WARN (VDB-1002)] mem_core_top_1.sv(67): net config_write does not have a driver
[WARN (VDB-1002)] mem_core_top_1.sv(68): net config_en_sram[3] does not have a driver
[WARN (VDB-1013)] mem_core_top_1.sv(138): input port read_mode is not connected on this instance
[WARN (VDB-1013)] mem_core_top_1.sv(141): input port original_rsc_dat is not connected on this instance
[INFO] Beginning multiple driver analysis
[INFO] Finished multiple driver analysis
[INFO] Module Name mem_core_top
WARNING (WNL021): mem_core_top_1.sv(172): external reference "aqed.seq_pointer" remains unresolved and will be treated as a free net.
WARNING (WNL021): mem_core_top_1.sv(176): external reference "aqed.insert_cond" remains unresolved and will be treated as a free net.
WARNING (WNL021): mem_core_top_1.sv(180): external reference "aqed.delete_cond" remains unresolved and will be treated as a free net.
mem_core_top
[<embedded>] % clock clk
[<embedded>] % reset -expression reset
INFO (IPM031): Clearing proof results of all properties.
INFO (IRS006): Current reset condition is "reset".
[<embedded>] % set_engine_mode {Bm B}
[<embedded>] % prove -bg -property {<embedded>::mem_core_top.assert_qed_match}
INFO (IPF031): Settings used for this proof:
    time_limit                    = 86400s
    per_property_time_limit       = 1s * 10 ^ scan
    engine_mode                   = Bm B 
    proofgrid_per_engine_max_jobs = 1
    max engine jobs               = Bm B, total 2
    proofgrid_mode                = local
    proofgrid_restarts            = 10
INFO (IPF036): Starting proof on task: "<embedded>", 1 properties to prove with 0 already proven/unreachable
background (thread 0)
[<embedded>] % 
INFO (IRS029): Starting reset analysis: phase 1 of 4.
INFO (IRS030): Running reset analysis phase 2 of 4.
INFO (IRS031): Running reset analysis phase 3 of 4.
INFO (IRS020): Starting the reset analysis simulation with a limit of 100 iterations (phase 4 of 4).
INFO (IRS024): Reset iterations 0 to 4 analyzed.
INFO (IRS018): Reset analysis simulation executed for 3 iterations. Assigned values for 863 of 17297 design flops, 0 of 0 design latches, 9 of 9 internal elements.
WARNING (WPF042): A single property remains, and one of the engines "Ht", "Hts", "B", or "Bm" is already running. Ignoring "B".
Using multistage preprocessing
Starting reduce
Finished reduce in 0.147s
Performing Proof Simplification...
0.0.Bm: clocks: 2, declared: 1, disabling: 0, posedge: 2, negedge: 0, noedge: 0, bothedge: 0
0.0.Bm: Proof Simplification Iteration 1	[0.00 s]
0.0.Bm: Proof Simplification Iteration 2	[0.04 s]
0.0.Bm: Proof Simplification Iteration 3	[0.06 s]
Proof Simplification completed in 0.20 s
About to start centralized ProofGrid in its own thread with a limit of 10000 pending notifications and a limit of 10 traces.
=============================== ProofGrid start ===============================
ProofGrid usable level: 1
ProofGrid is starting event handling
0.0.Bm: Proofgrid shell started at 32557@rsg20.stanford.edu(local) jg_32388_rsg20.stanford.edu_1
0.0.Bm: clocks: 1, declared: 1, disabling: 0, posedge: 1, negedge: 0, noedge: 0, bothedge: 0
0.0.Bm: Trace Attempt  1	[0.10 s]
0.0.Bm: Trace Attempt  2	[0.21 s]
0.0.Bm: Trace Attempt  3	[0.37 s]
0.0.Bm: Trace Attempt  4	[0.58 s]
0.0.Bm: Trace Attempt  5	[0.78 s]
0.0.Bm: Trace Attempt 11	[12.44 s]
Initiating shutdown of proof (@ 16.95 s)
0.0.Bm: Next scan (0) will use per property time limit: 1s * 10 ^ 0 = 1s
0.0.Bm: Interrupted. [17.05 s]
0.0.Bm: Exited with Success (@ 17.06 s)
ProofGrid usable level: 0
ProofGrid usable level: 0
All pending notifications were processed.
INFO (IPM007): "prove" command stopped.
[<embedded>] % prove -bg -all
INFO (IPF031): Settings used for this proof:
    time_limit                    = 86400s
    per_property_time_limit       = 1s * 10 ^ scan
    engine_mode                   = Bm B 
    proofgrid_per_engine_max_jobs = 1
    max engine jobs               = Bm B, total 2
    proofgrid_mode                = local
    proofgrid_restarts            = 10
background (thread 1)
INFO (IPF036): Starting proof on task: "<embedded>", 7 properties to prove with 0 already proven/unreachable
Using multistage preprocessing
Starting reduce
Finished reduce in 0.195s
Performing Proof Simplification...
1.0.Bm: clocks: 2, declared: 1, disabling: 0, posedge: 2, negedge: 0, noedge: 0, bothedge: 0
1.0.Bm: Proof Simplification Iteration 1	[0.00 s]
1.0.Bm: Proof Simplification Iteration 2	[0.04 s]
1.0.Bm: Proof Simplification Iteration 3	[0.08 s]
Proof Simplification completed in 0.26 s
About to start centralized ProofGrid in its own thread with a limit of 10000 pending notifications and a limit of 10 traces.
=============================== ProofGrid start ===============================
ProofGrid usable level: 7
ProofGrid is starting event handling
1.0.Bm: Proofgrid shell started at 32598@rsg20.stanford.edu(local) jg_32388_rsg20.stanford.edu_2
1.0.B: Proofgrid shell started at 32599@rsg20.stanford.edu(local) jg_32388_rsg20.stanford.edu_2
1.0.B: clocks: 1, declared: 1, disabling: 0, posedge: 1, negedge: 0, noedge: 0, bothedge: 0
1.0.Bm: clocks: 1, declared: 1, disabling: 0, posedge: 1, negedge: 0, noedge: 0, bothedge: 0
1.0.B: Next scan (0) will use per property time limit: 1s * 10 ^ 0 = 1s
1.0.B: Starting proof for property "mem_core_top.assert_response_bound"	[0.00 s].
1.0.B: Trace Attempt  1	[0.01 s]
1.0.B: Trace Attempt  2	[0.01 s]
1.0.B: Trace Attempt  3	[0.01 s]
1.0.B: Trace Attempt  4	[0.01 s]
1.0.B: Trace Attempt  5	[0.02 s]
1.0.Bm: Trace Attempt  1	[0.13 s]
1.0.Bm: A trace with 1 cycles was found. [0.17 s]
INFO (IPF047): 1.0.Bm: The cover property "mem_core_top.cover_seq_10" was covered in 1 cycles in 0.28 s.
1.0.Bm: A trace with 1 cycles was found. [0.18 s]
INFO (IPF047): 1.0.Bm: The cover property "mem_core_top.cover_delete" was covered in 1 cycles in 0.33 s.
1.0.Bm: A trace with 1 cycles was found. [0.21 s]
INFO (IPF047): 1.0.Bm: The cover property "mem_core_top.cover_insert" was covered in 1 cycles in 0.37 s.
1.0.Bm: Trace Attempt  2	[0.28 s]
1.0.Bm: Trace Attempt  3	[0.42 s]
1.0.Bm: Trace Attempt  4	[0.59 s]
1.0.Bm: A trace with 4 cycles was found. [0.70 s]
INFO (IPF047): 1.0.Bm: The cover property "mem_core_top.assert_qed_match:precondition1" was covered in 4 cycles in 0.74 s.
1.0.Bm: Trace Attempt  5	[0.78 s]
ProofGrid usable level: 3
1.0.B: Trace Attempt 14	[0.40 s]
1.0.B: Per property time limit expired (1.00 s) [1.00 s]
1.0.B: Stopped processing property "mem_core_top.assert_response_bound"	[1.00 s].
1.0.B: Starting proof for property "mem_core_top.assert_response_bound:precondition1"	[0.00 s].
1.0.B: Trace Attempt  1	[0.01 s]
1.0.B: Trace Attempt  2	[0.01 s]
1.0.B: Trace Attempt  3	[0.01 s]
1.0.B: Trace Attempt  4	[0.01 s]
1.0.B: Trace Attempt  5	[0.01 s]
1.0.B: Trace Attempt  6	[0.02 s]
1.0.B: A trace with 6 cycles was found. [0.03 s]
INFO (IPF047): 1.0.B: The cover property "mem_core_top.assert_response_bound:precondition1" was covered in 6 cycles in 0.13 s.
1.0.B: Stopped processing property "mem_core_top.assert_response_bound:precondition1"	[0.13 s].
1.0.B: Starting proof for property "mem_core_top.assert_qed_match"	[0.00 s].
1.0.B: Trace Attempt  1	[0.09 s]
1.0.B: Trace Attempt  2	[0.20 s]
1.0.B: Trace Attempt  3	[0.35 s]
1.0.B: Trace Attempt  4	[0.55 s]
1.0.B: Trace Attempt  5	[0.75 s]
ProofGrid usable level: 2
1.0.B: Trace Attempt  6	[0.96 s]
1.0.B: Per property time limit expired (1.00 s) [1.12 s]
1.0.B: Stopped processing property "mem_core_top.assert_qed_match"	[1.05 s].
1.0.B: Next scan (1) will use per property time limit: 1s * 10 ^ 1 = 10s
1.0.B: Starting proof for property "mem_core_top.assert_response_bound"	[0.00 s].
1.0.B: Trace Attempt  1	[0.01 s]
1.0.B: Trace Attempt  2	[0.01 s]
1.0.B: Trace Attempt  3	[0.01 s]
1.0.B: Trace Attempt  4	[0.01 s]
1.0.B: Trace Attempt  5	[0.01 s]
1.0.Bm: Trace Attempt 10	[4.98 s]
1.0.B: Trace Attempt 18	[5.20 s]
1.0.B: Trace Attempt 19	[7.34 s]
1.0.B: Per property time limit expired (10.00 s) [10.00 s]
1.0.B: Stopped processing property "mem_core_top.assert_response_bound"	[10.00 s].
1.0.B: Starting proof for property "mem_core_top.assert_qed_match"	[0.00 s].
1.0.B: Trace Attempt  1	[0.04 s]
1.0.B: Trace Attempt  2	[0.12 s]
1.0.B: Trace Attempt  3	[0.24 s]
1.0.B: Trace Attempt  4	[0.40 s]
1.0.B: Trace Attempt  5	[0.56 s]
1.0.Bm: Trace Attempt 11	[14.91 s]
1.0.B: Trace Attempt 10	[3.82 s]
1.0.B: Per property time limit expired (10.00 s) [10.07 s]
1.0.B: Stopped processing property "mem_core_top.assert_qed_match"	[10.07 s].
1.0.B: Next scan (2) will use per property time limit: 1s * 10 ^ 2 = 100s
1.0.B: Starting proof for property "mem_core_top.assert_response_bound"	[0.00 s].
1.0.B: Trace Attempt  1	[0.01 s]
1.0.B: Trace Attempt  2	[0.01 s]
1.0.B: Trace Attempt  3	[0.01 s]
1.0.B: Trace Attempt  4	[0.01 s]
1.0.B: Trace Attempt  5	[0.01 s]
1.0.B: Trace Attempt 18	[5.20 s]
INFO: Waiting for proof threads to stop...
Initiating shutdown of proof (@ 32.65 s)
1.0.B: Stopped processing property "mem_core_top.assert_response_bound"	[10.36 s].
1.0.B: Trace Attempt 19	[7.35 s]
1.0.B: All properties either determined or skipped. [32.65 s]
1.0.B: Exited with Success (@ 32.66 s)
1.0.Bm: Next scan (0) will use per property time limit: 1s * 10 ^ 0 = 1s
1.0.Bm: Interrupted. [32.70 s]
1.0.Bm: Exited with Success (@ 32.74 s)
ProofGrid usable level: 0
ProofGrid usable level: 0
All pending notifications were processed.
INFO (IPM007): "prove" command stopped.

==============================================================
SUMMARY
==============================================================
	Properties Considered : 7
	      assertions      : 2
	       - proven       : 0 (0%)
	       - marked_proven: 0 (0%)
	       - cex          : 0 (0%)
	       - ar_cex       : 0 (0%)
	       - undetermined : 2 (100%)
	       - unprocessed  : 0 (0%)
	       - error        : 0 (0%)
	      covers          : 5
	       - unreachable  : 0 (0%)
	       - covered      : 5 (100%)
	       - ar_covered   : 0 (0%)
	       - undetermined : 0 (0%)
	       - unprocessed  : 0 (0%)
	       - error        : 0 (0%)
INFO: Proof threads stopped.
