2020-04-08 16:26:46.747840 (30785) main____ INFO    ----------------------------------------
2020-04-08 16:26:46.748028 (30785) main____ INFO    JasperGold version info
2020-04-08 16:26:46.748056 (30785) main____ INFO      tool      : JasperGold 2016.09
2020-04-08 16:26:46.748076 (30785) main____ INFO      version   : 2016.09p002 64 bits
2020-04-08 16:26:46.748089 (30785) main____ INFO      build date: 2016.11.28 18:08:37 PST
2020-04-08 16:26:46.748099 (30785) main____ INFO    ----------------------------------------
2020-04-08 16:26:46.748107 (30785) main____ INFO    Runtime info:
2020-04-08 16:26:46.748119 (30785) main____ INFO      platform  : Linux 3.10.0-957.21.3.el7.x86_64 x86_64
2020-04-08 16:26:46.748135 (30785) main____ INFO      hostname  : rsg20.stanford.edu
2020-04-08 16:26:46.748145 (30785) main____ INFO      pid       : 30785
2020-04-08 16:26:46.748155 (30785) main____ INFO      arguments : '-style' 'windows' '-tcl' 'jasper.tcl'
2020-04-08 16:26:46.748165 (30785) main____ INFO    ----------------------------------------
2020-04-08 16:26:46.750608 (30785) lic__man INFO    Claim 'main' for <ui>.
2020-04-08 16:26:46.755188 (30785) lic_core INFO    (1) checking out 'jasper_interactive' ...
2020-04-08 16:26:46.779196 (30785) lic_core INFO    ... (1) checkout succeeded
2020-04-08 16:26:46.779310 (30785) lic__man INFO    Claim 'fpv' for <ui>.
2020-04-08 16:26:46.779362 (30785) lic_core INFO    (2) checking out 'jasper_fpv' ...
2020-04-08 16:26:46.796994 (30785) lic_core INFO    ... (2) checkout succeeded
2020-04-08 16:26:47.725071 (30785) lic__man INFO    Claim 'fpv' for <ui>.
2020-04-08 16:26:47.775247 (30785) lic__man INFO    Unclaim 'fpv' for <ui>.
2020-04-08 16:26:47.775278 (30785) lic__man INFO    Claim 'fpv' for <ui>.
2020-04-08 16:26:47.790633 (30785) session_ INFO    Starting analysis session with session id 'session_0' ...
2020-04-08 16:26:47.792830 (30785) session_ INFO    Analysis session with session id 'session_0' started (pid: 30800)
2020-04-08 16:26:52.210673 (30785) session_ INFO    Analysis session 'session_0' connected to the console (host: 172.24.74.47:47636)
2020-04-08 16:26:55.355480 (30785) lic__man INFO    Unclaim everything for 'session_0*'.
2020-04-08 16:26:56.109197 (30785) lic__man INFO    Claim 'fpv' for 'session_0'.
2020-04-08 16:27:00.170148 (30785) lic__man INFO    Unclaim everything for 'session_0/prove-0'.
2020-04-08 16:27:02.445905 (30785) main____ INFO    About to exit: requested from GUI
2020-04-08 16:27:02.592408 (30785) main____ INFO    Exiting.
