2020-04-11 09:36:38.940619 (3773) main____ INFO    ----------------------------------------
2020-04-11 09:36:38.940822 (3773) main____ INFO    JasperGold version info
2020-04-11 09:36:38.940851 (3773) main____ INFO      tool      : JasperGold 2016.09
2020-04-11 09:36:38.940872 (3773) main____ INFO      version   : 2016.09p002 64 bits
2020-04-11 09:36:38.940885 (3773) main____ INFO      build date: 2016.11.28 18:08:37 PST
2020-04-11 09:36:38.940895 (3773) main____ INFO    ----------------------------------------
2020-04-11 09:36:38.940904 (3773) main____ INFO    Runtime info:
2020-04-11 09:36:38.940916 (3773) main____ INFO      platform  : Linux 3.10.0-957.21.3.el7.x86_64 x86_64
2020-04-11 09:36:38.940931 (3773) main____ INFO      hostname  : rsg25.stanford.edu
2020-04-11 09:36:38.940942 (3773) main____ INFO      pid       : 3773
2020-04-11 09:36:38.940952 (3773) main____ INFO      arguments : '-style' 'windows'
2020-04-11 09:36:38.940960 (3773) main____ INFO    ----------------------------------------
2020-04-11 09:36:38.945474 (3773) lic__man INFO    Claim 'main' for <ui>.
2020-04-11 09:36:38.952131 (3773) lic_core INFO    (1) checking out 'jasper_interactive' ...
2020-04-11 09:36:38.976386 (3773) lic_core INFO    ... (1) checkout succeeded
2020-04-11 09:36:38.976510 (3773) lic__man INFO    Claim 'fpv' for <ui>.
2020-04-11 09:36:38.976562 (3773) lic_core INFO    (2) checking out 'jasper_fpv' ...
2020-04-11 09:36:38.996849 (3773) lic_core INFO    ... (2) checkout succeeded
2020-04-11 09:36:44.135729 (3773) lic__man INFO    Claim 'fpv' for <ui>.
2020-04-11 09:36:44.308330 (3773) lic__man INFO    Unclaim 'fpv' for <ui>.
2020-04-11 09:36:44.308387 (3773) lic__man INFO    Claim 'fpv' for <ui>.
2020-04-11 09:36:44.329343 (3773) session_ INFO    Starting analysis session with session id 'session_0' ...
2020-04-11 09:36:44.332607 (3773) session_ INFO    Analysis session with session id 'session_0' started (pid: 3797)
2020-04-11 09:37:05.102579 (3773) session_ INFO    Analysis session 'session_0' connected to the console (host: 172.24.74.56:53466)
2020-04-11 09:37:35.097614 (3773) lic__man INFO    Unclaim everything for 'session_0*'.
2020-04-11 09:37:39.775878 (3773) lic__man INFO    Claim 'fpv' for 'session_0'.
2020-04-11 09:37:54.697274 (3773) lic__man INFO    Unclaim everything for 'session_0/prove-0'.
2020-04-11 09:49:02.431908 (3773) lic__man INFO    Unclaim everything for 'session_0*'.
2020-04-11 09:49:08.151074 (3773) lic__man INFO    Claim 'fpv' for 'session_0'.
2020-04-11 09:49:59.797679 (3773) lic__man INFO    Unclaim everything for 'session_0/prove-1'.
2020-04-11 09:50:14.638908 (3773) lic__man INFO    Unclaim everything for 'session_0*'.
2020-04-11 09:50:18.713931 (3773) lic__man INFO    Claim 'fpv' for 'session_0'.
2020-04-11 09:59:04.352509 (3773) lic__man INFO    Unclaim everything for 'session_0/prove-2'.
2020-04-11 10:07:04.354302 (3773) lic__man INFO    Entering idle state.
2020-04-11 10:16:20.399555 (3773) lic__man INFO    Leaving idle state.
2020-04-11 10:17:05.425751 (3773) lic__man INFO    Unclaim everything for 'session_0*'.
2020-04-11 10:17:05.679799 (3773) lic__man INFO    Claim 'fpv' for 'session_0'.
2020-04-11 10:39:45.767402 (3773) lic__man INFO    Unclaim everything for 'session_0/prove-3'.
2020-04-11 10:39:48.074131 (3773) lic__man INFO    Unclaim everything for 'session_0*'.
2020-04-11 10:39:49.133893 (3773) lic__man INFO    Claim 'fpv' for 'session_0'.
2020-04-11 10:43:51.771811 (3773) lic__man INFO    Unclaim everything for 'session_0/prove-4'.
2020-04-11 10:46:48.721529 (3773) main____ INFO    About to exit: requested from GUI
2020-04-11 10:46:49.358190 (3773) main____ INFO    Exiting.
