2020-04-08 16:45:07.595798 (4269) main____ INFO    ----------------------------------------
2020-04-08 16:45:07.595978 (4269) main____ INFO    JasperGold version info
2020-04-08 16:45:07.596005 (4269) main____ INFO      tool      : JasperGold 2016.09
2020-04-08 16:45:07.596025 (4269) main____ INFO      version   : 2016.09p002 64 bits
2020-04-08 16:45:07.596037 (4269) main____ INFO      build date: 2016.11.28 18:08:37 PST
2020-04-08 16:45:07.596046 (4269) main____ INFO    ----------------------------------------
2020-04-08 16:45:07.596055 (4269) main____ INFO    Runtime info:
2020-04-08 16:45:07.596067 (4269) main____ INFO      platform  : Linux 3.10.0-957.21.3.el7.x86_64 x86_64
2020-04-08 16:45:07.596082 (4269) main____ INFO      hostname  : rsg20.stanford.edu
2020-04-08 16:45:07.596092 (4269) main____ INFO      pid       : 4269
2020-04-08 16:45:07.596103 (4269) main____ INFO      arguments : '-style' 'windows' '-tcl' 'jasper.tcl'
2020-04-08 16:45:07.596112 (4269) main____ INFO    ----------------------------------------
2020-04-08 16:45:07.598525 (4269) lic__man INFO    Claim 'main' for <ui>.
2020-04-08 16:45:07.604499 (4269) lic_core INFO    (1) checking out 'jasper_interactive' ...
2020-04-08 16:45:07.833136 (4269) lic_core INFO    ... (1) checkout succeeded
2020-04-08 16:45:07.833289 (4269) lic__man INFO    Claim 'fpv' for <ui>.
2020-04-08 16:45:07.833349 (4269) lic_core INFO    (2) checking out 'jasper_fpv' ...
2020-04-08 16:45:07.853798 (4269) lic_core INFO    ... (2) checkout succeeded
2020-04-08 16:45:08.930873 (4269) lic__man INFO    Claim 'fpv' for <ui>.
2020-04-08 16:45:08.981184 (4269) lic__man INFO    Unclaim 'fpv' for <ui>.
2020-04-08 16:45:08.981214 (4269) lic__man INFO    Claim 'fpv' for <ui>.
2020-04-08 16:45:09.034413 (4269) session_ INFO    Starting analysis session with session id 'session_0' ...
2020-04-08 16:45:09.037891 (4269) session_ INFO    Analysis session with session id 'session_0' started (pid: 4284)
2020-04-08 16:45:13.986079 (4269) session_ INFO    Analysis session 'session_0' connected to the console (host: 172.24.74.47:54922)
2020-04-08 16:45:16.131778 (4269) lic__man INFO    Unclaim everything for 'session_0*'.
2020-04-08 16:45:16.322318 (4269) lic__man INFO    Claim 'fpv' for 'session_0'.
2020-04-08 16:45:20.025432 (4269) lic__man INFO    Unclaim everything for 'session_0/prove-0'.
2020-04-08 16:45:38.215996 (4269) main____ INFO    About to exit: requested from GUI
2020-04-08 16:45:38.378376 (4269) main____ INFO    Exiting.
