2020-04-08 15:52:36.772213 (26983) main____ INFO    ----------------------------------------
2020-04-08 15:52:36.772373 (26983) main____ INFO    JasperGold version info
2020-04-08 15:52:36.772398 (26983) main____ INFO      tool      : JasperGold 2016.09
2020-04-08 15:52:36.772415 (26983) main____ INFO      version   : 2016.09p002 64 bits
2020-04-08 15:52:36.772426 (26983) main____ INFO      build date: 2016.11.28 18:08:37 PST
2020-04-08 15:52:36.772434 (26983) main____ INFO    ----------------------------------------
2020-04-08 15:52:36.772442 (26983) main____ INFO    Runtime info:
2020-04-08 15:52:36.772462 (26983) main____ INFO      platform  : Linux 3.10.0-957.21.3.el7.x86_64 x86_64
2020-04-08 15:52:36.772477 (26983) main____ INFO      hostname  : rsg20.stanford.edu
2020-04-08 15:52:36.772486 (26983) main____ INFO      pid       : 26983
2020-04-08 15:52:36.772494 (26983) main____ INFO      arguments : '-style' 'windows' '-tcl' 'jasper.tcl'
2020-04-08 15:52:36.772502 (26983) main____ INFO    ----------------------------------------
2020-04-08 15:52:36.783211 (26983) lic__man INFO    Claim 'main' for <ui>.
2020-04-08 15:52:36.789539 (26983) lic_core INFO    (1) checking out 'jasper_interactive' ...
2020-04-08 15:52:36.814042 (26983) lic_core INFO    ... (1) checkout succeeded
2020-04-08 15:52:36.814157 (26983) lic__man INFO    Claim 'fpv' for <ui>.
2020-04-08 15:52:36.814207 (26983) lic_core INFO    (2) checking out 'jasper_fpv' ...
2020-04-08 15:52:36.834611 (26983) lic_core INFO    ... (2) checkout succeeded
2020-04-08 15:52:37.599611 (26983) lic__man INFO    Claim 'fpv' for <ui>.
2020-04-08 15:52:37.650874 (26983) lic__man INFO    Unclaim 'fpv' for <ui>.
2020-04-08 15:52:37.650910 (26983) lic__man INFO    Claim 'fpv' for <ui>.
2020-04-08 15:52:37.687351 (26983) session_ INFO    Starting analysis session with session id 'session_0' ...
2020-04-08 15:52:37.690003 (26983) session_ INFO    Analysis session with session id 'session_0' started (pid: 27005)
2020-04-08 15:52:42.723511 (26983) session_ INFO    Analysis session 'session_0' connected to the console (host: 172.24.74.47:58686)
2020-04-08 15:52:46.322570 (26983) lic__man INFO    Unclaim everything for 'session_0*'.
2020-04-08 15:52:46.952984 (26983) lic__man INFO    Claim 'fpv' for 'session_0'.
2020-04-08 15:52:46.995179 (26983) lic__man INFO    Claim 'fpv' for 'session_0/prove-1'.
2020-04-08 15:52:46.995289 (26983) lic_core INFO    (3) checking out 'jasper_fpv' ...
2020-04-08 15:52:47.015870 (26983) lic_core INFO    ... (3) checkout succeeded
2020-04-08 15:52:50.619969 (26983) lic__man INFO    Unclaim everything for 'session_0/prove-1'.
2020-04-08 15:52:55.588777 (26983) lic__man INFO    Unclaim everything for 'session_0/prove-0'.
2020-04-08 15:52:56.513367 (26983) main____ INFO    About to exit: requested from GUI
2020-04-08 15:52:56.659772 (26983) main____ INFO    Exiting.
