2020-04-15 22:29:31.911566 (7788) main____ INFO    ----------------------------------------
2020-04-15 22:29:31.911754 (7788) main____ INFO    JasperGold version info
2020-04-15 22:29:31.911781 (7788) main____ INFO      tool      : JasperGold 2016.09
2020-04-15 22:29:31.911801 (7788) main____ INFO      version   : 2016.09p002 64 bits
2020-04-15 22:29:31.911813 (7788) main____ INFO      build date: 2016.11.28 18:08:37 PST
2020-04-15 22:29:31.911823 (7788) main____ INFO    ----------------------------------------
2020-04-15 22:29:31.911832 (7788) main____ INFO    Runtime info:
2020-04-15 22:29:31.911844 (7788) main____ INFO      platform  : Linux 3.10.0-957.21.3.el7.x86_64 x86_64
2020-04-15 22:29:31.911860 (7788) main____ INFO      hostname  : rsg31.stanford.edu
2020-04-15 22:29:31.911871 (7788) main____ INFO      pid       : 7788
2020-04-15 22:29:31.911881 (7788) main____ INFO      arguments : '-style' 'windows' '-tcl' 'jasper.tcl'
2020-04-15 22:29:31.911890 (7788) main____ INFO    ----------------------------------------
2020-04-15 22:29:31.916502 (7788) lic__man INFO    Claim 'main' for <ui>.
2020-04-15 22:29:31.923015 (7788) lic_core INFO    (1) checking out 'jasper_interactive' ...
2020-04-15 22:29:31.948439 (7788) lic_core INFO    ... (1) checkout succeeded
2020-04-15 22:29:31.948556 (7788) lic__man INFO    Claim 'fpv' for <ui>.
2020-04-15 22:29:31.948604 (7788) lic_core INFO    (2) checking out 'jasper_fpv' ...
2020-04-15 22:29:31.970023 (7788) lic_core INFO    ... (2) checkout succeeded
2020-04-15 22:29:32.705325 (7788) lic__man INFO    Claim 'fpv' for <ui>.
2020-04-15 22:29:32.877416 (7788) lic__man INFO    Unclaim 'fpv' for <ui>.
2020-04-15 22:29:32.877478 (7788) lic__man INFO    Claim 'fpv' for <ui>.
2020-04-15 22:29:32.906705 (7788) session_ INFO    Starting analysis session with session id 'session_0' ...
2020-04-15 22:29:32.910953 (7788) session_ INFO    Analysis session with session id 'session_0' started (pid: 7810)
2020-04-15 22:29:38.164230 (7788) session_ INFO    Analysis session 'session_0' connected to the console (host: 172.24.74.88:48216)
2020-04-15 22:29:40.150678 (7788) lic__man INFO    Unclaim everything for 'session_0*'.
2020-04-15 22:30:09.112404 (7788) lic__man INFO    Claim 'fpv' for 'session_0'.
