

================================================================
== Vivado HLS Report for 'workload'
================================================================
* Date:           Wed Apr 15 17:33:53 2020

* Version:        2018.3 (Build 2405991 on Thu Dec 06 23:56:15 MST 2018)
* Project:        BUGLESS
* Solution:       solution1
* Product family: aartix7
* Target device:  xa7a12tcsg325-1q


================================================================
== Performance Estimates
================================================================
+ Timing (ns): 
    * Summary: 
    +--------+-------+----------+------------+
    |  Clock | Target| Estimated| Uncertainty|
    +--------+-------+----------+------------+
    |ap_clk  |  50.00|     9.254|        6.25|
    +--------+-------+----------+------------+

+ Latency (clock cycles): 
    * Summary: 
    +-----+-----+-----+-----+---------+
    |  Latency  |  Interval | Pipeline|
    | min | max | min | max |   Type  |
    +-----+-----+-----+-----+---------+
    |  110|  110|  110|  110|   none  |
    +-----+-----+-----+-----+---------+

    + Detail: 
        * Instance: 
        +-------------------------------+--------------------+-----+-----+-----+-----+---------+
        |                               |                    |  Latency  |  Interval | Pipeline|
        |            Instance           |       Module       | min | max | min | max |   Type  |
        +-------------------------------+--------------------+-----+-----+-----+-----+---------+
        |grp_aes256_encrypt_ecb_fu_349  |aes256_encrypt_ecb  |   47|   47|   47|   47|   none  |
        |grp_aes256_encrypt_ecb_fu_361  |aes256_encrypt_ecb  |   47|   47|   47|   47|   none  |
        +-------------------------------+--------------------+-----+-----+-----+-----+---------+

        * Loop: 
        +-----------------+-----+-----+----------+-----------+-----------+------+----------+
        |                 |  Latency  | Iteration|  Initiation Interval  | Trip |          |
        |    Loop Name    | min | max |  Latency |  achieved |   target  | Count| Pipelined|
        +-----------------+-----+-----+----------+-----------+-----------+------+----------+
        |- Loop 1         |   32|   32|         1|          1|          1|    32|    yes   |
        |- major_loop     |   75|   75|        75|          -|          -|     1|    no    |
        | + reshape1      |   16|   16|         8|          -|          -|     2|    no    |
        |  ++ reshape1.1  |    6|    6|         3|          -|          -|     2|    no    |
        | + reshape2      |    8|    8|         4|          -|          -|     2|    no    |
        |  ++ reshape2.1  |    2|    2|         1|          -|          -|     2|    no    |
        +-----------------+-----+-----+----------+-----------+-----------+------+----------+



================================================================
== Utilization Estimates
================================================================
* Summary: 
+-----------------+---------+-------+-------+------+
|       Name      | BRAM_18K| DSP48E|   FF  |  LUT |
+-----------------+---------+-------+-------+------+
|DSP              |        -|      -|      -|     -|
|Expression       |        -|      -|      0|   212|
|FIFO             |        -|      -|      -|     -|
|Instance         |        4|      -|    240|   972|
|Memory           |        0|      -|     32|     8|
|Multiplexer      |        -|      -|      -|   221|
|Register         |        -|      -|    199|     -|
+-----------------+---------+-------+-------+------+
|Total            |        4|      0|    471|  1413|
+-----------------+---------+-------+-------+------+
|Available        |       40|     40|  16000|  8000|
+-----------------+---------+-------+-------+------+
|Utilization (%)  |       10|      0|      2|    17|
+-----------------+---------+-------+-------+------+

+ Detail: 
    * Instance: 
    +-------------------------------+--------------------+---------+-------+-----+-----+
    |            Instance           |       Module       | BRAM_18K| DSP48E|  FF | LUT |
    +-------------------------------+--------------------+---------+-------+-----+-----+
    |grp_aes256_encrypt_ecb_fu_349  |aes256_encrypt_ecb  |        2|      0|  120|  486|
    |grp_aes256_encrypt_ecb_fu_361  |aes256_encrypt_ecb  |        2|      0|  120|  486|
    +-------------------------------+--------------------+---------+-------+-----+-----+
    |Total                          |                    |        4|      0|  240|  972|
    +-------------------------------+--------------------+---------+-------+-----+-----+

    * DSP48: 
    N/A

    * Memory: 
    +---------------+----------------------+---------+----+----+------+-----+------+-------------+
    |     Memory    |        Module        | BRAM_18K| FF | LUT| Words| Bits| Banks| W*Bits*Banks|
    +---------------+----------------------+---------+----+----+------+-----+------+-------------+
    |local_key_0_U  |workload_local_key_0  |        0|  16|   4|    32|    8|     1|          256|
    |local_key_1_U  |workload_local_key_0  |        0|  16|   4|    32|    8|     1|          256|
    +---------------+----------------------+---------+----+----+------+-----+------+-------------+
    |Total          |                      |        0|  32|   8|    64|   16|     2|          512|
    +---------------+----------------------+---------+----+----+------+-----+------+-------------+

    * FIFO: 
    N/A

    * Expression: 
    +---------------------------------+----------+-------+---+----+------------+------------+
    |          Variable Name          | Operation| DSP48E| FF| LUT| Bitwidth P0| Bitwidth P1|
    +---------------------------------+----------+-------+---+----+------------+------------+
    |j_2_fu_379_p2                    |     +    |      0|  0|  15|           6|           1|
    |j_4_fu_391_p2                    |     +    |      0|  0|  10|           2|           1|
    |j_5_fu_492_p2                    |     +    |      0|  0|  10|           2|           1|
    |k_2_fu_413_p2                    |     +    |      0|  0|  10|           2|           1|
    |k_3_fu_514_p2                    |     +    |      0|  0|  10|           2|           1|
    |sum2_fu_553_p2                   |     +    |      0|  0|  13|           4|           4|
    |sum_fu_428_p2                    |     +    |      0|  0|  13|           4|           4|
    |tmp1_fu_544_p2                   |     +    |      0|  0|  10|           2|           2|
    |tmp8_fu_419_p2                   |     +    |      0|  0|  10|           2|           2|
    |exitcond2_fu_373_p2              |   icmp   |      0|  0|  11|           6|           7|
    |exitcond3_fu_385_p2              |   icmp   |      0|  0|   9|           2|           3|
    |exitcond5_fu_407_p2              |   icmp   |      0|  0|   9|           2|           3|
    |exitcond6_fu_486_p2              |   icmp   |      0|  0|   9|           2|           3|
    |exitcond_fu_508_p2               |   icmp   |      0|  0|   9|           2|           3|
    |ap_block_state9_on_subcall_done  |    or    |      0|  0|   8|           1|           1|
    |buf_0_load_phi_fu_530_p3         |  select  |      0|  0|   8|           1|           8|
    |buf_1_1_4_fu_456_p3              |  select  |      0|  0|   8|           1|           8|
    |buf_1_1_6_fu_463_p3              |  select  |      0|  0|   8|           1|           8|
    |buf_1_1_7_fu_442_p3              |  select  |      0|  0|   8|           1|           8|
    |buf_1_1_8_fu_449_p3              |  select  |      0|  0|   8|           1|           8|
    |buf_1_load_phi_fu_524_p3         |  select  |      0|  0|   8|           1|           8|
    |data_d0                          |  select  |      0|  0|   8|           1|           8|
    +---------------------------------+----------+-------+---+----+------------+------------+
    |Total                            |          |      0|  0| 212|          48|          93|
    +---------------------------------+----------+-------+---+----+------------+------------+

    * Multiplexer: 
    +----------------------+----+-----------+-----+-----------+
    |         Name         | LUT| Input Size| Bits| Total Bits|
    +----------------------+----+-----------+-----+-----------+
    |ap_NS_fsm             |  53|         12|    1|         12|
    |buf_0_0_1_reg_198     |   9|          2|    8|         16|
    |buf_0_0_2_be_reg_315  |   9|          2|    8|         16|
    |buf_0_0_2_reg_256     |   9|          2|    8|         16|
    |buf_0_1_1_reg_187     |   9|          2|    8|         16|
    |buf_0_1_2_be_reg_303  |   9|          2|    8|         16|
    |buf_0_1_2_reg_244     |   9|          2|    8|         16|
    |buf_1_0_1_reg_176     |   9|          2|    8|         16|
    |buf_1_0_2_be_reg_291  |   9|          2|    8|         16|
    |buf_1_0_2_reg_232     |   9|          2|    8|         16|
    |buf_1_1_1_reg_165     |   9|          2|    8|         16|
    |buf_1_1_2_be_reg_279  |   9|          2|    8|         16|
    |buf_1_1_2_reg_220     |   9|          2|    8|         16|
    |data_address0         |  15|          3|    4|         12|
    |j_1_reg_209           |   9|          2|    2|          4|
    |j_3_reg_327           |   9|          2|    2|          4|
    |j_reg_93              |   9|          2|    6|         12|
    |k_1_reg_338           |   9|          2|    2|          4|
    |k_reg_268             |   9|          2|    2|          4|
    +----------------------+----+-----------+-----+-----------+
    |Total                 | 221|         49|  115|        244|
    +----------------------+----+-----------+-----+-----------+

    * Register: 
    +--------------------------------------------+----+----+-----+-----------+
    |                    Name                    | FF | LUT| Bits| Const Bits|
    +--------------------------------------------+----+----+-----+-----------+
    |ap_CS_fsm                                   |  11|   0|   11|          0|
    |buf_0_0_1_reg_198                           |   8|   0|    8|          0|
    |buf_0_0_2_be_reg_315                        |   8|   0|    8|          0|
    |buf_0_0_2_reg_256                           |   8|   0|    8|          0|
    |buf_0_0_3_reg_635                           |   8|   0|    8|          0|
    |buf_0_0_reg_140                             |   8|   0|    8|          0|
    |buf_0_1_1_reg_187                           |   8|   0|    8|          0|
    |buf_0_1_2_be_reg_303                        |   8|   0|    8|          0|
    |buf_0_1_2_reg_244                           |   8|   0|    8|          0|
    |buf_0_1_3_reg_641                           |   8|   0|    8|          0|
    |buf_0_1_reg_128                             |   8|   0|    8|          0|
    |buf_1_0_1_reg_176                           |   8|   0|    8|          0|
    |buf_1_0_2_be_reg_291                        |   8|   0|    8|          0|
    |buf_1_0_2_reg_232                           |   8|   0|    8|          0|
    |buf_1_0_3_reg_647                           |   8|   0|    8|          0|
    |buf_1_0_reg_116                             |   8|   0|    8|          0|
    |buf_1_1_1_reg_165                           |   8|   0|    8|          0|
    |buf_1_1_2_be_reg_279                        |   8|   0|    8|          0|
    |buf_1_1_2_reg_220                           |   8|   0|    8|          0|
    |buf_1_1_3_reg_653                           |   8|   0|    8|          0|
    |buf_1_1_reg_104                             |   8|   0|    8|          0|
    |grp_aes256_encrypt_ecb_fu_349_ap_start_reg  |   1|   0|    1|          0|
    |grp_aes256_encrypt_ecb_fu_361_ap_start_reg  |   1|   0|    1|          0|
    |i_2_reg_152                                 |   1|   0|    1|          0|
    |j_1_reg_209                                 |   2|   0|    2|          0|
    |j_3_reg_327                                 |   2|   0|    2|          0|
    |j_4_reg_580                                 |   2|   0|    2|          0|
    |j_5_reg_662                                 |   2|   0|    2|          0|
    |j_reg_93                                    |   6|   0|    6|          0|
    |k_1_reg_338                                 |   2|   0|    2|          0|
    |k_2_reg_597                                 |   2|   0|    2|          0|
    |k_reg_268                                   |   2|   0|    2|          0|
    |tmp_1_reg_585                               |   1|   0|    1|          0|
    |tmp_4_reg_589                               |   1|   0|    2|          1|
    |tmp_5_reg_667                               |   1|   0|    1|          0|
    |tmp_6_reg_672                               |   1|   0|    2|          1|
    |tmp_7_reg_607                               |   1|   0|    1|          0|
    +--------------------------------------------+----+----+-----+-----------+
    |Total                                       | 199|   0|  201|          2|
    +--------------------------------------------+----+----+-----+-----------+



================================================================
== Interface
================================================================
* Summary: 
+---------------+-----+-----+------------+--------------+--------------+
|   RTL Ports   | Dir | Bits|  Protocol  | Source Object|    C Type    |
+---------------+-----+-----+------------+--------------+--------------+
|ap_clk         |  in |    1| ap_ctrl_hs |   workload   | return value |
|ap_rst         |  in |    1| ap_ctrl_hs |   workload   | return value |
|ap_start       |  in |    1| ap_ctrl_hs |   workload   | return value |
|ap_done        | out |    1| ap_ctrl_hs |   workload   | return value |
|ap_idle        | out |    1| ap_ctrl_hs |   workload   | return value |
|ap_ready       | out |    1| ap_ctrl_hs |   workload   | return value |
|data_address0  | out |    4|  ap_memory |     data     |     array    |
|data_ce0       | out |    1|  ap_memory |     data     |     array    |
|data_we0       | out |    1|  ap_memory |     data     |     array    |
|data_d0        | out |    8|  ap_memory |     data     |     array    |
|data_q0        |  in |    8|  ap_memory |     data     |     array    |
|data_offset    |  in |    4|   ap_none  |  data_offset |    scalar    |
+---------------+-----+-----+------------+--------------+--------------+

