#----------------------------------------
# JasperGold Version Info
# tool      : JasperGold 2016.09
# platform  : Linux 3.10.0-957.21.3.el7.x86_64
# version   : 2016.09p002 64 bits
# build date: 2016.11.28 18:08:41 PST
#----------------------------------------
# started Fri Apr 03 20:09:48 PDT 2020
# hostname  : rsg20.stanford.edu
# pid       : 5956
# arguments : '-label' 'session_0' '-console' 'rsg20.stanford.edu:32971' '-style' 'windows' '-use_native_tcl' '-proj' '/rsgs/pool0/Saranyu/aqed/memory_core_clean3/genesis_verif_step5/jgproject/sessionLogs/session_0' '-init' '-hidden' '/rsgs/pool0/Saranyu/aqed/memory_core_clean3/genesis_verif_step5/jgproject/.tmp/.initCmds.tcl' 'jasper.tcl'

Any disclosure about the Cadence Design Systems software or its use
model to any third party violates the written Non-Disclosure Agreement
between Cadence Design Systems, Inc. and the customer.

THIS SOFTWARE CONTAINS CONFIDENTIAL INFORMATION AND TRADE SECRETS OF
CADENCE DESIGN SYSTEMS, INC. USE, DISCLOSURE, OR REPRODUCTION IS
PROHIBITED WITHOUT THE PRIOR EXPRESS WRITTEN PERMISSION OF CADENCE
DESIGN SYSTEMS, INC.

Copyright (C) 2000-2016 Cadence Design Systems, Inc. All Rights
Reserved.  Unpublished -- rights reserved under the copyright laws of
the United States.

This product includes software developed by others and redistributed
according to license agreement. See doc/third_party_readme.txt for
further details.

RESTRICTED RIGHTS LEGEND

Use, duplication, or disclosure by the Government is subject to
restrictions as set forth in subparagraph (c) (1) (ii) of the Rights in
Technical Data and Computer Software clause at DFARS 252.227-7013 or
subparagraphs (c) (1) and (2) of Commercial Computer Software -- Restricted
Rights at 48 CFR 52.227-19, as applicable.


                          Cadence Design Systems, Inc. 
                          2655 Seely Avenue
                          San Jose, CA 95134
                          Phone: 408.943.1234

For technical assistance visit http://support.cadence.com.

JasperGold Apps Analysis Session - /rsgs/pool0/Saranyu/aqed/memory_core_clean3/genesis_verif_step5/jgproject/sessionLogs/session_0

INFO: successfully checked out licenses "jasper_interactive" and "jasper_fpv".
INFO: reading configuration file "/rsghome/saranyuc/.config/jasper/jaspergold.conf".
INFO (IPL003): This JasperGold instance uses a new interpreter implementation for Tcl evaluation.
    Launch JasperGold using the "-use_jtcl" command-line switch to restore it to the old implementation.
% 
% analyze -sv09 -f memory_core.flist mem_core_top_1.sv
[-- (VERI-1482)] Analyzing Verilog file /hd/cad/cadence/JASPERGOLD16.09.002.lnx86/lib/verilog/packages/std/std.sv into library std
[-- (VERI-1482)] Analyzing Verilog file ./doublebuffer_control_unq1.sv
[-- (VERI-1482)] Analyzing Verilog file ./fifo_control_unq1.sv
[-- (VERI-1482)] Analyzing Verilog file ./linebuffer_control_unq1.sv
[-- (VERI-1482)] Analyzing Verilog file ./memory_core.sv
[-- (VERI-1482)] Analyzing Verilog file ./mem_unq1.v
[-- (VERI-1482)] Analyzing Verilog file ./sram_control_unq1.sv
[-- (VERI-1482)] Analyzing Verilog file ./sram_stub_unq1.v
[-- (VERI-1482)] Analyzing Verilog file ./aqed.v
[-- (VERI-1482)] Analyzing Verilog file ./mem_core_top_1.sv
[-- (VERI-1482)] Analyzing Verilog file ./concat_rtl.v
[-- (VERI-1482)] Analyzing Verilog file mem_core_top_1.sv
[WARN (VERI-1206)] mem_core_top_1.sv(205): overwriting previous definition of module mem_core_top
[INFO (VERI-2142)] mem_core_top_1.sv(205): previous definition of module mem_core_top is here
% elaborate -disable_auto_bbox -top mem_core_top
INFO (ISW003): Top module name is "mem_core_top".
[WARN (VERI-1927)] mem_core_top_1.sv(139): port original_rsc_dat remains unconnected for this instance
[INFO (VERI-1018)] mem_core_top_1.sv(7): compiling module mem_core_top
[INFO (VERI-1018)] ./memory_core.sv(64): compiling module memory_core
[INFO (VERI-1018)] ./linebuffer_control_unq1.sv(55): compiling module linebuffer_control_unq1
[WARN (VERI-1209)] ./linebuffer_control_unq1.sv(89): expression size 32 truncated to fit in target size 1
[WARN (VERI-1209)] ./linebuffer_control_unq1.sv(122): expression size 32 truncated to fit in target size 16
[WARN (VERI-1330)] ./memory_core.sv(435): actual bit length 16 differs from formal bit length 13 for port depth
[INFO (VERI-1018)] ./fifo_control_unq1.sv(55): compiling module fifo_control_unq1
[WARN (VERI-1209)] ./fifo_control_unq1.sv(303): expression size 32 truncated to fit in target size 10
[WARN (VERI-1209)] ./fifo_control_unq1.sv(309): expression size 32 truncated to fit in target size 10
[WARN (VERI-1209)] ./fifo_control_unq1.sv(322): expression size 32 truncated to fit in target size 10
[WARN (VERI-1209)] ./fifo_control_unq1.sv(335): expression size 32 truncated to fit in target size 10
[WARN (VERI-1209)] ./fifo_control_unq1.sv(336): expression size 32 truncated to fit in target size 10
[WARN (VERI-1330)] ./memory_core.sv(460): actual bit length 16 differs from formal bit length 13 for port depth
[INFO (VERI-1018)] ./sram_control_unq1.sv(56): compiling module sram_control_unq1
[INFO (VERI-1018)] ./doublebuffer_control_unq1.sv(58): compiling module doublebuffer_control_unq1
[WARN (VERI-1209)] ./doublebuffer_control_unq1.sv(173): expression size 32 truncated to fit in target size 1
[WARN (VERI-1167)] ./doublebuffer_control_unq1.sv(179): if-condition does not match any sensitivity list edge
[WARN (VERI-1221)] ./doublebuffer_control_unq1.sv(183): data_out should be on the sensitivity list
[WARN (VERI-1466)] ./doublebuffer_control_unq1.sv(183): assignment under multiple single edges is not supported for synthesis
[WARN (VERI-1209)] ./doublebuffer_control_unq1.sv(201): expression size 32 truncated to fit in target size 16
[WARN (VERI-1209)] ./doublebuffer_control_unq1.sv(299): expression size 16 truncated to fit in target size 9
[WARN (VERI-1209)] ./doublebuffer_control_unq1.sv(300): expression size 16 truncated to fit in target size 9
[WARN (VERI-1209)] ./doublebuffer_control_unq1.sv(309): expression size 32 truncated to fit in target size 16
[WARN (VERI-1209)] ./doublebuffer_control_unq1.sv(342): expression size 32 truncated to fit in target size 1
[WARN (VERI-1209)] ./doublebuffer_control_unq1.sv(464): expression size 32 truncated to fit in target size 16
[INFO (VERI-1018)] ./mem_unq1.v(56): compiling module mem_unq1
[INFO (VERI-1018)] ./sram_stub_unq1.v(54): compiling module sram_stub_unq1
[INFO (VERI-1018)] ./concat_rtl.v(2955): compiling module aqed_top
[INFO (VERI-1018)] ./concat_rtl.v(87): compiling module aqed_top_core
[INFO (VERI-1018)] ./concat_rtl.v(21): compiling module ccs_in_v1:(rscid=32'sb01,width=32'sb010000)
[INFO (VERI-1018)] ./concat_rtl.v(21): compiling module ccs_in_v1:(rscid=32'sb010,width=32'sb01)
[INFO (VERI-1018)] ./concat_rtl.v(21): compiling module ccs_in_v1:(rscid=32'sb011,width=32'sb01)
[INFO (VERI-1018)] ./concat_rtl.v(21): compiling module ccs_in_v1:(rscid=32'sb0100,width=32'sb01)
[INFO (VERI-1018)] ./concat_rtl.v(21): compiling module ccs_in_v1:(rscid=32'sb0101,width=32'sb010000)
[INFO (VERI-1018)] ./concat_rtl.v(21): compiling module ccs_in_v1:(rscid=32'sb0110,width=32'sb01)
[INFO (VERI-1018)] ./concat_rtl.v(21): compiling module ccs_in_v1:(rscid=32'sb0111,width=32'sb01)
[INFO (VERI-1018)] ./concat_rtl.v(54): compiling module ccs_out_v1:(rscid=32'sb01000,width=32'sb010000)
[INFO (VERI-1018)] ./concat_rtl.v(54): compiling module ccs_out_v1:(rscid=32'sb01001,width=32'sb01)
[INFO (VERI-1018)] ./concat_rtl.v(54): compiling module ccs_out_v1:(rscid=32'sb01010,width=32'sb01)
[INFO (VERI-1018)] ./concat_rtl.v(54): compiling module ccs_out_v1:(rscid=32'sb01011,width=32'sb01)
[INFO (VERI-1018)] ./concat_rtl.v(54): compiling module ccs_out_v1:(rscid=32'sb01100,width=32'sb01)
[INFO (VERI-1018)] ./concat_rtl.v(54): compiling module ccs_out_v1:(rscid=32'sb01101,width=32'sb01)
[WARN (VERI-9028)] mem_core_top_1.sv(139): missing/open ports on instance aqed of module aqed_top
[WARN (VERI-1209)] mem_core_top_1.sv(149): expression size 32 truncated to fit in target size 17
[WARN (VERI-1209)] mem_core_top_1.sv(150): expression size 32 truncated to fit in target size 17
[INFO (VERI-8000)] mem_core_top_1.sv(168): Creating net aqed.seq_pointer
[INFO (VERI-8000)] mem_core_top_1.sv(172): Creating net aqed.insert_cond
[INFO (VERI-8000)] mem_core_top_1.sv(176): Creating net aqed.delete_cond
[WARN (VERI-1209)] mem_core_top_1.sv(191): expression size 32 truncated to fit in target size 16
[WARN (VERI-1209)] mem_core_top_1.sv(193): expression size 32 truncated to fit in target size 16
[WARN (VDB-1002)] mem_core_top_1.sv(10): net stencil_width[15] does not have a driver
[WARN (VDB-1002)] mem_core_top_1.sv(11): net arbitrary_addr does not have a driver
[WARN (VDB-1002)] mem_core_top_1.sv(12): net starting_addr[15] does not have a driver
[WARN (VDB-1002)] mem_core_top_1.sv(13): net iter_cnt[31] does not have a driver
[WARN (VDB-1002)] mem_core_top_1.sv(15): net rate_matched does not have a driver
[WARN (VDB-1002)] mem_core_top_1.sv(16): net stride_0[15] does not have a driver
[WARN (VDB-1002)] mem_core_top_1.sv(17): net stride_1[15] does not have a driver
[WARN (VDB-1002)] mem_core_top_1.sv(18): net stride_2[15] does not have a driver
[WARN (VDB-1002)] mem_core_top_1.sv(19): net stride_3[15] does not have a driver
[WARN (VDB-1002)] mem_core_top_1.sv(20): net stride_4[15] does not have a driver
[WARN (VDB-1002)] mem_core_top_1.sv(21): net stride_5[15] does not have a driver
[WARN (VDB-1002)] mem_core_top_1.sv(22): net range_0[31] does not have a driver
[WARN (VDB-1002)] mem_core_top_1.sv(23): net range_1[31] does not have a driver
[WARN (VDB-1002)] mem_core_top_1.sv(24): net range_2[31] does not have a driver
[WARN (VDB-1002)] mem_core_top_1.sv(25): net range_3[31] does not have a driver
[WARN (VDB-1002)] mem_core_top_1.sv(26): net range_4[31] does not have a driver
[WARN (VDB-1002)] mem_core_top_1.sv(27): net range_5[31] does not have a driver
[WARN (VDB-1002)] mem_core_top_1.sv(28): net circular_en does not have a driver
[WARN (VDB-1002)] mem_core_top_1.sv(29): net almost_count[3] does not have a driver
[WARN (VDB-1002)] mem_core_top_1.sv(30): net enable_chain does not have a driver
[WARN (VDB-1002)] mem_core_top_1.sv(31): net mode[1] does not have a driver
[WARN (VDB-1002)] mem_core_top_1.sv(32): net tile_en does not have a driver
[WARN (VDB-1002)] mem_core_top_1.sv(33): net chain_idx[3] does not have a driver
[WARN (VDB-1002)] mem_core_top_1.sv(34): net depth[15] does not have a driver
[WARN (VDB-1002)] mem_core_top_1.sv(43): net clk_en does not have a driver
[WARN (VDB-1002)] mem_core_top_1.sv(44): net flush does not have a driver
[WARN (VDB-1002)] mem_core_top_1.sv(46): net addr_in[15] does not have a driver
[WARN (VDB-1002)] mem_core_top_1.sv(47): net ren_in does not have a driver
[WARN (VDB-1002)] mem_core_top_1.sv(52): net chain_in[15] does not have a driver
[WARN (VDB-1002)] mem_core_top_1.sv(55): net chain_wen_in does not have a driver
[WARN (VDB-1002)] mem_core_top_1.sv(57): net switch_db does not have a driver
[WARN (VDB-1002)] mem_core_top_1.sv(64): net config_addr[31] does not have a driver
[WARN (VDB-1002)] mem_core_top_1.sv(65): net config_data[31] does not have a driver
[WARN (VDB-1002)] mem_core_top_1.sv(66): net config_read does not have a driver
[WARN (VDB-1002)] mem_core_top_1.sv(67): net config_write does not have a driver
[WARN (VDB-1002)] mem_core_top_1.sv(68): net config_en_sram[3] does not have a driver
[WARN (VDB-1013)] mem_core_top_1.sv(139): input port original_rsc_dat is not connected on this instance
[INFO] Beginning multiple driver analysis
[INFO] Finished multiple driver analysis
[INFO] Module Name mem_core_top
WARNING (WNL021): mem_core_top_1.sv(168): external reference "aqed.seq_pointer" remains unresolved and will be treated as a free net.
WARNING (WNL021): mem_core_top_1.sv(172): external reference "aqed.insert_cond" remains unresolved and will be treated as a free net.
WARNING (WNL021): mem_core_top_1.sv(176): external reference "aqed.delete_cond" remains unresolved and will be treated as a free net.
mem_core_top
[<embedded>] % clock clk
[<embedded>] % reset -expression reset
INFO (IPM031): Clearing proof results of all properties.
INFO (IRS006): Current reset condition is "reset".
[<embedded>] % set_engine_mode {Bm B}
[<embedded>] % prove -bg -property {<embedded>::mem_core_top.assert_qed_match}
INFO (IPF031): Settings used for this proof:
    time_limit                    = 86400s
    per_property_time_limit       = 1s * 10 ^ scan
    engine_mode                   = Bm B 
    proofgrid_per_engine_max_jobs = 1
    max engine jobs               = Bm B, total 2
    proofgrid_mode                = local
    proofgrid_restarts            = 10
background (thread 0)
INFO (IPF036): Starting proof on task: "<embedded>", 1 properties to prove with 0 already proven/unreachable
[<embedded>] % 
INFO (IRS029): Starting reset analysis: phase 1 of 4.
INFO (IRS030): Running reset analysis phase 2 of 4.
INFO (IRS031): Running reset analysis phase 3 of 4.
INFO (IRS020): Starting the reset analysis simulation with a limit of 100 iterations (phase 4 of 4).
INFO (IRS024): Reset iterations 0 to 4 analyzed.
INFO (IRS018): Reset analysis simulation executed for 3 iterations. Assigned values for 2766 of 19201 design flops, 0 of 0 design latches, 13 of 13 internal elements.
WARNING (WPF042): A single property remains, and one of the engines "Ht", "Hts", "B", or "Bm" is already running. Ignoring "B".
Using multistage preprocessing
Starting reduce
Finished reduce in 0.21s
Performing Proof Simplification...
0.0.Bm: clocks: 1, declared: 1, disabling: 0, posedge: 1, negedge: 0, noedge: 0, bothedge: 0
0.0.Bm: Proof Simplification Iteration 1	[0.00 s]
0.0.Bm: Proof Simplification Iteration 2	[0.04 s]
0.0.Bm: Proof Simplification Iteration 3	[0.08 s]
Proof Simplification completed in 0.22 s
About to start centralized ProofGrid in its own thread with a limit of 10000 pending notifications and a limit of 10 traces.
=============================== ProofGrid start ===============================
ProofGrid usable level: 1
ProofGrid is starting event handling
0.0.Bm: Proofgrid shell started at 6159@rsg20.stanford.edu(local) jg_5956_rsg20.stanford.edu_1
0.0.Bm: clocks: 1, declared: 1, disabling: 0, posedge: 1, negedge: 0, noedge: 0, bothedge: 0
0.0.Bm: Trace Attempt  1	[0.09 s]
0.0.Bm: Trace Attempt  2	[0.16 s]
0.0.Bm: Trace Attempt  3	[0.25 s]
0.0.Bm: Trace Attempt  4	[0.36 s]
0.0.Bm: Trace Attempt  5	[0.54 s]
Initiating shutdown of proof (@ 5.04 s)
0.0.Bm: Next scan (0) will use per property time limit: 1s * 10 ^ 0 = 1s
0.0.Bm: Trace Attempt 11	[2.71 s]
0.0.Bm: Interrupted. [5.14 s]
0.0.Bm: Exited with Success (@ 5.14 s)
ProofGrid usable level: 0
ProofGrid usable level: 0
All pending notifications were processed.
INFO (IPM007): "prove" command stopped.
[<embedded>] % prove -bg -all
INFO (IPF031): Settings used for this proof:
    time_limit                    = 86400s
    per_property_time_limit       = 1s * 10 ^ scan
    engine_mode                   = Bm B 
    proofgrid_per_engine_max_jobs = 1
    max engine jobs               = Bm B, total 2
    proofgrid_mode                = local
    proofgrid_restarts            = 10
INFO (IPF036): Starting proof on task: "<embedded>", 9 properties to prove with 0 already proven/unreachable
background (thread 1)
Using multistage preprocessing
Starting reduce
Finished reduce in 0.198s
Performing Proof Simplification...
1.0.Bm: clocks: 1, declared: 1, disabling: 0, posedge: 1, negedge: 0, noedge: 0, bothedge: 0
1.0.Bm: Proof Simplification Iteration 1	[0.00 s]
1.0.Bm: Proof Simplification Iteration 2	[0.04 s]
1.0.Bm: Proof Simplification Iteration 3	[0.07 s]
Proof Simplification completed in 0.21 s
About to start centralized ProofGrid in its own thread with a limit of 10000 pending notifications and a limit of 10 traces.
=============================== ProofGrid start ===============================
ProofGrid usable level: 9
ProofGrid is starting event handling
1.0.Bm: Proofgrid shell started at 6180@rsg20.stanford.edu(local) jg_5956_rsg20.stanford.edu_2
1.0.B: Proofgrid shell started at 6181@rsg20.stanford.edu(local) jg_5956_rsg20.stanford.edu_2
1.0.B: clocks: 1, declared: 1, disabling: 0, posedge: 1, negedge: 0, noedge: 0, bothedge: 0
1.0.Bm: clocks: 1, declared: 1, disabling: 0, posedge: 1, negedge: 0, noedge: 0, bothedge: 0
1.0.B: Next scan (0) will use per property time limit: 1s * 10 ^ 0 = 1s
1.0.B: Starting proof for property "mem_core_top.assert_response_bound"	[0.00 s].
1.0.B: Trace Attempt  1	[0.01 s]
1.0.B: A trace with 1 cycles was found. [0.01 s]
INFO (IPF055): 1.0.B: A counterexample (cex) with 1 cycles was found for the property "mem_core_top.assert_response_bound" in 0.15 s.
INFO (IPF047): 1.0.B: The cover property "mem_core_top.assert_response_bound:precondition1" was covered in 1 cycles in 0.15 s by the incidental trace "mem_core_top.assert_response_bound".
INFO (IPF047): 1.0.B: The cover property "mem_core_top.resource_constrain_1:precondition1" was covered in 1 cycles in 0.15 s by the incidental trace "mem_core_top.assert_response_bound".
INFO (IPF047): 1.0.B: The cover property "mem_core_top.resource_constrain_2:precondition1" was covered in 1 cycles in 0.15 s by the incidental trace "mem_core_top.assert_response_bound".
1.0.B: Stopped processing property "mem_core_top.assert_response_bound"	[0.16 s].
1.0.B: Starting proof for property "mem_core_top.assert_qed_match"	[0.00 s].
1.0.B: Trace Attempt  1	[0.06 s]
1.0.Bm: Trace Attempt  1	[0.15 s]
1.0.Bm: A trace with 1 cycles was found. [0.19 s]
INFO (IPF047): 1.0.Bm: The cover property "mem_core_top.cover_seq_10" was covered in 1 cycles in 0.07 s.
1.0.B: Trace Attempt  2	[0.14 s]
1.0.Bm: A trace with 1 cycles was found. [0.20 s]
INFO (IPF047): 1.0.Bm: The cover property "mem_core_top.cover_insert" was covered in 1 cycles in 0.12 s.
1.0.Bm: A trace with 1 cycles was found. [0.23 s]
INFO (IPF047): 1.0.Bm: The cover property "mem_core_top.cover_delete" was covered in 1 cycles in 0.16 s.
1.0.Bm: Trace Attempt  2	[0.32 s]
1.0.B: Trace Attempt  3	[0.27 s]
1.0.Bm: Trace Attempt  3	[0.50 s]
1.0.B: Trace Attempt  4	[0.44 s]
1.0.Bm: Trace Attempt  4	[0.69 s]
1.0.B: Trace Attempt  5	[0.72 s]
ProofGrid usable level: 2
1.0.Bm: Trace Attempt  5	[0.99 s]
1.0.Bm: A trace with 5 cycles was found. [1.14 s]
INFO (IPF047): 1.0.Bm: The cover property "mem_core_top.assert_qed_match:precondition1" was covered in 5 cycles in 1.04 s.
1.0.B: Trace Attempt  6	[0.97 s]
1.0.B: Per property time limit expired (1.00 s) [1.13 s]
1.0.B: Stopped processing property "mem_core_top.assert_qed_match"	[1.04 s].
1.0.B: Last scan. Per property time limit: 0s
1.0.B: Starting proof for property "mem_core_top.assert_qed_match"	[0.00 s].
1.0.B: Trace Attempt  1	[0.05 s]
1.0.B: Trace Attempt  2	[0.12 s]
1.0.B: Trace Attempt  3	[0.20 s]
1.0.B: Trace Attempt  4	[0.31 s]
1.0.B: Trace Attempt  5	[0.48 s]
ProofGrid usable level: 1
1.0.Bm: Trace Attempt 12	[5.82 s]
1.0.B: Trace Attempt 12	[5.45 s]
1.0.Bm: Trace Attempt 13	[12.66 s]
1.0.B: Trace Attempt 13	[11.57 s]
1.0.Bm: Trace Attempt 14	[27.78 s]
1.0.B: Trace Attempt 14	[29.25 s]
[<embedded>] % source jasper.tcl 
WARNING (WNL066): Ignoring entry "./doublebuffer_control_unq1.sv" in "-f" file as it is unsupported or contains errors.
WARNING (WNL066): Ignoring entry "
" in "-f" file as it is unsupported or contains errors.
WARNING (WNL066): Ignoring entry "
" in "-f" file as it is unsupported or contains errors.
WARNING (WNL066): Ignoring entry "
" in "-f" file as it is unsupported or contains errors.
WARNING (WNL066): Ignoring entry "
" in "-f" file as it is unsupported or contains errors.
WARNING (WNL066): Ignoring entry "
" in "-f" file as it is unsupported or contains errors.
WARNING (WNL066): Ignoring entry "
" in "-f" file as it is unsupported or contains errors.
WARNING (WNL066): Ignoring entry "
" in "-f" file as it is unsupported or contains errors.
WARNING (WNL066): Ignoring entry "
" in "-f" file as it is unsupported or contains errors.
WARNING (WNL066): Ignoring entry "
" in "-f" file as it is unsupported or contains errors.
WARNING (WNL066): Ignoring entry "
" in "-f" file as it is unsupported or contains errors.
ERROR (EPF033): This command is not allowed while a background proof is in progress.
    Use "prove -stop" to stop the current proof process or, if you have disabled parallel proof mode, re-enable it with "set_parallel_proof_mode on".

Initiating shutdown of proof (@ 46.98 s)
1.0.B: Stopped processing property "mem_core_top.assert_qed_match"	[45.86 s].
1.0.B: All properties either determined or skipped. [47.11 s]
1.0.B: Exited with Success (@ 47.12 s)
1.0.Bm: Next scan (0) will use per property time limit: 1s * 10 ^ 0 = 1s
1.0.Bm: Interrupted. [47.10 s]
1.0.Bm: Exited with Success (@ 47.13 s)
ProofGrid usable level: 0
ProofGrid usable level: 0
All pending notifications were processed.
INFO (IPM007): "prove" command stopped.

==============================================================
SUMMARY
==============================================================
	Properties Considered : 9
	      assertions      : 2
	       - proven       : 0 (0%)
	       - marked_proven: 0 (0%)
	       - cex          : 1 (50%)
	       - ar_cex       : 0 (0%)
	       - undetermined : 1 (50%)
	       - unprocessed  : 0 (0%)
	       - error        : 0 (0%)
	      covers          : 7
	       - unreachable  : 0 (0%)
	       - covered      : 7 (100%)
	       - ar_covered   : 0 (0%)
	       - undetermined : 0 (0%)
	       - unprocessed  : 0 (0%)
	       - error        : 0 (0%)
[<embedded>] % source jasper.tcl 
[-- (VERI-1482)] Analyzing Verilog file ./doublebuffer_control_unq1.sv
[WARN (VERI-1206)] ./doublebuffer_control_unq1.sv(535): overwriting previous definition of module doublebuffer_control_unq1
[INFO (VERI-2142)] ./doublebuffer_control_unq1.sv(535): previous definition of module doublebuffer_control_unq1 is here
[-- (VERI-1482)] Analyzing Verilog file ./fifo_control_unq1.sv
[WARN (VERI-1206)] ./fifo_control_unq1.sv(355): overwriting previous definition of module fifo_control_unq1
[INFO (VERI-2142)] ./fifo_control_unq1.sv(355): previous definition of module fifo_control_unq1 is here
[-- (VERI-1482)] Analyzing Verilog file ./linebuffer_control_unq1.sv
[WARN (VERI-1206)] ./linebuffer_control_unq1.sv(129): overwriting previous definition of module linebuffer_control_unq1
[INFO (VERI-2142)] ./linebuffer_control_unq1.sv(129): previous definition of module linebuffer_control_unq1 is here
[-- (VERI-1482)] Analyzing Verilog file ./memory_core.sv
[WARN (VERI-1206)] ./memory_core.sv(559): overwriting previous definition of module memory_core
[INFO (VERI-2142)] ./memory_core.sv(559): previous definition of module memory_core is here
[-- (VERI-1482)] Analyzing Verilog file ./mem_unq1.v
[WARN (VERI-1206)] ./mem_unq1.v(90): overwriting previous definition of module mem_unq1
[INFO (VERI-2142)] ./mem_unq1.v(90): previous definition of module mem_unq1 is here
[-- (VERI-1482)] Analyzing Verilog file ./sram_control_unq1.sv
[WARN (VERI-1206)] ./sram_control_unq1.sv(146): overwriting previous definition of module sram_control_unq1
[INFO (VERI-2142)] ./sram_control_unq1.sv(146): previous definition of module sram_control_unq1 is here
[-- (VERI-1482)] Analyzing Verilog file ./sram_stub_unq1.v
[WARN (VERI-1206)] ./sram_stub_unq1.v(102): overwriting previous definition of module sram_stub_unq1
[INFO (VERI-2142)] ./sram_stub_unq1.v(102): previous definition of module sram_stub_unq1 is here
[-- (VERI-1482)] Analyzing Verilog file ./aqed.v
[WARN (VERI-1206)] ./aqed.v(109): overwriting previous definition of module aqed
[INFO (VERI-2142)] ./aqed.v(109): previous definition of module aqed is here
[-- (VERI-1482)] Analyzing Verilog file ./mem_core_top_1.sv
[WARN (VERI-1206)] ./mem_core_top_1.sv(205): overwriting previous definition of module mem_core_top
[INFO (VERI-2142)] ./mem_core_top_1.sv(205): previous definition of module mem_core_top is here
[-- (VERI-1482)] Analyzing Verilog file ./concat_rtl.v
[WARN (VERI-1206)] ./concat_rtl.v(33): overwriting previous definition of module ccs_in_v1
[INFO (VERI-2142)] ./concat_rtl.v(33): previous definition of module ccs_in_v1 is here
[WARN (VERI-1206)] ./concat_rtl.v(66): overwriting previous definition of module ccs_out_v1
[INFO (VERI-2142)] ./concat_rtl.v(66): previous definition of module ccs_out_v1 is here
[WARN (VERI-1206)] ./concat_rtl.v(2948): overwriting previous definition of module aqed_top_core
[INFO (VERI-2142)] ./concat_rtl.v(2948): previous definition of module aqed_top_core is here
[WARN (VERI-1206)] ./concat_rtl.v(2999): overwriting previous definition of module aqed_top
[INFO (VERI-2142)] ./concat_rtl.v(2999): previous definition of module aqed_top is here
[-- (VERI-1482)] Analyzing Verilog file mem_core_top_1.sv
[INFO (VERI-2142)] ./mem_core_top_1.sv(205): previous definition of module mem_core_top is here
INFO (ISW003): Top module name is "mem_core_top".
WARNING (WNL044): Performing forced "elaborate -clear" due to conflicts related to external reference handling.
[WARN (VERI-1927)] ./mem_core_top_1.sv(139): port original_rsc_dat remains unconnected for this instance
[INFO (VERI-1018)] ./mem_core_top_1.sv(7): compiling module mem_core_top
[INFO (VERI-1018)] ./memory_core.sv(64): compiling module memory_core
[INFO (VERI-1018)] ./linebuffer_control_unq1.sv(55): compiling module linebuffer_control_unq1
[WARN (VERI-1209)] ./linebuffer_control_unq1.sv(89): expression size 32 truncated to fit in target size 1
[WARN (VERI-1209)] ./linebuffer_control_unq1.sv(122): expression size 32 truncated to fit in target size 16
[WARN (VERI-1330)] ./memory_core.sv(435): actual bit length 16 differs from formal bit length 13 for port depth
[INFO (VERI-1018)] ./fifo_control_unq1.sv(55): compiling module fifo_control_unq1
[WARN (VERI-1209)] ./fifo_control_unq1.sv(303): expression size 32 truncated to fit in target size 10
[WARN (VERI-1209)] ./fifo_control_unq1.sv(309): expression size 32 truncated to fit in target size 10
[WARN (VERI-1209)] ./fifo_control_unq1.sv(322): expression size 32 truncated to fit in target size 10
[WARN (VERI-1209)] ./fifo_control_unq1.sv(335): expression size 32 truncated to fit in target size 10
[WARN (VERI-1209)] ./fifo_control_unq1.sv(336): expression size 32 truncated to fit in target size 10
[WARN (VERI-1330)] ./memory_core.sv(460): actual bit length 16 differs from formal bit length 13 for port depth
[INFO (VERI-1018)] ./sram_control_unq1.sv(56): compiling module sram_control_unq1
[INFO (VERI-1018)] ./doublebuffer_control_unq1.sv(58): compiling module doublebuffer_control_unq1
[WARN (VERI-1209)] ./doublebuffer_control_unq1.sv(173): expression size 32 truncated to fit in target size 1
[WARN (VERI-1167)] ./doublebuffer_control_unq1.sv(179): if-condition does not match any sensitivity list edge
[WARN (VERI-1221)] ./doublebuffer_control_unq1.sv(183): data_out should be on the sensitivity list
[WARN (VERI-1466)] ./doublebuffer_control_unq1.sv(183): assignment under multiple single edges is not supported for synthesis
[WARN (VERI-1209)] ./doublebuffer_control_unq1.sv(201): expression size 32 truncated to fit in target size 16
[WARN (VERI-1209)] ./doublebuffer_control_unq1.sv(299): expression size 16 truncated to fit in target size 9
[WARN (VERI-1209)] ./doublebuffer_control_unq1.sv(300): expression size 16 truncated to fit in target size 9
[WARN (VERI-1209)] ./doublebuffer_control_unq1.sv(309): expression size 32 truncated to fit in target size 16
[WARN (VERI-1209)] ./doublebuffer_control_unq1.sv(342): expression size 32 truncated to fit in target size 1
[WARN (VERI-1209)] ./doublebuffer_control_unq1.sv(464): expression size 32 truncated to fit in target size 16
[INFO (VERI-1018)] ./mem_unq1.v(56): compiling module mem_unq1
[INFO (VERI-1018)] ./sram_stub_unq1.v(54): compiling module sram_stub_unq1
[INFO (VERI-1018)] ./concat_rtl.v(2955): compiling module aqed_top
[INFO (VERI-1018)] ./concat_rtl.v(87): compiling module aqed_top_core
[INFO (VERI-1018)] ./concat_rtl.v(21): compiling module ccs_in_v1:(rscid=32'sb01,width=32'sb010000)
[INFO (VERI-1018)] ./concat_rtl.v(21): compiling module ccs_in_v1:(rscid=32'sb010,width=32'sb01)
[INFO (VERI-1018)] ./concat_rtl.v(21): compiling module ccs_in_v1:(rscid=32'sb011,width=32'sb01)
[INFO (VERI-1018)] ./concat_rtl.v(21): compiling module ccs_in_v1:(rscid=32'sb0100,width=32'sb01)
[INFO (VERI-1018)] ./concat_rtl.v(21): compiling module ccs_in_v1:(rscid=32'sb0101,width=32'sb010000)
[INFO (VERI-1018)] ./concat_rtl.v(21): compiling module ccs_in_v1:(rscid=32'sb0110,width=32'sb01)
[INFO (VERI-1018)] ./concat_rtl.v(21): compiling module ccs_in_v1:(rscid=32'sb0111,width=32'sb01)
[INFO (VERI-1018)] ./concat_rtl.v(54): compiling module ccs_out_v1:(rscid=32'sb01000,width=32'sb010000)
[INFO (VERI-1018)] ./concat_rtl.v(54): compiling module ccs_out_v1:(rscid=32'sb01001,width=32'sb01)
[INFO (VERI-1018)] ./concat_rtl.v(54): compiling module ccs_out_v1:(rscid=32'sb01010,width=32'sb01)
[INFO (VERI-1018)] ./concat_rtl.v(54): compiling module ccs_out_v1:(rscid=32'sb01011,width=32'sb01)
[INFO (VERI-1018)] ./concat_rtl.v(54): compiling module ccs_out_v1:(rscid=32'sb01100,width=32'sb01)
[INFO (VERI-1018)] ./concat_rtl.v(54): compiling module ccs_out_v1:(rscid=32'sb01101,width=32'sb01)
[WARN (VERI-9028)] ./mem_core_top_1.sv(139): missing/open ports on instance aqed of module aqed_top
[WARN (VERI-1209)] ./mem_core_top_1.sv(149): expression size 32 truncated to fit in target size 17
[WARN (VERI-1209)] ./mem_core_top_1.sv(150): expression size 32 truncated to fit in target size 17
[INFO (VERI-8000)] ./mem_core_top_1.sv(168): Creating net aqed.seq_pointer
[INFO (VERI-8000)] ./mem_core_top_1.sv(172): Creating net aqed.insert_cond
[INFO (VERI-8000)] ./mem_core_top_1.sv(176): Creating net aqed.delete_cond
[WARN (VERI-1209)] ./mem_core_top_1.sv(191): expression size 32 truncated to fit in target size 16
[WARN (VERI-1209)] ./mem_core_top_1.sv(193): expression size 32 truncated to fit in target size 16
[WARN (VDB-1002)] ./mem_core_top_1.sv(10): net stencil_width[15] does not have a driver
[WARN (VDB-1002)] ./mem_core_top_1.sv(11): net arbitrary_addr does not have a driver
[WARN (VDB-1002)] ./mem_core_top_1.sv(12): net starting_addr[15] does not have a driver
[WARN (VDB-1002)] ./mem_core_top_1.sv(13): net iter_cnt[31] does not have a driver
[WARN (VDB-1002)] ./mem_core_top_1.sv(15): net rate_matched does not have a driver
[WARN (VDB-1002)] ./mem_core_top_1.sv(16): net stride_0[15] does not have a driver
[WARN (VDB-1002)] ./mem_core_top_1.sv(17): net stride_1[15] does not have a driver
[WARN (VDB-1002)] ./mem_core_top_1.sv(18): net stride_2[15] does not have a driver
[WARN (VDB-1002)] ./mem_core_top_1.sv(19): net stride_3[15] does not have a driver
[WARN (VDB-1002)] ./mem_core_top_1.sv(20): net stride_4[15] does not have a driver
[WARN (VDB-1002)] ./mem_core_top_1.sv(21): net stride_5[15] does not have a driver
[WARN (VDB-1002)] ./mem_core_top_1.sv(22): net range_0[31] does not have a driver
[WARN (VDB-1002)] ./mem_core_top_1.sv(23): net range_1[31] does not have a driver
[WARN (VDB-1002)] ./mem_core_top_1.sv(24): net range_2[31] does not have a driver
[WARN (VDB-1002)] ./mem_core_top_1.sv(25): net range_3[31] does not have a driver
[WARN (VDB-1002)] ./mem_core_top_1.sv(26): net range_4[31] does not have a driver
[WARN (VDB-1002)] ./mem_core_top_1.sv(27): net range_5[31] does not have a driver
[WARN (VDB-1002)] ./mem_core_top_1.sv(28): net circular_en does not have a driver
[WARN (VDB-1002)] ./mem_core_top_1.sv(29): net almost_count[3] does not have a driver
[WARN (VDB-1002)] ./mem_core_top_1.sv(30): net enable_chain does not have a driver
[WARN (VDB-1002)] ./mem_core_top_1.sv(31): net mode[1] does not have a driver
[WARN (VDB-1002)] ./mem_core_top_1.sv(32): net tile_en does not have a driver
[WARN (VDB-1002)] ./mem_core_top_1.sv(33): net chain_idx[3] does not have a driver
[WARN (VDB-1002)] ./mem_core_top_1.sv(34): net depth[15] does not have a driver
[WARN (VDB-1002)] ./mem_core_top_1.sv(43): net clk_en does not have a driver
[WARN (VDB-1002)] ./mem_core_top_1.sv(44): net flush does not have a driver
[WARN (VDB-1002)] ./mem_core_top_1.sv(46): net addr_in[15] does not have a driver
[WARN (VDB-1002)] ./mem_core_top_1.sv(47): net ren_in does not have a driver
[WARN (VDB-1002)] ./mem_core_top_1.sv(52): net chain_in[15] does not have a driver
[WARN (VDB-1002)] ./mem_core_top_1.sv(55): net chain_wen_in does not have a driver
[WARN (VDB-1002)] ./mem_core_top_1.sv(57): net switch_db does not have a driver
[WARN (VDB-1002)] ./mem_core_top_1.sv(64): net config_addr[31] does not have a driver
[WARN (VDB-1002)] ./mem_core_top_1.sv(65): net config_data[31] does not have a driver
[WARN (VDB-1002)] ./mem_core_top_1.sv(66): net config_read does not have a driver
[WARN (VDB-1002)] ./mem_core_top_1.sv(67): net config_write does not have a driver
[WARN (VDB-1002)] ./mem_core_top_1.sv(68): net config_en_sram[3] does not have a driver
[WARN (VDB-1013)] ./mem_core_top_1.sv(139): input port original_rsc_dat is not connected on this instance
[INFO] Beginning multiple driver analysis
[INFO] Finished multiple driver analysis
[INFO] Module Name mem_core_top
WARNING (WNL021): ./mem_core_top_1.sv(168): external reference "aqed.seq_pointer" remains unresolved and will be treated as a free net.
WARNING (WNL021): ./mem_core_top_1.sv(172): external reference "aqed.insert_cond" remains unresolved and will be treated as a free net.
WARNING (WNL021): ./mem_core_top_1.sv(176): external reference "aqed.delete_cond" remains unresolved and will be treated as a free net.
INFO (INL003): Clearing all state information (assumes, stopats, etc.).
INFO (IPM031): Clearing proof results of all properties.
INFO (IRS006): Current reset condition is "reset".
INFO (IPF031): Settings used for this proof:
    time_limit                    = 86400s
    per_property_time_limit       = 1s * 10 ^ scan
    engine_mode                   = Bm B 
    proofgrid_per_engine_max_jobs = 1
    max engine jobs               = Bm B, total 2
    proofgrid_mode                = local
    proofgrid_restarts            = 10
INFO (IPF036): Starting proof on task: "<embedded>", 1 properties to prove with 0 already proven/unreachable
background (thread 2)
INFO (IRS029): Starting reset analysis: phase 1 of 4.
INFO (IRS030): Running reset analysis phase 2 of 4.
INFO (IRS031): Running reset analysis phase 3 of 4.
INFO (IRS020): Starting the reset analysis simulation with a limit of 100 iterations (phase 4 of 4).
INFO (IRS024): Reset iterations 0 to 4 analyzed.
INFO (IRS018): Reset analysis simulation executed for 3 iterations. Assigned values for 2766 of 19201 design flops, 0 of 0 design latches, 13 of 13 internal elements.
WARNING (WPF042): A single property remains, and one of the engines "Ht", "Hts", "B", or "Bm" is already running. Ignoring "B".
Using multistage preprocessing
Starting reduce
Finished reduce in 0.206s
Performing Proof Simplification...
2.0.Bm: clocks: 1, declared: 1, disabling: 0, posedge: 1, negedge: 0, noedge: 0, bothedge: 0
2.0.Bm: Proof Simplification Iteration 1	[0.00 s]
2.0.Bm: Proof Simplification Iteration 2	[0.04 s]
2.0.Bm: Proof Simplification Iteration 3	[0.07 s]
Proof Simplification completed in 0.21 s
About to start centralized ProofGrid in its own thread with a limit of 10000 pending notifications and a limit of 10 traces.
=============================== ProofGrid start ===============================
ProofGrid usable level: 1
ProofGrid is starting event handling
2.0.Bm: Proofgrid shell started at 6273@rsg20.stanford.edu(local) jg_5956_rsg20.stanford.edu_3
2.0.Bm: clocks: 1, declared: 1, disabling: 0, posedge: 1, negedge: 0, noedge: 0, bothedge: 0
2.0.Bm: Trace Attempt  1	[0.11 s]
2.0.Bm: Trace Attempt  2	[0.19 s]
2.0.Bm: Trace Attempt  3	[0.30 s]
2.0.Bm: Trace Attempt  4	[0.43 s]
2.0.Bm: Trace Attempt  5	[0.66 s]
Initiating shutdown of proof (@ 3.01 s)
2.0.Bm: Next scan (0) will use per property time limit: 1s * 10 ^ 0 = 1s
2.0.Bm: Trace Attempt 10	[1.96 s]
2.0.Bm: Interrupted. [3.14 s]
2.0.Bm: Exited with Success (@ 3.15 s)
ProofGrid usable level: 0
ProofGrid usable level: 0
All pending notifications were processed.
INFO (IPM007): "prove" command stopped.
[<embedded>] % prove -bg -all
INFO (IPF031): Settings used for this proof:
    time_limit                    = 86400s
    per_property_time_limit       = 1s * 10 ^ scan
    engine_mode                   = Bm B 
    proofgrid_per_engine_max_jobs = 1
    max engine jobs               = Bm B, total 2
    proofgrid_mode                = local
    proofgrid_restarts            = 10
background (thread 3)
INFO (IPF036): Starting proof on task: "<embedded>", 9 properties to prove with 0 already proven/unreachable
Using multistage preprocessing
Starting reduce
Finished reduce in 0.198s
Performing Proof Simplification...
3.0.Bm: clocks: 1, declared: 1, disabling: 0, posedge: 1, negedge: 0, noedge: 0, bothedge: 0
3.0.Bm: Proof Simplification Iteration 1	[0.00 s]
3.0.Bm: Proof Simplification Iteration 2	[0.04 s]
3.0.Bm: Proof Simplification Iteration 3	[0.07 s]
Proof Simplification completed in 0.21 s
About to start centralized ProofGrid in its own thread with a limit of 10000 pending notifications and a limit of 10 traces.
=============================== ProofGrid start ===============================
ProofGrid usable level: 9
ProofGrid is starting event handling
3.0.Bm: Proofgrid shell started at 6294@rsg20.stanford.edu(local) jg_5956_rsg20.stanford.edu_4
3.0.Bm: clocks: 1, declared: 1, disabling: 0, posedge: 1, negedge: 0, noedge: 0, bothedge: 0
3.0.B: Proofgrid shell started at 6295@rsg20.stanford.edu(local) jg_5956_rsg20.stanford.edu_4
3.0.B: clocks: 1, declared: 1, disabling: 0, posedge: 1, negedge: 0, noedge: 0, bothedge: 0
3.0.B: Next scan (0) will use per property time limit: 1s * 10 ^ 0 = 1s
3.0.B: Starting proof for property "mem_core_top.assert_response_bound"	[0.00 s].
3.0.B: Trace Attempt  1	[0.01 s]
3.0.B: Trace Attempt  2	[0.01 s]
3.0.B: Trace Attempt  3	[0.02 s]
3.0.B: Trace Attempt  4	[0.02 s]
3.0.B: Trace Attempt  5	[0.02 s]
3.0.B: Trace Attempt  6	[0.03 s]
3.0.B: A trace with 6 cycles was found. [0.04 s]
INFO (IPF055): 3.0.B: A counterexample (cex) with 6 cycles was found for the property "mem_core_top.assert_response_bound" in 0.18 s.
INFO (IPF047): 3.0.B: The cover property "mem_core_top.assert_response_bound:precondition1" was covered in 6 cycles in 0.18 s by the incidental trace "mem_core_top.assert_response_bound".
3.0.Bm: Trace Attempt  1	[0.13 s]
3.0.B: Stopped processing property "mem_core_top.assert_response_bound"	[0.22 s].
3.0.B: Starting proof for property "mem_core_top.assert_qed_match"	[0.00 s].
3.0.Bm: A trace with 1 cycles was found. [0.17 s]
INFO (IPF047): 3.0.Bm: The cover property "mem_core_top.cover_seq_10" was covered in 1 cycles in 0.28 s.
3.0.B: Trace Attempt  1	[0.07 s]
3.0.Bm: A trace with 1 cycles was found. [0.18 s]
INFO (IPF047): 3.0.Bm: The cover property "mem_core_top.cover_insert" was covered in 1 cycles in 0.33 s.
3.0.Bm: A trace with 1 cycles was found. [0.21 s]
INFO (IPF047): 3.0.Bm: The cover property "mem_core_top.cover_delete" was covered in 1 cycles in 0.37 s.
3.0.B: Trace Attempt  2	[0.17 s]
3.0.Bm: Trace Attempt  2	[0.31 s]
3.0.Bm: A trace with 2 cycles was found. [0.36 s]
INFO (IPF047): 3.0.Bm: The cover property "mem_core_top.resource_constrain_2:precondition1" was covered in 2 cycles in 0.42 s.
3.0.B: Trace Attempt  3	[0.30 s]
3.0.Bm: Trace Attempt  3	[0.46 s]
3.0.Bm: A trace with 3 cycles was found. [0.51 s]
INFO (IPF047): 3.0.Bm: The cover property "mem_core_top.resource_constrain_1:precondition1" was covered in 3 cycles in 0.57 s.
3.0.B: Trace Attempt  4	[0.45 s]
3.0.Bm: Trace Attempt  4	[0.63 s]
3.0.B: Trace Attempt  5	[0.69 s]
3.0.Bm: Trace Attempt  5	[0.87 s]
ProofGrid usable level: 2
3.0.Bm: A trace with 5 cycles was found. [0.99 s]
INFO (IPF047): 3.0.Bm: The cover property "mem_core_top.assert_qed_match:precondition1" was covered in 5 cycles in 1.05 s.
3.0.B: Trace Attempt  6	[0.89 s]
3.0.B: Per property time limit expired (1.00 s) [1.07 s]
3.0.B: Stopped processing property "mem_core_top.assert_qed_match"	[0.94 s].
3.0.B: Last scan. Per property time limit: 0s
3.0.B: Starting proof for property "mem_core_top.assert_qed_match"	[0.00 s].
3.0.B: Trace Attempt  1	[0.06 s]
3.0.B: Trace Attempt  2	[0.14 s]
3.0.B: Trace Attempt  3	[0.26 s]
3.0.B: Trace Attempt  4	[0.43 s]
3.0.B: Trace Attempt  5	[0.67 s]
ProofGrid usable level: 1
3.0.Bm: Trace Attempt 12	[6.03 s]
3.0.B: Trace Attempt 12	[5.07 s]
3.0.B: Trace Attempt 13	[11.20 s]
3.0.Bm: Trace Attempt 13	[12.61 s]
3.0.B: Trace Attempt 14	[26.35 s]
3.0.Bm: Trace Attempt 14	[28.66 s]
3.0.B: Trace Attempt 15	[63.62 s]
3.0.Bm: Trace Attempt 15	[72.83 s]
[<embedded>] % visualize -violation -property <embedded>::mem_core_top.assert_response_bound -new_window
INFO (IVS015): Setting Visualize task to "<embedded>".
INFO (IVS008): Expanding analysis region to enable visualization of "<embedded>::mem_core_top.assert_response_bound".
cex
3.0.B: Trace Attempt 16	[154.08 s]
3.0.Bm: Trace Attempt 16	[185.24 s]
3.0.B: Trace Attempt 17	[385.07 s]
3.0.Bm: Trace Attempt 17	[430.70 s]
[<embedded>] % visualize -violation -property <embedded>::mem_core_top.assert_response_bound -new_window
INFO (IVS015): Setting Visualize task to "<embedded>".
INFO (IVS008): Expanding analysis region to enable visualization of "<embedded>::mem_core_top.assert_response_bound".
cex
3.0.B: Trace Attempt 18	[914.84 s]
[<embedded>] % visualize -check_props -update_gui -window {visualize:0}
WARNING (WVS025): The trace does not contain enough information to check property "<embedded>::mem_core_top.assert_qed_match".
Property: <embedded>::mem_core_top.assert_response_bound
    Type: assert
Range(s): 6:6

Property: <embedded>::mem_core_top.assert_response_bound:precondition1
    Type: cover
Range(s): 6:6
{<embedded>::mem_core_top.assert_response_bound assert 6:6} {<embedded>::mem_core_top.assert_response_bound:precondition1 cover 6:6}
[<embedded>] % visualize -violation -property <embedded>::mem_core_top.assert_response_bound -new_window
INFO (IVS015): Setting Visualize task to "<embedded>".
INFO (IVS008): Expanding analysis region to enable visualization of "<embedded>::mem_core_top.assert_response_bound".
cex
[<embedded>] % visualize -violation -property <embedded>::mem_core_top.assert_response_bound -new_window
INFO (IVS015): Setting Visualize task to "<embedded>".
INFO (IVS008): Expanding analysis region to enable visualization of "<embedded>::mem_core_top.assert_response_bound".
cex
3.0.Bm: Trace Attempt 18	[1014.83 s]
INFO: Waiting for proof threads to stop...
Initiating shutdown of proof (@ 1369.35 s)
3.0.B: Stopped processing property "mem_core_top.assert_qed_match"	[1368.39 s].
3.0.B: All properties either determined or skipped. [1369.57 s]
3.0.B: Exited with Success (@ 1369.60 s)
3.0.Bm: Next scan (0) will use per property time limit: 1s * 10 ^ 0 = 1s
3.0.Bm: Interrupted. [1369.40 s]
3.0.Bm: Exited with Success (@ 1369.65 s)
ProofGrid usable level: 0
ProofGrid usable level: 0
All pending notifications were processed.
INFO (IPM007): "prove" command stopped.

==============================================================
SUMMARY
==============================================================
	Properties Considered : 9
	      assertions      : 2
	       - proven       : 0 (0%)
	       - marked_proven: 0 (0%)
	       - cex          : 1 (50%)
	       - ar_cex       : 0 (0%)
	       - undetermined : 1 (50%)
	       - unprocessed  : 0 (0%)
	       - error        : 0 (0%)
	      covers          : 7
	       - unreachable  : 0 (0%)
	       - covered      : 7 (100%)
	       - ar_covered   : 0 (0%)
	       - undetermined : 0 (0%)
	       - unprocessed  : 0 (0%)
	       - error        : 0 (0%)
INFO: Proof threads stopped.
