2020-04-08 16:42:55.166384 (2840) main____ INFO    ----------------------------------------
2020-04-08 16:42:55.166551 (2840) main____ INFO    JasperGold version info
2020-04-08 16:42:55.166575 (2840) main____ INFO      tool      : JasperGold 2016.09
2020-04-08 16:42:55.166593 (2840) main____ INFO      version   : 2016.09p002 64 bits
2020-04-08 16:42:55.166604 (2840) main____ INFO      build date: 2016.11.28 18:08:37 PST
2020-04-08 16:42:55.166612 (2840) main____ INFO    ----------------------------------------
2020-04-08 16:42:55.166619 (2840) main____ INFO    Runtime info:
2020-04-08 16:42:55.166629 (2840) main____ INFO      platform  : Linux 3.10.0-957.21.3.el7.x86_64 x86_64
2020-04-08 16:42:55.166643 (2840) main____ INFO      hostname  : rsg20.stanford.edu
2020-04-08 16:42:55.166652 (2840) main____ INFO      pid       : 2840
2020-04-08 16:42:55.166661 (2840) main____ INFO      arguments : '-style' 'windows' '-tcl' 'jasper.tcl'
2020-04-08 16:42:55.166668 (2840) main____ INFO    ----------------------------------------
2020-04-08 16:42:55.168728 (2840) lic__man INFO    Claim 'main' for <ui>.
2020-04-08 16:42:55.174938 (2840) lic_core INFO    (1) checking out 'jasper_interactive' ...
2020-04-08 16:42:55.198300 (2840) lic_core INFO    ... (1) checkout succeeded
2020-04-08 16:42:55.198417 (2840) lic__man INFO    Claim 'fpv' for <ui>.
2020-04-08 16:42:55.198489 (2840) lic_core INFO    (2) checking out 'jasper_fpv' ...
2020-04-08 16:42:55.216352 (2840) lic_core INFO    ... (2) checkout succeeded
2020-04-08 16:42:56.062823 (2840) lic__man INFO    Claim 'fpv' for <ui>.
2020-04-08 16:42:56.113731 (2840) lic__man INFO    Unclaim 'fpv' for <ui>.
2020-04-08 16:42:56.113765 (2840) lic__man INFO    Claim 'fpv' for <ui>.
2020-04-08 16:42:56.131205 (2840) session_ INFO    Starting analysis session with session id 'session_0' ...
2020-04-08 16:42:56.134030 (2840) session_ INFO    Analysis session with session id 'session_0' started (pid: 2855)
2020-04-08 16:43:00.629815 (2840) session_ INFO    Analysis session 'session_0' connected to the console (host: 172.24.74.47:45648)
2020-04-08 16:43:02.608796 (2840) lic__man INFO    Unclaim everything for 'session_0*'.
2020-04-08 16:43:02.815273 (2840) lic__man INFO    Claim 'fpv' for 'session_0'.
2020-04-08 16:43:16.818583 (2840) lic__man INFO    Unclaim everything for 'session_0/prove-0'.
2020-04-08 16:43:18.372932 (2840) main____ INFO    About to exit: requested from GUI
2020-04-08 16:43:18.522726 (2840) main____ INFO    Exiting.
