sat
b0
#0
0 0 $auto$clk2fflogic.cc:246:execute$4111@0
1 0 $auto$clk2fflogic.cc:245:execute$4110@0
2 1 $auto$clk2fflogic.cc:222:execute$4106@0
3 0 $auto$clk2fflogic.cc:246:execute$4147@0
4 0 $auto$clk2fflogic.cc:245:execute$4146@0
5 1 $auto$clk2fflogic.cc:222:execute$4142@0
6 0 $auto$clk2fflogic.cc:246:execute$4120@0
7 0 $auto$clk2fflogic.cc:245:execute$4119@0
8 1 $auto$clk2fflogic.cc:222:execute$4115@0
9 0 $auto$clk2fflogic.cc:246:execute$4129@0
10 0 $auto$clk2fflogic.cc:245:execute$4128@0
11 1 $auto$clk2fflogic.cc:222:execute$4124@0
12 0 $auto$clk2fflogic.cc:246:execute$4102@0
13 0 $auto$clk2fflogic.cc:245:execute$4101@0
14 1 $auto$clk2fflogic.cc:222:execute$4097@0
15 0 $auto$clk2fflogic.cc:246:execute$4138@0
16 0 $auto$clk2fflogic.cc:245:execute$4137@0
17 1 $auto$clk2fflogic.cc:222:execute$4133@0
18 0000000000000000 $auto$clk2fflogic.cc:246:execute$4495@0
19 0000000000000000 $auto$clk2fflogic.cc:245:execute$4494@0
20 1 $auto$clk2fflogic.cc:222:execute$4490@0
21 0 $auto$clk2fflogic.cc:256:execute$4500@0
22 0000000000000 $auto$clk2fflogic.cc:246:execute$4450@0
23 0000000000000 $auto$clk2fflogic.cc:245:execute$4449@0
24 1 $auto$clk2fflogic.cc:222:execute$4445@0
25 0 $auto$clk2fflogic.cc:256:execute$4455@0
26 0 $auto$clk2fflogic.cc:246:execute$4510@0
27 0 $auto$clk2fflogic.cc:245:execute$4509@0
28 1 $auto$clk2fflogic.cc:222:execute$4505@0
29 0 $auto$clk2fflogic.cc:256:execute$4515@0
30 0000000000000000 $auto$clk2fflogic.cc:246:execute$4180@0
31 0000000000000000 $auto$clk2fflogic.cc:245:execute$4179@0
32 1 $auto$clk2fflogic.cc:222:execute$4175@0
33 0 $auto$clk2fflogic.cc:256:execute$4185@0
34 0 $auto$clk2fflogic.cc:246:execute$4300@0
35 0 $auto$clk2fflogic.cc:245:execute$4299@0
36 1 $auto$clk2fflogic.cc:222:execute$4295@0
37 0 $auto$clk2fflogic.cc:256:execute$4305@0
38 0 $auto$clk2fflogic.cc:246:execute$4285@0
39 0 $auto$clk2fflogic.cc:245:execute$4284@0
40 1 $auto$clk2fflogic.cc:222:execute$4280@0
41 0 $auto$clk2fflogic.cc:256:execute$4290@0
42 0000000000000000 $auto$clk2fflogic.cc:246:execute$4573@0
43 0000000000000000 $auto$clk2fflogic.cc:245:execute$4572@0
44 1 $auto$clk2fflogic.cc:222:execute$4568@0
45 0 $auto$clk2fflogic.cc:246:execute$4636@0
46 0 $auto$clk2fflogic.cc:245:execute$4635@0
47 1 $auto$clk2fflogic.cc:222:execute$4631@0
48 0 $auto$clk2fflogic.cc:246:execute$4645@0
49 0 $auto$clk2fflogic.cc:245:execute$4644@0
50 1 $auto$clk2fflogic.cc:222:execute$4640@0
51 0000000000000000 $auto$clk2fflogic.cc:246:execute$4360@0
52 0000000000000000 $auto$clk2fflogic.cc:245:execute$4359@0
53 1 $auto$clk2fflogic.cc:222:execute$4355@0
54 0 $auto$clk2fflogic.cc:256:execute$4365@0
55 0000000000000000 $auto$clk2fflogic.cc:246:execute$4534@0
56 0000000000000000 $auto$clk2fflogic.cc:245:execute$4533@0
57 1 $auto$clk2fflogic.cc:222:execute$4529@0
58 0000000000000000 $auto$clk2fflogic.cc:246:execute$4375@0
59 0000000000000000 $auto$clk2fflogic.cc:245:execute$4374@0
60 1 $auto$clk2fflogic.cc:222:execute$4370@0
61 0 $auto$clk2fflogic.cc:256:execute$4380@0
62 0 $auto$clk2fflogic.cc:246:execute$4480@0
63 0 $auto$clk2fflogic.cc:245:execute$4479@0
64 1 $auto$clk2fflogic.cc:222:execute$4475@0
65 0 $auto$clk2fflogic.cc:256:execute$4485@0
66 00 $auto$clk2fflogic.cc:246:execute$4435@0
67 00 $auto$clk2fflogic.cc:245:execute$4434@0
68 1 $auto$clk2fflogic.cc:222:execute$4430@0
69 0 $auto$clk2fflogic.cc:256:execute$4440@0
70 0000000000000000 $auto$clk2fflogic.cc:246:execute$4525@0
71 0000000000000000 $auto$clk2fflogic.cc:245:execute$4524@0
72 1 $auto$clk2fflogic.cc:222:execute$4520@0
73 0000000000000000 $auto$clk2fflogic.cc:246:execute$4558@0
74 0000000000000000 $auto$clk2fflogic.cc:245:execute$4557@0
75 1 $auto$clk2fflogic.cc:222:execute$4553@0
76 0 $auto$clk2fflogic.cc:256:execute$4563@0
77 00 $auto$clk2fflogic.cc:246:execute$4543@0
78 00 $auto$clk2fflogic.cc:245:execute$4542@0
79 1 $auto$clk2fflogic.cc:222:execute$4538@0
80 0 $auto$clk2fflogic.cc:256:execute$4548@0
81 0 $auto$clk2fflogic.cc:246:execute$4315@0
82 0 $auto$clk2fflogic.cc:245:execute$4314@0
83 1 $auto$clk2fflogic.cc:222:execute$4310@0
84 0 $auto$clk2fflogic.cc:256:execute$4320@0
85 00000000000000000000000000000000 $auto$clk2fflogic.cc:246:execute$4165@0
86 00000000000000000000000000000000 $auto$clk2fflogic.cc:245:execute$4164@0
87 1 $auto$clk2fflogic.cc:222:execute$4160@0
88 0 $auto$clk2fflogic.cc:256:execute$4170@0
89 0 $auto$clk2fflogic.cc:246:execute$4255@0
90 0 $auto$clk2fflogic.cc:245:execute$4254@0
91 1 $auto$clk2fflogic.cc:222:execute$4250@0
92 0 $auto$clk2fflogic.cc:256:execute$4260@0
93 0 $auto$clk2fflogic.cc:246:execute$4156@0
94 0 $auto$clk2fflogic.cc:245:execute$4155@0
95 1 $auto$clk2fflogic.cc:222:execute$4151@0
96 0000000000000000 $auto$clk2fflogic.cc:246:execute$4225@0
97 0000000000000000 $auto$clk2fflogic.cc:245:execute$4224@0
98 1 $auto$clk2fflogic.cc:222:execute$4220@0
99 0 $auto$clk2fflogic.cc:256:execute$4230@0
100 000000000000000000000000000000000000000000000000000000000000000000000000000000000000000000000000 $auto$clk2fflogic.cc:246:execute$4210@0
101 000000000000000000000000000000000000000000000000000000000000000000000000000000000000000000000000 $auto$clk2fflogic.cc:245:execute$4209@0
102 1 $auto$clk2fflogic.cc:222:execute$4205@0
103 0 $auto$clk2fflogic.cc:256:execute$4215@0
104 0 $auto$clk2fflogic.cc:246:execute$4270@0
105 0 $auto$clk2fflogic.cc:245:execute$4269@0
106 1 $auto$clk2fflogic.cc:222:execute$4265@0
107 0 $auto$clk2fflogic.cc:256:execute$4275@0
108 00000000000000000000000000000000 $auto$clk2fflogic.cc:246:execute$4240@0
109 00000000000000000000000000000000 $auto$clk2fflogic.cc:245:execute$4239@0
110 1 $auto$clk2fflogic.cc:222:execute$4235@0
111 0 $auto$clk2fflogic.cc:256:execute$4245@0
112 000000000000000000000000000000000000000000000000000000000000000000000000000000000000000000000000000000000000000000000000000000000000000000000000000000000000000000000000000000000000000000000000 $auto$clk2fflogic.cc:246:execute$4195@0
113 000000000000000000000000000000000000000000000000000000000000000000000000000000000000000000000000000000000000000000000000000000000000000000000000000000000000000000000000000000000000000000000000 $auto$clk2fflogic.cc:245:execute$4194@0
114 1 $auto$clk2fflogic.cc:222:execute$4190@0
115 0 $auto$clk2fflogic.cc:256:execute$4200@0
116 0000000000 $auto$clk2fflogic.cc:246:execute$4345@0
117 0000000000 $auto$clk2fflogic.cc:245:execute$4344@0
118 1 $auto$clk2fflogic.cc:222:execute$4340@0
119 0 $auto$clk2fflogic.cc:256:execute$4350@0
120 0000000000 $auto$clk2fflogic.cc:246:execute$4330@0
121 0000000000 $auto$clk2fflogic.cc:245:execute$4329@0
122 1 $auto$clk2fflogic.cc:222:execute$4325@0
123 0 $auto$clk2fflogic.cc:256:execute$4335@0
124 0 $auto$clk2fflogic.cc:246:execute$4465@0
125 0 $auto$clk2fflogic.cc:245:execute$4464@0
126 1 $auto$clk2fflogic.cc:222:execute$4460@0
127 0 $auto$clk2fflogic.cc:256:execute$4470@0
128 000000000000000000 $auto$clk2fflogic.cc:246:execute$4420@0
129 000000000000000000 $auto$clk2fflogic.cc:245:execute$4419@0
130 1 $auto$clk2fflogic.cc:222:execute$4415@0
131 0 $auto$clk2fflogic.cc:256:execute$4425@0
132 00 $auto$clk2fflogic.cc:246:execute$4390@0
133 00 $auto$clk2fflogic.cc:245:execute$4389@0
134 1 $auto$clk2fflogic.cc:222:execute$4385@0
135 0 $auto$clk2fflogic.cc:256:execute$4395@0
136 00000000000000000000000000000000 $auto$clk2fflogic.cc:246:execute$4405@0
137 00000000000000000000000000000000 $auto$clk2fflogic.cc:245:execute$4404@0
138 1 $auto$clk2fflogic.cc:222:execute$4400@0
139 0 $auto$clk2fflogic.cc:256:execute$4410@0
140 1 $auto$clk2fflogic.cc:246:execute$4654@0
141 0 $auto$clk2fflogic.cc:245:execute$4653@0
142 1 $auto$clk2fflogic.cc:222:execute$4649@0
143 1000000000000000 $auto$clk2fflogic.cc:246:execute$4627@0
144 0000000000000000 $auto$clk2fflogic.cc:245:execute$4626@0
145 1 $auto$clk2fflogic.cc:222:execute$4622@0
146 00000000000000000000000000000000 $auto$clk2fflogic.cc:246:execute$4600@0
147 00000000000000000000000000000000 $auto$clk2fflogic.cc:245:execute$4599@0
148 1 $auto$clk2fflogic.cc:222:execute$4595@0
149 00000000000000000000000000000000 $auto$clk2fflogic.cc:246:execute$4591@0
150 00000000000000000000000000000000 $auto$clk2fflogic.cc:245:execute$4590@0
151 1 $auto$clk2fflogic.cc:222:execute$4586@0
152 0000000000000000 $auto$clk2fflogic.cc:246:execute$4618@0
153 0000000000000000 $auto$clk2fflogic.cc:245:execute$4617@0
154 1 $auto$clk2fflogic.cc:222:execute$4613@0
155 00000000000000000000000000000000 $auto$clk2fflogic.cc:246:execute$4582@0
156 00000000000000000000000000000000 $auto$clk2fflogic.cc:245:execute$4581@0
157 1 $auto$clk2fflogic.cc:222:execute$4577@0
158 00000000000000000000000000000000 $auto$clk2fflogic.cc:246:execute$4609@0
159 00000000000000000000000000000000 $auto$clk2fflogic.cc:245:execute$4608@0
160 1 $auto$clk2fflogic.cc:222:execute$4604@0
161 0000000000000000 $auto$clk2fflogic.cc:246:execute$4681@0
162 0000000000000000 $auto$clk2fflogic.cc:245:execute$4680@0
163 1 $auto$clk2fflogic.cc:222:execute$4676@0
164 0 $auto$clk2fflogic.cc:246:execute$4690@0
165 0 $auto$clk2fflogic.cc:245:execute$4689@0
166 1 $auto$clk2fflogic.cc:222:execute$4685@0
167 1111111111111111 $auto$clk2fflogic.cc:246:execute$4663@0
168 0000000000000000 $auto$clk2fflogic.cc:245:execute$4662@0
169 1 $auto$clk2fflogic.cc:222:execute$4658@0
170 0000000000000001 $auto$clk2fflogic.cc:246:execute$4672@0
171 0000000000000000 $auto$clk2fflogic.cc:245:execute$4671@0
172 1 $auto$clk2fflogic.cc:222:execute$4667@0
173 [000000000] 0000000000000000 DUT.mem_inst1.sram_stub.data_array@0
174 000000000 $auto$clk2fflogic.cc:132:execute$4712@0
175 0000000000000000 $auto$clk2fflogic.cc:135:execute$4714@0
176 0000000000000000 $auto$clk2fflogic.cc:129:execute$4710@0
177 1 $auto$clk2fflogic.cc:113:execute$4706@0
178 [000000000] 0000000000000000 DUT.mem_inst0.sram_stub.data_array@0
179 000000000 $auto$clk2fflogic.cc:132:execute$4700@0
180 0000000000000000 $auto$clk2fflogic.cc:135:execute$4702@0
181 0000000000000000 $auto$clk2fflogic.cc:129:execute$4698@0
182 1 $auto$clk2fflogic.cc:113:execute$4694@0
@0
0 0000000 DUT.addr_in$[16:9]@0
1 0000000000000000 DUT.chain_in@0
2 0 DUT.chain_wen_in@0
3 0 DUT.clk_en@0
4 00000000 DUT.config_addr$[32:24]@0
5 0000000000000000 DUT.config_data$[16:0]@0
6 0000 DUT.config_en_sram@0
7 0 DUT.config_read@0
8 0 DUT.config_write@0
9 000000000 DUT.doublebuffer_control.addr_in$[9:0]@0
10 0 DUT.doublebuffer_control.arbitrary_addr@0
11 0000 DUT.doublebuffer_control.chain_idx@0
12 0000000000000000 DUT.doublebuffer_control.depth@0
13 0 DUT.doublebuffer_control.flush@0
14 00000000000000000000000000000000 DUT.doublebuffer_control.iter_cnt@0
15 000000000000000000000000000000010000000000000000000000000000000100000000000000000000000000000001000000000000000000000000000000110000000000000000000000000000001100000000000000000000000000000011 DUT.doublebuffer_control.range@0
16 0 DUT.doublebuffer_control.rate_matched@0
17 0 DUT.doublebuffer_control.ren@0
18 0000000000000000 DUT.doublebuffer_control.starting_addr@0
19 0000000000000000 DUT.doublebuffer_control.stencil_width@0
20 000000000000000000000000000000000000000000000000000000000000100100000000000000110000000000000001 DUT.doublebuffer_control.stride@0
21 0 DUT.doublebuffer_control.switch@0
22 0 DUT.enable_chain@0
23 0 DUT.fifo_control.circular_en@0
24 0 DUT.fifo_control.clk@0
25 11 DUT.mode@0
26 1 DUT.tile_en@0
27 0000 almost_count@0
28 0 clk@0
29 000000000000000000000000 config_addr$[24:0]@0
30 0000000000000000 config_data$[32:16]@0
31 0000000000000000 data_in@0
32 0 exec_dup@0
33 1 reset@0
34 0 wen_in@0
@1
0 0000000 DUT.addr_in$[16:9]@1
1 0000000000000000 DUT.chain_in@1
2 0 DUT.chain_wen_in@1
3 0 DUT.clk_en@1
4 00000000 DUT.config_addr$[32:24]@1
5 0000000000000000 DUT.config_data$[16:0]@1
6 0000 DUT.config_en_sram@1
7 0 DUT.config_read@1
8 0 DUT.config_write@1
9 000000000 DUT.doublebuffer_control.addr_in$[9:0]@1
10 0 DUT.doublebuffer_control.arbitrary_addr@1
11 0000 DUT.doublebuffer_control.chain_idx@1
12 0000000000000000 DUT.doublebuffer_control.depth@1
13 0 DUT.doublebuffer_control.flush@1
14 00000000000000000000000000000000 DUT.doublebuffer_control.iter_cnt@1
15 000000000000000000000000000000010000000000000000000000000000000100000000000000000000000000000001000000000000000000000000000000110000000000000000000000000000001100000000000000000000000000000011 DUT.doublebuffer_control.range@1
16 0 DUT.doublebuffer_control.rate_matched@1
17 0 DUT.doublebuffer_control.ren@1
18 0000000000000000 DUT.doublebuffer_control.starting_addr@1
19 0000000000000000 DUT.doublebuffer_control.stencil_width@1
20 000000000000000000000000000000000000000000000000000000000000100100000000000000110000000000000001 DUT.doublebuffer_control.stride@1
21 0 DUT.doublebuffer_control.switch@1
22 0 DUT.enable_chain@1
23 0 DUT.fifo_control.circular_en@1
24 0 DUT.fifo_control.clk@1
25 11 DUT.mode@1
26 1 DUT.tile_en@1
27 0000 almost_count@1
28 1 clk@1
29 000000000000000000000000 config_addr$[24:0]@1
30 0000000000000000 config_data$[32:16]@1
31 0000000000000000 data_in@1
32 0 exec_dup@1
33 1 reset@1
34 0 wen_in@1
@2
0 0000000 DUT.addr_in$[16:9]@2
1 0000000000000000 DUT.chain_in@2
2 0 DUT.chain_wen_in@2
3 0 DUT.clk_en@2
4 00000000 DUT.config_addr$[32:24]@2
5 0000000000000000 DUT.config_data$[16:0]@2
6 0000 DUT.config_en_sram@2
7 0 DUT.config_read@2
8 0 DUT.config_write@2
9 000000000 DUT.doublebuffer_control.addr_in$[9:0]@2
10 0 DUT.doublebuffer_control.arbitrary_addr@2
11 0000 DUT.doublebuffer_control.chain_idx@2
12 0000000000000000 DUT.doublebuffer_control.depth@2
13 0 DUT.doublebuffer_control.flush@2
14 00000000000000000000000000000000 DUT.doublebuffer_control.iter_cnt@2
15 000000000000000000000000000000010000000000000000000000000000000100000000000000000000000000000001000000000000000000000000000000110000000000000000000000000000001100000000000000000000000000000011 DUT.doublebuffer_control.range@2
16 0 DUT.doublebuffer_control.rate_matched@2
17 0 DUT.doublebuffer_control.ren@2
18 0000000000000000 DUT.doublebuffer_control.starting_addr@2
19 0000000000000000 DUT.doublebuffer_control.stencil_width@2
20 000000000000000000000000000000000000000000000000000000000000100100000000000000110000000000000001 DUT.doublebuffer_control.stride@2
21 0 DUT.doublebuffer_control.switch@2
22 0 DUT.enable_chain@2
23 0 DUT.fifo_control.circular_en@2
24 0 DUT.fifo_control.clk@2
25 11 DUT.mode@2
26 1 DUT.tile_en@2
27 0000 almost_count@2
28 1 clk@2
29 000000000000000000000000 config_addr$[24:0]@2
30 0000000000000000 config_data$[32:16]@2
31 0000000000000000 data_in@2
32 0 exec_dup@2
33 1 reset@2
34 0 wen_in@2
@3
0 0000000 DUT.addr_in$[16:9]@3
1 0000000000000000 DUT.chain_in@3
2 0 DUT.chain_wen_in@3
3 0 DUT.clk_en@3
4 00000000 DUT.config_addr$[32:24]@3
5 0000000000000000 DUT.config_data$[16:0]@3
6 0000 DUT.config_en_sram@3
7 0 DUT.config_read@3
8 0 DUT.config_write@3
9 000000000 DUT.doublebuffer_control.addr_in$[9:0]@3
10 0 DUT.doublebuffer_control.arbitrary_addr@3
11 0000 DUT.doublebuffer_control.chain_idx@3
12 0000000000000000 DUT.doublebuffer_control.depth@3
13 0 DUT.doublebuffer_control.flush@3
14 00000000000000000000000000000000 DUT.doublebuffer_control.iter_cnt@3
15 000000000000000000000000000000010000000000000000000000000000000100000000000000000000000000000001000000000000000000000000000000110000000000000000000000000000001100000000000000000000000000000011 DUT.doublebuffer_control.range@3
16 0 DUT.doublebuffer_control.rate_matched@3
17 0 DUT.doublebuffer_control.ren@3
18 0000000000000000 DUT.doublebuffer_control.starting_addr@3
19 0000000000000000 DUT.doublebuffer_control.stencil_width@3
20 000000000000000000000000000000000000000000000000000000000000100100000000000000110000000000000001 DUT.doublebuffer_control.stride@3
21 0 DUT.doublebuffer_control.switch@3
22 0 DUT.enable_chain@3
23 0 DUT.fifo_control.circular_en@3
24 0 DUT.fifo_control.clk@3
25 11 DUT.mode@3
26 1 DUT.tile_en@3
27 0000 almost_count@3
28 1 clk@3
29 000000000000000000000000 config_addr$[24:0]@3
30 0000000000000000 config_data$[32:16]@3
31 0000000000000000 data_in@3
32 0 exec_dup@3
33 1 reset@3
34 0 wen_in@3
@4
0 0000000 DUT.addr_in$[16:9]@4
1 0000000000000000 DUT.chain_in@4
2 0 DUT.chain_wen_in@4
3 0 DUT.clk_en@4
4 00000000 DUT.config_addr$[32:24]@4
5 0000000000000000 DUT.config_data$[16:0]@4
6 0000 DUT.config_en_sram@4
7 0 DUT.config_read@4
8 0 DUT.config_write@4
9 000000000 DUT.doublebuffer_control.addr_in$[9:0]@4
10 0 DUT.doublebuffer_control.arbitrary_addr@4
11 0000 DUT.doublebuffer_control.chain_idx@4
12 0000000000000000 DUT.doublebuffer_control.depth@4
13 0 DUT.doublebuffer_control.flush@4
14 00000000000000000000000000000000 DUT.doublebuffer_control.iter_cnt@4
15 000000000000000000000000000000010000000000000000000000000000000100000000000000000000000000000001000000000000000000000000000000110000000000000000000000000000001100000000000000000000000000000011 DUT.doublebuffer_control.range@4
16 0 DUT.doublebuffer_control.rate_matched@4
17 0 DUT.doublebuffer_control.ren@4
18 0000000000000000 DUT.doublebuffer_control.starting_addr@4
19 0000000000000000 DUT.doublebuffer_control.stencil_width@4
20 000000000000000000000000000000000000000000000000000000000000100100000000000000110000000000000001 DUT.doublebuffer_control.stride@4
21 0 DUT.doublebuffer_control.switch@4
22 0 DUT.enable_chain@4
23 0 DUT.fifo_control.circular_en@4
24 0 DUT.fifo_control.clk@4
25 11 DUT.mode@4
26 1 DUT.tile_en@4
27 0000 almost_count@4
28 1 clk@4
29 000000000000000000000000 config_addr$[24:0]@4
30 0000000000000000 config_data$[32:16]@4
31 0000000000000000 data_in@4
32 0 exec_dup@4
33 1 reset@4
34 0 wen_in@4
@5
0 0000000 DUT.addr_in$[16:9]@5
1 0000000000000000 DUT.chain_in@5
2 0 DUT.chain_wen_in@5
3 0 DUT.clk_en@5
4 00000000 DUT.config_addr$[32:24]@5
5 0000000000000000 DUT.config_data$[16:0]@5
6 0000 DUT.config_en_sram@5
7 0 DUT.config_read@5
8 0 DUT.config_write@5
9 000000000 DUT.doublebuffer_control.addr_in$[9:0]@5
10 0 DUT.doublebuffer_control.arbitrary_addr@5
11 0000 DUT.doublebuffer_control.chain_idx@5
12 0000000000000000 DUT.doublebuffer_control.depth@5
13 0 DUT.doublebuffer_control.flush@5
14 00000000000000000000000000000000 DUT.doublebuffer_control.iter_cnt@5
15 000000000000000000000000000000000000000000000000000000000000000000000000000000000000000000000000000000000000000000000000000000000000000000000000000000000000000000000000000000000000000000000000 DUT.doublebuffer_control.range@5
16 0 DUT.doublebuffer_control.rate_matched@5
17 0 DUT.doublebuffer_control.ren@5
18 0000000000000000 DUT.doublebuffer_control.starting_addr@5
19 0000000000000000 DUT.doublebuffer_control.stencil_width@5
20 000000000000000000000000000000000000000000000000000000000000000000000000000000000000000000000000 DUT.doublebuffer_control.stride@5
21 0 DUT.doublebuffer_control.switch@5
22 0 DUT.enable_chain@5
23 0 DUT.fifo_control.circular_en@5
24 0 DUT.fifo_control.clk@5
25 00 DUT.mode@5
26 0 DUT.tile_en@5
27 0000 almost_count@5
28 1 clk@5
29 000000000000000000000000 config_addr$[24:0]@5
30 0000000000000000 config_data$[32:16]@5
31 0000000000000000 data_in@5
32 0 exec_dup@5
33 0 reset@5
34 0 wen_in@5
.
